[0.116s] Invoking command in '/home/ubuntu/Desktop/cartographer_ws/build/lslidar_driver': CMAKE_PREFIX_PATH=/home/ubuntu/Desktop/cartographer_ws/install/lslidar_msgs:/home/ubuntu/Desktop/cartographer_ws/install/my_cartographer:/home/ubuntu/Desktop/cartographer_ws/install/lslidar_driver:/home/ubuntu/Desktop/cartographer_ws/install/cartographer_ros:/home/ubuntu/Desktop/cartographer_ws/install/cartographer_ros_msgs:/home/ubuntu/Desktop/cartographer_ws/install/cartographer:/opt/ros/foxy /usr/bin/cmake --build /home/ubuntu/Desktop/cartographer_ws/build/lslidar_driver -- -j2 -l2
[0.412s] [100%] Built target lslidar_driver_node
[0.452s] Invoked command in '/home/ubuntu/Desktop/cartographer_ws/build/lslidar_driver' returned '0': CMAKE_PREFIX_PATH=/home/ubuntu/Desktop/cartographer_ws/install/lslidar_msgs:/home/ubuntu/Desktop/cartographer_ws/install/my_cartographer:/home/ubuntu/Desktop/cartographer_ws/install/lslidar_driver:/home/ubuntu/Desktop/cartographer_ws/install/cartographer_ros:/home/ubuntu/Desktop/cartographer_ws/install/cartographer_ros_msgs:/home/ubuntu/Desktop/cartographer_ws/install/cartographer:/opt/ros/foxy /usr/bin/cmake --build /home/ubuntu/Desktop/cartographer_ws/build/lslidar_driver -- -j2 -l2
[0.594s] Invoking command in '/home/ubuntu/Desktop/cartographer_ws/build/lslidar_driver': CMAKE_PREFIX_PATH=/home/ubuntu/Desktop/cartographer_ws/install/lslidar_msgs:/home/ubuntu/Desktop/cartographer_ws/install/my_cartographer:/home/ubuntu/Desktop/cartographer_ws/install/lslidar_driver:/home/ubuntu/Desktop/cartographer_ws/install/cartographer_ros:/home/ubuntu/Desktop/cartographer_ws/install/cartographer_ros_msgs:/home/ubuntu/Desktop/cartographer_ws/install/cartographer:/opt/ros/foxy /usr/bin/cmake --install /home/ubuntu/Desktop/cartographer_ws/build/lslidar_driver
[0.664s] -- Install configuration: ""
[0.664s] -- Up-to-date: /home/ubuntu/Desktop/cartographer_ws/install/lslidar_driver/share/lslidar_driver/launch
[0.664s] -- Up-to-date: /home/ubuntu/Desktop/cartographer_ws/install/lslidar_driver/share/lslidar_driver/launch/lsm10p_net_launch.py
[0.665s] -- Up-to-date: /home/ubuntu/Desktop/cartographer_ws/install/lslidar_driver/share/lslidar_driver/launch/lsm10_net_launch.py
[0.665s] -- Up-to-date: /home/ubuntu/Desktop/cartographer_ws/install/lslidar_driver/share/lslidar_driver/launch/lsn10p_launch.py
[0.665s] -- Up-to-date: /home/ubuntu/Desktop/cartographer_ws/install/lslidar_driver/share/lslidar_driver/launch/lsn10_net_launch.py
[0.665s] -- Up-to-date: /home/ubuntu/Desktop/cartographer_ws/install/lslidar_driver/share/lslidar_driver/launch/lsm10_uart_launch.py
[0.665s] -- Up-to-date: /home/ubuntu/Desktop/cartographer_ws/install/lslidar_driver/share/lslidar_driver/launch/lslidar_double_launch.py
[0.665s] -- Up-to-date: /home/ubuntu/Desktop/cartographer_ws/install/lslidar_driver/share/lslidar_driver/launch/lsm10p_uart_launch.py
[0.666s] -- Up-to-date: /home/ubuntu/Desktop/cartographer_ws/install/lslidar_driver/share/lslidar_driver/launch/lsn10_launch.py
[0.666s] -- Up-to-date: /home/ubuntu/Desktop/cartographer_ws/install/lslidar_driver/share/lslidar_driver/launch/lsn10p_net_launch.py
[0.666s] -- Up-to-date: /home/ubuntu/Desktop/cartographer_ws/install/lslidar_driver/share/lslidar_driver/launch/viewer_scan_launch.py
[0.666s] -- Up-to-date: /home/ubuntu/Desktop/cartographer_ws/install/lslidar_driver/share/lslidar_driver/params
[0.666s] -- Up-to-date: /home/ubuntu/Desktop/cartographer_ws/install/lslidar_driver/share/lslidar_driver/params/lidar_uart_ros2
[0.666s] -- Up-to-date: /home/ubuntu/Desktop/cartographer_ws/install/lslidar_driver/share/lslidar_driver/params/lidar_uart_ros2/lsm10.yaml
[0.667s] -- Up-to-date: /home/ubuntu/Desktop/cartographer_ws/install/lslidar_driver/share/lslidar_driver/params/lidar_uart_ros2/lsn10.yaml
[0.667s] -- Up-to-date: /home/ubuntu/Desktop/cartographer_ws/install/lslidar_driver/share/lslidar_driver/params/lidar_uart_ros2/lsn10p.yaml
[0.667s] -- Up-to-date: /home/ubuntu/Desktop/cartographer_ws/install/lslidar_driver/share/lslidar_driver/params/lidar_uart_ros2/lsm10_p.yaml
[0.667s] -- Up-to-date: /home/ubuntu/Desktop/cartographer_ws/install/lslidar_driver/share/lslidar_driver/params/lidar_net_ros2
[0.667s] -- Up-to-date: /home/ubuntu/Desktop/cartographer_ws/install/lslidar_driver/share/lslidar_driver/params/lidar_net_ros2/lsm10p_net.yaml
[0.667s] -- Up-to-date: /home/ubuntu/Desktop/cartographer_ws/install/lslidar_driver/share/lslidar_driver/params/lidar_net_ros2/lsm10_net.yaml
[0.667s] -- Up-to-date: /home/ubuntu/Desktop/cartographer_ws/install/lslidar_driver/share/lslidar_driver/params/lidar_net_ros2/lsn10p_net.yaml
[0.668s] -- Up-to-date: /home/ubuntu/Desktop/cartographer_ws/install/lslidar_driver/share/lslidar_driver/params/lidar_net_ros2/lsn10_net.yaml
[0.668s] -- Up-to-date: /home/ubuntu/Desktop/cartographer_ws/install/lslidar_driver/share/lslidar_driver/rviz
[0.668s] -- Up-to-date: /home/ubuntu/Desktop/cartographer_ws/install/lslidar_driver/share/lslidar_driver/rviz/lslidar.rviz
[0.672s] -- Up-to-date: /home/ubuntu/Desktop/cartographer_ws/install/lslidar_driver/lib/lslidar_driver/lslidar_driver_node
[0.673s] -- Up-to-date: /home/ubuntu/Desktop/cartographer_ws/install/lslidar_driver/share/ament_index/resource_index/package_run_dependencies/lslidar_driver
[0.674s] -- Up-to-date: /home/ubuntu/Desktop/cartographer_ws/install/lslidar_driver/share/ament_index/resource_index/parent_prefix_path/lslidar_driver
[0.674s] -- Up-to-date: /home/ubuntu/Desktop/cartographer_ws/install/lslidar_driver/share/lslidar_driver/environment/ament_prefix_path.sh
[0.674s] -- Up-to-date: /home/ubuntu/Desktop/cartographer_ws/install/lslidar_driver/share/lslidar_driver/environment/ament_prefix_path.dsv
[0.674s] -- Up-to-date: /home/ubuntu/Desktop/cartographer_ws/install/lslidar_driver/share/lslidar_driver/environment/path.sh
[0.675s] -- Up-to-date: /home/ubuntu/Desktop/cartographer_ws/install/lslidar_driver/share/lslidar_driver/environment/path.dsv
[0.675s] -- Up-to-date: /home/ubuntu/Desktop/cartographer_ws/install/lslidar_driver/share/lslidar_driver/local_setup.bash
[0.675s] -- Up-to-date: /home/ubuntu/Desktop/cartographer_ws/install/lslidar_driver/share/lslidar_driver/local_setup.sh
[0.675s] -- Up-to-date: /home/ubuntu/Desktop/cartographer_ws/install/lslidar_driver/share/lslidar_driver/local_setup.zsh
[0.675s] -- Up-to-date: /home/ubuntu/Desktop/cartographer_ws/install/lslidar_driver/share/lslidar_driver/local_setup.dsv
[0.675s] -- Installing: /home/ubuntu/Desktop/cartographer_ws/install/lslidar_driver/share/lslidar_driver/package.dsv
[0.676s] -- Up-to-date: /home/ubuntu/Desktop/cartographer_ws/install/lslidar_driver/share/ament_index/resource_index/packages/lslidar_driver
[0.677s] -- Up-to-date: /home/ubuntu/Desktop/cartographer_ws/install/lslidar_driver/share/lslidar_driver/cmake/ament_cmake_export_dependencies-extras.cmake
[0.677s] -- Up-to-date: /home/ubuntu/Desktop/cartographer_ws/install/lslidar_driver/share/lslidar_driver/cmake/ament_cmake_export_include_directories-extras.cmake
[0.677s] -- Up-to-date: /home/ubuntu/Desktop/cartographer_ws/install/lslidar_driver/share/lslidar_driver/cmake/lslidar_driverConfig.cmake
[0.677s] -- Up-to-date: /home/ubuntu/Desktop/cartographer_ws/install/lslidar_driver/share/lslidar_driver/cmake/lslidar_driverConfig-version.cmake
[0.677s] -- Up-to-date: /home/ubuntu/Desktop/cartographer_ws/install/lslidar_driver/share/lslidar_driver/package.xml
[0.694s] Invoked command in '/home/ubuntu/Desktop/cartographer_ws/build/lslidar_driver' returned '0': CMAKE_PREFIX_PATH=/home/ubuntu/Desktop/cartographer_ws/install/lslidar_msgs:/home/ubuntu/Desktop/cartographer_ws/install/my_cartographer:/home/ubuntu/Desktop/cartographer_ws/install/lslidar_driver:/home/ubuntu/Desktop/cartographer_ws/install/cartographer_ros:/home/ubuntu/Desktop/cartographer_ws/install/cartographer_ros_msgs:/home/ubuntu/Desktop/cartographer_ws/install/cartographer:/opt/ros/foxy /usr/bin/cmake --install /home/ubuntu/Desktop/cartographer_ws/build/lslidar_driver
