[0.122s] Invoking command in '/home/ubuntu/Desktop/cartographer_ws/build/lslidar_driver': CMAKE_PREFIX_PATH=/home/ubuntu/Desktop/cartographer_ws/install/lslidar_msgs:/home/ubuntu/Desktop/cartographer_ws/install/tf_init:/home/ubuntu/Desktop/cartographer_ws/install/imu:/opt/ros/foxy:/home/ubuntu/Desktop/cartographer_ws/install/serial:/home/ubuntu/Desktop/cartographer_ws/install/my_cartographer:/home/ubuntu/Desktop/cartographer_ws/install/lslidar_driver:/home/ubuntu/Desktop/cartographer_ws/install/cartographer_ros:/home/ubuntu/Desktop/cartographer_ws/install/cartographer_ros_msgs:/home/ubuntu/Desktop/cartographer_ws/install/cartographer LD_LIBRARY_PATH=/home/ubuntu/Desktop/cartographer_ws/install/lslidar_msgs/lib:/home/ubuntu/Desktop/cartographer_ws/install/serial/lib:/home/ubuntu/Desktop/cartographer_ws/install/cartographer_ros_msgs/lib:/opt/ros/foxy/opt/yaml_cpp_vendor/lib:/opt/ros/foxy/opt/rviz_ogre_vendor/lib:/opt/ros/foxy/lib/x86_64-linux-gnu:/opt/ros/foxy/lib PYTHONPATH=/home/ubuntu/Desktop/cartographer_ws/install/lslidar_msgs/lib/python3.8/site-packages:/home/ubuntu/Desktop/cartographer_ws/install/tf_init/lib/python3.8/site-packages:/home/ubuntu/Desktop/cartographer_ws/build/imu:/home/ubuntu/Desktop/cartographer_ws/install/imu/lib/python3.8/site-packages:/home/ubuntu/Desktop/cartographer_ws/install/cartographer_ros_msgs/lib/python3.8/site-packages:/opt/ros/foxy/lib/python3.8/site-packages /usr/bin/cmake --build /home/ubuntu/Desktop/cartographer_ws/build/lslidar_driver -- -j2 -l2
[0.680s] [100%] Built target lslidar_driver_node
[0.765s] Invoked command in '/home/ubuntu/Desktop/cartographer_ws/build/lslidar_driver' returned '0': CMAKE_PREFIX_PATH=/home/ubuntu/Desktop/cartographer_ws/install/lslidar_msgs:/home/ubuntu/Desktop/cartographer_ws/install/tf_init:/home/ubuntu/Desktop/cartographer_ws/install/imu:/opt/ros/foxy:/home/ubuntu/Desktop/cartographer_ws/install/serial:/home/ubuntu/Desktop/cartographer_ws/install/my_cartographer:/home/ubuntu/Desktop/cartographer_ws/install/lslidar_driver:/home/ubuntu/Desktop/cartographer_ws/install/cartographer_ros:/home/ubuntu/Desktop/cartographer_ws/install/cartographer_ros_msgs:/home/ubuntu/Desktop/cartographer_ws/install/cartographer LD_LIBRARY_PATH=/home/ubuntu/Desktop/cartographer_ws/install/lslidar_msgs/lib:/home/ubuntu/Desktop/cartographer_ws/install/serial/lib:/home/ubuntu/Desktop/cartographer_ws/install/cartographer_ros_msgs/lib:/opt/ros/foxy/opt/yaml_cpp_vendor/lib:/opt/ros/foxy/opt/rviz_ogre_vendor/lib:/opt/ros/foxy/lib/x86_64-linux-gnu:/opt/ros/foxy/lib PYTHONPATH=/home/ubuntu/Desktop/cartographer_ws/install/lslidar_msgs/lib/python3.8/site-packages:/home/ubuntu/Desktop/cartographer_ws/install/tf_init/lib/python3.8/site-packages:/home/ubuntu/Desktop/cartographer_ws/build/imu:/home/ubuntu/Desktop/cartographer_ws/install/imu/lib/python3.8/site-packages:/home/ubuntu/Desktop/cartographer_ws/install/cartographer_ros_msgs/lib/python3.8/site-packages:/opt/ros/foxy/lib/python3.8/site-packages /usr/bin/cmake --build /home/ubuntu/Desktop/cartographer_ws/build/lslidar_driver -- -j2 -l2
[1.188s] Invoking command in '/home/ubuntu/Desktop/cartographer_ws/build/lslidar_driver': CMAKE_PREFIX_PATH=/home/ubuntu/Desktop/cartographer_ws/install/lslidar_msgs:/home/ubuntu/Desktop/cartographer_ws/install/tf_init:/home/ubuntu/Desktop/cartographer_ws/install/imu:/opt/ros/foxy:/home/ubuntu/Desktop/cartographer_ws/install/serial:/home/ubuntu/Desktop/cartographer_ws/install/my_cartographer:/home/ubuntu/Desktop/cartographer_ws/install/lslidar_driver:/home/ubuntu/Desktop/cartographer_ws/install/cartographer_ros:/home/ubuntu/Desktop/cartographer_ws/install/cartographer_ros_msgs:/home/ubuntu/Desktop/cartographer_ws/install/cartographer LD_LIBRARY_PATH=/home/ubuntu/Desktop/cartographer_ws/install/lslidar_msgs/lib:/home/ubuntu/Desktop/cartographer_ws/install/serial/lib:/home/ubuntu/Desktop/cartographer_ws/install/cartographer_ros_msgs/lib:/opt/ros/foxy/opt/yaml_cpp_vendor/lib:/opt/ros/foxy/opt/rviz_ogre_vendor/lib:/opt/ros/foxy/lib/x86_64-linux-gnu:/opt/ros/foxy/lib PYTHONPATH=/home/ubuntu/Desktop/cartographer_ws/install/lslidar_msgs/lib/python3.8/site-packages:/home/ubuntu/Desktop/cartographer_ws/install/tf_init/lib/python3.8/site-packages:/home/ubuntu/Desktop/cartographer_ws/build/imu:/home/ubuntu/Desktop/cartographer_ws/install/imu/lib/python3.8/site-packages:/home/ubuntu/Desktop/cartographer_ws/install/cartographer_ros_msgs/lib/python3.8/site-packages:/opt/ros/foxy/lib/python3.8/site-packages /usr/bin/cmake --install /home/ubuntu/Desktop/cartographer_ws/build/lslidar_driver
[1.263s] -- Install configuration: ""
[1.266s] -- Execute custom install script
[1.268s] -- Up-to-date symlink: /home/ubuntu/Desktop/cartographer_ws/install/lslidar_driver/share/lslidar_driver/launch/lslidar_double_launch.py
[1.273s] -- Up-to-date symlink: /home/ubuntu/Desktop/cartographer_ws/install/lslidar_driver/share/lslidar_driver/launch/lsm10_net_launch.py
[1.273s] -- Up-to-date symlink: /home/ubuntu/Desktop/cartographer_ws/install/lslidar_driver/share/lslidar_driver/launch/lsm10_uart_launch.py
[1.274s] -- Up-to-date symlink: /home/ubuntu/Desktop/cartographer_ws/install/lslidar_driver/share/lslidar_driver/launch/lsm10p_net_launch.py
[1.276s] -- Up-to-date symlink: /home/ubuntu/Desktop/cartographer_ws/install/lslidar_driver/share/lslidar_driver/launch/lsm10p_uart_launch.py
[1.276s] -- Up-to-date symlink: /home/ubuntu/Desktop/cartographer_ws/install/lslidar_driver/share/lslidar_driver/launch/lsn10_launch.py
[1.277s] -- Up-to-date symlink: /home/ubuntu/Desktop/cartographer_ws/install/lslidar_driver/share/lslidar_driver/launch/lsn10_net_launch.py
[1.283s] -- Up-to-date symlink: /home/ubuntu/Desktop/cartographer_ws/install/lslidar_driver/share/lslidar_driver/launch/lsn10p_launch.py
[1.284s] -- Up-to-date symlink: /home/ubuntu/Desktop/cartographer_ws/install/lslidar_driver/share/lslidar_driver/launch/lsn10p_net_launch.py
[1.284s] -- Up-to-date symlink: /home/ubuntu/Desktop/cartographer_ws/install/lslidar_driver/share/lslidar_driver/launch/viewer_scan_launch.py
[1.286s] -- Up-to-date symlink: /home/ubuntu/Desktop/cartographer_ws/install/lslidar_driver/share/lslidar_driver/params/lidar_net_ros2/lsm10_net.yaml
[1.287s] -- Up-to-date symlink: /home/ubuntu/Desktop/cartographer_ws/install/lslidar_driver/share/lslidar_driver/params/lidar_net_ros2/lsm10p_net.yaml
[1.288s] -- Up-to-date symlink: /home/ubuntu/Desktop/cartographer_ws/install/lslidar_driver/share/lslidar_driver/params/lidar_net_ros2/lsn10_net.yaml
[1.289s] -- Up-to-date symlink: /home/ubuntu/Desktop/cartographer_ws/install/lslidar_driver/share/lslidar_driver/params/lidar_net_ros2/lsn10p_net.yaml
[1.290s] -- Up-to-date symlink: /home/ubuntu/Desktop/cartographer_ws/install/lslidar_driver/share/lslidar_driver/params/lidar_uart_ros2/lsm10.yaml
[1.291s] -- Up-to-date symlink: /home/ubuntu/Desktop/cartographer_ws/install/lslidar_driver/share/lslidar_driver/params/lidar_uart_ros2/lsm10_p.yaml
[1.292s] -- Up-to-date symlink: /home/ubuntu/Desktop/cartographer_ws/install/lslidar_driver/share/lslidar_driver/params/lidar_uart_ros2/lsn10.yaml
[1.294s] -- Up-to-date symlink: /home/ubuntu/Desktop/cartographer_ws/install/lslidar_driver/share/lslidar_driver/params/lidar_uart_ros2/lsn10p.yaml
[1.294s] -- Up-to-date symlink: /home/ubuntu/Desktop/cartographer_ws/install/lslidar_driver/share/lslidar_driver/rviz/lslidar.rviz
[1.295s] -- Up-to-date symlink: /home/ubuntu/Desktop/cartographer_ws/install/lslidar_driver/lib/lslidar_driver/lslidar_driver_node
[1.301s] -- Up-to-date symlink: /home/ubuntu/Desktop/cartographer_ws/install/lslidar_driver/share/ament_index/resource_index/package_run_dependencies/lslidar_driver
[1.302s] -- Up-to-date symlink: /home/ubuntu/Desktop/cartographer_ws/install/lslidar_driver/share/ament_index/resource_index/parent_prefix_path/lslidar_driver
[1.303s] -- Up-to-date symlink: /home/ubuntu/Desktop/cartographer_ws/install/lslidar_driver/share/lslidar_driver/environment/ament_prefix_path.sh
[1.306s] -- Up-to-date symlink: /home/ubuntu/Desktop/cartographer_ws/install/lslidar_driver/share/lslidar_driver/environment/ament_prefix_path.dsv
[1.306s] -- Up-to-date symlink: /home/ubuntu/Desktop/cartographer_ws/install/lslidar_driver/share/lslidar_driver/environment/path.sh
[1.306s] -- Up-to-date symlink: /home/ubuntu/Desktop/cartographer_ws/install/lslidar_driver/share/lslidar_driver/environment/path.dsv
[1.306s] -- Up-to-date symlink: /home/ubuntu/Desktop/cartographer_ws/install/lslidar_driver/share/lslidar_driver/local_setup.bash
[1.311s] -- Up-to-date symlink: /home/ubuntu/Desktop/cartographer_ws/install/lslidar_driver/share/lslidar_driver/local_setup.sh
[1.319s] -- Up-to-date symlink: /home/ubuntu/Desktop/cartographer_ws/install/lslidar_driver/share/lslidar_driver/local_setup.zsh
[1.319s] -- Up-to-date symlink: /home/ubuntu/Desktop/cartographer_ws/install/lslidar_driver/share/lslidar_driver/local_setup.dsv
[1.319s] -- Symlinking: /home/ubuntu/Desktop/cartographer_ws/install/lslidar_driver/share/lslidar_driver/package.dsv
[1.398s] -- Up-to-date symlink: /home/ubuntu/Desktop/cartographer_ws/install/lslidar_driver/share/ament_index/resource_index/packages/lslidar_driver
[1.399s] -- Up-to-date symlink: /home/ubuntu/Desktop/cartographer_ws/install/lslidar_driver/share/lslidar_driver/cmake/ament_cmake_export_dependencies-extras.cmake
[1.400s] -- Up-to-date symlink: /home/ubuntu/Desktop/cartographer_ws/install/lslidar_driver/share/lslidar_driver/cmake/ament_cmake_export_include_directories-extras.cmake
[1.403s] -- Up-to-date symlink: /home/ubuntu/Desktop/cartographer_ws/install/lslidar_driver/share/lslidar_driver/cmake/lslidar_driverConfig.cmake
[1.404s] -- Up-to-date symlink: /home/ubuntu/Desktop/cartographer_ws/install/lslidar_driver/share/lslidar_driver/cmake/lslidar_driverConfig-version.cmake
[1.405s] -- Up-to-date symlink: /home/ubuntu/Desktop/cartographer_ws/install/lslidar_driver/share/lslidar_driver/package.xml
[1.421s] Invoked command in '/home/ubuntu/Desktop/cartographer_ws/build/lslidar_driver' returned '0': CMAKE_PREFIX_PATH=/home/ubuntu/Desktop/cartographer_ws/install/lslidar_msgs:/home/ubuntu/Desktop/cartographer_ws/install/tf_init:/home/ubuntu/Desktop/cartographer_ws/install/imu:/opt/ros/foxy:/home/ubuntu/Desktop/cartographer_ws/install/serial:/home/ubuntu/Desktop/cartographer_ws/install/my_cartographer:/home/ubuntu/Desktop/cartographer_ws/install/lslidar_driver:/home/ubuntu/Desktop/cartographer_ws/install/cartographer_ros:/home/ubuntu/Desktop/cartographer_ws/install/cartographer_ros_msgs:/home/ubuntu/Desktop/cartographer_ws/install/cartographer LD_LIBRARY_PATH=/home/ubuntu/Desktop/cartographer_ws/install/lslidar_msgs/lib:/home/ubuntu/Desktop/cartographer_ws/install/serial/lib:/home/ubuntu/Desktop/cartographer_ws/install/cartographer_ros_msgs/lib:/opt/ros/foxy/opt/yaml_cpp_vendor/lib:/opt/ros/foxy/opt/rviz_ogre_vendor/lib:/opt/ros/foxy/lib/x86_64-linux-gnu:/opt/ros/foxy/lib PYTHONPATH=/home/ubuntu/Desktop/cartographer_ws/install/lslidar_msgs/lib/python3.8/site-packages:/home/ubuntu/Desktop/cartographer_ws/install/tf_init/lib/python3.8/site-packages:/home/ubuntu/Desktop/cartographer_ws/build/imu:/home/ubuntu/Desktop/cartographer_ws/install/imu/lib/python3.8/site-packages:/home/ubuntu/Desktop/cartographer_ws/install/cartographer_ros_msgs/lib/python3.8/site-packages:/opt/ros/foxy/lib/python3.8/site-packages /usr/bin/cmake --install /home/ubuntu/Desktop/cartographer_ws/build/lslidar_driver
