[0.100s] Invoking command in '/home/ubuntu/Desktop/cartographer_ws/build/serial': CMAKE_PREFIX_PATH=/home/ubuntu/Desktop/cartographer_ws/install/tf_init:/home/ubuntu/Desktop/cartographer_ws/install/imu:/opt/ros/foxy:${CMAKE_PREFIX_PATH} /usr/bin/cmake --build /home/ubuntu/Desktop/cartographer_ws/build/serial -- -j2 -l2
[0.400s] [100%] Built target serial
[0.436s] Invoked command in '/home/ubuntu/Desktop/cartographer_ws/build/serial' returned '0': CMAKE_PREFIX_PATH=/home/ubuntu/Desktop/cartographer_ws/install/tf_init:/home/ubuntu/Desktop/cartographer_ws/install/imu:/opt/ros/foxy:${CMAKE_PREFIX_PATH} /usr/bin/cmake --build /home/ubuntu/Desktop/cartographer_ws/build/serial -- -j2 -l2
[0.827s] Invoking command in '/home/ubuntu/Desktop/cartographer_ws/build/serial': CMAKE_PREFIX_PATH=/home/ubuntu/Desktop/cartographer_ws/install/tf_init:/home/ubuntu/Desktop/cartographer_ws/install/imu:/opt/ros/foxy:${CMAKE_PREFIX_PATH} /usr/bin/cmake --install /home/ubuntu/Desktop/cartographer_ws/build/serial
[0.917s] -- Install configuration: ""
[0.918s] -- Up-to-date: /home/ubuntu/Desktop/cartographer_ws/install/serial/share/serial/environment/library_path.sh
[0.919s] -- Up-to-date: /home/ubuntu/Desktop/cartographer_ws/install/serial/share/serial/environment/library_path.dsv
[0.929s] -- Up-to-date: /home/ubuntu/Desktop/cartographer_ws/install/serial/lib/libserial.so
[0.929s] -- Up-to-date: /home/ubuntu/Desktop/cartographer_ws/install/serial/include/serial/serial.h
[0.929s] -- Up-to-date: /home/ubuntu/Desktop/cartographer_ws/install/serial/include/serial/v8stdint.h
[0.929s] -- Up-to-date: /home/ubuntu/Desktop/cartographer_ws/install/serial/share/ament_index/resource_index/package_run_dependencies/serial
[0.929s] -- Up-to-date: /home/ubuntu/Desktop/cartographer_ws/install/serial/share/ament_index/resource_index/parent_prefix_path/serial
[0.930s] -- Up-to-date: /home/ubuntu/Desktop/cartographer_ws/install/serial/share/serial/environment/ament_prefix_path.sh
[0.930s] -- Up-to-date: /home/ubuntu/Desktop/cartographer_ws/install/serial/share/serial/environment/ament_prefix_path.dsv
[0.930s] -- Up-to-date: /home/ubuntu/Desktop/cartographer_ws/install/serial/share/serial/environment/path.sh
[0.930s] -- Up-to-date: /home/ubuntu/Desktop/cartographer_ws/install/serial/share/serial/environment/path.dsv
[0.930s] -- Up-to-date: /home/ubuntu/Desktop/cartographer_ws/install/serial/share/serial/local_setup.bash
[0.930s] -- Up-to-date: /home/ubuntu/Desktop/cartographer_ws/install/serial/share/serial/local_setup.sh
[0.931s] -- Up-to-date: /home/ubuntu/Desktop/cartographer_ws/install/serial/share/serial/local_setup.zsh
[0.931s] -- Up-to-date: /home/ubuntu/Desktop/cartographer_ws/install/serial/share/serial/local_setup.dsv
[0.931s] -- Installing: /home/ubuntu/Desktop/cartographer_ws/install/serial/share/serial/package.dsv
[0.931s] -- Up-to-date: /home/ubuntu/Desktop/cartographer_ws/install/serial/share/ament_index/resource_index/packages/serial
[0.941s] -- Up-to-date: /home/ubuntu/Desktop/cartographer_ws/install/serial/share/serial/cmake/ament_cmake_export_include_directories-extras.cmake
[0.941s] -- Up-to-date: /home/ubuntu/Desktop/cartographer_ws/install/serial/share/serial/cmake/ament_cmake_export_libraries-extras.cmake
[0.941s] -- Up-to-date: /home/ubuntu/Desktop/cartographer_ws/install/serial/share/serial/cmake/serialConfig.cmake
[0.942s] -- Up-to-date: /home/ubuntu/Desktop/cartographer_ws/install/serial/share/serial/cmake/serialConfig-version.cmake
[0.942s] -- Up-to-date: /home/ubuntu/Desktop/cartographer_ws/install/serial/share/serial/package.xml
[0.958s] Invoked command in '/home/ubuntu/Desktop/cartographer_ws/build/serial' returned '0': CMAKE_PREFIX_PATH=/home/ubuntu/Desktop/cartographer_ws/install/tf_init:/home/ubuntu/Desktop/cartographer_ws/install/imu:/opt/ros/foxy:${CMAKE_PREFIX_PATH} /usr/bin/cmake --install /home/ubuntu/Desktop/cartographer_ws/build/serial
