[4.149s] Invoking command in '/home/ubuntu/Desktop/cartographer_ws/src/tf_init': PYTHONPATH=/home/ubuntu/Desktop/cartographer_ws/build/tf_init/prefix_override:/usr/lib/python3/dist-packages/colcon_core/task/python/colcon_distutils_commands:/home/ubuntu/Desktop/cartographer_ws/install/tf_init/lib/python3.8/site-packages:${PYTHONPATH} /usr/bin/python3 -W ignore:setup.py install is deprecated setup.py egg_info --egg-base ../../build/tf_init build --build-base /home/ubuntu/Desktop/cartographer_ws/build/tf_init/build install --record /home/ubuntu/Desktop/cartographer_ws/build/tf_init/install.log --install-scripts $base/lib/tf_init --single-version-externally-managed install_data
[5.628s] running egg_info
[5.634s] writing ../../build/tf_init/tf_init.egg-info/PKG-INFO
[5.638s] writing dependency_links to ../../build/tf_init/tf_init.egg-info/dependency_links.txt
[5.646s] writing entry points to ../../build/tf_init/tf_init.egg-info/entry_points.txt
[5.658s] writing requirements to ../../build/tf_init/tf_init.egg-info/requires.txt
[5.658s] writing top-level names to ../../build/tf_init/tf_init.egg-info/top_level.txt
[5.907s] reading manifest file '../../build/tf_init/tf_init.egg-info/SOURCES.txt'
[5.907s] writing manifest file '../../build/tf_init/tf_init.egg-info/SOURCES.txt'
[5.918s] running build
[5.919s] running build_py
[5.919s] running install
[5.922s] running install_lib
[5.934s] running install_data
[5.939s] running install_egg_info
[5.947s] removing '/home/ubuntu/Desktop/cartographer_ws/install/tf_init/lib/python3.8/site-packages/tf_init-0.0.1-py3.8.egg-info' (and everything under it)
[5.976s] Copying ../../build/tf_init/tf_init.egg-info to /home/ubuntu/Desktop/cartographer_ws/install/tf_init/lib/python3.8/site-packages/tf_init-0.0.1-py3.8.egg-info
[5.976s] running install_scripts
[6.079s] Installing tf_publisher script to /home/ubuntu/Desktop/cartographer_ws/install/tf_init/lib/tf_init
[6.080s] writing list of installed files to '/home/ubuntu/Desktop/cartographer_ws/build/tf_init/install.log'
[6.197s] Invoked command in '/home/ubuntu/Desktop/cartographer_ws/src/tf_init' returned '0': PYTHONPATH=/home/ubuntu/Desktop/cartographer_ws/build/tf_init/prefix_override:/usr/lib/python3/dist-packages/colcon_core/task/python/colcon_distutils_commands:/home/ubuntu/Desktop/cartographer_ws/install/tf_init/lib/python3.8/site-packages:${PYTHONPATH} /usr/bin/python3 -W ignore:setup.py install is deprecated setup.py egg_info --egg-base ../../build/tf_init build --build-base /home/ubuntu/Desktop/cartographer_ws/build/tf_init/build install --record /home/ubuntu/Desktop/cartographer_ws/build/tf_init/install.log --install-scripts $base/lib/tf_init --single-version-externally-managed install_data
