[0.158s] Invoking command in '/home/ubuntu/Desktop/cartographer_ws/build/cartographer': CMAKE_PREFIX_PATH=${CMAKE_PREFIX_PATH}:/opt/ros/foxy /usr/bin/cmake --build /home/ubuntu/Desktop/cartographer_ws/build/cartographer -- -j2 -l2
[0.507s] CMake Warning (dev) at CMakeLists.txt:17 (project):
[0.508s]   Policy CMP0048 is not set: project() command manages VERSION variables.
[0.508s]   Run "cmake --help-policy CMP0048" for policy details.  Use the cmake_policy
[0.508s]   command to set the policy and suppress this warning.
[0.508s] 
[0.508s]   The following variable(s) would be set to empty:
[0.509s] 
[0.509s]     CMAKE_PROJECT_VERSION
[0.509s]     CMAKE_PROJECT_VERSION_MAJOR
[0.509s]     CMAKE_PROJECT_VERSION_MINOR
[0.509s]     CMAKE_PROJECT_VERSION_PATCH
[0.510s] This warning is for project developers.  Use -Wno-dev to suppress it.
[0.510s] 
[0.594s] -- Build type: Release
[0.729s] -- Found PythonInterp: /usr/bin/python  
[0.852s] CMake Error at CMakeLists.txt:32 (find_package):
[0.853s]   By not providing "FindCeres.cmake" in CMAKE_MODULE_PATH this project has
[0.853s]   asked CMake to find a package configuration file provided by "Ceres", but
[0.853s]   CMake did not find one.
[0.853s] 
[0.853s]   Could not find a package configuration file provided by "Ceres" with any of
[0.853s]   the following names:
[0.854s] 
[0.854s]     CeresConfig.cmake
[0.854s]     ceres-config.cmake
[0.854s] 
[0.854s]   Add the installation prefix of "Ceres" to CMAKE_PREFIX_PATH or set
[0.854s]   "Ceres_DIR" to a directory containing one of the above files.  If "Ceres"
[0.855s]   provides a separate development package or SDK, be sure it has been
[0.855s]   installed.
[0.855s] 
[0.855s] 
[0.857s] -- Configuring incomplete, errors occurred!
[0.857s] See also "/home/ubuntu/Desktop/cartographer_ws/build/cartographer/CMakeFiles/CMakeOutput.log".
[0.857s] See also "/home/ubuntu/Desktop/cartographer_ws/build/cartographer/CMakeFiles/CMakeError.log".
[0.873s] make: *** [Makefile:7901: cmake_check_build_system] Error 1
[0.885s] Invoked command in '/home/ubuntu/Desktop/cartographer_ws/build/cartographer' returned '2': CMAKE_PREFIX_PATH=${CMAKE_PREFIX_PATH}:/opt/ros/foxy /usr/bin/cmake --build /home/ubuntu/Desktop/cartographer_ws/build/cartographer -- -j2 -l2
