[0.109s] Invoking command in '/home/ubuntu/Desktop/cartographer_ws/build/cartographer_ros': CMAKE_PREFIX_PATH=/home/ubuntu/Desktop/cartographer_ws/install/cartographer_ros_msgs:/home/ubuntu/Desktop/cartographer_ws/install/cartographer:/home/ubuntu/Desktop/cartographer_ws/install/tf_init:/home/ubuntu/Desktop/cartographer_ws/install/imu:/opt/ros/foxy:/home/ubuntu/Desktop/cartographer_ws/install/serial:/home/ubuntu/Desktop/cartographer_ws/install/my_cartographer:/home/ubuntu/Desktop/cartographer_ws/install/lslidar_driver:/home/ubuntu/Desktop/cartographer_ws/install/lslidar_msgs:/home/ubuntu/Desktop/cartographer_ws/install/cartographer_ros LD_LIBRARY_PATH=/home/ubuntu/Desktop/cartographer_ws/install/cartographer_ros_msgs/lib:/home/ubuntu/Desktop/cartographer_ws/install/serial/lib:/home/ubuntu/Desktop/cartographer_ws/install/lslidar_msgs/lib:/opt/ros/foxy/opt/yaml_cpp_vendor/lib:/opt/ros/foxy/opt/rviz_ogre_vendor/lib:/opt/ros/foxy/lib/x86_64-linux-gnu:/opt/ros/foxy/lib PATH=/home/ubuntu/Desktop/cartographer_ws/install/cartographer/bin:/home/ubuntu/.local/bin:/opt/ros/foxy/bin:/home/ubuntu/.local/bin:/usr/local/sbin:/usr/local/bin:/usr/sbin:/usr/bin:/sbin:/bin:/usr/games:/usr/local/games:/snap/bin PYTHONPATH=/home/ubuntu/Desktop/cartographer_ws/install/cartographer_ros_msgs/lib/python3.8/site-packages:/home/ubuntu/Desktop/cartographer_ws/install/tf_init/lib/python3.8/site-packages:/home/ubuntu/Desktop/cartographer_ws/install/lslidar_msgs/lib/python3.8/site-packages:/home/ubuntu/Desktop/cartographer_ws/install/imu/lib/python3.8/site-packages:/opt/ros/foxy/lib/python3.8/site-packages /usr/bin/cmake --build /home/ubuntu/Desktop/cartographer_ws/build/cartographer_ros -- -j2 -l2
[0.804s] [ 68%] Built target cartographer_ros
[0.963s] [ 68%] Built target cartographer_ros_detect_changes
[1.148s] [ 78%] Built target pbstream_to_ros_map_node
[1.357s] [ 89%] Built target occupancy_grid_node
[1.575s] [100%] Built target cartographer_node
[1.631s] Invoked command in '/home/ubuntu/Desktop/cartographer_ws/build/cartographer_ros' returned '0': CMAKE_PREFIX_PATH=/home/ubuntu/Desktop/cartographer_ws/install/cartographer_ros_msgs:/home/ubuntu/Desktop/cartographer_ws/install/cartographer:/home/ubuntu/Desktop/cartographer_ws/install/tf_init:/home/ubuntu/Desktop/cartographer_ws/install/imu:/opt/ros/foxy:/home/ubuntu/Desktop/cartographer_ws/install/serial:/home/ubuntu/Desktop/cartographer_ws/install/my_cartographer:/home/ubuntu/Desktop/cartographer_ws/install/lslidar_driver:/home/ubuntu/Desktop/cartographer_ws/install/lslidar_msgs:/home/ubuntu/Desktop/cartographer_ws/install/cartographer_ros LD_LIBRARY_PATH=/home/ubuntu/Desktop/cartographer_ws/install/cartographer_ros_msgs/lib:/home/ubuntu/Desktop/cartographer_ws/install/serial/lib:/home/ubuntu/Desktop/cartographer_ws/install/lslidar_msgs/lib:/opt/ros/foxy/opt/yaml_cpp_vendor/lib:/opt/ros/foxy/opt/rviz_ogre_vendor/lib:/opt/ros/foxy/lib/x86_64-linux-gnu:/opt/ros/foxy/lib PATH=/home/ubuntu/Desktop/cartographer_ws/install/cartographer/bin:/home/ubuntu/.local/bin:/opt/ros/foxy/bin:/home/ubuntu/.local/bin:/usr/local/sbin:/usr/local/bin:/usr/sbin:/usr/bin:/sbin:/bin:/usr/games:/usr/local/games:/snap/bin PYTHONPATH=/home/ubuntu/Desktop/cartographer_ws/install/cartographer_ros_msgs/lib/python3.8/site-packages:/home/ubuntu/Desktop/cartographer_ws/install/tf_init/lib/python3.8/site-packages:/home/ubuntu/Desktop/cartographer_ws/install/lslidar_msgs/lib/python3.8/site-packages:/home/ubuntu/Desktop/cartographer_ws/install/imu/lib/python3.8/site-packages:/opt/ros/foxy/lib/python3.8/site-packages /usr/bin/cmake --build /home/ubuntu/Desktop/cartographer_ws/build/cartographer_ros -- -j2 -l2
[2.041s] Invoking command in '/home/ubuntu/Desktop/cartographer_ws/build/cartographer_ros': CMAKE_PREFIX_PATH=/home/ubuntu/Desktop/cartographer_ws/install/cartographer_ros_msgs:/home/ubuntu/Desktop/cartographer_ws/install/cartographer:/home/ubuntu/Desktop/cartographer_ws/install/tf_init:/home/ubuntu/Desktop/cartographer_ws/install/imu:/opt/ros/foxy:/home/ubuntu/Desktop/cartographer_ws/install/serial:/home/ubuntu/Desktop/cartographer_ws/install/my_cartographer:/home/ubuntu/Desktop/cartographer_ws/install/lslidar_driver:/home/ubuntu/Desktop/cartographer_ws/install/lslidar_msgs:/home/ubuntu/Desktop/cartographer_ws/install/cartographer_ros LD_LIBRARY_PATH=/home/ubuntu/Desktop/cartographer_ws/install/cartographer_ros_msgs/lib:/home/ubuntu/Desktop/cartographer_ws/install/serial/lib:/home/ubuntu/Desktop/cartographer_ws/install/lslidar_msgs/lib:/opt/ros/foxy/opt/yaml_cpp_vendor/lib:/opt/ros/foxy/opt/rviz_ogre_vendor/lib:/opt/ros/foxy/lib/x86_64-linux-gnu:/opt/ros/foxy/lib PATH=/home/ubuntu/Desktop/cartographer_ws/install/cartographer/bin:/home/ubuntu/.local/bin:/opt/ros/foxy/bin:/home/ubuntu/.local/bin:/usr/local/sbin:/usr/local/bin:/usr/sbin:/usr/bin:/sbin:/bin:/usr/games:/usr/local/games:/snap/bin PYTHONPATH=/home/ubuntu/Desktop/cartographer_ws/install/cartographer_ros_msgs/lib/python3.8/site-packages:/home/ubuntu/Desktop/cartographer_ws/install/tf_init/lib/python3.8/site-packages:/home/ubuntu/Desktop/cartographer_ws/install/lslidar_msgs/lib/python3.8/site-packages:/home/ubuntu/Desktop/cartographer_ws/install/imu/lib/python3.8/site-packages:/opt/ros/foxy/lib/python3.8/site-packages /usr/bin/cmake --install /home/ubuntu/Desktop/cartographer_ws/build/cartographer_ros
[2.088s] -- Install configuration: "Release"
[2.088s] -- Up-to-date: /home/ubuntu/Desktop/cartographer_ws/install/cartographer_ros/share/cartographer_ros//configuration_files
[2.089s] -- Up-to-date: /home/ubuntu/Desktop/cartographer_ws/install/cartographer_ros/share/cartographer_ros//configuration_files/visualize_pbstream.lua
[2.089s] -- Up-to-date: /home/ubuntu/Desktop/cartographer_ws/install/cartographer_ros/share/cartographer_ros//configuration_files/transform.lua
[2.089s] -- Up-to-date: /home/ubuntu/Desktop/cartographer_ws/install/cartographer_ros/share/cartographer_ros//configuration_files/revo_lds.lua
[2.090s] -- Up-to-date: /home/ubuntu/Desktop/cartographer_ws/install/cartographer_ros/share/cartographer_ros//configuration_files/pr2.lua
[2.090s] -- Up-to-date: /home/ubuntu/Desktop/cartographer_ws/install/cartographer_ros/share/cartographer_ros//configuration_files/backpack_3d_localization.lua
[2.090s] -- Up-to-date: /home/ubuntu/Desktop/cartographer_ws/install/cartographer_ros/share/cartographer_ros//configuration_files/backpack_2d_server.lua
[2.090s] -- Up-to-date: /home/ubuntu/Desktop/cartographer_ws/install/cartographer_ros/share/cartographer_ros//configuration_files/demo_2d.rviz
[2.090s] -- Up-to-date: /home/ubuntu/Desktop/cartographer_ws/install/cartographer_ros/share/cartographer_ros//configuration_files/backpack_3d.lua
[2.090s] -- Up-to-date: /home/ubuntu/Desktop/cartographer_ws/install/cartographer_ros/share/cartographer_ros//configuration_files/assets_writer_backpack_2d_ci.lua
[2.091s] -- Up-to-date: /home/ubuntu/Desktop/cartographer_ws/install/cartographer_ros/share/cartographer_ros//configuration_files/assets_writer_ros_map.lua
[2.091s] -- Up-to-date: /home/ubuntu/Desktop/cartographer_ws/install/cartographer_ros/share/cartographer_ros//configuration_files/demo_3d.rviz
[2.091s] -- Up-to-date: /home/ubuntu/Desktop/cartographer_ws/install/cartographer_ros/share/cartographer_ros//configuration_files/backpack_2d.lua
[2.091s] -- Up-to-date: /home/ubuntu/Desktop/cartographer_ws/install/cartographer_ros/share/cartographer_ros//configuration_files/backpack_2d_localization_evaluation.lua
[2.091s] -- Up-to-date: /home/ubuntu/Desktop/cartographer_ws/install/cartographer_ros/share/cartographer_ros//configuration_files/assets_writer_backpack_3d.lua
[2.091s] -- Up-to-date: /home/ubuntu/Desktop/cartographer_ws/install/cartographer_ros/share/cartographer_ros//configuration_files/backpack_2d_localization.lua
[2.092s] -- Up-to-date: /home/ubuntu/Desktop/cartographer_ws/install/cartographer_ros/share/cartographer_ros//configuration_files/taurob_tracker.lua
[2.092s] -- Up-to-date: /home/ubuntu/Desktop/cartographer_ws/install/cartographer_ros/share/cartographer_ros//configuration_files/assets_writer_backpack_2d.lua
[2.093s] -- Up-to-date: /home/ubuntu/Desktop/cartographer_ws/install/cartographer_ros/lib/libcartographer_ros.a
[2.093s] -- Up-to-date: /home/ubuntu/Desktop/cartographer_ws/install/cartographer_ros/share/ament_index/resource_index/package_run_dependencies/cartographer_ros
[2.093s] -- Up-to-date: /home/ubuntu/Desktop/cartographer_ws/install/cartographer_ros/share/ament_index/resource_index/parent_prefix_path/cartographer_ros
[2.094s] -- Up-to-date: /home/ubuntu/Desktop/cartographer_ws/install/cartographer_ros/share/cartographer_ros/environment/ament_prefix_path.sh
[2.094s] -- Up-to-date: /home/ubuntu/Desktop/cartographer_ws/install/cartographer_ros/share/cartographer_ros/environment/ament_prefix_path.dsv
[2.095s] -- Up-to-date: /home/ubuntu/Desktop/cartographer_ws/install/cartographer_ros/share/cartographer_ros/environment/path.sh
[2.095s] -- Up-to-date: /home/ubuntu/Desktop/cartographer_ws/install/cartographer_ros/share/cartographer_ros/environment/path.dsv
[2.097s] -- Up-to-date: /home/ubuntu/Desktop/cartographer_ws/install/cartographer_ros/share/cartographer_ros/local_setup.bash
[2.103s] -- Up-to-date: /home/ubuntu/Desktop/cartographer_ws/install/cartographer_ros/share/cartographer_ros/local_setup.sh
[2.103s] -- Up-to-date: /home/ubuntu/Desktop/cartographer_ws/install/cartographer_ros/share/cartographer_ros/local_setup.zsh
[2.103s] -- Up-to-date: /home/ubuntu/Desktop/cartographer_ws/install/cartographer_ros/share/cartographer_ros/local_setup.dsv
[2.103s] -- Installing: /home/ubuntu/Desktop/cartographer_ws/install/cartographer_ros/share/cartographer_ros/package.dsv
[2.103s] -- Up-to-date: /home/ubuntu/Desktop/cartographer_ws/install/cartographer_ros/share/ament_index/resource_index/packages/cartographer_ros
[2.103s] -- Up-to-date: /home/ubuntu/Desktop/cartographer_ws/install/cartographer_ros/share/cartographer_ros/cmake/cartographer_rosConfig.cmake
[2.104s] -- Up-to-date: /home/ubuntu/Desktop/cartographer_ws/install/cartographer_ros/share/cartographer_ros/cmake/cartographer_rosConfig-version.cmake
[2.104s] -- Up-to-date: /home/ubuntu/Desktop/cartographer_ws/install/cartographer_ros/share/cartographer_ros/package.xml
[2.104s] -- Up-to-date: /home/ubuntu/Desktop/cartographer_ws/install/cartographer_ros/lib/cartographer_ros/cartographer_node
[2.123s] -- Up-to-date: /home/ubuntu/Desktop/cartographer_ws/install/cartographer_ros/lib/cartographer_ros/occupancy_grid_node
[2.123s] -- Up-to-date: /home/ubuntu/Desktop/cartographer_ws/install/cartographer_ros/lib/cartographer_ros/pbstream_to_ros_map_node
[2.125s] Invoked command in '/home/ubuntu/Desktop/cartographer_ws/build/cartographer_ros' returned '0': CMAKE_PREFIX_PATH=/home/ubuntu/Desktop/cartographer_ws/install/cartographer_ros_msgs:/home/ubuntu/Desktop/cartographer_ws/install/cartographer:/home/ubuntu/Desktop/cartographer_ws/install/tf_init:/home/ubuntu/Desktop/cartographer_ws/install/imu:/opt/ros/foxy:/home/ubuntu/Desktop/cartographer_ws/install/serial:/home/ubuntu/Desktop/cartographer_ws/install/my_cartographer:/home/ubuntu/Desktop/cartographer_ws/install/lslidar_driver:/home/ubuntu/Desktop/cartographer_ws/install/lslidar_msgs:/home/ubuntu/Desktop/cartographer_ws/install/cartographer_ros LD_LIBRARY_PATH=/home/ubuntu/Desktop/cartographer_ws/install/cartographer_ros_msgs/lib:/home/ubuntu/Desktop/cartographer_ws/install/serial/lib:/home/ubuntu/Desktop/cartographer_ws/install/lslidar_msgs/lib:/opt/ros/foxy/opt/yaml_cpp_vendor/lib:/opt/ros/foxy/opt/rviz_ogre_vendor/lib:/opt/ros/foxy/lib/x86_64-linux-gnu:/opt/ros/foxy/lib PATH=/home/ubuntu/Desktop/cartographer_ws/install/cartographer/bin:/home/ubuntu/.local/bin:/opt/ros/foxy/bin:/home/ubuntu/.local/bin:/usr/local/sbin:/usr/local/bin:/usr/sbin:/usr/bin:/sbin:/bin:/usr/games:/usr/local/games:/snap/bin PYTHONPATH=/home/ubuntu/Desktop/cartographer_ws/install/cartographer_ros_msgs/lib/python3.8/site-packages:/home/ubuntu/Desktop/cartographer_ws/install/tf_init/lib/python3.8/site-packages:/home/ubuntu/Desktop/cartographer_ws/install/lslidar_msgs/lib/python3.8/site-packages:/home/ubuntu/Desktop/cartographer_ws/install/imu/lib/python3.8/site-packages:/opt/ros/foxy/lib/python3.8/site-packages /usr/bin/cmake --install /home/ubuntu/Desktop/cartographer_ws/build/cartographer_ros
