[0.545s] DEBUG:colcon:Command line arguments: ['/usr/bin/colcon', 'build', '--packages-select', 'tf_init', '--symlink-install']
[0.545s] DEBUG:colcon:Parsed command line arguments: Namespace(allow_overriding=[], ament_cmake_args=None, base_paths=['.'], build_base='build', catkin_cmake_args=None, catkin_skip_building_tests=False, cmake_args=None, cmake_clean_cache=False, cmake_clean_first=False, cmake_force_configure=False, cmake_target=None, cmake_target_skip_unavailable=False, continue_on_error=False, event_handlers=None, executor='parallel', ignore_user_meta=False, install_base='install', log_base=None, log_level=None, main=<bound method BuildVerb.main of <colcon_core.verb.build.BuildVerb object at 0x7feace6a3940>>, merge_install=False, metas=['./colcon.meta'], packages_above=None, packages_above_and_dependencies=None, packages_above_depth=None, packages_end=None, packages_ignore=None, packages_ignore_regex=None, packages_select=['tf_init'], packages_select_build_failed=False, packages_select_by_dep=None, packages_select_regex=None, packages_select_test_failures=False, packages_skip=None, packages_skip_build_finished=False, packages_skip_by_dep=None, packages_skip_regex=None, packages_skip_test_passed=False, packages_skip_up_to=None, packages_start=None, packages_up_to=None, packages_up_to_regex=None, parallel_workers=2, paths=None, symlink_install=True, test_result_base=None, verb_extension=<colcon_core.verb.build.BuildVerb object at 0x7feace6a3940>, verb_name='build', verb_parser=<colcon_defaults.argument_parser.defaults.DefaultArgumentsDecorator object at 0x7feace58e370>)
[0.935s] Level 1:colcon.colcon_core.package_discovery:discover_packages(colcon_meta) check parameters
[0.936s] Level 1:colcon.colcon_core.package_discovery:discover_packages(recursive) check parameters
[0.936s] Level 1:colcon.colcon_core.package_discovery:discover_packages(ignore) check parameters
[0.936s] Level 1:colcon.colcon_core.package_discovery:discover_packages(path) check parameters
[0.936s] Level 1:colcon.colcon_core.package_discovery:discover_packages(colcon_meta) discover
[0.936s] Level 1:colcon.colcon_core.package_discovery:discover_packages(recursive) discover
[0.936s] INFO:colcon.colcon_core.package_discovery:Crawling recursively for packages in '/home/ubuntu/Desktop/cartographer_ws'
[0.937s] Level 1:colcon.colcon_core.package_identification:_identify(.) by extensions ['ignore', 'ignore_ament_install']
[0.937s] Level 1:colcon.colcon_core.package_identification:_identify(.) by extension 'ignore'
[0.937s] Level 1:colcon.colcon_core.package_identification:_identify(.) by extension 'ignore_ament_install'
[0.937s] Level 1:colcon.colcon_core.package_identification:_identify(.) by extensions ['colcon_pkg']
[0.938s] Level 1:colcon.colcon_core.package_identification:_identify(.) by extension 'colcon_pkg'
[0.938s] Level 1:colcon.colcon_core.package_identification:_identify(.) by extensions ['colcon_meta']
[0.938s] Level 1:colcon.colcon_core.package_identification:_identify(.) by extension 'colcon_meta'
[0.938s] Level 1:colcon.colcon_core.package_identification:_identify(.) by extensions ['ros']
[0.938s] Level 1:colcon.colcon_core.package_identification:_identify(.) by extension 'ros'
[0.972s] Level 1:colcon.colcon_core.package_identification:_identify(.) by extensions ['cmake', 'python']
[0.972s] Level 1:colcon.colcon_core.package_identification:_identify(.) by extension 'cmake'
[0.972s] Level 1:colcon.colcon_core.package_identification:_identify(.) by extension 'python'
[0.972s] Level 1:colcon.colcon_core.package_identification:_identify(.) by extensions ['python_setup_py']
[0.973s] Level 1:colcon.colcon_core.package_identification:_identify(.) by extension 'python_setup_py'
[0.973s] Level 1:colcon.colcon_core.package_identification:_identify(build) by extensions ['ignore', 'ignore_ament_install']
[0.973s] Level 1:colcon.colcon_core.package_identification:_identify(build) by extension 'ignore'
[0.973s] Level 1:colcon.colcon_core.package_identification:_identify(build) ignored
[0.974s] Level 1:colcon.colcon_core.package_identification:_identify(install) by extensions ['ignore', 'ignore_ament_install']
[0.974s] Level 1:colcon.colcon_core.package_identification:_identify(install) by extension 'ignore'
[0.974s] Level 1:colcon.colcon_core.package_identification:_identify(install) ignored
[0.974s] Level 1:colcon.colcon_core.package_identification:_identify(log) by extensions ['ignore', 'ignore_ament_install']
[0.974s] Level 1:colcon.colcon_core.package_identification:_identify(log) by extension 'ignore'
[0.975s] Level 1:colcon.colcon_core.package_identification:_identify(log) ignored
[0.975s] Level 1:colcon.colcon_core.package_identification:_identify(src) by extensions ['ignore', 'ignore_ament_install']
[0.975s] Level 1:colcon.colcon_core.package_identification:_identify(src) by extension 'ignore'
[0.975s] Level 1:colcon.colcon_core.package_identification:_identify(src) by extension 'ignore_ament_install'
[0.975s] Level 1:colcon.colcon_core.package_identification:_identify(src) by extensions ['colcon_pkg']
[0.975s] Level 1:colcon.colcon_core.package_identification:_identify(src) by extension 'colcon_pkg'
[0.975s] Level 1:colcon.colcon_core.package_identification:_identify(src) by extensions ['colcon_meta']
[0.976s] Level 1:colcon.colcon_core.package_identification:_identify(src) by extension 'colcon_meta'
[0.976s] Level 1:colcon.colcon_core.package_identification:_identify(src) by extensions ['ros']
[0.976s] Level 1:colcon.colcon_core.package_identification:_identify(src) by extension 'ros'
[0.976s] Level 1:colcon.colcon_core.package_identification:_identify(src) by extensions ['cmake', 'python']
[0.976s] Level 1:colcon.colcon_core.package_identification:_identify(src) by extension 'cmake'
[0.976s] Level 1:colcon.colcon_core.package_identification:_identify(src) by extension 'python'
[0.976s] Level 1:colcon.colcon_core.package_identification:_identify(src) by extensions ['python_setup_py']
[0.976s] Level 1:colcon.colcon_core.package_identification:_identify(src) by extension 'python_setup_py'
[0.977s] Level 1:colcon.colcon_core.package_identification:_identify(src/build) by extensions ['ignore', 'ignore_ament_install']
[0.977s] Level 1:colcon.colcon_core.package_identification:_identify(src/build) by extension 'ignore'
[0.977s] Level 1:colcon.colcon_core.package_identification:_identify(src/build) ignored
[0.977s] Level 1:colcon.colcon_core.package_identification:_identify(src/cartographer) by extensions ['ignore', 'ignore_ament_install']
[0.978s] Level 1:colcon.colcon_core.package_identification:_identify(src/cartographer) by extension 'ignore'
[0.978s] Level 1:colcon.colcon_core.package_identification:_identify(src/cartographer) by extension 'ignore_ament_install'
[0.978s] Level 1:colcon.colcon_core.package_identification:_identify(src/cartographer) by extensions ['colcon_pkg']
[0.978s] Level 1:colcon.colcon_core.package_identification:_identify(src/cartographer) by extension 'colcon_pkg'
[0.978s] Level 1:colcon.colcon_core.package_identification:_identify(src/cartographer) by extensions ['colcon_meta']
[0.978s] Level 1:colcon.colcon_core.package_identification:_identify(src/cartographer) by extension 'colcon_meta'
[0.978s] Level 1:colcon.colcon_core.package_identification:_identify(src/cartographer) by extensions ['ros']
[0.978s] Level 1:colcon.colcon_core.package_identification:_identify(src/cartographer) by extension 'ros'
[0.987s] DEBUG:colcon.colcon_core.package_identification:Package 'src/cartographer' with type 'ros.cmake' and name 'cartographer'
[0.987s] Level 1:colcon.colcon_core.package_identification:_identify(src/cartographer_ros) by extensions ['ignore', 'ignore_ament_install']
[0.988s] Level 1:colcon.colcon_core.package_identification:_identify(src/cartographer_ros) by extension 'ignore'
[0.988s] Level 1:colcon.colcon_core.package_identification:_identify(src/cartographer_ros) by extension 'ignore_ament_install'
[0.988s] Level 1:colcon.colcon_core.package_identification:_identify(src/cartographer_ros) by extensions ['colcon_pkg']
[0.989s] Level 1:colcon.colcon_core.package_identification:_identify(src/cartographer_ros) by extension 'colcon_pkg'
[0.989s] Level 1:colcon.colcon_core.package_identification:_identify(src/cartographer_ros) by extensions ['colcon_meta']
[0.989s] Level 1:colcon.colcon_core.package_identification:_identify(src/cartographer_ros) by extension 'colcon_meta'
[0.989s] Level 1:colcon.colcon_core.package_identification:_identify(src/cartographer_ros) by extensions ['ros']
[0.989s] Level 1:colcon.colcon_core.package_identification:_identify(src/cartographer_ros) by extension 'ros'
[0.989s] Level 1:colcon.colcon_core.package_identification:_identify(src/cartographer_ros) by extensions ['cmake', 'python']
[0.989s] Level 1:colcon.colcon_core.package_identification:_identify(src/cartographer_ros) by extension 'cmake'
[0.989s] Level 1:colcon.colcon_core.package_identification:_identify(src/cartographer_ros) by extension 'python'
[0.989s] Level 1:colcon.colcon_core.package_identification:_identify(src/cartographer_ros) by extensions ['python_setup_py']
[0.989s] Level 1:colcon.colcon_core.package_identification:_identify(src/cartographer_ros) by extension 'python_setup_py'
[0.990s] Level 1:colcon.colcon_core.package_identification:_identify(src/cartographer_ros/cartographer_ros) by extensions ['ignore', 'ignore_ament_install']
[0.990s] Level 1:colcon.colcon_core.package_identification:_identify(src/cartographer_ros/cartographer_ros) by extension 'ignore'
[0.990s] Level 1:colcon.colcon_core.package_identification:_identify(src/cartographer_ros/cartographer_ros) by extension 'ignore_ament_install'
[0.990s] Level 1:colcon.colcon_core.package_identification:_identify(src/cartographer_ros/cartographer_ros) by extensions ['colcon_pkg']
[0.990s] Level 1:colcon.colcon_core.package_identification:_identify(src/cartographer_ros/cartographer_ros) by extension 'colcon_pkg'
[0.990s] Level 1:colcon.colcon_core.package_identification:_identify(src/cartographer_ros/cartographer_ros) by extensions ['colcon_meta']
[0.990s] Level 1:colcon.colcon_core.package_identification:_identify(src/cartographer_ros/cartographer_ros) by extension 'colcon_meta'
[0.991s] Level 1:colcon.colcon_core.package_identification:_identify(src/cartographer_ros/cartographer_ros) by extensions ['ros']
[0.991s] Level 1:colcon.colcon_core.package_identification:_identify(src/cartographer_ros/cartographer_ros) by extension 'ros'
[0.994s] DEBUG:colcon.colcon_core.package_identification:Package 'src/cartographer_ros/cartographer_ros' with type 'ros.ament_cmake' and name 'cartographer_ros'
[0.995s] Level 1:colcon.colcon_core.package_identification:_identify(src/cartographer_ros/cartographer_ros_msgs) by extensions ['ignore', 'ignore_ament_install']
[0.995s] Level 1:colcon.colcon_core.package_identification:_identify(src/cartographer_ros/cartographer_ros_msgs) by extension 'ignore'
[0.995s] Level 1:colcon.colcon_core.package_identification:_identify(src/cartographer_ros/cartographer_ros_msgs) by extension 'ignore_ament_install'
[0.995s] Level 1:colcon.colcon_core.package_identification:_identify(src/cartographer_ros/cartographer_ros_msgs) by extensions ['colcon_pkg']
[0.996s] Level 1:colcon.colcon_core.package_identification:_identify(src/cartographer_ros/cartographer_ros_msgs) by extension 'colcon_pkg'
[0.996s] Level 1:colcon.colcon_core.package_identification:_identify(src/cartographer_ros/cartographer_ros_msgs) by extensions ['colcon_meta']
[0.996s] Level 1:colcon.colcon_core.package_identification:_identify(src/cartographer_ros/cartographer_ros_msgs) by extension 'colcon_meta'
[0.996s] Level 1:colcon.colcon_core.package_identification:_identify(src/cartographer_ros/cartographer_ros_msgs) by extensions ['ros']
[0.996s] Level 1:colcon.colcon_core.package_identification:_identify(src/cartographer_ros/cartographer_ros_msgs) by extension 'ros'
[0.998s] DEBUG:colcon.colcon_core.package_identification:Package 'src/cartographer_ros/cartographer_ros_msgs' with type 'ros.ament_cmake' and name 'cartographer_ros_msgs'
[0.998s] Level 1:colcon.colcon_core.package_identification:_identify(src/cartographer_ros/cartographer_rviz) by extensions ['ignore', 'ignore_ament_install']
[0.998s] Level 1:colcon.colcon_core.package_identification:_identify(src/cartographer_ros/cartographer_rviz) by extension 'ignore'
[0.999s] Level 1:colcon.colcon_core.package_identification:_identify(src/cartographer_ros/cartographer_rviz) ignored
[0.999s] Level 1:colcon.colcon_core.package_identification:_identify(src/cartographer_ros/docs) by extensions ['ignore', 'ignore_ament_install']
[0.999s] Level 1:colcon.colcon_core.package_identification:_identify(src/cartographer_ros/docs) by extension 'ignore'
[0.999s] Level 1:colcon.colcon_core.package_identification:_identify(src/cartographer_ros/docs) ignored
[1.000s] Level 1:colcon.colcon_core.package_identification:_identify(src/cartographer_ros/jenkins) by extensions ['ignore', 'ignore_ament_install']
[1.000s] Level 1:colcon.colcon_core.package_identification:_identify(src/cartographer_ros/jenkins) by extension 'ignore'
[1.000s] Level 1:colcon.colcon_core.package_identification:_identify(src/cartographer_ros/jenkins) by extension 'ignore_ament_install'
[1.000s] Level 1:colcon.colcon_core.package_identification:_identify(src/cartographer_ros/jenkins) by extensions ['colcon_pkg']
[1.000s] Level 1:colcon.colcon_core.package_identification:_identify(src/cartographer_ros/jenkins) by extension 'colcon_pkg'
[1.000s] Level 1:colcon.colcon_core.package_identification:_identify(src/cartographer_ros/jenkins) by extensions ['colcon_meta']
[1.000s] Level 1:colcon.colcon_core.package_identification:_identify(src/cartographer_ros/jenkins) by extension 'colcon_meta'
[1.000s] Level 1:colcon.colcon_core.package_identification:_identify(src/cartographer_ros/jenkins) by extensions ['ros']
[1.001s] Level 1:colcon.colcon_core.package_identification:_identify(src/cartographer_ros/jenkins) by extension 'ros'
[1.001s] Level 1:colcon.colcon_core.package_identification:_identify(src/cartographer_ros/jenkins) by extensions ['cmake', 'python']
[1.001s] Level 1:colcon.colcon_core.package_identification:_identify(src/cartographer_ros/jenkins) by extension 'cmake'
[1.001s] Level 1:colcon.colcon_core.package_identification:_identify(src/cartographer_ros/jenkins) by extension 'python'
[1.001s] Level 1:colcon.colcon_core.package_identification:_identify(src/cartographer_ros/jenkins) by extensions ['python_setup_py']
[1.001s] Level 1:colcon.colcon_core.package_identification:_identify(src/cartographer_ros/jenkins) by extension 'python_setup_py'
[1.001s] Level 1:colcon.colcon_core.package_identification:_identify(src/cartographer_ros/scripts) by extensions ['ignore', 'ignore_ament_install']
[1.002s] Level 1:colcon.colcon_core.package_identification:_identify(src/cartographer_ros/scripts) by extension 'ignore'
[1.002s] Level 1:colcon.colcon_core.package_identification:_identify(src/cartographer_ros/scripts) by extension 'ignore_ament_install'
[1.002s] Level 1:colcon.colcon_core.package_identification:_identify(src/cartographer_ros/scripts) by extensions ['colcon_pkg']
[1.002s] Level 1:colcon.colcon_core.package_identification:_identify(src/cartographer_ros/scripts) by extension 'colcon_pkg'
[1.002s] Level 1:colcon.colcon_core.package_identification:_identify(src/cartographer_ros/scripts) by extensions ['colcon_meta']
[1.002s] Level 1:colcon.colcon_core.package_identification:_identify(src/cartographer_ros/scripts) by extension 'colcon_meta'
[1.002s] Level 1:colcon.colcon_core.package_identification:_identify(src/cartographer_ros/scripts) by extensions ['ros']
[1.002s] Level 1:colcon.colcon_core.package_identification:_identify(src/cartographer_ros/scripts) by extension 'ros'
[1.003s] Level 1:colcon.colcon_core.package_identification:_identify(src/cartographer_ros/scripts) by extensions ['cmake', 'python']
[1.003s] Level 1:colcon.colcon_core.package_identification:_identify(src/cartographer_ros/scripts) by extension 'cmake'
[1.003s] Level 1:colcon.colcon_core.package_identification:_identify(src/cartographer_ros/scripts) by extension 'python'
[1.003s] Level 1:colcon.colcon_core.package_identification:_identify(src/cartographer_ros/scripts) by extensions ['python_setup_py']
[1.003s] Level 1:colcon.colcon_core.package_identification:_identify(src/cartographer_ros/scripts) by extension 'python_setup_py'
[1.003s] Level 1:colcon.colcon_core.package_identification:_identify(src/imu) by extensions ['ignore', 'ignore_ament_install']
[1.003s] Level 1:colcon.colcon_core.package_identification:_identify(src/imu) by extension 'ignore'
[1.004s] Level 1:colcon.colcon_core.package_identification:_identify(src/imu) by extension 'ignore_ament_install'
[1.004s] Level 1:colcon.colcon_core.package_identification:_identify(src/imu) by extensions ['colcon_pkg']
[1.004s] Level 1:colcon.colcon_core.package_identification:_identify(src/imu) by extension 'colcon_pkg'
[1.004s] Level 1:colcon.colcon_core.package_identification:_identify(src/imu) by extensions ['colcon_meta']
[1.004s] Level 1:colcon.colcon_core.package_identification:_identify(src/imu) by extension 'colcon_meta'
[1.004s] Level 1:colcon.colcon_core.package_identification:_identify(src/imu) by extensions ['ros']
[1.004s] Level 1:colcon.colcon_core.package_identification:_identify(src/imu) by extension 'ros'
[1.008s] DEBUG:colcon.colcon_core.package_identification:Package 'src/imu' with type 'ros.ament_python' and name 'imu'
[1.009s] Level 1:colcon.colcon_core.package_identification:_identify(src/install) by extensions ['ignore', 'ignore_ament_install']
[1.009s] Level 1:colcon.colcon_core.package_identification:_identify(src/install) by extension 'ignore'
[1.010s] Level 1:colcon.colcon_core.package_identification:_identify(src/install) ignored
[1.010s] Level 1:colcon.colcon_core.package_identification:_identify(src/log) by extensions ['ignore', 'ignore_ament_install']
[1.010s] Level 1:colcon.colcon_core.package_identification:_identify(src/log) by extension 'ignore'
[1.010s] Level 1:colcon.colcon_core.package_identification:_identify(src/log) ignored
[1.010s] Level 1:colcon.colcon_core.package_identification:_identify(src/lslidar_driver) by extensions ['ignore', 'ignore_ament_install']
[1.011s] Level 1:colcon.colcon_core.package_identification:_identify(src/lslidar_driver) by extension 'ignore'
[1.011s] Level 1:colcon.colcon_core.package_identification:_identify(src/lslidar_driver) by extension 'ignore_ament_install'
[1.011s] Level 1:colcon.colcon_core.package_identification:_identify(src/lslidar_driver) by extensions ['colcon_pkg']
[1.011s] Level 1:colcon.colcon_core.package_identification:_identify(src/lslidar_driver) by extension 'colcon_pkg'
[1.011s] Level 1:colcon.colcon_core.package_identification:_identify(src/lslidar_driver) by extensions ['colcon_meta']
[1.011s] Level 1:colcon.colcon_core.package_identification:_identify(src/lslidar_driver) by extension 'colcon_meta'
[1.011s] Level 1:colcon.colcon_core.package_identification:_identify(src/lslidar_driver) by extensions ['ros']
[1.011s] Level 1:colcon.colcon_core.package_identification:_identify(src/lslidar_driver) by extension 'ros'
[1.013s] DEBUG:colcon.colcon_core.package_identification:Package 'src/lslidar_driver' with type 'ros.ament_cmake' and name 'lslidar_driver'
[1.013s] Level 1:colcon.colcon_core.package_identification:_identify(src/lslidar_msgs) by extensions ['ignore', 'ignore_ament_install']
[1.014s] Level 1:colcon.colcon_core.package_identification:_identify(src/lslidar_msgs) by extension 'ignore'
[1.014s] Level 1:colcon.colcon_core.package_identification:_identify(src/lslidar_msgs) by extension 'ignore_ament_install'
[1.014s] Level 1:colcon.colcon_core.package_identification:_identify(src/lslidar_msgs) by extensions ['colcon_pkg']
[1.014s] Level 1:colcon.colcon_core.package_identification:_identify(src/lslidar_msgs) by extension 'colcon_pkg'
[1.014s] Level 1:colcon.colcon_core.package_identification:_identify(src/lslidar_msgs) by extensions ['colcon_meta']
[1.014s] Level 1:colcon.colcon_core.package_identification:_identify(src/lslidar_msgs) by extension 'colcon_meta'
[1.014s] Level 1:colcon.colcon_core.package_identification:_identify(src/lslidar_msgs) by extensions ['ros']
[1.014s] Level 1:colcon.colcon_core.package_identification:_identify(src/lslidar_msgs) by extension 'ros'
[1.016s] DEBUG:colcon.colcon_core.package_identification:Package 'src/lslidar_msgs' with type 'ros.ament_cmake' and name 'lslidar_msgs'
[1.016s] Level 1:colcon.colcon_core.package_identification:_identify(src/my_cartographer) by extensions ['ignore', 'ignore_ament_install']
[1.016s] Level 1:colcon.colcon_core.package_identification:_identify(src/my_cartographer) by extension 'ignore'
[1.017s] Level 1:colcon.colcon_core.package_identification:_identify(src/my_cartographer) by extension 'ignore_ament_install'
[1.017s] Level 1:colcon.colcon_core.package_identification:_identify(src/my_cartographer) by extensions ['colcon_pkg']
[1.017s] Level 1:colcon.colcon_core.package_identification:_identify(src/my_cartographer) by extension 'colcon_pkg'
[1.017s] Level 1:colcon.colcon_core.package_identification:_identify(src/my_cartographer) by extensions ['colcon_meta']
[1.017s] Level 1:colcon.colcon_core.package_identification:_identify(src/my_cartographer) by extension 'colcon_meta'
[1.017s] Level 1:colcon.colcon_core.package_identification:_identify(src/my_cartographer) by extensions ['ros']
[1.017s] Level 1:colcon.colcon_core.package_identification:_identify(src/my_cartographer) by extension 'ros'
[1.018s] DEBUG:colcon.colcon_core.package_identification:Package 'src/my_cartographer' with type 'ros.ament_cmake' and name 'my_cartographer'
[1.019s] Level 1:colcon.colcon_core.package_identification:_identify(src/serial) by extensions ['ignore', 'ignore_ament_install']
[1.019s] Level 1:colcon.colcon_core.package_identification:_identify(src/serial) by extension 'ignore'
[1.019s] Level 1:colcon.colcon_core.package_identification:_identify(src/serial) by extension 'ignore_ament_install'
[1.019s] Level 1:colcon.colcon_core.package_identification:_identify(src/serial) by extensions ['colcon_pkg']
[1.019s] Level 1:colcon.colcon_core.package_identification:_identify(src/serial) by extension 'colcon_pkg'
[1.019s] Level 1:colcon.colcon_core.package_identification:_identify(src/serial) by extensions ['colcon_meta']
[1.020s] Level 1:colcon.colcon_core.package_identification:_identify(src/serial) by extension 'colcon_meta'
[1.020s] Level 1:colcon.colcon_core.package_identification:_identify(src/serial) by extensions ['ros']
[1.020s] Level 1:colcon.colcon_core.package_identification:_identify(src/serial) by extension 'ros'
[1.022s] DEBUG:colcon.colcon_core.package_identification:Package 'src/serial' with type 'ros.ament_cmake' and name 'serial'
[1.023s] Level 1:colcon.colcon_core.package_identification:_identify(src/tf_init) by extensions ['ignore', 'ignore_ament_install']
[1.023s] Level 1:colcon.colcon_core.package_identification:_identify(src/tf_init) by extension 'ignore'
[1.023s] Level 1:colcon.colcon_core.package_identification:_identify(src/tf_init) by extension 'ignore_ament_install'
[1.023s] Level 1:colcon.colcon_core.package_identification:_identify(src/tf_init) by extensions ['colcon_pkg']
[1.023s] Level 1:colcon.colcon_core.package_identification:_identify(src/tf_init) by extension 'colcon_pkg'
[1.024s] Level 1:colcon.colcon_core.package_identification:_identify(src/tf_init) by extensions ['colcon_meta']
[1.024s] Level 1:colcon.colcon_core.package_identification:_identify(src/tf_init) by extension 'colcon_meta'
[1.024s] Level 1:colcon.colcon_core.package_identification:_identify(src/tf_init) by extensions ['ros']
[1.024s] Level 1:colcon.colcon_core.package_identification:_identify(src/tf_init) by extension 'ros'
[1.025s] DEBUG:colcon.colcon_core.package_identification:Package 'src/tf_init' with type 'ros.ament_python' and name 'tf_init'
[1.025s] Level 1:colcon.colcon_core.package_discovery:discover_packages(recursive) using defaults
[1.025s] Level 1:colcon.colcon_core.package_discovery:discover_packages(ignore) discover
[1.025s] Level 1:colcon.colcon_core.package_discovery:discover_packages(ignore) using defaults
[1.026s] Level 1:colcon.colcon_core.package_discovery:discover_packages(path) discover
[1.026s] Level 1:colcon.colcon_core.package_discovery:discover_packages(path) using defaults
[1.071s] INFO:colcon.colcon_core.package_selection:Skipping not selected package 'cartographer' in 'src/cartographer'
[1.071s] INFO:colcon.colcon_core.package_selection:Skipping not selected package 'cartographer_ros_msgs' in 'src/cartographer_ros/cartographer_ros_msgs'
[1.071s] INFO:colcon.colcon_core.package_selection:Skipping not selected package 'imu' in 'src/imu'
[1.071s] INFO:colcon.colcon_core.package_selection:Skipping not selected package 'lslidar_msgs' in 'src/lslidar_msgs'
[1.071s] INFO:colcon.colcon_core.package_selection:Skipping not selected package 'my_cartographer' in 'src/my_cartographer'
[1.071s] INFO:colcon.colcon_core.package_selection:Skipping not selected package 'serial' in 'src/serial'
[1.071s] INFO:colcon.colcon_core.package_selection:Skipping not selected package 'cartographer_ros' in 'src/cartographer_ros/cartographer_ros'
[1.071s] INFO:colcon.colcon_core.package_selection:Skipping not selected package 'lslidar_driver' in 'src/lslidar_driver'
[1.072s] Level 1:colcon.colcon_core.package_discovery:discover_packages(prefix_path) check parameters
[1.072s] Level 1:colcon.colcon_core.package_discovery:discover_packages(prefix_path) discover
[1.078s] DEBUG:colcon.colcon_installed_package_information.package_discovery:Found 10 installed packages in /home/ubuntu/Desktop/cartographer_ws/install
[1.082s] DEBUG:colcon.colcon_installed_package_information.package_discovery:Found 258 installed packages in /opt/ros/foxy
[1.088s] Level 1:colcon.colcon_core.package_discovery:discover_packages(prefix_path) using defaults
[1.282s] Level 5:colcon.colcon_core.verb:set package 'tf_init' build argument 'cmake_args' from command line to 'None'
[1.283s] Level 5:colcon.colcon_core.verb:set package 'tf_init' build argument 'cmake_target' from command line to 'None'
[1.283s] Level 5:colcon.colcon_core.verb:set package 'tf_init' build argument 'cmake_target_skip_unavailable' from command line to 'False'
[1.283s] Level 5:colcon.colcon_core.verb:set package 'tf_init' build argument 'cmake_clean_cache' from command line to 'False'
[1.283s] Level 5:colcon.colcon_core.verb:set package 'tf_init' build argument 'cmake_clean_first' from command line to 'False'
[1.283s] Level 5:colcon.colcon_core.verb:set package 'tf_init' build argument 'cmake_force_configure' from command line to 'False'
[1.283s] Level 5:colcon.colcon_core.verb:set package 'tf_init' build argument 'ament_cmake_args' from command line to 'None'
[1.283s] Level 5:colcon.colcon_core.verb:set package 'tf_init' build argument 'catkin_cmake_args' from command line to 'None'
[1.283s] Level 5:colcon.colcon_core.verb:set package 'tf_init' build argument 'catkin_skip_building_tests' from command line to 'False'
[1.283s] DEBUG:colcon.colcon_core.verb:Building package 'tf_init' with the following arguments: {'ament_cmake_args': None, 'build_base': '/home/ubuntu/Desktop/cartographer_ws/build/tf_init', 'catkin_cmake_args': None, 'catkin_skip_building_tests': False, 'cmake_args': None, 'cmake_clean_cache': False, 'cmake_clean_first': False, 'cmake_force_configure': False, 'cmake_target': None, 'cmake_target_skip_unavailable': False, 'install_base': '/home/ubuntu/Desktop/cartographer_ws/install/tf_init', 'merge_install': False, 'path': '/home/ubuntu/Desktop/cartographer_ws/src/tf_init', 'symlink_install': True, 'test_result_base': None}
[1.284s] INFO:colcon.colcon_core.executor:Executing jobs using 'parallel' executor
[1.290s] DEBUG:colcon.colcon_parallel_executor.executor.parallel:run_until_complete
[1.290s] INFO:colcon.colcon_ros.task.ament_python.build:Building ROS package in '/home/ubuntu/Desktop/cartographer_ws/src/tf_init' with build type 'ament_python'
[1.300s] Level 1:colcon.colcon_core.shell:create_environment_hook('tf_init', 'ament_prefix_path')
[1.305s] INFO:colcon.colcon_core.plugin_system:Skipping extension 'colcon_core.shell.bat': Not used on non-Windows systems
[1.306s] INFO:colcon.colcon_core.shell:Creating environment hook '/home/ubuntu/Desktop/cartographer_ws/install/tf_init/share/tf_init/hook/ament_prefix_path.ps1'
[1.308s] INFO:colcon.colcon_core.shell:Creating environment descriptor '/home/ubuntu/Desktop/cartographer_ws/install/tf_init/share/tf_init/hook/ament_prefix_path.dsv'
[1.319s] INFO:colcon.colcon_core.shell:Creating environment hook '/home/ubuntu/Desktop/cartographer_ws/install/tf_init/share/tf_init/hook/ament_prefix_path.sh'
[1.323s] INFO:colcon.colcon_core.shell:Skip shell extension 'powershell' for command environment: Not usable outside of PowerShell
[1.323s] DEBUG:colcon.colcon_core.shell:Skip shell extension 'dsv' for command environment
[2.040s] INFO:colcon.colcon_core.task.python.build:Building Python package in '/home/ubuntu/Desktop/cartographer_ws/src/tf_init'
[2.042s] INFO:colcon.colcon_core.shell:Skip shell extension 'powershell' for command environment: Not usable outside of PowerShell
[2.042s] DEBUG:colcon.colcon_core.shell:Skip shell extension 'dsv' for command environment
[3.501s] DEBUG:colcon.colcon_core.event_handler.log_command:Invoking command in '/home/ubuntu/Desktop/cartographer_ws/build/tf_init': PYTHONPATH=/home/ubuntu/Desktop/cartographer_ws/build/tf_init/prefix_override:/usr/lib/python3/dist-packages/colcon_core/task/python/colcon_distutils_commands:/home/ubuntu/Desktop/cartographer_ws/install/tf_init/lib/python3.8/site-packages:${PYTHONPATH} /usr/bin/python3 -W ignore:setup.py install is deprecated setup.py develop --editable --build-directory /home/ubuntu/Desktop/cartographer_ws/build/tf_init/build --no-deps symlink_data
[4.414s] Level 1:colcon.colcon_core.shell:create_environment_hook('tf_init', 'pythonpath_develop')
[4.415s] INFO:colcon.colcon_core.shell:Creating environment hook '/home/ubuntu/Desktop/cartographer_ws/build/tf_init/share/tf_init/hook/pythonpath_develop.ps1'
[4.416s] DEBUG:colcon.colcon_core.event_handler.log_command:Invoked command in '/home/ubuntu/Desktop/cartographer_ws/build/tf_init' returned '0': PYTHONPATH=/home/ubuntu/Desktop/cartographer_ws/build/tf_init/prefix_override:/usr/lib/python3/dist-packages/colcon_core/task/python/colcon_distutils_commands:/home/ubuntu/Desktop/cartographer_ws/install/tf_init/lib/python3.8/site-packages:${PYTHONPATH} /usr/bin/python3 -W ignore:setup.py install is deprecated setup.py develop --editable --build-directory /home/ubuntu/Desktop/cartographer_ws/build/tf_init/build --no-deps symlink_data
[4.416s] INFO:colcon.colcon_core.shell:Creating environment descriptor '/home/ubuntu/Desktop/cartographer_ws/build/tf_init/share/tf_init/hook/pythonpath_develop.dsv'
[4.417s] INFO:colcon.colcon_core.shell:Creating environment hook '/home/ubuntu/Desktop/cartographer_ws/build/tf_init/share/tf_init/hook/pythonpath_develop.sh'
[4.421s] Level 1:colcon.colcon_core.environment:checking '/home/ubuntu/Desktop/cartographer_ws/install/tf_init' for CMake module files
[4.426s] Level 1:colcon.colcon_core.environment:checking '/home/ubuntu/Desktop/cartographer_ws/install/tf_init' for CMake config files
[4.427s] Level 1:colcon.colcon_core.environment:checking '/home/ubuntu/Desktop/cartographer_ws/install/tf_init/lib'
[4.427s] Level 1:colcon.colcon_core.environment:checking '/home/ubuntu/Desktop/cartographer_ws/install/tf_init/bin'
[4.427s] Level 1:colcon.colcon_core.environment:checking '/home/ubuntu/Desktop/cartographer_ws/install/tf_init/lib/pkgconfig/tf_init.pc'
[4.428s] Level 1:colcon.colcon_core.environment:checking '/home/ubuntu/Desktop/cartographer_ws/install/tf_init/lib/python3.8/site-packages'
[4.428s] Level 1:colcon.colcon_core.shell:create_environment_hook('tf_init', 'pythonpath')
[4.428s] INFO:colcon.colcon_core.shell:Creating environment hook '/home/ubuntu/Desktop/cartographer_ws/install/tf_init/share/tf_init/hook/pythonpath.ps1'
[4.429s] INFO:colcon.colcon_core.shell:Creating environment descriptor '/home/ubuntu/Desktop/cartographer_ws/install/tf_init/share/tf_init/hook/pythonpath.dsv'
[4.429s] INFO:colcon.colcon_core.shell:Creating environment hook '/home/ubuntu/Desktop/cartographer_ws/install/tf_init/share/tf_init/hook/pythonpath.sh'
[4.430s] Level 1:colcon.colcon_core.environment:checking '/home/ubuntu/Desktop/cartographer_ws/install/tf_init/bin'
[4.431s] Level 1:colcon.colcon_core.environment:create_environment_scripts_only(tf_init)
[4.431s] INFO:colcon.colcon_core.shell:Creating package script '/home/ubuntu/Desktop/cartographer_ws/install/tf_init/share/tf_init/package.ps1'
[4.432s] INFO:colcon.colcon_core.shell:Creating package descriptor '/home/ubuntu/Desktop/cartographer_ws/install/tf_init/share/tf_init/package.dsv'
[4.433s] INFO:colcon.colcon_core.shell:Creating package script '/home/ubuntu/Desktop/cartographer_ws/install/tf_init/share/tf_init/package.sh'
[4.434s] INFO:colcon.colcon_core.shell:Creating package script '/home/ubuntu/Desktop/cartographer_ws/install/tf_init/share/tf_init/package.bash'
[4.435s] INFO:colcon.colcon_core.shell:Creating package script '/home/ubuntu/Desktop/cartographer_ws/install/tf_init/share/tf_init/package.zsh'
[4.437s] Level 1:colcon.colcon_core.environment:create_file_with_runtime_dependencies(/home/ubuntu/Desktop/cartographer_ws/install/tf_init/share/colcon-core/packages/tf_init)
[4.439s] DEBUG:colcon.colcon_parallel_executor.executor.parallel:closing loop
[4.440s] DEBUG:colcon.colcon_parallel_executor.executor.parallel:loop closed
[4.440s] DEBUG:colcon.colcon_parallel_executor.executor.parallel:run_until_complete finished with '0'
[4.442s] DEBUG:colcon.colcon_core.event_reactor:joining thread
[4.468s] INFO:colcon.colcon_core.plugin_system:Skipping extension 'colcon_notification.desktop_notification.terminal_notifier': Not used on non-Darwin systems
[4.468s] INFO:colcon.colcon_core.plugin_system:Skipping extension 'colcon_notification.desktop_notification.win32': Not used on non-Windows systems
[4.468s] INFO:colcon.colcon_notification.desktop_notification:Sending desktop notification using 'notify2'
[4.520s] DEBUG:colcon.colcon_core.event_reactor:joined thread
[4.521s] INFO:colcon.colcon_core.shell:Creating prefix script '/home/ubuntu/Desktop/cartographer_ws/install/local_setup.ps1'
[4.524s] INFO:colcon.colcon_core.shell:Creating prefix util module '/home/ubuntu/Desktop/cartographer_ws/install/_local_setup_util_ps1.py'
[4.527s] INFO:colcon.colcon_core.shell:Creating prefix chain script '/home/ubuntu/Desktop/cartographer_ws/install/setup.ps1'
[4.536s] INFO:colcon.colcon_core.shell:Creating prefix script '/home/ubuntu/Desktop/cartographer_ws/install/local_setup.sh'
[4.539s] INFO:colcon.colcon_core.shell:Creating prefix util module '/home/ubuntu/Desktop/cartographer_ws/install/_local_setup_util_sh.py'
[4.541s] INFO:colcon.colcon_core.shell:Creating prefix chain script '/home/ubuntu/Desktop/cartographer_ws/install/setup.sh'
[4.553s] INFO:colcon.colcon_core.shell:Creating prefix script '/home/ubuntu/Desktop/cartographer_ws/install/local_setup.bash'
[4.555s] INFO:colcon.colcon_core.shell:Creating prefix chain script '/home/ubuntu/Desktop/cartographer_ws/install/setup.bash'
[4.559s] INFO:colcon.colcon_core.shell:Creating prefix script '/home/ubuntu/Desktop/cartographer_ws/install/local_setup.zsh'
[4.566s] INFO:colcon.colcon_core.shell:Creating prefix chain script '/home/ubuntu/Desktop/cartographer_ws/install/setup.zsh'
