[0.056s] Invoking command in '/home/ubuntu/Desktop/cartographer_ws/build/anolink': CMAKE_PREFIX_PATH=${CMAKE_PREFIX_PATH}:/opt/ros/foxy /usr/bin/cmake /home/ubuntu/Desktop/cartographer_ws/src/anolink -DCMAKE_INSTALL_PREFIX=/home/ubuntu/Desktop/cartographer_ws/install/anolink
[0.112s] -- Found ament_cmake: 0.9.12 (/opt/ros/foxy/share/ament_cmake/cmake)
[0.178s] -- Using PYTHON_EXECUTABLE: /usr/bin/python3
[0.696s] -- Found rclcpp: 2.4.3 (/opt/ros/foxy/share/rclcpp/cmake)
[0.789s] -- Using all available rosidl_typesupport_c: rosidl_typesupport_fastrtps_c;rosidl_typesupport_introspection_c
[0.797s] -- Found rosidl_adapter: 1.3.1 (/opt/ros/foxy/share/rosidl_adapter/cmake)
[1.155s] -- Using all available rosidl_typesupport_cpp: rosidl_typesupport_fastrtps_cpp;rosidl_typesupport_introspection_cpp
[1.288s] -- Found rmw_implementation_cmake: 1.0.4 (/opt/ros/foxy/share/rmw_implementation_cmake/cmake)
[1.292s] -- Using RMW implementation 'rmw_fastrtps_cpp' as default
[1.696s] -- Found sensor_msgs: 2.0.5 (/opt/ros/foxy/share/sensor_msgs/cmake)
[2.008s] -- Found tf2: 0.13.14 (/opt/ros/foxy/share/tf2/cmake)
[2.038s] -- Found tf2_ros: 0.13.14 (/opt/ros/foxy/share/tf2_ros/cmake)
[2.891s] CMake Error at CMakeLists.txt:20 (find_package):
[2.891s]   By not providing "Findserial.cmake" in CMAKE_MODULE_PATH this project has
[2.891s]   asked CMake to find a package configuration file provided by "serial", but
[2.891s]   CMake did not find one.
[2.892s] 
[2.892s]   Could not find a package configuration file provided by "serial" with any
[2.892s]   of the following names:
[2.892s] 
[2.892s]     serialConfig.cmake
[2.892s]     serial-config.cmake
[2.893s] 
[2.893s]   Add the installation prefix of "serial" to CMAKE_PREFIX_PATH or set
[2.893s]   "serial_DIR" to a directory containing one of the above files.  If "serial"
[2.893s]   provides a separate development package or SDK, be sure it has been
[2.893s]   installed.
[2.893s] 
[2.894s] 
[2.899s] -- Configuring incomplete, errors occurred!
[2.899s] See also "/home/ubuntu/Desktop/cartographer_ws/build/anolink/CMakeFiles/CMakeOutput.log".
[2.899s] See also "/home/ubuntu/Desktop/cartographer_ws/build/anolink/CMakeFiles/CMakeError.log".
[2.912s] Invoked command in '/home/ubuntu/Desktop/cartographer_ws/build/anolink' returned '1': CMAKE_PREFIX_PATH=${CMAKE_PREFIX_PATH}:/opt/ros/foxy /usr/bin/cmake /home/ubuntu/Desktop/cartographer_ws/src/anolink -DCMAKE_INSTALL_PREFIX=/home/ubuntu/Desktop/cartographer_ws/install/anolink
