[0.137s] Invoking command in '/home/ubuntu/Desktop/cartographer_ws/build/cartographer_ros_msgs': CMAKE_PREFIX_PATH=/home/ubuntu/Desktop/cartographer_ws/install/tf_init:/home/ubuntu/Desktop/cartographer_ws/install/imu:/opt/ros/foxy:${CMAKE_PREFIX_PATH} /usr/bin/cmake --build /home/ubuntu/Desktop/cartographer_ws/build/cartographer_ros_msgs -- -j2 -l2
[0.678s] [  0%] Built target cartographer_ros_msgs__cpp
[0.938s] [ 12%] Built target cartographer_ros_msgs__rosidl_generator_c
[1.128s] [ 24%] Built target cartographer_ros_msgs__rosidl_typesupport_cpp
[1.310s] [ 36%] Built target cartographer_ros_msgs__rosidl_typesupport_fastrtps_cpp
[1.535s] [ 48%] Built target cartographer_ros_msgs__rosidl_typesupport_introspection_c
[1.758s] [ 60%] Built target cartographer_ros_msgs__rosidl_typesupport_c
[2.026s] [ 72%] Built target cartographer_ros_msgs__rosidl_typesupport_introspection_cpp
[2.293s] [ 84%] Built target cartographer_ros_msgs__rosidl_typesupport_fastrtps_c
[2.529s] [ 84%] Built target cartographer_ros_msgs
[2.733s] [ 85%] Built target cartographer_ros_msgs__py
[2.951s] [ 96%] Built target cartographer_ros_msgs__python
[3.211s] [ 97%] Built target cartographer_ros_msgs__rosidl_typesupport_c__pyext
[3.408s] [ 99%] Built target cartographer_ros_msgs__rosidl_typesupport_introspection_c__pyext
[3.621s] [100%] Built target cartographer_ros_msgs__rosidl_typesupport_fastrtps_c__pyext
[3.687s] Invoked command in '/home/ubuntu/Desktop/cartographer_ws/build/cartographer_ros_msgs' returned '0': CMAKE_PREFIX_PATH=/home/ubuntu/Desktop/cartographer_ws/install/tf_init:/home/ubuntu/Desktop/cartographer_ws/install/imu:/opt/ros/foxy:${CMAKE_PREFIX_PATH} /usr/bin/cmake --build /home/ubuntu/Desktop/cartographer_ws/build/cartographer_ros_msgs -- -j2 -l2
[6.622s] Invoking command in '/home/ubuntu/Desktop/cartographer_ws/build/cartographer_ros_msgs': CMAKE_PREFIX_PATH=/home/ubuntu/Desktop/cartographer_ws/install/tf_init:/home/ubuntu/Desktop/cartographer_ws/install/imu:/opt/ros/foxy:${CMAKE_PREFIX_PATH} /usr/bin/cmake --install /home/ubuntu/Desktop/cartographer_ws/build/cartographer_ros_msgs
[6.692s] -- Install configuration: ""
[6.703s] -- Up-to-date: /home/ubuntu/Desktop/cartographer_ws/install/cartographer_ros_msgs/share/ament_index/resource_index/rosidl_interfaces/cartographer_ros_msgs
[6.703s] -- Up-to-date: /home/ubuntu/Desktop/cartographer_ws/install/cartographer_ros_msgs/include/cartographer_ros_msgs
[6.711s] -- Up-to-date: /home/ubuntu/Desktop/cartographer_ws/install/cartographer_ros_msgs/include/cartographer_ros_msgs/srv
[6.712s] -- Up-to-date: /home/ubuntu/Desktop/cartographer_ws/install/cartographer_ros_msgs/include/cartographer_ros_msgs/srv/start_trajectory.h
[6.717s] -- Up-to-date: /home/ubuntu/Desktop/cartographer_ws/install/cartographer_ros_msgs/include/cartographer_ros_msgs/srv/finish_trajectory.h
[6.733s] -- Up-to-date: /home/ubuntu/Desktop/cartographer_ws/install/cartographer_ros_msgs/include/cartographer_ros_msgs/srv/write_state.h
[6.733s] -- Up-to-date: /home/ubuntu/Desktop/cartographer_ws/install/cartographer_ros_msgs/include/cartographer_ros_msgs/srv/detail
[6.733s] -- Up-to-date: /home/ubuntu/Desktop/cartographer_ws/install/cartographer_ros_msgs/include/cartographer_ros_msgs/srv/detail/submap_query__functions.c
[6.733s] -- Up-to-date: /home/ubuntu/Desktop/cartographer_ws/install/cartographer_ros_msgs/include/cartographer_ros_msgs/srv/detail/start_trajectory__functions.c
[6.733s] -- Up-to-date: /home/ubuntu/Desktop/cartographer_ws/install/cartographer_ros_msgs/include/cartographer_ros_msgs/srv/detail/write_state__functions.c
[6.734s] -- Up-to-date: /home/ubuntu/Desktop/cartographer_ws/install/cartographer_ros_msgs/include/cartographer_ros_msgs/srv/detail/write_state__struct.h
[6.734s] -- Up-to-date: /home/ubuntu/Desktop/cartographer_ws/install/cartographer_ros_msgs/include/cartographer_ros_msgs/srv/detail/finish_trajectory__struct.h
[6.734s] -- Up-to-date: /home/ubuntu/Desktop/cartographer_ws/install/cartographer_ros_msgs/include/cartographer_ros_msgs/srv/detail/finish_trajectory__type_support.h
[6.734s] -- Up-to-date: /home/ubuntu/Desktop/cartographer_ws/install/cartographer_ros_msgs/include/cartographer_ros_msgs/srv/detail/finish_trajectory__functions.h
[6.734s] -- Up-to-date: /home/ubuntu/Desktop/cartographer_ws/install/cartographer_ros_msgs/include/cartographer_ros_msgs/srv/detail/start_trajectory__struct.h
[6.735s] -- Up-to-date: /home/ubuntu/Desktop/cartographer_ws/install/cartographer_ros_msgs/include/cartographer_ros_msgs/srv/detail/write_state__type_support.h
[6.735s] -- Up-to-date: /home/ubuntu/Desktop/cartographer_ws/install/cartographer_ros_msgs/include/cartographer_ros_msgs/srv/detail/submap_query__struct.h
[6.735s] -- Up-to-date: /home/ubuntu/Desktop/cartographer_ws/install/cartographer_ros_msgs/include/cartographer_ros_msgs/srv/detail/write_state__functions.h
[6.735s] -- Up-to-date: /home/ubuntu/Desktop/cartographer_ws/install/cartographer_ros_msgs/include/cartographer_ros_msgs/srv/detail/finish_trajectory__functions.c
[6.735s] -- Up-to-date: /home/ubuntu/Desktop/cartographer_ws/install/cartographer_ros_msgs/include/cartographer_ros_msgs/srv/detail/submap_query__type_support.h
[6.736s] -- Up-to-date: /home/ubuntu/Desktop/cartographer_ws/install/cartographer_ros_msgs/include/cartographer_ros_msgs/srv/detail/start_trajectory__type_support.h
[6.736s] -- Up-to-date: /home/ubuntu/Desktop/cartographer_ws/install/cartographer_ros_msgs/include/cartographer_ros_msgs/srv/detail/start_trajectory__functions.h
[6.736s] -- Up-to-date: /home/ubuntu/Desktop/cartographer_ws/install/cartographer_ros_msgs/include/cartographer_ros_msgs/srv/detail/submap_query__functions.h
[6.736s] -- Up-to-date: /home/ubuntu/Desktop/cartographer_ws/install/cartographer_ros_msgs/include/cartographer_ros_msgs/srv/submap_query.h
[6.736s] -- Up-to-date: /home/ubuntu/Desktop/cartographer_ws/install/cartographer_ros_msgs/include/cartographer_ros_msgs/msg
[6.736s] -- Up-to-date: /home/ubuntu/Desktop/cartographer_ws/install/cartographer_ros_msgs/include/cartographer_ros_msgs/msg/submap_texture.h
[6.737s] -- Up-to-date: /home/ubuntu/Desktop/cartographer_ws/install/cartographer_ros_msgs/include/cartographer_ros_msgs/msg/submap_list.h
[6.737s] -- Up-to-date: /home/ubuntu/Desktop/cartographer_ws/install/cartographer_ros_msgs/include/cartographer_ros_msgs/msg/sensor_topics.h
[6.737s] -- Up-to-date: /home/ubuntu/Desktop/cartographer_ws/install/cartographer_ros_msgs/include/cartographer_ros_msgs/msg/landmark_entry.h
[6.737s] -- Up-to-date: /home/ubuntu/Desktop/cartographer_ws/install/cartographer_ros_msgs/include/cartographer_ros_msgs/msg/status_code.h
[6.737s] -- Up-to-date: /home/ubuntu/Desktop/cartographer_ws/install/cartographer_ros_msgs/include/cartographer_ros_msgs/msg/landmark_list.h
[6.737s] -- Up-to-date: /home/ubuntu/Desktop/cartographer_ws/install/cartographer_ros_msgs/include/cartographer_ros_msgs/msg/rosidl_generator_c__visibility_control.h
[6.737s] -- Up-to-date: /home/ubuntu/Desktop/cartographer_ws/install/cartographer_ros_msgs/include/cartographer_ros_msgs/msg/submap_entry.h
[6.742s] -- Up-to-date: /home/ubuntu/Desktop/cartographer_ws/install/cartographer_ros_msgs/include/cartographer_ros_msgs/msg/trajectory_options.h
[6.743s] -- Up-to-date: /home/ubuntu/Desktop/cartographer_ws/install/cartographer_ros_msgs/include/cartographer_ros_msgs/msg/detail
[6.743s] -- Up-to-date: /home/ubuntu/Desktop/cartographer_ws/install/cartographer_ros_msgs/include/cartographer_ros_msgs/msg/detail/submap_entry__functions.h
[6.743s] -- Up-to-date: /home/ubuntu/Desktop/cartographer_ws/install/cartographer_ros_msgs/include/cartographer_ros_msgs/msg/detail/trajectory_options__type_support.h
[6.743s] -- Up-to-date: /home/ubuntu/Desktop/cartographer_ws/install/cartographer_ros_msgs/include/cartographer_ros_msgs/msg/detail/landmark_list__struct.h
[6.743s] -- Up-to-date: /home/ubuntu/Desktop/cartographer_ws/install/cartographer_ros_msgs/include/cartographer_ros_msgs/msg/detail/submap_texture__type_support.h
[6.744s] -- Up-to-date: /home/ubuntu/Desktop/cartographer_ws/install/cartographer_ros_msgs/include/cartographer_ros_msgs/msg/detail/trajectory_options__functions.c
[6.744s] -- Up-to-date: /home/ubuntu/Desktop/cartographer_ws/install/cartographer_ros_msgs/include/cartographer_ros_msgs/msg/detail/submap_entry__type_support.h
[6.744s] -- Up-to-date: /home/ubuntu/Desktop/cartographer_ws/install/cartographer_ros_msgs/include/cartographer_ros_msgs/msg/detail/landmark_list__functions.h
[6.744s] -- Up-to-date: /home/ubuntu/Desktop/cartographer_ws/install/cartographer_ros_msgs/include/cartographer_ros_msgs/msg/detail/submap_entry__struct.h
[6.744s] -- Up-to-date: /home/ubuntu/Desktop/cartographer_ws/install/cartographer_ros_msgs/include/cartographer_ros_msgs/msg/detail/submap_texture__struct.h
[6.744s] -- Up-to-date: /home/ubuntu/Desktop/cartographer_ws/install/cartographer_ros_msgs/include/cartographer_ros_msgs/msg/detail/landmark_list__functions.c
[6.744s] -- Up-to-date: /home/ubuntu/Desktop/cartographer_ws/install/cartographer_ros_msgs/include/cartographer_ros_msgs/msg/detail/landmark_entry__type_support.h
[6.745s] -- Up-to-date: /home/ubuntu/Desktop/cartographer_ws/install/cartographer_ros_msgs/include/cartographer_ros_msgs/msg/detail/submap_list__functions.c
[6.745s] -- Up-to-date: /home/ubuntu/Desktop/cartographer_ws/install/cartographer_ros_msgs/include/cartographer_ros_msgs/msg/detail/status_response__type_support.h
[6.745s] -- Up-to-date: /home/ubuntu/Desktop/cartographer_ws/install/cartographer_ros_msgs/include/cartographer_ros_msgs/msg/detail/sensor_topics__functions.h
[6.745s] -- Up-to-date: /home/ubuntu/Desktop/cartographer_ws/install/cartographer_ros_msgs/include/cartographer_ros_msgs/msg/detail/sensor_topics__functions.c
[6.745s] -- Up-to-date: /home/ubuntu/Desktop/cartographer_ws/install/cartographer_ros_msgs/include/cartographer_ros_msgs/msg/detail/trajectory_options__functions.h
[6.745s] -- Up-to-date: /home/ubuntu/Desktop/cartographer_ws/install/cartographer_ros_msgs/include/cartographer_ros_msgs/msg/detail/sensor_topics__struct.h
[6.746s] -- Up-to-date: /home/ubuntu/Desktop/cartographer_ws/install/cartographer_ros_msgs/include/cartographer_ros_msgs/msg/detail/status_response__struct.h
[6.746s] -- Up-to-date: /home/ubuntu/Desktop/cartographer_ws/install/cartographer_ros_msgs/include/cartographer_ros_msgs/msg/detail/status_response__functions.h
[6.746s] -- Up-to-date: /home/ubuntu/Desktop/cartographer_ws/install/cartographer_ros_msgs/include/cartographer_ros_msgs/msg/detail/status_code__type_support.h
[6.746s] -- Up-to-date: /home/ubuntu/Desktop/cartographer_ws/install/cartographer_ros_msgs/include/cartographer_ros_msgs/msg/detail/status_code__struct.h
[6.746s] -- Up-to-date: /home/ubuntu/Desktop/cartographer_ws/install/cartographer_ros_msgs/include/cartographer_ros_msgs/msg/detail/landmark_entry__functions.c
[6.746s] -- Up-to-date: /home/ubuntu/Desktop/cartographer_ws/install/cartographer_ros_msgs/include/cartographer_ros_msgs/msg/detail/submap_texture__functions.c
[6.747s] -- Up-to-date: /home/ubuntu/Desktop/cartographer_ws/install/cartographer_ros_msgs/include/cartographer_ros_msgs/msg/detail/trajectory_options__struct.h
[6.747s] -- Up-to-date: /home/ubuntu/Desktop/cartographer_ws/install/cartographer_ros_msgs/include/cartographer_ros_msgs/msg/detail/submap_texture__functions.h
[6.747s] -- Up-to-date: /home/ubuntu/Desktop/cartographer_ws/install/cartographer_ros_msgs/include/cartographer_ros_msgs/msg/detail/status_code__functions.h
[6.747s] -- Up-to-date: /home/ubuntu/Desktop/cartographer_ws/install/cartographer_ros_msgs/include/cartographer_ros_msgs/msg/detail/sensor_topics__type_support.h
[6.747s] -- Up-to-date: /home/ubuntu/Desktop/cartographer_ws/install/cartographer_ros_msgs/include/cartographer_ros_msgs/msg/detail/status_code__functions.c
[6.748s] -- Up-to-date: /home/ubuntu/Desktop/cartographer_ws/install/cartographer_ros_msgs/include/cartographer_ros_msgs/msg/detail/submap_entry__functions.c
[6.748s] -- Up-to-date: /home/ubuntu/Desktop/cartographer_ws/install/cartographer_ros_msgs/include/cartographer_ros_msgs/msg/detail/status_response__functions.c
[6.748s] -- Up-to-date: /home/ubuntu/Desktop/cartographer_ws/install/cartographer_ros_msgs/include/cartographer_ros_msgs/msg/detail/landmark_list__type_support.h
[6.748s] -- Up-to-date: /home/ubuntu/Desktop/cartographer_ws/install/cartographer_ros_msgs/include/cartographer_ros_msgs/msg/detail/landmark_entry__struct.h
[6.748s] -- Up-to-date: /home/ubuntu/Desktop/cartographer_ws/install/cartographer_ros_msgs/include/cartographer_ros_msgs/msg/detail/landmark_entry__functions.h
[6.748s] -- Up-to-date: /home/ubuntu/Desktop/cartographer_ws/install/cartographer_ros_msgs/include/cartographer_ros_msgs/msg/detail/submap_list__struct.h
[6.749s] -- Up-to-date: /home/ubuntu/Desktop/cartographer_ws/install/cartographer_ros_msgs/include/cartographer_ros_msgs/msg/detail/submap_list__type_support.h
[6.762s] -- Up-to-date: /home/ubuntu/Desktop/cartographer_ws/install/cartographer_ros_msgs/include/cartographer_ros_msgs/msg/detail/submap_list__functions.h
[6.763s] -- Up-to-date: /home/ubuntu/Desktop/cartographer_ws/install/cartographer_ros_msgs/include/cartographer_ros_msgs/msg/status_response.h
[6.763s] -- Up-to-date: /home/ubuntu/Desktop/cartographer_ws/install/cartographer_ros_msgs/share/cartographer_ros_msgs/environment/library_path.sh
[6.763s] -- Up-to-date: /home/ubuntu/Desktop/cartographer_ws/install/cartographer_ros_msgs/share/cartographer_ros_msgs/environment/library_path.dsv
[6.763s] -- Up-to-date: /home/ubuntu/Desktop/cartographer_ws/install/cartographer_ros_msgs/lib/libcartographer_ros_msgs__rosidl_generator_c.so
[6.763s] -- Up-to-date: /home/ubuntu/Desktop/cartographer_ws/install/cartographer_ros_msgs/include/cartographer_ros_msgs
[6.764s] -- Up-to-date: /home/ubuntu/Desktop/cartographer_ws/install/cartographer_ros_msgs/include/cartographer_ros_msgs/srv
[6.764s] -- Up-to-date: /home/ubuntu/Desktop/cartographer_ws/install/cartographer_ros_msgs/include/cartographer_ros_msgs/srv/detail
[6.764s] -- Up-to-date: /home/ubuntu/Desktop/cartographer_ws/install/cartographer_ros_msgs/include/cartographer_ros_msgs/srv/detail/write_state__rosidl_typesupport_fastrtps_c.h
[6.764s] -- Up-to-date: /home/ubuntu/Desktop/cartographer_ws/install/cartographer_ros_msgs/include/cartographer_ros_msgs/srv/detail/submap_query__rosidl_typesupport_fastrtps_c.h
[6.765s] -- Up-to-date: /home/ubuntu/Desktop/cartographer_ws/install/cartographer_ros_msgs/include/cartographer_ros_msgs/srv/detail/finish_trajectory__rosidl_typesupport_fastrtps_c.h
[6.765s] -- Up-to-date: /home/ubuntu/Desktop/cartographer_ws/install/cartographer_ros_msgs/include/cartographer_ros_msgs/srv/detail/start_trajectory__rosidl_typesupport_fastrtps_c.h
[6.765s] -- Up-to-date: /home/ubuntu/Desktop/cartographer_ws/install/cartographer_ros_msgs/include/cartographer_ros_msgs/msg
[6.765s] -- Up-to-date: /home/ubuntu/Desktop/cartographer_ws/install/cartographer_ros_msgs/include/cartographer_ros_msgs/msg/rosidl_typesupport_fastrtps_c__visibility_control.h
[6.765s] -- Up-to-date: /home/ubuntu/Desktop/cartographer_ws/install/cartographer_ros_msgs/include/cartographer_ros_msgs/msg/detail
[6.765s] -- Up-to-date: /home/ubuntu/Desktop/cartographer_ws/install/cartographer_ros_msgs/include/cartographer_ros_msgs/msg/detail/landmark_list__rosidl_typesupport_fastrtps_c.h
[6.766s] -- Up-to-date: /home/ubuntu/Desktop/cartographer_ws/install/cartographer_ros_msgs/include/cartographer_ros_msgs/msg/detail/submap_entry__rosidl_typesupport_fastrtps_c.h
[6.766s] -- Up-to-date: /home/ubuntu/Desktop/cartographer_ws/install/cartographer_ros_msgs/include/cartographer_ros_msgs/msg/detail/sensor_topics__rosidl_typesupport_fastrtps_c.h
[6.777s] -- Up-to-date: /home/ubuntu/Desktop/cartographer_ws/install/cartographer_ros_msgs/include/cartographer_ros_msgs/msg/detail/landmark_entry__rosidl_typesupport_fastrtps_c.h
[6.777s] -- Up-to-date: /home/ubuntu/Desktop/cartographer_ws/install/cartographer_ros_msgs/include/cartographer_ros_msgs/msg/detail/trajectory_options__rosidl_typesupport_fastrtps_c.h
[6.778s] -- Up-to-date: /home/ubuntu/Desktop/cartographer_ws/install/cartographer_ros_msgs/include/cartographer_ros_msgs/msg/detail/submap_list__rosidl_typesupport_fastrtps_c.h
[6.778s] -- Up-to-date: /home/ubuntu/Desktop/cartographer_ws/install/cartographer_ros_msgs/include/cartographer_ros_msgs/msg/detail/status_code__rosidl_typesupport_fastrtps_c.h
[6.778s] -- Up-to-date: /home/ubuntu/Desktop/cartographer_ws/install/cartographer_ros_msgs/include/cartographer_ros_msgs/msg/detail/submap_texture__rosidl_typesupport_fastrtps_c.h
[6.778s] -- Up-to-date: /home/ubuntu/Desktop/cartographer_ws/install/cartographer_ros_msgs/include/cartographer_ros_msgs/msg/detail/status_response__rosidl_typesupport_fastrtps_c.h
[6.778s] -- Up-to-date: /home/ubuntu/Desktop/cartographer_ws/install/cartographer_ros_msgs/lib/libcartographer_ros_msgs__rosidl_typesupport_fastrtps_c.so
[6.779s] -- Up-to-date: /home/ubuntu/Desktop/cartographer_ws/install/cartographer_ros_msgs/include/cartographer_ros_msgs
[6.779s] -- Up-to-date: /home/ubuntu/Desktop/cartographer_ws/install/cartographer_ros_msgs/include/cartographer_ros_msgs/srv
[6.779s] -- Up-to-date: /home/ubuntu/Desktop/cartographer_ws/install/cartographer_ros_msgs/include/cartographer_ros_msgs/srv/detail
[6.779s] -- Up-to-date: /home/ubuntu/Desktop/cartographer_ws/install/cartographer_ros_msgs/include/cartographer_ros_msgs/srv/detail/finish_trajectory__rosidl_typesupport_fastrtps_cpp.hpp
[6.779s] -- Up-to-date: /home/ubuntu/Desktop/cartographer_ws/install/cartographer_ros_msgs/include/cartographer_ros_msgs/srv/detail/start_trajectory__rosidl_typesupport_fastrtps_cpp.hpp
[6.779s] -- Up-to-date: /home/ubuntu/Desktop/cartographer_ws/install/cartographer_ros_msgs/include/cartographer_ros_msgs/srv/detail/write_state__rosidl_typesupport_fastrtps_cpp.hpp
[6.779s] -- Up-to-date: /home/ubuntu/Desktop/cartographer_ws/install/cartographer_ros_msgs/include/cartographer_ros_msgs/srv/detail/dds_fastrtps
[6.780s] -- Up-to-date: /home/ubuntu/Desktop/cartographer_ws/install/cartographer_ros_msgs/include/cartographer_ros_msgs/srv/detail/submap_query__rosidl_typesupport_fastrtps_cpp.hpp
[6.780s] -- Up-to-date: /home/ubuntu/Desktop/cartographer_ws/install/cartographer_ros_msgs/include/cartographer_ros_msgs/msg
[6.780s] -- Up-to-date: /home/ubuntu/Desktop/cartographer_ws/install/cartographer_ros_msgs/include/cartographer_ros_msgs/msg/rosidl_typesupport_fastrtps_cpp__visibility_control.h
[6.780s] -- Up-to-date: /home/ubuntu/Desktop/cartographer_ws/install/cartographer_ros_msgs/include/cartographer_ros_msgs/msg/detail
[6.780s] -- Up-to-date: /home/ubuntu/Desktop/cartographer_ws/install/cartographer_ros_msgs/include/cartographer_ros_msgs/msg/detail/submap_list__rosidl_typesupport_fastrtps_cpp.hpp
[6.780s] -- Up-to-date: /home/ubuntu/Desktop/cartographer_ws/install/cartographer_ros_msgs/include/cartographer_ros_msgs/msg/detail/trajectory_options__rosidl_typesupport_fastrtps_cpp.hpp
[6.781s] -- Up-to-date: /home/ubuntu/Desktop/cartographer_ws/install/cartographer_ros_msgs/include/cartographer_ros_msgs/msg/detail/landmark_list__rosidl_typesupport_fastrtps_cpp.hpp
[6.781s] -- Up-to-date: /home/ubuntu/Desktop/cartographer_ws/install/cartographer_ros_msgs/include/cartographer_ros_msgs/msg/detail/submap_entry__rosidl_typesupport_fastrtps_cpp.hpp
[6.781s] -- Up-to-date: /home/ubuntu/Desktop/cartographer_ws/install/cartographer_ros_msgs/include/cartographer_ros_msgs/msg/detail/status_response__rosidl_typesupport_fastrtps_cpp.hpp
[6.781s] -- Up-to-date: /home/ubuntu/Desktop/cartographer_ws/install/cartographer_ros_msgs/include/cartographer_ros_msgs/msg/detail/status_code__rosidl_typesupport_fastrtps_cpp.hpp
[6.781s] -- Up-to-date: /home/ubuntu/Desktop/cartographer_ws/install/cartographer_ros_msgs/include/cartographer_ros_msgs/msg/detail/sensor_topics__rosidl_typesupport_fastrtps_cpp.hpp
[6.782s] -- Up-to-date: /home/ubuntu/Desktop/cartographer_ws/install/cartographer_ros_msgs/include/cartographer_ros_msgs/msg/detail/landmark_entry__rosidl_typesupport_fastrtps_cpp.hpp
[6.782s] -- Up-to-date: /home/ubuntu/Desktop/cartographer_ws/install/cartographer_ros_msgs/include/cartographer_ros_msgs/msg/detail/submap_texture__rosidl_typesupport_fastrtps_cpp.hpp
[6.803s] -- Up-to-date: /home/ubuntu/Desktop/cartographer_ws/install/cartographer_ros_msgs/include/cartographer_ros_msgs/msg/detail/dds_fastrtps
[6.803s] -- Up-to-date: /home/ubuntu/Desktop/cartographer_ws/install/cartographer_ros_msgs/lib/libcartographer_ros_msgs__rosidl_typesupport_fastrtps_cpp.so
[6.803s] -- Up-to-date: /home/ubuntu/Desktop/cartographer_ws/install/cartographer_ros_msgs/include/cartographer_ros_msgs
[6.803s] -- Up-to-date: /home/ubuntu/Desktop/cartographer_ws/install/cartographer_ros_msgs/include/cartographer_ros_msgs/srv
[6.803s] -- Up-to-date: /home/ubuntu/Desktop/cartographer_ws/install/cartographer_ros_msgs/include/cartographer_ros_msgs/srv/detail
[6.803s] -- Up-to-date: /home/ubuntu/Desktop/cartographer_ws/install/cartographer_ros_msgs/include/cartographer_ros_msgs/srv/detail/write_state__rosidl_typesupport_introspection_c.h
[6.804s] -- Up-to-date: /home/ubuntu/Desktop/cartographer_ws/install/cartographer_ros_msgs/include/cartographer_ros_msgs/srv/detail/submap_query__rosidl_typesupport_introspection_c.h
[6.804s] -- Up-to-date: /home/ubuntu/Desktop/cartographer_ws/install/cartographer_ros_msgs/include/cartographer_ros_msgs/srv/detail/submap_query__type_support.c
[6.804s] -- Up-to-date: /home/ubuntu/Desktop/cartographer_ws/install/cartographer_ros_msgs/include/cartographer_ros_msgs/srv/detail/finish_trajectory__rosidl_typesupport_introspection_c.h
[6.804s] -- Up-to-date: /home/ubuntu/Desktop/cartographer_ws/install/cartographer_ros_msgs/include/cartographer_ros_msgs/srv/detail/write_state__type_support.c
[6.804s] -- Up-to-date: /home/ubuntu/Desktop/cartographer_ws/install/cartographer_ros_msgs/include/cartographer_ros_msgs/srv/detail/start_trajectory__rosidl_typesupport_introspection_c.h
[6.804s] -- Up-to-date: /home/ubuntu/Desktop/cartographer_ws/install/cartographer_ros_msgs/include/cartographer_ros_msgs/srv/detail/start_trajectory__type_support.c
[6.805s] -- Up-to-date: /home/ubuntu/Desktop/cartographer_ws/install/cartographer_ros_msgs/include/cartographer_ros_msgs/srv/detail/finish_trajectory__type_support.c
[6.805s] -- Up-to-date: /home/ubuntu/Desktop/cartographer_ws/install/cartographer_ros_msgs/include/cartographer_ros_msgs/msg
[6.805s] -- Up-to-date: /home/ubuntu/Desktop/cartographer_ws/install/cartographer_ros_msgs/include/cartographer_ros_msgs/msg/detail
[6.805s] -- Up-to-date: /home/ubuntu/Desktop/cartographer_ws/install/cartographer_ros_msgs/include/cartographer_ros_msgs/msg/detail/status_code__type_support.c
[6.805s] -- Up-to-date: /home/ubuntu/Desktop/cartographer_ws/install/cartographer_ros_msgs/include/cartographer_ros_msgs/msg/detail/submap_entry__type_support.c
[6.805s] -- Up-to-date: /home/ubuntu/Desktop/cartographer_ws/install/cartographer_ros_msgs/include/cartographer_ros_msgs/msg/detail/status_response__rosidl_typesupport_introspection_c.h
[6.806s] -- Up-to-date: /home/ubuntu/Desktop/cartographer_ws/install/cartographer_ros_msgs/include/cartographer_ros_msgs/msg/detail/status_code__rosidl_typesupport_introspection_c.h
[6.806s] -- Up-to-date: /home/ubuntu/Desktop/cartographer_ws/install/cartographer_ros_msgs/include/cartographer_ros_msgs/msg/detail/landmark_list__type_support.c
[6.806s] -- Up-to-date: /home/ubuntu/Desktop/cartographer_ws/install/cartographer_ros_msgs/include/cartographer_ros_msgs/msg/detail/landmark_list__rosidl_typesupport_introspection_c.h
[6.806s] -- Up-to-date: /home/ubuntu/Desktop/cartographer_ws/install/cartographer_ros_msgs/include/cartographer_ros_msgs/msg/detail/sensor_topics__rosidl_typesupport_introspection_c.h
[6.806s] -- Up-to-date: /home/ubuntu/Desktop/cartographer_ws/install/cartographer_ros_msgs/include/cartographer_ros_msgs/msg/detail/trajectory_options__type_support.c
[6.806s] -- Up-to-date: /home/ubuntu/Desktop/cartographer_ws/install/cartographer_ros_msgs/include/cartographer_ros_msgs/msg/detail/trajectory_options__rosidl_typesupport_introspection_c.h
[6.807s] -- Up-to-date: /home/ubuntu/Desktop/cartographer_ws/install/cartographer_ros_msgs/include/cartographer_ros_msgs/msg/detail/submap_entry__rosidl_typesupport_introspection_c.h
[6.807s] -- Up-to-date: /home/ubuntu/Desktop/cartographer_ws/install/cartographer_ros_msgs/include/cartographer_ros_msgs/msg/detail/landmark_entry__rosidl_typesupport_introspection_c.h
[6.807s] -- Up-to-date: /home/ubuntu/Desktop/cartographer_ws/install/cartographer_ros_msgs/include/cartographer_ros_msgs/msg/detail/status_response__type_support.c
[6.807s] -- Up-to-date: /home/ubuntu/Desktop/cartographer_ws/install/cartographer_ros_msgs/include/cartographer_ros_msgs/msg/detail/submap_list__rosidl_typesupport_introspection_c.h
[6.807s] -- Up-to-date: /home/ubuntu/Desktop/cartographer_ws/install/cartographer_ros_msgs/include/cartographer_ros_msgs/msg/detail/submap_texture__rosidl_typesupport_introspection_c.h
[6.807s] -- Up-to-date: /home/ubuntu/Desktop/cartographer_ws/install/cartographer_ros_msgs/include/cartographer_ros_msgs/msg/detail/submap_texture__type_support.c
[6.807s] -- Up-to-date: /home/ubuntu/Desktop/cartographer_ws/install/cartographer_ros_msgs/include/cartographer_ros_msgs/msg/detail/sensor_topics__type_support.c
[6.808s] -- Up-to-date: /home/ubuntu/Desktop/cartographer_ws/install/cartographer_ros_msgs/include/cartographer_ros_msgs/msg/detail/submap_list__type_support.c
[6.808s] -- Up-to-date: /home/ubuntu/Desktop/cartographer_ws/install/cartographer_ros_msgs/include/cartographer_ros_msgs/msg/detail/landmark_entry__type_support.c
[6.808s] -- Up-to-date: /home/ubuntu/Desktop/cartographer_ws/install/cartographer_ros_msgs/include/cartographer_ros_msgs/msg/rosidl_typesupport_introspection_c__visibility_control.h
[6.808s] -- Up-to-date: /home/ubuntu/Desktop/cartographer_ws/install/cartographer_ros_msgs/lib/libcartographer_ros_msgs__rosidl_typesupport_introspection_c.so
[6.808s] -- Up-to-date: /home/ubuntu/Desktop/cartographer_ws/install/cartographer_ros_msgs/lib/libcartographer_ros_msgs__rosidl_typesupport_c.so
[6.808s] -- Up-to-date: /home/ubuntu/Desktop/cartographer_ws/install/cartographer_ros_msgs/include/cartographer_ros_msgs
[6.808s] -- Up-to-date: /home/ubuntu/Desktop/cartographer_ws/install/cartographer_ros_msgs/include/cartographer_ros_msgs/srv
[6.809s] -- Up-to-date: /home/ubuntu/Desktop/cartographer_ws/install/cartographer_ros_msgs/include/cartographer_ros_msgs/srv/write_state.hpp
[6.809s] -- Up-to-date: /home/ubuntu/Desktop/cartographer_ws/install/cartographer_ros_msgs/include/cartographer_ros_msgs/srv/start_trajectory.hpp
[6.809s] -- Up-to-date: /home/ubuntu/Desktop/cartographer_ws/install/cartographer_ros_msgs/include/cartographer_ros_msgs/srv/submap_query.hpp
[6.809s] -- Up-to-date: /home/ubuntu/Desktop/cartographer_ws/install/cartographer_ros_msgs/include/cartographer_ros_msgs/srv/detail
[6.809s] -- Up-to-date: /home/ubuntu/Desktop/cartographer_ws/install/cartographer_ros_msgs/include/cartographer_ros_msgs/srv/detail/finish_trajectory__type_support.hpp
[6.809s] -- Up-to-date: /home/ubuntu/Desktop/cartographer_ws/install/cartographer_ros_msgs/include/cartographer_ros_msgs/srv/detail/start_trajectory__struct.hpp
[6.810s] -- Up-to-date: /home/ubuntu/Desktop/cartographer_ws/install/cartographer_ros_msgs/include/cartographer_ros_msgs/srv/detail/submap_query__traits.hpp
[6.810s] -- Up-to-date: /home/ubuntu/Desktop/cartographer_ws/install/cartographer_ros_msgs/include/cartographer_ros_msgs/srv/detail/write_state__struct.hpp
[6.822s] -- Up-to-date: /home/ubuntu/Desktop/cartographer_ws/install/cartographer_ros_msgs/include/cartographer_ros_msgs/srv/detail/submap_query__struct.hpp
[6.823s] -- Up-to-date: /home/ubuntu/Desktop/cartographer_ws/install/cartographer_ros_msgs/include/cartographer_ros_msgs/srv/detail/submap_query__type_support.hpp
[6.823s] -- Up-to-date: /home/ubuntu/Desktop/cartographer_ws/install/cartographer_ros_msgs/include/cartographer_ros_msgs/srv/detail/submap_query__builder.hpp
[6.823s] -- Up-to-date: /home/ubuntu/Desktop/cartographer_ws/install/cartographer_ros_msgs/include/cartographer_ros_msgs/srv/detail/finish_trajectory__traits.hpp
[6.823s] -- Up-to-date: /home/ubuntu/Desktop/cartographer_ws/install/cartographer_ros_msgs/include/cartographer_ros_msgs/srv/detail/write_state__traits.hpp
[6.823s] -- Up-to-date: /home/ubuntu/Desktop/cartographer_ws/install/cartographer_ros_msgs/include/cartographer_ros_msgs/srv/detail/start_trajectory__builder.hpp
[6.823s] -- Up-to-date: /home/ubuntu/Desktop/cartographer_ws/install/cartographer_ros_msgs/include/cartographer_ros_msgs/srv/detail/finish_trajectory__builder.hpp
[6.824s] -- Up-to-date: /home/ubuntu/Desktop/cartographer_ws/install/cartographer_ros_msgs/include/cartographer_ros_msgs/srv/detail/write_state__type_support.hpp
[6.824s] -- Up-to-date: /home/ubuntu/Desktop/cartographer_ws/install/cartographer_ros_msgs/include/cartographer_ros_msgs/srv/detail/start_trajectory__type_support.hpp
[6.824s] -- Up-to-date: /home/ubuntu/Desktop/cartographer_ws/install/cartographer_ros_msgs/include/cartographer_ros_msgs/srv/detail/start_trajectory__traits.hpp
[6.824s] -- Up-to-date: /home/ubuntu/Desktop/cartographer_ws/install/cartographer_ros_msgs/include/cartographer_ros_msgs/srv/detail/finish_trajectory__struct.hpp
[6.824s] -- Up-to-date: /home/ubuntu/Desktop/cartographer_ws/install/cartographer_ros_msgs/include/cartographer_ros_msgs/srv/detail/write_state__builder.hpp
[6.824s] -- Up-to-date: /home/ubuntu/Desktop/cartographer_ws/install/cartographer_ros_msgs/include/cartographer_ros_msgs/srv/finish_trajectory.hpp
[6.824s] -- Up-to-date: /home/ubuntu/Desktop/cartographer_ws/install/cartographer_ros_msgs/include/cartographer_ros_msgs/msg
[6.825s] -- Up-to-date: /home/ubuntu/Desktop/cartographer_ws/install/cartographer_ros_msgs/include/cartographer_ros_msgs/msg/submap_list.hpp
[6.825s] -- Up-to-date: /home/ubuntu/Desktop/cartographer_ws/install/cartographer_ros_msgs/include/cartographer_ros_msgs/msg/status_response.hpp
[6.825s] -- Up-to-date: /home/ubuntu/Desktop/cartographer_ws/install/cartographer_ros_msgs/include/cartographer_ros_msgs/msg/status_code.hpp
[6.825s] -- Up-to-date: /home/ubuntu/Desktop/cartographer_ws/install/cartographer_ros_msgs/include/cartographer_ros_msgs/msg/submap_texture.hpp
[6.825s] -- Up-to-date: /home/ubuntu/Desktop/cartographer_ws/install/cartographer_ros_msgs/include/cartographer_ros_msgs/msg/landmark_list.hpp
[6.825s] -- Up-to-date: /home/ubuntu/Desktop/cartographer_ws/install/cartographer_ros_msgs/include/cartographer_ros_msgs/msg/sensor_topics.hpp
[6.826s] -- Up-to-date: /home/ubuntu/Desktop/cartographer_ws/install/cartographer_ros_msgs/include/cartographer_ros_msgs/msg/landmark_entry.hpp
[6.826s] -- Up-to-date: /home/ubuntu/Desktop/cartographer_ws/install/cartographer_ros_msgs/include/cartographer_ros_msgs/msg/trajectory_options.hpp
[6.826s] -- Up-to-date: /home/ubuntu/Desktop/cartographer_ws/install/cartographer_ros_msgs/include/cartographer_ros_msgs/msg/rosidl_generator_cpp__visibility_control.hpp
[6.826s] -- Up-to-date: /home/ubuntu/Desktop/cartographer_ws/install/cartographer_ros_msgs/include/cartographer_ros_msgs/msg/detail
[6.826s] -- Up-to-date: /home/ubuntu/Desktop/cartographer_ws/install/cartographer_ros_msgs/include/cartographer_ros_msgs/msg/detail/status_code__type_support.hpp
[6.826s] -- Up-to-date: /home/ubuntu/Desktop/cartographer_ws/install/cartographer_ros_msgs/include/cartographer_ros_msgs/msg/detail/status_response__traits.hpp
[6.826s] -- Up-to-date: /home/ubuntu/Desktop/cartographer_ws/install/cartographer_ros_msgs/include/cartographer_ros_msgs/msg/detail/status_response__struct.hpp
[6.827s] -- Up-to-date: /home/ubuntu/Desktop/cartographer_ws/install/cartographer_ros_msgs/include/cartographer_ros_msgs/msg/detail/submap_list__builder.hpp
[6.827s] -- Up-to-date: /home/ubuntu/Desktop/cartographer_ws/install/cartographer_ros_msgs/include/cartographer_ros_msgs/msg/detail/landmark_list__traits.hpp
[6.827s] -- Up-to-date: /home/ubuntu/Desktop/cartographer_ws/install/cartographer_ros_msgs/include/cartographer_ros_msgs/msg/detail/sensor_topics__traits.hpp
[6.827s] -- Up-to-date: /home/ubuntu/Desktop/cartographer_ws/install/cartographer_ros_msgs/include/cartographer_ros_msgs/msg/detail/landmark_entry__traits.hpp
[6.827s] -- Up-to-date: /home/ubuntu/Desktop/cartographer_ws/install/cartographer_ros_msgs/include/cartographer_ros_msgs/msg/detail/submap_list__type_support.hpp
[6.827s] -- Up-to-date: /home/ubuntu/Desktop/cartographer_ws/install/cartographer_ros_msgs/include/cartographer_ros_msgs/msg/detail/submap_list__traits.hpp
[6.828s] -- Up-to-date: /home/ubuntu/Desktop/cartographer_ws/install/cartographer_ros_msgs/include/cartographer_ros_msgs/msg/detail/landmark_list__type_support.hpp
[6.828s] -- Up-to-date: /home/ubuntu/Desktop/cartographer_ws/install/cartographer_ros_msgs/include/cartographer_ros_msgs/msg/detail/submap_texture__struct.hpp
[6.828s] -- Up-to-date: /home/ubuntu/Desktop/cartographer_ws/install/cartographer_ros_msgs/include/cartographer_ros_msgs/msg/detail/submap_entry__traits.hpp
[6.828s] -- Up-to-date: /home/ubuntu/Desktop/cartographer_ws/install/cartographer_ros_msgs/include/cartographer_ros_msgs/msg/detail/landmark_list__builder.hpp
[6.828s] -- Up-to-date: /home/ubuntu/Desktop/cartographer_ws/install/cartographer_ros_msgs/include/cartographer_ros_msgs/msg/detail/trajectory_options__traits.hpp
[6.828s] -- Up-to-date: /home/ubuntu/Desktop/cartographer_ws/install/cartographer_ros_msgs/include/cartographer_ros_msgs/msg/detail/submap_texture__builder.hpp
[6.828s] -- Up-to-date: /home/ubuntu/Desktop/cartographer_ws/install/cartographer_ros_msgs/include/cartographer_ros_msgs/msg/detail/status_response__type_support.hpp
[6.829s] -- Up-to-date: /home/ubuntu/Desktop/cartographer_ws/install/cartographer_ros_msgs/include/cartographer_ros_msgs/msg/detail/trajectory_options__type_support.hpp
[6.829s] -- Up-to-date: /home/ubuntu/Desktop/cartographer_ws/install/cartographer_ros_msgs/include/cartographer_ros_msgs/msg/detail/status_code__traits.hpp
[6.829s] -- Up-to-date: /home/ubuntu/Desktop/cartographer_ws/install/cartographer_ros_msgs/include/cartographer_ros_msgs/msg/detail/submap_texture__type_support.hpp
[6.829s] -- Up-to-date: /home/ubuntu/Desktop/cartographer_ws/install/cartographer_ros_msgs/include/cartographer_ros_msgs/msg/detail/status_response__builder.hpp
[6.829s] -- Up-to-date: /home/ubuntu/Desktop/cartographer_ws/install/cartographer_ros_msgs/include/cartographer_ros_msgs/msg/detail/trajectory_options__struct.hpp
[6.829s] -- Up-to-date: /home/ubuntu/Desktop/cartographer_ws/install/cartographer_ros_msgs/include/cartographer_ros_msgs/msg/detail/landmark_list__struct.hpp
[6.830s] -- Up-to-date: /home/ubuntu/Desktop/cartographer_ws/install/cartographer_ros_msgs/include/cartographer_ros_msgs/msg/detail/sensor_topics__struct.hpp
[6.830s] -- Up-to-date: /home/ubuntu/Desktop/cartographer_ws/install/cartographer_ros_msgs/include/cartographer_ros_msgs/msg/detail/landmark_entry__struct.hpp
[6.844s] -- Up-to-date: /home/ubuntu/Desktop/cartographer_ws/install/cartographer_ros_msgs/include/cartographer_ros_msgs/msg/detail/landmark_entry__builder.hpp
[6.844s] -- Up-to-date: /home/ubuntu/Desktop/cartographer_ws/install/cartographer_ros_msgs/include/cartographer_ros_msgs/msg/detail/sensor_topics__builder.hpp
[6.844s] -- Up-to-date: /home/ubuntu/Desktop/cartographer_ws/install/cartographer_ros_msgs/include/cartographer_ros_msgs/msg/detail/submap_entry__builder.hpp
[6.844s] -- Up-to-date: /home/ubuntu/Desktop/cartographer_ws/install/cartographer_ros_msgs/include/cartographer_ros_msgs/msg/detail/submap_texture__traits.hpp
[6.844s] -- Up-to-date: /home/ubuntu/Desktop/cartographer_ws/install/cartographer_ros_msgs/include/cartographer_ros_msgs/msg/detail/landmark_entry__type_support.hpp
[6.845s] -- Up-to-date: /home/ubuntu/Desktop/cartographer_ws/install/cartographer_ros_msgs/include/cartographer_ros_msgs/msg/detail/sensor_topics__type_support.hpp
[6.845s] -- Up-to-date: /home/ubuntu/Desktop/cartographer_ws/install/cartographer_ros_msgs/include/cartographer_ros_msgs/msg/detail/submap_list__struct.hpp
[6.845s] -- Up-to-date: /home/ubuntu/Desktop/cartographer_ws/install/cartographer_ros_msgs/include/cartographer_ros_msgs/msg/detail/trajectory_options__builder.hpp
[6.845s] -- Up-to-date: /home/ubuntu/Desktop/cartographer_ws/install/cartographer_ros_msgs/include/cartographer_ros_msgs/msg/detail/submap_entry__struct.hpp
[6.845s] -- Up-to-date: /home/ubuntu/Desktop/cartographer_ws/install/cartographer_ros_msgs/include/cartographer_ros_msgs/msg/detail/submap_entry__type_support.hpp
[6.846s] -- Up-to-date: /home/ubuntu/Desktop/cartographer_ws/install/cartographer_ros_msgs/include/cartographer_ros_msgs/msg/detail/status_code__struct.hpp
[6.846s] -- Up-to-date: /home/ubuntu/Desktop/cartographer_ws/install/cartographer_ros_msgs/include/cartographer_ros_msgs/msg/detail/status_code__builder.hpp
[6.847s] -- Up-to-date: /home/ubuntu/Desktop/cartographer_ws/install/cartographer_ros_msgs/include/cartographer_ros_msgs/msg/submap_entry.hpp
[6.847s] -- Up-to-date: /home/ubuntu/Desktop/cartographer_ws/install/cartographer_ros_msgs/include/cartographer_ros_msgs
[6.847s] -- Up-to-date: /home/ubuntu/Desktop/cartographer_ws/install/cartographer_ros_msgs/include/cartographer_ros_msgs/srv
[6.847s] -- Up-to-date: /home/ubuntu/Desktop/cartographer_ws/install/cartographer_ros_msgs/include/cartographer_ros_msgs/srv/detail
[6.848s] -- Up-to-date: /home/ubuntu/Desktop/cartographer_ws/install/cartographer_ros_msgs/include/cartographer_ros_msgs/srv/detail/submap_query__rosidl_typesupport_introspection_cpp.hpp
[6.848s] -- Up-to-date: /home/ubuntu/Desktop/cartographer_ws/install/cartographer_ros_msgs/include/cartographer_ros_msgs/srv/detail/finish_trajectory__type_support.cpp
[6.848s] -- Up-to-date: /home/ubuntu/Desktop/cartographer_ws/install/cartographer_ros_msgs/include/cartographer_ros_msgs/srv/detail/start_trajectory__type_support.cpp
[6.848s] -- Up-to-date: /home/ubuntu/Desktop/cartographer_ws/install/cartographer_ros_msgs/include/cartographer_ros_msgs/srv/detail/start_trajectory__rosidl_typesupport_introspection_cpp.hpp
[6.848s] -- Up-to-date: /home/ubuntu/Desktop/cartographer_ws/install/cartographer_ros_msgs/include/cartographer_ros_msgs/srv/detail/write_state__rosidl_typesupport_introspection_cpp.hpp
[6.848s] -- Up-to-date: /home/ubuntu/Desktop/cartographer_ws/install/cartographer_ros_msgs/include/cartographer_ros_msgs/srv/detail/finish_trajectory__rosidl_typesupport_introspection_cpp.hpp
[6.848s] -- Up-to-date: /home/ubuntu/Desktop/cartographer_ws/install/cartographer_ros_msgs/include/cartographer_ros_msgs/srv/detail/write_state__type_support.cpp
[6.849s] -- Up-to-date: /home/ubuntu/Desktop/cartographer_ws/install/cartographer_ros_msgs/include/cartographer_ros_msgs/srv/detail/submap_query__type_support.cpp
[6.849s] -- Up-to-date: /home/ubuntu/Desktop/cartographer_ws/install/cartographer_ros_msgs/include/cartographer_ros_msgs/msg
[6.849s] -- Up-to-date: /home/ubuntu/Desktop/cartographer_ws/install/cartographer_ros_msgs/include/cartographer_ros_msgs/msg/detail
[6.849s] -- Up-to-date: /home/ubuntu/Desktop/cartographer_ws/install/cartographer_ros_msgs/include/cartographer_ros_msgs/msg/detail/submap_texture__rosidl_typesupport_introspection_cpp.hpp
[6.849s] -- Up-to-date: /home/ubuntu/Desktop/cartographer_ws/install/cartographer_ros_msgs/include/cartographer_ros_msgs/msg/detail/status_response__type_support.cpp
[6.849s] -- Up-to-date: /home/ubuntu/Desktop/cartographer_ws/install/cartographer_ros_msgs/include/cartographer_ros_msgs/msg/detail/landmark_entry__type_support.cpp
[6.849s] -- Up-to-date: /home/ubuntu/Desktop/cartographer_ws/install/cartographer_ros_msgs/include/cartographer_ros_msgs/msg/detail/submap_entry__type_support.cpp
[6.850s] -- Up-to-date: /home/ubuntu/Desktop/cartographer_ws/install/cartographer_ros_msgs/include/cartographer_ros_msgs/msg/detail/landmark_list__type_support.cpp
[6.850s] -- Up-to-date: /home/ubuntu/Desktop/cartographer_ws/install/cartographer_ros_msgs/include/cartographer_ros_msgs/msg/detail/trajectory_options__rosidl_typesupport_introspection_cpp.hpp
[6.850s] -- Up-to-date: /home/ubuntu/Desktop/cartographer_ws/install/cartographer_ros_msgs/include/cartographer_ros_msgs/msg/detail/submap_list__rosidl_typesupport_introspection_cpp.hpp
[6.850s] -- Up-to-date: /home/ubuntu/Desktop/cartographer_ws/install/cartographer_ros_msgs/include/cartographer_ros_msgs/msg/detail/sensor_topics__rosidl_typesupport_introspection_cpp.hpp
[6.859s] -- Up-to-date: /home/ubuntu/Desktop/cartographer_ws/install/cartographer_ros_msgs/include/cartographer_ros_msgs/msg/detail/landmark_list__rosidl_typesupport_introspection_cpp.hpp
[6.859s] -- Up-to-date: /home/ubuntu/Desktop/cartographer_ws/install/cartographer_ros_msgs/include/cartographer_ros_msgs/msg/detail/status_response__rosidl_typesupport_introspection_cpp.hpp
[6.860s] -- Up-to-date: /home/ubuntu/Desktop/cartographer_ws/install/cartographer_ros_msgs/include/cartographer_ros_msgs/msg/detail/submap_list__type_support.cpp
[6.860s] -- Up-to-date: /home/ubuntu/Desktop/cartographer_ws/install/cartographer_ros_msgs/include/cartographer_ros_msgs/msg/detail/sensor_topics__type_support.cpp
[6.860s] -- Up-to-date: /home/ubuntu/Desktop/cartographer_ws/install/cartographer_ros_msgs/include/cartographer_ros_msgs/msg/detail/status_code__rosidl_typesupport_introspection_cpp.hpp
[6.860s] -- Up-to-date: /home/ubuntu/Desktop/cartographer_ws/install/cartographer_ros_msgs/include/cartographer_ros_msgs/msg/detail/status_code__type_support.cpp
[6.860s] -- Up-to-date: /home/ubuntu/Desktop/cartographer_ws/install/cartographer_ros_msgs/include/cartographer_ros_msgs/msg/detail/landmark_entry__rosidl_typesupport_introspection_cpp.hpp
[6.860s] -- Up-to-date: /home/ubuntu/Desktop/cartographer_ws/install/cartographer_ros_msgs/include/cartographer_ros_msgs/msg/detail/submap_texture__type_support.cpp
[6.861s] -- Up-to-date: /home/ubuntu/Desktop/cartographer_ws/install/cartographer_ros_msgs/include/cartographer_ros_msgs/msg/detail/submap_entry__rosidl_typesupport_introspection_cpp.hpp
[6.861s] -- Up-to-date: /home/ubuntu/Desktop/cartographer_ws/install/cartographer_ros_msgs/include/cartographer_ros_msgs/msg/detail/trajectory_options__type_support.cpp
[6.861s] -- Up-to-date: /home/ubuntu/Desktop/cartographer_ws/install/cartographer_ros_msgs/lib/libcartographer_ros_msgs__rosidl_typesupport_introspection_cpp.so
[6.861s] -- Up-to-date: /home/ubuntu/Desktop/cartographer_ws/install/cartographer_ros_msgs/lib/libcartographer_ros_msgs__rosidl_typesupport_cpp.so
[6.866s] -- Up-to-date: /home/ubuntu/Desktop/cartographer_ws/install/cartographer_ros_msgs/share/cartographer_ros_msgs/environment/pythonpath.sh
[6.866s] -- Up-to-date: /home/ubuntu/Desktop/cartographer_ws/install/cartographer_ros_msgs/share/cartographer_ros_msgs/environment/pythonpath.dsv
[6.866s] -- Up-to-date: /home/ubuntu/Desktop/cartographer_ws/install/cartographer_ros_msgs/lib/python3.8/site-packages/cartographer_ros_msgs/__init__.py
[7.011s] -- Up-to-date: /home/ubuntu/Desktop/cartographer_ws/install/cartographer_ros_msgs/lib/python3.8/site-packages/cartographer_ros_msgs/msg
[7.014s] -- Up-to-date: /home/ubuntu/Desktop/cartographer_ws/install/cartographer_ros_msgs/lib/python3.8/site-packages/cartographer_ros_msgs/msg/_submap_texture.py
[7.015s] -- Up-to-date: /home/ubuntu/Desktop/cartographer_ws/install/cartographer_ros_msgs/lib/python3.8/site-packages/cartographer_ros_msgs/msg/_submap_entry_s.c
[7.015s] -- Up-to-date: /home/ubuntu/Desktop/cartographer_ws/install/cartographer_ros_msgs/lib/python3.8/site-packages/cartographer_ros_msgs/msg/_submap_entry.py
[7.015s] -- Up-to-date: /home/ubuntu/Desktop/cartographer_ws/install/cartographer_ros_msgs/lib/python3.8/site-packages/cartographer_ros_msgs/msg/_trajectory_options.py
[7.015s] -- Up-to-date: /home/ubuntu/Desktop/cartographer_ws/install/cartographer_ros_msgs/lib/python3.8/site-packages/cartographer_ros_msgs/msg/_sensor_topics_s.c
[7.015s] -- Up-to-date: /home/ubuntu/Desktop/cartographer_ws/install/cartographer_ros_msgs/lib/python3.8/site-packages/cartographer_ros_msgs/msg/__init__.py
[7.016s] -- Up-to-date: /home/ubuntu/Desktop/cartographer_ws/install/cartographer_ros_msgs/lib/python3.8/site-packages/cartographer_ros_msgs/msg/_landmark_entry_s.c
[7.016s] -- Up-to-date: /home/ubuntu/Desktop/cartographer_ws/install/cartographer_ros_msgs/lib/python3.8/site-packages/cartographer_ros_msgs/msg/_submap_list_s.c
[7.016s] -- Up-to-date: /home/ubuntu/Desktop/cartographer_ws/install/cartographer_ros_msgs/lib/python3.8/site-packages/cartographer_ros_msgs/msg/_landmark_entry.py
[7.016s] -- Up-to-date: /home/ubuntu/Desktop/cartographer_ws/install/cartographer_ros_msgs/lib/python3.8/site-packages/cartographer_ros_msgs/msg/_submap_list.py
[7.016s] -- Up-to-date: /home/ubuntu/Desktop/cartographer_ws/install/cartographer_ros_msgs/lib/python3.8/site-packages/cartographer_ros_msgs/msg/_sensor_topics.py
[7.016s] -- Up-to-date: /home/ubuntu/Desktop/cartographer_ws/install/cartographer_ros_msgs/lib/python3.8/site-packages/cartographer_ros_msgs/msg/_landmark_list.py
[7.017s] -- Up-to-date: /home/ubuntu/Desktop/cartographer_ws/install/cartographer_ros_msgs/lib/python3.8/site-packages/cartographer_ros_msgs/msg/_submap_texture_s.c
[7.017s] -- Up-to-date: /home/ubuntu/Desktop/cartographer_ws/install/cartographer_ros_msgs/lib/python3.8/site-packages/cartographer_ros_msgs/msg/_status_response_s.c
[7.017s] -- Up-to-date: /home/ubuntu/Desktop/cartographer_ws/install/cartographer_ros_msgs/lib/python3.8/site-packages/cartographer_ros_msgs/msg/_landmark_list_s.c
[7.017s] -- Up-to-date: /home/ubuntu/Desktop/cartographer_ws/install/cartographer_ros_msgs/lib/python3.8/site-packages/cartographer_ros_msgs/msg/_trajectory_options_s.c
[7.033s] -- Up-to-date: /home/ubuntu/Desktop/cartographer_ws/install/cartographer_ros_msgs/lib/python3.8/site-packages/cartographer_ros_msgs/msg/_status_response.py
[7.034s] -- Up-to-date: /home/ubuntu/Desktop/cartographer_ws/install/cartographer_ros_msgs/lib/python3.8/site-packages/cartographer_ros_msgs/msg/_status_code_s.c
[7.034s] -- Up-to-date: /home/ubuntu/Desktop/cartographer_ws/install/cartographer_ros_msgs/lib/python3.8/site-packages/cartographer_ros_msgs/msg/_status_code.py
[7.034s] -- Up-to-date: /home/ubuntu/Desktop/cartographer_ws/install/cartographer_ros_msgs/lib/python3.8/site-packages/cartographer_ros_msgs/srv
[7.034s] -- Up-to-date: /home/ubuntu/Desktop/cartographer_ws/install/cartographer_ros_msgs/lib/python3.8/site-packages/cartographer_ros_msgs/srv/_finish_trajectory_s.c
[7.034s] -- Up-to-date: /home/ubuntu/Desktop/cartographer_ws/install/cartographer_ros_msgs/lib/python3.8/site-packages/cartographer_ros_msgs/srv/_finish_trajectory.py
[7.034s] -- Up-to-date: /home/ubuntu/Desktop/cartographer_ws/install/cartographer_ros_msgs/lib/python3.8/site-packages/cartographer_ros_msgs/srv/__init__.py
[7.035s] -- Up-to-date: /home/ubuntu/Desktop/cartographer_ws/install/cartographer_ros_msgs/lib/python3.8/site-packages/cartographer_ros_msgs/srv/_submap_query.py
[7.035s] -- Up-to-date: /home/ubuntu/Desktop/cartographer_ws/install/cartographer_ros_msgs/lib/python3.8/site-packages/cartographer_ros_msgs/srv/_write_state_s.c
[7.035s] -- Up-to-date: /home/ubuntu/Desktop/cartographer_ws/install/cartographer_ros_msgs/lib/python3.8/site-packages/cartographer_ros_msgs/srv/_write_state.py
[7.035s] -- Up-to-date: /home/ubuntu/Desktop/cartographer_ws/install/cartographer_ros_msgs/lib/python3.8/site-packages/cartographer_ros_msgs/srv/_submap_query_s.c
[7.035s] -- Up-to-date: /home/ubuntu/Desktop/cartographer_ws/install/cartographer_ros_msgs/lib/python3.8/site-packages/cartographer_ros_msgs/srv/_start_trajectory_s.c
[7.035s] -- Up-to-date: /home/ubuntu/Desktop/cartographer_ws/install/cartographer_ros_msgs/lib/python3.8/site-packages/cartographer_ros_msgs/srv/_start_trajectory.py
[7.036s] -- Up-to-date: /home/ubuntu/Desktop/cartographer_ws/install/cartographer_ros_msgs/lib/python3.8/site-packages/cartographer_ros_msgs/cartographer_ros_msgs_s__rosidl_typesupport_fastrtps_c.cpython-38-x86_64-linux-gnu.so
[7.036s] -- Up-to-date: /home/ubuntu/Desktop/cartographer_ws/install/cartographer_ros_msgs/lib/python3.8/site-packages/cartographer_ros_msgs/cartographer_ros_msgs_s__rosidl_typesupport_introspection_c.cpython-38-x86_64-linux-gnu.so
[7.050s] -- Up-to-date: /home/ubuntu/Desktop/cartographer_ws/install/cartographer_ros_msgs/lib/python3.8/site-packages/cartographer_ros_msgs/cartographer_ros_msgs_s__rosidl_typesupport_c.cpython-38-x86_64-linux-gnu.so
[7.051s] -- Up-to-date: /home/ubuntu/Desktop/cartographer_ws/install/cartographer_ros_msgs/lib/libcartographer_ros_msgs__python.so
[7.052s] -- Up-to-date: /home/ubuntu/Desktop/cartographer_ws/install/cartographer_ros_msgs/share/cartographer_ros_msgs/msg/LandmarkEntry.idl
[7.052s] -- Up-to-date: /home/ubuntu/Desktop/cartographer_ws/install/cartographer_ros_msgs/share/cartographer_ros_msgs/msg/LandmarkList.idl
[7.053s] -- Up-to-date: /home/ubuntu/Desktop/cartographer_ws/install/cartographer_ros_msgs/share/cartographer_ros_msgs/msg/SensorTopics.idl
[7.054s] -- Up-to-date: /home/ubuntu/Desktop/cartographer_ws/install/cartographer_ros_msgs/share/cartographer_ros_msgs/msg/StatusCode.idl
[7.060s] -- Up-to-date: /home/ubuntu/Desktop/cartographer_ws/install/cartographer_ros_msgs/share/cartographer_ros_msgs/msg/StatusResponse.idl
[7.061s] -- Up-to-date: /home/ubuntu/Desktop/cartographer_ws/install/cartographer_ros_msgs/share/cartographer_ros_msgs/msg/SubmapEntry.idl
[7.063s] -- Up-to-date: /home/ubuntu/Desktop/cartographer_ws/install/cartographer_ros_msgs/share/cartographer_ros_msgs/msg/SubmapList.idl
[7.063s] -- Up-to-date: /home/ubuntu/Desktop/cartographer_ws/install/cartographer_ros_msgs/share/cartographer_ros_msgs/msg/SubmapTexture.idl
[7.064s] -- Up-to-date: /home/ubuntu/Desktop/cartographer_ws/install/cartographer_ros_msgs/share/cartographer_ros_msgs/msg/TrajectoryOptions.idl
[7.065s] -- Up-to-date: /home/ubuntu/Desktop/cartographer_ws/install/cartographer_ros_msgs/share/cartographer_ros_msgs/srv/FinishTrajectory.idl
[7.065s] -- Up-to-date: /home/ubuntu/Desktop/cartographer_ws/install/cartographer_ros_msgs/share/cartographer_ros_msgs/srv/StartTrajectory.idl
[7.072s] -- Up-to-date: /home/ubuntu/Desktop/cartographer_ws/install/cartographer_ros_msgs/share/cartographer_ros_msgs/srv/SubmapQuery.idl
[7.073s] -- Up-to-date: /home/ubuntu/Desktop/cartographer_ws/install/cartographer_ros_msgs/share/cartographer_ros_msgs/srv/WriteState.idl
[7.074s] -- Up-to-date: /home/ubuntu/Desktop/cartographer_ws/install/cartographer_ros_msgs/share/cartographer_ros_msgs/msg/LandmarkEntry.msg
[7.075s] -- Up-to-date: /home/ubuntu/Desktop/cartographer_ws/install/cartographer_ros_msgs/share/cartographer_ros_msgs/msg/LandmarkList.msg
[7.075s] -- Up-to-date: /home/ubuntu/Desktop/cartographer_ws/install/cartographer_ros_msgs/share/cartographer_ros_msgs/msg/SensorTopics.msg
[7.082s] -- Up-to-date: /home/ubuntu/Desktop/cartographer_ws/install/cartographer_ros_msgs/share/cartographer_ros_msgs/msg/StatusCode.msg
[7.083s] -- Up-to-date: /home/ubuntu/Desktop/cartographer_ws/install/cartographer_ros_msgs/share/cartographer_ros_msgs/msg/StatusResponse.msg
[7.083s] -- Up-to-date: /home/ubuntu/Desktop/cartographer_ws/install/cartographer_ros_msgs/share/cartographer_ros_msgs/msg/SubmapEntry.msg
[7.083s] -- Up-to-date: /home/ubuntu/Desktop/cartographer_ws/install/cartographer_ros_msgs/share/cartographer_ros_msgs/msg/SubmapList.msg
[7.084s] -- Up-to-date: /home/ubuntu/Desktop/cartographer_ws/install/cartographer_ros_msgs/share/cartographer_ros_msgs/msg/SubmapTexture.msg
[7.084s] -- Up-to-date: /home/ubuntu/Desktop/cartographer_ws/install/cartographer_ros_msgs/share/cartographer_ros_msgs/msg/TrajectoryOptions.msg
[7.089s] -- Up-to-date: /home/ubuntu/Desktop/cartographer_ws/install/cartographer_ros_msgs/share/cartographer_ros_msgs/srv/FinishTrajectory.srv
[7.091s] -- Up-to-date: /home/ubuntu/Desktop/cartographer_ws/install/cartographer_ros_msgs/share/cartographer_ros_msgs/srv/FinishTrajectory_Request.msg
[7.092s] -- Up-to-date: /home/ubuntu/Desktop/cartographer_ws/install/cartographer_ros_msgs/share/cartographer_ros_msgs/srv/FinishTrajectory_Response.msg
[7.099s] -- Up-to-date: /home/ubuntu/Desktop/cartographer_ws/install/cartographer_ros_msgs/share/cartographer_ros_msgs/srv/StartTrajectory.srv
[7.100s] -- Up-to-date: /home/ubuntu/Desktop/cartographer_ws/install/cartographer_ros_msgs/share/cartographer_ros_msgs/srv/StartTrajectory_Request.msg
[7.100s] -- Up-to-date: /home/ubuntu/Desktop/cartographer_ws/install/cartographer_ros_msgs/share/cartographer_ros_msgs/srv/StartTrajectory_Response.msg
[7.101s] -- Up-to-date: /home/ubuntu/Desktop/cartographer_ws/install/cartographer_ros_msgs/share/cartographer_ros_msgs/srv/SubmapQuery.srv
[7.102s] -- Up-to-date: /home/ubuntu/Desktop/cartographer_ws/install/cartographer_ros_msgs/share/cartographer_ros_msgs/srv/SubmapQuery_Request.msg
[7.102s] -- Up-to-date: /home/ubuntu/Desktop/cartographer_ws/install/cartographer_ros_msgs/share/cartographer_ros_msgs/srv/SubmapQuery_Response.msg
[7.103s] -- Up-to-date: /home/ubuntu/Desktop/cartographer_ws/install/cartographer_ros_msgs/share/cartographer_ros_msgs/srv/WriteState.srv
[7.104s] -- Up-to-date: /home/ubuntu/Desktop/cartographer_ws/install/cartographer_ros_msgs/share/cartographer_ros_msgs/srv/WriteState_Request.msg
[7.104s] -- Up-to-date: /home/ubuntu/Desktop/cartographer_ws/install/cartographer_ros_msgs/share/cartographer_ros_msgs/srv/WriteState_Response.msg
[7.105s] -- Up-to-date: /home/ubuntu/Desktop/cartographer_ws/install/cartographer_ros_msgs/share/ament_index/resource_index/package_run_dependencies/cartographer_ros_msgs
[7.105s] -- Up-to-date: /home/ubuntu/Desktop/cartographer_ws/install/cartographer_ros_msgs/share/ament_index/resource_index/parent_prefix_path/cartographer_ros_msgs
[7.105s] -- Up-to-date: /home/ubuntu/Desktop/cartographer_ws/install/cartographer_ros_msgs/share/cartographer_ros_msgs/environment/ament_prefix_path.sh
[7.105s] -- Up-to-date: /home/ubuntu/Desktop/cartographer_ws/install/cartographer_ros_msgs/share/cartographer_ros_msgs/environment/ament_prefix_path.dsv
[7.112s] -- Up-to-date: /home/ubuntu/Desktop/cartographer_ws/install/cartographer_ros_msgs/share/cartographer_ros_msgs/environment/path.sh
[7.112s] -- Up-to-date: /home/ubuntu/Desktop/cartographer_ws/install/cartographer_ros_msgs/share/cartographer_ros_msgs/environment/path.dsv
[7.112s] -- Up-to-date: /home/ubuntu/Desktop/cartographer_ws/install/cartographer_ros_msgs/share/cartographer_ros_msgs/local_setup.bash
[7.113s] -- Up-to-date: /home/ubuntu/Desktop/cartographer_ws/install/cartographer_ros_msgs/share/cartographer_ros_msgs/local_setup.sh
[7.113s] -- Up-to-date: /home/ubuntu/Desktop/cartographer_ws/install/cartographer_ros_msgs/share/cartographer_ros_msgs/local_setup.zsh
[7.118s] -- Up-to-date: /home/ubuntu/Desktop/cartographer_ws/install/cartographer_ros_msgs/share/cartographer_ros_msgs/local_setup.dsv
[7.118s] -- Installing: /home/ubuntu/Desktop/cartographer_ws/install/cartographer_ros_msgs/share/cartographer_ros_msgs/package.dsv
[7.119s] -- Up-to-date: /home/ubuntu/Desktop/cartographer_ws/install/cartographer_ros_msgs/share/ament_index/resource_index/packages/cartographer_ros_msgs
[7.127s] -- Up-to-date: /home/ubuntu/Desktop/cartographer_ws/install/cartographer_ros_msgs/share/cartographer_ros_msgs/cmake/cartographer_ros_msgs__rosidl_generator_cExport.cmake
[7.130s] -- Up-to-date: /home/ubuntu/Desktop/cartographer_ws/install/cartographer_ros_msgs/share/cartographer_ros_msgs/cmake/cartographer_ros_msgs__rosidl_generator_cExport-noconfig.cmake
[7.131s] -- Up-to-date: /home/ubuntu/Desktop/cartographer_ws/install/cartographer_ros_msgs/share/cartographer_ros_msgs/cmake/cartographer_ros_msgs__rosidl_typesupport_introspection_cExport.cmake
[7.131s] -- Up-to-date: /home/ubuntu/Desktop/cartographer_ws/install/cartographer_ros_msgs/share/cartographer_ros_msgs/cmake/cartographer_ros_msgs__rosidl_typesupport_introspection_cExport-noconfig.cmake
[7.138s] -- Up-to-date: /home/ubuntu/Desktop/cartographer_ws/install/cartographer_ros_msgs/share/cartographer_ros_msgs/cmake/cartographer_ros_msgs__rosidl_typesupport_cExport.cmake
[7.139s] -- Up-to-date: /home/ubuntu/Desktop/cartographer_ws/install/cartographer_ros_msgs/share/cartographer_ros_msgs/cmake/cartographer_ros_msgs__rosidl_typesupport_cExport-noconfig.cmake
[7.141s] -- Up-to-date: /home/ubuntu/Desktop/cartographer_ws/install/cartographer_ros_msgs/share/cartographer_ros_msgs/cmake/cartographer_ros_msgs__rosidl_generator_cppExport.cmake
[7.142s] -- Up-to-date: /home/ubuntu/Desktop/cartographer_ws/install/cartographer_ros_msgs/share/cartographer_ros_msgs/cmake/cartographer_ros_msgs__rosidl_typesupport_introspection_cppExport.cmake
[7.143s] -- Up-to-date: /home/ubuntu/Desktop/cartographer_ws/install/cartographer_ros_msgs/share/cartographer_ros_msgs/cmake/cartographer_ros_msgs__rosidl_typesupport_introspection_cppExport-noconfig.cmake
[7.151s] -- Up-to-date: /home/ubuntu/Desktop/cartographer_ws/install/cartographer_ros_msgs/share/cartographer_ros_msgs/cmake/cartographer_ros_msgs__rosidl_typesupport_cppExport.cmake
[7.151s] -- Up-to-date: /home/ubuntu/Desktop/cartographer_ws/install/cartographer_ros_msgs/share/cartographer_ros_msgs/cmake/cartographer_ros_msgs__rosidl_typesupport_cppExport-noconfig.cmake
[7.152s] -- Up-to-date: /home/ubuntu/Desktop/cartographer_ws/install/cartographer_ros_msgs/share/cartographer_ros_msgs/cmake/rosidl_cmake-extras.cmake
[7.153s] -- Up-to-date: /home/ubuntu/Desktop/cartographer_ws/install/cartographer_ros_msgs/share/cartographer_ros_msgs/cmake/ament_cmake_export_dependencies-extras.cmake
[7.153s] -- Up-to-date: /home/ubuntu/Desktop/cartographer_ws/install/cartographer_ros_msgs/share/cartographer_ros_msgs/cmake/ament_cmake_export_libraries-extras.cmake
[7.154s] -- Up-to-date: /home/ubuntu/Desktop/cartographer_ws/install/cartographer_ros_msgs/share/cartographer_ros_msgs/cmake/ament_cmake_export_targets-extras.cmake
[7.155s] -- Up-to-date: /home/ubuntu/Desktop/cartographer_ws/install/cartographer_ros_msgs/share/cartographer_ros_msgs/cmake/ament_cmake_export_include_directories-extras.cmake
[7.155s] -- Up-to-date: /home/ubuntu/Desktop/cartographer_ws/install/cartographer_ros_msgs/share/cartographer_ros_msgs/cmake/rosidl_cmake_export_typesupport_libraries-extras.cmake
[7.156s] -- Up-to-date: /home/ubuntu/Desktop/cartographer_ws/install/cartographer_ros_msgs/share/cartographer_ros_msgs/cmake/rosidl_cmake_export_typesupport_targets-extras.cmake
[7.163s] -- Up-to-date: /home/ubuntu/Desktop/cartographer_ws/install/cartographer_ros_msgs/share/cartographer_ros_msgs/cmake/cartographer_ros_msgsConfig.cmake
[7.163s] -- Up-to-date: /home/ubuntu/Desktop/cartographer_ws/install/cartographer_ros_msgs/share/cartographer_ros_msgs/cmake/cartographer_ros_msgsConfig-version.cmake
[7.164s] -- Up-to-date: /home/ubuntu/Desktop/cartographer_ws/install/cartographer_ros_msgs/share/cartographer_ros_msgs/package.xml
[7.199s] Invoked command in '/home/ubuntu/Desktop/cartographer_ws/build/cartographer_ros_msgs' returned '0': CMAKE_PREFIX_PATH=/home/ubuntu/Desktop/cartographer_ws/install/tf_init:/home/ubuntu/Desktop/cartographer_ws/install/imu:/opt/ros/foxy:${CMAKE_PREFIX_PATH} /usr/bin/cmake --install /home/ubuntu/Desktop/cartographer_ws/build/cartographer_ros_msgs
