[0.122s] Invoking command in '/home/ubuntu/Desktop/cartographer_ws/build/cartographer': CMAKE_PREFIX_PATH=/home/ubuntu/Desktop/cartographer_ws/install/tf_init:/home/ubuntu/Desktop/cartographer_ws/install/imu:/opt/ros/foxy:${CMAKE_PREFIX_PATH} /usr/bin/cmake --build /home/ubuntu/Desktop/cartographer_ws/build/cartographer -- -j2 -l2
[0.699s] [  1%] Built target gtest
[1.642s] [ 54%] Built target cartographer
[1.924s] [ 54%] Built target cartographer_detect_changes
[2.130s] [ 54%] [34m[1mBuilding documentation.[0m
[3.672s] [01mRunning Sphinx v1.8.5[39;49;00m
[4.866s] [01mloading pickled environment... [39;49;00mdone
[4.892s] [01mbuilding [mo]: [39;49;00mtargets for 0 po files that are out of date
[4.912s] [01mbuilding [html][39;49;00m: targets for 0 source files that are out of date
[4.913s] [01mupdating environment: [39;49;00m0 added, 0 changed, 0 removed
[4.914s] [01mlooking for now-outdated files... [39;49;00mnone found
[4.914s] [01mno targets are out of date.[39;49;00m
[4.914s] [01mbuild succeeded.[39;49;00m
[4.914s] 
[4.914s] The HTML pages are in html.
[5.132s] [ 54%] Built target build_doc
[5.300s] [ 55%] Built target cartographer_test_library
[5.420s] [ 56%] Built target gmock
[5.519s] [ 56%] Built target cartographer_compute_relations_metrics
[5.655s] [ 57%] Built target cartographer_migrate_serialization_format
[5.827s] [ 58%] Built target cartographer_autogenerate_ground_truth
[5.967s] [ 58%] Built target gmock_main
[6.184s] [ 58%] Built target cartographer.transform.transform_test
[6.338s] [ 58%] Built target cartographer.sensor.range_data_test
[6.485s] [ 58%] Built target cartographer.sensor.internal.voxel_filter_test
[6.713s] [ 59%] Built target cartographer.mapping.pose_graph_test
[7.005s] [ 60%] Built target cartographer.mapping.3d.range_data_inserter_3d_test
[7.267s] [ 61%] Built target cartographer.mapping.2d.probability_grid_test
[7.451s] [ 62%] Built target cartographer.sensor.landmark_data_test
[7.577s] [ 63%] Built target cartographer.mapping.3d.hybrid_grid_test
[7.811s] [ 64%] Built target cartographer.io.points_processor_pipeline_builder_test
[7.994s] [ 65%] Built target cartographer.common.fixed_ratio_sampler_test
[8.199s] [ 66%] Built target cartographer.common.rate_timer_test
[8.369s] [ 67%] Built target cartographer.io.serialization_format_migration_test
[8.522s] [ 67%] Built target cartographer.mapping.2d.map_limits_test
[8.753s] [ 67%] Built target cartographer.mapping.trajectory_node_test
[8.981s] [ 68%] Built target cartographer.mapping.submaps_test
[9.230s] [ 68%] Built target cartographer.mapping.3d.submap_3d_test
[9.437s] [ 69%] Built target cartographer.mapping.internal.constraints.constraint_builder_3d_test
[9.639s] [ 69%] Built target cartographer.io.proto_stream_deserializer_test
[9.825s] [ 70%] Built target cartographer.common.lockless_queue_test
[10.008s] [ 70%] Built target cartographer.mapping.2d.range_data_inserter_2d_test
[10.190s] [ 70%] Built target cartographer.mapping.internal.2d.scan_matching.ceres_scan_matcher_2d_test
[10.407s] [ 71%] Built target cartographer.common.blocking_queue_test
[10.687s] [ 72%] Built target cartographer.mapping.internal.motion_filter_test
[10.869s] [ 73%] Built target cartographer.sensor.point_cloud_test
[11.130s] [ 73%] Built target cartographer.mapping.internal.optimization.cost_functions.spa_cost_function_2d_test
[11.310s] [ 74%] Built target cartographer.io.proto_stream_test
[11.527s] [ 75%] Built target cartographer.transform.transform_interpolation_buffer_test
[11.676s] [ 75%] Built target cartographer.common.lua_parameter_dictionary_test
[11.855s] [ 76%] Built target cartographer.io.fake_file_writer_test
[12.056s] [ 77%] Built target cartographer.mapping.internal.3d.scan_matching.ceres_scan_matcher_3d_test
[12.262s] [ 78%] Built target cartographer.common.math_test
[12.476s] [ 78%] Built target cartographer.io.internal.in_memory_proto_stream_test
[12.689s] [ 78%] Built target cartographer.mapping.internal.3d.scan_matching.fast_correlative_scan_matcher_3d_test
[12.849s] [ 78%] Built target cartographer.common.optional_test
[13.055s] [ 79%] Built target cartographer.mapping.id_test
[13.282s] [ 80%] Built target cartographer.mapping.2d.submap_2d_test
[13.470s] [ 81%] Built target cartographer.mapping.internal.2d.overlapping_submaps_trimmer_2d_test
[13.709s] [ 82%] Built target cartographer.mapping.internal.optimization.optimization_problem_3d_test
[13.913s] [ 82%] Built target cartographer.common.configuration_files_test
[14.106s] [ 83%] Built target cartographer.mapping.internal.2d.scan_matching.correlative_scan_matcher_test
[14.295s] [ 84%] Built target cartographer.common.thread_pool_test
[14.519s] [ 85%] Built target cartographer.mapping.internal.2d.pose_graph_2d_test
[14.743s] [ 85%] Built target cartographer.mapping.internal.3d.pose_graph_3d_test
[15.065s] [ 85%] Built target cartographer.mapping.pose_graph_trimmer_test
[15.269s] [ 86%] Built target cartographer.mapping.internal.2d.scan_matching.real_time_correlative_scan_matcher_2d_test
[15.481s] [ 86%] Built target cartographer.mapping.internal.range_data_collator_test
[15.773s] [ 87%] Built target cartographer.mapping.internal.3d.local_trajectory_builder_3d_test
[15.982s] [ 88%] Built target cartographer.mapping.internal.3d.scan_matching.rotation_delta_cost_functor_3d_test
[16.206s] [ 89%] Built target cartographer.mapping.internal.3d.scan_matching.interpolated_grid_test
[16.428s] [ 90%] Built target cartographer.mapping.internal.3d.scan_matching.real_time_correlative_scan_matcher_3d_test
[16.662s] [ 91%] Built target cartographer.sensor.internal.trajectory_collator_test
[16.900s] [ 91%] Built target cartographer.mapping.internal.3d.scan_matching.precomputation_grid_3d_test
[17.085s] [ 92%] Built target cartographer.mapping.probability_values_test
[17.346s] [ 93%] Built target cartographer.mapping.map_builder_test
[17.545s] [ 93%] Built target cartographer.sensor.map_by_time_test
[17.844s] [ 94%] Built target cartographer.sensor.internal.ordered_multi_queue_test
[18.114s] [ 94%] Built target cartographer.mapping.internal.3d.scan_matching.rotational_scan_matcher_test
[18.387s] [ 95%] Built target cartographer.sensor.compressed_point_cloud_test
[18.649s] [ 96%] Built target cartographer.mapping.internal.connected_components_test
[18.890s] [ 96%] Built target cartographer.mapping.internal.2d.scan_matching.fast_correlative_scan_matcher_2d_test
[19.145s] [ 96%] Built target cartographer.mapping.internal.constraints.constraint_builder_2d_test
[19.382s] [ 97%] Built target cartographer.transform.rigid_transform_test
[19.568s] [ 97%] Built target cartographer.common.task_test
[19.806s] [ 97%] Built target cartographer.mapping.imu_tracker_test
[20.068s] [ 97%] Built target cartographer.mapping.internal.optimization.cost_functions.landmark_cost_function_2d_test
[20.349s] [ 97%] Built target cartographer.sensor.internal.collator_test
[20.586s] [ 97%] Built target cartographer.mapping.2d.xy_index_test
[20.882s] [ 98%] Built target cartographer.mapping.internal.optimization.cost_functions.landmark_cost_function_3d_test
[21.146s] [100%] Built target cartographer.mapping.internal.trajectory_connectivity_state_test
[21.422s] [100%] Built target cartographer.mapping.pose_extrapolator_test
[21.523s] Invoked command in '/home/ubuntu/Desktop/cartographer_ws/build/cartographer' returned '0': CMAKE_PREFIX_PATH=/home/ubuntu/Desktop/cartographer_ws/install/tf_init:/home/ubuntu/Desktop/cartographer_ws/install/imu:/opt/ros/foxy:${CMAKE_PREFIX_PATH} /usr/bin/cmake --build /home/ubuntu/Desktop/cartographer_ws/build/cartographer -- -j2 -l2
[30.706s] Invoking command in '/home/ubuntu/Desktop/cartographer_ws/build/cartographer': CMAKE_PREFIX_PATH=/home/ubuntu/Desktop/cartographer_ws/install/tf_init:/home/ubuntu/Desktop/cartographer_ws/install/imu:/opt/ros/foxy:${CMAKE_PREFIX_PATH} /usr/bin/cmake --install /home/ubuntu/Desktop/cartographer_ws/build/cartographer
[30.773s] -- Install configuration: "Release"
[30.774s] -- Up-to-date: /home/ubuntu/Desktop/cartographer_ws/install/cartographer/share/cartographer/package.xml
[30.775s] -- Up-to-date: /home/ubuntu/Desktop/cartographer_ws/install/cartographer/share/cartographer//configuration_files
[30.775s] -- Up-to-date: /home/ubuntu/Desktop/cartographer_ws/install/cartographer/share/cartographer//configuration_files/trajectory_builder_3d.lua
[30.775s] -- Up-to-date: /home/ubuntu/Desktop/cartographer_ws/install/cartographer/share/cartographer//configuration_files/map_builder.lua
[30.775s] -- Up-to-date: /home/ubuntu/Desktop/cartographer_ws/install/cartographer/share/cartographer//configuration_files/pose_graph.lua
[30.775s] -- Up-to-date: /home/ubuntu/Desktop/cartographer_ws/install/cartographer/share/cartographer//configuration_files/trajectory_builder.lua
[30.776s] -- Up-to-date: /home/ubuntu/Desktop/cartographer_ws/install/cartographer/share/cartographer//configuration_files/trajectory_builder_2d.lua
[30.776s] -- Up-to-date: /home/ubuntu/Desktop/cartographer_ws/install/cartographer/share/cartographer//configuration_files/map_builder_server.lua
[30.776s] -- Up-to-date: /home/ubuntu/Desktop/cartographer_ws/install/cartographer/share/cartographer//cmake
[30.776s] -- Up-to-date: /home/ubuntu/Desktop/cartographer_ws/install/cartographer/share/cartographer//cmake/functions.cmake
[30.776s] -- Up-to-date: /home/ubuntu/Desktop/cartographer_ws/install/cartographer/share/cartographer//cmake/modules
[30.776s] -- Up-to-date: /home/ubuntu/Desktop/cartographer_ws/install/cartographer/share/cartographer//cmake/modules/FindGMock.cmake
[30.777s] -- Up-to-date: /home/ubuntu/Desktop/cartographer_ws/install/cartographer/share/cartographer//cmake/modules/FindLuaGoogle.cmake
[30.777s] -- Up-to-date: /home/ubuntu/Desktop/cartographer_ws/install/cartographer/share/cartographer//cmake/modules/FindSphinx.cmake
[30.777s] -- Up-to-date: /home/ubuntu/Desktop/cartographer_ws/install/cartographer/bin/cartographer_autogenerate_ground_truth
[30.785s] -- Up-to-date: /home/ubuntu/Desktop/cartographer_ws/install/cartographer/bin/cartographer_compute_relations_metrics
[30.786s] -- Up-to-date: /home/ubuntu/Desktop/cartographer_ws/install/cartographer/bin/cartographer_migrate_serialization_format
[30.786s] -- Up-to-date: /home/ubuntu/Desktop/cartographer_ws/install/cartographer/lib/libcartographer.a
[30.786s] -- Up-to-date: /home/ubuntu/Desktop/cartographer_ws/install/cartographer/include/cartographer/common/blocking_queue.h
[30.786s] -- Up-to-date: /home/ubuntu/Desktop/cartographer_ws/install/cartographer/include/cartographer/common/ceres_solver_options.h
[30.786s] -- Up-to-date: /home/ubuntu/Desktop/cartographer_ws/install/cartographer/include/cartographer/common/configuration_file_resolver.h
[30.786s] -- Up-to-date: /home/ubuntu/Desktop/cartographer_ws/install/cartographer/include/cartographer/common/fixed_ratio_sampler.h
[30.787s] -- Up-to-date: /home/ubuntu/Desktop/cartographer_ws/install/cartographer/include/cartographer/common/histogram.h
[30.787s] -- Up-to-date: /home/ubuntu/Desktop/cartographer_ws/install/cartographer/include/cartographer/common/lockless_queue.h
[30.787s] -- Up-to-date: /home/ubuntu/Desktop/cartographer_ws/install/cartographer/include/cartographer/common/lua.h
[30.797s] -- Up-to-date: /home/ubuntu/Desktop/cartographer_ws/install/cartographer/include/cartographer/common/lua_parameter_dictionary.h
[30.800s] -- Up-to-date: /home/ubuntu/Desktop/cartographer_ws/install/cartographer/include/cartographer/common/make_unique.h
[30.800s] -- Up-to-date: /home/ubuntu/Desktop/cartographer_ws/install/cartographer/include/cartographer/common/math.h
[30.802s] -- Up-to-date: /home/ubuntu/Desktop/cartographer_ws/install/cartographer/include/cartographer/common/mutex.h
[30.802s] -- Up-to-date: /home/ubuntu/Desktop/cartographer_ws/install/cartographer/include/cartographer/common/optional.h
[30.802s] -- Up-to-date: /home/ubuntu/Desktop/cartographer_ws/install/cartographer/include/cartographer/common/port.h
[30.802s] -- Up-to-date: /home/ubuntu/Desktop/cartographer_ws/install/cartographer/include/cartographer/common/rate_timer.h
[30.802s] -- Up-to-date: /home/ubuntu/Desktop/cartographer_ws/install/cartographer/include/cartographer/common/task.h
[30.802s] -- Up-to-date: /home/ubuntu/Desktop/cartographer_ws/install/cartographer/include/cartographer/common/thread_pool.h
[30.803s] -- Up-to-date: /home/ubuntu/Desktop/cartographer_ws/install/cartographer/include/cartographer/common/time.h
[30.803s] -- Up-to-date: /home/ubuntu/Desktop/cartographer_ws/install/cartographer/include/cartographer/ground_truth/relations_text_file.h
[30.803s] -- Up-to-date: /home/ubuntu/Desktop/cartographer_ws/install/cartographer/include/cartographer/io/color.h
[30.803s] -- Up-to-date: /home/ubuntu/Desktop/cartographer_ws/install/cartographer/include/cartographer/io/coloring_points_processor.h
[30.803s] -- Up-to-date: /home/ubuntu/Desktop/cartographer_ws/install/cartographer/include/cartographer/io/counting_points_processor.h
[30.804s] -- Up-to-date: /home/ubuntu/Desktop/cartographer_ws/install/cartographer/include/cartographer/io/draw_trajectories.h
[30.804s] -- Up-to-date: /home/ubuntu/Desktop/cartographer_ws/install/cartographer/include/cartographer/io/file_writer.h
[30.804s] -- Up-to-date: /home/ubuntu/Desktop/cartographer_ws/install/cartographer/include/cartographer/io/fixed_ratio_sampling_points_processor.h
[30.804s] -- Up-to-date: /home/ubuntu/Desktop/cartographer_ws/install/cartographer/include/cartographer/io/frame_id_filtering_points_processor.h
[30.804s] -- Up-to-date: /home/ubuntu/Desktop/cartographer_ws/install/cartographer/include/cartographer/io/hybrid_grid_points_processor.h
[30.804s] -- Up-to-date: /home/ubuntu/Desktop/cartographer_ws/install/cartographer/include/cartographer/io/image.h
[30.805s] -- Up-to-date: /home/ubuntu/Desktop/cartographer_ws/install/cartographer/include/cartographer/io/intensity_to_color_points_processor.h
[30.805s] -- Up-to-date: /home/ubuntu/Desktop/cartographer_ws/install/cartographer/include/cartographer/io/min_max_range_filtering_points_processor.h
[30.805s] -- Up-to-date: /home/ubuntu/Desktop/cartographer_ws/install/cartographer/include/cartographer/io/null_points_processor.h
[30.805s] -- Up-to-date: /home/ubuntu/Desktop/cartographer_ws/install/cartographer/include/cartographer/io/outlier_removing_points_processor.h
[30.821s] -- Up-to-date: /home/ubuntu/Desktop/cartographer_ws/install/cartographer/include/cartographer/io/pcd_writing_points_processor.h
[30.822s] -- Up-to-date: /home/ubuntu/Desktop/cartographer_ws/install/cartographer/include/cartographer/io/ply_writing_points_processor.h
[30.822s] -- Up-to-date: /home/ubuntu/Desktop/cartographer_ws/install/cartographer/include/cartographer/io/points_batch.h
[30.822s] -- Up-to-date: /home/ubuntu/Desktop/cartographer_ws/install/cartographer/include/cartographer/io/points_processor.h
[30.822s] -- Up-to-date: /home/ubuntu/Desktop/cartographer_ws/install/cartographer/include/cartographer/io/points_processor_pipeline_builder.h
[30.834s] -- Up-to-date: /home/ubuntu/Desktop/cartographer_ws/install/cartographer/include/cartographer/io/probability_grid_points_processor.h
[30.835s] -- Up-to-date: /home/ubuntu/Desktop/cartographer_ws/install/cartographer/include/cartographer/io/proto_stream.h
[30.835s] -- Up-to-date: /home/ubuntu/Desktop/cartographer_ws/install/cartographer/include/cartographer/io/proto_stream_deserializer.h
[30.835s] -- Up-to-date: /home/ubuntu/Desktop/cartographer_ws/install/cartographer/include/cartographer/io/proto_stream_interface.h
[30.835s] -- Up-to-date: /home/ubuntu/Desktop/cartographer_ws/install/cartographer/include/cartographer/io/serialization_format_migration.h
[30.835s] -- Up-to-date: /home/ubuntu/Desktop/cartographer_ws/install/cartographer/include/cartographer/io/submap_painter.h
[30.835s] -- Up-to-date: /home/ubuntu/Desktop/cartographer_ws/install/cartographer/include/cartographer/io/xray_points_processor.h
[30.836s] -- Up-to-date: /home/ubuntu/Desktop/cartographer_ws/install/cartographer/include/cartographer/io/xyz_writing_points_processor.h
[30.836s] -- Up-to-date: /home/ubuntu/Desktop/cartographer_ws/install/cartographer/include/cartographer/mapping/2d/grid_2d.h
[30.836s] -- Up-to-date: /home/ubuntu/Desktop/cartographer_ws/install/cartographer/include/cartographer/mapping/2d/map_limits.h
[30.836s] -- Up-to-date: /home/ubuntu/Desktop/cartographer_ws/install/cartographer/include/cartographer/mapping/2d/probability_grid.h
[30.836s] -- Up-to-date: /home/ubuntu/Desktop/cartographer_ws/install/cartographer/include/cartographer/mapping/2d/probability_grid_range_data_inserter_2d.h
[30.836s] -- Up-to-date: /home/ubuntu/Desktop/cartographer_ws/install/cartographer/include/cartographer/mapping/2d/submap_2d.h
[30.837s] -- Up-to-date: /home/ubuntu/Desktop/cartographer_ws/install/cartographer/include/cartographer/mapping/2d/xy_index.h
[30.837s] -- Up-to-date: /home/ubuntu/Desktop/cartographer_ws/install/cartographer/include/cartographer/mapping/3d/hybrid_grid.h
[30.837s] -- Up-to-date: /home/ubuntu/Desktop/cartographer_ws/install/cartographer/include/cartographer/mapping/3d/range_data_inserter_3d.h
[30.837s] -- Up-to-date: /home/ubuntu/Desktop/cartographer_ws/install/cartographer/include/cartographer/mapping/3d/submap_3d.h
[30.842s] -- Up-to-date: /home/ubuntu/Desktop/cartographer_ws/install/cartographer/include/cartographer/mapping/detect_floors.h
[30.842s] -- Up-to-date: /home/ubuntu/Desktop/cartographer_ws/install/cartographer/include/cartographer/mapping/grid_interface.h
[30.843s] -- Up-to-date: /home/ubuntu/Desktop/cartographer_ws/install/cartographer/include/cartographer/mapping/id.h
[30.846s] -- Up-to-date: /home/ubuntu/Desktop/cartographer_ws/install/cartographer/include/cartographer/mapping/imu_tracker.h
[30.846s] -- Up-to-date: /home/ubuntu/Desktop/cartographer_ws/install/cartographer/include/cartographer/mapping/local_slam_result_data.h
[30.846s] -- Up-to-date: /home/ubuntu/Desktop/cartographer_ws/install/cartographer/include/cartographer/mapping/map_builder.h
[30.846s] -- Up-to-date: /home/ubuntu/Desktop/cartographer_ws/install/cartographer/include/cartographer/mapping/map_builder_interface.h
[30.847s] -- Up-to-date: /home/ubuntu/Desktop/cartographer_ws/install/cartographer/include/cartographer/mapping/pose_extrapolator.h
[30.847s] -- Up-to-date: /home/ubuntu/Desktop/cartographer_ws/install/cartographer/include/cartographer/mapping/pose_graph.h
[30.847s] -- Up-to-date: /home/ubuntu/Desktop/cartographer_ws/install/cartographer/include/cartographer/mapping/pose_graph_interface.h
[30.847s] -- Up-to-date: /home/ubuntu/Desktop/cartographer_ws/install/cartographer/include/cartographer/mapping/pose_graph_trimmer.h
[30.847s] -- Up-to-date: /home/ubuntu/Desktop/cartographer_ws/install/cartographer/include/cartographer/mapping/probability_values.h
[30.848s] -- Up-to-date: /home/ubuntu/Desktop/cartographer_ws/install/cartographer/include/cartographer/mapping/range_data_inserter_interface.h
[30.848s] -- Up-to-date: /home/ubuntu/Desktop/cartographer_ws/install/cartographer/include/cartographer/mapping/submaps.h
[30.848s] -- Up-to-date: /home/ubuntu/Desktop/cartographer_ws/install/cartographer/include/cartographer/mapping/trajectory_builder_interface.h
[30.848s] -- Up-to-date: /home/ubuntu/Desktop/cartographer_ws/install/cartographer/include/cartographer/mapping/trajectory_node.h
[30.848s] -- Up-to-date: /home/ubuntu/Desktop/cartographer_ws/install/cartographer/include/cartographer/metrics/counter.h
[30.848s] -- Up-to-date: /home/ubuntu/Desktop/cartographer_ws/install/cartographer/include/cartographer/metrics/family_factory.h
[30.849s] -- Up-to-date: /home/ubuntu/Desktop/cartographer_ws/install/cartographer/include/cartographer/metrics/gauge.h
[30.849s] -- Up-to-date: /home/ubuntu/Desktop/cartographer_ws/install/cartographer/include/cartographer/metrics/histogram.h
[30.849s] -- Up-to-date: /home/ubuntu/Desktop/cartographer_ws/install/cartographer/include/cartographer/metrics/register.h
[30.849s] -- Up-to-date: /home/ubuntu/Desktop/cartographer_ws/install/cartographer/include/cartographer/sensor/collator_interface.h
[30.854s] -- Up-to-date: /home/ubuntu/Desktop/cartographer_ws/install/cartographer/include/cartographer/sensor/compressed_point_cloud.h
[30.854s] -- Up-to-date: /home/ubuntu/Desktop/cartographer_ws/install/cartographer/include/cartographer/sensor/data.h
[30.855s] -- Up-to-date: /home/ubuntu/Desktop/cartographer_ws/install/cartographer/include/cartographer/sensor/fixed_frame_pose_data.h
[30.868s] -- Up-to-date: /home/ubuntu/Desktop/cartographer_ws/install/cartographer/include/cartographer/sensor/imu_data.h
[30.872s] -- Up-to-date: /home/ubuntu/Desktop/cartographer_ws/install/cartographer/include/cartographer/sensor/landmark_data.h
[30.872s] -- Up-to-date: /home/ubuntu/Desktop/cartographer_ws/install/cartographer/include/cartographer/sensor/map_by_time.h
[30.872s] -- Up-to-date: /home/ubuntu/Desktop/cartographer_ws/install/cartographer/include/cartographer/sensor/odometry_data.h
[30.873s] -- Up-to-date: /home/ubuntu/Desktop/cartographer_ws/install/cartographer/include/cartographer/sensor/point_cloud.h
[30.873s] -- Up-to-date: /home/ubuntu/Desktop/cartographer_ws/install/cartographer/include/cartographer/sensor/range_data.h
[30.873s] -- Up-to-date: /home/ubuntu/Desktop/cartographer_ws/install/cartographer/include/cartographer/sensor/timed_point_cloud_data.h
[30.874s] -- Up-to-date: /home/ubuntu/Desktop/cartographer_ws/install/cartographer/include/cartographer/transform/rigid_transform.h
[30.874s] -- Up-to-date: /home/ubuntu/Desktop/cartographer_ws/install/cartographer/include/cartographer/transform/timestamped_transform.h
[30.874s] -- Up-to-date: /home/ubuntu/Desktop/cartographer_ws/install/cartographer/include/cartographer/transform/transform.h
[30.874s] -- Up-to-date: /home/ubuntu/Desktop/cartographer_ws/install/cartographer/include/cartographer/transform/transform_interpolation_buffer.h
[30.875s] -- Up-to-date: /home/ubuntu/Desktop/cartographer_ws/install/cartographer/include/cartographer/common/lua_parameter_dictionary_test_helpers.h
[30.875s] -- Up-to-date: /home/ubuntu/Desktop/cartographer_ws/install/cartographer/include/cartographer/io/fake_file_writer.h
[30.875s] -- Up-to-date: /home/ubuntu/Desktop/cartographer_ws/install/cartographer/include/cartographer/transform/rigid_transform_test_helpers.h
[30.875s] -- Up-to-date: /home/ubuntu/Desktop/cartographer_ws/install/cartographer/include/cartographer/common/proto/ceres_solver_options.pb.h
[30.875s] -- Up-to-date: /home/ubuntu/Desktop/cartographer_ws/install/cartographer/include/cartographer/ground_truth/proto/relations.pb.h
[30.875s] -- Up-to-date: /home/ubuntu/Desktop/cartographer_ws/install/cartographer/include/cartographer/mapping/proto/2d/cell_limits.pb.h
[30.876s] -- Up-to-date: /home/ubuntu/Desktop/cartographer_ws/install/cartographer/include/cartographer/mapping/proto/2d/grid_2d.pb.h
[30.876s] -- Up-to-date: /home/ubuntu/Desktop/cartographer_ws/install/cartographer/include/cartographer/mapping/proto/2d/grid_2d_options.pb.h
[30.876s] -- Up-to-date: /home/ubuntu/Desktop/cartographer_ws/install/cartographer/include/cartographer/mapping/proto/2d/local_trajectory_builder_options_2d.pb.h
[30.876s] -- Up-to-date: /home/ubuntu/Desktop/cartographer_ws/install/cartographer/include/cartographer/mapping/proto/2d/map_limits.pb.h
[30.876s] -- Up-to-date: /home/ubuntu/Desktop/cartographer_ws/install/cartographer/include/cartographer/mapping/proto/2d/probability_grid.pb.h
[30.877s] -- Up-to-date: /home/ubuntu/Desktop/cartographer_ws/install/cartographer/include/cartographer/mapping/proto/2d/probability_grid_range_data_inserter_options_2d.pb.h
[30.877s] -- Up-to-date: /home/ubuntu/Desktop/cartographer_ws/install/cartographer/include/cartographer/mapping/proto/2d/submaps_options_2d.pb.h
[30.877s] -- Up-to-date: /home/ubuntu/Desktop/cartographer_ws/install/cartographer/include/cartographer/mapping/proto/3d/hybrid_grid.pb.h
[30.898s] -- Up-to-date: /home/ubuntu/Desktop/cartographer_ws/install/cartographer/include/cartographer/mapping/proto/3d/local_trajectory_builder_options_3d.pb.h
[30.898s] -- Up-to-date: /home/ubuntu/Desktop/cartographer_ws/install/cartographer/include/cartographer/mapping/proto/3d/range_data_inserter_options_3d.pb.h
[30.898s] -- Up-to-date: /home/ubuntu/Desktop/cartographer_ws/install/cartographer/include/cartographer/mapping/proto/3d/submaps_options_3d.pb.h
[30.898s] -- Up-to-date: /home/ubuntu/Desktop/cartographer_ws/install/cartographer/include/cartographer/mapping/proto/connected_components.pb.h
[30.898s] -- Up-to-date: /home/ubuntu/Desktop/cartographer_ws/install/cartographer/include/cartographer/mapping/proto/internal/legacy_serialized_data.pb.h
[30.899s] -- Up-to-date: /home/ubuntu/Desktop/cartographer_ws/install/cartographer/include/cartographer/mapping/proto/map_builder_options.pb.h
[30.899s] -- Up-to-date: /home/ubuntu/Desktop/cartographer_ws/install/cartographer/include/cartographer/mapping/proto/motion_filter_options.pb.h
[30.899s] -- Up-to-date: /home/ubuntu/Desktop/cartographer_ws/install/cartographer/include/cartographer/mapping/proto/pose_graph.pb.h
[30.899s] -- Up-to-date: /home/ubuntu/Desktop/cartographer_ws/install/cartographer/include/cartographer/mapping/proto/pose_graph/constraint_builder_options.pb.h
[30.899s] -- Up-to-date: /home/ubuntu/Desktop/cartographer_ws/install/cartographer/include/cartographer/mapping/proto/pose_graph/optimization_problem_options.pb.h
[30.900s] -- Up-to-date: /home/ubuntu/Desktop/cartographer_ws/install/cartographer/include/cartographer/mapping/proto/pose_graph_options.pb.h
[30.900s] -- Up-to-date: /home/ubuntu/Desktop/cartographer_ws/install/cartographer/include/cartographer/mapping/proto/range_data_inserter_options.pb.h
[30.900s] -- Up-to-date: /home/ubuntu/Desktop/cartographer_ws/install/cartographer/include/cartographer/mapping/proto/scan_matching/ceres_scan_matcher_options_2d.pb.h
[30.900s] -- Up-to-date: /home/ubuntu/Desktop/cartographer_ws/install/cartographer/include/cartographer/mapping/proto/scan_matching/ceres_scan_matcher_options_3d.pb.h
[30.900s] -- Up-to-date: /home/ubuntu/Desktop/cartographer_ws/install/cartographer/include/cartographer/mapping/proto/scan_matching/fast_correlative_scan_matcher_options_2d.pb.h
[30.900s] -- Up-to-date: /home/ubuntu/Desktop/cartographer_ws/install/cartographer/include/cartographer/mapping/proto/scan_matching/fast_correlative_scan_matcher_options_3d.pb.h
[30.901s] -- Up-to-date: /home/ubuntu/Desktop/cartographer_ws/install/cartographer/include/cartographer/mapping/proto/scan_matching/real_time_correlative_scan_matcher_options.pb.h
[30.901s] -- Up-to-date: /home/ubuntu/Desktop/cartographer_ws/install/cartographer/include/cartographer/mapping/proto/serialization.pb.h
[30.901s] -- Up-to-date: /home/ubuntu/Desktop/cartographer_ws/install/cartographer/include/cartographer/mapping/proto/submap.pb.h
[30.901s] -- Up-to-date: /home/ubuntu/Desktop/cartographer_ws/install/cartographer/include/cartographer/mapping/proto/submap_visualization.pb.h
[30.911s] -- Up-to-date: /home/ubuntu/Desktop/cartographer_ws/install/cartographer/include/cartographer/mapping/proto/trajectory.pb.h
[30.911s] -- Up-to-date: /home/ubuntu/Desktop/cartographer_ws/install/cartographer/include/cartographer/mapping/proto/trajectory_builder_options.pb.h
[30.912s] -- Up-to-date: /home/ubuntu/Desktop/cartographer_ws/install/cartographer/include/cartographer/mapping/proto/trajectory_node_data.pb.h
[30.912s] -- Up-to-date: /home/ubuntu/Desktop/cartographer_ws/install/cartographer/include/cartographer/sensor/proto/adaptive_voxel_filter_options.pb.h
[30.912s] -- Up-to-date: /home/ubuntu/Desktop/cartographer_ws/install/cartographer/include/cartographer/sensor/proto/sensor.pb.h
[30.912s] -- Up-to-date: /home/ubuntu/Desktop/cartographer_ws/install/cartographer/include/cartographer/transform/proto/transform.pb.h
[30.912s] -- Up-to-date: /home/ubuntu/Desktop/cartographer_ws/install/cartographer/share/cartographer/cmake/CartographerTargets.cmake
[30.912s] -- Up-to-date: /home/ubuntu/Desktop/cartographer_ws/install/cartographer/share/cartographer/cmake/CartographerTargets-release.cmake
[30.913s] -- Up-to-date: /home/ubuntu/Desktop/cartographer_ws/install/cartographer/share/cartographer/cartographer-config.cmake
[30.922s] Invoked command in '/home/ubuntu/Desktop/cartographer_ws/build/cartographer' returned '0': CMAKE_PREFIX_PATH=/home/ubuntu/Desktop/cartographer_ws/install/tf_init:/home/ubuntu/Desktop/cartographer_ws/install/imu:/opt/ros/foxy:${CMAKE_PREFIX_PATH} /usr/bin/cmake --install /home/ubuntu/Desktop/cartographer_ws/build/cartographer
