[0.061s] Invoking command in '/home/ubuntu/Desktop/cartographer_ws/build/lslidar_msgs': CMAKE_PREFIX_PATH=${CMAKE_PREFIX_PATH}:/opt/ros/foxy /usr/bin/cmake /home/ubuntu/Desktop/cartographer_ws/src/lslidar_msgs -DCMAKE_INSTALL_PREFIX=/home/ubuntu/Desktop/cartographer_ws/install/lslidar_msgs
[0.267s] -- The C compiler identification is GNU 9.4.0
[0.460s] -- The CXX compiler identification is GNU 9.4.0
[0.474s] -- Check for working C compiler: /usr/bin/cc
[0.769s] -- Check for working C compiler: /usr/bin/cc -- works
[0.771s] -- Detecting C compiler ABI info
[1.018s] -- Detecting C compiler ABI info - done
[1.048s] -- Detecting C compile features
[1.049s] -- Detecting C compile features - done
[1.056s] -- Check for working CXX compiler: /usr/bin/c++
[1.329s] -- Check for working CXX compiler: /usr/bin/c++ -- works
[1.332s] -- Detecting CXX compiler ABI info
[1.620s] -- Detecting CXX compiler ABI info - done
[1.653s] -- Detecting CXX compile features
[1.654s] -- Detecting CXX compile features - done
[1.661s] -- Found ament_cmake: 0.9.12 (/opt/ros/foxy/share/ament_cmake/cmake)
[1.748s] -- Found PythonInterp: /usr/bin/python3 (found suitable version "3.8.10", minimum required is "3") 
[1.749s] -- Using PYTHON_EXECUTABLE: /usr/bin/python3
[2.339s] -- Found std_msgs: 2.0.5 (/opt/ros/foxy/share/std_msgs/cmake)
[2.487s] -- Using all available rosidl_typesupport_c: rosidl_typesupport_fastrtps_c;rosidl_typesupport_introspection_c
[2.521s] -- Found rosidl_adapter: 1.3.1 (/opt/ros/foxy/share/rosidl_adapter/cmake)
[2.925s] -- Found OpenSSL: /usr/lib/x86_64-linux-gnu/libcrypto.so (found version "1.1.1f")  
[3.013s] -- Found FastRTPS: /opt/ros/foxy/include  
[3.305s] -- Using all available rosidl_typesupport_cpp: rosidl_typesupport_fastrtps_cpp;rosidl_typesupport_introspection_cpp
[3.515s] -- Found sensor_msgs: 2.0.5 (/opt/ros/foxy/share/sensor_msgs/cmake)
[3.887s] -- Found rosidl_default_generators: 1.0.1 (/opt/ros/foxy/share/rosidl_default_generators/cmake)
[3.928s] -- Found ament_lint_auto: 0.9.8 (/opt/ros/foxy/share/ament_lint_auto/cmake)
[4.279s] -- Found PythonInterp: /usr/bin/python3 (found version "3.8.10") 
[4.644s] -- Found ament_cmake_ros: 0.9.2 (/opt/ros/foxy/share/ament_cmake_ros/cmake)
[5.208s] -- Using all available rosidl_typesupport_c: rosidl_typesupport_fastrtps_c;rosidl_typesupport_introspection_c
[5.404s] -- Using all available rosidl_typesupport_cpp: rosidl_typesupport_fastrtps_cpp;rosidl_typesupport_introspection_cpp
[5.483s] -- Found PythonInterp: /usr/bin/python3 (found suitable version "3.8.10", minimum required is "3.5") 
[5.493s] -- Found python_cmake_module: 0.8.1 (/opt/ros/foxy/share/python_cmake_module/cmake)
[5.584s] -- Found PythonLibs: /usr/lib/x86_64-linux-gnu/libpython3.8.so (found suitable version "3.8.10", minimum required is "3.5") 
[5.586s] -- Using PYTHON_EXECUTABLE: /usr/bin/python3
[5.587s] -- Using PYTHON_INCLUDE_DIRS: /usr/include/python3.8
[5.589s] -- Using PYTHON_LIBRARIES: /usr/lib/x86_64-linux-gnu/libpython3.8.so
[5.649s] -- Found PythonExtra: .so  
[5.868s] -- Added test 'copyright' to check source files copyright and LICENSE
[5.879s] -- Added test 'lint_cmake' to check CMake code style
[5.879s] -- Added test 'xmllint' to check XML markup files
[5.915s] -- Configuring done
[6.115s] -- Generating done
[6.123s] -- Build files have been written to: /home/ubuntu/Desktop/cartographer_ws/build/lslidar_msgs
[6.148s] Invoked command in '/home/ubuntu/Desktop/cartographer_ws/build/lslidar_msgs' returned '0': CMAKE_PREFIX_PATH=${CMAKE_PREFIX_PATH}:/opt/ros/foxy /usr/bin/cmake /home/ubuntu/Desktop/cartographer_ws/src/lslidar_msgs -DCMAKE_INSTALL_PREFIX=/home/ubuntu/Desktop/cartographer_ws/install/lslidar_msgs
[6.165s] Invoking command in '/home/ubuntu/Desktop/cartographer_ws/build/lslidar_msgs': CMAKE_PREFIX_PATH=${CMAKE_PREFIX_PATH}:/opt/ros/foxy /usr/bin/cmake --build /home/ubuntu/Desktop/cartographer_ws/build/lslidar_msgs -- -j4 -l4
[6.262s] -- Found ament_cmake: 0.9.12 (/opt/ros/foxy/share/ament_cmake/cmake)
[6.341s] -- Found PythonInterp: /usr/bin/python3 (found suitable version "3.8.10", minimum required is "3") 
[6.341s] -- Using PYTHON_EXECUTABLE: /usr/bin/python3
[6.843s] -- Found std_msgs: 2.0.5 (/opt/ros/foxy/share/std_msgs/cmake)
[6.904s] -- Using all available rosidl_typesupport_c: rosidl_typesupport_fastrtps_c;rosidl_typesupport_introspection_c
[6.913s] -- Found rosidl_adapter: 1.3.1 (/opt/ros/foxy/share/rosidl_adapter/cmake)
[7.253s] -- Using all available rosidl_typesupport_cpp: rosidl_typesupport_fastrtps_cpp;rosidl_typesupport_introspection_cpp
[7.372s] -- Found sensor_msgs: 2.0.5 (/opt/ros/foxy/share/sensor_msgs/cmake)
[7.693s] -- Found rosidl_default_generators: 1.0.1 (/opt/ros/foxy/share/rosidl_default_generators/cmake)
[7.720s] -- Found ament_lint_auto: 0.9.8 (/opt/ros/foxy/share/ament_lint_auto/cmake)
[8.007s] -- Found PythonInterp: /usr/bin/python3 (found version "3.8.10") 
[8.393s] -- Found ament_cmake_ros: 0.9.2 (/opt/ros/foxy/share/ament_cmake_ros/cmake)
[8.977s] -- Using all available rosidl_typesupport_c: rosidl_typesupport_fastrtps_c;rosidl_typesupport_introspection_c
[9.201s] -- Using all available rosidl_typesupport_cpp: rosidl_typesupport_fastrtps_cpp;rosidl_typesupport_introspection_cpp
[9.322s] -- Found PythonInterp: /usr/bin/python3 (found suitable version "3.8.10", minimum required is "3.5") 
[9.322s] -- Found python_cmake_module: 0.8.1 (/opt/ros/foxy/share/python_cmake_module/cmake)
[9.394s] -- Using PYTHON_EXECUTABLE: /usr/bin/python3
[9.394s] -- Using PYTHON_INCLUDE_DIRS: /usr/include/python3.8
[9.394s] -- Using PYTHON_LIBRARIES: /usr/lib/x86_64-linux-gnu/libpython3.8.so
[9.506s] -- Added test 'copyright' to check source files copyright and LICENSE
[9.511s] -- Added test 'lint_cmake' to check CMake code style
[9.514s] -- Added test 'xmllint' to check XML markup files
[9.531s] -- Configuring done
[9.694s] -- Generating done
[9.704s] -- Build files have been written to: /home/ubuntu/Desktop/cartographer_ws/build/lslidar_msgs
[9.794s] [  1%] [34m[1mGenerating C code for ROS interfaces[0m
[9.795s] [35m[1mScanning dependencies of target lslidar_msgs__cpp[0m
[9.846s] [  3%] [34m[1mGenerating C++ code for ROS interfaces[0m
[11.281s] [  3%] Built target lslidar_msgs__cpp
[11.462s] [  4%] [34m[1mGenerating C++ type support for eProsima Fast-RTPS[0m
[11.466s] [  6%] [34m[1mGenerating C++ introspection for ROS interfaces[0m
[11.477s] [  7%] [34m[1mGenerating C++ type support dispatch for ROS interfaces[0m
[11.490s] [35m[1mScanning dependencies of target lslidar_msgs__rosidl_generator_c[0m
[11.613s] [  9%] [32mBuilding C object CMakeFiles/lslidar_msgs__rosidl_generator_c.dir/rosidl_generator_c/lslidar_msgs/msg/detail/lslidar_difop__functions.c.o[0m
[11.908s] [ 11%] [32mBuilding C object CMakeFiles/lslidar_msgs__rosidl_generator_c.dir/rosidl_generator_c/lslidar_msgs/msg/detail/lslidar_packet__functions.c.o[0m
[12.084s] [ 12%] [32mBuilding C object CMakeFiles/lslidar_msgs__rosidl_generator_c.dir/rosidl_generator_c/lslidar_msgs/msg/detail/lslidar_point__functions.c.o[0m
[12.272s] [ 14%] [32mBuilding C object CMakeFiles/lslidar_msgs__rosidl_generator_c.dir/rosidl_generator_c/lslidar_msgs/msg/detail/lslidar_scan__functions.c.o[0m
[12.472s] [ 15%] [32mBuilding C object CMakeFiles/lslidar_msgs__rosidl_generator_c.dir/rosidl_generator_c/lslidar_msgs/msg/detail/lslidar_sweep__functions.c.o[0m
[12.636s] [35m[1mScanning dependencies of target lslidar_msgs__rosidl_typesupport_cpp[0m
[12.689s] [ 17%] [32m[1mLinking C shared library liblslidar_msgs__rosidl_generator_c.so[0m
[12.736s] [ 19%] [32mBuilding CXX object CMakeFiles/lslidar_msgs__rosidl_typesupport_cpp.dir/rosidl_typesupport_cpp/lslidar_msgs/msg/lslidar_difop__type_support.cpp.o[0m
[12.934s] [ 19%] Built target lslidar_msgs__rosidl_generator_c
[13.122s] [35m[1mScanning dependencies of target lslidar_msgs__rosidl_typesupport_introspection_cpp[0m
[13.174s] [ 20%] [34m[1mGenerating C type support dispatch for ROS interfaces[0m
[13.223s] [35m[1mScanning dependencies of target lslidar_msgs__rosidl_typesupport_fastrtps_cpp[0m
[13.243s] [ 22%] [32mBuilding CXX object CMakeFiles/lslidar_msgs__rosidl_typesupport_introspection_cpp.dir/rosidl_typesupport_introspection_cpp/lslidar_msgs/msg/detail/lslidar_difop__type_support.cpp.o[0m
[13.354s] [ 23%] [32mBuilding CXX object CMakeFiles/lslidar_msgs__rosidl_typesupport_fastrtps_cpp.dir/rosidl_typesupport_fastrtps_cpp/lslidar_msgs/msg/detail/dds_fastrtps/lslidar_difop__type_support.cpp.o[0m
[14.376s] [35m[1mScanning dependencies of target lslidar_msgs__rosidl_typesupport_c[0m
[14.389s] [ 25%] [32mBuilding CXX object CMakeFiles/lslidar_msgs__rosidl_typesupport_cpp.dir/rosidl_typesupport_cpp/lslidar_msgs/msg/lslidar_packet__type_support.cpp.o[0m
[14.450s] [ 26%] [32mBuilding CXX object CMakeFiles/lslidar_msgs__rosidl_typesupport_c.dir/rosidl_typesupport_c/lslidar_msgs/msg/lslidar_difop__type_support.cpp.o[0m
[14.564s] [ 28%] [32mBuilding CXX object CMakeFiles/lslidar_msgs__rosidl_typesupport_c.dir/rosidl_typesupport_c/lslidar_msgs/msg/lslidar_packet__type_support.cpp.o[0m
[14.630s] [ 30%] [32mBuilding CXX object CMakeFiles/lslidar_msgs__rosidl_typesupport_introspection_cpp.dir/rosidl_typesupport_introspection_cpp/lslidar_msgs/msg/detail/lslidar_packet__type_support.cpp.o[0m
[14.692s] [ 31%] [32mBuilding CXX object CMakeFiles/lslidar_msgs__rosidl_typesupport_c.dir/rosidl_typesupport_c/lslidar_msgs/msg/lslidar_point__type_support.cpp.o[0m
[14.810s] [ 33%] [32mBuilding CXX object CMakeFiles/lslidar_msgs__rosidl_typesupport_c.dir/rosidl_typesupport_c/lslidar_msgs/msg/lslidar_scan__type_support.cpp.o[0m
[14.992s] [ 34%] [32mBuilding CXX object CMakeFiles/lslidar_msgs__rosidl_typesupport_c.dir/rosidl_typesupport_c/lslidar_msgs/msg/lslidar_sweep__type_support.cpp.o[0m
[15.136s] [ 36%] [32m[1mLinking CXX shared library liblslidar_msgs__rosidl_typesupport_c.so[0m
[15.437s] [ 38%] [32mBuilding CXX object CMakeFiles/lslidar_msgs__rosidl_typesupport_fastrtps_cpp.dir/rosidl_typesupport_fastrtps_cpp/lslidar_msgs/msg/detail/dds_fastrtps/lslidar_packet__type_support.cpp.o[0m
[15.452s] [ 38%] Built target lslidar_msgs__rosidl_typesupport_c
[15.480s] [ 39%] [32mBuilding CXX object CMakeFiles/lslidar_msgs__rosidl_typesupport_cpp.dir/rosidl_typesupport_cpp/lslidar_msgs/msg/lslidar_point__type_support.cpp.o[0m
[15.510s] [ 41%] [34m[1mGenerating C introspection for ROS interfaces[0m
[15.919s] [ 42%] [32mBuilding CXX object CMakeFiles/lslidar_msgs__rosidl_typesupport_introspection_cpp.dir/rosidl_typesupport_introspection_cpp/lslidar_msgs/msg/detail/lslidar_point__type_support.cpp.o[0m
[16.436s] [ 44%] [32mBuilding CXX object CMakeFiles/lslidar_msgs__rosidl_typesupport_cpp.dir/rosidl_typesupport_cpp/lslidar_msgs/msg/lslidar_scan__type_support.cpp.o[0m
[16.910s] [ 46%] [32mBuilding CXX object CMakeFiles/lslidar_msgs__rosidl_typesupport_introspection_cpp.dir/rosidl_typesupport_introspection_cpp/lslidar_msgs/msg/detail/lslidar_scan__type_support.cpp.o[0m
[16.932s] [ 47%] [32mBuilding CXX object CMakeFiles/lslidar_msgs__rosidl_typesupport_fastrtps_cpp.dir/rosidl_typesupport_fastrtps_cpp/lslidar_msgs/msg/detail/dds_fastrtps/lslidar_point__type_support.cpp.o[0m
[16.951s] [35m[1mScanning dependencies of target lslidar_msgs__rosidl_typesupport_introspection_c[0m
[17.086s] [ 49%] [32mBuilding C object CMakeFiles/lslidar_msgs__rosidl_typesupport_introspection_c.dir/rosidl_typesupport_introspection_c/lslidar_msgs/msg/detail/lslidar_difop__type_support.c.o[0m
[17.203s] [ 50%] [32mBuilding C object CMakeFiles/lslidar_msgs__rosidl_typesupport_introspection_c.dir/rosidl_typesupport_introspection_c/lslidar_msgs/msg/detail/lslidar_packet__type_support.c.o[0m
[17.347s] [ 52%] [32mBuilding C object CMakeFiles/lslidar_msgs__rosidl_typesupport_introspection_c.dir/rosidl_typesupport_introspection_c/lslidar_msgs/msg/detail/lslidar_point__type_support.c.o[0m
[17.457s] [ 53%] [32mBuilding C object CMakeFiles/lslidar_msgs__rosidl_typesupport_introspection_c.dir/rosidl_typesupport_introspection_c/lslidar_msgs/msg/detail/lslidar_scan__type_support.c.o[0m
[17.563s] [ 55%] [32mBuilding CXX object CMakeFiles/lslidar_msgs__rosidl_typesupport_cpp.dir/rosidl_typesupport_cpp/lslidar_msgs/msg/lslidar_sweep__type_support.cpp.o[0m
[17.595s] [ 57%] [32mBuilding C object CMakeFiles/lslidar_msgs__rosidl_typesupport_introspection_c.dir/rosidl_typesupport_introspection_c/lslidar_msgs/msg/detail/lslidar_sweep__type_support.c.o[0m
[17.680s] [ 58%] [32m[1mLinking C shared library liblslidar_msgs__rosidl_typesupport_introspection_c.so[0m
[17.820s] [ 58%] Built target lslidar_msgs__rosidl_typesupport_introspection_c
[17.870s] [ 60%] [32mBuilding CXX object CMakeFiles/lslidar_msgs__rosidl_typesupport_fastrtps_cpp.dir/rosidl_typesupport_fastrtps_cpp/lslidar_msgs/msg/detail/dds_fastrtps/lslidar_scan__type_support.cpp.o[0m
[18.039s] [ 61%] [32mBuilding CXX object CMakeFiles/lslidar_msgs__rosidl_typesupport_introspection_cpp.dir/rosidl_typesupport_introspection_cpp/lslidar_msgs/msg/detail/lslidar_sweep__type_support.cpp.o[0m
[18.473s] [ 63%] [32mBuilding CXX object CMakeFiles/lslidar_msgs__rosidl_typesupport_fastrtps_cpp.dir/rosidl_typesupport_fastrtps_cpp/lslidar_msgs/msg/detail/dds_fastrtps/lslidar_sweep__type_support.cpp.o[0m
[18.531s] [ 65%] [32m[1mLinking CXX shared library liblslidar_msgs__rosidl_typesupport_cpp.so[0m
[18.721s] [ 65%] Built target lslidar_msgs__rosidl_typesupport_cpp
[19.097s] [ 66%] [32m[1mLinking CXX shared library liblslidar_msgs__rosidl_typesupport_introspection_cpp.so[0m
[19.373s] [ 66%] Built target lslidar_msgs__rosidl_typesupport_introspection_cpp
[19.758s] [ 68%] [32m[1mLinking CXX shared library liblslidar_msgs__rosidl_typesupport_fastrtps_cpp.so[0m
[20.080s] [ 68%] Built target lslidar_msgs__rosidl_typesupport_fastrtps_cpp
[20.122s] [ 69%] [34m[1mGenerating C type support for eProsima Fast-RTPS[0m
[21.247s] [35m[1mScanning dependencies of target lslidar_msgs__rosidl_typesupport_fastrtps_c[0m
[21.348s] [ 71%] [32mBuilding CXX object CMakeFiles/lslidar_msgs__rosidl_typesupport_fastrtps_c.dir/rosidl_typesupport_fastrtps_c/lslidar_msgs/msg/detail/lslidar_point__type_support_c.cpp.o[0m
[21.348s] [ 73%] [32mBuilding CXX object CMakeFiles/lslidar_msgs__rosidl_typesupport_fastrtps_c.dir/rosidl_typesupport_fastrtps_c/lslidar_msgs/msg/detail/lslidar_difop__type_support_c.cpp.o[0m
[21.350s] [ 74%] [32mBuilding CXX object CMakeFiles/lslidar_msgs__rosidl_typesupport_fastrtps_c.dir/rosidl_typesupport_fastrtps_c/lslidar_msgs/msg/detail/lslidar_scan__type_support_c.cpp.o[0m
[21.359s] [ 76%] [32mBuilding CXX object CMakeFiles/lslidar_msgs__rosidl_typesupport_fastrtps_c.dir/rosidl_typesupport_fastrtps_c/lslidar_msgs/msg/detail/lslidar_packet__type_support_c.cpp.o[0m
[22.455s] [ 77%] [32mBuilding CXX object CMakeFiles/lslidar_msgs__rosidl_typesupport_fastrtps_c.dir/rosidl_typesupport_fastrtps_c/lslidar_msgs/msg/detail/lslidar_sweep__type_support_c.cpp.o[0m
[23.532s] [ 79%] [32m[1mLinking CXX shared library liblslidar_msgs__rosidl_typesupport_fastrtps_c.so[0m
[23.837s] [ 79%] Built target lslidar_msgs__rosidl_typesupport_fastrtps_c
[23.877s] [35m[1mScanning dependencies of target lslidar_msgs[0m
[23.887s] make[2]: Warning: File '/home/ubuntu/Desktop/cartographer_ws/src/lslidar_msgs/msg/LslidarDifop.msg' has modification time 21063 s in the future
[23.890s] make[2]: warning:  Clock skew detected.  Your build may be incomplete.
[23.920s] [ 79%] Built target lslidar_msgs
[23.972s] [35m[1mScanning dependencies of target lslidar_msgs__py[0m
[24.014s] [ 80%] [34m[1mGenerating Python code for ROS interfaces[0m
[26.556s] [ 80%] Built target lslidar_msgs__py
[26.604s] [35m[1mScanning dependencies of target lslidar_msgs__python[0m
[26.816s] [ 82%] [32mBuilding C object CMakeFiles/lslidar_msgs__python.dir/rosidl_generator_py/lslidar_msgs/msg/_lslidar_difop_s.c.o[0m
[26.822s] [ 84%] [32mBuilding C object CMakeFiles/lslidar_msgs__python.dir/rosidl_generator_py/lslidar_msgs/msg/_lslidar_scan_s.c.o[0m
[26.833s] [ 85%] [32mBuilding C object CMakeFiles/lslidar_msgs__python.dir/rosidl_generator_py/lslidar_msgs/msg/_lslidar_point_s.c.o[0m
[26.873s] [ 87%] [32mBuilding C object CMakeFiles/lslidar_msgs__python.dir/rosidl_generator_py/lslidar_msgs/msg/_lslidar_packet_s.c.o[0m
[27.370s] [ 88%] [32mBuilding C object CMakeFiles/lslidar_msgs__python.dir/rosidl_generator_py/lslidar_msgs/msg/_lslidar_sweep_s.c.o[0m
[27.714s] [ 90%] [32m[1mLinking C shared library rosidl_generator_py/lslidar_msgs/liblslidar_msgs__python.so[0m
[27.910s] [ 90%] Built target lslidar_msgs__python
[27.963s] [35m[1mScanning dependencies of target lslidar_msgs__rosidl_typesupport_introspection_c__pyext[0m
[27.986s] [35m[1mScanning dependencies of target lslidar_msgs__rosidl_typesupport_fastrtps_c__pyext[0m
[28.015s] [35m[1mScanning dependencies of target lslidar_msgs__rosidl_typesupport_c__pyext[0m
[28.049s] [ 92%] [32mBuilding C object CMakeFiles/lslidar_msgs__rosidl_typesupport_introspection_c__pyext.dir/rosidl_generator_py/lslidar_msgs/_lslidar_msgs_s.ep.rosidl_typesupport_introspection_c.c.o[0m
[28.107s] [ 93%] [32mBuilding C object CMakeFiles/lslidar_msgs__rosidl_typesupport_fastrtps_c__pyext.dir/rosidl_generator_py/lslidar_msgs/_lslidar_msgs_s.ep.rosidl_typesupport_fastrtps_c.c.o[0m
[28.195s] [ 95%] [32mBuilding C object CMakeFiles/lslidar_msgs__rosidl_typesupport_c__pyext.dir/rosidl_generator_py/lslidar_msgs/_lslidar_msgs_s.ep.rosidl_typesupport_c.c.o[0m
[28.465s] [ 96%] [32m[1mLinking C shared library rosidl_generator_py/lslidar_msgs/lslidar_msgs_s__rosidl_typesupport_introspection_c.cpython-38-x86_64-linux-gnu.so[0m
[28.637s] [ 98%] [32m[1mLinking CXX shared library rosidl_generator_py/lslidar_msgs/lslidar_msgs_s__rosidl_typesupport_fastrtps_c.cpython-38-x86_64-linux-gnu.so[0m
[28.747s] [100%] [32m[1mLinking C shared library rosidl_generator_py/lslidar_msgs/lslidar_msgs_s__rosidl_typesupport_c.cpython-38-x86_64-linux-gnu.so[0m
[28.751s] [100%] Built target lslidar_msgs__rosidl_typesupport_introspection_c__pyext
[28.947s] [100%] Built target lslidar_msgs__rosidl_typesupport_c__pyext
[28.983s] [100%] Built target lslidar_msgs__rosidl_typesupport_fastrtps_c__pyext
[29.028s] Invoked command in '/home/ubuntu/Desktop/cartographer_ws/build/lslidar_msgs' returned '0': CMAKE_PREFIX_PATH=${CMAKE_PREFIX_PATH}:/opt/ros/foxy /usr/bin/cmake --build /home/ubuntu/Desktop/cartographer_ws/build/lslidar_msgs -- -j4 -l4
[29.823s] Invoking command in '/home/ubuntu/Desktop/cartographer_ws/build/lslidar_msgs': CMAKE_PREFIX_PATH=${CMAKE_PREFIX_PATH}:/opt/ros/foxy /usr/bin/cmake --install /home/ubuntu/Desktop/cartographer_ws/build/lslidar_msgs
[29.872s] -- Install configuration: ""
[29.873s] -- Installing: /home/ubuntu/Desktop/cartographer_ws/install/lslidar_msgs/share/ament_index/resource_index/rosidl_interfaces/lslidar_msgs
[29.873s] -- Installing: /home/ubuntu/Desktop/cartographer_ws/install/lslidar_msgs/include/lslidar_msgs
[29.875s] -- Installing: /home/ubuntu/Desktop/cartographer_ws/install/lslidar_msgs/include/lslidar_msgs/msg
[29.875s] -- Installing: /home/ubuntu/Desktop/cartographer_ws/install/lslidar_msgs/include/lslidar_msgs/msg/detail
[29.876s] -- Installing: /home/ubuntu/Desktop/cartographer_ws/install/lslidar_msgs/include/lslidar_msgs/msg/detail/lslidar_scan__functions.c
[29.877s] -- Installing: /home/ubuntu/Desktop/cartographer_ws/install/lslidar_msgs/include/lslidar_msgs/msg/detail/lslidar_difop__functions.h
[29.877s] -- Installing: /home/ubuntu/Desktop/cartographer_ws/install/lslidar_msgs/include/lslidar_msgs/msg/detail/lslidar_difop__functions.c
[29.877s] -- Installing: /home/ubuntu/Desktop/cartographer_ws/install/lslidar_msgs/include/lslidar_msgs/msg/detail/lslidar_sweep__functions.c
[29.878s] -- Installing: /home/ubuntu/Desktop/cartographer_ws/install/lslidar_msgs/include/lslidar_msgs/msg/detail/lslidar_scan__type_support.h
[29.878s] -- Installing: /home/ubuntu/Desktop/cartographer_ws/install/lslidar_msgs/include/lslidar_msgs/msg/detail/lslidar_sweep__functions.h
[29.878s] -- Installing: /home/ubuntu/Desktop/cartographer_ws/install/lslidar_msgs/include/lslidar_msgs/msg/detail/lslidar_point__struct.h
[29.879s] -- Installing: /home/ubuntu/Desktop/cartographer_ws/install/lslidar_msgs/include/lslidar_msgs/msg/detail/lslidar_scan__functions.h
[29.879s] -- Installing: /home/ubuntu/Desktop/cartographer_ws/install/lslidar_msgs/include/lslidar_msgs/msg/detail/lslidar_point__functions.h
[29.879s] -- Installing: /home/ubuntu/Desktop/cartographer_ws/install/lslidar_msgs/include/lslidar_msgs/msg/detail/lslidar_packet__functions.c
[29.879s] -- Installing: /home/ubuntu/Desktop/cartographer_ws/install/lslidar_msgs/include/lslidar_msgs/msg/detail/lslidar_packet__functions.h
[29.880s] -- Installing: /home/ubuntu/Desktop/cartographer_ws/install/lslidar_msgs/include/lslidar_msgs/msg/detail/lslidar_difop__type_support.h
[29.880s] -- Installing: /home/ubuntu/Desktop/cartographer_ws/install/lslidar_msgs/include/lslidar_msgs/msg/detail/lslidar_sweep__struct.h
[29.880s] -- Installing: /home/ubuntu/Desktop/cartographer_ws/install/lslidar_msgs/include/lslidar_msgs/msg/detail/lslidar_point__type_support.h
[29.881s] -- Installing: /home/ubuntu/Desktop/cartographer_ws/install/lslidar_msgs/include/lslidar_msgs/msg/detail/lslidar_packet__struct.h
[29.883s] -- Installing: /home/ubuntu/Desktop/cartographer_ws/install/lslidar_msgs/include/lslidar_msgs/msg/detail/lslidar_packet__type_support.h
[29.884s] -- Installing: /home/ubuntu/Desktop/cartographer_ws/install/lslidar_msgs/include/lslidar_msgs/msg/detail/lslidar_sweep__type_support.h
[29.884s] -- Installing: /home/ubuntu/Desktop/cartographer_ws/install/lslidar_msgs/include/lslidar_msgs/msg/detail/lslidar_point__functions.c
[29.884s] -- Installing: /home/ubuntu/Desktop/cartographer_ws/install/lslidar_msgs/include/lslidar_msgs/msg/detail/lslidar_difop__struct.h
[29.885s] -- Installing: /home/ubuntu/Desktop/cartographer_ws/install/lslidar_msgs/include/lslidar_msgs/msg/detail/lslidar_scan__struct.h
[29.885s] -- Installing: /home/ubuntu/Desktop/cartographer_ws/install/lslidar_msgs/include/lslidar_msgs/msg/rosidl_generator_c__visibility_control.h
[29.885s] -- Installing: /home/ubuntu/Desktop/cartographer_ws/install/lslidar_msgs/include/lslidar_msgs/msg/lslidar_sweep.h
[29.885s] -- Installing: /home/ubuntu/Desktop/cartographer_ws/install/lslidar_msgs/include/lslidar_msgs/msg/lslidar_packet.h
[29.886s] -- Installing: /home/ubuntu/Desktop/cartographer_ws/install/lslidar_msgs/include/lslidar_msgs/msg/lslidar_scan.h
[29.886s] -- Installing: /home/ubuntu/Desktop/cartographer_ws/install/lslidar_msgs/include/lslidar_msgs/msg/lslidar_difop.h
[29.886s] -- Installing: /home/ubuntu/Desktop/cartographer_ws/install/lslidar_msgs/include/lslidar_msgs/msg/lslidar_point.h
[29.886s] -- Installing: /home/ubuntu/Desktop/cartographer_ws/install/lslidar_msgs/share/lslidar_msgs/environment/library_path.sh
[29.888s] -- Installing: /home/ubuntu/Desktop/cartographer_ws/install/lslidar_msgs/share/lslidar_msgs/environment/library_path.dsv
[29.889s] -- Installing: /home/ubuntu/Desktop/cartographer_ws/install/lslidar_msgs/lib/liblslidar_msgs__rosidl_generator_c.so
[29.894s] -- Set runtime path of "/home/ubuntu/Desktop/cartographer_ws/install/lslidar_msgs/lib/liblslidar_msgs__rosidl_generator_c.so" to ""
[29.895s] -- Up-to-date: /home/ubuntu/Desktop/cartographer_ws/install/lslidar_msgs/include/lslidar_msgs
[29.895s] -- Up-to-date: /home/ubuntu/Desktop/cartographer_ws/install/lslidar_msgs/include/lslidar_msgs/msg
[29.895s] -- Up-to-date: /home/ubuntu/Desktop/cartographer_ws/install/lslidar_msgs/include/lslidar_msgs/msg/detail
[29.896s] -- Installing: /home/ubuntu/Desktop/cartographer_ws/install/lslidar_msgs/include/lslidar_msgs/msg/detail/lslidar_point__rosidl_typesupport_fastrtps_c.h
[29.896s] -- Installing: /home/ubuntu/Desktop/cartographer_ws/install/lslidar_msgs/include/lslidar_msgs/msg/detail/lslidar_packet__rosidl_typesupport_fastrtps_c.h
[29.896s] -- Installing: /home/ubuntu/Desktop/cartographer_ws/install/lslidar_msgs/include/lslidar_msgs/msg/detail/lslidar_sweep__rosidl_typesupport_fastrtps_c.h
[29.896s] -- Installing: /home/ubuntu/Desktop/cartographer_ws/install/lslidar_msgs/include/lslidar_msgs/msg/detail/lslidar_difop__rosidl_typesupport_fastrtps_c.h
[29.897s] -- Installing: /home/ubuntu/Desktop/cartographer_ws/install/lslidar_msgs/include/lslidar_msgs/msg/detail/lslidar_scan__rosidl_typesupport_fastrtps_c.h
[29.897s] -- Installing: /home/ubuntu/Desktop/cartographer_ws/install/lslidar_msgs/include/lslidar_msgs/msg/rosidl_typesupport_fastrtps_c__visibility_control.h
[29.897s] -- Installing: /home/ubuntu/Desktop/cartographer_ws/install/lslidar_msgs/lib/liblslidar_msgs__rosidl_typesupport_fastrtps_c.so
[29.897s] -- Set runtime path of "/home/ubuntu/Desktop/cartographer_ws/install/lslidar_msgs/lib/liblslidar_msgs__rosidl_typesupport_fastrtps_c.so" to ""
[29.898s] -- Up-to-date: /home/ubuntu/Desktop/cartographer_ws/install/lslidar_msgs/include/lslidar_msgs
[29.898s] -- Up-to-date: /home/ubuntu/Desktop/cartographer_ws/install/lslidar_msgs/include/lslidar_msgs/msg
[29.900s] -- Up-to-date: /home/ubuntu/Desktop/cartographer_ws/install/lslidar_msgs/include/lslidar_msgs/msg/detail
[29.903s] -- Installing: /home/ubuntu/Desktop/cartographer_ws/install/lslidar_msgs/include/lslidar_msgs/msg/detail/dds_fastrtps
[29.906s] -- Installing: /home/ubuntu/Desktop/cartographer_ws/install/lslidar_msgs/include/lslidar_msgs/msg/detail/lslidar_point__rosidl_typesupport_fastrtps_cpp.hpp
[29.908s] -- Installing: /home/ubuntu/Desktop/cartographer_ws/install/lslidar_msgs/include/lslidar_msgs/msg/detail/lslidar_packet__rosidl_typesupport_fastrtps_cpp.hpp
[29.909s] -- Installing: /home/ubuntu/Desktop/cartographer_ws/install/lslidar_msgs/include/lslidar_msgs/msg/detail/lslidar_sweep__rosidl_typesupport_fastrtps_cpp.hpp
[29.910s] -- Installing: /home/ubuntu/Desktop/cartographer_ws/install/lslidar_msgs/include/lslidar_msgs/msg/detail/lslidar_difop__rosidl_typesupport_fastrtps_cpp.hpp
[29.912s] -- Installing: /home/ubuntu/Desktop/cartographer_ws/install/lslidar_msgs/include/lslidar_msgs/msg/detail/lslidar_scan__rosidl_typesupport_fastrtps_cpp.hpp
[29.913s] -- Installing: /home/ubuntu/Desktop/cartographer_ws/install/lslidar_msgs/include/lslidar_msgs/msg/rosidl_typesupport_fastrtps_cpp__visibility_control.h
[29.913s] -- Installing: /home/ubuntu/Desktop/cartographer_ws/install/lslidar_msgs/lib/liblslidar_msgs__rosidl_typesupport_fastrtps_cpp.so
[29.914s] -- Set runtime path of "/home/ubuntu/Desktop/cartographer_ws/install/lslidar_msgs/lib/liblslidar_msgs__rosidl_typesupport_fastrtps_cpp.so" to ""
[29.914s] -- Up-to-date: /home/ubuntu/Desktop/cartographer_ws/install/lslidar_msgs/include/lslidar_msgs
[29.914s] -- Up-to-date: /home/ubuntu/Desktop/cartographer_ws/install/lslidar_msgs/include/lslidar_msgs/msg
[29.914s] -- Up-to-date: /home/ubuntu/Desktop/cartographer_ws/install/lslidar_msgs/include/lslidar_msgs/msg/detail
[29.915s] -- Installing: /home/ubuntu/Desktop/cartographer_ws/install/lslidar_msgs/include/lslidar_msgs/msg/detail/lslidar_difop__type_support.c
[29.916s] -- Installing: /home/ubuntu/Desktop/cartographer_ws/install/lslidar_msgs/include/lslidar_msgs/msg/detail/lslidar_sweep__type_support.c
[29.918s] -- Installing: /home/ubuntu/Desktop/cartographer_ws/install/lslidar_msgs/include/lslidar_msgs/msg/detail/lslidar_difop__rosidl_typesupport_introspection_c.h
[29.924s] -- Installing: /home/ubuntu/Desktop/cartographer_ws/install/lslidar_msgs/include/lslidar_msgs/msg/detail/lslidar_scan__rosidl_typesupport_introspection_c.h
[29.924s] -- Installing: /home/ubuntu/Desktop/cartographer_ws/install/lslidar_msgs/include/lslidar_msgs/msg/detail/lslidar_point__type_support.c
[29.924s] -- Installing: /home/ubuntu/Desktop/cartographer_ws/install/lslidar_msgs/include/lslidar_msgs/msg/detail/lslidar_scan__type_support.c
[29.924s] -- Installing: /home/ubuntu/Desktop/cartographer_ws/install/lslidar_msgs/include/lslidar_msgs/msg/detail/lslidar_sweep__rosidl_typesupport_introspection_c.h
[29.925s] -- Installing: /home/ubuntu/Desktop/cartographer_ws/install/lslidar_msgs/include/lslidar_msgs/msg/detail/lslidar_packet__rosidl_typesupport_introspection_c.h
[29.925s] -- Installing: /home/ubuntu/Desktop/cartographer_ws/install/lslidar_msgs/include/lslidar_msgs/msg/detail/lslidar_packet__type_support.c
[29.925s] -- Installing: /home/ubuntu/Desktop/cartographer_ws/install/lslidar_msgs/include/lslidar_msgs/msg/detail/lslidar_point__rosidl_typesupport_introspection_c.h
[29.925s] -- Installing: /home/ubuntu/Desktop/cartographer_ws/install/lslidar_msgs/include/lslidar_msgs/msg/rosidl_typesupport_introspection_c__visibility_control.h
[29.925s] -- Installing: /home/ubuntu/Desktop/cartographer_ws/install/lslidar_msgs/lib/liblslidar_msgs__rosidl_typesupport_introspection_c.so
[29.925s] -- Set runtime path of "/home/ubuntu/Desktop/cartographer_ws/install/lslidar_msgs/lib/liblslidar_msgs__rosidl_typesupport_introspection_c.so" to ""
[29.926s] -- Installing: /home/ubuntu/Desktop/cartographer_ws/install/lslidar_msgs/lib/liblslidar_msgs__rosidl_typesupport_c.so
[29.926s] -- Set runtime path of "/home/ubuntu/Desktop/cartographer_ws/install/lslidar_msgs/lib/liblslidar_msgs__rosidl_typesupport_c.so" to ""
[29.926s] -- Up-to-date: /home/ubuntu/Desktop/cartographer_ws/install/lslidar_msgs/include/lslidar_msgs
[29.926s] -- Up-to-date: /home/ubuntu/Desktop/cartographer_ws/install/lslidar_msgs/include/lslidar_msgs/msg
[29.926s] -- Up-to-date: /home/ubuntu/Desktop/cartographer_ws/install/lslidar_msgs/include/lslidar_msgs/msg/detail
[29.927s] -- Installing: /home/ubuntu/Desktop/cartographer_ws/install/lslidar_msgs/include/lslidar_msgs/msg/detail/lslidar_difop__struct.hpp
[29.927s] -- Installing: /home/ubuntu/Desktop/cartographer_ws/install/lslidar_msgs/include/lslidar_msgs/msg/detail/lslidar_sweep__struct.hpp
[29.927s] -- Installing: /home/ubuntu/Desktop/cartographer_ws/install/lslidar_msgs/include/lslidar_msgs/msg/detail/lslidar_sweep__type_support.hpp
[29.927s] -- Installing: /home/ubuntu/Desktop/cartographer_ws/install/lslidar_msgs/include/lslidar_msgs/msg/detail/lslidar_scan__struct.hpp
[29.927s] -- Installing: /home/ubuntu/Desktop/cartographer_ws/install/lslidar_msgs/include/lslidar_msgs/msg/detail/lslidar_difop__type_support.hpp
[29.928s] -- Installing: /home/ubuntu/Desktop/cartographer_ws/install/lslidar_msgs/include/lslidar_msgs/msg/detail/lslidar_difop__traits.hpp
[29.928s] -- Installing: /home/ubuntu/Desktop/cartographer_ws/install/lslidar_msgs/include/lslidar_msgs/msg/detail/lslidar_packet__builder.hpp
[29.928s] -- Installing: /home/ubuntu/Desktop/cartographer_ws/install/lslidar_msgs/include/lslidar_msgs/msg/detail/lslidar_packet__type_support.hpp
[29.928s] -- Installing: /home/ubuntu/Desktop/cartographer_ws/install/lslidar_msgs/include/lslidar_msgs/msg/detail/lslidar_scan__traits.hpp
[29.928s] -- Installing: /home/ubuntu/Desktop/cartographer_ws/install/lslidar_msgs/include/lslidar_msgs/msg/detail/lslidar_point__traits.hpp
[29.929s] -- Installing: /home/ubuntu/Desktop/cartographer_ws/install/lslidar_msgs/include/lslidar_msgs/msg/detail/lslidar_point__builder.hpp
[29.929s] -- Installing: /home/ubuntu/Desktop/cartographer_ws/install/lslidar_msgs/include/lslidar_msgs/msg/detail/lslidar_scan__builder.hpp
[29.929s] -- Installing: /home/ubuntu/Desktop/cartographer_ws/install/lslidar_msgs/include/lslidar_msgs/msg/detail/lslidar_sweep__traits.hpp
[29.930s] -- Installing: /home/ubuntu/Desktop/cartographer_ws/install/lslidar_msgs/include/lslidar_msgs/msg/detail/lslidar_packet__traits.hpp
[29.930s] -- Installing: /home/ubuntu/Desktop/cartographer_ws/install/lslidar_msgs/include/lslidar_msgs/msg/detail/lslidar_difop__builder.hpp
[29.930s] -- Installing: /home/ubuntu/Desktop/cartographer_ws/install/lslidar_msgs/include/lslidar_msgs/msg/detail/lslidar_packet__struct.hpp
[29.930s] -- Installing: /home/ubuntu/Desktop/cartographer_ws/install/lslidar_msgs/include/lslidar_msgs/msg/detail/lslidar_sweep__builder.hpp
[29.930s] -- Installing: /home/ubuntu/Desktop/cartographer_ws/install/lslidar_msgs/include/lslidar_msgs/msg/detail/lslidar_point__struct.hpp
[29.930s] -- Installing: /home/ubuntu/Desktop/cartographer_ws/install/lslidar_msgs/include/lslidar_msgs/msg/detail/lslidar_point__type_support.hpp
[29.931s] -- Installing: /home/ubuntu/Desktop/cartographer_ws/install/lslidar_msgs/include/lslidar_msgs/msg/detail/lslidar_scan__type_support.hpp
[29.931s] -- Installing: /home/ubuntu/Desktop/cartographer_ws/install/lslidar_msgs/include/lslidar_msgs/msg/lslidar_sweep.hpp
[29.931s] -- Installing: /home/ubuntu/Desktop/cartographer_ws/install/lslidar_msgs/include/lslidar_msgs/msg/lslidar_packet.hpp
[29.931s] -- Installing: /home/ubuntu/Desktop/cartographer_ws/install/lslidar_msgs/include/lslidar_msgs/msg/rosidl_generator_cpp__visibility_control.hpp
[29.931s] -- Installing: /home/ubuntu/Desktop/cartographer_ws/install/lslidar_msgs/include/lslidar_msgs/msg/lslidar_scan.hpp
[29.931s] -- Installing: /home/ubuntu/Desktop/cartographer_ws/install/lslidar_msgs/include/lslidar_msgs/msg/lslidar_point.hpp
[29.932s] -- Installing: /home/ubuntu/Desktop/cartographer_ws/install/lslidar_msgs/include/lslidar_msgs/msg/lslidar_difop.hpp
[29.932s] -- Up-to-date: /home/ubuntu/Desktop/cartographer_ws/install/lslidar_msgs/include/lslidar_msgs
[29.932s] -- Up-to-date: /home/ubuntu/Desktop/cartographer_ws/install/lslidar_msgs/include/lslidar_msgs/msg
[29.932s] -- Up-to-date: /home/ubuntu/Desktop/cartographer_ws/install/lslidar_msgs/include/lslidar_msgs/msg/detail
[29.932s] -- Installing: /home/ubuntu/Desktop/cartographer_ws/install/lslidar_msgs/include/lslidar_msgs/msg/detail/lslidar_packet__rosidl_typesupport_introspection_cpp.hpp
[29.932s] -- Installing: /home/ubuntu/Desktop/cartographer_ws/install/lslidar_msgs/include/lslidar_msgs/msg/detail/lslidar_sweep__rosidl_typesupport_introspection_cpp.hpp
[29.933s] -- Installing: /home/ubuntu/Desktop/cartographer_ws/install/lslidar_msgs/include/lslidar_msgs/msg/detail/lslidar_difop__type_support.cpp
[29.933s] -- Installing: /home/ubuntu/Desktop/cartographer_ws/install/lslidar_msgs/include/lslidar_msgs/msg/detail/lslidar_scan__rosidl_typesupport_introspection_cpp.hpp
[29.933s] -- Installing: /home/ubuntu/Desktop/cartographer_ws/install/lslidar_msgs/include/lslidar_msgs/msg/detail/lslidar_scan__type_support.cpp
[29.933s] -- Installing: /home/ubuntu/Desktop/cartographer_ws/install/lslidar_msgs/include/lslidar_msgs/msg/detail/lslidar_packet__type_support.cpp
[29.933s] -- Installing: /home/ubuntu/Desktop/cartographer_ws/install/lslidar_msgs/include/lslidar_msgs/msg/detail/lslidar_point__type_support.cpp
[29.933s] -- Installing: /home/ubuntu/Desktop/cartographer_ws/install/lslidar_msgs/include/lslidar_msgs/msg/detail/lslidar_point__rosidl_typesupport_introspection_cpp.hpp
[29.934s] -- Installing: /home/ubuntu/Desktop/cartographer_ws/install/lslidar_msgs/include/lslidar_msgs/msg/detail/lslidar_sweep__type_support.cpp
[29.934s] -- Installing: /home/ubuntu/Desktop/cartographer_ws/install/lslidar_msgs/include/lslidar_msgs/msg/detail/lslidar_difop__rosidl_typesupport_introspection_cpp.hpp
[29.934s] -- Installing: /home/ubuntu/Desktop/cartographer_ws/install/lslidar_msgs/lib/liblslidar_msgs__rosidl_typesupport_introspection_cpp.so
[29.934s] -- Set runtime path of "/home/ubuntu/Desktop/cartographer_ws/install/lslidar_msgs/lib/liblslidar_msgs__rosidl_typesupport_introspection_cpp.so" to ""
[29.935s] -- Installing: /home/ubuntu/Desktop/cartographer_ws/install/lslidar_msgs/lib/liblslidar_msgs__rosidl_typesupport_cpp.so
[29.935s] -- Set runtime path of "/home/ubuntu/Desktop/cartographer_ws/install/lslidar_msgs/lib/liblslidar_msgs__rosidl_typesupport_cpp.so" to ""
[29.935s] -- Installing: /home/ubuntu/Desktop/cartographer_ws/install/lslidar_msgs/share/lslidar_msgs/environment/pythonpath.sh
[29.935s] -- Installing: /home/ubuntu/Desktop/cartographer_ws/install/lslidar_msgs/share/lslidar_msgs/environment/pythonpath.dsv
[29.935s] -- Installing: /home/ubuntu/Desktop/cartographer_ws/install/lslidar_msgs/lib/python3.8/site-packages/lslidar_msgs/__init__.py
[30.042s] Compiling '/home/ubuntu/Desktop/cartographer_ws/install/lslidar_msgs/lib/python3.8/site-packages/lslidar_msgs/__init__.py'...
[30.061s] -- Installing: /home/ubuntu/Desktop/cartographer_ws/install/lslidar_msgs/lib/python3.8/site-packages/lslidar_msgs/msg
[30.061s] -- Installing: /home/ubuntu/Desktop/cartographer_ws/install/lslidar_msgs/lib/python3.8/site-packages/lslidar_msgs/msg/_lslidar_scan_s.c
[30.062s] -- Installing: /home/ubuntu/Desktop/cartographer_ws/install/lslidar_msgs/lib/python3.8/site-packages/lslidar_msgs/msg/_lslidar_sweep.py
[30.062s] -- Installing: /home/ubuntu/Desktop/cartographer_ws/install/lslidar_msgs/lib/python3.8/site-packages/lslidar_msgs/msg/_lslidar_packet_s.c
[30.062s] -- Installing: /home/ubuntu/Desktop/cartographer_ws/install/lslidar_msgs/lib/python3.8/site-packages/lslidar_msgs/msg/__init__.py
[30.062s] -- Installing: /home/ubuntu/Desktop/cartographer_ws/install/lslidar_msgs/lib/python3.8/site-packages/lslidar_msgs/msg/_lslidar_point_s.c
[30.062s] -- Installing: /home/ubuntu/Desktop/cartographer_ws/install/lslidar_msgs/lib/python3.8/site-packages/lslidar_msgs/msg/_lslidar_packet.py
[30.063s] -- Installing: /home/ubuntu/Desktop/cartographer_ws/install/lslidar_msgs/lib/python3.8/site-packages/lslidar_msgs/msg/_lslidar_difop.py
[30.063s] -- Installing: /home/ubuntu/Desktop/cartographer_ws/install/lslidar_msgs/lib/python3.8/site-packages/lslidar_msgs/msg/_lslidar_point.py
[30.063s] -- Installing: /home/ubuntu/Desktop/cartographer_ws/install/lslidar_msgs/lib/python3.8/site-packages/lslidar_msgs/msg/_lslidar_sweep_s.c
[30.063s] -- Installing: /home/ubuntu/Desktop/cartographer_ws/install/lslidar_msgs/lib/python3.8/site-packages/lslidar_msgs/msg/_lslidar_scan.py
[30.063s] -- Installing: /home/ubuntu/Desktop/cartographer_ws/install/lslidar_msgs/lib/python3.8/site-packages/lslidar_msgs/msg/_lslidar_difop_s.c
[30.064s] -- Installing: /home/ubuntu/Desktop/cartographer_ws/install/lslidar_msgs/lib/python3.8/site-packages/lslidar_msgs/lslidar_msgs_s__rosidl_typesupport_fastrtps_c.cpython-38-x86_64-linux-gnu.so
[30.064s] -- Set runtime path of "/home/ubuntu/Desktop/cartographer_ws/install/lslidar_msgs/lib/python3.8/site-packages/lslidar_msgs/lslidar_msgs_s__rosidl_typesupport_fastrtps_c.cpython-38-x86_64-linux-gnu.so" to ""
[30.064s] -- Installing: /home/ubuntu/Desktop/cartographer_ws/install/lslidar_msgs/lib/python3.8/site-packages/lslidar_msgs/lslidar_msgs_s__rosidl_typesupport_introspection_c.cpython-38-x86_64-linux-gnu.so
[30.064s] -- Set runtime path of "/home/ubuntu/Desktop/cartographer_ws/install/lslidar_msgs/lib/python3.8/site-packages/lslidar_msgs/lslidar_msgs_s__rosidl_typesupport_introspection_c.cpython-38-x86_64-linux-gnu.so" to ""
[30.064s] -- Installing: /home/ubuntu/Desktop/cartographer_ws/install/lslidar_msgs/lib/python3.8/site-packages/lslidar_msgs/lslidar_msgs_s__rosidl_typesupport_c.cpython-38-x86_64-linux-gnu.so
[30.066s] -- Set runtime path of "/home/ubuntu/Desktop/cartographer_ws/install/lslidar_msgs/lib/python3.8/site-packages/lslidar_msgs/lslidar_msgs_s__rosidl_typesupport_c.cpython-38-x86_64-linux-gnu.so" to ""
[30.067s] -- Installing: /home/ubuntu/Desktop/cartographer_ws/install/lslidar_msgs/lib/liblslidar_msgs__python.so
[30.069s] -- Set runtime path of "/home/ubuntu/Desktop/cartographer_ws/install/lslidar_msgs/lib/liblslidar_msgs__python.so" to ""
[30.070s] -- Installing: /home/ubuntu/Desktop/cartographer_ws/install/lslidar_msgs/share/lslidar_msgs/msg/LslidarDifop.idl
[30.071s] -- Installing: /home/ubuntu/Desktop/cartographer_ws/install/lslidar_msgs/share/lslidar_msgs/msg/LslidarPacket.idl
[30.071s] -- Installing: /home/ubuntu/Desktop/cartographer_ws/install/lslidar_msgs/share/lslidar_msgs/msg/LslidarPoint.idl
[30.071s] -- Installing: /home/ubuntu/Desktop/cartographer_ws/install/lslidar_msgs/share/lslidar_msgs/msg/LslidarScan.idl
[30.072s] -- Installing: /home/ubuntu/Desktop/cartographer_ws/install/lslidar_msgs/share/lslidar_msgs/msg/LslidarSweep.idl
[30.072s] -- Installing: /home/ubuntu/Desktop/cartographer_ws/install/lslidar_msgs/share/lslidar_msgs/msg/LslidarDifop.msg
[30.072s] -- Installing: /home/ubuntu/Desktop/cartographer_ws/install/lslidar_msgs/share/lslidar_msgs/msg/LslidarPacket.msg
[30.072s] -- Installing: /home/ubuntu/Desktop/cartographer_ws/install/lslidar_msgs/share/lslidar_msgs/msg/LslidarPoint.msg
[30.073s] -- Installing: /home/ubuntu/Desktop/cartographer_ws/install/lslidar_msgs/share/lslidar_msgs/msg/LslidarScan.msg
[30.074s] -- Installing: /home/ubuntu/Desktop/cartographer_ws/install/lslidar_msgs/share/lslidar_msgs/msg/LslidarSweep.msg
[30.074s] -- Installing: /home/ubuntu/Desktop/cartographer_ws/install/lslidar_msgs/share/ament_index/resource_index/package_run_dependencies/lslidar_msgs
[30.074s] -- Installing: /home/ubuntu/Desktop/cartographer_ws/install/lslidar_msgs/share/ament_index/resource_index/parent_prefix_path/lslidar_msgs
[30.077s] -- Installing: /home/ubuntu/Desktop/cartographer_ws/install/lslidar_msgs/share/lslidar_msgs/environment/ament_prefix_path.sh
[30.077s] -- Installing: /home/ubuntu/Desktop/cartographer_ws/install/lslidar_msgs/share/lslidar_msgs/environment/ament_prefix_path.dsv
[30.078s] -- Installing: /home/ubuntu/Desktop/cartographer_ws/install/lslidar_msgs/share/lslidar_msgs/environment/path.sh
[30.078s] -- Installing: /home/ubuntu/Desktop/cartographer_ws/install/lslidar_msgs/share/lslidar_msgs/environment/path.dsv
[30.078s] -- Installing: /home/ubuntu/Desktop/cartographer_ws/install/lslidar_msgs/share/lslidar_msgs/local_setup.bash
[30.078s] -- Installing: /home/ubuntu/Desktop/cartographer_ws/install/lslidar_msgs/share/lslidar_msgs/local_setup.sh
[30.078s] -- Installing: /home/ubuntu/Desktop/cartographer_ws/install/lslidar_msgs/share/lslidar_msgs/local_setup.zsh
[30.079s] -- Installing: /home/ubuntu/Desktop/cartographer_ws/install/lslidar_msgs/share/lslidar_msgs/local_setup.dsv
[30.079s] -- Installing: /home/ubuntu/Desktop/cartographer_ws/install/lslidar_msgs/share/lslidar_msgs/package.dsv
[30.079s] -- Installing: /home/ubuntu/Desktop/cartographer_ws/install/lslidar_msgs/share/ament_index/resource_index/packages/lslidar_msgs
[30.080s] -- Installing: /home/ubuntu/Desktop/cartographer_ws/install/lslidar_msgs/share/lslidar_msgs/cmake/lslidar_msgs__rosidl_generator_cExport.cmake
[30.080s] -- Installing: /home/ubuntu/Desktop/cartographer_ws/install/lslidar_msgs/share/lslidar_msgs/cmake/lslidar_msgs__rosidl_generator_cExport-noconfig.cmake
[30.080s] -- Installing: /home/ubuntu/Desktop/cartographer_ws/install/lslidar_msgs/share/lslidar_msgs/cmake/lslidar_msgs__rosidl_typesupport_introspection_cExport.cmake
[30.080s] -- Installing: /home/ubuntu/Desktop/cartographer_ws/install/lslidar_msgs/share/lslidar_msgs/cmake/lslidar_msgs__rosidl_typesupport_introspection_cExport-noconfig.cmake
[30.080s] -- Installing: /home/ubuntu/Desktop/cartographer_ws/install/lslidar_msgs/share/lslidar_msgs/cmake/lslidar_msgs__rosidl_typesupport_cExport.cmake
[30.081s] -- Installing: /home/ubuntu/Desktop/cartographer_ws/install/lslidar_msgs/share/lslidar_msgs/cmake/lslidar_msgs__rosidl_typesupport_cExport-noconfig.cmake
[30.081s] -- Installing: /home/ubuntu/Desktop/cartographer_ws/install/lslidar_msgs/share/lslidar_msgs/cmake/lslidar_msgs__rosidl_generator_cppExport.cmake
[30.082s] -- Installing: /home/ubuntu/Desktop/cartographer_ws/install/lslidar_msgs/share/lslidar_msgs/cmake/lslidar_msgs__rosidl_typesupport_introspection_cppExport.cmake
[30.083s] -- Installing: /home/ubuntu/Desktop/cartographer_ws/install/lslidar_msgs/share/lslidar_msgs/cmake/lslidar_msgs__rosidl_typesupport_introspection_cppExport-noconfig.cmake
[30.083s] -- Installing: /home/ubuntu/Desktop/cartographer_ws/install/lslidar_msgs/share/lslidar_msgs/cmake/lslidar_msgs__rosidl_typesupport_cppExport.cmake
[30.084s] -- Installing: /home/ubuntu/Desktop/cartographer_ws/install/lslidar_msgs/share/lslidar_msgs/cmake/lslidar_msgs__rosidl_typesupport_cppExport-noconfig.cmake
[30.084s] -- Installing: /home/ubuntu/Desktop/cartographer_ws/install/lslidar_msgs/share/lslidar_msgs/cmake/rosidl_cmake-extras.cmake
[30.085s] -- Installing: /home/ubuntu/Desktop/cartographer_ws/install/lslidar_msgs/share/lslidar_msgs/cmake/ament_cmake_export_dependencies-extras.cmake
[30.085s] -- Installing: /home/ubuntu/Desktop/cartographer_ws/install/lslidar_msgs/share/lslidar_msgs/cmake/ament_cmake_export_libraries-extras.cmake
[30.086s] -- Installing: /home/ubuntu/Desktop/cartographer_ws/install/lslidar_msgs/share/lslidar_msgs/cmake/ament_cmake_export_targets-extras.cmake
[30.086s] -- Installing: /home/ubuntu/Desktop/cartographer_ws/install/lslidar_msgs/share/lslidar_msgs/cmake/ament_cmake_export_include_directories-extras.cmake
[30.087s] -- Installing: /home/ubuntu/Desktop/cartographer_ws/install/lslidar_msgs/share/lslidar_msgs/cmake/rosidl_cmake_export_typesupport_libraries-extras.cmake
[30.087s] -- Installing: /home/ubuntu/Desktop/cartographer_ws/install/lslidar_msgs/share/lslidar_msgs/cmake/rosidl_cmake_export_typesupport_targets-extras.cmake
[30.088s] -- Installing: /home/ubuntu/Desktop/cartographer_ws/install/lslidar_msgs/share/lslidar_msgs/cmake/lslidar_msgsConfig.cmake
[30.089s] -- Installing: /home/ubuntu/Desktop/cartographer_ws/install/lslidar_msgs/share/lslidar_msgs/cmake/lslidar_msgsConfig-version.cmake
[30.089s] -- Installing: /home/ubuntu/Desktop/cartographer_ws/install/lslidar_msgs/share/lslidar_msgs/package.xml
[30.101s] Invoked command in '/home/ubuntu/Desktop/cartographer_ws/build/lslidar_msgs' returned '0': CMAKE_PREFIX_PATH=${CMAKE_PREFIX_PATH}:/opt/ros/foxy /usr/bin/cmake --install /home/ubuntu/Desktop/cartographer_ws/build/lslidar_msgs
