[0.032s] Invoking command in '/home/jetson/Desktop/cartographer_ws/build/lslidar_msgs': CMAKE_PREFIX_PATH=/opt/ros/foxy /usr/bin/cmake /home/jetson/Desktop/cartographer_ws/lslidar_msgs -DCMAKE_INSTALL_PREFIX=/home/jetson/Desktop/cartographer_ws/install/lslidar_msgs
[0.087s] -- Found ament_cmake: 0.9.12 (/opt/ros/foxy/share/ament_cmake/cmake)
[0.140s] -- Found PythonInterp: /usr/bin/python3 (found suitable version "3.8.10", minimum required is "3") 
[0.141s] -- Using PYTHON_EXECUTABLE: /usr/bin/python3
[0.611s] -- Found std_msgs: 2.0.5 (/opt/ros/foxy/share/std_msgs/cmake)
[0.669s] -- Using all available rosidl_typesupport_c: rosidl_typesupport_fastrtps_c;rosidl_typesupport_introspection_c
[0.681s] -- Found rosidl_adapter: 1.3.1 (/opt/ros/foxy/share/rosidl_adapter/cmake)
[0.876s] -- Found OpenSSL: /usr/lib/aarch64-linux-gnu/libcrypto.so (found version "1.1.1f")  
[0.938s] -- Found FastRTPS: /opt/ros/foxy/include  
[1.100s] -- Using all available rosidl_typesupport_cpp: rosidl_typesupport_fastrtps_cpp;rosidl_typesupport_introspection_cpp
[1.190s] -- Found sensor_msgs: 2.0.5 (/opt/ros/foxy/share/sensor_msgs/cmake)
[1.401s] -- Found rosidl_default_generators: 1.0.1 (/opt/ros/foxy/share/rosidl_default_generators/cmake)
[1.424s] -- Found ament_lint_auto: 0.9.8 (/opt/ros/foxy/share/ament_lint_auto/cmake)
[1.647s] -- Found PythonInterp: /usr/bin/python3 (found version "3.8.10") 
[1.920s] -- Found ament_cmake_ros: 0.9.2 (/opt/ros/foxy/share/ament_cmake_ros/cmake)
[2.284s] -- Using all available rosidl_typesupport_c: rosidl_typesupport_fastrtps_c;rosidl_typesupport_introspection_c
[2.403s] -- Using all available rosidl_typesupport_cpp: rosidl_typesupport_fastrtps_cpp;rosidl_typesupport_introspection_cpp
[2.464s] -- Found PythonInterp: /usr/bin/python3 (found suitable version "3.8.10", minimum required is "3.5") 
[2.467s] -- Found python_cmake_module: 0.8.1 (/opt/ros/foxy/share/python_cmake_module/cmake)
[2.528s] -- Found PythonLibs: /usr/lib/aarch64-linux-gnu/libpython3.8.so (found suitable version "3.8.10", minimum required is "3.5") 
[2.529s] -- Using PYTHON_EXECUTABLE: /usr/bin/python3
[2.530s] -- Using PYTHON_INCLUDE_DIRS: /usr/include/python3.8
[2.530s] -- Using PYTHON_LIBRARIES: /usr/lib/aarch64-linux-gnu/libpython3.8.so
[2.583s] -- Found PythonExtra: .so  
[2.726s] -- Added test 'copyright' to check source files copyright and LICENSE
[2.731s] -- Added test 'lint_cmake' to check CMake code style
[2.734s] -- Added test 'xmllint' to check XML markup files
[2.755s] -- Configuring done
[2.870s] -- Generating done
[2.877s] -- Build files have been written to: /home/jetson/Desktop/cartographer_ws/build/lslidar_msgs
[2.906s] Invoked command in '/home/jetson/Desktop/cartographer_ws/build/lslidar_msgs' returned '0': CMAKE_PREFIX_PATH=/opt/ros/foxy /usr/bin/cmake /home/jetson/Desktop/cartographer_ws/lslidar_msgs -DCMAKE_INSTALL_PREFIX=/home/jetson/Desktop/cartographer_ws/install/lslidar_msgs
[2.914s] Invoking command in '/home/jetson/Desktop/cartographer_ws/build/lslidar_msgs': CMAKE_PREFIX_PATH=/opt/ros/foxy /usr/bin/cmake --build /home/jetson/Desktop/cartographer_ws/build/lslidar_msgs -- -j6 -l6
[3.019s] [  1%] [34m[1mGenerating C code for ROS interfaces[0m
[3.019s] [35m[1mScanning dependencies of target lslidar_msgs__cpp[0m
[3.048s] [  3%] [34m[1mGenerating C++ code for ROS interfaces[0m
[4.307s] [35m[1mScanning dependencies of target lslidar_msgs__rosidl_generator_c[0m
[4.318s] [  3%] Built target lslidar_msgs__cpp
[4.346s] [  6%] [32mBuilding C object CMakeFiles/lslidar_msgs__rosidl_generator_c.dir/rosidl_generator_c/lslidar_msgs/msg/detail/lslidar_packet__functions.c.o[0m
[4.353s] [  7%] [32mBuilding C object CMakeFiles/lslidar_msgs__rosidl_generator_c.dir/rosidl_generator_c/lslidar_msgs/msg/detail/lslidar_difop__functions.c.o[0m
[4.355s] [  6%] [34m[1mGenerating C++ type support for eProsima Fast-RTPS[0m
[4.357s] [  9%] [34m[1mGenerating C++ introspection for ROS interfaces[0m
[4.365s] [ 11%] [32mBuilding C object CMakeFiles/lslidar_msgs__rosidl_generator_c.dir/rosidl_generator_c/lslidar_msgs/msg/detail/lslidar_point__functions.c.o[0m
[4.377s] [ 12%] [34m[1mGenerating C++ type support dispatch for ROS interfaces[0m
[4.628s] [ 15%] [32mBuilding C object CMakeFiles/lslidar_msgs__rosidl_generator_c.dir/rosidl_generator_c/lslidar_msgs/msg/detail/lslidar_sweep__functions.c.o[0m
[4.629s] [ 15%] [32mBuilding C object CMakeFiles/lslidar_msgs__rosidl_generator_c.dir/rosidl_generator_c/lslidar_msgs/msg/detail/lslidar_scan__functions.c.o[0m
[4.821s] [ 17%] [32m[1mLinking C shared library liblslidar_msgs__rosidl_generator_c.so[0m
[4.961s] [ 17%] Built target lslidar_msgs__rosidl_generator_c
[5.003s] [ 19%] [34m[1mGenerating C introspection for ROS interfaces[0m
[5.012s] [ 20%] [34m[1mGenerating C type support dispatch for ROS interfaces[0m
[5.457s] [35m[1mScanning dependencies of target lslidar_msgs__rosidl_typesupport_cpp[0m
[5.514s] [ 22%] [32mBuilding CXX object CMakeFiles/lslidar_msgs__rosidl_typesupport_cpp.dir/rosidl_typesupport_cpp/lslidar_msgs/msg/lslidar_difop__type_support.cpp.o[0m
[5.544s] [ 23%] [32mBuilding CXX object CMakeFiles/lslidar_msgs__rosidl_typesupport_cpp.dir/rosidl_typesupport_cpp/lslidar_msgs/msg/lslidar_packet__type_support.cpp.o[0m
[5.631s] [35m[1mScanning dependencies of target lslidar_msgs__rosidl_typesupport_introspection_cpp[0m
[5.719s] [ 25%] [32mBuilding CXX object CMakeFiles/lslidar_msgs__rosidl_typesupport_introspection_cpp.dir/rosidl_typesupport_introspection_cpp/lslidar_msgs/msg/detail/lslidar_difop__type_support.cpp.o[0m
[5.836s] [35m[1mScanning dependencies of target lslidar_msgs__rosidl_typesupport_fastrtps_cpp[0m
[5.968s] [ 26%] [32mBuilding CXX object CMakeFiles/lslidar_msgs__rosidl_typesupport_fastrtps_cpp.dir/rosidl_typesupport_fastrtps_cpp/lslidar_msgs/msg/detail/dds_fastrtps/lslidar_difop__type_support.cpp.o[0m
[6.198s] [35m[1mScanning dependencies of target lslidar_msgs__rosidl_typesupport_c[0m
[6.317s] [ 28%] [32mBuilding CXX object CMakeFiles/lslidar_msgs__rosidl_typesupport_c.dir/rosidl_typesupport_c/lslidar_msgs/msg/lslidar_difop__type_support.cpp.o[0m
[6.437s] [ 30%] [32mBuilding CXX object CMakeFiles/lslidar_msgs__rosidl_typesupport_c.dir/rosidl_typesupport_c/lslidar_msgs/msg/lslidar_packet__type_support.cpp.o[0m
[6.567s] [ 31%] [32mBuilding CXX object CMakeFiles/lslidar_msgs__rosidl_typesupport_c.dir/rosidl_typesupport_c/lslidar_msgs/msg/lslidar_point__type_support.cpp.o[0m
[6.570s] [35m[1mScanning dependencies of target lslidar_msgs__rosidl_typesupport_introspection_c[0m
[6.622s] [ 33%] [32mBuilding CXX object CMakeFiles/lslidar_msgs__rosidl_typesupport_cpp.dir/rosidl_typesupport_cpp/lslidar_msgs/msg/lslidar_point__type_support.cpp.o[0m
[6.665s] [ 34%] [32mBuilding C object CMakeFiles/lslidar_msgs__rosidl_typesupport_introspection_c.dir/rosidl_typesupport_introspection_c/lslidar_msgs/msg/detail/lslidar_difop__type_support.c.o[0m
[6.715s] [ 36%] [32mBuilding CXX object CMakeFiles/lslidar_msgs__rosidl_typesupport_introspection_cpp.dir/rosidl_typesupport_introspection_cpp/lslidar_msgs/msg/detail/lslidar_packet__type_support.cpp.o[0m
[6.719s] [ 38%] [32mBuilding CXX object CMakeFiles/lslidar_msgs__rosidl_typesupport_c.dir/rosidl_typesupport_c/lslidar_msgs/msg/lslidar_scan__type_support.cpp.o[0m
[6.761s] [ 39%] [32mBuilding CXX object CMakeFiles/lslidar_msgs__rosidl_typesupport_cpp.dir/rosidl_typesupport_cpp/lslidar_msgs/msg/lslidar_scan__type_support.cpp.o[0m
[6.836s] [ 41%] [32mBuilding C object CMakeFiles/lslidar_msgs__rosidl_typesupport_introspection_c.dir/rosidl_typesupport_introspection_c/lslidar_msgs/msg/detail/lslidar_packet__type_support.c.o[0m
[6.900s] [ 42%] [32mBuilding CXX object CMakeFiles/lslidar_msgs__rosidl_typesupport_c.dir/rosidl_typesupport_c/lslidar_msgs/msg/lslidar_sweep__type_support.cpp.o[0m
[7.026s] [ 44%] [32mBuilding C object CMakeFiles/lslidar_msgs__rosidl_typesupport_introspection_c.dir/rosidl_typesupport_introspection_c/lslidar_msgs/msg/detail/lslidar_point__type_support.c.o[0m
[7.038s] [ 46%] [32m[1mLinking CXX shared library liblslidar_msgs__rosidl_typesupport_c.so[0m
[7.221s] [ 47%] [32mBuilding C object CMakeFiles/lslidar_msgs__rosidl_typesupport_introspection_c.dir/rosidl_typesupport_introspection_c/lslidar_msgs/msg/detail/lslidar_scan__type_support.c.o[0m
[7.237s] [ 47%] Built target lslidar_msgs__rosidl_typesupport_c
[7.268s] [ 49%] [32mBuilding C object CMakeFiles/lslidar_msgs__rosidl_typesupport_introspection_c.dir/rosidl_typesupport_introspection_c/lslidar_msgs/msg/detail/lslidar_sweep__type_support.c.o[0m
[7.343s] [ 50%] [32mBuilding CXX object CMakeFiles/lslidar_msgs__rosidl_typesupport_cpp.dir/rosidl_typesupport_cpp/lslidar_msgs/msg/lslidar_sweep__type_support.cpp.o[0m
[7.391s] [ 52%] [32mBuilding CXX object CMakeFiles/lslidar_msgs__rosidl_typesupport_fastrtps_cpp.dir/rosidl_typesupport_fastrtps_cpp/lslidar_msgs/msg/detail/dds_fastrtps/lslidar_packet__type_support.cpp.o[0m
[7.407s] [ 53%] [32m[1mLinking C shared library liblslidar_msgs__rosidl_typesupport_introspection_c.so[0m
[7.568s] [ 55%] [32mBuilding CXX object CMakeFiles/lslidar_msgs__rosidl_typesupport_introspection_cpp.dir/rosidl_typesupport_introspection_cpp/lslidar_msgs/msg/detail/lslidar_point__type_support.cpp.o[0m
[7.601s] [ 55%] Built target lslidar_msgs__rosidl_typesupport_introspection_c
[7.660s] [ 57%] [32mBuilding CXX object CMakeFiles/lslidar_msgs__rosidl_typesupport_fastrtps_cpp.dir/rosidl_typesupport_fastrtps_cpp/lslidar_msgs/msg/detail/dds_fastrtps/lslidar_point__type_support.cpp.o[0m
[7.716s] [ 58%] [32mBuilding CXX object CMakeFiles/lslidar_msgs__rosidl_typesupport_fastrtps_cpp.dir/rosidl_typesupport_fastrtps_cpp/lslidar_msgs/msg/detail/dds_fastrtps/lslidar_scan__type_support.cpp.o[0m
[7.730s] [ 60%] [32mBuilding CXX object CMakeFiles/lslidar_msgs__rosidl_typesupport_introspection_cpp.dir/rosidl_typesupport_introspection_cpp/lslidar_msgs/msg/detail/lslidar_scan__type_support.cpp.o[0m
[8.303s] [ 61%] [32m[1mLinking CXX shared library liblslidar_msgs__rosidl_typesupport_cpp.so[0m
[8.489s] [ 63%] [32mBuilding CXX object CMakeFiles/lslidar_msgs__rosidl_typesupport_introspection_cpp.dir/rosidl_typesupport_introspection_cpp/lslidar_msgs/msg/detail/lslidar_sweep__type_support.cpp.o[0m
[8.510s] [ 63%] Built target lslidar_msgs__rosidl_typesupport_cpp
[8.573s] [ 65%] [32mBuilding CXX object CMakeFiles/lslidar_msgs__rosidl_typesupport_fastrtps_cpp.dir/rosidl_typesupport_fastrtps_cpp/lslidar_msgs/msg/detail/dds_fastrtps/lslidar_sweep__type_support.cpp.o[0m
[9.508s] [ 66%] [32m[1mLinking CXX shared library liblslidar_msgs__rosidl_typesupport_introspection_cpp.so[0m
[9.675s] [ 66%] Built target lslidar_msgs__rosidl_typesupport_introspection_cpp
[9.803s] [ 68%] [32m[1mLinking CXX shared library liblslidar_msgs__rosidl_typesupport_fastrtps_cpp.so[0m
[9.999s] [ 68%] Built target lslidar_msgs__rosidl_typesupport_fastrtps_cpp
[10.032s] [ 69%] [34m[1mGenerating C type support for eProsima Fast-RTPS[0m
[10.987s] [35m[1mScanning dependencies of target lslidar_msgs__rosidl_typesupport_fastrtps_c[0m
[11.047s] [ 71%] [32mBuilding CXX object CMakeFiles/lslidar_msgs__rosidl_typesupport_fastrtps_c.dir/rosidl_typesupport_fastrtps_c/lslidar_msgs/msg/detail/lslidar_difop__type_support_c.cpp.o[0m
[11.051s] [ 73%] [32mBuilding CXX object CMakeFiles/lslidar_msgs__rosidl_typesupport_fastrtps_c.dir/rosidl_typesupport_fastrtps_c/lslidar_msgs/msg/detail/lslidar_point__type_support_c.cpp.o[0m
[11.056s] [ 74%] [32mBuilding CXX object CMakeFiles/lslidar_msgs__rosidl_typesupport_fastrtps_c.dir/rosidl_typesupport_fastrtps_c/lslidar_msgs/msg/detail/lslidar_packet__type_support_c.cpp.o[0m
[11.059s] [ 76%] [32mBuilding CXX object CMakeFiles/lslidar_msgs__rosidl_typesupport_fastrtps_c.dir/rosidl_typesupport_fastrtps_c/lslidar_msgs/msg/detail/lslidar_scan__type_support_c.cpp.o[0m
[11.060s] [ 77%] [32mBuilding CXX object CMakeFiles/lslidar_msgs__rosidl_typesupport_fastrtps_c.dir/rosidl_typesupport_fastrtps_c/lslidar_msgs/msg/detail/lslidar_sweep__type_support_c.cpp.o[0m
[12.141s] [ 79%] [32m[1mLinking CXX shared library liblslidar_msgs__rosidl_typesupport_fastrtps_c.so[0m
[12.334s] [ 79%] Built target lslidar_msgs__rosidl_typesupport_fastrtps_c
[12.358s] [35m[1mScanning dependencies of target lslidar_msgs[0m
[12.383s] [ 79%] Built target lslidar_msgs
[12.408s] [35m[1mScanning dependencies of target lslidar_msgs__py[0m
[12.436s] [ 80%] [34m[1mGenerating Python code for ROS interfaces[0m
[14.283s] [ 80%] Built target lslidar_msgs__py
[14.306s] [35m[1mScanning dependencies of target lslidar_msgs__python[0m
[14.381s] [ 84%] [32mBuilding C object CMakeFiles/lslidar_msgs__python.dir/rosidl_generator_py/lslidar_msgs/msg/_lslidar_difop_s.c.o[0m
[14.382s] [ 84%] [32mBuilding C object CMakeFiles/lslidar_msgs__python.dir/rosidl_generator_py/lslidar_msgs/msg/_lslidar_packet_s.c.o[0m
[14.388s] [ 85%] [32mBuilding C object CMakeFiles/lslidar_msgs__python.dir/rosidl_generator_py/lslidar_msgs/msg/_lslidar_scan_s.c.o[0m
[14.397s] [ 87%] [32mBuilding C object CMakeFiles/lslidar_msgs__python.dir/rosidl_generator_py/lslidar_msgs/msg/_lslidar_sweep_s.c.o[0m
[14.408s] [ 88%] [32mBuilding C object CMakeFiles/lslidar_msgs__python.dir/rosidl_generator_py/lslidar_msgs/msg/_lslidar_point_s.c.o[0m
[14.645s] [ 90%] [32m[1mLinking C shared library rosidl_generator_py/lslidar_msgs/liblslidar_msgs__python.so[0m
[14.737s] [ 90%] Built target lslidar_msgs__python
[14.761s] [35m[1mScanning dependencies of target lslidar_msgs__rosidl_typesupport_introspection_c__pyext[0m
[14.762s] [35m[1mScanning dependencies of target lslidar_msgs__rosidl_typesupport_fastrtps_c__pyext[0m
[14.762s] [35m[1mScanning dependencies of target lslidar_msgs__rosidl_typesupport_c__pyext[0m
[14.804s] [ 93%] [32mBuilding C object CMakeFiles/lslidar_msgs__rosidl_typesupport_fastrtps_c__pyext.dir/rosidl_generator_py/lslidar_msgs/_lslidar_msgs_s.ep.rosidl_typesupport_fastrtps_c.c.o[0m
[14.804s] [ 93%] [32mBuilding C object CMakeFiles/lslidar_msgs__rosidl_typesupport_c__pyext.dir/rosidl_generator_py/lslidar_msgs/_lslidar_msgs_s.ep.rosidl_typesupport_c.c.o[0m
[14.810s] [ 95%] [32mBuilding C object CMakeFiles/lslidar_msgs__rosidl_typesupport_introspection_c__pyext.dir/rosidl_generator_py/lslidar_msgs/_lslidar_msgs_s.ep.rosidl_typesupport_introspection_c.c.o[0m
[15.019s] [ 96%] [32m[1mLinking CXX shared library rosidl_generator_py/lslidar_msgs/lslidar_msgs_s__rosidl_typesupport_fastrtps_c.cpython-38-aarch64-linux-gnu.so[0m
[15.043s] [ 98%] [32m[1mLinking C shared library rosidl_generator_py/lslidar_msgs/lslidar_msgs_s__rosidl_typesupport_introspection_c.cpython-38-aarch64-linux-gnu.so[0m
[15.043s] [100%] [32m[1mLinking C shared library rosidl_generator_py/lslidar_msgs/lslidar_msgs_s__rosidl_typesupport_c.cpython-38-aarch64-linux-gnu.so[0m
[15.162s] [100%] Built target lslidar_msgs__rosidl_typesupport_c__pyext
[15.173s] [100%] Built target lslidar_msgs__rosidl_typesupport_introspection_c__pyext
[15.180s] [100%] Built target lslidar_msgs__rosidl_typesupport_fastrtps_c__pyext
[15.210s] Invoked command in '/home/jetson/Desktop/cartographer_ws/build/lslidar_msgs' returned '0': CMAKE_PREFIX_PATH=/opt/ros/foxy /usr/bin/cmake --build /home/jetson/Desktop/cartographer_ws/build/lslidar_msgs -- -j6 -l6
[15.464s] Invoking command in '/home/jetson/Desktop/cartographer_ws/build/lslidar_msgs': CMAKE_PREFIX_PATH=/opt/ros/foxy /usr/bin/cmake --install /home/jetson/Desktop/cartographer_ws/build/lslidar_msgs
[15.487s] -- Install configuration: ""
[15.487s] -- Installing: /home/jetson/Desktop/cartographer_ws/install/lslidar_msgs/share/ament_index/resource_index/rosidl_interfaces/lslidar_msgs
[15.488s] -- Installing: /home/jetson/Desktop/cartographer_ws/install/lslidar_msgs/include/lslidar_msgs
[15.488s] -- Installing: /home/jetson/Desktop/cartographer_ws/install/lslidar_msgs/include/lslidar_msgs/msg
[15.488s] -- Installing: /home/jetson/Desktop/cartographer_ws/install/lslidar_msgs/include/lslidar_msgs/msg/lslidar_sweep.h
[15.488s] -- Installing: /home/jetson/Desktop/cartographer_ws/install/lslidar_msgs/include/lslidar_msgs/msg/lslidar_difop.h
[15.489s] -- Installing: /home/jetson/Desktop/cartographer_ws/install/lslidar_msgs/include/lslidar_msgs/msg/detail
[15.489s] -- Installing: /home/jetson/Desktop/cartographer_ws/install/lslidar_msgs/include/lslidar_msgs/msg/detail/lslidar_point__struct.h
[15.489s] -- Installing: /home/jetson/Desktop/cartographer_ws/install/lslidar_msgs/include/lslidar_msgs/msg/detail/lslidar_packet__functions.h
[15.489s] -- Installing: /home/jetson/Desktop/cartographer_ws/install/lslidar_msgs/include/lslidar_msgs/msg/detail/lslidar_scan__functions.c
[15.489s] -- Installing: /home/jetson/Desktop/cartographer_ws/install/lslidar_msgs/include/lslidar_msgs/msg/detail/lslidar_scan__functions.h
[15.490s] -- Installing: /home/jetson/Desktop/cartographer_ws/install/lslidar_msgs/include/lslidar_msgs/msg/detail/lslidar_sweep__struct.h
[15.490s] -- Installing: /home/jetson/Desktop/cartographer_ws/install/lslidar_msgs/include/lslidar_msgs/msg/detail/lslidar_difop__functions.h
[15.490s] -- Installing: /home/jetson/Desktop/cartographer_ws/install/lslidar_msgs/include/lslidar_msgs/msg/detail/lslidar_difop__struct.h
[15.490s] -- Installing: /home/jetson/Desktop/cartographer_ws/install/lslidar_msgs/include/lslidar_msgs/msg/detail/lslidar_sweep__type_support.h
[15.491s] -- Installing: /home/jetson/Desktop/cartographer_ws/install/lslidar_msgs/include/lslidar_msgs/msg/detail/lslidar_point__functions.c
[15.491s] -- Installing: /home/jetson/Desktop/cartographer_ws/install/lslidar_msgs/include/lslidar_msgs/msg/detail/lslidar_point__functions.h
[15.491s] -- Installing: /home/jetson/Desktop/cartographer_ws/install/lslidar_msgs/include/lslidar_msgs/msg/detail/lslidar_scan__type_support.h
[15.491s] -- Installing: /home/jetson/Desktop/cartographer_ws/install/lslidar_msgs/include/lslidar_msgs/msg/detail/lslidar_sweep__functions.h
[15.492s] -- Installing: /home/jetson/Desktop/cartographer_ws/install/lslidar_msgs/include/lslidar_msgs/msg/detail/lslidar_point__type_support.h
[15.492s] -- Installing: /home/jetson/Desktop/cartographer_ws/install/lslidar_msgs/include/lslidar_msgs/msg/detail/lslidar_difop__functions.c
[15.492s] -- Installing: /home/jetson/Desktop/cartographer_ws/install/lslidar_msgs/include/lslidar_msgs/msg/detail/lslidar_difop__type_support.h
[15.492s] -- Installing: /home/jetson/Desktop/cartographer_ws/install/lslidar_msgs/include/lslidar_msgs/msg/detail/lslidar_sweep__functions.c
[15.493s] -- Installing: /home/jetson/Desktop/cartographer_ws/install/lslidar_msgs/include/lslidar_msgs/msg/detail/lslidar_packet__type_support.h
[15.493s] -- Installing: /home/jetson/Desktop/cartographer_ws/install/lslidar_msgs/include/lslidar_msgs/msg/detail/lslidar_scan__struct.h
[15.493s] -- Installing: /home/jetson/Desktop/cartographer_ws/install/lslidar_msgs/include/lslidar_msgs/msg/detail/lslidar_packet__functions.c
[15.493s] -- Installing: /home/jetson/Desktop/cartographer_ws/install/lslidar_msgs/include/lslidar_msgs/msg/detail/lslidar_packet__struct.h
[15.494s] -- Installing: /home/jetson/Desktop/cartographer_ws/install/lslidar_msgs/include/lslidar_msgs/msg/rosidl_generator_c__visibility_control.h
[15.494s] -- Installing: /home/jetson/Desktop/cartographer_ws/install/lslidar_msgs/include/lslidar_msgs/msg/lslidar_packet.h
[15.494s] -- Installing: /home/jetson/Desktop/cartographer_ws/install/lslidar_msgs/include/lslidar_msgs/msg/lslidar_point.h
[15.494s] -- Installing: /home/jetson/Desktop/cartographer_ws/install/lslidar_msgs/include/lslidar_msgs/msg/lslidar_scan.h
[15.495s] -- Installing: /home/jetson/Desktop/cartographer_ws/install/lslidar_msgs/share/lslidar_msgs/environment/library_path.sh
[15.496s] -- Installing: /home/jetson/Desktop/cartographer_ws/install/lslidar_msgs/share/lslidar_msgs/environment/library_path.dsv
[15.496s] -- Installing: /home/jetson/Desktop/cartographer_ws/install/lslidar_msgs/lib/liblslidar_msgs__rosidl_generator_c.so
[15.497s] -- Set runtime path of "/home/jetson/Desktop/cartographer_ws/install/lslidar_msgs/lib/liblslidar_msgs__rosidl_generator_c.so" to ""
[15.497s] -- Up-to-date: /home/jetson/Desktop/cartographer_ws/install/lslidar_msgs/include/lslidar_msgs
[15.497s] -- Up-to-date: /home/jetson/Desktop/cartographer_ws/install/lslidar_msgs/include/lslidar_msgs/msg
[15.498s] -- Up-to-date: /home/jetson/Desktop/cartographer_ws/install/lslidar_msgs/include/lslidar_msgs/msg/detail
[15.498s] -- Installing: /home/jetson/Desktop/cartographer_ws/install/lslidar_msgs/include/lslidar_msgs/msg/detail/lslidar_sweep__rosidl_typesupport_fastrtps_c.h
[15.498s] -- Installing: /home/jetson/Desktop/cartographer_ws/install/lslidar_msgs/include/lslidar_msgs/msg/detail/lslidar_scan__rosidl_typesupport_fastrtps_c.h
[15.498s] -- Installing: /home/jetson/Desktop/cartographer_ws/install/lslidar_msgs/include/lslidar_msgs/msg/detail/lslidar_point__rosidl_typesupport_fastrtps_c.h
[15.498s] -- Installing: /home/jetson/Desktop/cartographer_ws/install/lslidar_msgs/include/lslidar_msgs/msg/detail/lslidar_difop__rosidl_typesupport_fastrtps_c.h
[15.498s] -- Installing: /home/jetson/Desktop/cartographer_ws/install/lslidar_msgs/include/lslidar_msgs/msg/detail/lslidar_packet__rosidl_typesupport_fastrtps_c.h
[15.499s] -- Installing: /home/jetson/Desktop/cartographer_ws/install/lslidar_msgs/include/lslidar_msgs/msg/rosidl_typesupport_fastrtps_c__visibility_control.h
[15.499s] -- Installing: /home/jetson/Desktop/cartographer_ws/install/lslidar_msgs/lib/liblslidar_msgs__rosidl_typesupport_fastrtps_c.so
[15.500s] -- Set runtime path of "/home/jetson/Desktop/cartographer_ws/install/lslidar_msgs/lib/liblslidar_msgs__rosidl_typesupport_fastrtps_c.so" to ""
[15.500s] -- Up-to-date: /home/jetson/Desktop/cartographer_ws/install/lslidar_msgs/include/lslidar_msgs
[15.501s] -- Up-to-date: /home/jetson/Desktop/cartographer_ws/install/lslidar_msgs/include/lslidar_msgs/msg
[15.501s] -- Up-to-date: /home/jetson/Desktop/cartographer_ws/install/lslidar_msgs/include/lslidar_msgs/msg/detail
[15.501s] -- Installing: /home/jetson/Desktop/cartographer_ws/install/lslidar_msgs/include/lslidar_msgs/msg/detail/lslidar_difop__rosidl_typesupport_fastrtps_cpp.hpp
[15.501s] -- Installing: /home/jetson/Desktop/cartographer_ws/install/lslidar_msgs/include/lslidar_msgs/msg/detail/lslidar_scan__rosidl_typesupport_fastrtps_cpp.hpp
[15.501s] -- Installing: /home/jetson/Desktop/cartographer_ws/install/lslidar_msgs/include/lslidar_msgs/msg/detail/dds_fastrtps
[15.502s] -- Installing: /home/jetson/Desktop/cartographer_ws/install/lslidar_msgs/include/lslidar_msgs/msg/detail/lslidar_packet__rosidl_typesupport_fastrtps_cpp.hpp
[15.502s] -- Installing: /home/jetson/Desktop/cartographer_ws/install/lslidar_msgs/include/lslidar_msgs/msg/detail/lslidar_point__rosidl_typesupport_fastrtps_cpp.hpp
[15.502s] -- Installing: /home/jetson/Desktop/cartographer_ws/install/lslidar_msgs/include/lslidar_msgs/msg/detail/lslidar_sweep__rosidl_typesupport_fastrtps_cpp.hpp
[15.502s] -- Installing: /home/jetson/Desktop/cartographer_ws/install/lslidar_msgs/include/lslidar_msgs/msg/rosidl_typesupport_fastrtps_cpp__visibility_control.h
[15.502s] -- Installing: /home/jetson/Desktop/cartographer_ws/install/lslidar_msgs/lib/liblslidar_msgs__rosidl_typesupport_fastrtps_cpp.so
[15.503s] -- Set runtime path of "/home/jetson/Desktop/cartographer_ws/install/lslidar_msgs/lib/liblslidar_msgs__rosidl_typesupport_fastrtps_cpp.so" to ""
[15.503s] -- Up-to-date: /home/jetson/Desktop/cartographer_ws/install/lslidar_msgs/include/lslidar_msgs
[15.503s] -- Up-to-date: /home/jetson/Desktop/cartographer_ws/install/lslidar_msgs/include/lslidar_msgs/msg
[15.504s] -- Installing: /home/jetson/Desktop/cartographer_ws/install/lslidar_msgs/include/lslidar_msgs/msg/rosidl_typesupport_introspection_c__visibility_control.h
[15.504s] -- Up-to-date: /home/jetson/Desktop/cartographer_ws/install/lslidar_msgs/include/lslidar_msgs/msg/detail
[15.504s] -- Installing: /home/jetson/Desktop/cartographer_ws/install/lslidar_msgs/include/lslidar_msgs/msg/detail/lslidar_sweep__rosidl_typesupport_introspection_c.h
[15.504s] -- Installing: /home/jetson/Desktop/cartographer_ws/install/lslidar_msgs/include/lslidar_msgs/msg/detail/lslidar_scan__rosidl_typesupport_introspection_c.h
[15.504s] -- Installing: /home/jetson/Desktop/cartographer_ws/install/lslidar_msgs/include/lslidar_msgs/msg/detail/lslidar_sweep__type_support.c
[15.505s] -- Installing: /home/jetson/Desktop/cartographer_ws/install/lslidar_msgs/include/lslidar_msgs/msg/detail/lslidar_packet__type_support.c
[15.505s] -- Installing: /home/jetson/Desktop/cartographer_ws/install/lslidar_msgs/include/lslidar_msgs/msg/detail/lslidar_scan__type_support.c
[15.505s] -- Installing: /home/jetson/Desktop/cartographer_ws/install/lslidar_msgs/include/lslidar_msgs/msg/detail/lslidar_difop__type_support.c
[15.505s] -- Installing: /home/jetson/Desktop/cartographer_ws/install/lslidar_msgs/include/lslidar_msgs/msg/detail/lslidar_point__type_support.c
[15.505s] -- Installing: /home/jetson/Desktop/cartographer_ws/install/lslidar_msgs/include/lslidar_msgs/msg/detail/lslidar_packet__rosidl_typesupport_introspection_c.h
[15.506s] -- Installing: /home/jetson/Desktop/cartographer_ws/install/lslidar_msgs/include/lslidar_msgs/msg/detail/lslidar_point__rosidl_typesupport_introspection_c.h
[15.506s] -- Installing: /home/jetson/Desktop/cartographer_ws/install/lslidar_msgs/include/lslidar_msgs/msg/detail/lslidar_difop__rosidl_typesupport_introspection_c.h
[15.506s] -- Installing: /home/jetson/Desktop/cartographer_ws/install/lslidar_msgs/lib/liblslidar_msgs__rosidl_typesupport_introspection_c.so
[15.507s] -- Set runtime path of "/home/jetson/Desktop/cartographer_ws/install/lslidar_msgs/lib/liblslidar_msgs__rosidl_typesupport_introspection_c.so" to ""
[15.507s] -- Installing: /home/jetson/Desktop/cartographer_ws/install/lslidar_msgs/lib/liblslidar_msgs__rosidl_typesupport_c.so
[15.508s] -- Set runtime path of "/home/jetson/Desktop/cartographer_ws/install/lslidar_msgs/lib/liblslidar_msgs__rosidl_typesupport_c.so" to ""
[15.509s] -- Up-to-date: /home/jetson/Desktop/cartographer_ws/install/lslidar_msgs/include/lslidar_msgs
[15.509s] -- Up-to-date: /home/jetson/Desktop/cartographer_ws/install/lslidar_msgs/include/lslidar_msgs/msg
[15.509s] -- Installing: /home/jetson/Desktop/cartographer_ws/install/lslidar_msgs/include/lslidar_msgs/msg/lslidar_sweep.hpp
[15.510s] -- Installing: /home/jetson/Desktop/cartographer_ws/install/lslidar_msgs/include/lslidar_msgs/msg/rosidl_generator_cpp__visibility_control.hpp
[15.510s] -- Installing: /home/jetson/Desktop/cartographer_ws/install/lslidar_msgs/include/lslidar_msgs/msg/lslidar_difop.hpp
[15.510s] -- Installing: /home/jetson/Desktop/cartographer_ws/install/lslidar_msgs/include/lslidar_msgs/msg/lslidar_packet.hpp
[15.510s] -- Installing: /home/jetson/Desktop/cartographer_ws/install/lslidar_msgs/include/lslidar_msgs/msg/lslidar_point.hpp
[15.510s] -- Up-to-date: /home/jetson/Desktop/cartographer_ws/install/lslidar_msgs/include/lslidar_msgs/msg/detail
[15.511s] -- Installing: /home/jetson/Desktop/cartographer_ws/install/lslidar_msgs/include/lslidar_msgs/msg/detail/lslidar_packet__builder.hpp
[15.511s] -- Installing: /home/jetson/Desktop/cartographer_ws/install/lslidar_msgs/include/lslidar_msgs/msg/detail/lslidar_scan__struct.hpp
[15.511s] -- Installing: /home/jetson/Desktop/cartographer_ws/install/lslidar_msgs/include/lslidar_msgs/msg/detail/lslidar_packet__type_support.hpp
[15.511s] -- Installing: /home/jetson/Desktop/cartographer_ws/install/lslidar_msgs/include/lslidar_msgs/msg/detail/lslidar_sweep__traits.hpp
[15.511s] -- Installing: /home/jetson/Desktop/cartographer_ws/install/lslidar_msgs/include/lslidar_msgs/msg/detail/lslidar_packet__traits.hpp
[15.512s] -- Installing: /home/jetson/Desktop/cartographer_ws/install/lslidar_msgs/include/lslidar_msgs/msg/detail/lslidar_packet__struct.hpp
[15.512s] -- Installing: /home/jetson/Desktop/cartographer_ws/install/lslidar_msgs/include/lslidar_msgs/msg/detail/lslidar_difop__builder.hpp
[15.512s] -- Installing: /home/jetson/Desktop/cartographer_ws/install/lslidar_msgs/include/lslidar_msgs/msg/detail/lslidar_scan__traits.hpp
[15.512s] -- Installing: /home/jetson/Desktop/cartographer_ws/install/lslidar_msgs/include/lslidar_msgs/msg/detail/lslidar_point__builder.hpp
[15.512s] -- Installing: /home/jetson/Desktop/cartographer_ws/install/lslidar_msgs/include/lslidar_msgs/msg/detail/lslidar_scan__builder.hpp
[15.513s] -- Installing: /home/jetson/Desktop/cartographer_ws/install/lslidar_msgs/include/lslidar_msgs/msg/detail/lslidar_sweep__type_support.hpp
[15.513s] -- Installing: /home/jetson/Desktop/cartographer_ws/install/lslidar_msgs/include/lslidar_msgs/msg/detail/lslidar_difop__type_support.hpp
[15.513s] -- Installing: /home/jetson/Desktop/cartographer_ws/install/lslidar_msgs/include/lslidar_msgs/msg/detail/lslidar_sweep__builder.hpp
[15.514s] -- Installing: /home/jetson/Desktop/cartographer_ws/install/lslidar_msgs/include/lslidar_msgs/msg/detail/lslidar_sweep__struct.hpp
[15.514s] -- Installing: /home/jetson/Desktop/cartographer_ws/install/lslidar_msgs/include/lslidar_msgs/msg/detail/lslidar_point__traits.hpp
[15.514s] -- Installing: /home/jetson/Desktop/cartographer_ws/install/lslidar_msgs/include/lslidar_msgs/msg/detail/lslidar_point__struct.hpp
[15.515s] -- Installing: /home/jetson/Desktop/cartographer_ws/install/lslidar_msgs/include/lslidar_msgs/msg/detail/lslidar_scan__type_support.hpp
[15.516s] -- Installing: /home/jetson/Desktop/cartographer_ws/install/lslidar_msgs/include/lslidar_msgs/msg/detail/lslidar_difop__struct.hpp
[15.516s] -- Installing: /home/jetson/Desktop/cartographer_ws/install/lslidar_msgs/include/lslidar_msgs/msg/detail/lslidar_difop__traits.hpp
[15.516s] -- Installing: /home/jetson/Desktop/cartographer_ws/install/lslidar_msgs/include/lslidar_msgs/msg/detail/lslidar_point__type_support.hpp
[15.516s] -- Installing: /home/jetson/Desktop/cartographer_ws/install/lslidar_msgs/include/lslidar_msgs/msg/lslidar_scan.hpp
[15.516s] -- Up-to-date: /home/jetson/Desktop/cartographer_ws/install/lslidar_msgs/include/lslidar_msgs
[15.517s] -- Up-to-date: /home/jetson/Desktop/cartographer_ws/install/lslidar_msgs/include/lslidar_msgs/msg
[15.517s] -- Up-to-date: /home/jetson/Desktop/cartographer_ws/install/lslidar_msgs/include/lslidar_msgs/msg/detail
[15.517s] -- Installing: /home/jetson/Desktop/cartographer_ws/install/lslidar_msgs/include/lslidar_msgs/msg/detail/lslidar_packet__rosidl_typesupport_introspection_cpp.hpp
[15.517s] -- Installing: /home/jetson/Desktop/cartographer_ws/install/lslidar_msgs/include/lslidar_msgs/msg/detail/lslidar_difop__type_support.cpp
[15.517s] -- Installing: /home/jetson/Desktop/cartographer_ws/install/lslidar_msgs/include/lslidar_msgs/msg/detail/lslidar_scan__type_support.cpp
[15.518s] -- Installing: /home/jetson/Desktop/cartographer_ws/install/lslidar_msgs/include/lslidar_msgs/msg/detail/lslidar_difop__rosidl_typesupport_introspection_cpp.hpp
[15.518s] -- Installing: /home/jetson/Desktop/cartographer_ws/install/lslidar_msgs/include/lslidar_msgs/msg/detail/lslidar_scan__rosidl_typesupport_introspection_cpp.hpp
[15.518s] -- Installing: /home/jetson/Desktop/cartographer_ws/install/lslidar_msgs/include/lslidar_msgs/msg/detail/lslidar_point__type_support.cpp
[15.518s] -- Installing: /home/jetson/Desktop/cartographer_ws/install/lslidar_msgs/include/lslidar_msgs/msg/detail/lslidar_packet__type_support.cpp
[15.518s] -- Installing: /home/jetson/Desktop/cartographer_ws/install/lslidar_msgs/include/lslidar_msgs/msg/detail/lslidar_sweep__type_support.cpp
[15.519s] -- Installing: /home/jetson/Desktop/cartographer_ws/install/lslidar_msgs/include/lslidar_msgs/msg/detail/lslidar_point__rosidl_typesupport_introspection_cpp.hpp
[15.519s] -- Installing: /home/jetson/Desktop/cartographer_ws/install/lslidar_msgs/include/lslidar_msgs/msg/detail/lslidar_sweep__rosidl_typesupport_introspection_cpp.hpp
[15.519s] -- Installing: /home/jetson/Desktop/cartographer_ws/install/lslidar_msgs/lib/liblslidar_msgs__rosidl_typesupport_introspection_cpp.so
[15.521s] -- Set runtime path of "/home/jetson/Desktop/cartographer_ws/install/lslidar_msgs/lib/liblslidar_msgs__rosidl_typesupport_introspection_cpp.so" to ""
[15.521s] -- Installing: /home/jetson/Desktop/cartographer_ws/install/lslidar_msgs/lib/liblslidar_msgs__rosidl_typesupport_cpp.so
[15.521s] -- Set runtime path of "/home/jetson/Desktop/cartographer_ws/install/lslidar_msgs/lib/liblslidar_msgs__rosidl_typesupport_cpp.so" to ""
[15.521s] -- Installing: /home/jetson/Desktop/cartographer_ws/install/lslidar_msgs/share/lslidar_msgs/environment/pythonpath.sh
[15.522s] -- Installing: /home/jetson/Desktop/cartographer_ws/install/lslidar_msgs/share/lslidar_msgs/environment/pythonpath.dsv
[15.523s] -- Installing: /home/jetson/Desktop/cartographer_ws/install/lslidar_msgs/lib/python3.8/site-packages/lslidar_msgs/__init__.py
[15.586s] Compiling '/home/jetson/Desktop/cartographer_ws/install/lslidar_msgs/lib/python3.8/site-packages/lslidar_msgs/__init__.py'...
[15.598s] -- Installing: /home/jetson/Desktop/cartographer_ws/install/lslidar_msgs/lib/python3.8/site-packages/lslidar_msgs/msg
[15.599s] -- Installing: /home/jetson/Desktop/cartographer_ws/install/lslidar_msgs/lib/python3.8/site-packages/lslidar_msgs/msg/_lslidar_scan_s.c
[15.599s] -- Installing: /home/jetson/Desktop/cartographer_ws/install/lslidar_msgs/lib/python3.8/site-packages/lslidar_msgs/msg/_lslidar_packet_s.c
[15.600s] -- Installing: /home/jetson/Desktop/cartographer_ws/install/lslidar_msgs/lib/python3.8/site-packages/lslidar_msgs/msg/_lslidar_scan.py
[15.600s] -- Installing: /home/jetson/Desktop/cartographer_ws/install/lslidar_msgs/lib/python3.8/site-packages/lslidar_msgs/msg/_lslidar_sweep_s.c
[15.600s] -- Installing: /home/jetson/Desktop/cartographer_ws/install/lslidar_msgs/lib/python3.8/site-packages/lslidar_msgs/msg/__init__.py
[15.600s] -- Installing: /home/jetson/Desktop/cartographer_ws/install/lslidar_msgs/lib/python3.8/site-packages/lslidar_msgs/msg/_lslidar_sweep.py
[15.601s] -- Installing: /home/jetson/Desktop/cartographer_ws/install/lslidar_msgs/lib/python3.8/site-packages/lslidar_msgs/msg/_lslidar_point_s.c
[15.601s] -- Installing: /home/jetson/Desktop/cartographer_ws/install/lslidar_msgs/lib/python3.8/site-packages/lslidar_msgs/msg/_lslidar_packet.py
[15.601s] -- Installing: /home/jetson/Desktop/cartographer_ws/install/lslidar_msgs/lib/python3.8/site-packages/lslidar_msgs/msg/_lslidar_difop.py
[15.601s] -- Installing: /home/jetson/Desktop/cartographer_ws/install/lslidar_msgs/lib/python3.8/site-packages/lslidar_msgs/msg/_lslidar_point.py
[15.601s] -- Installing: /home/jetson/Desktop/cartographer_ws/install/lslidar_msgs/lib/python3.8/site-packages/lslidar_msgs/msg/_lslidar_difop_s.c
[15.602s] -- Installing: /home/jetson/Desktop/cartographer_ws/install/lslidar_msgs/lib/python3.8/site-packages/lslidar_msgs/lslidar_msgs_s__rosidl_typesupport_fastrtps_c.cpython-38-aarch64-linux-gnu.so
[15.602s] -- Set runtime path of "/home/jetson/Desktop/cartographer_ws/install/lslidar_msgs/lib/python3.8/site-packages/lslidar_msgs/lslidar_msgs_s__rosidl_typesupport_fastrtps_c.cpython-38-aarch64-linux-gnu.so" to ""
[15.603s] -- Installing: /home/jetson/Desktop/cartographer_ws/install/lslidar_msgs/lib/python3.8/site-packages/lslidar_msgs/lslidar_msgs_s__rosidl_typesupport_introspection_c.cpython-38-aarch64-linux-gnu.so
[15.604s] -- Set runtime path of "/home/jetson/Desktop/cartographer_ws/install/lslidar_msgs/lib/python3.8/site-packages/lslidar_msgs/lslidar_msgs_s__rosidl_typesupport_introspection_c.cpython-38-aarch64-linux-gnu.so" to ""
[15.604s] -- Installing: /home/jetson/Desktop/cartographer_ws/install/lslidar_msgs/lib/python3.8/site-packages/lslidar_msgs/lslidar_msgs_s__rosidl_typesupport_c.cpython-38-aarch64-linux-gnu.so
[15.605s] -- Set runtime path of "/home/jetson/Desktop/cartographer_ws/install/lslidar_msgs/lib/python3.8/site-packages/lslidar_msgs/lslidar_msgs_s__rosidl_typesupport_c.cpython-38-aarch64-linux-gnu.so" to ""
[15.605s] -- Installing: /home/jetson/Desktop/cartographer_ws/install/lslidar_msgs/lib/liblslidar_msgs__python.so
[15.606s] -- Set runtime path of "/home/jetson/Desktop/cartographer_ws/install/lslidar_msgs/lib/liblslidar_msgs__python.so" to ""
[15.606s] -- Installing: /home/jetson/Desktop/cartographer_ws/install/lslidar_msgs/share/lslidar_msgs/msg/LslidarDifop.idl
[15.607s] -- Installing: /home/jetson/Desktop/cartographer_ws/install/lslidar_msgs/share/lslidar_msgs/msg/LslidarPacket.idl
[15.607s] -- Installing: /home/jetson/Desktop/cartographer_ws/install/lslidar_msgs/share/lslidar_msgs/msg/LslidarPoint.idl
[15.608s] -- Installing: /home/jetson/Desktop/cartographer_ws/install/lslidar_msgs/share/lslidar_msgs/msg/LslidarScan.idl
[15.608s] -- Installing: /home/jetson/Desktop/cartographer_ws/install/lslidar_msgs/share/lslidar_msgs/msg/LslidarSweep.idl
[15.608s] -- Installing: /home/jetson/Desktop/cartographer_ws/install/lslidar_msgs/share/lslidar_msgs/msg/LslidarDifop.msg
[15.608s] -- Installing: /home/jetson/Desktop/cartographer_ws/install/lslidar_msgs/share/lslidar_msgs/msg/LslidarPacket.msg
[15.609s] -- Installing: /home/jetson/Desktop/cartographer_ws/install/lslidar_msgs/share/lslidar_msgs/msg/LslidarPoint.msg
[15.609s] -- Installing: /home/jetson/Desktop/cartographer_ws/install/lslidar_msgs/share/lslidar_msgs/msg/LslidarScan.msg
[15.609s] -- Installing: /home/jetson/Desktop/cartographer_ws/install/lslidar_msgs/share/lslidar_msgs/msg/LslidarSweep.msg
[15.610s] -- Installing: /home/jetson/Desktop/cartographer_ws/install/lslidar_msgs/share/ament_index/resource_index/package_run_dependencies/lslidar_msgs
[15.610s] -- Installing: /home/jetson/Desktop/cartographer_ws/install/lslidar_msgs/share/ament_index/resource_index/parent_prefix_path/lslidar_msgs
[15.611s] -- Installing: /home/jetson/Desktop/cartographer_ws/install/lslidar_msgs/share/lslidar_msgs/environment/ament_prefix_path.sh
[15.612s] -- Installing: /home/jetson/Desktop/cartographer_ws/install/lslidar_msgs/share/lslidar_msgs/environment/ament_prefix_path.dsv
[15.612s] -- Installing: /home/jetson/Desktop/cartographer_ws/install/lslidar_msgs/share/lslidar_msgs/environment/path.sh
[15.612s] -- Installing: /home/jetson/Desktop/cartographer_ws/install/lslidar_msgs/share/lslidar_msgs/environment/path.dsv
[15.613s] -- Installing: /home/jetson/Desktop/cartographer_ws/install/lslidar_msgs/share/lslidar_msgs/local_setup.bash
[15.614s] -- Installing: /home/jetson/Desktop/cartographer_ws/install/lslidar_msgs/share/lslidar_msgs/local_setup.sh
[15.614s] -- Installing: /home/jetson/Desktop/cartographer_ws/install/lslidar_msgs/share/lslidar_msgs/local_setup.zsh
[15.614s] -- Installing: /home/jetson/Desktop/cartographer_ws/install/lslidar_msgs/share/lslidar_msgs/local_setup.dsv
[15.615s] -- Installing: /home/jetson/Desktop/cartographer_ws/install/lslidar_msgs/share/lslidar_msgs/package.dsv
[15.616s] -- Installing: /home/jetson/Desktop/cartographer_ws/install/lslidar_msgs/share/ament_index/resource_index/packages/lslidar_msgs
[15.616s] -- Installing: /home/jetson/Desktop/cartographer_ws/install/lslidar_msgs/share/lslidar_msgs/cmake/lslidar_msgs__rosidl_generator_cExport.cmake
[15.617s] -- Installing: /home/jetson/Desktop/cartographer_ws/install/lslidar_msgs/share/lslidar_msgs/cmake/lslidar_msgs__rosidl_generator_cExport-noconfig.cmake
[15.617s] -- Installing: /home/jetson/Desktop/cartographer_ws/install/lslidar_msgs/share/lslidar_msgs/cmake/lslidar_msgs__rosidl_typesupport_introspection_cExport.cmake
[15.618s] -- Installing: /home/jetson/Desktop/cartographer_ws/install/lslidar_msgs/share/lslidar_msgs/cmake/lslidar_msgs__rosidl_typesupport_introspection_cExport-noconfig.cmake
[15.618s] -- Installing: /home/jetson/Desktop/cartographer_ws/install/lslidar_msgs/share/lslidar_msgs/cmake/lslidar_msgs__rosidl_typesupport_cExport.cmake
[15.619s] -- Installing: /home/jetson/Desktop/cartographer_ws/install/lslidar_msgs/share/lslidar_msgs/cmake/lslidar_msgs__rosidl_typesupport_cExport-noconfig.cmake
[15.619s] -- Installing: /home/jetson/Desktop/cartographer_ws/install/lslidar_msgs/share/lslidar_msgs/cmake/lslidar_msgs__rosidl_generator_cppExport.cmake
[15.620s] -- Installing: /home/jetson/Desktop/cartographer_ws/install/lslidar_msgs/share/lslidar_msgs/cmake/lslidar_msgs__rosidl_typesupport_introspection_cppExport.cmake
[15.620s] -- Installing: /home/jetson/Desktop/cartographer_ws/install/lslidar_msgs/share/lslidar_msgs/cmake/lslidar_msgs__rosidl_typesupport_introspection_cppExport-noconfig.cmake
[15.621s] -- Installing: /home/jetson/Desktop/cartographer_ws/install/lslidar_msgs/share/lslidar_msgs/cmake/lslidar_msgs__rosidl_typesupport_cppExport.cmake
[15.622s] -- Installing: /home/jetson/Desktop/cartographer_ws/install/lslidar_msgs/share/lslidar_msgs/cmake/lslidar_msgs__rosidl_typesupport_cppExport-noconfig.cmake
[15.622s] -- Installing: /home/jetson/Desktop/cartographer_ws/install/lslidar_msgs/share/lslidar_msgs/cmake/rosidl_cmake-extras.cmake
[15.623s] -- Installing: /home/jetson/Desktop/cartographer_ws/install/lslidar_msgs/share/lslidar_msgs/cmake/ament_cmake_export_dependencies-extras.cmake
[15.624s] -- Installing: /home/jetson/Desktop/cartographer_ws/install/lslidar_msgs/share/lslidar_msgs/cmake/ament_cmake_export_libraries-extras.cmake
[15.624s] -- Installing: /home/jetson/Desktop/cartographer_ws/install/lslidar_msgs/share/lslidar_msgs/cmake/ament_cmake_export_targets-extras.cmake
[15.625s] -- Installing: /home/jetson/Desktop/cartographer_ws/install/lslidar_msgs/share/lslidar_msgs/cmake/ament_cmake_export_include_directories-extras.cmake
[15.625s] -- Installing: /home/jetson/Desktop/cartographer_ws/install/lslidar_msgs/share/lslidar_msgs/cmake/rosidl_cmake_export_typesupport_libraries-extras.cmake
[15.626s] -- Installing: /home/jetson/Desktop/cartographer_ws/install/lslidar_msgs/share/lslidar_msgs/cmake/rosidl_cmake_export_typesupport_targets-extras.cmake
[15.626s] -- Installing: /home/jetson/Desktop/cartographer_ws/install/lslidar_msgs/share/lslidar_msgs/cmake/lslidar_msgsConfig.cmake
[15.626s] -- Installing: /home/jetson/Desktop/cartographer_ws/install/lslidar_msgs/share/lslidar_msgs/cmake/lslidar_msgsConfig-version.cmake
[15.627s] -- Installing: /home/jetson/Desktop/cartographer_ws/install/lslidar_msgs/share/lslidar_msgs/package.xml
[15.635s] Invoked command in '/home/jetson/Desktop/cartographer_ws/build/lslidar_msgs' returned '0': CMAKE_PREFIX_PATH=/opt/ros/foxy /usr/bin/cmake --install /home/jetson/Desktop/cartographer_ws/build/lslidar_msgs
