[0.067s] Invoking command in '/home/ubuntu/Desktop/cartographer_ws/build/lslidar_driver': CMAKE_PREFIX_PATH=/home/ubuntu/Desktop/cartographer_ws/install/lslidar_msgs:/home/ubuntu/Desktop/cartographer_ws/install/my_cartographer:/home/ubuntu/Desktop/cartographer_ws/install/lslidar_driver:/home/ubuntu/Desktop/cartographer_ws/install/cartographer_ros:/home/ubuntu/Desktop/cartographer_ws/install/cartographer_ros_msgs:/home/ubuntu/Desktop/cartographer_ws/install/cartographer:/opt/ros/foxy /usr/bin/cmake --build /home/ubuntu/Desktop/cartographer_ws/build/lslidar_driver -- -j4 -l4
[0.192s] -- Found Boost: /usr/lib/x86_64-linux-gnu/cmake/Boost-1.71.0/BoostConfig.cmake (found version "1.71.0") found components: thread 
[0.192s] -- Found rclcpp: 2.4.3 (/opt/ros/foxy/share/rclcpp/cmake)
[0.256s] -- Using PYTHON_EXECUTABLE: /usr/bin/python3
[0.867s] -- Using all available rosidl_typesupport_c: rosidl_typesupport_fastrtps_c;rosidl_typesupport_introspection_c
[0.876s] -- Found rosidl_adapter: 1.3.1 (/opt/ros/foxy/share/rosidl_adapter/cmake)
[1.217s] -- Using all available rosidl_typesupport_cpp: rosidl_typesupport_fastrtps_cpp;rosidl_typesupport_introspection_cpp
[1.352s] -- Found rmw_implementation_cmake: 1.0.4 (/opt/ros/foxy/share/rmw_implementation_cmake/cmake)
[1.355s] -- Using RMW implementation 'rmw_fastrtps_cpp' as default
[1.794s] -- Eigen found (include: /usr/include/eigen3, version: 3.3.7)
[1.827s] -- Found Boost: /usr/include (found suitable version "1.71.0", minimum required is "1.55.0") found components: system filesystem date_time iostreams regex 
[2.051s] -- The imported target "vtkParseOGLExt" references the file
[2.052s]    "/usr/bin/vtkParseOGLExt-7.1"
[2.052s] but this file does not exist.  Possible reasons include:
[2.052s] * The file was deleted, renamed, or moved to another location.
[2.052s] * An install or uninstall procedure did not complete successfully.
[2.052s] * The installation package was faulty and contained
[2.053s]    "/usr/lib/cmake/vtk-7.1/VTKTargets.cmake"
[2.053s] but not all the files it references.
[2.054s] 
[2.054s] -- The imported target "vtkRenderingPythonTkWidgets" references the file
[2.054s]    "/usr/lib/x86_64-linux-gnu/libvtkRenderingPythonTkWidgets.so"
[2.054s] but this file does not exist.  Possible reasons include:
[2.054s] * The file was deleted, renamed, or moved to another location.
[2.055s] * An install or uninstall procedure did not complete successfully.
[2.055s] * The installation package was faulty and contained
[2.055s]    "/usr/lib/cmake/vtk-7.1/VTKTargets.cmake"
[2.055s] but not all the files it references.
[2.065s] 
[2.065s] -- The imported target "vtk" references the file
[2.066s]    "/usr/bin/vtk"
[2.066s] but this file does not exist.  Possible reasons include:
[2.066s] * The file was deleted, renamed, or moved to another location.
[2.066s] * An install or uninstall procedure did not complete successfully.
[2.067s] * The installation package was faulty and contained
[2.067s]    "/usr/lib/cmake/vtk-7.1/VTKTargets.cmake"
[2.067s] but not all the files it references.
[2.067s] 
[2.067s] -- The imported target "pvtk" references the file
[2.068s]    "/usr/bin/pvtk"
[2.068s] but this file does not exist.  Possible reasons include:
[2.068s] * The file was deleted, renamed, or moved to another location.
[2.068s] * An install or uninstall procedure did not complete successfully.
[2.068s] * The installation package was faulty and contained
[2.070s]    "/usr/lib/cmake/vtk-7.1/VTKTargets.cmake"
[2.070s] but not all the files it references.
[2.070s] 
[2.113s] -- Checking for module 'libusb-1.0'
[2.127s] --   No package 'libusb-1.0' found
[2.137s] -- Could NOT find USB_10 (missing: USB_10_LIBRARY USB_10_INCLUDE_DIR) 
[2.137s] -- OpenNI disabled because libusb-1.0 not found.
[2.138s] ** WARNING ** io features related to openni will be disabled
[2.153s] -- Checking for module 'libusb-1.0'
[2.167s] --   No package 'libusb-1.0' found
[2.177s] ** WARNING ** io features related to openni2 will be disabled
[2.177s] -- Could NOT find USB_10 (missing: USB_10_LIBRARY USB_10_INCLUDE_DIR) 
[2.177s] -- OpenNI 2 disabled because libusb-1.0 not found.
[2.177s] ** WARNING ** io features related to pcap will be disabled
[2.177s] ** WARNING ** io features related to png will be disabled
[2.217s] ** WARNING ** io features related to libusb-1.0 will be disabled
[2.218s] -- LIBUSB_1_LIBRARY (missing: LIBUSB_1_INCLUDE_DIR) 
[2.234s] -- Checking for module 'libusb-1.0'
[2.249s] --   No package 'libusb-1.0' found
[2.260s] -- Could NOT find USB_10 (missing: USB_10_LIBRARY USB_10_INCLUDE_DIR) 
[2.262s] -- OpenNI disabled because libusb-1.0 not found.
[2.263s] ** WARNING ** visualization features related to openni will be disabled
[2.278s] -- Checking for module 'libusb-1.0'
[2.291s] --   No package 'libusb-1.0' found
[2.301s] -- Could NOT find USB_10 (missing: USB_10_LIBRARY USB_10_INCLUDE_DIR) 
[2.302s] -- OpenNI 2 disabled because libusb-1.0 not found.
[2.302s] ** WARNING ** visualization features related to openni2 will be disabled
[2.339s] -- QHULL found (include: /usr/include, lib: optimized;/usr/lib/x86_64-linux-gnu/libqhull.so;debug;/usr/lib/x86_64-linux-gnu/libqhull.so)
[2.356s] -- Checking for module 'libusb-1.0'
[2.375s] --   No package 'libusb-1.0' found
[2.386s] ** WARNING ** apps features related to openni will be disabled
[2.386s] -- Could NOT find USB_10 (missing: USB_10_LIBRARY USB_10_INCLUDE_DIR) 
[2.386s] -- OpenNI disabled because libusb-1.0 not found.
[2.417s] -- looking for PCL_COMMON
[2.418s] -- looking for PCL_KDTREE
[2.420s] -- looking for PCL_OCTREE
[2.422s] -- looking for PCL_SEARCH
[2.424s] -- looking for PCL_SAMPLE_CONSENSUS
[2.426s] -- looking for PCL_FILTERS
[2.428s] -- looking for PCL_2D
[2.430s] -- looking for PCL_GEOMETRY
[2.431s] -- looking for PCL_IO
[2.434s] -- looking for PCL_FEATURES
[2.436s] -- looking for PCL_ML
[2.438s] -- looking for PCL_SEGMENTATION
[2.440s] -- looking for PCL_VISUALIZATION
[2.442s] -- looking for PCL_SURFACE
[2.445s] -- looking for PCL_REGISTRATION
[2.448s] -- looking for PCL_KEYPOINTS
[2.453s] -- looking for PCL_TRACKING
[2.454s] -- looking for PCL_RECOGNITION
[2.455s] -- looking for PCL_STEREO
[2.458s] -- looking for PCL_APPS
[2.462s] -- looking for PCL_IN_HAND_SCANNER
[2.466s] -- looking for PCL_POINT_CLOUD_EDITOR
[2.468s] -- looking for PCL_OUTOFCORE
[2.478s] -- looking for PCL_PEOPLE
[2.478s] -- Found diagnostic_updater: 3.1.2 (/opt/ros/foxy/share/diagnostic_updater/cmake)
[2.631s] -- Found lslidar_msgs: 1.2.0 (/home/ubuntu/Desktop/cartographer_ws/install/lslidar_msgs/share/lslidar_msgs/cmake)
[2.717s] -- Found pluginlib: 2.5.4 (/opt/ros/foxy/share/pluginlib/cmake)
[2.776s] -- Found pcl_conversions: 2.2.1 (/opt/ros/foxy/share/pcl_conversions/cmake)
[3.862s] -- Configuring done
[4.100s] -- Generating done
[4.107s] -- Build files have been written to: /home/ubuntu/Desktop/cartographer_ws/build/lslidar_driver
[4.233s] [35m[1mScanning dependencies of target lslidar_driver_node[0m
[4.381s] make[2]: Warning: File '/home/ubuntu/Desktop/cartographer_ws/src/lslidar_driver/src/lslidar_driver_node.cc' has modification time 20729 s in the future
[4.439s] [ 20%] [32mBuilding CXX object CMakeFiles/lslidar_driver_node.dir/src/lslidar_driver_node.cc.o[0m
[4.440s] [ 40%] [32mBuilding CXX object CMakeFiles/lslidar_driver_node.dir/src/lslidar_driver.cc.o[0m
[4.456s] [ 60%] [32mBuilding CXX object CMakeFiles/lslidar_driver_node.dir/src/lsiosr.cpp.o[0m
[4.465s] [ 80%] [32mBuilding CXX object CMakeFiles/lslidar_driver_node.dir/src/input.cc.o[0m
[41.327s] [100%] [32m[1mLinking CXX executable lslidar_driver_node[0m
[43.474s] make[2]: warning:  Clock skew detected.  Your build may be incomplete.
[43.492s] [100%] Built target lslidar_driver_node
[43.530s] Invoked command in '/home/ubuntu/Desktop/cartographer_ws/build/lslidar_driver' returned '0': CMAKE_PREFIX_PATH=/home/ubuntu/Desktop/cartographer_ws/install/lslidar_msgs:/home/ubuntu/Desktop/cartographer_ws/install/my_cartographer:/home/ubuntu/Desktop/cartographer_ws/install/lslidar_driver:/home/ubuntu/Desktop/cartographer_ws/install/cartographer_ros:/home/ubuntu/Desktop/cartographer_ws/install/cartographer_ros_msgs:/home/ubuntu/Desktop/cartographer_ws/install/cartographer:/opt/ros/foxy /usr/bin/cmake --build /home/ubuntu/Desktop/cartographer_ws/build/lslidar_driver -- -j4 -l4
[43.668s] Invoking command in '/home/ubuntu/Desktop/cartographer_ws/build/lslidar_driver': CMAKE_PREFIX_PATH=/home/ubuntu/Desktop/cartographer_ws/install/lslidar_msgs:/home/ubuntu/Desktop/cartographer_ws/install/my_cartographer:/home/ubuntu/Desktop/cartographer_ws/install/lslidar_driver:/home/ubuntu/Desktop/cartographer_ws/install/cartographer_ros:/home/ubuntu/Desktop/cartographer_ws/install/cartographer_ros_msgs:/home/ubuntu/Desktop/cartographer_ws/install/cartographer:/opt/ros/foxy /usr/bin/cmake --install /home/ubuntu/Desktop/cartographer_ws/build/lslidar_driver
[43.695s] -- Install configuration: ""
[43.696s] -- Up-to-date: /home/ubuntu/Desktop/cartographer_ws/install/lslidar_driver/share/lslidar_driver/launch
[43.696s] -- Up-to-date: /home/ubuntu/Desktop/cartographer_ws/install/lslidar_driver/share/lslidar_driver/launch/lsm10p_net_launch.py
[43.696s] -- Up-to-date: /home/ubuntu/Desktop/cartographer_ws/install/lslidar_driver/share/lslidar_driver/launch/viewer_scan_launch.py
[43.696s] -- Up-to-date: /home/ubuntu/Desktop/cartographer_ws/install/lslidar_driver/share/lslidar_driver/launch/lsm10_uart_launch.py
[43.697s] -- Up-to-date: /home/ubuntu/Desktop/cartographer_ws/install/lslidar_driver/share/lslidar_driver/launch/lslidar_double_launch.py
[43.697s] -- Up-to-date: /home/ubuntu/Desktop/cartographer_ws/install/lslidar_driver/share/lslidar_driver/launch/lsm10_net_launch.py
[43.698s] -- Up-to-date: /home/ubuntu/Desktop/cartographer_ws/install/lslidar_driver/share/lslidar_driver/launch/lsn10p_net_launch.py
[43.698s] -- Up-to-date: /home/ubuntu/Desktop/cartographer_ws/install/lslidar_driver/share/lslidar_driver/launch/lsm10p_uart_launch.py
[43.698s] -- Up-to-date: /home/ubuntu/Desktop/cartographer_ws/install/lslidar_driver/share/lslidar_driver/launch/lsn10_net_launch.py
[43.699s] -- Up-to-date: /home/ubuntu/Desktop/cartographer_ws/install/lslidar_driver/share/lslidar_driver/launch/lsn10p_launch.py
[43.699s] -- Up-to-date: /home/ubuntu/Desktop/cartographer_ws/install/lslidar_driver/share/lslidar_driver/launch/lsn10_launch.py
[43.699s] -- Up-to-date: /home/ubuntu/Desktop/cartographer_ws/install/lslidar_driver/share/lslidar_driver/params
[43.699s] -- Up-to-date: /home/ubuntu/Desktop/cartographer_ws/install/lslidar_driver/share/lslidar_driver/params/lidar_uart_ros2
[43.699s] -- Up-to-date: /home/ubuntu/Desktop/cartographer_ws/install/lslidar_driver/share/lslidar_driver/params/lidar_uart_ros2/lsn10p.yaml
[43.700s] -- Up-to-date: /home/ubuntu/Desktop/cartographer_ws/install/lslidar_driver/share/lslidar_driver/params/lidar_uart_ros2/lsn10.yaml
[43.700s] -- Up-to-date: /home/ubuntu/Desktop/cartographer_ws/install/lslidar_driver/share/lslidar_driver/params/lidar_uart_ros2/lsm10_p.yaml
[43.700s] -- Up-to-date: /home/ubuntu/Desktop/cartographer_ws/install/lslidar_driver/share/lslidar_driver/params/lidar_uart_ros2/lsm10.yaml
[43.700s] -- Up-to-date: /home/ubuntu/Desktop/cartographer_ws/install/lslidar_driver/share/lslidar_driver/params/lidar_net_ros2
[43.700s] -- Up-to-date: /home/ubuntu/Desktop/cartographer_ws/install/lslidar_driver/share/lslidar_driver/params/lidar_net_ros2/lsm10p_net.yaml
[43.700s] -- Up-to-date: /home/ubuntu/Desktop/cartographer_ws/install/lslidar_driver/share/lslidar_driver/params/lidar_net_ros2/lsn10_net.yaml
[43.701s] -- Up-to-date: /home/ubuntu/Desktop/cartographer_ws/install/lslidar_driver/share/lslidar_driver/params/lidar_net_ros2/lsm10_net.yaml
[43.702s] -- Up-to-date: /home/ubuntu/Desktop/cartographer_ws/install/lslidar_driver/share/lslidar_driver/params/lidar_net_ros2/lsn10p_net.yaml
[43.704s] -- Up-to-date: /home/ubuntu/Desktop/cartographer_ws/install/lslidar_driver/share/lslidar_driver/rviz
[43.704s] -- Up-to-date: /home/ubuntu/Desktop/cartographer_ws/install/lslidar_driver/share/lslidar_driver/rviz/lslidar.rviz
[43.705s] -- Installing: /home/ubuntu/Desktop/cartographer_ws/install/lslidar_driver/lib/lslidar_driver/lslidar_driver_node
[43.712s] -- Set runtime path of "/home/ubuntu/Desktop/cartographer_ws/install/lslidar_driver/lib/lslidar_driver/lslidar_driver_node" to ""
[43.714s] -- Up-to-date: /home/ubuntu/Desktop/cartographer_ws/install/lslidar_driver/share/ament_index/resource_index/package_run_dependencies/lslidar_driver
[43.715s] -- Up-to-date: /home/ubuntu/Desktop/cartographer_ws/install/lslidar_driver/share/ament_index/resource_index/parent_prefix_path/lslidar_driver
[43.716s] -- Up-to-date: /home/ubuntu/Desktop/cartographer_ws/install/lslidar_driver/share/lslidar_driver/environment/ament_prefix_path.sh
[43.716s] -- Installing: /home/ubuntu/Desktop/cartographer_ws/install/lslidar_driver/share/lslidar_driver/environment/ament_prefix_path.dsv
[43.717s] -- Up-to-date: /home/ubuntu/Desktop/cartographer_ws/install/lslidar_driver/share/lslidar_driver/environment/path.sh
[43.717s] -- Installing: /home/ubuntu/Desktop/cartographer_ws/install/lslidar_driver/share/lslidar_driver/environment/path.dsv
[43.724s] -- Up-to-date: /home/ubuntu/Desktop/cartographer_ws/install/lslidar_driver/share/lslidar_driver/local_setup.bash
[43.724s] -- Up-to-date: /home/ubuntu/Desktop/cartographer_ws/install/lslidar_driver/share/lslidar_driver/local_setup.sh
[43.724s] -- Up-to-date: /home/ubuntu/Desktop/cartographer_ws/install/lslidar_driver/share/lslidar_driver/local_setup.zsh
[43.724s] -- Installing: /home/ubuntu/Desktop/cartographer_ws/install/lslidar_driver/share/lslidar_driver/local_setup.dsv
[43.725s] -- Installing: /home/ubuntu/Desktop/cartographer_ws/install/lslidar_driver/share/lslidar_driver/package.dsv
[43.729s] -- Up-to-date: /home/ubuntu/Desktop/cartographer_ws/install/lslidar_driver/share/ament_index/resource_index/packages/lslidar_driver
[43.733s] -- Up-to-date: /home/ubuntu/Desktop/cartographer_ws/install/lslidar_driver/share/lslidar_driver/cmake/ament_cmake_export_dependencies-extras.cmake
[43.735s] -- Up-to-date: /home/ubuntu/Desktop/cartographer_ws/install/lslidar_driver/share/lslidar_driver/cmake/ament_cmake_export_include_directories-extras.cmake
[43.736s] -- Up-to-date: /home/ubuntu/Desktop/cartographer_ws/install/lslidar_driver/share/lslidar_driver/cmake/lslidar_driverConfig.cmake
[43.737s] -- Up-to-date: /home/ubuntu/Desktop/cartographer_ws/install/lslidar_driver/share/lslidar_driver/cmake/lslidar_driverConfig-version.cmake
[43.738s] -- Up-to-date: /home/ubuntu/Desktop/cartographer_ws/install/lslidar_driver/share/lslidar_driver/package.xml
[43.738s] Invoked command in '/home/ubuntu/Desktop/cartographer_ws/build/lslidar_driver' returned '0': CMAKE_PREFIX_PATH=/home/ubuntu/Desktop/cartographer_ws/install/lslidar_msgs:/home/ubuntu/Desktop/cartographer_ws/install/my_cartographer:/home/ubuntu/Desktop/cartographer_ws/install/lslidar_driver:/home/ubuntu/Desktop/cartographer_ws/install/cartographer_ros:/home/ubuntu/Desktop/cartographer_ws/install/cartographer_ros_msgs:/home/ubuntu/Desktop/cartographer_ws/install/cartographer:/opt/ros/foxy /usr/bin/cmake --install /home/ubuntu/Desktop/cartographer_ws/build/lslidar_driver
