[0.018s] Invoking command in '/home/ubuntu/Desktop/cartographer_ws/build/my_cartographer': CMAKE_PREFIX_PATH=/home/ubuntu/Desktop/cartographer_ws/install/tf_init:/home/ubuntu/Desktop/cartographer_ws/install/imu:/opt/ros/foxy:${CMAKE_PREFIX_PATH} /usr/bin/cmake --build /home/ubuntu/Desktop/cartographer_ws/build/my_cartographer -- -j2 -l2
[0.207s] Invoked command in '/home/ubuntu/Desktop/cartographer_ws/build/my_cartographer' returned '0': CMAKE_PREFIX_PATH=/home/ubuntu/Desktop/cartographer_ws/install/tf_init:/home/ubuntu/Desktop/cartographer_ws/install/imu:/opt/ros/foxy:${CMAKE_PREFIX_PATH} /usr/bin/cmake --build /home/ubuntu/Desktop/cartographer_ws/build/my_cartographer -- -j2 -l2
[0.384s] Invoking command in '/home/ubuntu/Desktop/cartographer_ws/build/my_cartographer': CMAKE_PREFIX_PATH=/home/ubuntu/Desktop/cartographer_ws/install/tf_init:/home/ubuntu/Desktop/cartographer_ws/install/imu:/opt/ros/foxy:${CMAKE_PREFIX_PATH} /usr/bin/cmake --install /home/ubuntu/Desktop/cartographer_ws/build/my_cartographer
[0.430s] -- Install configuration: ""
[0.432s] -- Execute custom install script
[0.436s] -- Up-to-date symlink: /home/ubuntu/Desktop/cartographer_ws/install/my_cartographer/share/ament_index/resource_index/package_run_dependencies/my_cartographer
[0.439s] -- Up-to-date symlink: /home/ubuntu/Desktop/cartographer_ws/install/my_cartographer/share/ament_index/resource_index/parent_prefix_path/my_cartographer
[0.441s] -- Up-to-date symlink: /home/ubuntu/Desktop/cartographer_ws/install/my_cartographer/share/my_cartographer/environment/ament_prefix_path.sh
[0.444s] -- Up-to-date symlink: /home/ubuntu/Desktop/cartographer_ws/install/my_cartographer/share/my_cartographer/environment/ament_prefix_path.dsv
[0.445s] -- Up-to-date symlink: /home/ubuntu/Desktop/cartographer_ws/install/my_cartographer/share/my_cartographer/environment/path.sh
[0.448s] -- Up-to-date symlink: /home/ubuntu/Desktop/cartographer_ws/install/my_cartographer/share/my_cartographer/environment/path.dsv
[0.450s] -- Up-to-date symlink: /home/ubuntu/Desktop/cartographer_ws/install/my_cartographer/share/my_cartographer/local_setup.bash
[0.452s] -- Up-to-date symlink: /home/ubuntu/Desktop/cartographer_ws/install/my_cartographer/share/my_cartographer/local_setup.sh
[0.454s] -- Up-to-date symlink: /home/ubuntu/Desktop/cartographer_ws/install/my_cartographer/share/my_cartographer/local_setup.zsh
[0.458s] -- Up-to-date symlink: /home/ubuntu/Desktop/cartographer_ws/install/my_cartographer/share/my_cartographer/local_setup.dsv
[0.461s] -- Symlinking: /home/ubuntu/Desktop/cartographer_ws/install/my_cartographer/share/my_cartographer/package.dsv
[0.501s] -- Up-to-date symlink: /home/ubuntu/Desktop/cartographer_ws/install/my_cartographer/share/ament_index/resource_index/packages/my_cartographer
[0.503s] -- Up-to-date symlink: /home/ubuntu/Desktop/cartographer_ws/install/my_cartographer/share/my_cartographer/cmake/my_cartographerConfig.cmake
[0.503s] -- Up-to-date symlink: /home/ubuntu/Desktop/cartographer_ws/install/my_cartographer/share/my_cartographer/cmake/my_cartographerConfig-version.cmake
[0.503s] -- Up-to-date symlink: /home/ubuntu/Desktop/cartographer_ws/install/my_cartographer/share/my_cartographer/package.xml
[0.503s] -- Up-to-date symlink: /home/ubuntu/Desktop/cartographer_ws/install/my_cartographer/share/my_cartographer/config/my_cartogrpaher_2d.lua
[0.503s] -- Up-to-date symlink: /home/ubuntu/Desktop/cartographer_ws/install/my_cartographer/share/my_cartographer/launch/run_launch.py
[0.504s] -- Up-to-date symlink: /home/ubuntu/Desktop/cartographer_ws/install/my_cartographer/share/my_cartographer/rviz/default.rviz
[0.509s] -- Up-to-date symlink: /home/ubuntu/Desktop/cartographer_ws/install/my_cartographer/share/my_cartographer/urdf/backpack_2d.urdf
[0.521s] Invoked command in '/home/ubuntu/Desktop/cartographer_ws/build/my_cartographer' returned '0': CMAKE_PREFIX_PATH=/home/ubuntu/Desktop/cartographer_ws/install/tf_init:/home/ubuntu/Desktop/cartographer_ws/install/imu:/opt/ros/foxy:${CMAKE_PREFIX_PATH} /usr/bin/cmake --install /home/ubuntu/Desktop/cartographer_ws/build/my_cartographer
