[0.048s] Invoking command in '/home/ubuntu/Desktop/cartographer_ws/build/lslidar_driver': CMAKE_PREFIX_PATH=/home/ubuntu/Desktop/cartographer_ws/install/lslidar_msgs:/home/ubuntu/Desktop/cartographer_ws/install/my_cartographer:/home/ubuntu/Desktop/cartographer_ws/install/lslidar_driver:/home/ubuntu/Desktop/cartographer_ws/install/cartographer_ros:/home/ubuntu/Desktop/cartographer_ws/install/cartographer_ros_msgs:/home/ubuntu/Desktop/cartographer_ws/install/cartographer:/opt/ros/foxy /usr/bin/cmake /home/ubuntu/Desktop/cartographer_ws/src/lslidar_driver -DCMAKE_INSTALL_PREFIX=/home/ubuntu/Desktop/cartographer_ws/install/lslidar_driver
[0.263s] -- The C compiler identification is GNU 9.4.0
[0.453s] -- The CXX compiler identification is GNU 9.4.0
[0.471s] -- Check for working C compiler: /usr/bin/cc
[0.744s] -- Check for working C compiler: /usr/bin/cc -- works
[0.747s] -- Detecting C compiler ABI info
[0.999s] -- Detecting C compiler ABI info - done
[1.028s] -- Detecting C compile features
[1.030s] -- Detecting C compile features - done
[1.036s] -- Check for working CXX compiler: /usr/bin/c++
[1.340s] -- Check for working CXX compiler: /usr/bin/c++ -- works
[1.343s] -- Detecting CXX compiler ABI info
[1.646s] -- Detecting CXX compiler ABI info - done
[1.675s] -- Detecting CXX compile features
[1.676s] -- Detecting CXX compile features - done
[2.839s] -- Found Boost: /usr/lib/x86_64-linux-gnu/cmake/Boost-1.71.0/BoostConfig.cmake (found version "1.71.0") found components: thread 
[2.855s] -- Found rclcpp: 2.4.3 (/opt/ros/foxy/share/rclcpp/cmake)
[2.915s] -- Found PythonInterp: /usr/bin/python3 (found suitable version "3.8.10", minimum required is "3") 
[2.917s] -- Using PYTHON_EXECUTABLE: /usr/bin/python3
[3.733s] -- Using all available rosidl_typesupport_c: rosidl_typesupport_fastrtps_c;rosidl_typesupport_introspection_c
[3.755s] -- Found rosidl_adapter: 1.3.1 (/opt/ros/foxy/share/rosidl_adapter/cmake)
[4.103s] -- Found OpenSSL: /usr/lib/x86_64-linux-gnu/libcrypto.so (found version "1.1.1f")  
[4.179s] -- Found FastRTPS: /opt/ros/foxy/include  
[4.424s] -- Using all available rosidl_typesupport_cpp: rosidl_typesupport_fastrtps_cpp;rosidl_typesupport_introspection_cpp
[4.620s] -- Found rmw_implementation_cmake: 1.0.4 (/opt/ros/foxy/share/rmw_implementation_cmake/cmake)
[4.629s] -- Using RMW implementation 'rmw_fastrtps_cpp' as default
[4.635s] -- Found Threads: TRUE  
[5.182s] -- Checking for module 'eigen3'
[5.251s] --   Found eigen3, version 3.3.7
[5.433s] -- Found Eigen: /usr/include/eigen3 (Required is at least version "3.1") 
[5.434s] -- Eigen found (include: /usr/include/eigen3, version: 3.3.7)
[5.539s] -- Found Boost: /usr/include (found suitable version "1.71.0", minimum required is "1.55.0") found components: system filesystem date_time iostreams regex 
[5.587s] -- Checking for module 'flann'
[5.657s] --   Found flann, version 1.9.1
[5.862s] -- Found FLANN: /usr/lib/x86_64-linux-gnu/libflann_cpp.so  
[6.068s] -- The imported target "vtkParseOGLExt" references the file
[6.068s]    "/usr/bin/vtkParseOGLExt-7.1"
[6.068s] but this file does not exist.  Possible reasons include:
[6.068s] * The file was deleted, renamed, or moved to another location.
[6.068s] * An install or uninstall procedure did not complete successfully.
[6.068s] * The installation package was faulty and contained
[6.068s]    "/usr/lib/cmake/vtk-7.1/VTKTargets.cmake"
[6.068s] but not all the files it references.
[6.068s] 
[6.077s] -- The imported target "vtkRenderingPythonTkWidgets" references the file
[6.077s]    "/usr/lib/x86_64-linux-gnu/libvtkRenderingPythonTkWidgets.so"
[6.078s] but this file does not exist.  Possible reasons include:
[6.078s] * The file was deleted, renamed, or moved to another location.
[6.078s] * An install or uninstall procedure did not complete successfully.
[6.078s] * The installation package was faulty and contained
[6.079s]    "/usr/lib/cmake/vtk-7.1/VTKTargets.cmake"
[6.079s] but not all the files it references.
[6.079s] 
[6.085s] -- The imported target "vtk" references the file
[6.086s]    "/usr/bin/vtk"
[6.086s] but this file does not exist.  Possible reasons include:
[6.086s] * The file was deleted, renamed, or moved to another location.
[6.086s] * An install or uninstall procedure did not complete successfully.
[6.086s] * The installation package was faulty and contained
[6.087s]    "/usr/lib/cmake/vtk-7.1/VTKTargets.cmake"
[6.087s] but not all the files it references.
[6.087s] 
[6.088s] -- The imported target "pvtk" references the file
[6.088s]    "/usr/bin/pvtk"
[6.088s] but this file does not exist.  Possible reasons include:
[6.088s] * The file was deleted, renamed, or moved to another location.
[6.088s] * An install or uninstall procedure did not complete successfully.
[6.088s] * The installation package was faulty and contained
[6.089s]    "/usr/lib/cmake/vtk-7.1/VTKTargets.cmake"
[6.089s] but not all the files it references.
[6.089s] 
[6.236s] -- Checking for module 'libusb-1.0'
[6.250s] --   No package 'libusb-1.0' found
[6.259s] -- Could NOT find USB_10 (missing: USB_10_LIBRARY USB_10_INCLUDE_DIR) 
[6.260s] -- OpenNI disabled because libusb-1.0 not found.
[6.260s] ** WARNING ** io features related to openni will be disabled
[6.278s] -- Checking for module 'libusb-1.0'
[6.292s] --   No package 'libusb-1.0' found
[6.303s] -- Could NOT find USB_10 (missing: USB_10_LIBRARY USB_10_INCLUDE_DIR) 
[6.303s] -- OpenNI 2 disabled because libusb-1.0 not found.
[6.304s] ** WARNING ** io features related to openni2 will be disabled
[6.304s] ** WARNING ** io features related to pcap will be disabled
[6.304s] ** WARNING ** io features related to png will be disabled
[6.342s] ** WARNING ** io features related to libusb-1.0 will be disabled
[6.342s] -- LIBUSB_1_LIBRARY (missing: LIBUSB_1_INCLUDE_DIR) 
[6.363s] -- Checking for module 'libusb-1.0'
[6.375s] --   No package 'libusb-1.0' found
[6.385s] -- Could NOT find USB_10 (missing: USB_10_LIBRARY USB_10_INCLUDE_DIR) 
[6.386s] -- OpenNI disabled because libusb-1.0 not found.
[6.386s] ** WARNING ** visualization features related to openni will be disabled
[6.406s] -- Checking for module 'libusb-1.0'
[6.418s] --   No package 'libusb-1.0' found
[6.430s] ** WARNING ** visualization features related to openni2 will be disabled
[6.431s] -- Could NOT find USB_10 (missing: USB_10_LIBRARY USB_10_INCLUDE_DIR) 
[6.431s] -- OpenNI 2 disabled because libusb-1.0 not found.
[6.524s] -- Found Qhull: optimized;/usr/lib/x86_64-linux-gnu/libqhull.so;debug;/usr/lib/x86_64-linux-gnu/libqhull.so  
[6.524s] -- QHULL found (include: /usr/include, lib: optimized;/usr/lib/x86_64-linux-gnu/libqhull.so;debug;/usr/lib/x86_64-linux-gnu/libqhull.so)
[6.543s] -- Checking for module 'libusb-1.0'
[6.555s] --   No package 'libusb-1.0' found
[6.566s] -- Could NOT find USB_10 (missing: USB_10_LIBRARY USB_10_INCLUDE_DIR) 
[6.567s] -- OpenNI disabled because libusb-1.0 not found.
[6.567s] ** WARNING ** apps features related to openni will be disabled
[6.608s] -- looking for PCL_COMMON
[6.608s] -- Found PCL_COMMON: /usr/lib/x86_64-linux-gnu/libpcl_common.so  
[6.610s] -- looking for PCL_KDTREE
[6.613s] -- Found PCL_KDTREE: /usr/lib/x86_64-linux-gnu/libpcl_kdtree.so  
[6.614s] -- looking for PCL_OCTREE
[6.617s] -- Found PCL_OCTREE: /usr/lib/x86_64-linux-gnu/libpcl_octree.so  
[6.617s] -- looking for PCL_SEARCH
[6.621s] -- Found PCL_SEARCH: /usr/lib/x86_64-linux-gnu/libpcl_search.so  
[6.622s] -- looking for PCL_SAMPLE_CONSENSUS
[6.625s] -- Found PCL_SAMPLE_CONSENSUS: /usr/lib/x86_64-linux-gnu/libpcl_sample_consensus.so  
[6.626s] -- looking for PCL_FILTERS
[6.628s] -- Found PCL_FILTERS: /usr/lib/x86_64-linux-gnu/libpcl_filters.so  
[6.631s] -- looking for PCL_2D
[6.632s] -- Found PCL_2D: /usr/include/pcl-1.10  
[6.632s] -- looking for PCL_GEOMETRY
[6.632s] -- Found PCL_GEOMETRY: /usr/include/pcl-1.10  
[6.634s] -- looking for PCL_IO
[6.637s] -- Found PCL_IO: /usr/lib/x86_64-linux-gnu/libpcl_io.so  
[6.641s] -- looking for PCL_FEATURES
[6.641s] -- Found PCL_FEATURES: /usr/lib/x86_64-linux-gnu/libpcl_features.so  
[6.642s] -- looking for PCL_ML
[6.644s] -- Found PCL_ML: /usr/lib/x86_64-linux-gnu/libpcl_ml.so  
[6.650s] -- looking for PCL_SEGMENTATION
[6.651s] -- Found PCL_SEGMENTATION: /usr/lib/x86_64-linux-gnu/libpcl_segmentation.so  
[6.651s] -- looking for PCL_VISUALIZATION
[6.654s] -- Found PCL_VISUALIZATION: /usr/lib/x86_64-linux-gnu/libpcl_visualization.so  
[6.655s] -- looking for PCL_SURFACE
[6.657s] -- Found PCL_SURFACE: /usr/lib/x86_64-linux-gnu/libpcl_surface.so  
[6.658s] -- looking for PCL_REGISTRATION
[6.661s] -- Found PCL_REGISTRATION: /usr/lib/x86_64-linux-gnu/libpcl_registration.so  
[6.662s] -- looking for PCL_KEYPOINTS
[6.667s] -- Found PCL_KEYPOINTS: /usr/lib/x86_64-linux-gnu/libpcl_keypoints.so  
[6.668s] -- looking for PCL_TRACKING
[6.670s] -- Found PCL_TRACKING: /usr/lib/x86_64-linux-gnu/libpcl_tracking.so  
[6.672s] -- looking for PCL_RECOGNITION
[6.674s] -- Found PCL_RECOGNITION: /usr/lib/x86_64-linux-gnu/libpcl_recognition.so  
[6.676s] -- looking for PCL_STEREO
[6.678s] -- Found PCL_STEREO: /usr/lib/x86_64-linux-gnu/libpcl_stereo.so  
[6.679s] -- looking for PCL_APPS
[6.682s] -- Found PCL_APPS: /usr/lib/x86_64-linux-gnu/libpcl_apps.so  
[6.685s] -- looking for PCL_IN_HAND_SCANNER
[6.686s] -- Found PCL_IN_HAND_SCANNER: /usr/include/pcl-1.10  
[6.687s] -- looking for PCL_POINT_CLOUD_EDITOR
[6.695s] -- Found PCL_POINT_CLOUD_EDITOR: /usr/include/pcl-1.10  
[6.696s] -- looking for PCL_OUTOFCORE
[6.699s] -- Found PCL_OUTOFCORE: /usr/lib/x86_64-linux-gnu/libpcl_outofcore.so  
[6.700s] -- looking for PCL_PEOPLE
[6.702s] -- Found PCL_PEOPLE: /usr/lib/x86_64-linux-gnu/libpcl_people.so  
[6.706s] -- Found PCL: pcl_common;pcl_kdtree;pcl_octree;pcl_search;pcl_sample_consensus;pcl_filters;pcl_io;pcl_features;pcl_ml;pcl_segmentation;pcl_visualization;pcl_surface;pcl_registration;pcl_keypoints;pcl_tracking;pcl_recognition;pcl_stereo;pcl_apps;pcl_outofcore;pcl_people;/usr/lib/x86_64-linux-gnu/libboost_system.so;/usr/lib/x86_64-linux-gnu/libboost_filesystem.so;/usr/lib/x86_64-linux-gnu/libboost_date_time.so;/usr/lib/x86_64-linux-gnu/libboost_iostreams.so;/usr/lib/x86_64-linux-gnu/libboost_regex.so;optimized;/usr/lib/x86_64-linux-gnu/libqhull.so;debug;/usr/lib/x86_64-linux-gnu/libqhull.so;vtkChartsCore;vtkCommonColor;vtkCommonCore;vtksys;vtkCommonDataModel;vtkCommonMath;vtkCommonMisc;vtkCommonSystem;vtkCommonTransforms;vtkCommonExecutionModel;vtkFiltersGeneral;vtkCommonComputationalGeometry;vtkFiltersCore;vtkInfovisCore;vtkFiltersExtraction;vtkFiltersStatistics;vtkImagingFourier;vtkImagingCore;vtkalglib;vtkRenderingContext2D;vtkRenderingCore;vtkFiltersGeometry;vtkFiltersSources;vtkRenderingFreeType;/usr/lib/x86_64-linux-gnu/libfreetype.so;/usr/lib/x86_64-linux-gnu/libz.so;vtkFiltersModeling;vtkImagingSources;vtkInteractionStyle;vtkInteractionWidgets;vtkFiltersHybrid;vtkImagingColor;vtkImagingGeneral;vtkImagingHybrid;vtkIOImage;vtkDICOMParser;vtkmetaio;/usr/lib/x86_64-linux-gnu/libjpeg.so;/usr/lib/x86_64-linux-gnu/libpng.so;/usr/lib/x86_64-linux-gnu/libtiff.so;vtkRenderingAnnotation;vtkRenderingVolume;vtkIOXML;vtkIOCore;vtkIOXMLParser;/usr/lib/x86_64-linux-gnu/libexpat.so;vtkIOGeometry;vtkIOLegacy;vtkIOPLY;vtkRenderingLOD;vtkViewsContext2D;vtkViewsCore;vtkRenderingContextOpenGL2;vtkRenderingOpenGL2;FLANN::FLANN  
[6.714s] -- Found diagnostic_updater: 3.1.2 (/opt/ros/foxy/share/diagnostic_updater/cmake)
[6.941s] -- Found lslidar_msgs: 1.2.0 (/home/ubuntu/Desktop/cartographer_ws/install/lslidar_msgs/share/lslidar_msgs/cmake)
[7.043s] -- Found pluginlib: 2.5.4 (/opt/ros/foxy/share/pluginlib/cmake)
[7.194s] -- Found pcl_conversions: 2.2.1 (/opt/ros/foxy/share/pcl_conversions/cmake)
[8.433s] -- Configuring done
[8.831s] -- Generating done
[8.835s] -- Build files have been written to: /home/ubuntu/Desktop/cartographer_ws/build/lslidar_driver
[8.868s] Invoked command in '/home/ubuntu/Desktop/cartographer_ws/build/lslidar_driver' returned '0': CMAKE_PREFIX_PATH=/home/ubuntu/Desktop/cartographer_ws/install/lslidar_msgs:/home/ubuntu/Desktop/cartographer_ws/install/my_cartographer:/home/ubuntu/Desktop/cartographer_ws/install/lslidar_driver:/home/ubuntu/Desktop/cartographer_ws/install/cartographer_ros:/home/ubuntu/Desktop/cartographer_ws/install/cartographer_ros_msgs:/home/ubuntu/Desktop/cartographer_ws/install/cartographer:/opt/ros/foxy /usr/bin/cmake /home/ubuntu/Desktop/cartographer_ws/src/lslidar_driver -DCMAKE_INSTALL_PREFIX=/home/ubuntu/Desktop/cartographer_ws/install/lslidar_driver
[8.881s] Invoking command in '/home/ubuntu/Desktop/cartographer_ws/build/lslidar_driver': CMAKE_PREFIX_PATH=/home/ubuntu/Desktop/cartographer_ws/install/lslidar_msgs:/home/ubuntu/Desktop/cartographer_ws/install/my_cartographer:/home/ubuntu/Desktop/cartographer_ws/install/lslidar_driver:/home/ubuntu/Desktop/cartographer_ws/install/cartographer_ros:/home/ubuntu/Desktop/cartographer_ws/install/cartographer_ros_msgs:/home/ubuntu/Desktop/cartographer_ws/install/cartographer:/opt/ros/foxy /usr/bin/cmake --build /home/ubuntu/Desktop/cartographer_ws/build/lslidar_driver -- -j4 -l4
[9.003s] -- Found Boost: /usr/lib/x86_64-linux-gnu/cmake/Boost-1.71.0/BoostConfig.cmake (found version "1.71.0") found components: thread 
[9.014s] -- Found rclcpp: 2.4.3 (/opt/ros/foxy/share/rclcpp/cmake)
[9.074s] -- Using PYTHON_EXECUTABLE: /usr/bin/python3
[9.707s] -- Using all available rosidl_typesupport_c: rosidl_typesupport_fastrtps_c;rosidl_typesupport_introspection_c
[9.715s] -- Found rosidl_adapter: 1.3.1 (/opt/ros/foxy/share/rosidl_adapter/cmake)
[10.055s] -- Using all available rosidl_typesupport_cpp: rosidl_typesupport_fastrtps_cpp;rosidl_typesupport_introspection_cpp
[10.168s] -- Found rmw_implementation_cmake: 1.0.4 (/opt/ros/foxy/share/rmw_implementation_cmake/cmake)
[10.172s] -- Using RMW implementation 'rmw_fastrtps_cpp' as default
[10.607s] -- Eigen found (include: /usr/include/eigen3, version: 3.3.7)
[10.635s] -- Found Boost: /usr/include (found suitable version "1.71.0", minimum required is "1.55.0") found components: system filesystem date_time iostreams regex 
[10.844s] -- The imported target "vtkParseOGLExt" references the file
[10.845s]    "/usr/bin/vtkParseOGLExt-7.1"
[10.845s] but this file does not exist.  Possible reasons include:
[10.845s] * The file was deleted, renamed, or moved to another location.
[10.845s] * An install or uninstall procedure did not complete successfully.
[10.845s] * The installation package was faulty and contained
[10.846s]    "/usr/lib/cmake/vtk-7.1/VTKTargets.cmake"
[10.846s] but not all the files it references.
[10.846s] 
[10.847s] -- The imported target "vtkRenderingPythonTkWidgets" references the file
[10.848s]    "/usr/lib/x86_64-linux-gnu/libvtkRenderingPythonTkWidgets.so"
[10.848s] but this file does not exist.  Possible reasons include:
[10.848s] * The file was deleted, renamed, or moved to another location.
[10.848s] * An install or uninstall procedure did not complete successfully.
[10.848s] * The installation package was faulty and contained
[10.849s]    "/usr/lib/cmake/vtk-7.1/VTKTargets.cmake"
[10.849s] but not all the files it references.
[10.849s] 
[10.859s] -- The imported target "vtk" references the file
[10.859s]    "/usr/bin/vtk"
[10.859s] but this file does not exist.  Possible reasons include:
[10.859s] * The file was deleted, renamed, or moved to another location.
[10.860s] * An install or uninstall procedure did not complete successfully.
[10.860s] * The installation package was faulty and contained
[10.860s]    "/usr/lib/cmake/vtk-7.1/VTKTargets.cmake"
[10.860s] but not all the files it references.
[10.860s] 
[10.860s] -- The imported target "pvtk" references the file
[10.860s]    "/usr/bin/pvtk"
[10.861s] but this file does not exist.  Possible reasons include:
[10.861s] * The file was deleted, renamed, or moved to another location.
[10.861s] * An install or uninstall procedure did not complete successfully.
[10.861s] * The installation package was faulty and contained
[10.861s]    "/usr/lib/cmake/vtk-7.1/VTKTargets.cmake"
[10.861s] but not all the files it references.
[10.862s] 
[10.913s] -- Checking for module 'libusb-1.0'
[10.924s] --   No package 'libusb-1.0' found
[10.934s] -- Could NOT find USB_10 (missing: USB_10_LIBRARY USB_10_INCLUDE_DIR) 
[10.935s] -- OpenNI disabled because libusb-1.0 not found.
[10.936s] ** WARNING ** io features related to openni will be disabled
[10.954s] -- Checking for module 'libusb-1.0'
[10.971s] --   No package 'libusb-1.0' found
[10.981s] -- Could NOT find USB_10 (missing: USB_10_LIBRARY USB_10_INCLUDE_DIR) 
[10.982s] -- OpenNI 2 disabled because libusb-1.0 not found.
[10.984s] ** WARNING ** io features related to openni2 will be disabled
[10.985s] ** WARNING ** io features related to pcap will be disabled
[10.985s] ** WARNING ** io features related to png will be disabled
[11.028s] -- LIBUSB_1_LIBRARY (missing: LIBUSB_1_INCLUDE_DIR) 
[11.030s] ** WARNING ** io features related to libusb-1.0 will be disabled
[11.045s] -- Checking for module 'libusb-1.0'
[11.057s] --   No package 'libusb-1.0' found
[11.064s] -- Could NOT find USB_10 (missing: USB_10_LIBRARY USB_10_INCLUDE_DIR) 
[11.065s] -- OpenNI disabled because libusb-1.0 not found.
[11.066s] ** WARNING ** visualization features related to openni will be disabled
[11.080s] -- Checking for module 'libusb-1.0'
[11.095s] --   No package 'libusb-1.0' found
[11.107s] -- Could NOT find USB_10 (missing: USB_10_LIBRARY USB_10_INCLUDE_DIR) 
[11.109s] -- OpenNI 2 disabled because libusb-1.0 not found.
[11.109s] ** WARNING ** visualization features related to openni2 will be disabled
[11.142s] -- QHULL found (include: /usr/include, lib: optimized;/usr/lib/x86_64-linux-gnu/libqhull.so;debug;/usr/lib/x86_64-linux-gnu/libqhull.so)
[11.156s] -- Checking for module 'libusb-1.0'
[11.175s] --   No package 'libusb-1.0' found
[11.183s] -- Could NOT find USB_10 (missing: USB_10_LIBRARY USB_10_INCLUDE_DIR) 
[11.186s] -- OpenNI disabled because libusb-1.0 not found.
[11.187s] ** WARNING ** apps features related to openni will be disabled
[11.221s] -- looking for PCL_COMMON
[11.222s] -- looking for PCL_KDTREE
[11.224s] -- looking for PCL_OCTREE
[11.225s] -- looking for PCL_SEARCH
[11.227s] -- looking for PCL_SAMPLE_CONSENSUS
[11.228s] -- looking for PCL_FILTERS
[11.229s] -- looking for PCL_2D
[11.231s] -- looking for PCL_GEOMETRY
[11.233s] -- looking for PCL_IO
[11.234s] -- looking for PCL_FEATURES
[11.236s] -- looking for PCL_ML
[11.237s] -- looking for PCL_SEGMENTATION
[11.240s] -- looking for PCL_VISUALIZATION
[11.241s] -- looking for PCL_SURFACE
[11.249s] -- looking for PCL_REGISTRATION
[11.250s] -- looking for PCL_KEYPOINTS
[11.250s] -- looking for PCL_TRACKING
[11.250s] -- looking for PCL_RECOGNITION
[11.250s] -- looking for PCL_STEREO
[11.253s] -- looking for PCL_APPS
[11.254s] -- looking for PCL_IN_HAND_SCANNER
[11.254s] -- looking for PCL_POINT_CLOUD_EDITOR
[11.255s] -- looking for PCL_OUTOFCORE
[11.256s] -- looking for PCL_PEOPLE
[11.262s] -- Found diagnostic_updater: 3.1.2 (/opt/ros/foxy/share/diagnostic_updater/cmake)
[11.420s] -- Found lslidar_msgs: 1.2.0 (/home/ubuntu/Desktop/cartographer_ws/install/lslidar_msgs/share/lslidar_msgs/cmake)
[11.511s] -- Found pluginlib: 2.5.4 (/opt/ros/foxy/share/pluginlib/cmake)
[11.575s] -- Found pcl_conversions: 2.2.1 (/opt/ros/foxy/share/pcl_conversions/cmake)
[12.697s] -- Configuring done
[12.952s] -- Generating done
[12.962s] -- Build files have been written to: /home/ubuntu/Desktop/cartographer_ws/build/lslidar_driver
[13.076s] [35m[1mScanning dependencies of target lslidar_driver_node[0m
[14.211s] make[2]: Warning: File '/home/ubuntu/Desktop/cartographer_ws/src/lslidar_driver/src/lslidar_driver_node.cc' has modification time 20816 s in the future
[14.291s] [ 20%] [32mBuilding CXX object CMakeFiles/lslidar_driver_node.dir/src/lsiosr.cpp.o[0m
[14.296s] [ 40%] [32mBuilding CXX object CMakeFiles/lslidar_driver_node.dir/src/input.cc.o[0m
[14.302s] [ 60%] [32mBuilding CXX object CMakeFiles/lslidar_driver_node.dir/src/lslidar_driver_node.cc.o[0m
[14.305s] [ 80%] [32mBuilding CXX object CMakeFiles/lslidar_driver_node.dir/src/lslidar_driver.cc.o[0m
[65.560s] [100%] [32m[1mLinking CXX executable lslidar_driver_node[0m
[68.023s] make[2]: warning:  Clock skew detected.  Your build may be incomplete.
[68.065s] [100%] Built target lslidar_driver_node
[68.113s] Invoked command in '/home/ubuntu/Desktop/cartographer_ws/build/lslidar_driver' returned '0': CMAKE_PREFIX_PATH=/home/ubuntu/Desktop/cartographer_ws/install/lslidar_msgs:/home/ubuntu/Desktop/cartographer_ws/install/my_cartographer:/home/ubuntu/Desktop/cartographer_ws/install/lslidar_driver:/home/ubuntu/Desktop/cartographer_ws/install/cartographer_ros:/home/ubuntu/Desktop/cartographer_ws/install/cartographer_ros_msgs:/home/ubuntu/Desktop/cartographer_ws/install/cartographer:/opt/ros/foxy /usr/bin/cmake --build /home/ubuntu/Desktop/cartographer_ws/build/lslidar_driver -- -j4 -l4
[68.285s] Invoking command in '/home/ubuntu/Desktop/cartographer_ws/build/lslidar_driver': CMAKE_PREFIX_PATH=/home/ubuntu/Desktop/cartographer_ws/install/lslidar_msgs:/home/ubuntu/Desktop/cartographer_ws/install/my_cartographer:/home/ubuntu/Desktop/cartographer_ws/install/lslidar_driver:/home/ubuntu/Desktop/cartographer_ws/install/cartographer_ros:/home/ubuntu/Desktop/cartographer_ws/install/cartographer_ros_msgs:/home/ubuntu/Desktop/cartographer_ws/install/cartographer:/opt/ros/foxy /usr/bin/cmake --install /home/ubuntu/Desktop/cartographer_ws/build/lslidar_driver
[68.314s] -- Install configuration: ""
[68.314s] -- Installing: /home/ubuntu/Desktop/cartographer_ws/install/lslidar_driver/share/lslidar_driver/launch
[68.315s] -- Installing: /home/ubuntu/Desktop/cartographer_ws/install/lslidar_driver/share/lslidar_driver/launch/lsm10p_net_launch.py
[68.315s] -- Installing: /home/ubuntu/Desktop/cartographer_ws/install/lslidar_driver/share/lslidar_driver/launch/viewer_scan_launch.py
[68.315s] -- Installing: /home/ubuntu/Desktop/cartographer_ws/install/lslidar_driver/share/lslidar_driver/launch/lsm10_uart_launch.py
[68.316s] -- Installing: /home/ubuntu/Desktop/cartographer_ws/install/lslidar_driver/share/lslidar_driver/launch/lslidar_double_launch.py
[68.316s] -- Installing: /home/ubuntu/Desktop/cartographer_ws/install/lslidar_driver/share/lslidar_driver/launch/lsm10_net_launch.py
[68.316s] -- Installing: /home/ubuntu/Desktop/cartographer_ws/install/lslidar_driver/share/lslidar_driver/launch/lsn10p_net_launch.py
[68.317s] -- Installing: /home/ubuntu/Desktop/cartographer_ws/install/lslidar_driver/share/lslidar_driver/launch/lsm10p_uart_launch.py
[68.317s] -- Installing: /home/ubuntu/Desktop/cartographer_ws/install/lslidar_driver/share/lslidar_driver/launch/lsn10_net_launch.py
[68.317s] -- Installing: /home/ubuntu/Desktop/cartographer_ws/install/lslidar_driver/share/lslidar_driver/launch/lsn10p_launch.py
[68.317s] -- Installing: /home/ubuntu/Desktop/cartographer_ws/install/lslidar_driver/share/lslidar_driver/launch/lsn10_launch.py
[68.317s] -- Installing: /home/ubuntu/Desktop/cartographer_ws/install/lslidar_driver/share/lslidar_driver/params
[68.318s] -- Installing: /home/ubuntu/Desktop/cartographer_ws/install/lslidar_driver/share/lslidar_driver/params/lidar_uart_ros2
[68.318s] -- Installing: /home/ubuntu/Desktop/cartographer_ws/install/lslidar_driver/share/lslidar_driver/params/lidar_uart_ros2/lsn10p.yaml
[68.318s] -- Installing: /home/ubuntu/Desktop/cartographer_ws/install/lslidar_driver/share/lslidar_driver/params/lidar_uart_ros2/lsn10.yaml
[68.318s] -- Installing: /home/ubuntu/Desktop/cartographer_ws/install/lslidar_driver/share/lslidar_driver/params/lidar_uart_ros2/lsm10_p.yaml
[68.318s] -- Installing: /home/ubuntu/Desktop/cartographer_ws/install/lslidar_driver/share/lslidar_driver/params/lidar_uart_ros2/lsm10.yaml
[68.319s] -- Installing: /home/ubuntu/Desktop/cartographer_ws/install/lslidar_driver/share/lslidar_driver/params/lidar_net_ros2
[68.319s] -- Installing: /home/ubuntu/Desktop/cartographer_ws/install/lslidar_driver/share/lslidar_driver/params/lidar_net_ros2/lsm10p_net.yaml
[68.319s] -- Installing: /home/ubuntu/Desktop/cartographer_ws/install/lslidar_driver/share/lslidar_driver/params/lidar_net_ros2/lsn10_net.yaml
[68.319s] -- Installing: /home/ubuntu/Desktop/cartographer_ws/install/lslidar_driver/share/lslidar_driver/params/lidar_net_ros2/lsm10_net.yaml
[68.320s] -- Installing: /home/ubuntu/Desktop/cartographer_ws/install/lslidar_driver/share/lslidar_driver/params/lidar_net_ros2/lsn10p_net.yaml
[68.320s] -- Installing: /home/ubuntu/Desktop/cartographer_ws/install/lslidar_driver/share/lslidar_driver/rviz
[68.320s] -- Installing: /home/ubuntu/Desktop/cartographer_ws/install/lslidar_driver/share/lslidar_driver/rviz/lslidar.rviz
[68.320s] -- Installing: /home/ubuntu/Desktop/cartographer_ws/install/lslidar_driver/lib/lslidar_driver/lslidar_driver_node
[68.334s] -- Set runtime path of "/home/ubuntu/Desktop/cartographer_ws/install/lslidar_driver/lib/lslidar_driver/lslidar_driver_node" to ""
[68.335s] -- Installing: /home/ubuntu/Desktop/cartographer_ws/install/lslidar_driver/share/ament_index/resource_index/package_run_dependencies/lslidar_driver
[68.335s] -- Installing: /home/ubuntu/Desktop/cartographer_ws/install/lslidar_driver/share/ament_index/resource_index/parent_prefix_path/lslidar_driver
[68.336s] -- Installing: /home/ubuntu/Desktop/cartographer_ws/install/lslidar_driver/share/lslidar_driver/environment/ament_prefix_path.sh
[68.336s] -- Installing: /home/ubuntu/Desktop/cartographer_ws/install/lslidar_driver/share/lslidar_driver/environment/ament_prefix_path.dsv
[68.336s] -- Installing: /home/ubuntu/Desktop/cartographer_ws/install/lslidar_driver/share/lslidar_driver/environment/path.sh
[68.336s] -- Installing: /home/ubuntu/Desktop/cartographer_ws/install/lslidar_driver/share/lslidar_driver/environment/path.dsv
[68.337s] -- Installing: /home/ubuntu/Desktop/cartographer_ws/install/lslidar_driver/share/lslidar_driver/local_setup.bash
[68.337s] -- Installing: /home/ubuntu/Desktop/cartographer_ws/install/lslidar_driver/share/lslidar_driver/local_setup.sh
[68.337s] -- Installing: /home/ubuntu/Desktop/cartographer_ws/install/lslidar_driver/share/lslidar_driver/local_setup.zsh
[68.337s] -- Installing: /home/ubuntu/Desktop/cartographer_ws/install/lslidar_driver/share/lslidar_driver/local_setup.dsv
[68.338s] -- Installing: /home/ubuntu/Desktop/cartographer_ws/install/lslidar_driver/share/lslidar_driver/package.dsv
[68.338s] -- Installing: /home/ubuntu/Desktop/cartographer_ws/install/lslidar_driver/share/ament_index/resource_index/packages/lslidar_driver
[68.338s] -- Installing: /home/ubuntu/Desktop/cartographer_ws/install/lslidar_driver/share/lslidar_driver/cmake/ament_cmake_export_dependencies-extras.cmake
[68.339s] -- Installing: /home/ubuntu/Desktop/cartographer_ws/install/lslidar_driver/share/lslidar_driver/cmake/ament_cmake_export_include_directories-extras.cmake
[68.339s] -- Installing: /home/ubuntu/Desktop/cartographer_ws/install/lslidar_driver/share/lslidar_driver/cmake/lslidar_driverConfig.cmake
[68.340s] -- Installing: /home/ubuntu/Desktop/cartographer_ws/install/lslidar_driver/share/lslidar_driver/cmake/lslidar_driverConfig-version.cmake
[68.340s] -- Installing: /home/ubuntu/Desktop/cartographer_ws/install/lslidar_driver/share/lslidar_driver/package.xml
[68.362s] Invoked command in '/home/ubuntu/Desktop/cartographer_ws/build/lslidar_driver' returned '0': CMAKE_PREFIX_PATH=/home/ubuntu/Desktop/cartographer_ws/install/lslidar_msgs:/home/ubuntu/Desktop/cartographer_ws/install/my_cartographer:/home/ubuntu/Desktop/cartographer_ws/install/lslidar_driver:/home/ubuntu/Desktop/cartographer_ws/install/cartographer_ros:/home/ubuntu/Desktop/cartographer_ws/install/cartographer_ros_msgs:/home/ubuntu/Desktop/cartographer_ws/install/cartographer:/opt/ros/foxy /usr/bin/cmake --install /home/ubuntu/Desktop/cartographer_ws/build/lslidar_driver
