[0.029s] Invoking command in '/home/jetson/Desktop/cartographer_ws/build/lslidar_driver': CMAKE_PREFIX_PATH=${CMAKE_PREFIX_PATH}:/opt/ros/foxy LD_LIBRARY_PATH=/home/jetson/Desktop/cartographer_ws/install/lslidar_msgs/lib:/usr/local/cuda/lib64:/opt/ros/foxy/opt/yaml_cpp_vendor/lib:/opt/ros/foxy/opt/rviz_ogre_vendor/lib:/opt/ros/foxy/lib/aarch64-linux-gnu:/opt/ros/foxy/lib:/usr/local/cuda/lib64 /usr/bin/cmake --build /home/jetson/Desktop/cartographer_ws/build/lslidar_driver -- -j6 -l6
[0.201s] [ 40%] [32mBuilding CXX object CMakeFiles/lslidar_driver_node.dir/src/lslidar_driver_node.cc.o[0m
[0.201s] [ 40%] [32mBuilding CXX object CMakeFiles/lslidar_driver_node.dir/src/lslidar_driver.cc.o[0m
[30.903s] [ 60%] [32m[1mLinking CXX executable lslidar_driver_node[0m
[32.806s] [100%] Built target lslidar_driver_node
[32.848s] Invoked command in '/home/jetson/Desktop/cartographer_ws/build/lslidar_driver' returned '0': CMAKE_PREFIX_PATH=${CMAKE_PREFIX_PATH}:/opt/ros/foxy LD_LIBRARY_PATH=/home/jetson/Desktop/cartographer_ws/install/lslidar_msgs/lib:/usr/local/cuda/lib64:/opt/ros/foxy/opt/yaml_cpp_vendor/lib:/opt/ros/foxy/opt/rviz_ogre_vendor/lib:/opt/ros/foxy/lib/aarch64-linux-gnu:/opt/ros/foxy/lib:/usr/local/cuda/lib64 /usr/bin/cmake --build /home/jetson/Desktop/cartographer_ws/build/lslidar_driver -- -j6 -l6
[32.919s] Invoking command in '/home/jetson/Desktop/cartographer_ws/build/lslidar_driver': CMAKE_PREFIX_PATH=${CMAKE_PREFIX_PATH}:/opt/ros/foxy LD_LIBRARY_PATH=/home/jetson/Desktop/cartographer_ws/install/lslidar_msgs/lib:/usr/local/cuda/lib64:/opt/ros/foxy/opt/yaml_cpp_vendor/lib:/opt/ros/foxy/opt/rviz_ogre_vendor/lib:/opt/ros/foxy/lib/aarch64-linux-gnu:/opt/ros/foxy/lib:/usr/local/cuda/lib64 /usr/bin/cmake --install /home/jetson/Desktop/cartographer_ws/build/lslidar_driver
[32.941s] -- Install configuration: ""
[32.942s] -- Installing: /home/jetson/Desktop/cartographer_ws/install/lslidar_driver/share/lslidar_driver/launch
[32.942s] -- Installing: /home/jetson/Desktop/cartographer_ws/install/lslidar_driver/share/lslidar_driver/launch/lsn10p_launch.py
[32.942s] -- Installing: /home/jetson/Desktop/cartographer_ws/install/lslidar_driver/share/lslidar_driver/launch/viewer_scan_launch.py
[32.942s] -- Installing: /home/jetson/Desktop/cartographer_ws/install/lslidar_driver/share/lslidar_driver/launch/lsn10_launch.py
[32.943s] -- Installing: /home/jetson/Desktop/cartographer_ws/install/lslidar_driver/share/lslidar_driver/launch/lsn10_net_launch.py
[32.943s] -- Installing: /home/jetson/Desktop/cartographer_ws/install/lslidar_driver/share/lslidar_driver/launch/lsm10_uart_launch.py
[32.943s] -- Installing: /home/jetson/Desktop/cartographer_ws/install/lslidar_driver/share/lslidar_driver/launch/lsm10p_net_launch.py
[32.943s] -- Installing: /home/jetson/Desktop/cartographer_ws/install/lslidar_driver/share/lslidar_driver/launch/lsm10_net_launch.py
[32.944s] -- Installing: /home/jetson/Desktop/cartographer_ws/install/lslidar_driver/share/lslidar_driver/launch/lslidar_double_launch.py
[32.944s] -- Installing: /home/jetson/Desktop/cartographer_ws/install/lslidar_driver/share/lslidar_driver/launch/lsn10p_net_launch.py
[32.944s] -- Installing: /home/jetson/Desktop/cartographer_ws/install/lslidar_driver/share/lslidar_driver/launch/lsm10p_uart_launch.py
[32.944s] -- Installing: /home/jetson/Desktop/cartographer_ws/install/lslidar_driver/share/lslidar_driver/params
[32.945s] -- Installing: /home/jetson/Desktop/cartographer_ws/install/lslidar_driver/share/lslidar_driver/params/lidar_net_ros2
[32.945s] -- Installing: /home/jetson/Desktop/cartographer_ws/install/lslidar_driver/share/lslidar_driver/params/lidar_net_ros2/lsm10_net.yaml
[32.945s] -- Installing: /home/jetson/Desktop/cartographer_ws/install/lslidar_driver/share/lslidar_driver/params/lidar_net_ros2/lsm10p_net.yaml
[32.945s] -- Installing: /home/jetson/Desktop/cartographer_ws/install/lslidar_driver/share/lslidar_driver/params/lidar_net_ros2/lsn10_net.yaml
[32.946s] -- Installing: /home/jetson/Desktop/cartographer_ws/install/lslidar_driver/share/lslidar_driver/params/lidar_net_ros2/lsn10p_net.yaml
[32.946s] -- Installing: /home/jetson/Desktop/cartographer_ws/install/lslidar_driver/share/lslidar_driver/params/lidar_uart_ros2
[32.946s] -- Installing: /home/jetson/Desktop/cartographer_ws/install/lslidar_driver/share/lslidar_driver/params/lidar_uart_ros2/lsm10.yaml
[32.946s] -- Installing: /home/jetson/Desktop/cartographer_ws/install/lslidar_driver/share/lslidar_driver/params/lidar_uart_ros2/lsm10_p.yaml
[32.947s] -- Installing: /home/jetson/Desktop/cartographer_ws/install/lslidar_driver/share/lslidar_driver/params/lidar_uart_ros2/lsn10.yaml
[32.947s] -- Installing: /home/jetson/Desktop/cartographer_ws/install/lslidar_driver/share/lslidar_driver/params/lidar_uart_ros2/lsn10p.yaml
[32.947s] -- Installing: /home/jetson/Desktop/cartographer_ws/install/lslidar_driver/share/lslidar_driver/rviz
[32.947s] -- Installing: /home/jetson/Desktop/cartographer_ws/install/lslidar_driver/share/lslidar_driver/rviz/lslidar.rviz
[32.948s] -- Installing: /home/jetson/Desktop/cartographer_ws/install/lslidar_driver/lib/lslidar_driver/lslidar_driver_node
[32.955s] -- Set runtime path of "/home/jetson/Desktop/cartographer_ws/install/lslidar_driver/lib/lslidar_driver/lslidar_driver_node" to ""
[32.956s] -- Installing: /home/jetson/Desktop/cartographer_ws/install/lslidar_driver/share/ament_index/resource_index/package_run_dependencies/lslidar_driver
[32.957s] -- Installing: /home/jetson/Desktop/cartographer_ws/install/lslidar_driver/share/ament_index/resource_index/parent_prefix_path/lslidar_driver
[32.958s] -- Installing: /home/jetson/Desktop/cartographer_ws/install/lslidar_driver/share/lslidar_driver/environment/ament_prefix_path.sh
[32.959s] -- Installing: /home/jetson/Desktop/cartographer_ws/install/lslidar_driver/share/lslidar_driver/environment/ament_prefix_path.dsv
[32.959s] -- Installing: /home/jetson/Desktop/cartographer_ws/install/lslidar_driver/share/lslidar_driver/environment/path.sh
[32.959s] -- Installing: /home/jetson/Desktop/cartographer_ws/install/lslidar_driver/share/lslidar_driver/environment/path.dsv
[32.960s] -- Installing: /home/jetson/Desktop/cartographer_ws/install/lslidar_driver/share/lslidar_driver/local_setup.bash
[32.960s] -- Installing: /home/jetson/Desktop/cartographer_ws/install/lslidar_driver/share/lslidar_driver/local_setup.sh
[32.961s] -- Installing: /home/jetson/Desktop/cartographer_ws/install/lslidar_driver/share/lslidar_driver/local_setup.zsh
[32.961s] -- Installing: /home/jetson/Desktop/cartographer_ws/install/lslidar_driver/share/lslidar_driver/local_setup.dsv
[32.961s] -- Installing: /home/jetson/Desktop/cartographer_ws/install/lslidar_driver/share/lslidar_driver/package.dsv
[32.962s] -- Installing: /home/jetson/Desktop/cartographer_ws/install/lslidar_driver/share/ament_index/resource_index/packages/lslidar_driver
[32.962s] -- Installing: /home/jetson/Desktop/cartographer_ws/install/lslidar_driver/share/lslidar_driver/cmake/ament_cmake_export_dependencies-extras.cmake
[32.963s] -- Installing: /home/jetson/Desktop/cartographer_ws/install/lslidar_driver/share/lslidar_driver/cmake/ament_cmake_export_include_directories-extras.cmake
[32.963s] -- Installing: /home/jetson/Desktop/cartographer_ws/install/lslidar_driver/share/lslidar_driver/cmake/lslidar_driverConfig.cmake
[32.964s] -- Installing: /home/jetson/Desktop/cartographer_ws/install/lslidar_driver/share/lslidar_driver/cmake/lslidar_driverConfig-version.cmake
[32.964s] -- Installing: /home/jetson/Desktop/cartographer_ws/install/lslidar_driver/share/lslidar_driver/package.xml
[32.973s] Invoked command in '/home/jetson/Desktop/cartographer_ws/build/lslidar_driver' returned '0': CMAKE_PREFIX_PATH=${CMAKE_PREFIX_PATH}:/opt/ros/foxy LD_LIBRARY_PATH=/home/jetson/Desktop/cartographer_ws/install/lslidar_msgs/lib:/usr/local/cuda/lib64:/opt/ros/foxy/opt/yaml_cpp_vendor/lib:/opt/ros/foxy/opt/rviz_ogre_vendor/lib:/opt/ros/foxy/lib/aarch64-linux-gnu:/opt/ros/foxy/lib:/usr/local/cuda/lib64 /usr/bin/cmake --install /home/jetson/Desktop/cartographer_ws/build/lslidar_driver
