[0.111s] Invoking command in '/home/ubuntu/Desktop/cartographer_ws/build/cartographer': CMAKE_PREFIX_PATH=/home/ubuntu/Desktop/cartographer_ws/install/tf_init:/home/ubuntu/Desktop/cartographer_ws/install/imu:/opt/ros/foxy:${CMAKE_PREFIX_PATH} /usr/bin/cmake --build /home/ubuntu/Desktop/cartographer_ws/build/cartographer -- -j2 -l2
[0.786s] [  1%] Built target gtest
[1.266s] [  1%] Built target cartographer_detect_changes
[1.612s] [  1%] [34m[1mBuilding documentation.[0m
[2.083s] [ 54%] Built target cartographer
[2.315s] [ 55%] Built target cartographer_test_library
[2.506s] [ 56%] Built target gmock
[2.843s] [ 56%] Built target cartographer_compute_relations_metrics
[3.134s] [ 57%] Built target cartographer_migrate_serialization_format
[3.346s] [ 58%] Built target cartographer_autogenerate_ground_truth
[3.557s] [ 58%] Built target gmock_main
[3.828s] [ 58%] Built target cartographer.transform.transform_test
[4.165s] [ 58%] Built target cartographer.sensor.range_data_test
[4.191s] [01mRunning Sphinx v1.8.5[39;49;00m
[4.446s] [ 58%] Built target cartographer.sensor.internal.voxel_filter_test
[4.670s] [ 59%] Built target cartographer.mapping.pose_graph_test
[4.917s] [ 60%] Built target cartographer.mapping.3d.range_data_inserter_3d_test
[5.214s] [ 61%] Built target cartographer.mapping.2d.probability_grid_test
[5.518s] [ 62%] Built target cartographer.sensor.landmark_data_test
[5.821s] [01mloading pickled environment... [39;49;00mdone
[5.822s] [ 63%] Built target cartographer.mapping.3d.hybrid_grid_test
[5.850s] [01mbuilding [mo]: [39;49;00mtargets for 0 po files that are out of date
[5.872s] [01mbuilding [html][39;49;00m: targets for 0 source files that are out of date
[5.880s] [01mupdating environment: [39;49;00m0 added, 0 changed, 0 removed
[5.884s] [01mlooking for now-outdated files... [39;49;00mnone found
[5.884s] [01mno targets are out of date.[39;49;00m
[5.885s] [01mbuild succeeded.[39;49;00m
[5.885s] 
[5.885s] The HTML pages are in html.
[5.987s] [ 64%] Built target cartographer.io.points_processor_pipeline_builder_test
[6.203s] [ 65%] Built target cartographer.common.fixed_ratio_sampler_test
[6.231s] [ 65%] Built target build_doc
[6.346s] [ 66%] Built target cartographer.common.rate_timer_test
[6.483s] [ 67%] Built target cartographer.io.serialization_format_migration_test
[6.584s] [ 67%] Built target cartographer.mapping.2d.map_limits_test
[6.648s] [ 67%] Built target cartographer.mapping.trajectory_node_test
[6.834s] [ 68%] Built target cartographer.mapping.submaps_test
[6.852s] [ 68%] Built target cartographer.mapping.3d.submap_3d_test
[7.015s] [ 68%] Built target cartographer.io.proto_stream_deserializer_test
[7.017s] [ 69%] Built target cartographer.mapping.internal.constraints.constraint_builder_3d_test
[7.203s] [ 70%] Built target cartographer.common.lockless_queue_test
[7.294s] [ 70%] Built target cartographer.mapping.2d.range_data_inserter_2d_test
[7.426s] [ 70%] Built target cartographer.mapping.internal.2d.scan_matching.ceres_scan_matcher_2d_test
[7.614s] [ 71%] Built target cartographer.common.blocking_queue_test
[7.808s] [ 72%] Built target cartographer.mapping.internal.motion_filter_test
[8.086s] [ 73%] Built target cartographer.sensor.point_cloud_test
[8.334s] [ 73%] Built target cartographer.mapping.internal.optimization.cost_functions.spa_cost_function_2d_test
[8.490s] [ 74%] Built target cartographer.io.proto_stream_test
[8.715s] [ 75%] Built target cartographer.transform.transform_interpolation_buffer_test
[8.880s] [ 75%] Built target cartographer.common.lua_parameter_dictionary_test
[9.074s] [ 76%] Built target cartographer.io.fake_file_writer_test
[9.306s] [ 77%] Built target cartographer.mapping.internal.3d.scan_matching.ceres_scan_matcher_3d_test
[9.474s] [ 78%] Built target cartographer.common.math_test
[9.605s] [ 78%] Built target cartographer.io.internal.in_memory_proto_stream_test
[9.799s] [ 78%] Built target cartographer.mapping.internal.3d.scan_matching.fast_correlative_scan_matcher_3d_test
[9.974s] [ 78%] Built target cartographer.common.optional_test
[10.150s] [ 79%] Built target cartographer.mapping.id_test
[10.367s] [ 80%] Built target cartographer.mapping.2d.submap_2d_test
[10.596s] [ 81%] Built target cartographer.mapping.internal.2d.overlapping_submaps_trimmer_2d_test
[10.837s] [ 82%] Built target cartographer.mapping.internal.optimization.optimization_problem_3d_test
[11.044s] [ 82%] Built target cartographer.common.configuration_files_test
[11.173s] [ 83%] Built target cartographer.mapping.internal.2d.scan_matching.correlative_scan_matcher_test
[11.362s] [ 84%] Built target cartographer.common.thread_pool_test
[11.619s] [ 85%] Built target cartographer.mapping.internal.2d.pose_graph_2d_test
[11.826s] [ 85%] Built target cartographer.mapping.internal.3d.pose_graph_3d_test
[12.062s] [ 85%] Built target cartographer.mapping.pose_graph_trimmer_test
[12.251s] [ 86%] Built target cartographer.mapping.internal.2d.scan_matching.real_time_correlative_scan_matcher_2d_test
[12.509s] [ 86%] Built target cartographer.mapping.internal.range_data_collator_test
[12.662s] [ 87%] Built target cartographer.mapping.internal.3d.local_trajectory_builder_3d_test
[12.900s] [ 88%] Built target cartographer.mapping.internal.3d.scan_matching.rotation_delta_cost_functor_3d_test
[13.165s] [ 89%] Built target cartographer.mapping.internal.3d.scan_matching.interpolated_grid_test
[13.447s] [ 90%] Built target cartographer.mapping.internal.3d.scan_matching.real_time_correlative_scan_matcher_3d_test
[13.717s] [ 91%] Built target cartographer.sensor.internal.trajectory_collator_test
[13.951s] [ 91%] Built target cartographer.mapping.internal.3d.scan_matching.precomputation_grid_3d_test
[14.163s] [ 92%] Built target cartographer.mapping.probability_values_test
[14.447s] [ 93%] Built target cartographer.mapping.map_builder_test
[14.608s] [ 93%] Built target cartographer.sensor.map_by_time_test
[14.812s] [ 94%] Built target cartographer.sensor.internal.ordered_multi_queue_test
[15.040s] [ 94%] Built target cartographer.mapping.internal.3d.scan_matching.rotational_scan_matcher_test
[15.355s] [ 95%] Built target cartographer.sensor.compressed_point_cloud_test
[15.608s] [ 96%] Built target cartographer.mapping.internal.connected_components_test
[15.814s] [ 96%] Built target cartographer.mapping.internal.2d.scan_matching.fast_correlative_scan_matcher_2d_test
[16.012s] [ 96%] Built target cartographer.mapping.internal.constraints.constraint_builder_2d_test
[16.245s] [ 97%] Built target cartographer.transform.rigid_transform_test
[16.461s] [ 97%] Built target cartographer.common.task_test
[16.658s] [ 97%] Built target cartographer.mapping.imu_tracker_test
[16.890s] [ 97%] Built target cartographer.mapping.internal.optimization.cost_functions.landmark_cost_function_2d_test
[17.120s] [ 97%] Built target cartographer.sensor.internal.collator_test
[17.326s] [ 97%] Built target cartographer.mapping.2d.xy_index_test
[17.593s] [ 98%] Built target cartographer.mapping.internal.optimization.cost_functions.landmark_cost_function_3d_test
[17.798s] [100%] Built target cartographer.mapping.internal.trajectory_connectivity_state_test
[18.143s] [100%] Built target cartographer.mapping.pose_extrapolator_test
[18.243s] Invoked command in '/home/ubuntu/Desktop/cartographer_ws/build/cartographer' returned '0': CMAKE_PREFIX_PATH=/home/ubuntu/Desktop/cartographer_ws/install/tf_init:/home/ubuntu/Desktop/cartographer_ws/install/imu:/opt/ros/foxy:${CMAKE_PREFIX_PATH} /usr/bin/cmake --build /home/ubuntu/Desktop/cartographer_ws/build/cartographer -- -j2 -l2
[26.371s] Invoking command in '/home/ubuntu/Desktop/cartographer_ws/build/cartographer': CMAKE_PREFIX_PATH=/home/ubuntu/Desktop/cartographer_ws/install/tf_init:/home/ubuntu/Desktop/cartographer_ws/install/imu:/opt/ros/foxy:${CMAKE_PREFIX_PATH} /usr/bin/cmake --install /home/ubuntu/Desktop/cartographer_ws/build/cartographer
[26.473s] -- Install configuration: "Release"
[26.474s] -- Up-to-date: /home/ubuntu/Desktop/cartographer_ws/install/cartographer/share/cartographer/package.xml
[26.474s] -- Up-to-date: /home/ubuntu/Desktop/cartographer_ws/install/cartographer/share/cartographer//configuration_files
[26.475s] -- Up-to-date: /home/ubuntu/Desktop/cartographer_ws/install/cartographer/share/cartographer//configuration_files/trajectory_builder_3d.lua
[26.476s] -- Up-to-date: /home/ubuntu/Desktop/cartographer_ws/install/cartographer/share/cartographer//configuration_files/map_builder.lua
[26.476s] -- Up-to-date: /home/ubuntu/Desktop/cartographer_ws/install/cartographer/share/cartographer//configuration_files/pose_graph.lua
[26.476s] -- Up-to-date: /home/ubuntu/Desktop/cartographer_ws/install/cartographer/share/cartographer//configuration_files/trajectory_builder.lua
[26.476s] -- Up-to-date: /home/ubuntu/Desktop/cartographer_ws/install/cartographer/share/cartographer//configuration_files/trajectory_builder_2d.lua
[26.476s] -- Up-to-date: /home/ubuntu/Desktop/cartographer_ws/install/cartographer/share/cartographer//configuration_files/map_builder_server.lua
[26.477s] -- Up-to-date: /home/ubuntu/Desktop/cartographer_ws/install/cartographer/share/cartographer//cmake
[26.477s] -- Up-to-date: /home/ubuntu/Desktop/cartographer_ws/install/cartographer/share/cartographer//cmake/functions.cmake
[26.477s] -- Up-to-date: /home/ubuntu/Desktop/cartographer_ws/install/cartographer/share/cartographer//cmake/modules
[26.477s] -- Up-to-date: /home/ubuntu/Desktop/cartographer_ws/install/cartographer/share/cartographer//cmake/modules/FindGMock.cmake
[26.477s] -- Up-to-date: /home/ubuntu/Desktop/cartographer_ws/install/cartographer/share/cartographer//cmake/modules/FindLuaGoogle.cmake
[26.490s] -- Up-to-date: /home/ubuntu/Desktop/cartographer_ws/install/cartographer/share/cartographer//cmake/modules/FindSphinx.cmake
[26.494s] -- Up-to-date: /home/ubuntu/Desktop/cartographer_ws/install/cartographer/bin/cartographer_autogenerate_ground_truth
[26.498s] -- Up-to-date: /home/ubuntu/Desktop/cartographer_ws/install/cartographer/bin/cartographer_compute_relations_metrics
[26.503s] -- Up-to-date: /home/ubuntu/Desktop/cartographer_ws/install/cartographer/bin/cartographer_migrate_serialization_format
[26.504s] -- Up-to-date: /home/ubuntu/Desktop/cartographer_ws/install/cartographer/lib/libcartographer.a
[26.504s] -- Up-to-date: /home/ubuntu/Desktop/cartographer_ws/install/cartographer/include/cartographer/common/blocking_queue.h
[26.504s] -- Up-to-date: /home/ubuntu/Desktop/cartographer_ws/install/cartographer/include/cartographer/common/ceres_solver_options.h
[26.504s] -- Up-to-date: /home/ubuntu/Desktop/cartographer_ws/install/cartographer/include/cartographer/common/configuration_file_resolver.h
[26.506s] -- Up-to-date: /home/ubuntu/Desktop/cartographer_ws/install/cartographer/include/cartographer/common/fixed_ratio_sampler.h
[26.506s] -- Up-to-date: /home/ubuntu/Desktop/cartographer_ws/install/cartographer/include/cartographer/common/histogram.h
[26.506s] -- Up-to-date: /home/ubuntu/Desktop/cartographer_ws/install/cartographer/include/cartographer/common/lockless_queue.h
[26.506s] -- Up-to-date: /home/ubuntu/Desktop/cartographer_ws/install/cartographer/include/cartographer/common/lua.h
[26.506s] -- Up-to-date: /home/ubuntu/Desktop/cartographer_ws/install/cartographer/include/cartographer/common/lua_parameter_dictionary.h
[26.507s] -- Up-to-date: /home/ubuntu/Desktop/cartographer_ws/install/cartographer/include/cartographer/common/make_unique.h
[26.514s] -- Up-to-date: /home/ubuntu/Desktop/cartographer_ws/install/cartographer/include/cartographer/common/math.h
[26.514s] -- Up-to-date: /home/ubuntu/Desktop/cartographer_ws/install/cartographer/include/cartographer/common/mutex.h
[26.514s] -- Up-to-date: /home/ubuntu/Desktop/cartographer_ws/install/cartographer/include/cartographer/common/optional.h
[26.514s] -- Up-to-date: /home/ubuntu/Desktop/cartographer_ws/install/cartographer/include/cartographer/common/port.h
[26.515s] -- Up-to-date: /home/ubuntu/Desktop/cartographer_ws/install/cartographer/include/cartographer/common/rate_timer.h
[26.515s] -- Up-to-date: /home/ubuntu/Desktop/cartographer_ws/install/cartographer/include/cartographer/common/task.h
[26.515s] -- Up-to-date: /home/ubuntu/Desktop/cartographer_ws/install/cartographer/include/cartographer/common/thread_pool.h
[26.515s] -- Up-to-date: /home/ubuntu/Desktop/cartographer_ws/install/cartographer/include/cartographer/common/time.h
[26.515s] -- Up-to-date: /home/ubuntu/Desktop/cartographer_ws/install/cartographer/include/cartographer/ground_truth/relations_text_file.h
[26.515s] -- Up-to-date: /home/ubuntu/Desktop/cartographer_ws/install/cartographer/include/cartographer/io/color.h
[26.516s] -- Up-to-date: /home/ubuntu/Desktop/cartographer_ws/install/cartographer/include/cartographer/io/coloring_points_processor.h
[26.516s] -- Up-to-date: /home/ubuntu/Desktop/cartographer_ws/install/cartographer/include/cartographer/io/counting_points_processor.h
[26.516s] -- Up-to-date: /home/ubuntu/Desktop/cartographer_ws/install/cartographer/include/cartographer/io/draw_trajectories.h
[26.516s] -- Up-to-date: /home/ubuntu/Desktop/cartographer_ws/install/cartographer/include/cartographer/io/file_writer.h
[26.516s] -- Up-to-date: /home/ubuntu/Desktop/cartographer_ws/install/cartographer/include/cartographer/io/fixed_ratio_sampling_points_processor.h
[26.516s] -- Up-to-date: /home/ubuntu/Desktop/cartographer_ws/install/cartographer/include/cartographer/io/frame_id_filtering_points_processor.h
[26.517s] -- Up-to-date: /home/ubuntu/Desktop/cartographer_ws/install/cartographer/include/cartographer/io/hybrid_grid_points_processor.h
[26.517s] -- Up-to-date: /home/ubuntu/Desktop/cartographer_ws/install/cartographer/include/cartographer/io/image.h
[26.517s] -- Up-to-date: /home/ubuntu/Desktop/cartographer_ws/install/cartographer/include/cartographer/io/intensity_to_color_points_processor.h
[26.523s] -- Up-to-date: /home/ubuntu/Desktop/cartographer_ws/install/cartographer/include/cartographer/io/min_max_range_filtering_points_processor.h
[26.524s] -- Up-to-date: /home/ubuntu/Desktop/cartographer_ws/install/cartographer/include/cartographer/io/null_points_processor.h
[26.524s] -- Up-to-date: /home/ubuntu/Desktop/cartographer_ws/install/cartographer/include/cartographer/io/outlier_removing_points_processor.h
[26.524s] -- Up-to-date: /home/ubuntu/Desktop/cartographer_ws/install/cartographer/include/cartographer/io/pcd_writing_points_processor.h
[26.524s] -- Up-to-date: /home/ubuntu/Desktop/cartographer_ws/install/cartographer/include/cartographer/io/ply_writing_points_processor.h
[26.530s] -- Up-to-date: /home/ubuntu/Desktop/cartographer_ws/install/cartographer/include/cartographer/io/points_batch.h
[26.531s] -- Up-to-date: /home/ubuntu/Desktop/cartographer_ws/install/cartographer/include/cartographer/io/points_processor.h
[26.532s] -- Up-to-date: /home/ubuntu/Desktop/cartographer_ws/install/cartographer/include/cartographer/io/points_processor_pipeline_builder.h
[26.532s] -- Up-to-date: /home/ubuntu/Desktop/cartographer_ws/install/cartographer/include/cartographer/io/probability_grid_points_processor.h
[26.532s] -- Up-to-date: /home/ubuntu/Desktop/cartographer_ws/install/cartographer/include/cartographer/io/proto_stream.h
[26.532s] -- Up-to-date: /home/ubuntu/Desktop/cartographer_ws/install/cartographer/include/cartographer/io/proto_stream_deserializer.h
[26.532s] -- Up-to-date: /home/ubuntu/Desktop/cartographer_ws/install/cartographer/include/cartographer/io/proto_stream_interface.h
[26.533s] -- Up-to-date: /home/ubuntu/Desktop/cartographer_ws/install/cartographer/include/cartographer/io/serialization_format_migration.h
[26.533s] -- Up-to-date: /home/ubuntu/Desktop/cartographer_ws/install/cartographer/include/cartographer/io/submap_painter.h
[26.533s] -- Up-to-date: /home/ubuntu/Desktop/cartographer_ws/install/cartographer/include/cartographer/io/xray_points_processor.h
[26.533s] -- Up-to-date: /home/ubuntu/Desktop/cartographer_ws/install/cartographer/include/cartographer/io/xyz_writing_points_processor.h
[26.533s] -- Up-to-date: /home/ubuntu/Desktop/cartographer_ws/install/cartographer/include/cartographer/mapping/2d/grid_2d.h
[26.540s] -- Up-to-date: /home/ubuntu/Desktop/cartographer_ws/install/cartographer/include/cartographer/mapping/2d/map_limits.h
[26.541s] -- Up-to-date: /home/ubuntu/Desktop/cartographer_ws/install/cartographer/include/cartographer/mapping/2d/probability_grid.h
[26.541s] -- Up-to-date: /home/ubuntu/Desktop/cartographer_ws/install/cartographer/include/cartographer/mapping/2d/probability_grid_range_data_inserter_2d.h
[26.541s] -- Up-to-date: /home/ubuntu/Desktop/cartographer_ws/install/cartographer/include/cartographer/mapping/2d/submap_2d.h
[26.542s] -- Up-to-date: /home/ubuntu/Desktop/cartographer_ws/install/cartographer/include/cartographer/mapping/2d/xy_index.h
[26.542s] -- Up-to-date: /home/ubuntu/Desktop/cartographer_ws/install/cartographer/include/cartographer/mapping/3d/hybrid_grid.h
[26.546s] -- Up-to-date: /home/ubuntu/Desktop/cartographer_ws/install/cartographer/include/cartographer/mapping/3d/range_data_inserter_3d.h
[26.547s] -- Up-to-date: /home/ubuntu/Desktop/cartographer_ws/install/cartographer/include/cartographer/mapping/3d/submap_3d.h
[26.547s] -- Up-to-date: /home/ubuntu/Desktop/cartographer_ws/install/cartographer/include/cartographer/mapping/detect_floors.h
[26.547s] -- Up-to-date: /home/ubuntu/Desktop/cartographer_ws/install/cartographer/include/cartographer/mapping/grid_interface.h
[26.559s] -- Up-to-date: /home/ubuntu/Desktop/cartographer_ws/install/cartographer/include/cartographer/mapping/id.h
[26.559s] -- Up-to-date: /home/ubuntu/Desktop/cartographer_ws/install/cartographer/include/cartographer/mapping/imu_tracker.h
[26.559s] -- Up-to-date: /home/ubuntu/Desktop/cartographer_ws/install/cartographer/include/cartographer/mapping/local_slam_result_data.h
[26.559s] -- Up-to-date: /home/ubuntu/Desktop/cartographer_ws/install/cartographer/include/cartographer/mapping/map_builder.h
[26.560s] -- Up-to-date: /home/ubuntu/Desktop/cartographer_ws/install/cartographer/include/cartographer/mapping/map_builder_interface.h
[26.560s] -- Up-to-date: /home/ubuntu/Desktop/cartographer_ws/install/cartographer/include/cartographer/mapping/pose_extrapolator.h
[26.560s] -- Up-to-date: /home/ubuntu/Desktop/cartographer_ws/install/cartographer/include/cartographer/mapping/pose_graph.h
[26.560s] -- Up-to-date: /home/ubuntu/Desktop/cartographer_ws/install/cartographer/include/cartographer/mapping/pose_graph_interface.h
[26.560s] -- Up-to-date: /home/ubuntu/Desktop/cartographer_ws/install/cartographer/include/cartographer/mapping/pose_graph_trimmer.h
[26.560s] -- Up-to-date: /home/ubuntu/Desktop/cartographer_ws/install/cartographer/include/cartographer/mapping/probability_values.h
[26.561s] -- Up-to-date: /home/ubuntu/Desktop/cartographer_ws/install/cartographer/include/cartographer/mapping/range_data_inserter_interface.h
[26.561s] -- Up-to-date: /home/ubuntu/Desktop/cartographer_ws/install/cartographer/include/cartographer/mapping/submaps.h
[26.561s] -- Up-to-date: /home/ubuntu/Desktop/cartographer_ws/install/cartographer/include/cartographer/mapping/trajectory_builder_interface.h
[26.561s] -- Up-to-date: /home/ubuntu/Desktop/cartographer_ws/install/cartographer/include/cartographer/mapping/trajectory_node.h
[26.561s] -- Up-to-date: /home/ubuntu/Desktop/cartographer_ws/install/cartographer/include/cartographer/metrics/counter.h
[26.562s] -- Up-to-date: /home/ubuntu/Desktop/cartographer_ws/install/cartographer/include/cartographer/metrics/family_factory.h
[26.562s] -- Up-to-date: /home/ubuntu/Desktop/cartographer_ws/install/cartographer/include/cartographer/metrics/gauge.h
[26.562s] -- Up-to-date: /home/ubuntu/Desktop/cartographer_ws/install/cartographer/include/cartographer/metrics/histogram.h
[26.562s] -- Up-to-date: /home/ubuntu/Desktop/cartographer_ws/install/cartographer/include/cartographer/metrics/register.h
[26.563s] -- Up-to-date: /home/ubuntu/Desktop/cartographer_ws/install/cartographer/include/cartographer/sensor/collator_interface.h
[26.563s] -- Up-to-date: /home/ubuntu/Desktop/cartographer_ws/install/cartographer/include/cartographer/sensor/compressed_point_cloud.h
[26.570s] -- Up-to-date: /home/ubuntu/Desktop/cartographer_ws/install/cartographer/include/cartographer/sensor/data.h
[26.573s] -- Up-to-date: /home/ubuntu/Desktop/cartographer_ws/install/cartographer/include/cartographer/sensor/fixed_frame_pose_data.h
[26.574s] -- Up-to-date: /home/ubuntu/Desktop/cartographer_ws/install/cartographer/include/cartographer/sensor/imu_data.h
[26.578s] -- Up-to-date: /home/ubuntu/Desktop/cartographer_ws/install/cartographer/include/cartographer/sensor/landmark_data.h
[26.579s] -- Up-to-date: /home/ubuntu/Desktop/cartographer_ws/install/cartographer/include/cartographer/sensor/map_by_time.h
[26.579s] -- Up-to-date: /home/ubuntu/Desktop/cartographer_ws/install/cartographer/include/cartographer/sensor/odometry_data.h
[26.580s] -- Up-to-date: /home/ubuntu/Desktop/cartographer_ws/install/cartographer/include/cartographer/sensor/point_cloud.h
[26.580s] -- Up-to-date: /home/ubuntu/Desktop/cartographer_ws/install/cartographer/include/cartographer/sensor/range_data.h
[26.580s] -- Up-to-date: /home/ubuntu/Desktop/cartographer_ws/install/cartographer/include/cartographer/sensor/timed_point_cloud_data.h
[26.581s] -- Up-to-date: /home/ubuntu/Desktop/cartographer_ws/install/cartographer/include/cartographer/transform/rigid_transform.h
[26.581s] -- Up-to-date: /home/ubuntu/Desktop/cartographer_ws/install/cartographer/include/cartographer/transform/timestamped_transform.h
[26.581s] -- Up-to-date: /home/ubuntu/Desktop/cartographer_ws/install/cartographer/include/cartographer/transform/transform.h
[26.605s] -- Up-to-date: /home/ubuntu/Desktop/cartographer_ws/install/cartographer/include/cartographer/transform/transform_interpolation_buffer.h
[26.610s] -- Up-to-date: /home/ubuntu/Desktop/cartographer_ws/install/cartographer/include/cartographer/common/lua_parameter_dictionary_test_helpers.h
[26.610s] -- Up-to-date: /home/ubuntu/Desktop/cartographer_ws/install/cartographer/include/cartographer/io/fake_file_writer.h
[26.610s] -- Up-to-date: /home/ubuntu/Desktop/cartographer_ws/install/cartographer/include/cartographer/transform/rigid_transform_test_helpers.h
[26.610s] -- Up-to-date: /home/ubuntu/Desktop/cartographer_ws/install/cartographer/include/cartographer/common/proto/ceres_solver_options.pb.h
[26.610s] -- Up-to-date: /home/ubuntu/Desktop/cartographer_ws/install/cartographer/include/cartographer/ground_truth/proto/relations.pb.h
[26.610s] -- Up-to-date: /home/ubuntu/Desktop/cartographer_ws/install/cartographer/include/cartographer/mapping/proto/2d/cell_limits.pb.h
[26.610s] -- Up-to-date: /home/ubuntu/Desktop/cartographer_ws/install/cartographer/include/cartographer/mapping/proto/2d/grid_2d.pb.h
[26.610s] -- Up-to-date: /home/ubuntu/Desktop/cartographer_ws/install/cartographer/include/cartographer/mapping/proto/2d/grid_2d_options.pb.h
[26.610s] -- Up-to-date: /home/ubuntu/Desktop/cartographer_ws/install/cartographer/include/cartographer/mapping/proto/2d/local_trajectory_builder_options_2d.pb.h
[26.610s] -- Up-to-date: /home/ubuntu/Desktop/cartographer_ws/install/cartographer/include/cartographer/mapping/proto/2d/map_limits.pb.h
[26.611s] -- Up-to-date: /home/ubuntu/Desktop/cartographer_ws/install/cartographer/include/cartographer/mapping/proto/2d/probability_grid.pb.h
[26.611s] -- Up-to-date: /home/ubuntu/Desktop/cartographer_ws/install/cartographer/include/cartographer/mapping/proto/2d/probability_grid_range_data_inserter_options_2d.pb.h
[26.611s] -- Up-to-date: /home/ubuntu/Desktop/cartographer_ws/install/cartographer/include/cartographer/mapping/proto/2d/submaps_options_2d.pb.h
[26.611s] -- Up-to-date: /home/ubuntu/Desktop/cartographer_ws/install/cartographer/include/cartographer/mapping/proto/3d/hybrid_grid.pb.h
[26.612s] -- Up-to-date: /home/ubuntu/Desktop/cartographer_ws/install/cartographer/include/cartographer/mapping/proto/3d/local_trajectory_builder_options_3d.pb.h
[26.612s] -- Up-to-date: /home/ubuntu/Desktop/cartographer_ws/install/cartographer/include/cartographer/mapping/proto/3d/range_data_inserter_options_3d.pb.h
[26.612s] -- Up-to-date: /home/ubuntu/Desktop/cartographer_ws/install/cartographer/include/cartographer/mapping/proto/3d/submaps_options_3d.pb.h
[26.612s] -- Up-to-date: /home/ubuntu/Desktop/cartographer_ws/install/cartographer/include/cartographer/mapping/proto/connected_components.pb.h
[26.612s] -- Up-to-date: /home/ubuntu/Desktop/cartographer_ws/install/cartographer/include/cartographer/mapping/proto/internal/legacy_serialized_data.pb.h
[26.612s] -- Up-to-date: /home/ubuntu/Desktop/cartographer_ws/install/cartographer/include/cartographer/mapping/proto/map_builder_options.pb.h
[26.613s] -- Up-to-date: /home/ubuntu/Desktop/cartographer_ws/install/cartographer/include/cartographer/mapping/proto/motion_filter_options.pb.h
[26.613s] -- Up-to-date: /home/ubuntu/Desktop/cartographer_ws/install/cartographer/include/cartographer/mapping/proto/pose_graph.pb.h
[26.613s] -- Up-to-date: /home/ubuntu/Desktop/cartographer_ws/install/cartographer/include/cartographer/mapping/proto/pose_graph/constraint_builder_options.pb.h
[26.613s] -- Up-to-date: /home/ubuntu/Desktop/cartographer_ws/install/cartographer/include/cartographer/mapping/proto/pose_graph/optimization_problem_options.pb.h
[26.613s] -- Up-to-date: /home/ubuntu/Desktop/cartographer_ws/install/cartographer/include/cartographer/mapping/proto/pose_graph_options.pb.h
[26.630s] -- Up-to-date: /home/ubuntu/Desktop/cartographer_ws/install/cartographer/include/cartographer/mapping/proto/range_data_inserter_options.pb.h
[26.630s] -- Up-to-date: /home/ubuntu/Desktop/cartographer_ws/install/cartographer/include/cartographer/mapping/proto/scan_matching/ceres_scan_matcher_options_2d.pb.h
[26.630s] -- Up-to-date: /home/ubuntu/Desktop/cartographer_ws/install/cartographer/include/cartographer/mapping/proto/scan_matching/ceres_scan_matcher_options_3d.pb.h
[26.630s] -- Up-to-date: /home/ubuntu/Desktop/cartographer_ws/install/cartographer/include/cartographer/mapping/proto/scan_matching/fast_correlative_scan_matcher_options_2d.pb.h
[26.630s] -- Up-to-date: /home/ubuntu/Desktop/cartographer_ws/install/cartographer/include/cartographer/mapping/proto/scan_matching/fast_correlative_scan_matcher_options_3d.pb.h
[26.631s] -- Up-to-date: /home/ubuntu/Desktop/cartographer_ws/install/cartographer/include/cartographer/mapping/proto/scan_matching/real_time_correlative_scan_matcher_options.pb.h
[26.631s] -- Up-to-date: /home/ubuntu/Desktop/cartographer_ws/install/cartographer/include/cartographer/mapping/proto/serialization.pb.h
[26.631s] -- Up-to-date: /home/ubuntu/Desktop/cartographer_ws/install/cartographer/include/cartographer/mapping/proto/submap.pb.h
[26.631s] -- Up-to-date: /home/ubuntu/Desktop/cartographer_ws/install/cartographer/include/cartographer/mapping/proto/submap_visualization.pb.h
[26.631s] -- Up-to-date: /home/ubuntu/Desktop/cartographer_ws/install/cartographer/include/cartographer/mapping/proto/trajectory.pb.h
[26.631s] -- Up-to-date: /home/ubuntu/Desktop/cartographer_ws/install/cartographer/include/cartographer/mapping/proto/trajectory_builder_options.pb.h
[26.631s] -- Up-to-date: /home/ubuntu/Desktop/cartographer_ws/install/cartographer/include/cartographer/mapping/proto/trajectory_node_data.pb.h
[26.632s] -- Up-to-date: /home/ubuntu/Desktop/cartographer_ws/install/cartographer/include/cartographer/sensor/proto/adaptive_voxel_filter_options.pb.h
[26.632s] -- Up-to-date: /home/ubuntu/Desktop/cartographer_ws/install/cartographer/include/cartographer/sensor/proto/sensor.pb.h
[26.632s] -- Up-to-date: /home/ubuntu/Desktop/cartographer_ws/install/cartographer/include/cartographer/transform/proto/transform.pb.h
[26.632s] -- Up-to-date: /home/ubuntu/Desktop/cartographer_ws/install/cartographer/share/cartographer/cmake/CartographerTargets.cmake
[26.632s] -- Up-to-date: /home/ubuntu/Desktop/cartographer_ws/install/cartographer/share/cartographer/cmake/CartographerTargets-release.cmake
[26.633s] -- Up-to-date: /home/ubuntu/Desktop/cartographer_ws/install/cartographer/share/cartographer/cartographer-config.cmake
[26.633s] Invoked command in '/home/ubuntu/Desktop/cartographer_ws/build/cartographer' returned '0': CMAKE_PREFIX_PATH=/home/ubuntu/Desktop/cartographer_ws/install/tf_init:/home/ubuntu/Desktop/cartographer_ws/install/imu:/opt/ros/foxy:${CMAKE_PREFIX_PATH} /usr/bin/cmake --install /home/ubuntu/Desktop/cartographer_ws/build/cartographer
