[0.037s] Invoking command in '/home/ubuntu/Desktop/cartographer_ws/build/my_cartographer': CMAKE_PREFIX_PATH=/home/ubuntu/Desktop/cartographer_ws/install/tf_init:/home/ubuntu/Desktop/cartographer_ws/install/imu:/opt/ros/foxy:${CMAKE_PREFIX_PATH} /usr/bin/cmake --build /home/ubuntu/Desktop/cartographer_ws/build/my_cartographer -- -j2 -l2
[0.136s] Invoked command in '/home/ubuntu/Desktop/cartographer_ws/build/my_cartographer' returned '0': CMAKE_PREFIX_PATH=/home/ubuntu/Desktop/cartographer_ws/install/tf_init:/home/ubuntu/Desktop/cartographer_ws/install/imu:/opt/ros/foxy:${CMAKE_PREFIX_PATH} /usr/bin/cmake --build /home/ubuntu/Desktop/cartographer_ws/build/my_cartographer -- -j2 -l2
[0.273s] Invoking command in '/home/ubuntu/Desktop/cartographer_ws/build/my_cartographer': CMAKE_PREFIX_PATH=/home/ubuntu/Desktop/cartographer_ws/install/tf_init:/home/ubuntu/Desktop/cartographer_ws/install/imu:/opt/ros/foxy:${CMAKE_PREFIX_PATH} /usr/bin/cmake --install /home/ubuntu/Desktop/cartographer_ws/build/my_cartographer
[0.321s] -- Install configuration: ""
[0.323s] -- Execute custom install script
[0.325s] -- Up-to-date symlink: /home/ubuntu/Desktop/cartographer_ws/install/my_cartographer/share/ament_index/resource_index/package_run_dependencies/my_cartographer
[0.326s] -- Up-to-date symlink: /home/ubuntu/Desktop/cartographer_ws/install/my_cartographer/share/ament_index/resource_index/parent_prefix_path/my_cartographer
[0.327s] -- Up-to-date symlink: /home/ubuntu/Desktop/cartographer_ws/install/my_cartographer/share/my_cartographer/environment/ament_prefix_path.sh
[0.329s] -- Up-to-date symlink: /home/ubuntu/Desktop/cartographer_ws/install/my_cartographer/share/my_cartographer/environment/ament_prefix_path.dsv
[0.331s] -- Up-to-date symlink: /home/ubuntu/Desktop/cartographer_ws/install/my_cartographer/share/my_cartographer/environment/path.sh
[0.332s] -- Up-to-date symlink: /home/ubuntu/Desktop/cartographer_ws/install/my_cartographer/share/my_cartographer/environment/path.dsv
[0.333s] -- Up-to-date symlink: /home/ubuntu/Desktop/cartographer_ws/install/my_cartographer/share/my_cartographer/local_setup.bash
[0.334s] -- Up-to-date symlink: /home/ubuntu/Desktop/cartographer_ws/install/my_cartographer/share/my_cartographer/local_setup.sh
[0.335s] -- Up-to-date symlink: /home/ubuntu/Desktop/cartographer_ws/install/my_cartographer/share/my_cartographer/local_setup.zsh
[0.336s] -- Up-to-date symlink: /home/ubuntu/Desktop/cartographer_ws/install/my_cartographer/share/my_cartographer/local_setup.dsv
[0.337s] -- Symlinking: /home/ubuntu/Desktop/cartographer_ws/install/my_cartographer/share/my_cartographer/package.dsv
[0.377s] -- Up-to-date symlink: /home/ubuntu/Desktop/cartographer_ws/install/my_cartographer/share/ament_index/resource_index/packages/my_cartographer
[0.378s] -- Up-to-date symlink: /home/ubuntu/Desktop/cartographer_ws/install/my_cartographer/share/my_cartographer/cmake/my_cartographerConfig.cmake
[0.379s] -- Up-to-date symlink: /home/ubuntu/Desktop/cartographer_ws/install/my_cartographer/share/my_cartographer/cmake/my_cartographerConfig-version.cmake
[0.380s] -- Up-to-date symlink: /home/ubuntu/Desktop/cartographer_ws/install/my_cartographer/share/my_cartographer/package.xml
[0.386s] -- Up-to-date symlink: /home/ubuntu/Desktop/cartographer_ws/install/my_cartographer/share/my_cartographer/config/my_cartogrpaher_2d.lua
[0.387s] -- Up-to-date symlink: /home/ubuntu/Desktop/cartographer_ws/install/my_cartographer/share/my_cartographer/launch/run_launch.py
[0.389s] -- Up-to-date symlink: /home/ubuntu/Desktop/cartographer_ws/install/my_cartographer/share/my_cartographer/rviz/default.rviz
[0.390s] -- Up-to-date symlink: /home/ubuntu/Desktop/cartographer_ws/install/my_cartographer/share/my_cartographer/urdf/backpack_2d.urdf
[0.400s] Invoked command in '/home/ubuntu/Desktop/cartographer_ws/build/my_cartographer' returned '0': CMAKE_PREFIX_PATH=/home/ubuntu/Desktop/cartographer_ws/install/tf_init:/home/ubuntu/Desktop/cartographer_ws/install/imu:/opt/ros/foxy:${CMAKE_PREFIX_PATH} /usr/bin/cmake --install /home/ubuntu/Desktop/cartographer_ws/build/my_cartographer
