[0.088s] Invoking command in '/home/ubuntu/Desktop/cartographer_ws/build/anolink': CMAKE_PREFIX_PATH=${CMAKE_PREFIX_PATH}:/opt/ros/foxy /usr/bin/cmake /home/ubuntu/Desktop/cartographer_ws/src/anolink -DCMAKE_INSTALL_PREFIX=/home/ubuntu/Desktop/cartographer_ws/install/anolink
[0.158s] -- Found ament_cmake: 0.9.12 (/opt/ros/foxy/share/ament_cmake/cmake)
[0.260s] -- Using PYTHON_EXECUTABLE: /usr/bin/python3
[0.973s] -- Found rclcpp: 2.4.3 (/opt/ros/foxy/share/rclcpp/cmake)
[1.281s] -- Using all available rosidl_typesupport_c: rosidl_typesupport_fastrtps_c;rosidl_typesupport_introspection_c
[1.326s] -- Found rosidl_adapter: 1.3.1 (/opt/ros/foxy/share/rosidl_adapter/cmake)
[1.902s] -- Using all available rosidl_typesupport_cpp: rosidl_typesupport_fastrtps_cpp;rosidl_typesupport_introspection_cpp
[2.197s] -- Found rmw_implementation_cmake: 1.0.4 (/opt/ros/foxy/share/rmw_implementation_cmake/cmake)
[2.220s] -- Using RMW implementation 'rmw_fastrtps_cpp' as default
[2.867s] -- Found sensor_msgs: 2.0.5 (/opt/ros/foxy/share/sensor_msgs/cmake)
[3.270s] -- Found tf2: 0.13.14 (/opt/ros/foxy/share/tf2/cmake)
[3.326s] -- Found tf2_ros: 0.13.14 (/opt/ros/foxy/share/tf2_ros/cmake)
[4.563s] CMake Error at CMakeLists.txt:20 (find_package):
[4.563s]   By not providing "Findserial.cmake" in CMAKE_MODULE_PATH this project has
[4.563s]   asked CMake to find a package configuration file provided by "serial", but
[4.563s]   CMake did not find one.
[4.563s] 
[4.564s]   Could not find a package configuration file provided by "serial" with any
[4.564s]   of the following names:
[4.564s] 
[4.564s]     serialConfig.cmake
[4.564s]     serial-config.cmake
[4.564s] 
[4.564s]   Add the installation prefix of "serial" to CMAKE_PREFIX_PATH or set
[4.565s]   "serial_DIR" to a directory containing one of the above files.  If "serial"
[4.565s]   provides a separate development package or SDK, be sure it has been
[4.565s]   installed.
[4.565s] 
[4.565s] 
[4.566s] -- Configuring incomplete, errors occurred!
[4.566s] See also "/home/ubuntu/Desktop/cartographer_ws/build/anolink/CMakeFiles/CMakeOutput.log".
[4.566s] See also "/home/ubuntu/Desktop/cartographer_ws/build/anolink/CMakeFiles/CMakeError.log".
[4.583s] Invoked command in '/home/ubuntu/Desktop/cartographer_ws/build/anolink' returned '1': CMAKE_PREFIX_PATH=${CMAKE_PREFIX_PATH}:/opt/ros/foxy /usr/bin/cmake /home/ubuntu/Desktop/cartographer_ws/src/anolink -DCMAKE_INSTALL_PREFIX=/home/ubuntu/Desktop/cartographer_ws/install/anolink
