[0.038s] Invoking command in '/home/ubuntu/Desktop/cartographer_ws/build/anolink': CMAKE_PREFIX_PATH=${CMAKE_PREFIX_PATH}:/opt/ros/foxy /usr/bin/cmake /home/ubuntu/Desktop/cartographer_ws/src/anolink -DCMAKE_INSTALL_PREFIX=/home/ubuntu/Desktop/cartographer_ws/install/anolink
[0.096s] -- Found ament_cmake: 0.9.12 (/opt/ros/foxy/share/ament_cmake/cmake)
[0.147s] -- Using PYTHON_EXECUTABLE: /usr/bin/python3
[0.494s] -- Found rclcpp: 2.4.3 (/opt/ros/foxy/share/rclcpp/cmake)
[0.625s] -- Using all available rosidl_typesupport_c: rosidl_typesupport_fastrtps_c;rosidl_typesupport_introspection_c
[0.635s] -- Found rosidl_adapter: 1.3.1 (/opt/ros/foxy/share/rosidl_adapter/cmake)
[0.988s] -- Using all available rosidl_typesupport_cpp: rosidl_typesupport_fastrtps_cpp;rosidl_typesupport_introspection_cpp
[1.212s] -- Found rmw_implementation_cmake: 1.0.4 (/opt/ros/foxy/share/rmw_implementation_cmake/cmake)
[1.226s] -- Using RMW implementation 'rmw_fastrtps_cpp' as default
[1.778s] -- Found sensor_msgs: 2.0.5 (/opt/ros/foxy/share/sensor_msgs/cmake)
[2.119s] -- Found tf2: 0.13.14 (/opt/ros/foxy/share/tf2/cmake)
[2.139s] -- Found tf2_ros: 0.13.14 (/opt/ros/foxy/share/tf2_ros/cmake)
[3.281s] CMake Error at CMakeLists.txt:20 (find_package):
[3.281s]   By not providing "Findserial.cmake" in CMAKE_MODULE_PATH this project has
[3.281s]   asked CMake to find a package configuration file provided by "serial", but
[3.282s]   CMake did not find one.
[3.282s] 
[3.282s]   Could not find a package configuration file provided by "serial" with any
[3.282s]   of the following names:
[3.282s] 
[3.283s]     serialConfig.cmake
[3.283s]     serial-config.cmake
[3.283s] 
[3.283s]   Add the installation prefix of "serial" to CMAKE_PREFIX_PATH or set
[3.283s]   "serial_DIR" to a directory containing one of the above files.  If "serial"
[3.283s]   provides a separate development package or SDK, be sure it has been
[3.283s]   installed.
[3.284s] 
[3.284s] 
[3.289s] -- Configuring incomplete, errors occurred!
[3.289s] See also "/home/ubuntu/Desktop/cartographer_ws/build/anolink/CMakeFiles/CMakeOutput.log".
[3.289s] See also "/home/ubuntu/Desktop/cartographer_ws/build/anolink/CMakeFiles/CMakeError.log".
[3.314s] Invoked command in '/home/ubuntu/Desktop/cartographer_ws/build/anolink' returned '1': CMAKE_PREFIX_PATH=${CMAKE_PREFIX_PATH}:/opt/ros/foxy /usr/bin/cmake /home/ubuntu/Desktop/cartographer_ws/src/anolink -DCMAKE_INSTALL_PREFIX=/home/ubuntu/Desktop/cartographer_ws/install/anolink
