[0.052s] Invoking command in '/home/ubuntu/Desktop/cartographer_ws/build/anolink': CMAKE_PREFIX_PATH=${CMAKE_PREFIX_PATH}:/opt/ros/foxy /usr/bin/cmake /home/ubuntu/Desktop/cartographer_ws/src/anolink -DCMAKE_INSTALL_PREFIX=/home/ubuntu/Desktop/cartographer_ws/install/anolink
[0.120s] -- Found ament_cmake: 0.9.12 (/opt/ros/foxy/share/ament_cmake/cmake)
[0.189s] -- Using PYTHON_EXECUTABLE: /usr/bin/python3
[0.711s] -- Found rclcpp: 2.4.3 (/opt/ros/foxy/share/rclcpp/cmake)
[0.881s] -- Using all available rosidl_typesupport_c: rosidl_typesupport_fastrtps_c;rosidl_typesupport_introspection_c
[0.900s] -- Found rosidl_adapter: 1.3.1 (/opt/ros/foxy/share/rosidl_adapter/cmake)
[1.279s] -- Using all available rosidl_typesupport_cpp: rosidl_typesupport_fastrtps_cpp;rosidl_typesupport_introspection_cpp
[1.530s] -- Found rmw_implementation_cmake: 1.0.4 (/opt/ros/foxy/share/rmw_implementation_cmake/cmake)
[1.539s] -- Using RMW implementation 'rmw_fastrtps_cpp' as default
[2.098s] -- Found sensor_msgs: 2.0.5 (/opt/ros/foxy/share/sensor_msgs/cmake)
[2.454s] -- Found tf2: 0.13.14 (/opt/ros/foxy/share/tf2/cmake)
[2.493s] -- Found tf2_ros: 0.13.14 (/opt/ros/foxy/share/tf2_ros/cmake)
[3.619s] -- Found serial: 1.2.1 (/usr/local/share/serial/cmake)
[3.632s] -- Found ament_lint_auto: 0.9.8 (/opt/ros/foxy/share/ament_lint_auto/cmake)
[3.918s] -- Added test 'cppcheck' to perform static code analysis on C / C++ code
[3.919s] -- Configured cppcheck include dirs: /home/ubuntu/Desktop/cartographer_ws/src/anolink/AnoPTv8;/home/ubuntu/Desktop/cartographer_ws/src/anolink/include
[3.919s] -- Configured cppcheck exclude dirs and/or files: 
[3.926s] -- Added test 'lint_cmake' to check CMake code style
[3.930s] -- Added test 'uncrustify' to check C / C++ code style
[3.935s] -- Configured uncrustify additional arguments: 
[3.945s] -- Added test 'xmllint' to check XML markup files
[3.951s] -- Configuring done
[3.971s] -- Generating done
[3.973s] -- Build files have been written to: /home/ubuntu/Desktop/cartographer_ws/build/anolink
[3.992s] Invoked command in '/home/ubuntu/Desktop/cartographer_ws/build/anolink' returned '0': CMAKE_PREFIX_PATH=${CMAKE_PREFIX_PATH}:/opt/ros/foxy /usr/bin/cmake /home/ubuntu/Desktop/cartographer_ws/src/anolink -DCMAKE_INSTALL_PREFIX=/home/ubuntu/Desktop/cartographer_ws/install/anolink
[3.999s] Invoking command in '/home/ubuntu/Desktop/cartographer_ws/build/anolink': CMAKE_PREFIX_PATH=${CMAKE_PREFIX_PATH}:/opt/ros/foxy /usr/bin/cmake --build /home/ubuntu/Desktop/cartographer_ws/build/anolink -- -j2 -l2
[4.157s] [35m[1mScanning dependencies of target anolink[0m
[4.577s] [  9%] [32mBuilding CXX object CMakeFiles/anolink.dir/src/anolink.cpp.o[0m
[4.583s] [ 18%] [32mBuilding CXX object CMakeFiles/anolink.dir/src/anoSerial.cpp.o[0m
[11.486s] In file included from [01m[K/home/ubuntu/Desktop/cartographer_ws/src/anolink/src/anolink.cpp:1[m[K:
[11.487s] [01m[K/home/ubuntu/Desktop/cartographer_ws/src/anolink/include/anolink.hpp:58:22:[m[K [01;31m[Kerror: [m[K‘[01m[KSharedPtr[m[K’ in ‘[01m[Kclass tf2_ros::Buffer[m[K’ does not name a type
[11.487s]    58 |     tf2_ros::Buffer::[01;31m[KSharedPtr[m[K m_tfBuf;
[11.487s]       |                      [01;31m[K^~~~~~~~~[m[K
[11.948s] [01m[K/home/ubuntu/Desktop/cartographer_ws/src/anolink/src/anolink.cpp:[m[K In constructor ‘[01m[KAnoLink::AnoLink(std::string)[m[K’:
[11.948s] [01m[K/home/ubuntu/Desktop/cartographer_ws/src/anolink/src/anolink.cpp:33:5:[m[K [01;31m[Kerror: [m[K‘[01m[Km_tfBuf[m[K’ was not declared in this scope
[11.949s]    33 |     [01;31m[Km_tfBuf[m[K = std::make_unique<tf2_ros::Buffer>(this->get_clock());
[11.949s]       |     [01;31m[K^~~~~~~[m[K
[12.077s] [01m[K/home/ubuntu/Desktop/cartographer_ws/src/anolink/src/anolink.cpp:[m[K In member function ‘[01m[Kvoid AnoLink::tfListenerCheck()[m[K’:
[12.077s] [01m[K/home/ubuntu/Desktop/cartographer_ws/src/anolink/src/anolink.cpp:68:15:[m[K [01;31m[Kerror: [m[K‘[01m[Km_tfBuf[m[K’ was not declared in this scope
[12.077s]    68 |         _tf = [01;31m[Km_tfBuf[m[K->lookupTransform("toFrameRel", "fromFrameRel", tf2::TimePointZero);
[12.077s]       |               [01;31m[K^~~~~~~[m[K
[12.231s] In file included from [01m[K/home/ubuntu/Desktop/cartographer_ws/src/anolink/src/anoSerial.cpp:9[m[K:
[12.231s] [01m[K/home/ubuntu/Desktop/cartographer_ws/src/anolink/include/anolink.hpp:58:22:[m[K [01;31m[Kerror: [m[K‘[01m[KSharedPtr[m[K’ in ‘[01m[Kclass tf2_ros::Buffer[m[K’ does not name a type
[12.231s]    58 |     tf2_ros::Buffer::[01;31m[KSharedPtr[m[K m_tfBuf;
[12.232s]       |                      [01;31m[K^~~~~~~~~[m[K
[14.673s] make[2]: *** [CMakeFiles/anolink.dir/build.make:76: CMakeFiles/anolink.dir/src/anoSerial.cpp.o] Error 1
[14.673s] make[2]: *** Waiting for unfinished jobs....
[19.163s] make[2]: *** [CMakeFiles/anolink.dir/build.make:63: CMakeFiles/anolink.dir/src/anolink.cpp.o] Error 1
[19.163s] make[1]: *** [CMakeFiles/Makefile2:78: CMakeFiles/anolink.dir/all] Error 2
[19.163s] make: *** [Makefile:141: all] Error 2
[19.178s] Invoked command in '/home/ubuntu/Desktop/cartographer_ws/build/anolink' returned '2': CMAKE_PREFIX_PATH=${CMAKE_PREFIX_PATH}:/opt/ros/foxy /usr/bin/cmake --build /home/ubuntu/Desktop/cartographer_ws/build/anolink -- -j2 -l2
