[2.804s] Invoking command in '/home/ubuntu/Desktop/cartographer_ws/src/imu': PYTHONPATH=/home/ubuntu/Desktop/cartographer_ws/build/imu/prefix_override:/usr/lib/python3/dist-packages/colcon_core/task/python/colcon_distutils_commands:/home/ubuntu/Desktop/cartographer_ws/install/imu/lib/python3.8/site-packages:${PYTHONPATH} /usr/bin/python3 -W ignore:setup.py install is deprecated setup.py egg_info --egg-base ../../build/imu build --build-base /home/ubuntu/Desktop/cartographer_ws/build/imu/build install --record /home/ubuntu/Desktop/cartographer_ws/build/imu/install.log --single-version-externally-managed install_data
[3.726s] running egg_info
[3.729s] writing ../../build/imu/imu.egg-info/PKG-INFO
[3.730s] writing dependency_links to ../../build/imu/imu.egg-info/dependency_links.txt
[3.730s] writing entry points to ../../build/imu/imu.egg-info/entry_points.txt
[3.732s] writing requirements to ../../build/imu/imu.egg-info/requires.txt
[3.732s] writing top-level names to ../../build/imu/imu.egg-info/top_level.txt
[3.862s] reading manifest file '../../build/imu/imu.egg-info/SOURCES.txt'
[3.865s] writing manifest file '../../build/imu/imu.egg-info/SOURCES.txt'
[3.865s] running build
[3.865s] running build_py
[3.866s] copying imu/imu_serial.py -> /home/ubuntu/Desktop/cartographer_ws/build/imu/build/lib/imu
[3.867s] running install
[3.869s] running install_lib
[3.872s] copying /home/ubuntu/Desktop/cartographer_ws/build/imu/build/lib/imu/imu_serial.py -> /home/ubuntu/Desktop/cartographer_ws/install/imu/lib/python3.8/site-packages/imu
[3.873s] byte-compiling /home/ubuntu/Desktop/cartographer_ws/install/imu/lib/python3.8/site-packages/imu/imu_serial.py to imu_serial.cpython-38.pyc
[3.878s] running install_data
[3.878s] running install_egg_info
[3.882s] removing '/home/ubuntu/Desktop/cartographer_ws/install/imu/lib/python3.8/site-packages/imu-0.0.0-py3.8.egg-info' (and everything under it)
[3.883s] Copying ../../build/imu/imu.egg-info to /home/ubuntu/Desktop/cartographer_ws/install/imu/lib/python3.8/site-packages/imu-0.0.0-py3.8.egg-info
[3.887s] running install_scripts
[3.968s] Installing imu_serial script to /home/ubuntu/Desktop/cartographer_ws/install/imu/lib/imu
[3.969s] writing list of installed files to '/home/ubuntu/Desktop/cartographer_ws/build/imu/install.log'
[4.045s] Invoked command in '/home/ubuntu/Desktop/cartographer_ws/src/imu' returned '0': PYTHONPATH=/home/ubuntu/Desktop/cartographer_ws/build/imu/prefix_override:/usr/lib/python3/dist-packages/colcon_core/task/python/colcon_distutils_commands:/home/ubuntu/Desktop/cartographer_ws/install/imu/lib/python3.8/site-packages:${PYTHONPATH} /usr/bin/python3 -W ignore:setup.py install is deprecated setup.py egg_info --egg-base ../../build/imu build --build-base /home/ubuntu/Desktop/cartographer_ws/build/imu/build install --record /home/ubuntu/Desktop/cartographer_ws/build/imu/install.log --single-version-externally-managed install_data
