[0.061s] Invoking command in '/home/ubuntu/Desktop/cartographer_ws/build/cartographer': CMAKE_PREFIX_PATH=${CMAKE_PREFIX_PATH}:/opt/ros/foxy /usr/bin/cmake --build /home/ubuntu/Desktop/cartographer_ws/build/cartographer -- -j2 -l2
[0.195s] CMake Warning (dev) at CMakeLists.txt:17 (project):
[0.196s]   Policy CMP0048 is not set: project() command manages VERSION variables.
[0.196s]   Run "cmake --help-policy CMP0048" for policy details.  Use the cmake_policy
[0.196s]   command to set the policy and suppress this warning.
[0.197s] 
[0.197s]   The following variable(s) would be set to empty:
[0.197s] 
[0.197s]     CMAKE_PROJECT_VERSION
[0.197s]     CMAKE_PROJECT_VERSION_MAJOR
[0.197s]     CMAKE_PROJECT_VERSION_MINOR
[0.198s]     CMAKE_PROJECT_VERSION_PATCH
[0.198s] This warning is for project developers.  Use -Wno-dev to suppress it.
[0.198s] 
[0.216s] -- Build type: Release
[0.359s] -- Found installed version of Eigen: /usr/lib/cmake/eigen3
[0.369s] -- Found required Ceres dependency: Eigen version 3.3.7 in /usr/include/eigen3
[0.370s] -- Found required Ceres dependency: glog
[0.375s] -- Found installed version of gflags: /usr/lib/x86_64-linux-gnu/cmake/gflags
[0.375s] -- Detected gflags version: 2.2.2
[0.376s] -- Found required Ceres dependency: gflags
[0.377s] -- Found Ceres version: 1.14.0 installed in: /usr with components: [EigenSparse, SparseLinearAlgebraLibrary, LAPACK, SuiteSparse, CXSparse, SchurSpecializations, OpenMP, Multithreading]
[0.639s] -- Configuring done
[2.179s] -- Generating done
[2.264s] -- Build files have been written to: /home/ubuntu/Desktop/cartographer_ws/build/cartographer
[2.435s] [  1%] Built target gtest
[2.657s] [  1%] Built target cartographer_detect_changes
[2.752s] [  1%] [34m[1mBuilding documentation.[0m
[3.109s] [ 54%] Built target cartographer
[3.295s] [ 55%] Built target cartographer_test_library
[3.462s] [ 56%] Built target gmock
[3.598s] [ 56%] Built target cartographer_compute_relations_metrics
[3.742s] [ 57%] Built target cartographer_migrate_serialization_format
[3.891s] [01mRunning Sphinx v1.8.5[39;49;00m
[3.917s] [ 58%] Built target cartographer_autogenerate_ground_truth
[4.052s] [ 58%] Built target gmock_main
[4.243s] [ 58%] Built target cartographer.transform.transform_test
[4.385s] [ 58%] Built target cartographer.sensor.range_data_test
[4.550s] [ 58%] Built target cartographer.sensor.internal.voxel_filter_test
[4.691s] [ 59%] Built target cartographer.mapping.pose_graph_test
[4.742s] [01mloading pickled environment... [39;49;00mdone
[4.750s] [01mbuilding [mo]: [39;49;00mtargets for 0 po files that are out of date
[4.755s] [01mbuilding [html][39;49;00m: targets for 0 source files that are out of date
[4.763s] [01mupdating environment: [39;49;00m0 added, 0 changed, 0 removed
[4.764s] [01mlooking for now-outdated files... [39;49;00mnone found
[4.764s] [01mno targets are out of date.[39;49;00m
[4.765s] [01mbuild succeeded.[39;49;00m
[4.766s] 
[4.766s] The HTML pages are in html.
[4.827s] [ 60%] Built target cartographer.mapping.3d.range_data_inserter_3d_test
[4.970s] [ 60%] Built target build_doc
[5.007s] [ 61%] Built target cartographer.mapping.2d.probability_grid_test
[5.113s] [ 62%] Built target cartographer.sensor.landmark_data_test
[5.158s] [ 63%] Built target cartographer.mapping.3d.hybrid_grid_test
[5.236s] [ 64%] Built target cartographer.io.points_processor_pipeline_builder_test
[5.287s] [ 65%] Built target cartographer.common.fixed_ratio_sampler_test
[5.347s] [ 66%] Built target cartographer.common.rate_timer_test
[5.436s] [ 67%] Built target cartographer.io.serialization_format_migration_test
[5.484s] [ 67%] Built target cartographer.mapping.2d.map_limits_test
[5.594s] [ 67%] Built target cartographer.mapping.trajectory_node_test
[5.635s] [ 68%] Built target cartographer.mapping.submaps_test
[5.736s] [ 68%] Built target cartographer.mapping.3d.submap_3d_test
[5.773s] [ 69%] Built target cartographer.mapping.internal.constraints.constraint_builder_3d_test
[5.873s] [ 69%] Built target cartographer.io.proto_stream_deserializer_test
[5.920s] [ 70%] Built target cartographer.common.lockless_queue_test
[6.019s] [ 70%] Built target cartographer.mapping.2d.range_data_inserter_2d_test
[6.044s] [ 70%] Built target cartographer.mapping.internal.2d.scan_matching.ceres_scan_matcher_2d_test
[6.149s] [ 71%] Built target cartographer.common.blocking_queue_test
[6.196s] [ 72%] Built target cartographer.mapping.internal.motion_filter_test
[6.275s] [ 73%] Built target cartographer.sensor.point_cloud_test
[6.355s] [ 73%] Built target cartographer.mapping.internal.optimization.cost_functions.spa_cost_function_2d_test
[6.443s] [ 74%] Built target cartographer.io.proto_stream_test
[6.496s] [ 75%] Built target cartographer.transform.transform_interpolation_buffer_test
[6.630s] [ 75%] Built target cartographer.common.lua_parameter_dictionary_test
[6.641s] [ 76%] Built target cartographer.io.fake_file_writer_test
[6.772s] [ 77%] Built target cartographer.mapping.internal.3d.scan_matching.ceres_scan_matcher_3d_test
[6.834s] [ 78%] Built target cartographer.common.math_test
[6.898s] [ 78%] Built target cartographer.io.internal.in_memory_proto_stream_test
[7.034s] [ 78%] Built target cartographer.mapping.internal.3d.scan_matching.fast_correlative_scan_matcher_3d_test
[7.074s] [ 78%] Built target cartographer.common.optional_test
[7.201s] [ 79%] Built target cartographer.mapping.id_test
[7.296s] [ 80%] Built target cartographer.mapping.2d.submap_2d_test
[7.358s] [ 81%] Built target cartographer.mapping.internal.2d.overlapping_submaps_trimmer_2d_test
[7.462s] [ 82%] Built target cartographer.mapping.internal.optimization.optimization_problem_3d_test
[7.561s] [ 82%] Built target cartographer.common.configuration_files_test
[7.628s] [ 83%] Built target cartographer.mapping.internal.2d.scan_matching.correlative_scan_matcher_test
[7.752s] [ 84%] Built target cartographer.mapping.internal.2d.pose_graph_2d_test
[7.755s] [ 85%] Built target cartographer.common.thread_pool_test
[7.899s] [ 85%] Built target cartographer.mapping.internal.3d.pose_graph_3d_test
[7.941s] [ 85%] Built target cartographer.mapping.pose_graph_trimmer_test
[8.062s] [ 85%] Built target cartographer.mapping.internal.range_data_collator_test
[8.135s] [ 86%] Built target cartographer.mapping.internal.2d.scan_matching.real_time_correlative_scan_matcher_2d_test
[8.198s] [ 87%] Built target cartographer.mapping.internal.3d.local_trajectory_builder_3d_test
[8.272s] [ 88%] Built target cartographer.mapping.internal.3d.scan_matching.rotation_delta_cost_functor_3d_test
[8.375s] [ 89%] Built target cartographer.mapping.internal.3d.scan_matching.real_time_correlative_scan_matcher_3d_test
[8.426s] [ 90%] Built target cartographer.mapping.internal.3d.scan_matching.interpolated_grid_test
[8.479s] [ 91%] Built target cartographer.sensor.internal.trajectory_collator_test
[8.593s] [ 92%] Built target cartographer.mapping.probability_values_test
[8.684s] [ 92%] Built target cartographer.mapping.internal.3d.scan_matching.precomputation_grid_3d_test
[8.701s] [ 93%] Built target cartographer.mapping.map_builder_test
[8.816s] [ 94%] Built target cartographer.sensor.internal.ordered_multi_queue_test
[8.857s] [ 94%] Built target cartographer.sensor.map_by_time_test
[8.980s] [ 95%] Built target cartographer.sensor.compressed_point_cloud_test
[9.038s] [ 95%] Built target cartographer.mapping.internal.3d.scan_matching.rotational_scan_matcher_test
[9.108s] [ 96%] Built target cartographer.mapping.internal.connected_components_test
[9.174s] [ 96%] Built target cartographer.mapping.internal.2d.scan_matching.fast_correlative_scan_matcher_2d_test
[9.322s] [ 96%] Built target cartographer.mapping.internal.constraints.constraint_builder_2d_test
[9.335s] [ 97%] Built target cartographer.transform.rigid_transform_test
[9.473s] [ 97%] Built target cartographer.common.task_test
[9.514s] [ 97%] Built target cartographer.mapping.imu_tracker_test
[9.642s] [ 97%] Built target cartographer.mapping.internal.optimization.cost_functions.landmark_cost_function_2d_test
[9.722s] [ 97%] Built target cartographer.sensor.internal.collator_test
[9.794s] [ 97%] Built target cartographer.mapping.2d.xy_index_test
[9.840s] [ 98%] Built target cartographer.mapping.internal.optimization.cost_functions.landmark_cost_function_3d_test
[9.978s] [ 98%] Built target cartographer.mapping.pose_extrapolator_test
[9.998s] [100%] Built target cartographer.mapping.internal.trajectory_connectivity_state_test
[10.053s] Invoked command in '/home/ubuntu/Desktop/cartographer_ws/build/cartographer' returned '0': CMAKE_PREFIX_PATH=${CMAKE_PREFIX_PATH}:/opt/ros/foxy /usr/bin/cmake --build /home/ubuntu/Desktop/cartographer_ws/build/cartographer -- -j2 -l2
[13.612s] Invoking command in '/home/ubuntu/Desktop/cartographer_ws/build/cartographer': CMAKE_PREFIX_PATH=${CMAKE_PREFIX_PATH}:/opt/ros/foxy /usr/bin/cmake --install /home/ubuntu/Desktop/cartographer_ws/build/cartographer
[13.643s] -- Install configuration: "Release"
[13.643s] -- Up-to-date: /home/ubuntu/Desktop/cartographer_ws/install/cartographer/share/cartographer/package.xml
[13.644s] -- Up-to-date: /home/ubuntu/Desktop/cartographer_ws/install/cartographer/share/cartographer//configuration_files
[13.646s] -- Up-to-date: /home/ubuntu/Desktop/cartographer_ws/install/cartographer/share/cartographer//configuration_files/trajectory_builder_3d.lua
[13.646s] -- Up-to-date: /home/ubuntu/Desktop/cartographer_ws/install/cartographer/share/cartographer//configuration_files/map_builder.lua
[13.647s] -- Up-to-date: /home/ubuntu/Desktop/cartographer_ws/install/cartographer/share/cartographer//configuration_files/pose_graph.lua
[13.647s] -- Up-to-date: /home/ubuntu/Desktop/cartographer_ws/install/cartographer/share/cartographer//configuration_files/trajectory_builder.lua
[13.647s] -- Up-to-date: /home/ubuntu/Desktop/cartographer_ws/install/cartographer/share/cartographer//configuration_files/trajectory_builder_2d.lua
[13.648s] -- Up-to-date: /home/ubuntu/Desktop/cartographer_ws/install/cartographer/share/cartographer//configuration_files/map_builder_server.lua
[13.648s] -- Up-to-date: /home/ubuntu/Desktop/cartographer_ws/install/cartographer/share/cartographer//cmake
[13.648s] -- Up-to-date: /home/ubuntu/Desktop/cartographer_ws/install/cartographer/share/cartographer//cmake/functions.cmake
[13.648s] -- Up-to-date: /home/ubuntu/Desktop/cartographer_ws/install/cartographer/share/cartographer//cmake/modules
[13.648s] -- Up-to-date: /home/ubuntu/Desktop/cartographer_ws/install/cartographer/share/cartographer//cmake/modules/FindGMock.cmake
[13.649s] -- Up-to-date: /home/ubuntu/Desktop/cartographer_ws/install/cartographer/share/cartographer//cmake/modules/FindLuaGoogle.cmake
[13.649s] -- Up-to-date: /home/ubuntu/Desktop/cartographer_ws/install/cartographer/share/cartographer//cmake/modules/FindSphinx.cmake
[13.652s] -- Up-to-date: /home/ubuntu/Desktop/cartographer_ws/install/cartographer/bin/cartographer_autogenerate_ground_truth
[13.655s] -- Up-to-date: /home/ubuntu/Desktop/cartographer_ws/install/cartographer/bin/cartographer_compute_relations_metrics
[13.659s] -- Up-to-date: /home/ubuntu/Desktop/cartographer_ws/install/cartographer/bin/cartographer_migrate_serialization_format
[13.659s] -- Up-to-date: /home/ubuntu/Desktop/cartographer_ws/install/cartographer/lib/libcartographer.a
[13.661s] -- Up-to-date: /home/ubuntu/Desktop/cartographer_ws/install/cartographer/include/cartographer/common/blocking_queue.h
[13.662s] -- Up-to-date: /home/ubuntu/Desktop/cartographer_ws/install/cartographer/include/cartographer/common/ceres_solver_options.h
[13.663s] -- Up-to-date: /home/ubuntu/Desktop/cartographer_ws/install/cartographer/include/cartographer/common/configuration_file_resolver.h
[13.663s] -- Up-to-date: /home/ubuntu/Desktop/cartographer_ws/install/cartographer/include/cartographer/common/fixed_ratio_sampler.h
[13.663s] -- Up-to-date: /home/ubuntu/Desktop/cartographer_ws/install/cartographer/include/cartographer/common/histogram.h
[13.663s] -- Up-to-date: /home/ubuntu/Desktop/cartographer_ws/install/cartographer/include/cartographer/common/lockless_queue.h
[13.664s] -- Up-to-date: /home/ubuntu/Desktop/cartographer_ws/install/cartographer/include/cartographer/common/lua.h
[13.664s] -- Up-to-date: /home/ubuntu/Desktop/cartographer_ws/install/cartographer/include/cartographer/common/lua_parameter_dictionary.h
[13.664s] -- Up-to-date: /home/ubuntu/Desktop/cartographer_ws/install/cartographer/include/cartographer/common/make_unique.h
[13.665s] -- Up-to-date: /home/ubuntu/Desktop/cartographer_ws/install/cartographer/include/cartographer/common/math.h
[13.665s] -- Up-to-date: /home/ubuntu/Desktop/cartographer_ws/install/cartographer/include/cartographer/common/mutex.h
[13.665s] -- Up-to-date: /home/ubuntu/Desktop/cartographer_ws/install/cartographer/include/cartographer/common/optional.h
[13.666s] -- Up-to-date: /home/ubuntu/Desktop/cartographer_ws/install/cartographer/include/cartographer/common/port.h
[13.666s] -- Up-to-date: /home/ubuntu/Desktop/cartographer_ws/install/cartographer/include/cartographer/common/rate_timer.h
[13.666s] -- Up-to-date: /home/ubuntu/Desktop/cartographer_ws/install/cartographer/include/cartographer/common/task.h
[13.667s] -- Up-to-date: /home/ubuntu/Desktop/cartographer_ws/install/cartographer/include/cartographer/common/thread_pool.h
[13.667s] -- Up-to-date: /home/ubuntu/Desktop/cartographer_ws/install/cartographer/include/cartographer/common/time.h
[13.668s] -- Up-to-date: /home/ubuntu/Desktop/cartographer_ws/install/cartographer/include/cartographer/ground_truth/relations_text_file.h
[13.669s] -- Up-to-date: /home/ubuntu/Desktop/cartographer_ws/install/cartographer/include/cartographer/io/color.h
[13.670s] -- Up-to-date: /home/ubuntu/Desktop/cartographer_ws/install/cartographer/include/cartographer/io/coloring_points_processor.h
[13.670s] -- Up-to-date: /home/ubuntu/Desktop/cartographer_ws/install/cartographer/include/cartographer/io/counting_points_processor.h
[13.671s] -- Up-to-date: /home/ubuntu/Desktop/cartographer_ws/install/cartographer/include/cartographer/io/draw_trajectories.h
[13.671s] -- Up-to-date: /home/ubuntu/Desktop/cartographer_ws/install/cartographer/include/cartographer/io/file_writer.h
[13.671s] -- Up-to-date: /home/ubuntu/Desktop/cartographer_ws/install/cartographer/include/cartographer/io/fixed_ratio_sampling_points_processor.h
[13.672s] -- Up-to-date: /home/ubuntu/Desktop/cartographer_ws/install/cartographer/include/cartographer/io/frame_id_filtering_points_processor.h
[13.673s] -- Up-to-date: /home/ubuntu/Desktop/cartographer_ws/install/cartographer/include/cartographer/io/hybrid_grid_points_processor.h
[13.673s] -- Up-to-date: /home/ubuntu/Desktop/cartographer_ws/install/cartographer/include/cartographer/io/image.h
[13.673s] -- Up-to-date: /home/ubuntu/Desktop/cartographer_ws/install/cartographer/include/cartographer/io/intensity_to_color_points_processor.h
[13.674s] -- Up-to-date: /home/ubuntu/Desktop/cartographer_ws/install/cartographer/include/cartographer/io/min_max_range_filtering_points_processor.h
[13.674s] -- Up-to-date: /home/ubuntu/Desktop/cartographer_ws/install/cartographer/include/cartographer/io/null_points_processor.h
[13.674s] -- Up-to-date: /home/ubuntu/Desktop/cartographer_ws/install/cartographer/include/cartographer/io/outlier_removing_points_processor.h
[13.675s] -- Up-to-date: /home/ubuntu/Desktop/cartographer_ws/install/cartographer/include/cartographer/io/pcd_writing_points_processor.h
[13.675s] -- Up-to-date: /home/ubuntu/Desktop/cartographer_ws/install/cartographer/include/cartographer/io/ply_writing_points_processor.h
[13.675s] -- Up-to-date: /home/ubuntu/Desktop/cartographer_ws/install/cartographer/include/cartographer/io/points_batch.h
[13.675s] -- Up-to-date: /home/ubuntu/Desktop/cartographer_ws/install/cartographer/include/cartographer/io/points_processor.h
[13.676s] -- Up-to-date: /home/ubuntu/Desktop/cartographer_ws/install/cartographer/include/cartographer/io/points_processor_pipeline_builder.h
[13.676s] -- Up-to-date: /home/ubuntu/Desktop/cartographer_ws/install/cartographer/include/cartographer/io/probability_grid_points_processor.h
[13.677s] -- Up-to-date: /home/ubuntu/Desktop/cartographer_ws/install/cartographer/include/cartographer/io/proto_stream.h
[13.679s] -- Up-to-date: /home/ubuntu/Desktop/cartographer_ws/install/cartographer/include/cartographer/io/proto_stream_deserializer.h
[13.679s] -- Up-to-date: /home/ubuntu/Desktop/cartographer_ws/install/cartographer/include/cartographer/io/proto_stream_interface.h
[13.680s] -- Up-to-date: /home/ubuntu/Desktop/cartographer_ws/install/cartographer/include/cartographer/io/serialization_format_migration.h
[13.680s] -- Up-to-date: /home/ubuntu/Desktop/cartographer_ws/install/cartographer/include/cartographer/io/submap_painter.h
[13.680s] -- Up-to-date: /home/ubuntu/Desktop/cartographer_ws/install/cartographer/include/cartographer/io/xray_points_processor.h
[13.681s] -- Up-to-date: /home/ubuntu/Desktop/cartographer_ws/install/cartographer/include/cartographer/io/xyz_writing_points_processor.h
[13.685s] -- Up-to-date: /home/ubuntu/Desktop/cartographer_ws/install/cartographer/include/cartographer/mapping/2d/grid_2d.h
[13.687s] -- Up-to-date: /home/ubuntu/Desktop/cartographer_ws/install/cartographer/include/cartographer/mapping/2d/map_limits.h
[13.688s] -- Up-to-date: /home/ubuntu/Desktop/cartographer_ws/install/cartographer/include/cartographer/mapping/2d/probability_grid.h
[13.689s] -- Up-to-date: /home/ubuntu/Desktop/cartographer_ws/install/cartographer/include/cartographer/mapping/2d/probability_grid_range_data_inserter_2d.h
[13.690s] -- Up-to-date: /home/ubuntu/Desktop/cartographer_ws/install/cartographer/include/cartographer/mapping/2d/submap_2d.h
[13.690s] -- Up-to-date: /home/ubuntu/Desktop/cartographer_ws/install/cartographer/include/cartographer/mapping/2d/xy_index.h
[13.690s] -- Up-to-date: /home/ubuntu/Desktop/cartographer_ws/install/cartographer/include/cartographer/mapping/3d/hybrid_grid.h
[13.690s] -- Up-to-date: /home/ubuntu/Desktop/cartographer_ws/install/cartographer/include/cartographer/mapping/3d/range_data_inserter_3d.h
[13.690s] -- Up-to-date: /home/ubuntu/Desktop/cartographer_ws/install/cartographer/include/cartographer/mapping/3d/submap_3d.h
[13.691s] -- Up-to-date: /home/ubuntu/Desktop/cartographer_ws/install/cartographer/include/cartographer/mapping/detect_floors.h
[13.691s] -- Up-to-date: /home/ubuntu/Desktop/cartographer_ws/install/cartographer/include/cartographer/mapping/grid_interface.h
[13.692s] -- Up-to-date: /home/ubuntu/Desktop/cartographer_ws/install/cartographer/include/cartographer/mapping/id.h
[13.692s] -- Up-to-date: /home/ubuntu/Desktop/cartographer_ws/install/cartographer/include/cartographer/mapping/imu_tracker.h
[13.693s] -- Up-to-date: /home/ubuntu/Desktop/cartographer_ws/install/cartographer/include/cartographer/mapping/local_slam_result_data.h
[13.693s] -- Up-to-date: /home/ubuntu/Desktop/cartographer_ws/install/cartographer/include/cartographer/mapping/map_builder.h
[13.698s] -- Up-to-date: /home/ubuntu/Desktop/cartographer_ws/install/cartographer/include/cartographer/mapping/map_builder_interface.h
[13.698s] -- Up-to-date: /home/ubuntu/Desktop/cartographer_ws/install/cartographer/include/cartographer/mapping/pose_extrapolator.h
[13.701s] -- Up-to-date: /home/ubuntu/Desktop/cartographer_ws/install/cartographer/include/cartographer/mapping/pose_graph.h
[13.702s] -- Up-to-date: /home/ubuntu/Desktop/cartographer_ws/install/cartographer/include/cartographer/mapping/pose_graph_interface.h
[13.702s] -- Up-to-date: /home/ubuntu/Desktop/cartographer_ws/install/cartographer/include/cartographer/mapping/pose_graph_trimmer.h
[13.703s] -- Up-to-date: /home/ubuntu/Desktop/cartographer_ws/install/cartographer/include/cartographer/mapping/probability_values.h
[13.705s] -- Up-to-date: /home/ubuntu/Desktop/cartographer_ws/install/cartographer/include/cartographer/mapping/range_data_inserter_interface.h
[13.705s] -- Up-to-date: /home/ubuntu/Desktop/cartographer_ws/install/cartographer/include/cartographer/mapping/submaps.h
[13.708s] -- Up-to-date: /home/ubuntu/Desktop/cartographer_ws/install/cartographer/include/cartographer/mapping/trajectory_builder_interface.h
[13.708s] -- Up-to-date: /home/ubuntu/Desktop/cartographer_ws/install/cartographer/include/cartographer/mapping/trajectory_node.h
[13.713s] -- Up-to-date: /home/ubuntu/Desktop/cartographer_ws/install/cartographer/include/cartographer/metrics/counter.h
[13.713s] -- Up-to-date: /home/ubuntu/Desktop/cartographer_ws/install/cartographer/include/cartographer/metrics/family_factory.h
[13.713s] -- Up-to-date: /home/ubuntu/Desktop/cartographer_ws/install/cartographer/include/cartographer/metrics/gauge.h
[13.713s] -- Up-to-date: /home/ubuntu/Desktop/cartographer_ws/install/cartographer/include/cartographer/metrics/histogram.h
[13.713s] -- Up-to-date: /home/ubuntu/Desktop/cartographer_ws/install/cartographer/include/cartographer/metrics/register.h
[13.713s] -- Up-to-date: /home/ubuntu/Desktop/cartographer_ws/install/cartographer/include/cartographer/sensor/collator_interface.h
[13.714s] -- Up-to-date: /home/ubuntu/Desktop/cartographer_ws/install/cartographer/include/cartographer/sensor/compressed_point_cloud.h
[13.714s] -- Up-to-date: /home/ubuntu/Desktop/cartographer_ws/install/cartographer/include/cartographer/sensor/data.h
[13.714s] -- Up-to-date: /home/ubuntu/Desktop/cartographer_ws/install/cartographer/include/cartographer/sensor/fixed_frame_pose_data.h
[13.714s] -- Up-to-date: /home/ubuntu/Desktop/cartographer_ws/install/cartographer/include/cartographer/sensor/imu_data.h
[13.714s] -- Up-to-date: /home/ubuntu/Desktop/cartographer_ws/install/cartographer/include/cartographer/sensor/landmark_data.h
[13.714s] -- Up-to-date: /home/ubuntu/Desktop/cartographer_ws/install/cartographer/include/cartographer/sensor/map_by_time.h
[13.715s] -- Up-to-date: /home/ubuntu/Desktop/cartographer_ws/install/cartographer/include/cartographer/sensor/odometry_data.h
[13.715s] -- Up-to-date: /home/ubuntu/Desktop/cartographer_ws/install/cartographer/include/cartographer/sensor/point_cloud.h
[13.715s] -- Up-to-date: /home/ubuntu/Desktop/cartographer_ws/install/cartographer/include/cartographer/sensor/range_data.h
[13.715s] -- Up-to-date: /home/ubuntu/Desktop/cartographer_ws/install/cartographer/include/cartographer/sensor/timed_point_cloud_data.h
[13.715s] -- Up-to-date: /home/ubuntu/Desktop/cartographer_ws/install/cartographer/include/cartographer/transform/rigid_transform.h
[13.715s] -- Up-to-date: /home/ubuntu/Desktop/cartographer_ws/install/cartographer/include/cartographer/transform/timestamped_transform.h
[13.715s] -- Up-to-date: /home/ubuntu/Desktop/cartographer_ws/install/cartographer/include/cartographer/transform/transform.h
[13.716s] -- Up-to-date: /home/ubuntu/Desktop/cartographer_ws/install/cartographer/include/cartographer/transform/transform_interpolation_buffer.h
[13.716s] -- Up-to-date: /home/ubuntu/Desktop/cartographer_ws/install/cartographer/include/cartographer/common/lua_parameter_dictionary_test_helpers.h
[13.716s] -- Up-to-date: /home/ubuntu/Desktop/cartographer_ws/install/cartographer/include/cartographer/io/fake_file_writer.h
[13.716s] -- Up-to-date: /home/ubuntu/Desktop/cartographer_ws/install/cartographer/include/cartographer/transform/rigid_transform_test_helpers.h
[13.716s] -- Up-to-date: /home/ubuntu/Desktop/cartographer_ws/install/cartographer/include/cartographer/common/proto/ceres_solver_options.pb.h
[13.716s] -- Up-to-date: /home/ubuntu/Desktop/cartographer_ws/install/cartographer/include/cartographer/ground_truth/proto/relations.pb.h
[13.724s] -- Up-to-date: /home/ubuntu/Desktop/cartographer_ws/install/cartographer/include/cartographer/mapping/proto/2d/cell_limits.pb.h
[13.724s] -- Up-to-date: /home/ubuntu/Desktop/cartographer_ws/install/cartographer/include/cartographer/mapping/proto/2d/grid_2d.pb.h
[13.724s] -- Up-to-date: /home/ubuntu/Desktop/cartographer_ws/install/cartographer/include/cartographer/mapping/proto/2d/grid_2d_options.pb.h
[13.724s] -- Up-to-date: /home/ubuntu/Desktop/cartographer_ws/install/cartographer/include/cartographer/mapping/proto/2d/local_trajectory_builder_options_2d.pb.h
[13.724s] -- Up-to-date: /home/ubuntu/Desktop/cartographer_ws/install/cartographer/include/cartographer/mapping/proto/2d/map_limits.pb.h
[13.725s] -- Up-to-date: /home/ubuntu/Desktop/cartographer_ws/install/cartographer/include/cartographer/mapping/proto/2d/probability_grid.pb.h
[13.726s] -- Up-to-date: /home/ubuntu/Desktop/cartographer_ws/install/cartographer/include/cartographer/mapping/proto/2d/probability_grid_range_data_inserter_options_2d.pb.h
[13.727s] -- Up-to-date: /home/ubuntu/Desktop/cartographer_ws/install/cartographer/include/cartographer/mapping/proto/2d/submaps_options_2d.pb.h
[13.727s] -- Up-to-date: /home/ubuntu/Desktop/cartographer_ws/install/cartographer/include/cartographer/mapping/proto/3d/hybrid_grid.pb.h
[13.727s] -- Up-to-date: /home/ubuntu/Desktop/cartographer_ws/install/cartographer/include/cartographer/mapping/proto/3d/local_trajectory_builder_options_3d.pb.h
[13.732s] -- Up-to-date: /home/ubuntu/Desktop/cartographer_ws/install/cartographer/include/cartographer/mapping/proto/3d/range_data_inserter_options_3d.pb.h
[13.732s] -- Up-to-date: /home/ubuntu/Desktop/cartographer_ws/install/cartographer/include/cartographer/mapping/proto/3d/submaps_options_3d.pb.h
[13.732s] -- Up-to-date: /home/ubuntu/Desktop/cartographer_ws/install/cartographer/include/cartographer/mapping/proto/connected_components.pb.h
[13.732s] -- Up-to-date: /home/ubuntu/Desktop/cartographer_ws/install/cartographer/include/cartographer/mapping/proto/internal/legacy_serialized_data.pb.h
[13.734s] -- Up-to-date: /home/ubuntu/Desktop/cartographer_ws/install/cartographer/include/cartographer/mapping/proto/map_builder_options.pb.h
[13.734s] -- Up-to-date: /home/ubuntu/Desktop/cartographer_ws/install/cartographer/include/cartographer/mapping/proto/motion_filter_options.pb.h
[13.735s] -- Up-to-date: /home/ubuntu/Desktop/cartographer_ws/install/cartographer/include/cartographer/mapping/proto/pose_graph.pb.h
[13.737s] -- Up-to-date: /home/ubuntu/Desktop/cartographer_ws/install/cartographer/include/cartographer/mapping/proto/pose_graph/constraint_builder_options.pb.h
[13.738s] -- Up-to-date: /home/ubuntu/Desktop/cartographer_ws/install/cartographer/include/cartographer/mapping/proto/pose_graph/optimization_problem_options.pb.h
[13.739s] -- Up-to-date: /home/ubuntu/Desktop/cartographer_ws/install/cartographer/include/cartographer/mapping/proto/pose_graph_options.pb.h
[13.741s] -- Up-to-date: /home/ubuntu/Desktop/cartographer_ws/install/cartographer/include/cartographer/mapping/proto/range_data_inserter_options.pb.h
[13.742s] -- Up-to-date: /home/ubuntu/Desktop/cartographer_ws/install/cartographer/include/cartographer/mapping/proto/scan_matching/ceres_scan_matcher_options_2d.pb.h
[13.742s] -- Up-to-date: /home/ubuntu/Desktop/cartographer_ws/install/cartographer/include/cartographer/mapping/proto/scan_matching/ceres_scan_matcher_options_3d.pb.h
[13.743s] -- Up-to-date: /home/ubuntu/Desktop/cartographer_ws/install/cartographer/include/cartographer/mapping/proto/scan_matching/fast_correlative_scan_matcher_options_2d.pb.h
[13.744s] -- Up-to-date: /home/ubuntu/Desktop/cartographer_ws/install/cartographer/include/cartographer/mapping/proto/scan_matching/fast_correlative_scan_matcher_options_3d.pb.h
[13.744s] -- Up-to-date: /home/ubuntu/Desktop/cartographer_ws/install/cartographer/include/cartographer/mapping/proto/scan_matching/real_time_correlative_scan_matcher_options.pb.h
[13.745s] -- Up-to-date: /home/ubuntu/Desktop/cartographer_ws/install/cartographer/include/cartographer/mapping/proto/serialization.pb.h
[13.749s] -- Up-to-date: /home/ubuntu/Desktop/cartographer_ws/install/cartographer/include/cartographer/mapping/proto/submap.pb.h
[13.750s] -- Up-to-date: /home/ubuntu/Desktop/cartographer_ws/install/cartographer/include/cartographer/mapping/proto/submap_visualization.pb.h
[13.750s] -- Up-to-date: /home/ubuntu/Desktop/cartographer_ws/install/cartographer/include/cartographer/mapping/proto/trajectory.pb.h
[13.750s] -- Up-to-date: /home/ubuntu/Desktop/cartographer_ws/install/cartographer/include/cartographer/mapping/proto/trajectory_builder_options.pb.h
[13.751s] -- Up-to-date: /home/ubuntu/Desktop/cartographer_ws/install/cartographer/include/cartographer/mapping/proto/trajectory_node_data.pb.h
[13.754s] -- Up-to-date: /home/ubuntu/Desktop/cartographer_ws/install/cartographer/include/cartographer/sensor/proto/adaptive_voxel_filter_options.pb.h
[13.754s] -- Up-to-date: /home/ubuntu/Desktop/cartographer_ws/install/cartographer/include/cartographer/sensor/proto/sensor.pb.h
[13.755s] -- Up-to-date: /home/ubuntu/Desktop/cartographer_ws/install/cartographer/include/cartographer/transform/proto/transform.pb.h
[13.757s] -- Up-to-date: /home/ubuntu/Desktop/cartographer_ws/install/cartographer/share/cartographer/cmake/CartographerTargets.cmake
[13.757s] -- Installing: /home/ubuntu/Desktop/cartographer_ws/install/cartographer/share/cartographer/cmake/CartographerTargets-release.cmake
[13.758s] -- Up-to-date: /home/ubuntu/Desktop/cartographer_ws/install/cartographer/share/cartographer/cartographer-config.cmake
[13.768s] Invoked command in '/home/ubuntu/Desktop/cartographer_ws/build/cartographer' returned '0': CMAKE_PREFIX_PATH=${CMAKE_PREFIX_PATH}:/opt/ros/foxy /usr/bin/cmake --install /home/ubuntu/Desktop/cartographer_ws/build/cartographer
