[0.052s] Invoking command in '/home/ubuntu/Desktop/cartographer_ws/build/cartographer_ros': AMENT_PREFIX_PATH=/home/ubuntu/Desktop/cartographer_ws/install/cartographer_ros_msgs:${AMENT_PREFIX_PATH} CMAKE_PREFIX_PATH=/home/ubuntu/Desktop/cartographer_ws/install/cartographer_ros_msgs:/home/ubuntu/Desktop/cartographer_ws/install/cartographer:/opt/ros/foxy LD_LIBRARY_PATH=/home/ubuntu/Desktop/cartographer_ws/install/cartographer_ros_msgs/lib:${LD_LIBRARY_PATH} PATH=/home/ubuntu/Desktop/cartographer_ws/install/cartographer/bin:${PATH} PKG_CONFIG_PATH=/home/ubuntu/Desktop/cartographer_ws/install/cartographer/lib/x86_64-linux-gnu/pkgconfig:/home/ubuntu/Desktop/cartographer_ws/install/cartographer/lib/pkgconfig PYTHONPATH=/home/ubuntu/Desktop/cartographer_ws/install/cartographer_ros_msgs/lib/python3.8/site-packages:${PYTHONPATH} /usr/bin/cmake /home/ubuntu/Desktop/cartographer_ws/src/cartographer_ros/cartographer_ros -DCMAKE_INSTALL_PREFIX=/home/ubuntu/Desktop/cartographer_ws/install/cartographer_ros
[0.295s] -- The C compiler identification is GNU 9.4.0
[0.504s] -- The CXX compiler identification is GNU 9.4.0
[0.519s] -- Check for working C compiler: /usr/bin/cc
[0.787s] -- Check for working C compiler: /usr/bin/cc -- works
[0.791s] -- Detecting C compiler ABI info
[1.073s] -- Detecting C compiler ABI info - done
[1.100s] -- Detecting C compile features
[1.100s] -- Detecting C compile features - done
[1.107s] -- Check for working CXX compiler: /usr/bin/c++
[1.410s] -- Check for working CXX compiler: /usr/bin/c++ -- works
[1.415s] -- Detecting CXX compiler ABI info
[1.730s] -- Detecting CXX compiler ABI info - done
[1.762s] -- Detecting CXX compile features
[1.764s] -- Detecting CXX compile features - done
[1.769s] -- Found ament_cmake: 0.9.12 (/opt/ros/foxy/share/ament_cmake/cmake)
[1.851s] -- Found PythonInterp: /usr/bin/python3 (found suitable version "3.8.10", minimum required is "3") 
[1.852s] -- Using PYTHON_EXECUTABLE: /usr/bin/python3
[2.437s] -- Found installed version of Eigen: /usr/lib/cmake/eigen3
[2.440s] -- Found required Ceres dependency: Eigen version 3.3.7 in /usr/include/eigen3
[2.459s] -- Found required Ceres dependency: glog
[2.464s] -- Found installed version of gflags: /usr/lib/x86_64-linux-gnu/cmake/gflags
[2.465s] -- Detected gflags version: 2.2.2
[2.467s] -- Found required Ceres dependency: gflags
[2.469s] -- Found Ceres version: 1.14.0 installed in: /usr with components: [EigenSparse, SparseLinearAlgebraLibrary, LAPACK, SuiteSparse, CXSparse, SchurSpecializations, OpenMP, Multithreading]
[2.473s] -- Build type: Release
[2.493s] Files /home/ubuntu/Desktop/cartographer_ws/build/cartographer_ros/AllFiles.cmake and - differ
[2.509s] -- Found cartographer_ros_msgs: 1.0.9003 (/home/ubuntu/Desktop/cartographer_ws/install/cartographer_ros_msgs/share/cartographer_ros_msgs/cmake)
[2.586s] -- Using all available rosidl_typesupport_c: rosidl_typesupport_fastrtps_c;rosidl_typesupport_introspection_c
[2.607s] -- Found rosidl_adapter: 1.3.1 (/opt/ros/foxy/share/rosidl_adapter/cmake)
[2.936s] -- Found OpenSSL: /usr/lib/x86_64-linux-gnu/libcrypto.so (found version "1.1.1f")  
[3.006s] -- Found FastRTPS: /opt/ros/foxy/include  
[3.220s] -- Using all available rosidl_typesupport_cpp: rosidl_typesupport_fastrtps_cpp;rosidl_typesupport_introspection_cpp
[3.691s] -- Found nav_msgs: 2.0.5 (/opt/ros/foxy/share/nav_msgs/cmake)
[3.944s] -- Found pcl_conversions: 2.2.1 (/opt/ros/foxy/share/pcl_conversions/cmake)
[4.832s] -- Found rmw_implementation_cmake: 1.0.4 (/opt/ros/foxy/share/rmw_implementation_cmake/cmake)
[4.840s] -- Using RMW implementation 'rmw_fastrtps_cpp' as default
[4.845s] -- Looking for pthread.h
[5.113s] -- Looking for pthread.h - found
[5.114s] -- Performing Test CMAKE_HAVE_LIBC_PTHREAD
[5.407s] -- Performing Test CMAKE_HAVE_LIBC_PTHREAD - Failed
[5.408s] -- Looking for pthread_create in pthreads
[5.662s] -- Looking for pthread_create in pthreads - not found
[5.662s] -- Looking for pthread_create in pthread
[5.928s] -- Looking for pthread_create in pthread - found
[5.934s] -- Found Threads: TRUE  
[6.492s] -- Found tf2: 0.13.14 (/opt/ros/foxy/share/tf2/cmake)
[6.545s] -- Found tf2_ros: 0.13.14 (/opt/ros/foxy/share/tf2_ros/cmake)
[7.603s] -- Found tf2_eigen: 0.13.14 (/opt/ros/foxy/share/tf2_eigen/cmake)
[7.634s] -- Found visualization_msgs: 2.0.5 (/opt/ros/foxy/share/visualization_msgs/cmake)
[7.872s] -- Found Lua: /usr/lib/x86_64-linux-gnu/liblua5.2.so;/usr/lib/x86_64-linux-gnu/libm.so (found version "5.2.4") 
[7.924s] -- Checking for module 'eigen3'
[8.015s] --   Found eigen3, version 3.3.7
[8.192s] -- Found Eigen: /usr/include/eigen3 (Required is at least version "3.1") 
[8.192s] -- Eigen found (include: /usr/include/eigen3, version: 3.3.7)
[8.336s] -- Found Boost: /usr/include (found suitable version "1.71.0", minimum required is "1.55.0") found components: system filesystem date_time iostreams regex 
[8.339s] -- looking for PCL_COMMON
[8.342s] -- Found PCL_COMMON: /usr/lib/x86_64-linux-gnu/libpcl_common.so  
[8.344s] -- Found PCL: pcl_common;/usr/lib/x86_64-linux-gnu/libboost_system.so;/usr/lib/x86_64-linux-gnu/libboost_filesystem.so;/usr/lib/x86_64-linux-gnu/libboost_date_time.so;/usr/lib/x86_64-linux-gnu/libboost_iostreams.so;/usr/lib/x86_64-linux-gnu/libboost_regex.so  
[8.353s] -- Found Eigen3: TRUE (found version "3.3.7") 
[8.681s] -- Configuring done
[9.015s] -- Generating done
[9.021s] -- Build files have been written to: /home/ubuntu/Desktop/cartographer_ws/build/cartographer_ros
[9.049s] Invoked command in '/home/ubuntu/Desktop/cartographer_ws/build/cartographer_ros' returned '0': AMENT_PREFIX_PATH=/home/ubuntu/Desktop/cartographer_ws/install/cartographer_ros_msgs:${AMENT_PREFIX_PATH} CMAKE_PREFIX_PATH=/home/ubuntu/Desktop/cartographer_ws/install/cartographer_ros_msgs:/home/ubuntu/Desktop/cartographer_ws/install/cartographer:/opt/ros/foxy LD_LIBRARY_PATH=/home/ubuntu/Desktop/cartographer_ws/install/cartographer_ros_msgs/lib:${LD_LIBRARY_PATH} PATH=/home/ubuntu/Desktop/cartographer_ws/install/cartographer/bin:${PATH} PKG_CONFIG_PATH=/home/ubuntu/Desktop/cartographer_ws/install/cartographer/lib/x86_64-linux-gnu/pkgconfig:/home/ubuntu/Desktop/cartographer_ws/install/cartographer/lib/pkgconfig PYTHONPATH=/home/ubuntu/Desktop/cartographer_ws/install/cartographer_ros_msgs/lib/python3.8/site-packages:${PYTHONPATH} /usr/bin/cmake /home/ubuntu/Desktop/cartographer_ws/src/cartographer_ros/cartographer_ros -DCMAKE_INSTALL_PREFIX=/home/ubuntu/Desktop/cartographer_ws/install/cartographer_ros
[9.059s] Invoking command in '/home/ubuntu/Desktop/cartographer_ws/build/cartographer_ros': AMENT_PREFIX_PATH=/home/ubuntu/Desktop/cartographer_ws/install/cartographer_ros_msgs:${AMENT_PREFIX_PATH} CMAKE_PREFIX_PATH=/home/ubuntu/Desktop/cartographer_ws/install/cartographer_ros_msgs:/home/ubuntu/Desktop/cartographer_ws/install/cartographer:/opt/ros/foxy LD_LIBRARY_PATH=/home/ubuntu/Desktop/cartographer_ws/install/cartographer_ros_msgs/lib:${LD_LIBRARY_PATH} PATH=/home/ubuntu/Desktop/cartographer_ws/install/cartographer/bin:${PATH} PKG_CONFIG_PATH=/home/ubuntu/Desktop/cartographer_ws/install/cartographer/lib/x86_64-linux-gnu/pkgconfig:/home/ubuntu/Desktop/cartographer_ws/install/cartographer/lib/pkgconfig PYTHONPATH=/home/ubuntu/Desktop/cartographer_ws/install/cartographer_ros_msgs/lib/python3.8/site-packages:${PYTHONPATH} /usr/bin/cmake --build /home/ubuntu/Desktop/cartographer_ws/build/cartographer_ros -- -j4 -l4
[9.227s] [35m[1mScanning dependencies of target cartographer_ros_detect_changes[0m
[9.240s] [35m[1mScanning dependencies of target cartographer_ros[0m
[9.382s] [  0%] Built target cartographer_ros_detect_changes
[10.376s] [  5%] [32mBuilding CXX object CMakeFiles/cartographer_ros.dir/cartographer_ros/map_builder_bridge.cc.o[0m
[10.378s] [ 10%] [32mBuilding CXX object CMakeFiles/cartographer_ros.dir/cartographer_ros/msg_conversion.cc.o[0m
[10.385s] [ 15%] [32mBuilding CXX object CMakeFiles/cartographer_ros.dir/cartographer_ros/node.cc.o[0m
[10.414s] [ 21%] [32mBuilding CXX object CMakeFiles/cartographer_ros.dir/cartographer_ros/node_constants.cc.o[0m
[12.400s] [ 26%] [32mBuilding CXX object CMakeFiles/cartographer_ros.dir/cartographer_ros/node_options.cc.o[0m
[24.074s] [ 31%] [32mBuilding CXX object CMakeFiles/cartographer_ros.dir/cartographer_ros/ros_log_sink.cc.o[0m
[32.462s] [ 36%] [32mBuilding CXX object CMakeFiles/cartographer_ros.dir/cartographer_ros/sensor_bridge.cc.o[0m
[54.355s] [ 42%] [32mBuilding CXX object CMakeFiles/cartographer_ros.dir/cartographer_ros/tf_bridge.cc.o[0m
[55.131s] [ 47%] [32mBuilding CXX object CMakeFiles/cartographer_ros.dir/cartographer_ros/time_conversion.cc.o[0m
[63.580s] [ 52%] [32mBuilding CXX object CMakeFiles/cartographer_ros.dir/cartographer_ros/trajectory_options.cc.o[0m
[67.977s] [ 57%] [32mBuilding CXX object CMakeFiles/cartographer_ros.dir/cartographer_ros/submap.cc.o[0m
[74.026s] [ 63%] [32mBuilding CXX object CMakeFiles/cartographer_ros.dir/cartographer_ros/ros_map.cc.o[0m
[120.820s] [ 68%] [32m[1mLinking CXX static library libcartographer_ros.a[0m
[121.088s] [ 68%] Built target cartographer_ros
[121.136s] [35m[1mScanning dependencies of target pbstream_to_ros_map_node[0m
[121.137s] [35m[1mScanning dependencies of target cartographer_node[0m
[121.159s] [35m[1mScanning dependencies of target occupancy_grid_node[0m
[121.379s] [ 73%] [32mBuilding CXX object cartographer_ros/CMakeFiles/pbstream_to_ros_map_node.dir/pbstream_to_ros_map_main.cc.o[0m
[121.452s] [ 78%] [32mBuilding CXX object cartographer_ros/CMakeFiles/occupancy_grid_node.dir/occupancy_grid_node_main.cc.o[0m
[121.554s] [ 84%] [32mBuilding CXX object cartographer_ros/CMakeFiles/cartographer_node.dir/node_main.cc.o[0m
[138.443s] [ 89%] [32m[1mLinking CXX executable pbstream_to_ros_map_node[0m
[139.933s] [ 89%] Built target pbstream_to_ros_map_node
[149.441s] [ 94%] [32m[1mLinking CXX executable cartographer_node[0m
[151.071s] [ 94%] Built target cartographer_node
[164.761s] [100%] [32m[1mLinking CXX executable occupancy_grid_node[0m
[165.687s] [100%] Built target occupancy_grid_node
[165.733s] Invoked command in '/home/ubuntu/Desktop/cartographer_ws/build/cartographer_ros' returned '0': AMENT_PREFIX_PATH=/home/ubuntu/Desktop/cartographer_ws/install/cartographer_ros_msgs:${AMENT_PREFIX_PATH} CMAKE_PREFIX_PATH=/home/ubuntu/Desktop/cartographer_ws/install/cartographer_ros_msgs:/home/ubuntu/Desktop/cartographer_ws/install/cartographer:/opt/ros/foxy LD_LIBRARY_PATH=/home/ubuntu/Desktop/cartographer_ws/install/cartographer_ros_msgs/lib:${LD_LIBRARY_PATH} PATH=/home/ubuntu/Desktop/cartographer_ws/install/cartographer/bin:${PATH} PKG_CONFIG_PATH=/home/ubuntu/Desktop/cartographer_ws/install/cartographer/lib/x86_64-linux-gnu/pkgconfig:/home/ubuntu/Desktop/cartographer_ws/install/cartographer/lib/pkgconfig PYTHONPATH=/home/ubuntu/Desktop/cartographer_ws/install/cartographer_ros_msgs/lib/python3.8/site-packages:${PYTHONPATH} /usr/bin/cmake --build /home/ubuntu/Desktop/cartographer_ws/build/cartographer_ros -- -j4 -l4
[166.026s] Invoking command in '/home/ubuntu/Desktop/cartographer_ws/build/cartographer_ros': AMENT_PREFIX_PATH=/home/ubuntu/Desktop/cartographer_ws/install/cartographer_ros_msgs:${AMENT_PREFIX_PATH} CMAKE_PREFIX_PATH=/home/ubuntu/Desktop/cartographer_ws/install/cartographer_ros_msgs:/home/ubuntu/Desktop/cartographer_ws/install/cartographer:/opt/ros/foxy LD_LIBRARY_PATH=/home/ubuntu/Desktop/cartographer_ws/install/cartographer_ros_msgs/lib:${LD_LIBRARY_PATH} PATH=/home/ubuntu/Desktop/cartographer_ws/install/cartographer/bin:${PATH} PKG_CONFIG_PATH=/home/ubuntu/Desktop/cartographer_ws/install/cartographer/lib/x86_64-linux-gnu/pkgconfig:/home/ubuntu/Desktop/cartographer_ws/install/cartographer/lib/pkgconfig PYTHONPATH=/home/ubuntu/Desktop/cartographer_ws/install/cartographer_ros_msgs/lib/python3.8/site-packages:${PYTHONPATH} /usr/bin/cmake --install /home/ubuntu/Desktop/cartographer_ws/build/cartographer_ros
[166.050s] -- Install configuration: "Release"
[166.052s] -- Installing: /home/ubuntu/Desktop/cartographer_ws/install/cartographer_ros/share/cartographer_ros//configuration_files
[166.055s] -- Installing: /home/ubuntu/Desktop/cartographer_ws/install/cartographer_ros/share/cartographer_ros//configuration_files/transform.lua
[166.057s] -- Installing: /home/ubuntu/Desktop/cartographer_ws/install/cartographer_ros/share/cartographer_ros//configuration_files/revo_lds.lua
[166.059s] -- Installing: /home/ubuntu/Desktop/cartographer_ws/install/cartographer_ros/share/cartographer_ros//configuration_files/backpack_3d.lua
[166.060s] -- Installing: /home/ubuntu/Desktop/cartographer_ws/install/cartographer_ros/share/cartographer_ros//configuration_files/backpack_3d_localization.lua
[166.061s] -- Installing: /home/ubuntu/Desktop/cartographer_ws/install/cartographer_ros/share/cartographer_ros//configuration_files/pr2.lua
[166.063s] -- Installing: /home/ubuntu/Desktop/cartographer_ws/install/cartographer_ros/share/cartographer_ros//configuration_files/assets_writer_ros_map.lua
[166.065s] -- Installing: /home/ubuntu/Desktop/cartographer_ws/install/cartographer_ros/share/cartographer_ros//configuration_files/taurob_tracker.lua
[166.067s] -- Installing: /home/ubuntu/Desktop/cartographer_ws/install/cartographer_ros/share/cartographer_ros//configuration_files/assets_writer_backpack_2d.lua
[166.069s] -- Installing: /home/ubuntu/Desktop/cartographer_ws/install/cartographer_ros/share/cartographer_ros//configuration_files/demo_3d.rviz
[166.072s] -- Installing: /home/ubuntu/Desktop/cartographer_ws/install/cartographer_ros/share/cartographer_ros//configuration_files/backpack_2d_localization_evaluation.lua
[166.073s] -- Installing: /home/ubuntu/Desktop/cartographer_ws/install/cartographer_ros/share/cartographer_ros//configuration_files/demo_2d.rviz
[166.074s] -- Installing: /home/ubuntu/Desktop/cartographer_ws/install/cartographer_ros/share/cartographer_ros//configuration_files/assets_writer_backpack_3d.lua
[166.075s] -- Installing: /home/ubuntu/Desktop/cartographer_ws/install/cartographer_ros/share/cartographer_ros//configuration_files/backpack_2d_server.lua
[166.075s] -- Installing: /home/ubuntu/Desktop/cartographer_ws/install/cartographer_ros/share/cartographer_ros//configuration_files/visualize_pbstream.lua
[166.076s] -- Installing: /home/ubuntu/Desktop/cartographer_ws/install/cartographer_ros/share/cartographer_ros//configuration_files/backpack_2d_localization.lua
[166.076s] -- Installing: /home/ubuntu/Desktop/cartographer_ws/install/cartographer_ros/share/cartographer_ros//configuration_files/backpack_2d.lua
[166.078s] -- Installing: /home/ubuntu/Desktop/cartographer_ws/install/cartographer_ros/share/cartographer_ros//configuration_files/assets_writer_backpack_2d_ci.lua
[166.080s] -- Installing: /home/ubuntu/Desktop/cartographer_ws/install/cartographer_ros/lib/libcartographer_ros.a
[166.096s] -- Installing: /home/ubuntu/Desktop/cartographer_ws/install/cartographer_ros/share/ament_index/resource_index/package_run_dependencies/cartographer_ros
[166.097s] -- Installing: /home/ubuntu/Desktop/cartographer_ws/install/cartographer_ros/share/ament_index/resource_index/parent_prefix_path/cartographer_ros
[166.097s] -- Installing: /home/ubuntu/Desktop/cartographer_ws/install/cartographer_ros/share/cartographer_ros/environment/ament_prefix_path.sh
[166.099s] -- Installing: /home/ubuntu/Desktop/cartographer_ws/install/cartographer_ros/share/cartographer_ros/environment/ament_prefix_path.dsv
[166.099s] -- Installing: /home/ubuntu/Desktop/cartographer_ws/install/cartographer_ros/share/cartographer_ros/environment/path.sh
[166.099s] -- Installing: /home/ubuntu/Desktop/cartographer_ws/install/cartographer_ros/share/cartographer_ros/environment/path.dsv
[166.099s] -- Installing: /home/ubuntu/Desktop/cartographer_ws/install/cartographer_ros/share/cartographer_ros/local_setup.bash
[166.099s] -- Installing: /home/ubuntu/Desktop/cartographer_ws/install/cartographer_ros/share/cartographer_ros/local_setup.sh
[166.100s] -- Installing: /home/ubuntu/Desktop/cartographer_ws/install/cartographer_ros/share/cartographer_ros/local_setup.zsh
[166.100s] -- Installing: /home/ubuntu/Desktop/cartographer_ws/install/cartographer_ros/share/cartographer_ros/local_setup.dsv
[166.100s] -- Installing: /home/ubuntu/Desktop/cartographer_ws/install/cartographer_ros/share/cartographer_ros/package.dsv
[166.100s] -- Installing: /home/ubuntu/Desktop/cartographer_ws/install/cartographer_ros/share/ament_index/resource_index/packages/cartographer_ros
[166.100s] -- Installing: /home/ubuntu/Desktop/cartographer_ws/install/cartographer_ros/share/cartographer_ros/cmake/cartographer_rosConfig.cmake
[166.100s] -- Installing: /home/ubuntu/Desktop/cartographer_ws/install/cartographer_ros/share/cartographer_ros/cmake/cartographer_rosConfig-version.cmake
[166.101s] -- Installing: /home/ubuntu/Desktop/cartographer_ws/install/cartographer_ros/share/cartographer_ros/package.xml
[166.101s] -- Installing: /home/ubuntu/Desktop/cartographer_ws/install/cartographer_ros/lib/cartographer_ros/cartographer_node
[166.112s] -- Set runtime path of "/home/ubuntu/Desktop/cartographer_ws/install/cartographer_ros/lib/cartographer_ros/cartographer_node" to ""
[166.113s] -- Installing: /home/ubuntu/Desktop/cartographer_ws/install/cartographer_ros/lib/cartographer_ros/occupancy_grid_node
[166.123s] -- Set runtime path of "/home/ubuntu/Desktop/cartographer_ws/install/cartographer_ros/lib/cartographer_ros/occupancy_grid_node" to ""
[166.123s] -- Installing: /home/ubuntu/Desktop/cartographer_ws/install/cartographer_ros/lib/cartographer_ros/pbstream_to_ros_map_node
[166.128s] -- Set runtime path of "/home/ubuntu/Desktop/cartographer_ws/install/cartographer_ros/lib/cartographer_ros/pbstream_to_ros_map_node" to ""
[166.135s] Invoked command in '/home/ubuntu/Desktop/cartographer_ws/build/cartographer_ros' returned '0': AMENT_PREFIX_PATH=/home/ubuntu/Desktop/cartographer_ws/install/cartographer_ros_msgs:${AMENT_PREFIX_PATH} CMAKE_PREFIX_PATH=/home/ubuntu/Desktop/cartographer_ws/install/cartographer_ros_msgs:/home/ubuntu/Desktop/cartographer_ws/install/cartographer:/opt/ros/foxy LD_LIBRARY_PATH=/home/ubuntu/Desktop/cartographer_ws/install/cartographer_ros_msgs/lib:${LD_LIBRARY_PATH} PATH=/home/ubuntu/Desktop/cartographer_ws/install/cartographer/bin:${PATH} PKG_CONFIG_PATH=/home/ubuntu/Desktop/cartographer_ws/install/cartographer/lib/x86_64-linux-gnu/pkgconfig:/home/ubuntu/Desktop/cartographer_ws/install/cartographer/lib/pkgconfig PYTHONPATH=/home/ubuntu/Desktop/cartographer_ws/install/cartographer_ros_msgs/lib/python3.8/site-packages:${PYTHONPATH} /usr/bin/cmake --install /home/ubuntu/Desktop/cartographer_ws/build/cartographer_ros
