[0.075s] Invoking command in '/home/ubuntu/Desktop/cartographer_ws/build/cartographer': CMAKE_PREFIX_PATH=${CMAKE_PREFIX_PATH}:/opt/ros/foxy /usr/bin/cmake --build /home/ubuntu/Desktop/cartographer_ws/build/cartographer -- -j2 -l2
[0.402s] [  1%] Built target gtest
[0.690s] [  1%] Built target cartographer_detect_changes
[0.897s] [  1%] [34m[1mBuilding documentation.[0m
[0.949s] [ 54%] Built target cartographer
[1.011s] [ 55%] Built target cartographer_test_library
[1.050s] [ 56%] Built target gmock
[1.168s] [ 56%] Built target cartographer_compute_relations_metrics
[1.280s] [ 57%] Built target cartographer_migrate_serialization_format
[1.480s] [ 58%] Built target cartographer_autogenerate_ground_truth
[1.643s] [ 58%] Built target gmock_main
[1.834s] [ 58%] Built target cartographer.transform.transform_test
[1.861s] [01mRunning Sphinx v1.8.5[39;49;00m
[2.022s] [ 58%] Built target cartographer.sensor.range_data_test
[2.171s] [ 58%] Built target cartographer.sensor.internal.voxel_filter_test
[2.297s] [ 59%] Built target cartographer.mapping.pose_graph_test
[2.413s] [ 60%] Built target cartographer.mapping.3d.range_data_inserter_3d_test
[2.469s] [01mloading pickled environment... [39;49;00mdone
[2.476s] [01mbuilding [mo]: [39;49;00mtargets for 0 po files that are out of date
[2.478s] [01mbuilding [html][39;49;00m: targets for 0 source files that are out of date
[2.481s] [01mupdating environment: [39;49;00m0 added, 0 changed, 0 removed
[2.482s] [01mlooking for now-outdated files... [39;49;00mnone found
[2.482s] [01mno targets are out of date.[39;49;00m
[2.483s] [01mbuild succeeded.[39;49;00m
[2.483s] 
[2.484s] The HTML pages are in html.
[2.556s] [ 61%] Built target cartographer.mapping.2d.probability_grid_test
[2.662s] [ 61%] Built target build_doc
[2.691s] [ 62%] Built target cartographer.sensor.landmark_data_test
[2.801s] [ 63%] Built target cartographer.mapping.3d.hybrid_grid_test
[2.801s] [ 64%] Built target cartographer.io.points_processor_pipeline_builder_test
[2.912s] [ 65%] Built target cartographer.common.fixed_ratio_sampler_test
[2.952s] [ 66%] Built target cartographer.common.rate_timer_test
[3.068s] [ 67%] Built target cartographer.io.serialization_format_migration_test
[3.094s] [ 67%] Built target cartographer.mapping.2d.map_limits_test
[3.227s] [ 68%] Built target cartographer.mapping.submaps_test
[3.290s] [ 68%] Built target cartographer.mapping.trajectory_node_test
[3.413s] [ 68%] Built target cartographer.mapping.3d.submap_3d_test
[3.470s] [ 69%] Built target cartographer.mapping.internal.constraints.constraint_builder_3d_test
[3.535s] [ 69%] Built target cartographer.io.proto_stream_deserializer_test
[3.599s] [ 70%] Built target cartographer.common.lockless_queue_test
[3.692s] [ 70%] Built target cartographer.mapping.2d.range_data_inserter_2d_test
[3.745s] [ 70%] Built target cartographer.mapping.internal.2d.scan_matching.ceres_scan_matcher_2d_test
[3.822s] [ 71%] Built target cartographer.common.blocking_queue_test
[3.886s] [ 72%] Built target cartographer.mapping.internal.motion_filter_test
[3.948s] [ 73%] Built target cartographer.sensor.point_cloud_test
[4.041s] [ 73%] Built target cartographer.mapping.internal.optimization.cost_functions.spa_cost_function_2d_test
[4.086s] [ 74%] Built target cartographer.io.proto_stream_test
[4.187s] [ 75%] Built target cartographer.transform.transform_interpolation_buffer_test
[4.194s] [ 75%] Built target cartographer.common.lua_parameter_dictionary_test
[4.309s] [ 76%] Built target cartographer.io.fake_file_writer_test
[4.333s] [ 77%] Built target cartographer.mapping.internal.3d.scan_matching.ceres_scan_matcher_3d_test
[4.431s] [ 78%] Built target cartographer.common.math_test
[4.466s] [ 78%] Built target cartographer.io.internal.in_memory_proto_stream_test
[4.575s] [ 78%] Built target cartographer.mapping.internal.3d.scan_matching.fast_correlative_scan_matcher_3d_test
[4.588s] [ 78%] Built target cartographer.common.optional_test
[4.700s] [ 79%] Built target cartographer.mapping.id_test
[4.736s] [ 80%] Built target cartographer.mapping.2d.submap_2d_test
[4.849s] [ 81%] Built target cartographer.mapping.internal.2d.overlapping_submaps_trimmer_2d_test
[4.866s] [ 82%] Built target cartographer.mapping.internal.optimization.optimization_problem_3d_test
[4.999s] [ 82%] Built target cartographer.common.configuration_files_test
[5.004s] [ 83%] Built target cartographer.mapping.internal.2d.scan_matching.correlative_scan_matcher_test
[5.203s] [ 84%] Built target cartographer.common.thread_pool_test
[5.243s] [ 85%] Built target cartographer.mapping.internal.2d.pose_graph_2d_test
[5.395s] [ 85%] Built target cartographer.mapping.internal.3d.pose_graph_3d_test
[5.404s] [ 85%] Built target cartographer.mapping.pose_graph_trimmer_test
[5.551s] [ 85%] Built target cartographer.mapping.internal.range_data_collator_test
[5.579s] [ 86%] Built target cartographer.mapping.internal.2d.scan_matching.real_time_correlative_scan_matcher_2d_test
[5.688s] [ 87%] Built target cartographer.mapping.internal.3d.local_trajectory_builder_3d_test
[5.721s] [ 88%] Built target cartographer.mapping.internal.3d.scan_matching.rotation_delta_cost_functor_3d_test
[5.827s] [ 89%] Built target cartographer.mapping.internal.3d.scan_matching.interpolated_grid_test
[5.873s] [ 90%] Built target cartographer.mapping.internal.3d.scan_matching.real_time_correlative_scan_matcher_3d_test
[5.997s] [ 91%] Built target cartographer.sensor.internal.trajectory_collator_test
[6.041s] [ 91%] Built target cartographer.mapping.internal.3d.scan_matching.precomputation_grid_3d_test
[6.122s] [ 92%] Built target cartographer.mapping.probability_values_test
[6.189s] [ 93%] Built target cartographer.mapping.map_builder_test
[6.233s] [ 93%] Built target cartographer.sensor.map_by_time_test
[6.339s] [ 94%] Built target cartographer.sensor.internal.ordered_multi_queue_test
[6.363s] [ 94%] Built target cartographer.mapping.internal.3d.scan_matching.rotational_scan_matcher_test
[6.503s] [ 95%] Built target cartographer.mapping.internal.connected_components_test
[6.505s] [ 96%] Built target cartographer.sensor.compressed_point_cloud_test
[6.643s] [ 96%] Built target cartographer.mapping.internal.constraints.constraint_builder_2d_test
[6.661s] [ 96%] Built target cartographer.mapping.internal.2d.scan_matching.fast_correlative_scan_matcher_2d_test
[6.796s] [ 96%] Built target cartographer.common.task_test
[6.802s] [ 97%] Built target cartographer.transform.rigid_transform_test
[6.966s] [ 97%] Built target cartographer.mapping.internal.optimization.cost_functions.landmark_cost_function_2d_test
[6.971s] [ 97%] Built target cartographer.mapping.imu_tracker_test
[7.116s] [ 97%] Built target cartographer.mapping.2d.xy_index_test
[7.128s] [ 97%] Built target cartographer.sensor.internal.collator_test
[7.274s] [ 98%] Built target cartographer.mapping.internal.trajectory_connectivity_state_test
[7.298s] [100%] Built target cartographer.mapping.internal.optimization.cost_functions.landmark_cost_function_3d_test
[7.364s] [100%] Built target cartographer.mapping.pose_extrapolator_test
[7.411s] Invoked command in '/home/ubuntu/Desktop/cartographer_ws/build/cartographer' returned '0': CMAKE_PREFIX_PATH=${CMAKE_PREFIX_PATH}:/opt/ros/foxy /usr/bin/cmake --build /home/ubuntu/Desktop/cartographer_ws/build/cartographer -- -j2 -l2
[11.294s] Invoking command in '/home/ubuntu/Desktop/cartographer_ws/build/cartographer': CMAKE_PREFIX_PATH=${CMAKE_PREFIX_PATH}:/opt/ros/foxy /usr/bin/cmake --install /home/ubuntu/Desktop/cartographer_ws/build/cartographer
[11.341s] -- Install configuration: "Release"
[11.343s] -- Up-to-date: /home/ubuntu/Desktop/cartographer_ws/install/cartographer/share/cartographer/package.xml
[11.344s] -- Up-to-date: /home/ubuntu/Desktop/cartographer_ws/install/cartographer/share/cartographer//configuration_files
[11.345s] -- Up-to-date: /home/ubuntu/Desktop/cartographer_ws/install/cartographer/share/cartographer//configuration_files/trajectory_builder_3d.lua
[11.345s] -- Up-to-date: /home/ubuntu/Desktop/cartographer_ws/install/cartographer/share/cartographer//configuration_files/map_builder.lua
[11.346s] -- Up-to-date: /home/ubuntu/Desktop/cartographer_ws/install/cartographer/share/cartographer//configuration_files/pose_graph.lua
[11.346s] -- Up-to-date: /home/ubuntu/Desktop/cartographer_ws/install/cartographer/share/cartographer//configuration_files/trajectory_builder.lua
[11.346s] -- Up-to-date: /home/ubuntu/Desktop/cartographer_ws/install/cartographer/share/cartographer//configuration_files/trajectory_builder_2d.lua
[11.346s] -- Up-to-date: /home/ubuntu/Desktop/cartographer_ws/install/cartographer/share/cartographer//configuration_files/map_builder_server.lua
[11.347s] -- Up-to-date: /home/ubuntu/Desktop/cartographer_ws/install/cartographer/share/cartographer//cmake
[11.347s] -- Up-to-date: /home/ubuntu/Desktop/cartographer_ws/install/cartographer/share/cartographer//cmake/functions.cmake
[11.347s] -- Up-to-date: /home/ubuntu/Desktop/cartographer_ws/install/cartographer/share/cartographer//cmake/modules
[11.347s] -- Up-to-date: /home/ubuntu/Desktop/cartographer_ws/install/cartographer/share/cartographer//cmake/modules/FindGMock.cmake
[11.347s] -- Up-to-date: /home/ubuntu/Desktop/cartographer_ws/install/cartographer/share/cartographer//cmake/modules/FindLuaGoogle.cmake
[11.348s] -- Up-to-date: /home/ubuntu/Desktop/cartographer_ws/install/cartographer/share/cartographer//cmake/modules/FindSphinx.cmake
[11.348s] -- Up-to-date: /home/ubuntu/Desktop/cartographer_ws/install/cartographer/bin/cartographer_autogenerate_ground_truth
[11.348s] -- Up-to-date: /home/ubuntu/Desktop/cartographer_ws/install/cartographer/bin/cartographer_compute_relations_metrics
[11.348s] -- Up-to-date: /home/ubuntu/Desktop/cartographer_ws/install/cartographer/bin/cartographer_migrate_serialization_format
[11.349s] -- Up-to-date: /home/ubuntu/Desktop/cartographer_ws/install/cartographer/lib/libcartographer.a
[11.352s] -- Up-to-date: /home/ubuntu/Desktop/cartographer_ws/install/cartographer/include/cartographer/common/blocking_queue.h
[11.356s] -- Up-to-date: /home/ubuntu/Desktop/cartographer_ws/install/cartographer/include/cartographer/common/ceres_solver_options.h
[11.358s] -- Up-to-date: /home/ubuntu/Desktop/cartographer_ws/install/cartographer/include/cartographer/common/configuration_file_resolver.h
[11.360s] -- Up-to-date: /home/ubuntu/Desktop/cartographer_ws/install/cartographer/include/cartographer/common/fixed_ratio_sampler.h
[11.360s] -- Up-to-date: /home/ubuntu/Desktop/cartographer_ws/install/cartographer/include/cartographer/common/histogram.h
[11.360s] -- Up-to-date: /home/ubuntu/Desktop/cartographer_ws/install/cartographer/include/cartographer/common/lockless_queue.h
[11.361s] -- Up-to-date: /home/ubuntu/Desktop/cartographer_ws/install/cartographer/include/cartographer/common/lua.h
[11.362s] -- Up-to-date: /home/ubuntu/Desktop/cartographer_ws/install/cartographer/include/cartographer/common/lua_parameter_dictionary.h
[11.363s] -- Up-to-date: /home/ubuntu/Desktop/cartographer_ws/install/cartographer/include/cartographer/common/make_unique.h
[11.364s] -- Up-to-date: /home/ubuntu/Desktop/cartographer_ws/install/cartographer/include/cartographer/common/math.h
[11.364s] -- Up-to-date: /home/ubuntu/Desktop/cartographer_ws/install/cartographer/include/cartographer/common/mutex.h
[11.366s] -- Up-to-date: /home/ubuntu/Desktop/cartographer_ws/install/cartographer/include/cartographer/common/optional.h
[11.367s] -- Up-to-date: /home/ubuntu/Desktop/cartographer_ws/install/cartographer/include/cartographer/common/port.h
[11.368s] -- Up-to-date: /home/ubuntu/Desktop/cartographer_ws/install/cartographer/include/cartographer/common/rate_timer.h
[11.369s] -- Up-to-date: /home/ubuntu/Desktop/cartographer_ws/install/cartographer/include/cartographer/common/task.h
[11.369s] -- Up-to-date: /home/ubuntu/Desktop/cartographer_ws/install/cartographer/include/cartographer/common/thread_pool.h
[11.369s] -- Up-to-date: /home/ubuntu/Desktop/cartographer_ws/install/cartographer/include/cartographer/common/time.h
[11.369s] -- Up-to-date: /home/ubuntu/Desktop/cartographer_ws/install/cartographer/include/cartographer/ground_truth/relations_text_file.h
[11.370s] -- Up-to-date: /home/ubuntu/Desktop/cartographer_ws/install/cartographer/include/cartographer/io/color.h
[11.375s] -- Up-to-date: /home/ubuntu/Desktop/cartographer_ws/install/cartographer/include/cartographer/io/coloring_points_processor.h
[11.376s] -- Up-to-date: /home/ubuntu/Desktop/cartographer_ws/install/cartographer/include/cartographer/io/counting_points_processor.h
[11.377s] -- Up-to-date: /home/ubuntu/Desktop/cartographer_ws/install/cartographer/include/cartographer/io/draw_trajectories.h
[11.377s] -- Up-to-date: /home/ubuntu/Desktop/cartographer_ws/install/cartographer/include/cartographer/io/file_writer.h
[11.377s] -- Up-to-date: /home/ubuntu/Desktop/cartographer_ws/install/cartographer/include/cartographer/io/fixed_ratio_sampling_points_processor.h
[11.378s] -- Up-to-date: /home/ubuntu/Desktop/cartographer_ws/install/cartographer/include/cartographer/io/frame_id_filtering_points_processor.h
[11.378s] -- Up-to-date: /home/ubuntu/Desktop/cartographer_ws/install/cartographer/include/cartographer/io/hybrid_grid_points_processor.h
[11.379s] -- Up-to-date: /home/ubuntu/Desktop/cartographer_ws/install/cartographer/include/cartographer/io/image.h
[11.380s] -- Up-to-date: /home/ubuntu/Desktop/cartographer_ws/install/cartographer/include/cartographer/io/intensity_to_color_points_processor.h
[11.381s] -- Up-to-date: /home/ubuntu/Desktop/cartographer_ws/install/cartographer/include/cartographer/io/min_max_range_filtering_points_processor.h
[11.381s] -- Up-to-date: /home/ubuntu/Desktop/cartographer_ws/install/cartographer/include/cartographer/io/null_points_processor.h
[11.382s] -- Up-to-date: /home/ubuntu/Desktop/cartographer_ws/install/cartographer/include/cartographer/io/outlier_removing_points_processor.h
[11.383s] -- Up-to-date: /home/ubuntu/Desktop/cartographer_ws/install/cartographer/include/cartographer/io/pcd_writing_points_processor.h
[11.384s] -- Up-to-date: /home/ubuntu/Desktop/cartographer_ws/install/cartographer/include/cartographer/io/ply_writing_points_processor.h
[11.387s] -- Up-to-date: /home/ubuntu/Desktop/cartographer_ws/install/cartographer/include/cartographer/io/points_batch.h
[11.387s] -- Up-to-date: /home/ubuntu/Desktop/cartographer_ws/install/cartographer/include/cartographer/io/points_processor.h
[11.387s] -- Up-to-date: /home/ubuntu/Desktop/cartographer_ws/install/cartographer/include/cartographer/io/points_processor_pipeline_builder.h
[11.387s] -- Up-to-date: /home/ubuntu/Desktop/cartographer_ws/install/cartographer/include/cartographer/io/probability_grid_points_processor.h
[11.387s] -- Up-to-date: /home/ubuntu/Desktop/cartographer_ws/install/cartographer/include/cartographer/io/proto_stream.h
[11.388s] -- Up-to-date: /home/ubuntu/Desktop/cartographer_ws/install/cartographer/include/cartographer/io/proto_stream_deserializer.h
[11.388s] -- Up-to-date: /home/ubuntu/Desktop/cartographer_ws/install/cartographer/include/cartographer/io/proto_stream_interface.h
[11.388s] -- Up-to-date: /home/ubuntu/Desktop/cartographer_ws/install/cartographer/include/cartographer/io/serialization_format_migration.h
[11.388s] -- Up-to-date: /home/ubuntu/Desktop/cartographer_ws/install/cartographer/include/cartographer/io/submap_painter.h
[11.388s] -- Up-to-date: /home/ubuntu/Desktop/cartographer_ws/install/cartographer/include/cartographer/io/xray_points_processor.h
[11.389s] -- Up-to-date: /home/ubuntu/Desktop/cartographer_ws/install/cartographer/include/cartographer/io/xyz_writing_points_processor.h
[11.390s] -- Up-to-date: /home/ubuntu/Desktop/cartographer_ws/install/cartographer/include/cartographer/mapping/2d/grid_2d.h
[11.390s] -- Up-to-date: /home/ubuntu/Desktop/cartographer_ws/install/cartographer/include/cartographer/mapping/2d/map_limits.h
[11.390s] -- Up-to-date: /home/ubuntu/Desktop/cartographer_ws/install/cartographer/include/cartographer/mapping/2d/probability_grid.h
[11.390s] -- Up-to-date: /home/ubuntu/Desktop/cartographer_ws/install/cartographer/include/cartographer/mapping/2d/probability_grid_range_data_inserter_2d.h
[11.391s] -- Up-to-date: /home/ubuntu/Desktop/cartographer_ws/install/cartographer/include/cartographer/mapping/2d/submap_2d.h
[11.391s] -- Up-to-date: /home/ubuntu/Desktop/cartographer_ws/install/cartographer/include/cartographer/mapping/2d/xy_index.h
[11.393s] -- Up-to-date: /home/ubuntu/Desktop/cartographer_ws/install/cartographer/include/cartographer/mapping/3d/hybrid_grid.h
[11.393s] -- Up-to-date: /home/ubuntu/Desktop/cartographer_ws/install/cartographer/include/cartographer/mapping/3d/range_data_inserter_3d.h
[11.400s] -- Up-to-date: /home/ubuntu/Desktop/cartographer_ws/install/cartographer/include/cartographer/mapping/3d/submap_3d.h
[11.401s] -- Up-to-date: /home/ubuntu/Desktop/cartographer_ws/install/cartographer/include/cartographer/mapping/detect_floors.h
[11.401s] -- Up-to-date: /home/ubuntu/Desktop/cartographer_ws/install/cartographer/include/cartographer/mapping/grid_interface.h
[11.401s] -- Up-to-date: /home/ubuntu/Desktop/cartographer_ws/install/cartographer/include/cartographer/mapping/id.h
[11.402s] -- Up-to-date: /home/ubuntu/Desktop/cartographer_ws/install/cartographer/include/cartographer/mapping/imu_tracker.h
[11.402s] -- Up-to-date: /home/ubuntu/Desktop/cartographer_ws/install/cartographer/include/cartographer/mapping/local_slam_result_data.h
[11.402s] -- Up-to-date: /home/ubuntu/Desktop/cartographer_ws/install/cartographer/include/cartographer/mapping/map_builder.h
[11.402s] -- Up-to-date: /home/ubuntu/Desktop/cartographer_ws/install/cartographer/include/cartographer/mapping/map_builder_interface.h
[11.402s] -- Up-to-date: /home/ubuntu/Desktop/cartographer_ws/install/cartographer/include/cartographer/mapping/pose_extrapolator.h
[11.403s] -- Up-to-date: /home/ubuntu/Desktop/cartographer_ws/install/cartographer/include/cartographer/mapping/pose_graph.h
[11.403s] -- Up-to-date: /home/ubuntu/Desktop/cartographer_ws/install/cartographer/include/cartographer/mapping/pose_graph_interface.h
[11.403s] -- Up-to-date: /home/ubuntu/Desktop/cartographer_ws/install/cartographer/include/cartographer/mapping/pose_graph_trimmer.h
[11.403s] -- Up-to-date: /home/ubuntu/Desktop/cartographer_ws/install/cartographer/include/cartographer/mapping/probability_values.h
[11.403s] -- Up-to-date: /home/ubuntu/Desktop/cartographer_ws/install/cartographer/include/cartographer/mapping/range_data_inserter_interface.h
[11.403s] -- Up-to-date: /home/ubuntu/Desktop/cartographer_ws/install/cartographer/include/cartographer/mapping/submaps.h
[11.404s] -- Up-to-date: /home/ubuntu/Desktop/cartographer_ws/install/cartographer/include/cartographer/mapping/trajectory_builder_interface.h
[11.404s] -- Up-to-date: /home/ubuntu/Desktop/cartographer_ws/install/cartographer/include/cartographer/mapping/trajectory_node.h
[11.404s] -- Up-to-date: /home/ubuntu/Desktop/cartographer_ws/install/cartographer/include/cartographer/metrics/counter.h
[11.404s] -- Up-to-date: /home/ubuntu/Desktop/cartographer_ws/install/cartographer/include/cartographer/metrics/family_factory.h
[11.404s] -- Up-to-date: /home/ubuntu/Desktop/cartographer_ws/install/cartographer/include/cartographer/metrics/gauge.h
[11.404s] -- Up-to-date: /home/ubuntu/Desktop/cartographer_ws/install/cartographer/include/cartographer/metrics/histogram.h
[11.404s] -- Up-to-date: /home/ubuntu/Desktop/cartographer_ws/install/cartographer/include/cartographer/metrics/register.h
[11.405s] -- Up-to-date: /home/ubuntu/Desktop/cartographer_ws/install/cartographer/include/cartographer/sensor/collator_interface.h
[11.405s] -- Up-to-date: /home/ubuntu/Desktop/cartographer_ws/install/cartographer/include/cartographer/sensor/compressed_point_cloud.h
[11.405s] -- Up-to-date: /home/ubuntu/Desktop/cartographer_ws/install/cartographer/include/cartographer/sensor/data.h
[11.405s] -- Up-to-date: /home/ubuntu/Desktop/cartographer_ws/install/cartographer/include/cartographer/sensor/fixed_frame_pose_data.h
[11.405s] -- Up-to-date: /home/ubuntu/Desktop/cartographer_ws/install/cartographer/include/cartographer/sensor/imu_data.h
[11.405s] -- Up-to-date: /home/ubuntu/Desktop/cartographer_ws/install/cartographer/include/cartographer/sensor/landmark_data.h
[11.406s] -- Up-to-date: /home/ubuntu/Desktop/cartographer_ws/install/cartographer/include/cartographer/sensor/map_by_time.h
[11.406s] -- Up-to-date: /home/ubuntu/Desktop/cartographer_ws/install/cartographer/include/cartographer/sensor/odometry_data.h
[11.406s] -- Up-to-date: /home/ubuntu/Desktop/cartographer_ws/install/cartographer/include/cartographer/sensor/point_cloud.h
[11.406s] -- Up-to-date: /home/ubuntu/Desktop/cartographer_ws/install/cartographer/include/cartographer/sensor/range_data.h
[11.406s] -- Up-to-date: /home/ubuntu/Desktop/cartographer_ws/install/cartographer/include/cartographer/sensor/timed_point_cloud_data.h
[11.414s] -- Up-to-date: /home/ubuntu/Desktop/cartographer_ws/install/cartographer/include/cartographer/transform/rigid_transform.h
[11.415s] -- Up-to-date: /home/ubuntu/Desktop/cartographer_ws/install/cartographer/include/cartographer/transform/timestamped_transform.h
[11.415s] -- Up-to-date: /home/ubuntu/Desktop/cartographer_ws/install/cartographer/include/cartographer/transform/transform.h
[11.415s] -- Up-to-date: /home/ubuntu/Desktop/cartographer_ws/install/cartographer/include/cartographer/transform/transform_interpolation_buffer.h
[11.415s] -- Up-to-date: /home/ubuntu/Desktop/cartographer_ws/install/cartographer/include/cartographer/common/lua_parameter_dictionary_test_helpers.h
[11.415s] -- Up-to-date: /home/ubuntu/Desktop/cartographer_ws/install/cartographer/include/cartographer/io/fake_file_writer.h
[11.415s] -- Up-to-date: /home/ubuntu/Desktop/cartographer_ws/install/cartographer/include/cartographer/transform/rigid_transform_test_helpers.h
[11.423s] -- Up-to-date: /home/ubuntu/Desktop/cartographer_ws/install/cartographer/include/cartographer/common/proto/ceres_solver_options.pb.h
[11.423s] -- Up-to-date: /home/ubuntu/Desktop/cartographer_ws/install/cartographer/include/cartographer/ground_truth/proto/relations.pb.h
[11.423s] -- Up-to-date: /home/ubuntu/Desktop/cartographer_ws/install/cartographer/include/cartographer/mapping/proto/2d/cell_limits.pb.h
[11.423s] -- Up-to-date: /home/ubuntu/Desktop/cartographer_ws/install/cartographer/include/cartographer/mapping/proto/2d/grid_2d.pb.h
[11.424s] -- Up-to-date: /home/ubuntu/Desktop/cartographer_ws/install/cartographer/include/cartographer/mapping/proto/2d/grid_2d_options.pb.h
[11.424s] -- Up-to-date: /home/ubuntu/Desktop/cartographer_ws/install/cartographer/include/cartographer/mapping/proto/2d/local_trajectory_builder_options_2d.pb.h
[11.424s] -- Up-to-date: /home/ubuntu/Desktop/cartographer_ws/install/cartographer/include/cartographer/mapping/proto/2d/map_limits.pb.h
[11.424s] -- Up-to-date: /home/ubuntu/Desktop/cartographer_ws/install/cartographer/include/cartographer/mapping/proto/2d/probability_grid.pb.h
[11.424s] -- Up-to-date: /home/ubuntu/Desktop/cartographer_ws/install/cartographer/include/cartographer/mapping/proto/2d/probability_grid_range_data_inserter_options_2d.pb.h
[11.425s] -- Up-to-date: /home/ubuntu/Desktop/cartographer_ws/install/cartographer/include/cartographer/mapping/proto/2d/submaps_options_2d.pb.h
[11.425s] -- Up-to-date: /home/ubuntu/Desktop/cartographer_ws/install/cartographer/include/cartographer/mapping/proto/3d/hybrid_grid.pb.h
[11.425s] -- Up-to-date: /home/ubuntu/Desktop/cartographer_ws/install/cartographer/include/cartographer/mapping/proto/3d/local_trajectory_builder_options_3d.pb.h
[11.425s] -- Up-to-date: /home/ubuntu/Desktop/cartographer_ws/install/cartographer/include/cartographer/mapping/proto/3d/range_data_inserter_options_3d.pb.h
[11.425s] -- Up-to-date: /home/ubuntu/Desktop/cartographer_ws/install/cartographer/include/cartographer/mapping/proto/3d/submaps_options_3d.pb.h
[11.426s] -- Up-to-date: /home/ubuntu/Desktop/cartographer_ws/install/cartographer/include/cartographer/mapping/proto/connected_components.pb.h
[11.426s] -- Up-to-date: /home/ubuntu/Desktop/cartographer_ws/install/cartographer/include/cartographer/mapping/proto/internal/legacy_serialized_data.pb.h
[11.426s] -- Up-to-date: /home/ubuntu/Desktop/cartographer_ws/install/cartographer/include/cartographer/mapping/proto/map_builder_options.pb.h
[11.426s] -- Up-to-date: /home/ubuntu/Desktop/cartographer_ws/install/cartographer/include/cartographer/mapping/proto/motion_filter_options.pb.h
[11.426s] -- Up-to-date: /home/ubuntu/Desktop/cartographer_ws/install/cartographer/include/cartographer/mapping/proto/pose_graph.pb.h
[11.427s] -- Up-to-date: /home/ubuntu/Desktop/cartographer_ws/install/cartographer/include/cartographer/mapping/proto/pose_graph/constraint_builder_options.pb.h
[11.427s] -- Up-to-date: /home/ubuntu/Desktop/cartographer_ws/install/cartographer/include/cartographer/mapping/proto/pose_graph/optimization_problem_options.pb.h
[11.427s] -- Up-to-date: /home/ubuntu/Desktop/cartographer_ws/install/cartographer/include/cartographer/mapping/proto/pose_graph_options.pb.h
[11.427s] -- Up-to-date: /home/ubuntu/Desktop/cartographer_ws/install/cartographer/include/cartographer/mapping/proto/range_data_inserter_options.pb.h
[11.427s] -- Up-to-date: /home/ubuntu/Desktop/cartographer_ws/install/cartographer/include/cartographer/mapping/proto/scan_matching/ceres_scan_matcher_options_2d.pb.h
[11.427s] -- Up-to-date: /home/ubuntu/Desktop/cartographer_ws/install/cartographer/include/cartographer/mapping/proto/scan_matching/ceres_scan_matcher_options_3d.pb.h
[11.427s] -- Up-to-date: /home/ubuntu/Desktop/cartographer_ws/install/cartographer/include/cartographer/mapping/proto/scan_matching/fast_correlative_scan_matcher_options_2d.pb.h
[11.427s] -- Up-to-date: /home/ubuntu/Desktop/cartographer_ws/install/cartographer/include/cartographer/mapping/proto/scan_matching/fast_correlative_scan_matcher_options_3d.pb.h
[11.428s] -- Up-to-date: /home/ubuntu/Desktop/cartographer_ws/install/cartographer/include/cartographer/mapping/proto/scan_matching/real_time_correlative_scan_matcher_options.pb.h
[11.428s] -- Up-to-date: /home/ubuntu/Desktop/cartographer_ws/install/cartographer/include/cartographer/mapping/proto/serialization.pb.h
[11.428s] -- Up-to-date: /home/ubuntu/Desktop/cartographer_ws/install/cartographer/include/cartographer/mapping/proto/submap.pb.h
[11.428s] -- Up-to-date: /home/ubuntu/Desktop/cartographer_ws/install/cartographer/include/cartographer/mapping/proto/submap_visualization.pb.h
[11.428s] -- Up-to-date: /home/ubuntu/Desktop/cartographer_ws/install/cartographer/include/cartographer/mapping/proto/trajectory.pb.h
[11.428s] -- Up-to-date: /home/ubuntu/Desktop/cartographer_ws/install/cartographer/include/cartographer/mapping/proto/trajectory_builder_options.pb.h
[11.429s] -- Up-to-date: /home/ubuntu/Desktop/cartographer_ws/install/cartographer/include/cartographer/mapping/proto/trajectory_node_data.pb.h
[11.429s] -- Up-to-date: /home/ubuntu/Desktop/cartographer_ws/install/cartographer/include/cartographer/sensor/proto/adaptive_voxel_filter_options.pb.h
[11.429s] -- Up-to-date: /home/ubuntu/Desktop/cartographer_ws/install/cartographer/include/cartographer/sensor/proto/sensor.pb.h
[11.429s] -- Up-to-date: /home/ubuntu/Desktop/cartographer_ws/install/cartographer/include/cartographer/transform/proto/transform.pb.h
[11.429s] -- Up-to-date: /home/ubuntu/Desktop/cartographer_ws/install/cartographer/share/cartographer/cmake/CartographerTargets.cmake
[11.429s] -- Up-to-date: /home/ubuntu/Desktop/cartographer_ws/install/cartographer/share/cartographer/cmake/CartographerTargets-release.cmake
[11.431s] -- Up-to-date: /home/ubuntu/Desktop/cartographer_ws/install/cartographer/share/cartographer/cartographer-config.cmake
[11.432s] Invoked command in '/home/ubuntu/Desktop/cartographer_ws/build/cartographer' returned '0': CMAKE_PREFIX_PATH=${CMAKE_PREFIX_PATH}:/opt/ros/foxy /usr/bin/cmake --install /home/ubuntu/Desktop/cartographer_ws/build/cartographer
