[0.510s] DEBUG:colcon:Command line arguments: ['/usr/bin/colcon', 'build', '--packages-select', 'my_cartographer']
[0.510s] DEBUG:colcon:Parsed command line arguments: Namespace(allow_overriding=[], ament_cmake_args=None, base_paths=['.'], build_base='build', catkin_cmake_args=None, catkin_skip_building_tests=False, cmake_args=None, cmake_clean_cache=False, cmake_clean_first=False, cmake_force_configure=False, cmake_target=None, cmake_target_skip_unavailable=False, continue_on_error=False, event_handlers=None, executor='parallel', ignore_user_meta=False, install_base='install', log_base=None, log_level=None, main=<bound method BuildVerb.main of <colcon_core.verb.build.BuildVerb object at 0x7f15db27f490>>, merge_install=False, metas=['./colcon.meta'], packages_above=None, packages_above_and_dependencies=None, packages_above_depth=None, packages_end=None, packages_ignore=None, packages_ignore_regex=None, packages_select=['my_cartographer'], packages_select_build_failed=False, packages_select_by_dep=None, packages_select_regex=None, packages_select_test_failures=False, packages_skip=None, packages_skip_build_finished=False, packages_skip_by_dep=None, packages_skip_regex=None, packages_skip_test_passed=False, packages_skip_up_to=None, packages_start=None, packages_up_to=None, packages_up_to_regex=None, parallel_workers=2, paths=None, symlink_install=False, test_result_base=None, verb_extension=<colcon_core.verb.build.BuildVerb object at 0x7f15db27f490>, verb_name='build', verb_parser=<colcon_defaults.argument_parser.defaults.DefaultArgumentsDecorator object at 0x7f15db155fa0>)
[0.855s] Level 1:colcon.colcon_core.package_discovery:discover_packages(colcon_meta) check parameters
[0.856s] Level 1:colcon.colcon_core.package_discovery:discover_packages(recursive) check parameters
[0.856s] Level 1:colcon.colcon_core.package_discovery:discover_packages(ignore) check parameters
[0.857s] Level 1:colcon.colcon_core.package_discovery:discover_packages(path) check parameters
[0.857s] Level 1:colcon.colcon_core.package_discovery:discover_packages(colcon_meta) discover
[0.857s] Level 1:colcon.colcon_core.package_discovery:discover_packages(recursive) discover
[0.858s] INFO:colcon.colcon_core.package_discovery:Crawling recursively for packages in '/home/ubuntu/Desktop/cartographer_ws'
[0.858s] Level 1:colcon.colcon_core.package_identification:_identify(.) by extensions ['ignore', 'ignore_ament_install']
[0.859s] Level 1:colcon.colcon_core.package_identification:_identify(.) by extension 'ignore'
[0.860s] Level 1:colcon.colcon_core.package_identification:_identify(.) by extension 'ignore_ament_install'
[0.860s] Level 1:colcon.colcon_core.package_identification:_identify(.) by extensions ['colcon_pkg']
[0.861s] Level 1:colcon.colcon_core.package_identification:_identify(.) by extension 'colcon_pkg'
[0.861s] Level 1:colcon.colcon_core.package_identification:_identify(.) by extensions ['colcon_meta']
[0.861s] Level 1:colcon.colcon_core.package_identification:_identify(.) by extension 'colcon_meta'
[0.862s] Level 1:colcon.colcon_core.package_identification:_identify(.) by extensions ['ros']
[0.862s] Level 1:colcon.colcon_core.package_identification:_identify(.) by extension 'ros'
[0.897s] Level 1:colcon.colcon_core.package_identification:_identify(.) by extensions ['cmake', 'python']
[0.898s] Level 1:colcon.colcon_core.package_identification:_identify(.) by extension 'cmake'
[0.898s] Level 1:colcon.colcon_core.package_identification:_identify(.) by extension 'python'
[0.898s] Level 1:colcon.colcon_core.package_identification:_identify(.) by extensions ['python_setup_py']
[0.898s] Level 1:colcon.colcon_core.package_identification:_identify(.) by extension 'python_setup_py'
[0.899s] Level 1:colcon.colcon_core.package_identification:_identify(build) by extensions ['ignore', 'ignore_ament_install']
[0.899s] Level 1:colcon.colcon_core.package_identification:_identify(build) by extension 'ignore'
[0.899s] Level 1:colcon.colcon_core.package_identification:_identify(build) ignored
[0.900s] Level 1:colcon.colcon_core.package_identification:_identify(install) by extensions ['ignore', 'ignore_ament_install']
[0.900s] Level 1:colcon.colcon_core.package_identification:_identify(install) by extension 'ignore'
[0.901s] Level 1:colcon.colcon_core.package_identification:_identify(install) ignored
[0.901s] Level 1:colcon.colcon_core.package_identification:_identify(log) by extensions ['ignore', 'ignore_ament_install']
[0.901s] Level 1:colcon.colcon_core.package_identification:_identify(log) by extension 'ignore'
[0.901s] Level 1:colcon.colcon_core.package_identification:_identify(log) ignored
[0.902s] Level 1:colcon.colcon_core.package_identification:_identify(src) by extensions ['ignore', 'ignore_ament_install']
[0.902s] Level 1:colcon.colcon_core.package_identification:_identify(src) by extension 'ignore'
[0.902s] Level 1:colcon.colcon_core.package_identification:_identify(src) by extension 'ignore_ament_install'
[0.902s] Level 1:colcon.colcon_core.package_identification:_identify(src) by extensions ['colcon_pkg']
[0.903s] Level 1:colcon.colcon_core.package_identification:_identify(src) by extension 'colcon_pkg'
[0.903s] Level 1:colcon.colcon_core.package_identification:_identify(src) by extensions ['colcon_meta']
[0.903s] Level 1:colcon.colcon_core.package_identification:_identify(src) by extension 'colcon_meta'
[0.903s] Level 1:colcon.colcon_core.package_identification:_identify(src) by extensions ['ros']
[0.903s] Level 1:colcon.colcon_core.package_identification:_identify(src) by extension 'ros'
[0.903s] Level 1:colcon.colcon_core.package_identification:_identify(src) by extensions ['cmake', 'python']
[0.903s] Level 1:colcon.colcon_core.package_identification:_identify(src) by extension 'cmake'
[0.904s] Level 1:colcon.colcon_core.package_identification:_identify(src) by extension 'python'
[0.904s] Level 1:colcon.colcon_core.package_identification:_identify(src) by extensions ['python_setup_py']
[0.904s] Level 1:colcon.colcon_core.package_identification:_identify(src) by extension 'python_setup_py'
[0.904s] Level 1:colcon.colcon_core.package_identification:_identify(src/cartographer) by extensions ['ignore', 'ignore_ament_install']
[0.904s] Level 1:colcon.colcon_core.package_identification:_identify(src/cartographer) by extension 'ignore'
[0.905s] Level 1:colcon.colcon_core.package_identification:_identify(src/cartographer) by extension 'ignore_ament_install'
[0.905s] Level 1:colcon.colcon_core.package_identification:_identify(src/cartographer) by extensions ['colcon_pkg']
[0.905s] Level 1:colcon.colcon_core.package_identification:_identify(src/cartographer) by extension 'colcon_pkg'
[0.905s] Level 1:colcon.colcon_core.package_identification:_identify(src/cartographer) by extensions ['colcon_meta']
[0.905s] Level 1:colcon.colcon_core.package_identification:_identify(src/cartographer) by extension 'colcon_meta'
[0.905s] Level 1:colcon.colcon_core.package_identification:_identify(src/cartographer) by extensions ['ros']
[0.905s] Level 1:colcon.colcon_core.package_identification:_identify(src/cartographer) by extension 'ros'
[0.918s] DEBUG:colcon.colcon_core.package_identification:Package 'src/cartographer' with type 'ros.cmake' and name 'cartographer'
[0.919s] Level 1:colcon.colcon_core.package_identification:_identify(src/cartographer_ros) by extensions ['ignore', 'ignore_ament_install']
[0.920s] Level 1:colcon.colcon_core.package_identification:_identify(src/cartographer_ros) by extension 'ignore'
[0.920s] Level 1:colcon.colcon_core.package_identification:_identify(src/cartographer_ros) by extension 'ignore_ament_install'
[0.920s] Level 1:colcon.colcon_core.package_identification:_identify(src/cartographer_ros) by extensions ['colcon_pkg']
[0.920s] Level 1:colcon.colcon_core.package_identification:_identify(src/cartographer_ros) by extension 'colcon_pkg'
[0.920s] Level 1:colcon.colcon_core.package_identification:_identify(src/cartographer_ros) by extensions ['colcon_meta']
[0.921s] Level 1:colcon.colcon_core.package_identification:_identify(src/cartographer_ros) by extension 'colcon_meta'
[0.921s] Level 1:colcon.colcon_core.package_identification:_identify(src/cartographer_ros) by extensions ['ros']
[0.921s] Level 1:colcon.colcon_core.package_identification:_identify(src/cartographer_ros) by extension 'ros'
[0.921s] Level 1:colcon.colcon_core.package_identification:_identify(src/cartographer_ros) by extensions ['cmake', 'python']
[0.921s] Level 1:colcon.colcon_core.package_identification:_identify(src/cartographer_ros) by extension 'cmake'
[0.921s] Level 1:colcon.colcon_core.package_identification:_identify(src/cartographer_ros) by extension 'python'
[0.921s] Level 1:colcon.colcon_core.package_identification:_identify(src/cartographer_ros) by extensions ['python_setup_py']
[0.921s] Level 1:colcon.colcon_core.package_identification:_identify(src/cartographer_ros) by extension 'python_setup_py'
[0.922s] Level 1:colcon.colcon_core.package_identification:_identify(src/cartographer_ros/cartographer_ros) by extensions ['ignore', 'ignore_ament_install']
[0.922s] Level 1:colcon.colcon_core.package_identification:_identify(src/cartographer_ros/cartographer_ros) by extension 'ignore'
[0.922s] Level 1:colcon.colcon_core.package_identification:_identify(src/cartographer_ros/cartographer_ros) by extension 'ignore_ament_install'
[0.922s] Level 1:colcon.colcon_core.package_identification:_identify(src/cartographer_ros/cartographer_ros) by extensions ['colcon_pkg']
[0.922s] Level 1:colcon.colcon_core.package_identification:_identify(src/cartographer_ros/cartographer_ros) by extension 'colcon_pkg'
[0.922s] Level 1:colcon.colcon_core.package_identification:_identify(src/cartographer_ros/cartographer_ros) by extensions ['colcon_meta']
[0.922s] Level 1:colcon.colcon_core.package_identification:_identify(src/cartographer_ros/cartographer_ros) by extension 'colcon_meta'
[0.922s] Level 1:colcon.colcon_core.package_identification:_identify(src/cartographer_ros/cartographer_ros) by extensions ['ros']
[0.922s] Level 1:colcon.colcon_core.package_identification:_identify(src/cartographer_ros/cartographer_ros) by extension 'ros'
[0.927s] DEBUG:colcon.colcon_core.package_identification:Package 'src/cartographer_ros/cartographer_ros' with type 'ros.ament_cmake' and name 'cartographer_ros'
[0.927s] Level 1:colcon.colcon_core.package_identification:_identify(src/cartographer_ros/cartographer_ros_msgs) by extensions ['ignore', 'ignore_ament_install']
[0.928s] Level 1:colcon.colcon_core.package_identification:_identify(src/cartographer_ros/cartographer_ros_msgs) by extension 'ignore'
[0.928s] Level 1:colcon.colcon_core.package_identification:_identify(src/cartographer_ros/cartographer_ros_msgs) by extension 'ignore_ament_install'
[0.928s] Level 1:colcon.colcon_core.package_identification:_identify(src/cartographer_ros/cartographer_ros_msgs) by extensions ['colcon_pkg']
[0.928s] Level 1:colcon.colcon_core.package_identification:_identify(src/cartographer_ros/cartographer_ros_msgs) by extension 'colcon_pkg'
[0.929s] Level 1:colcon.colcon_core.package_identification:_identify(src/cartographer_ros/cartographer_ros_msgs) by extensions ['colcon_meta']
[0.929s] Level 1:colcon.colcon_core.package_identification:_identify(src/cartographer_ros/cartographer_ros_msgs) by extension 'colcon_meta'
[0.929s] Level 1:colcon.colcon_core.package_identification:_identify(src/cartographer_ros/cartographer_ros_msgs) by extensions ['ros']
[0.929s] Level 1:colcon.colcon_core.package_identification:_identify(src/cartographer_ros/cartographer_ros_msgs) by extension 'ros'
[0.931s] DEBUG:colcon.colcon_core.package_identification:Package 'src/cartographer_ros/cartographer_ros_msgs' with type 'ros.ament_cmake' and name 'cartographer_ros_msgs'
[0.931s] Level 1:colcon.colcon_core.package_identification:_identify(src/cartographer_ros/cartographer_rviz) by extensions ['ignore', 'ignore_ament_install']
[0.932s] Level 1:colcon.colcon_core.package_identification:_identify(src/cartographer_ros/cartographer_rviz) by extension 'ignore'
[0.932s] Level 1:colcon.colcon_core.package_identification:_identify(src/cartographer_ros/cartographer_rviz) ignored
[0.932s] Level 1:colcon.colcon_core.package_identification:_identify(src/cartographer_ros/docs) by extensions ['ignore', 'ignore_ament_install']
[0.932s] Level 1:colcon.colcon_core.package_identification:_identify(src/cartographer_ros/docs) by extension 'ignore'
[0.932s] Level 1:colcon.colcon_core.package_identification:_identify(src/cartographer_ros/docs) ignored
[0.933s] Level 1:colcon.colcon_core.package_identification:_identify(src/cartographer_ros/jenkins) by extensions ['ignore', 'ignore_ament_install']
[0.933s] Level 1:colcon.colcon_core.package_identification:_identify(src/cartographer_ros/jenkins) by extension 'ignore'
[0.933s] Level 1:colcon.colcon_core.package_identification:_identify(src/cartographer_ros/jenkins) by extension 'ignore_ament_install'
[0.933s] Level 1:colcon.colcon_core.package_identification:_identify(src/cartographer_ros/jenkins) by extensions ['colcon_pkg']
[0.933s] Level 1:colcon.colcon_core.package_identification:_identify(src/cartographer_ros/jenkins) by extension 'colcon_pkg'
[0.933s] Level 1:colcon.colcon_core.package_identification:_identify(src/cartographer_ros/jenkins) by extensions ['colcon_meta']
[0.933s] Level 1:colcon.colcon_core.package_identification:_identify(src/cartographer_ros/jenkins) by extension 'colcon_meta'
[0.933s] Level 1:colcon.colcon_core.package_identification:_identify(src/cartographer_ros/jenkins) by extensions ['ros']
[0.934s] Level 1:colcon.colcon_core.package_identification:_identify(src/cartographer_ros/jenkins) by extension 'ros'
[0.934s] Level 1:colcon.colcon_core.package_identification:_identify(src/cartographer_ros/jenkins) by extensions ['cmake', 'python']
[0.934s] Level 1:colcon.colcon_core.package_identification:_identify(src/cartographer_ros/jenkins) by extension 'cmake'
[0.934s] Level 1:colcon.colcon_core.package_identification:_identify(src/cartographer_ros/jenkins) by extension 'python'
[0.934s] Level 1:colcon.colcon_core.package_identification:_identify(src/cartographer_ros/jenkins) by extensions ['python_setup_py']
[0.934s] Level 1:colcon.colcon_core.package_identification:_identify(src/cartographer_ros/jenkins) by extension 'python_setup_py'
[0.935s] Level 1:colcon.colcon_core.package_identification:_identify(src/cartographer_ros/scripts) by extensions ['ignore', 'ignore_ament_install']
[0.935s] Level 1:colcon.colcon_core.package_identification:_identify(src/cartographer_ros/scripts) by extension 'ignore'
[0.935s] Level 1:colcon.colcon_core.package_identification:_identify(src/cartographer_ros/scripts) by extension 'ignore_ament_install'
[0.935s] Level 1:colcon.colcon_core.package_identification:_identify(src/cartographer_ros/scripts) by extensions ['colcon_pkg']
[0.935s] Level 1:colcon.colcon_core.package_identification:_identify(src/cartographer_ros/scripts) by extension 'colcon_pkg'
[0.935s] Level 1:colcon.colcon_core.package_identification:_identify(src/cartographer_ros/scripts) by extensions ['colcon_meta']
[0.935s] Level 1:colcon.colcon_core.package_identification:_identify(src/cartographer_ros/scripts) by extension 'colcon_meta'
[0.936s] Level 1:colcon.colcon_core.package_identification:_identify(src/cartographer_ros/scripts) by extensions ['ros']
[0.936s] Level 1:colcon.colcon_core.package_identification:_identify(src/cartographer_ros/scripts) by extension 'ros'
[0.936s] Level 1:colcon.colcon_core.package_identification:_identify(src/cartographer_ros/scripts) by extensions ['cmake', 'python']
[0.936s] Level 1:colcon.colcon_core.package_identification:_identify(src/cartographer_ros/scripts) by extension 'cmake'
[0.936s] Level 1:colcon.colcon_core.package_identification:_identify(src/cartographer_ros/scripts) by extension 'python'
[0.936s] Level 1:colcon.colcon_core.package_identification:_identify(src/cartographer_ros/scripts) by extensions ['python_setup_py']
[0.936s] Level 1:colcon.colcon_core.package_identification:_identify(src/cartographer_ros/scripts) by extension 'python_setup_py'
[0.937s] Level 1:colcon.colcon_core.package_identification:_identify(src/imu) by extensions ['ignore', 'ignore_ament_install']
[0.937s] Level 1:colcon.colcon_core.package_identification:_identify(src/imu) by extension 'ignore'
[0.937s] Level 1:colcon.colcon_core.package_identification:_identify(src/imu) by extension 'ignore_ament_install'
[0.937s] Level 1:colcon.colcon_core.package_identification:_identify(src/imu) by extensions ['colcon_pkg']
[0.937s] Level 1:colcon.colcon_core.package_identification:_identify(src/imu) by extension 'colcon_pkg'
[0.937s] Level 1:colcon.colcon_core.package_identification:_identify(src/imu) by extensions ['colcon_meta']
[0.937s] Level 1:colcon.colcon_core.package_identification:_identify(src/imu) by extension 'colcon_meta'
[0.937s] Level 1:colcon.colcon_core.package_identification:_identify(src/imu) by extensions ['ros']
[0.938s] Level 1:colcon.colcon_core.package_identification:_identify(src/imu) by extension 'ros'
[0.939s] DEBUG:colcon.colcon_core.package_identification:Package 'src/imu' with type 'ros.ament_python' and name 'imu'
[0.940s] Level 1:colcon.colcon_core.package_identification:_identify(src/lslidar_driver) by extensions ['ignore', 'ignore_ament_install']
[0.940s] Level 1:colcon.colcon_core.package_identification:_identify(src/lslidar_driver) by extension 'ignore'
[0.940s] Level 1:colcon.colcon_core.package_identification:_identify(src/lslidar_driver) by extension 'ignore_ament_install'
[0.940s] Level 1:colcon.colcon_core.package_identification:_identify(src/lslidar_driver) by extensions ['colcon_pkg']
[0.940s] Level 1:colcon.colcon_core.package_identification:_identify(src/lslidar_driver) by extension 'colcon_pkg'
[0.940s] Level 1:colcon.colcon_core.package_identification:_identify(src/lslidar_driver) by extensions ['colcon_meta']
[0.940s] Level 1:colcon.colcon_core.package_identification:_identify(src/lslidar_driver) by extension 'colcon_meta'
[0.941s] Level 1:colcon.colcon_core.package_identification:_identify(src/lslidar_driver) by extensions ['ros']
[0.941s] Level 1:colcon.colcon_core.package_identification:_identify(src/lslidar_driver) by extension 'ros'
[0.944s] DEBUG:colcon.colcon_core.package_identification:Package 'src/lslidar_driver' with type 'ros.ament_cmake' and name 'lslidar_driver'
[0.944s] Level 1:colcon.colcon_core.package_identification:_identify(src/lslidar_msgs) by extensions ['ignore', 'ignore_ament_install']
[0.944s] Level 1:colcon.colcon_core.package_identification:_identify(src/lslidar_msgs) by extension 'ignore'
[0.944s] Level 1:colcon.colcon_core.package_identification:_identify(src/lslidar_msgs) by extension 'ignore_ament_install'
[0.944s] Level 1:colcon.colcon_core.package_identification:_identify(src/lslidar_msgs) by extensions ['colcon_pkg']
[0.945s] Level 1:colcon.colcon_core.package_identification:_identify(src/lslidar_msgs) by extension 'colcon_pkg'
[0.945s] Level 1:colcon.colcon_core.package_identification:_identify(src/lslidar_msgs) by extensions ['colcon_meta']
[0.945s] Level 1:colcon.colcon_core.package_identification:_identify(src/lslidar_msgs) by extension 'colcon_meta'
[0.945s] Level 1:colcon.colcon_core.package_identification:_identify(src/lslidar_msgs) by extensions ['ros']
[0.945s] Level 1:colcon.colcon_core.package_identification:_identify(src/lslidar_msgs) by extension 'ros'
[0.947s] DEBUG:colcon.colcon_core.package_identification:Package 'src/lslidar_msgs' with type 'ros.ament_cmake' and name 'lslidar_msgs'
[0.947s] Level 1:colcon.colcon_core.package_identification:_identify(src/my_cartographer) by extensions ['ignore', 'ignore_ament_install']
[0.947s] Level 1:colcon.colcon_core.package_identification:_identify(src/my_cartographer) by extension 'ignore'
[0.947s] Level 1:colcon.colcon_core.package_identification:_identify(src/my_cartographer) by extension 'ignore_ament_install'
[0.947s] Level 1:colcon.colcon_core.package_identification:_identify(src/my_cartographer) by extensions ['colcon_pkg']
[0.948s] Level 1:colcon.colcon_core.package_identification:_identify(src/my_cartographer) by extension 'colcon_pkg'
[0.948s] Level 1:colcon.colcon_core.package_identification:_identify(src/my_cartographer) by extensions ['colcon_meta']
[0.948s] Level 1:colcon.colcon_core.package_identification:_identify(src/my_cartographer) by extension 'colcon_meta'
[0.948s] Level 1:colcon.colcon_core.package_identification:_identify(src/my_cartographer) by extensions ['ros']
[0.948s] Level 1:colcon.colcon_core.package_identification:_identify(src/my_cartographer) by extension 'ros'
[0.950s] DEBUG:colcon.colcon_core.package_identification:Package 'src/my_cartographer' with type 'ros.ament_cmake' and name 'my_cartographer'
[0.950s] Level 1:colcon.colcon_core.package_identification:_identify(src/serial) by extensions ['ignore', 'ignore_ament_install']
[0.951s] Level 1:colcon.colcon_core.package_identification:_identify(src/serial) by extension 'ignore'
[0.951s] Level 1:colcon.colcon_core.package_identification:_identify(src/serial) by extension 'ignore_ament_install'
[0.951s] Level 1:colcon.colcon_core.package_identification:_identify(src/serial) by extensions ['colcon_pkg']
[0.951s] Level 1:colcon.colcon_core.package_identification:_identify(src/serial) by extension 'colcon_pkg'
[0.951s] Level 1:colcon.colcon_core.package_identification:_identify(src/serial) by extensions ['colcon_meta']
[0.952s] Level 1:colcon.colcon_core.package_identification:_identify(src/serial) by extension 'colcon_meta'
[0.952s] Level 1:colcon.colcon_core.package_identification:_identify(src/serial) by extensions ['ros']
[0.952s] Level 1:colcon.colcon_core.package_identification:_identify(src/serial) by extension 'ros'
[0.953s] DEBUG:colcon.colcon_core.package_identification:Package 'src/serial' with type 'ros.ament_cmake' and name 'serial'
[0.954s] Level 1:colcon.colcon_core.package_identification:_identify(src/tf_init) by extensions ['ignore', 'ignore_ament_install']
[0.955s] Level 1:colcon.colcon_core.package_identification:_identify(src/tf_init) by extension 'ignore'
[0.955s] Level 1:colcon.colcon_core.package_identification:_identify(src/tf_init) by extension 'ignore_ament_install'
[0.955s] Level 1:colcon.colcon_core.package_identification:_identify(src/tf_init) by extensions ['colcon_pkg']
[0.955s] Level 1:colcon.colcon_core.package_identification:_identify(src/tf_init) by extension 'colcon_pkg'
[0.955s] Level 1:colcon.colcon_core.package_identification:_identify(src/tf_init) by extensions ['colcon_meta']
[0.955s] Level 1:colcon.colcon_core.package_identification:_identify(src/tf_init) by extension 'colcon_meta'
[0.955s] Level 1:colcon.colcon_core.package_identification:_identify(src/tf_init) by extensions ['ros']
[0.956s] Level 1:colcon.colcon_core.package_identification:_identify(src/tf_init) by extension 'ros'
[0.957s] DEBUG:colcon.colcon_core.package_identification:Package 'src/tf_init' with type 'ros.ament_python' and name 'tf_init'
[0.957s] Level 1:colcon.colcon_core.package_discovery:discover_packages(recursive) using defaults
[0.957s] Level 1:colcon.colcon_core.package_discovery:discover_packages(ignore) discover
[0.957s] Level 1:colcon.colcon_core.package_discovery:discover_packages(ignore) using defaults
[0.957s] Level 1:colcon.colcon_core.package_discovery:discover_packages(path) discover
[0.957s] Level 1:colcon.colcon_core.package_discovery:discover_packages(path) using defaults
[1.011s] INFO:colcon.colcon_core.package_selection:Skipping not selected package 'cartographer' in 'src/cartographer'
[1.011s] INFO:colcon.colcon_core.package_selection:Skipping not selected package 'cartographer_ros_msgs' in 'src/cartographer_ros/cartographer_ros_msgs'
[1.011s] INFO:colcon.colcon_core.package_selection:Skipping not selected package 'imu' in 'src/imu'
[1.011s] INFO:colcon.colcon_core.package_selection:Skipping not selected package 'lslidar_msgs' in 'src/lslidar_msgs'
[1.011s] INFO:colcon.colcon_core.package_selection:Skipping not selected package 'serial' in 'src/serial'
[1.011s] INFO:colcon.colcon_core.package_selection:Skipping not selected package 'tf_init' in 'src/tf_init'
[1.011s] INFO:colcon.colcon_core.package_selection:Skipping not selected package 'cartographer_ros' in 'src/cartographer_ros/cartographer_ros'
[1.012s] INFO:colcon.colcon_core.package_selection:Skipping not selected package 'lslidar_driver' in 'src/lslidar_driver'
[1.012s] Level 1:colcon.colcon_core.package_discovery:discover_packages(prefix_path) check parameters
[1.013s] Level 1:colcon.colcon_core.package_discovery:discover_packages(prefix_path) discover
[1.020s] DEBUG:colcon.colcon_installed_package_information.package_discovery:Found 10 installed packages in /home/ubuntu/Desktop/cartographer_ws/install
[1.023s] DEBUG:colcon.colcon_installed_package_information.package_discovery:Found 258 installed packages in /opt/ros/foxy
[1.029s] Level 1:colcon.colcon_core.package_discovery:discover_packages(prefix_path) using defaults
[1.209s] Level 5:colcon.colcon_core.verb:set package 'my_cartographer' build argument 'cmake_args' from command line to 'None'
[1.209s] Level 5:colcon.colcon_core.verb:set package 'my_cartographer' build argument 'cmake_target' from command line to 'None'
[1.209s] Level 5:colcon.colcon_core.verb:set package 'my_cartographer' build argument 'cmake_target_skip_unavailable' from command line to 'False'
[1.210s] Level 5:colcon.colcon_core.verb:set package 'my_cartographer' build argument 'cmake_clean_cache' from command line to 'False'
[1.210s] Level 5:colcon.colcon_core.verb:set package 'my_cartographer' build argument 'cmake_clean_first' from command line to 'False'
[1.210s] Level 5:colcon.colcon_core.verb:set package 'my_cartographer' build argument 'cmake_force_configure' from command line to 'False'
[1.210s] Level 5:colcon.colcon_core.verb:set package 'my_cartographer' build argument 'ament_cmake_args' from command line to 'None'
[1.210s] Level 5:colcon.colcon_core.verb:set package 'my_cartographer' build argument 'catkin_cmake_args' from command line to 'None'
[1.210s] Level 5:colcon.colcon_core.verb:set package 'my_cartographer' build argument 'catkin_skip_building_tests' from command line to 'False'
[1.210s] DEBUG:colcon.colcon_core.verb:Building package 'my_cartographer' with the following arguments: {'ament_cmake_args': None, 'build_base': '/home/ubuntu/Desktop/cartographer_ws/build/my_cartographer', 'catkin_cmake_args': None, 'catkin_skip_building_tests': False, 'cmake_args': None, 'cmake_clean_cache': False, 'cmake_clean_first': False, 'cmake_force_configure': False, 'cmake_target': None, 'cmake_target_skip_unavailable': False, 'install_base': '/home/ubuntu/Desktop/cartographer_ws/install/my_cartographer', 'merge_install': False, 'path': '/home/ubuntu/Desktop/cartographer_ws/src/my_cartographer', 'symlink_install': False, 'test_result_base': None}
[1.210s] INFO:colcon.colcon_core.executor:Executing jobs using 'parallel' executor
[1.211s] DEBUG:colcon.colcon_parallel_executor.executor.parallel:run_until_complete
[1.211s] INFO:colcon.colcon_ros.task.ament_cmake.build:Building ROS package in '/home/ubuntu/Desktop/cartographer_ws/src/my_cartographer' with build type 'ament_cmake'
[1.211s] INFO:colcon.colcon_cmake.task.cmake.build:Building CMake package in '/home/ubuntu/Desktop/cartographer_ws/src/my_cartographer'
[1.213s] INFO:colcon.colcon_core.plugin_system:Skipping extension 'colcon_core.shell.bat': Not used on non-Windows systems
[1.213s] INFO:colcon.colcon_core.shell:Skip shell extension 'powershell' for command environment: Not usable outside of PowerShell
[1.214s] DEBUG:colcon.colcon_core.shell:Skip shell extension 'dsv' for command environment
[1.240s] DEBUG:colcon.colcon_core.event_handler.log_command:Invoking command in '/home/ubuntu/Desktop/cartographer_ws/build/my_cartographer': CMAKE_PREFIX_PATH=/home/ubuntu/Desktop/cartographer_ws/install/tf_init:/home/ubuntu/Desktop/cartographer_ws/install/imu:/opt/ros/foxy:${CMAKE_PREFIX_PATH} /usr/bin/cmake --build /home/ubuntu/Desktop/cartographer_ws/build/my_cartographer -- -j2 -l2
[1.429s] DEBUG:colcon.colcon_core.event_handler.log_command:Invoked command in '/home/ubuntu/Desktop/cartographer_ws/build/my_cartographer' returned '0': CMAKE_PREFIX_PATH=/home/ubuntu/Desktop/cartographer_ws/install/tf_init:/home/ubuntu/Desktop/cartographer_ws/install/imu:/opt/ros/foxy:${CMAKE_PREFIX_PATH} /usr/bin/cmake --build /home/ubuntu/Desktop/cartographer_ws/build/my_cartographer -- -j2 -l2
[1.606s] DEBUG:colcon.colcon_core.event_handler.log_command:Invoking command in '/home/ubuntu/Desktop/cartographer_ws/build/my_cartographer': CMAKE_PREFIX_PATH=/home/ubuntu/Desktop/cartographer_ws/install/tf_init:/home/ubuntu/Desktop/cartographer_ws/install/imu:/opt/ros/foxy:${CMAKE_PREFIX_PATH} /usr/bin/cmake --install /home/ubuntu/Desktop/cartographer_ws/build/my_cartographer
[1.740s] Level 1:colcon.colcon_core.environment:create_environment_scripts_only(my_cartographer)
[1.743s] DEBUG:colcon.colcon_core.event_handler.log_command:Invoked command in '/home/ubuntu/Desktop/cartographer_ws/build/my_cartographer' returned '0': CMAKE_PREFIX_PATH=/home/ubuntu/Desktop/cartographer_ws/install/tf_init:/home/ubuntu/Desktop/cartographer_ws/install/imu:/opt/ros/foxy:${CMAKE_PREFIX_PATH} /usr/bin/cmake --install /home/ubuntu/Desktop/cartographer_ws/build/my_cartographer
[1.753s] Level 1:colcon.colcon_core.environment:checking '/home/ubuntu/Desktop/cartographer_ws/install/my_cartographer' for CMake module files
[1.755s] Level 1:colcon.colcon_core.environment:checking '/home/ubuntu/Desktop/cartographer_ws/install/my_cartographer' for CMake config files
[1.756s] Level 1:colcon.colcon_core.shell:create_environment_hook('my_cartographer', 'cmake_prefix_path')
[1.757s] INFO:colcon.colcon_core.shell:Creating environment hook '/home/ubuntu/Desktop/cartographer_ws/install/my_cartographer/share/my_cartographer/hook/cmake_prefix_path.ps1'
[1.761s] INFO:colcon.colcon_core.shell:Creating environment descriptor '/home/ubuntu/Desktop/cartographer_ws/install/my_cartographer/share/my_cartographer/hook/cmake_prefix_path.dsv'
[1.762s] INFO:colcon.colcon_core.shell:Creating environment hook '/home/ubuntu/Desktop/cartographer_ws/install/my_cartographer/share/my_cartographer/hook/cmake_prefix_path.sh'
[1.765s] Level 1:colcon.colcon_core.environment:checking '/home/ubuntu/Desktop/cartographer_ws/install/my_cartographer/bin'
[1.766s] Level 1:colcon.colcon_core.environment:checking '/home/ubuntu/Desktop/cartographer_ws/install/my_cartographer/lib/pkgconfig/my_cartographer.pc'
[1.767s] Level 1:colcon.colcon_core.environment:checking '/home/ubuntu/Desktop/cartographer_ws/install/my_cartographer/lib/python3.8/site-packages'
[1.767s] Level 1:colcon.colcon_core.environment:checking '/home/ubuntu/Desktop/cartographer_ws/install/my_cartographer/bin'
[1.771s] INFO:colcon.colcon_core.shell:Creating package script '/home/ubuntu/Desktop/cartographer_ws/install/my_cartographer/share/my_cartographer/package.ps1'
[1.773s] INFO:colcon.colcon_core.shell:Creating package descriptor '/home/ubuntu/Desktop/cartographer_ws/install/my_cartographer/share/my_cartographer/package.dsv'
[1.775s] INFO:colcon.colcon_core.shell:Creating package script '/home/ubuntu/Desktop/cartographer_ws/install/my_cartographer/share/my_cartographer/package.sh'
[1.777s] INFO:colcon.colcon_core.shell:Creating package script '/home/ubuntu/Desktop/cartographer_ws/install/my_cartographer/share/my_cartographer/package.bash'
[1.781s] INFO:colcon.colcon_core.shell:Creating package script '/home/ubuntu/Desktop/cartographer_ws/install/my_cartographer/share/my_cartographer/package.zsh'
[1.784s] Level 1:colcon.colcon_core.environment:create_file_with_runtime_dependencies(/home/ubuntu/Desktop/cartographer_ws/install/my_cartographer/share/colcon-core/packages/my_cartographer)
[1.918s] Level 1:colcon.colcon_core.environment:create_environment_scripts_only(my_cartographer)
[1.919s] Level 1:colcon.colcon_core.environment:checking '/home/ubuntu/Desktop/cartographer_ws/install/my_cartographer' for CMake module files
[1.921s] Level 1:colcon.colcon_core.environment:checking '/home/ubuntu/Desktop/cartographer_ws/install/my_cartographer' for CMake config files
[1.922s] Level 1:colcon.colcon_core.shell:create_environment_hook('my_cartographer', 'cmake_prefix_path')
[1.923s] INFO:colcon.colcon_core.shell:Creating environment hook '/home/ubuntu/Desktop/cartographer_ws/install/my_cartographer/share/my_cartographer/hook/cmake_prefix_path.ps1'
[1.925s] INFO:colcon.colcon_core.shell:Creating environment descriptor '/home/ubuntu/Desktop/cartographer_ws/install/my_cartographer/share/my_cartographer/hook/cmake_prefix_path.dsv'
[1.927s] INFO:colcon.colcon_core.shell:Creating environment hook '/home/ubuntu/Desktop/cartographer_ws/install/my_cartographer/share/my_cartographer/hook/cmake_prefix_path.sh'
[1.932s] Level 1:colcon.colcon_core.environment:checking '/home/ubuntu/Desktop/cartographer_ws/install/my_cartographer/bin'
[1.932s] Level 1:colcon.colcon_core.environment:checking '/home/ubuntu/Desktop/cartographer_ws/install/my_cartographer/lib/pkgconfig/my_cartographer.pc'
[1.933s] Level 1:colcon.colcon_core.environment:checking '/home/ubuntu/Desktop/cartographer_ws/install/my_cartographer/lib/python3.8/site-packages'
[1.935s] Level 1:colcon.colcon_core.environment:checking '/home/ubuntu/Desktop/cartographer_ws/install/my_cartographer/bin'
[1.936s] INFO:colcon.colcon_core.shell:Creating package script '/home/ubuntu/Desktop/cartographer_ws/install/my_cartographer/share/my_cartographer/package.ps1'
[1.941s] INFO:colcon.colcon_core.shell:Creating package descriptor '/home/ubuntu/Desktop/cartographer_ws/install/my_cartographer/share/my_cartographer/package.dsv'
[1.942s] INFO:colcon.colcon_core.shell:Creating package script '/home/ubuntu/Desktop/cartographer_ws/install/my_cartographer/share/my_cartographer/package.sh'
[1.946s] INFO:colcon.colcon_core.shell:Creating package script '/home/ubuntu/Desktop/cartographer_ws/install/my_cartographer/share/my_cartographer/package.bash'
[1.948s] INFO:colcon.colcon_core.shell:Creating package script '/home/ubuntu/Desktop/cartographer_ws/install/my_cartographer/share/my_cartographer/package.zsh'
[1.950s] Level 1:colcon.colcon_core.environment:create_file_with_runtime_dependencies(/home/ubuntu/Desktop/cartographer_ws/install/my_cartographer/share/colcon-core/packages/my_cartographer)
[1.959s] DEBUG:colcon.colcon_parallel_executor.executor.parallel:closing loop
[1.962s] DEBUG:colcon.colcon_parallel_executor.executor.parallel:loop closed
[1.962s] DEBUG:colcon.colcon_parallel_executor.executor.parallel:run_until_complete finished with '0'
[1.962s] DEBUG:colcon.colcon_core.event_reactor:joining thread
[1.984s] INFO:colcon.colcon_core.plugin_system:Skipping extension 'colcon_notification.desktop_notification.terminal_notifier': Not used on non-Darwin systems
[1.984s] INFO:colcon.colcon_core.plugin_system:Skipping extension 'colcon_notification.desktop_notification.win32': Not used on non-Windows systems
[1.985s] INFO:colcon.colcon_notification.desktop_notification:Sending desktop notification using 'notify2'
[2.046s] DEBUG:colcon.colcon_core.event_reactor:joined thread
[2.047s] INFO:colcon.colcon_core.shell:Creating prefix script '/home/ubuntu/Desktop/cartographer_ws/install/local_setup.ps1'
[2.050s] INFO:colcon.colcon_core.shell:Creating prefix util module '/home/ubuntu/Desktop/cartographer_ws/install/_local_setup_util_ps1.py'
[2.054s] INFO:colcon.colcon_core.shell:Creating prefix chain script '/home/ubuntu/Desktop/cartographer_ws/install/setup.ps1'
[2.064s] INFO:colcon.colcon_core.shell:Creating prefix script '/home/ubuntu/Desktop/cartographer_ws/install/local_setup.sh'
[2.067s] INFO:colcon.colcon_core.shell:Creating prefix util module '/home/ubuntu/Desktop/cartographer_ws/install/_local_setup_util_sh.py'
[2.073s] INFO:colcon.colcon_core.shell:Creating prefix chain script '/home/ubuntu/Desktop/cartographer_ws/install/setup.sh'
[2.077s] INFO:colcon.colcon_core.shell:Creating prefix script '/home/ubuntu/Desktop/cartographer_ws/install/local_setup.bash'
[2.079s] INFO:colcon.colcon_core.shell:Creating prefix chain script '/home/ubuntu/Desktop/cartographer_ws/install/setup.bash'
[2.088s] INFO:colcon.colcon_core.shell:Creating prefix script '/home/ubuntu/Desktop/cartographer_ws/install/local_setup.zsh'
[2.090s] INFO:colcon.colcon_core.shell:Creating prefix chain script '/home/ubuntu/Desktop/cartographer_ws/install/setup.zsh'
