[0.083s] Invoking command in '/home/ubuntu/Desktop/cartographer_ws/build/serial': CMAKE_PREFIX_PATH=/home/ubuntu/Desktop/cartographer_ws/install/tf_init:/home/ubuntu/Desktop/cartographer_ws/install/imu:/opt/ros/foxy:${CMAKE_PREFIX_PATH} /usr/bin/cmake --build /home/ubuntu/Desktop/cartographer_ws/build/serial -- -j2 -l2
[0.528s] [100%] Built target serial
[0.606s] Invoked command in '/home/ubuntu/Desktop/cartographer_ws/build/serial' returned '0': CMAKE_PREFIX_PATH=/home/ubuntu/Desktop/cartographer_ws/install/tf_init:/home/ubuntu/Desktop/cartographer_ws/install/imu:/opt/ros/foxy:${CMAKE_PREFIX_PATH} /usr/bin/cmake --build /home/ubuntu/Desktop/cartographer_ws/build/serial -- -j2 -l2
[1.015s] Invoking command in '/home/ubuntu/Desktop/cartographer_ws/build/serial': CMAKE_PREFIX_PATH=/home/ubuntu/Desktop/cartographer_ws/install/tf_init:/home/ubuntu/Desktop/cartographer_ws/install/imu:/opt/ros/foxy:${CMAKE_PREFIX_PATH} /usr/bin/cmake --install /home/ubuntu/Desktop/cartographer_ws/build/serial
[1.107s] -- Install configuration: ""
[1.112s] -- Up-to-date: /home/ubuntu/Desktop/cartographer_ws/install/serial/share/serial/environment/library_path.sh
[1.112s] -- Up-to-date: /home/ubuntu/Desktop/cartographer_ws/install/serial/share/serial/environment/library_path.dsv
[1.112s] -- Up-to-date: /home/ubuntu/Desktop/cartographer_ws/install/serial/lib/libserial.so
[1.113s] -- Up-to-date: /home/ubuntu/Desktop/cartographer_ws/install/serial/include/serial/serial.h
[1.113s] -- Up-to-date: /home/ubuntu/Desktop/cartographer_ws/install/serial/include/serial/v8stdint.h
[1.113s] -- Up-to-date: /home/ubuntu/Desktop/cartographer_ws/install/serial/share/ament_index/resource_index/package_run_dependencies/serial
[1.113s] -- Up-to-date: /home/ubuntu/Desktop/cartographer_ws/install/serial/share/ament_index/resource_index/parent_prefix_path/serial
[1.115s] -- Up-to-date: /home/ubuntu/Desktop/cartographer_ws/install/serial/share/serial/environment/ament_prefix_path.sh
[1.115s] -- Up-to-date: /home/ubuntu/Desktop/cartographer_ws/install/serial/share/serial/environment/ament_prefix_path.dsv
[1.115s] -- Up-to-date: /home/ubuntu/Desktop/cartographer_ws/install/serial/share/serial/environment/path.sh
[1.115s] -- Up-to-date: /home/ubuntu/Desktop/cartographer_ws/install/serial/share/serial/environment/path.dsv
[1.123s] -- Up-to-date: /home/ubuntu/Desktop/cartographer_ws/install/serial/share/serial/local_setup.bash
[1.123s] -- Up-to-date: /home/ubuntu/Desktop/cartographer_ws/install/serial/share/serial/local_setup.sh
[1.123s] -- Up-to-date: /home/ubuntu/Desktop/cartographer_ws/install/serial/share/serial/local_setup.zsh
[1.124s] -- Up-to-date: /home/ubuntu/Desktop/cartographer_ws/install/serial/share/serial/local_setup.dsv
[1.124s] -- Installing: /home/ubuntu/Desktop/cartographer_ws/install/serial/share/serial/package.dsv
[1.124s] -- Up-to-date: /home/ubuntu/Desktop/cartographer_ws/install/serial/share/ament_index/resource_index/packages/serial
[1.124s] -- Up-to-date: /home/ubuntu/Desktop/cartographer_ws/install/serial/share/serial/cmake/ament_cmake_export_include_directories-extras.cmake
[1.124s] -- Up-to-date: /home/ubuntu/Desktop/cartographer_ws/install/serial/share/serial/cmake/ament_cmake_export_libraries-extras.cmake
[1.124s] -- Up-to-date: /home/ubuntu/Desktop/cartographer_ws/install/serial/share/serial/cmake/serialConfig.cmake
[1.125s] -- Up-to-date: /home/ubuntu/Desktop/cartographer_ws/install/serial/share/serial/cmake/serialConfig-version.cmake
[1.139s] -- Up-to-date: /home/ubuntu/Desktop/cartographer_ws/install/serial/share/serial/package.xml
[1.143s] Invoked command in '/home/ubuntu/Desktop/cartographer_ws/build/serial' returned '0': CMAKE_PREFIX_PATH=/home/ubuntu/Desktop/cartographer_ws/install/tf_init:/home/ubuntu/Desktop/cartographer_ws/install/imu:/opt/ros/foxy:${CMAKE_PREFIX_PATH} /usr/bin/cmake --install /home/ubuntu/Desktop/cartographer_ws/build/serial
