[0.053s] Invoking command in '/home/jetson/Desktop/cartographer_ws/build/lslidar_msgs': CMAKE_PREFIX_PATH=${CMAKE_PREFIX_PATH}:/opt/ros/foxy /usr/bin/cmake --build /home/jetson/Desktop/cartographer_ws/build/lslidar_msgs -- -j6 -l6
[0.275s] [  1%] Built target lslidar_msgs__cpp
[0.281s] [ 12%] Built target lslidar_msgs__rosidl_generator_c
[0.364s] [ 25%] Built target lslidar_msgs__rosidl_typesupport_introspection_cpp
[0.364s] [ 34%] Built target lslidar_msgs__rosidl_typesupport_c
[0.383s] [ 46%] Built target lslidar_msgs__rosidl_typesupport_fastrtps_cpp
[0.384s] [ 57%] Built target lslidar_msgs__rosidl_typesupport_introspection_c
[0.403s] [ 68%] Built target lslidar_msgs__rosidl_typesupport_cpp
[0.465s] [ 79%] Built target lslidar_msgs__rosidl_typesupport_fastrtps_c
[0.515s] [ 79%] Built target lslidar_msgs
[0.570s] [ 80%] Built target lslidar_msgs__py
[0.645s] [ 90%] Built target lslidar_msgs__python
[0.709s] [ 96%] Built target lslidar_msgs__rosidl_typesupport_c__pyext
[0.709s] [ 96%] Built target lslidar_msgs__rosidl_typesupport_introspection_c__pyext
[0.711s] [100%] Built target lslidar_msgs__rosidl_typesupport_fastrtps_c__pyext
[0.745s] Invoked command in '/home/jetson/Desktop/cartographer_ws/build/lslidar_msgs' returned '0': CMAKE_PREFIX_PATH=${CMAKE_PREFIX_PATH}:/opt/ros/foxy /usr/bin/cmake --build /home/jetson/Desktop/cartographer_ws/build/lslidar_msgs -- -j6 -l6
[1.053s] Invoking command in '/home/jetson/Desktop/cartographer_ws/build/lslidar_msgs': CMAKE_PREFIX_PATH=${CMAKE_PREFIX_PATH}:/opt/ros/foxy /usr/bin/cmake --install /home/jetson/Desktop/cartographer_ws/build/lslidar_msgs
[1.076s] -- Install configuration: ""
[1.077s] -- Up-to-date: /home/jetson/Desktop/cartographer_ws/install/lslidar_msgs/share/ament_index/resource_index/rosidl_interfaces/lslidar_msgs
[1.077s] -- Up-to-date: /home/jetson/Desktop/cartographer_ws/install/lslidar_msgs/include/lslidar_msgs
[1.077s] -- Up-to-date: /home/jetson/Desktop/cartographer_ws/install/lslidar_msgs/include/lslidar_msgs/msg
[1.078s] -- Up-to-date: /home/jetson/Desktop/cartographer_ws/install/lslidar_msgs/include/lslidar_msgs/msg/lslidar_sweep.h
[1.078s] -- Up-to-date: /home/jetson/Desktop/cartographer_ws/install/lslidar_msgs/include/lslidar_msgs/msg/lslidar_difop.h
[1.078s] -- Up-to-date: /home/jetson/Desktop/cartographer_ws/install/lslidar_msgs/include/lslidar_msgs/msg/detail
[1.079s] -- Up-to-date: /home/jetson/Desktop/cartographer_ws/install/lslidar_msgs/include/lslidar_msgs/msg/detail/lslidar_point__struct.h
[1.079s] -- Up-to-date: /home/jetson/Desktop/cartographer_ws/install/lslidar_msgs/include/lslidar_msgs/msg/detail/lslidar_packet__functions.h
[1.079s] -- Up-to-date: /home/jetson/Desktop/cartographer_ws/install/lslidar_msgs/include/lslidar_msgs/msg/detail/lslidar_scan__functions.c
[1.079s] -- Up-to-date: /home/jetson/Desktop/cartographer_ws/install/lslidar_msgs/include/lslidar_msgs/msg/detail/lslidar_scan__functions.h
[1.079s] -- Up-to-date: /home/jetson/Desktop/cartographer_ws/install/lslidar_msgs/include/lslidar_msgs/msg/detail/lslidar_sweep__struct.h
[1.080s] -- Up-to-date: /home/jetson/Desktop/cartographer_ws/install/lslidar_msgs/include/lslidar_msgs/msg/detail/lslidar_difop__functions.h
[1.080s] -- Up-to-date: /home/jetson/Desktop/cartographer_ws/install/lslidar_msgs/include/lslidar_msgs/msg/detail/lslidar_difop__struct.h
[1.080s] -- Up-to-date: /home/jetson/Desktop/cartographer_ws/install/lslidar_msgs/include/lslidar_msgs/msg/detail/lslidar_sweep__type_support.h
[1.081s] -- Up-to-date: /home/jetson/Desktop/cartographer_ws/install/lslidar_msgs/include/lslidar_msgs/msg/detail/lslidar_point__functions.c
[1.081s] -- Up-to-date: /home/jetson/Desktop/cartographer_ws/install/lslidar_msgs/include/lslidar_msgs/msg/detail/lslidar_point__functions.h
[1.081s] -- Up-to-date: /home/jetson/Desktop/cartographer_ws/install/lslidar_msgs/include/lslidar_msgs/msg/detail/lslidar_scan__type_support.h
[1.081s] -- Up-to-date: /home/jetson/Desktop/cartographer_ws/install/lslidar_msgs/include/lslidar_msgs/msg/detail/lslidar_sweep__functions.h
[1.081s] -- Up-to-date: /home/jetson/Desktop/cartographer_ws/install/lslidar_msgs/include/lslidar_msgs/msg/detail/lslidar_point__type_support.h
[1.081s] -- Up-to-date: /home/jetson/Desktop/cartographer_ws/install/lslidar_msgs/include/lslidar_msgs/msg/detail/lslidar_difop__functions.c
[1.082s] -- Up-to-date: /home/jetson/Desktop/cartographer_ws/install/lslidar_msgs/include/lslidar_msgs/msg/detail/lslidar_difop__type_support.h
[1.082s] -- Up-to-date: /home/jetson/Desktop/cartographer_ws/install/lslidar_msgs/include/lslidar_msgs/msg/detail/lslidar_sweep__functions.c
[1.082s] -- Up-to-date: /home/jetson/Desktop/cartographer_ws/install/lslidar_msgs/include/lslidar_msgs/msg/detail/lslidar_packet__type_support.h
[1.082s] -- Up-to-date: /home/jetson/Desktop/cartographer_ws/install/lslidar_msgs/include/lslidar_msgs/msg/detail/lslidar_scan__struct.h
[1.082s] -- Up-to-date: /home/jetson/Desktop/cartographer_ws/install/lslidar_msgs/include/lslidar_msgs/msg/detail/lslidar_packet__functions.c
[1.082s] -- Up-to-date: /home/jetson/Desktop/cartographer_ws/install/lslidar_msgs/include/lslidar_msgs/msg/detail/lslidar_packet__struct.h
[1.083s] -- Up-to-date: /home/jetson/Desktop/cartographer_ws/install/lslidar_msgs/include/lslidar_msgs/msg/rosidl_generator_c__visibility_control.h
[1.083s] -- Up-to-date: /home/jetson/Desktop/cartographer_ws/install/lslidar_msgs/include/lslidar_msgs/msg/lslidar_packet.h
[1.083s] -- Up-to-date: /home/jetson/Desktop/cartographer_ws/install/lslidar_msgs/include/lslidar_msgs/msg/lslidar_point.h
[1.083s] -- Up-to-date: /home/jetson/Desktop/cartographer_ws/install/lslidar_msgs/include/lslidar_msgs/msg/lslidar_scan.h
[1.083s] -- Up-to-date: /home/jetson/Desktop/cartographer_ws/install/lslidar_msgs/share/lslidar_msgs/environment/library_path.sh
[1.083s] -- Up-to-date: /home/jetson/Desktop/cartographer_ws/install/lslidar_msgs/share/lslidar_msgs/environment/library_path.dsv
[1.084s] -- Up-to-date: /home/jetson/Desktop/cartographer_ws/install/lslidar_msgs/lib/liblslidar_msgs__rosidl_generator_c.so
[1.084s] -- Up-to-date: /home/jetson/Desktop/cartographer_ws/install/lslidar_msgs/include/lslidar_msgs
[1.084s] -- Up-to-date: /home/jetson/Desktop/cartographer_ws/install/lslidar_msgs/include/lslidar_msgs/msg
[1.084s] -- Up-to-date: /home/jetson/Desktop/cartographer_ws/install/lslidar_msgs/include/lslidar_msgs/msg/detail
[1.084s] -- Up-to-date: /home/jetson/Desktop/cartographer_ws/install/lslidar_msgs/include/lslidar_msgs/msg/detail/lslidar_sweep__rosidl_typesupport_fastrtps_c.h
[1.084s] -- Up-to-date: /home/jetson/Desktop/cartographer_ws/install/lslidar_msgs/include/lslidar_msgs/msg/detail/lslidar_scan__rosidl_typesupport_fastrtps_c.h
[1.085s] -- Up-to-date: /home/jetson/Desktop/cartographer_ws/install/lslidar_msgs/include/lslidar_msgs/msg/detail/lslidar_point__rosidl_typesupport_fastrtps_c.h
[1.085s] -- Up-to-date: /home/jetson/Desktop/cartographer_ws/install/lslidar_msgs/include/lslidar_msgs/msg/detail/lslidar_difop__rosidl_typesupport_fastrtps_c.h
[1.085s] -- Up-to-date: /home/jetson/Desktop/cartographer_ws/install/lslidar_msgs/include/lslidar_msgs/msg/detail/lslidar_packet__rosidl_typesupport_fastrtps_c.h
[1.086s] -- Up-to-date: /home/jetson/Desktop/cartographer_ws/install/lslidar_msgs/include/lslidar_msgs/msg/rosidl_typesupport_fastrtps_c__visibility_control.h
[1.086s] -- Up-to-date: /home/jetson/Desktop/cartographer_ws/install/lslidar_msgs/lib/liblslidar_msgs__rosidl_typesupport_fastrtps_c.so
[1.086s] -- Up-to-date: /home/jetson/Desktop/cartographer_ws/install/lslidar_msgs/include/lslidar_msgs
[1.087s] -- Up-to-date: /home/jetson/Desktop/cartographer_ws/install/lslidar_msgs/include/lslidar_msgs/msg
[1.087s] -- Up-to-date: /home/jetson/Desktop/cartographer_ws/install/lslidar_msgs/include/lslidar_msgs/msg/detail
[1.088s] -- Up-to-date: /home/jetson/Desktop/cartographer_ws/install/lslidar_msgs/include/lslidar_msgs/msg/detail/lslidar_difop__rosidl_typesupport_fastrtps_cpp.hpp
[1.088s] -- Up-to-date: /home/jetson/Desktop/cartographer_ws/install/lslidar_msgs/include/lslidar_msgs/msg/detail/lslidar_scan__rosidl_typesupport_fastrtps_cpp.hpp
[1.089s] -- Up-to-date: /home/jetson/Desktop/cartographer_ws/install/lslidar_msgs/include/lslidar_msgs/msg/detail/dds_fastrtps
[1.089s] -- Up-to-date: /home/jetson/Desktop/cartographer_ws/install/lslidar_msgs/include/lslidar_msgs/msg/detail/lslidar_packet__rosidl_typesupport_fastrtps_cpp.hpp
[1.090s] -- Up-to-date: /home/jetson/Desktop/cartographer_ws/install/lslidar_msgs/include/lslidar_msgs/msg/detail/lslidar_point__rosidl_typesupport_fastrtps_cpp.hpp
[1.090s] -- Up-to-date: /home/jetson/Desktop/cartographer_ws/install/lslidar_msgs/include/lslidar_msgs/msg/detail/lslidar_sweep__rosidl_typesupport_fastrtps_cpp.hpp
[1.091s] -- Up-to-date: /home/jetson/Desktop/cartographer_ws/install/lslidar_msgs/include/lslidar_msgs/msg/rosidl_typesupport_fastrtps_cpp__visibility_control.h
[1.091s] -- Up-to-date: /home/jetson/Desktop/cartographer_ws/install/lslidar_msgs/lib/liblslidar_msgs__rosidl_typesupport_fastrtps_cpp.so
[1.091s] -- Up-to-date: /home/jetson/Desktop/cartographer_ws/install/lslidar_msgs/include/lslidar_msgs
[1.091s] -- Up-to-date: /home/jetson/Desktop/cartographer_ws/install/lslidar_msgs/include/lslidar_msgs/msg
[1.092s] -- Up-to-date: /home/jetson/Desktop/cartographer_ws/install/lslidar_msgs/include/lslidar_msgs/msg/rosidl_typesupport_introspection_c__visibility_control.h
[1.092s] -- Up-to-date: /home/jetson/Desktop/cartographer_ws/install/lslidar_msgs/include/lslidar_msgs/msg/detail
[1.092s] -- Up-to-date: /home/jetson/Desktop/cartographer_ws/install/lslidar_msgs/include/lslidar_msgs/msg/detail/lslidar_sweep__rosidl_typesupport_introspection_c.h
[1.092s] -- Up-to-date: /home/jetson/Desktop/cartographer_ws/install/lslidar_msgs/include/lslidar_msgs/msg/detail/lslidar_scan__rosidl_typesupport_introspection_c.h
[1.092s] -- Up-to-date: /home/jetson/Desktop/cartographer_ws/install/lslidar_msgs/include/lslidar_msgs/msg/detail/lslidar_sweep__type_support.c
[1.092s] -- Up-to-date: /home/jetson/Desktop/cartographer_ws/install/lslidar_msgs/include/lslidar_msgs/msg/detail/lslidar_packet__type_support.c
[1.093s] -- Up-to-date: /home/jetson/Desktop/cartographer_ws/install/lslidar_msgs/include/lslidar_msgs/msg/detail/lslidar_scan__type_support.c
[1.093s] -- Up-to-date: /home/jetson/Desktop/cartographer_ws/install/lslidar_msgs/include/lslidar_msgs/msg/detail/lslidar_difop__type_support.c
[1.093s] -- Up-to-date: /home/jetson/Desktop/cartographer_ws/install/lslidar_msgs/include/lslidar_msgs/msg/detail/lslidar_point__type_support.c
[1.093s] -- Up-to-date: /home/jetson/Desktop/cartographer_ws/install/lslidar_msgs/include/lslidar_msgs/msg/detail/lslidar_packet__rosidl_typesupport_introspection_c.h
[1.093s] -- Up-to-date: /home/jetson/Desktop/cartographer_ws/install/lslidar_msgs/include/lslidar_msgs/msg/detail/lslidar_point__rosidl_typesupport_introspection_c.h
[1.093s] -- Up-to-date: /home/jetson/Desktop/cartographer_ws/install/lslidar_msgs/include/lslidar_msgs/msg/detail/lslidar_difop__rosidl_typesupport_introspection_c.h
[1.093s] -- Up-to-date: /home/jetson/Desktop/cartographer_ws/install/lslidar_msgs/lib/liblslidar_msgs__rosidl_typesupport_introspection_c.so
[1.094s] -- Up-to-date: /home/jetson/Desktop/cartographer_ws/install/lslidar_msgs/lib/liblslidar_msgs__rosidl_typesupport_c.so
[1.094s] -- Up-to-date: /home/jetson/Desktop/cartographer_ws/install/lslidar_msgs/include/lslidar_msgs
[1.094s] -- Up-to-date: /home/jetson/Desktop/cartographer_ws/install/lslidar_msgs/include/lslidar_msgs/msg
[1.094s] -- Up-to-date: /home/jetson/Desktop/cartographer_ws/install/lslidar_msgs/include/lslidar_msgs/msg/lslidar_sweep.hpp
[1.094s] -- Up-to-date: /home/jetson/Desktop/cartographer_ws/install/lslidar_msgs/include/lslidar_msgs/msg/rosidl_generator_cpp__visibility_control.hpp
[1.094s] -- Up-to-date: /home/jetson/Desktop/cartographer_ws/install/lslidar_msgs/include/lslidar_msgs/msg/lslidar_difop.hpp
[1.095s] -- Up-to-date: /home/jetson/Desktop/cartographer_ws/install/lslidar_msgs/include/lslidar_msgs/msg/lslidar_packet.hpp
[1.095s] -- Up-to-date: /home/jetson/Desktop/cartographer_ws/install/lslidar_msgs/include/lslidar_msgs/msg/lslidar_point.hpp
[1.095s] -- Up-to-date: /home/jetson/Desktop/cartographer_ws/install/lslidar_msgs/include/lslidar_msgs/msg/detail
[1.095s] -- Up-to-date: /home/jetson/Desktop/cartographer_ws/install/lslidar_msgs/include/lslidar_msgs/msg/detail/lslidar_packet__builder.hpp
[1.095s] -- Up-to-date: /home/jetson/Desktop/cartographer_ws/install/lslidar_msgs/include/lslidar_msgs/msg/detail/lslidar_scan__struct.hpp
[1.095s] -- Up-to-date: /home/jetson/Desktop/cartographer_ws/install/lslidar_msgs/include/lslidar_msgs/msg/detail/lslidar_packet__type_support.hpp
[1.095s] -- Up-to-date: /home/jetson/Desktop/cartographer_ws/install/lslidar_msgs/include/lslidar_msgs/msg/detail/lslidar_sweep__traits.hpp
[1.096s] -- Up-to-date: /home/jetson/Desktop/cartographer_ws/install/lslidar_msgs/include/lslidar_msgs/msg/detail/lslidar_packet__traits.hpp
[1.096s] -- Up-to-date: /home/jetson/Desktop/cartographer_ws/install/lslidar_msgs/include/lslidar_msgs/msg/detail/lslidar_packet__struct.hpp
[1.096s] -- Up-to-date: /home/jetson/Desktop/cartographer_ws/install/lslidar_msgs/include/lslidar_msgs/msg/detail/lslidar_difop__builder.hpp
[1.096s] -- Up-to-date: /home/jetson/Desktop/cartographer_ws/install/lslidar_msgs/include/lslidar_msgs/msg/detail/lslidar_scan__traits.hpp
[1.096s] -- Up-to-date: /home/jetson/Desktop/cartographer_ws/install/lslidar_msgs/include/lslidar_msgs/msg/detail/lslidar_point__builder.hpp
[1.096s] -- Up-to-date: /home/jetson/Desktop/cartographer_ws/install/lslidar_msgs/include/lslidar_msgs/msg/detail/lslidar_scan__builder.hpp
[1.096s] -- Up-to-date: /home/jetson/Desktop/cartographer_ws/install/lslidar_msgs/include/lslidar_msgs/msg/detail/lslidar_sweep__type_support.hpp
[1.097s] -- Up-to-date: /home/jetson/Desktop/cartographer_ws/install/lslidar_msgs/include/lslidar_msgs/msg/detail/lslidar_difop__type_support.hpp
[1.097s] -- Up-to-date: /home/jetson/Desktop/cartographer_ws/install/lslidar_msgs/include/lslidar_msgs/msg/detail/lslidar_sweep__builder.hpp
[1.097s] -- Up-to-date: /home/jetson/Desktop/cartographer_ws/install/lslidar_msgs/include/lslidar_msgs/msg/detail/lslidar_sweep__struct.hpp
[1.097s] -- Up-to-date: /home/jetson/Desktop/cartographer_ws/install/lslidar_msgs/include/lslidar_msgs/msg/detail/lslidar_point__traits.hpp
[1.097s] -- Up-to-date: /home/jetson/Desktop/cartographer_ws/install/lslidar_msgs/include/lslidar_msgs/msg/detail/lslidar_point__struct.hpp
[1.097s] -- Up-to-date: /home/jetson/Desktop/cartographer_ws/install/lslidar_msgs/include/lslidar_msgs/msg/detail/lslidar_scan__type_support.hpp
[1.097s] -- Up-to-date: /home/jetson/Desktop/cartographer_ws/install/lslidar_msgs/include/lslidar_msgs/msg/detail/lslidar_difop__struct.hpp
[1.098s] -- Up-to-date: /home/jetson/Desktop/cartographer_ws/install/lslidar_msgs/include/lslidar_msgs/msg/detail/lslidar_difop__traits.hpp
[1.098s] -- Up-to-date: /home/jetson/Desktop/cartographer_ws/install/lslidar_msgs/include/lslidar_msgs/msg/detail/lslidar_point__type_support.hpp
[1.098s] -- Up-to-date: /home/jetson/Desktop/cartographer_ws/install/lslidar_msgs/include/lslidar_msgs/msg/lslidar_scan.hpp
[1.098s] -- Up-to-date: /home/jetson/Desktop/cartographer_ws/install/lslidar_msgs/include/lslidar_msgs
[1.098s] -- Up-to-date: /home/jetson/Desktop/cartographer_ws/install/lslidar_msgs/include/lslidar_msgs/msg
[1.099s] -- Up-to-date: /home/jetson/Desktop/cartographer_ws/install/lslidar_msgs/include/lslidar_msgs/msg/detail
[1.099s] -- Up-to-date: /home/jetson/Desktop/cartographer_ws/install/lslidar_msgs/include/lslidar_msgs/msg/detail/lslidar_packet__rosidl_typesupport_introspection_cpp.hpp
[1.099s] -- Up-to-date: /home/jetson/Desktop/cartographer_ws/install/lslidar_msgs/include/lslidar_msgs/msg/detail/lslidar_difop__type_support.cpp
[1.099s] -- Up-to-date: /home/jetson/Desktop/cartographer_ws/install/lslidar_msgs/include/lslidar_msgs/msg/detail/lslidar_scan__type_support.cpp
[1.099s] -- Up-to-date: /home/jetson/Desktop/cartographer_ws/install/lslidar_msgs/include/lslidar_msgs/msg/detail/lslidar_difop__rosidl_typesupport_introspection_cpp.hpp
[1.099s] -- Up-to-date: /home/jetson/Desktop/cartographer_ws/install/lslidar_msgs/include/lslidar_msgs/msg/detail/lslidar_scan__rosidl_typesupport_introspection_cpp.hpp
[1.099s] -- Up-to-date: /home/jetson/Desktop/cartographer_ws/install/lslidar_msgs/include/lslidar_msgs/msg/detail/lslidar_point__type_support.cpp
[1.100s] -- Up-to-date: /home/jetson/Desktop/cartographer_ws/install/lslidar_msgs/include/lslidar_msgs/msg/detail/lslidar_packet__type_support.cpp
[1.100s] -- Up-to-date: /home/jetson/Desktop/cartographer_ws/install/lslidar_msgs/include/lslidar_msgs/msg/detail/lslidar_sweep__type_support.cpp
[1.100s] -- Up-to-date: /home/jetson/Desktop/cartographer_ws/install/lslidar_msgs/include/lslidar_msgs/msg/detail/lslidar_point__rosidl_typesupport_introspection_cpp.hpp
[1.101s] -- Up-to-date: /home/jetson/Desktop/cartographer_ws/install/lslidar_msgs/include/lslidar_msgs/msg/detail/lslidar_sweep__rosidl_typesupport_introspection_cpp.hpp
[1.101s] -- Up-to-date: /home/jetson/Desktop/cartographer_ws/install/lslidar_msgs/lib/liblslidar_msgs__rosidl_typesupport_introspection_cpp.so
[1.101s] -- Up-to-date: /home/jetson/Desktop/cartographer_ws/install/lslidar_msgs/lib/liblslidar_msgs__rosidl_typesupport_cpp.so
[1.101s] -- Up-to-date: /home/jetson/Desktop/cartographer_ws/install/lslidar_msgs/share/lslidar_msgs/environment/pythonpath.sh
[1.102s] -- Up-to-date: /home/jetson/Desktop/cartographer_ws/install/lslidar_msgs/share/lslidar_msgs/environment/pythonpath.dsv
[1.102s] -- Up-to-date: /home/jetson/Desktop/cartographer_ws/install/lslidar_msgs/lib/python3.8/site-packages/lslidar_msgs/__init__.py
[1.170s] -- Up-to-date: /home/jetson/Desktop/cartographer_ws/install/lslidar_msgs/lib/python3.8/site-packages/lslidar_msgs/msg
[1.170s] -- Up-to-date: /home/jetson/Desktop/cartographer_ws/install/lslidar_msgs/lib/python3.8/site-packages/lslidar_msgs/msg/_lslidar_scan_s.c
[1.170s] -- Up-to-date: /home/jetson/Desktop/cartographer_ws/install/lslidar_msgs/lib/python3.8/site-packages/lslidar_msgs/msg/_lslidar_packet_s.c
[1.170s] -- Up-to-date: /home/jetson/Desktop/cartographer_ws/install/lslidar_msgs/lib/python3.8/site-packages/lslidar_msgs/msg/_lslidar_scan.py
[1.171s] -- Up-to-date: /home/jetson/Desktop/cartographer_ws/install/lslidar_msgs/lib/python3.8/site-packages/lslidar_msgs/msg/_lslidar_sweep_s.c
[1.171s] -- Up-to-date: /home/jetson/Desktop/cartographer_ws/install/lslidar_msgs/lib/python3.8/site-packages/lslidar_msgs/msg/__init__.py
[1.171s] -- Up-to-date: /home/jetson/Desktop/cartographer_ws/install/lslidar_msgs/lib/python3.8/site-packages/lslidar_msgs/msg/_lslidar_sweep.py
[1.171s] -- Up-to-date: /home/jetson/Desktop/cartographer_ws/install/lslidar_msgs/lib/python3.8/site-packages/lslidar_msgs/msg/_lslidar_point_s.c
[1.171s] -- Up-to-date: /home/jetson/Desktop/cartographer_ws/install/lslidar_msgs/lib/python3.8/site-packages/lslidar_msgs/msg/_lslidar_packet.py
[1.171s] -- Up-to-date: /home/jetson/Desktop/cartographer_ws/install/lslidar_msgs/lib/python3.8/site-packages/lslidar_msgs/msg/_lslidar_difop.py
[1.172s] -- Up-to-date: /home/jetson/Desktop/cartographer_ws/install/lslidar_msgs/lib/python3.8/site-packages/lslidar_msgs/msg/_lslidar_point.py
[1.172s] -- Up-to-date: /home/jetson/Desktop/cartographer_ws/install/lslidar_msgs/lib/python3.8/site-packages/lslidar_msgs/msg/_lslidar_difop_s.c
[1.172s] -- Up-to-date: /home/jetson/Desktop/cartographer_ws/install/lslidar_msgs/lib/python3.8/site-packages/lslidar_msgs/lslidar_msgs_s__rosidl_typesupport_fastrtps_c.cpython-38-aarch64-linux-gnu.so
[1.174s] -- Up-to-date: /home/jetson/Desktop/cartographer_ws/install/lslidar_msgs/lib/python3.8/site-packages/lslidar_msgs/lslidar_msgs_s__rosidl_typesupport_introspection_c.cpython-38-aarch64-linux-gnu.so
[1.176s] -- Up-to-date: /home/jetson/Desktop/cartographer_ws/install/lslidar_msgs/lib/python3.8/site-packages/lslidar_msgs/lslidar_msgs_s__rosidl_typesupport_c.cpython-38-aarch64-linux-gnu.so
[1.177s] -- Up-to-date: /home/jetson/Desktop/cartographer_ws/install/lslidar_msgs/lib/liblslidar_msgs__python.so
[1.177s] -- Up-to-date: /home/jetson/Desktop/cartographer_ws/install/lslidar_msgs/share/lslidar_msgs/msg/LslidarDifop.idl
[1.178s] -- Up-to-date: /home/jetson/Desktop/cartographer_ws/install/lslidar_msgs/share/lslidar_msgs/msg/LslidarPacket.idl
[1.178s] -- Up-to-date: /home/jetson/Desktop/cartographer_ws/install/lslidar_msgs/share/lslidar_msgs/msg/LslidarPoint.idl
[1.179s] -- Up-to-date: /home/jetson/Desktop/cartographer_ws/install/lslidar_msgs/share/lslidar_msgs/msg/LslidarScan.idl
[1.179s] -- Up-to-date: /home/jetson/Desktop/cartographer_ws/install/lslidar_msgs/share/lslidar_msgs/msg/LslidarSweep.idl
[1.179s] -- Up-to-date: /home/jetson/Desktop/cartographer_ws/install/lslidar_msgs/share/lslidar_msgs/msg/LslidarDifop.msg
[1.179s] -- Up-to-date: /home/jetson/Desktop/cartographer_ws/install/lslidar_msgs/share/lslidar_msgs/msg/LslidarPacket.msg
[1.179s] -- Up-to-date: /home/jetson/Desktop/cartographer_ws/install/lslidar_msgs/share/lslidar_msgs/msg/LslidarPoint.msg
[1.180s] -- Up-to-date: /home/jetson/Desktop/cartographer_ws/install/lslidar_msgs/share/lslidar_msgs/msg/LslidarScan.msg
[1.180s] -- Up-to-date: /home/jetson/Desktop/cartographer_ws/install/lslidar_msgs/share/lslidar_msgs/msg/LslidarSweep.msg
[1.182s] -- Up-to-date: /home/jetson/Desktop/cartographer_ws/install/lslidar_msgs/share/ament_index/resource_index/package_run_dependencies/lslidar_msgs
[1.182s] -- Up-to-date: /home/jetson/Desktop/cartographer_ws/install/lslidar_msgs/share/ament_index/resource_index/parent_prefix_path/lslidar_msgs
[1.182s] -- Up-to-date: /home/jetson/Desktop/cartographer_ws/install/lslidar_msgs/share/lslidar_msgs/environment/ament_prefix_path.sh
[1.182s] -- Up-to-date: /home/jetson/Desktop/cartographer_ws/install/lslidar_msgs/share/lslidar_msgs/environment/ament_prefix_path.dsv
[1.183s] -- Up-to-date: /home/jetson/Desktop/cartographer_ws/install/lslidar_msgs/share/lslidar_msgs/environment/path.sh
[1.183s] -- Up-to-date: /home/jetson/Desktop/cartographer_ws/install/lslidar_msgs/share/lslidar_msgs/environment/path.dsv
[1.183s] -- Up-to-date: /home/jetson/Desktop/cartographer_ws/install/lslidar_msgs/share/lslidar_msgs/local_setup.bash
[1.183s] -- Up-to-date: /home/jetson/Desktop/cartographer_ws/install/lslidar_msgs/share/lslidar_msgs/local_setup.sh
[1.183s] -- Up-to-date: /home/jetson/Desktop/cartographer_ws/install/lslidar_msgs/share/lslidar_msgs/local_setup.zsh
[1.183s] -- Up-to-date: /home/jetson/Desktop/cartographer_ws/install/lslidar_msgs/share/lslidar_msgs/local_setup.dsv
[1.184s] -- Installing: /home/jetson/Desktop/cartographer_ws/install/lslidar_msgs/share/lslidar_msgs/package.dsv
[1.184s] -- Up-to-date: /home/jetson/Desktop/cartographer_ws/install/lslidar_msgs/share/ament_index/resource_index/packages/lslidar_msgs
[1.184s] -- Up-to-date: /home/jetson/Desktop/cartographer_ws/install/lslidar_msgs/share/lslidar_msgs/cmake/lslidar_msgs__rosidl_generator_cExport.cmake
[1.184s] -- Up-to-date: /home/jetson/Desktop/cartographer_ws/install/lslidar_msgs/share/lslidar_msgs/cmake/lslidar_msgs__rosidl_generator_cExport-noconfig.cmake
[1.184s] -- Up-to-date: /home/jetson/Desktop/cartographer_ws/install/lslidar_msgs/share/lslidar_msgs/cmake/lslidar_msgs__rosidl_typesupport_introspection_cExport.cmake
[1.185s] -- Up-to-date: /home/jetson/Desktop/cartographer_ws/install/lslidar_msgs/share/lslidar_msgs/cmake/lslidar_msgs__rosidl_typesupport_introspection_cExport-noconfig.cmake
[1.185s] -- Up-to-date: /home/jetson/Desktop/cartographer_ws/install/lslidar_msgs/share/lslidar_msgs/cmake/lslidar_msgs__rosidl_typesupport_cExport.cmake
[1.185s] -- Up-to-date: /home/jetson/Desktop/cartographer_ws/install/lslidar_msgs/share/lslidar_msgs/cmake/lslidar_msgs__rosidl_typesupport_cExport-noconfig.cmake
[1.185s] -- Up-to-date: /home/jetson/Desktop/cartographer_ws/install/lslidar_msgs/share/lslidar_msgs/cmake/lslidar_msgs__rosidl_generator_cppExport.cmake
[1.186s] -- Up-to-date: /home/jetson/Desktop/cartographer_ws/install/lslidar_msgs/share/lslidar_msgs/cmake/lslidar_msgs__rosidl_typesupport_introspection_cppExport.cmake
[1.186s] -- Up-to-date: /home/jetson/Desktop/cartographer_ws/install/lslidar_msgs/share/lslidar_msgs/cmake/lslidar_msgs__rosidl_typesupport_introspection_cppExport-noconfig.cmake
[1.186s] -- Up-to-date: /home/jetson/Desktop/cartographer_ws/install/lslidar_msgs/share/lslidar_msgs/cmake/lslidar_msgs__rosidl_typesupport_cppExport.cmake
[1.187s] -- Up-to-date: /home/jetson/Desktop/cartographer_ws/install/lslidar_msgs/share/lslidar_msgs/cmake/lslidar_msgs__rosidl_typesupport_cppExport-noconfig.cmake
[1.187s] -- Up-to-date: /home/jetson/Desktop/cartographer_ws/install/lslidar_msgs/share/lslidar_msgs/cmake/rosidl_cmake-extras.cmake
[1.187s] -- Up-to-date: /home/jetson/Desktop/cartographer_ws/install/lslidar_msgs/share/lslidar_msgs/cmake/ament_cmake_export_dependencies-extras.cmake
[1.188s] -- Up-to-date: /home/jetson/Desktop/cartographer_ws/install/lslidar_msgs/share/lslidar_msgs/cmake/ament_cmake_export_libraries-extras.cmake
[1.188s] -- Up-to-date: /home/jetson/Desktop/cartographer_ws/install/lslidar_msgs/share/lslidar_msgs/cmake/ament_cmake_export_targets-extras.cmake
[1.188s] -- Up-to-date: /home/jetson/Desktop/cartographer_ws/install/lslidar_msgs/share/lslidar_msgs/cmake/ament_cmake_export_include_directories-extras.cmake
[1.188s] -- Up-to-date: /home/jetson/Desktop/cartographer_ws/install/lslidar_msgs/share/lslidar_msgs/cmake/rosidl_cmake_export_typesupport_libraries-extras.cmake
[1.188s] -- Up-to-date: /home/jetson/Desktop/cartographer_ws/install/lslidar_msgs/share/lslidar_msgs/cmake/rosidl_cmake_export_typesupport_targets-extras.cmake
[1.188s] -- Up-to-date: /home/jetson/Desktop/cartographer_ws/install/lslidar_msgs/share/lslidar_msgs/cmake/lslidar_msgsConfig.cmake
[1.189s] -- Up-to-date: /home/jetson/Desktop/cartographer_ws/install/lslidar_msgs/share/lslidar_msgs/cmake/lslidar_msgsConfig-version.cmake
[1.189s] -- Up-to-date: /home/jetson/Desktop/cartographer_ws/install/lslidar_msgs/share/lslidar_msgs/package.xml
[1.195s] Invoked command in '/home/jetson/Desktop/cartographer_ws/build/lslidar_msgs' returned '0': CMAKE_PREFIX_PATH=${CMAKE_PREFIX_PATH}:/opt/ros/foxy /usr/bin/cmake --install /home/jetson/Desktop/cartographer_ws/build/lslidar_msgs
