[0.421s] DEBUG:colcon:Command line arguments: ['/usr/bin/colcon', 'build']
[0.421s] DEBUG:colcon:Parsed command line arguments: Namespace(allow_overriding=[], ament_cmake_args=None, base_paths=['.'], build_base='build', catkin_cmake_args=None, catkin_skip_building_tests=False, cmake_args=None, cmake_clean_cache=False, cmake_clean_first=False, cmake_force_configure=False, cmake_target=None, cmake_target_skip_unavailable=False, continue_on_error=False, event_handlers=None, executor='parallel', ignore_user_meta=False, install_base='install', log_base=None, log_level=None, main=<bound method BuildVerb.main of <colcon_core.verb.build.BuildVerb object at 0xffff8b6b9df0>>, merge_install=False, metas=['./colcon.meta'], packages_above=None, packages_above_and_dependencies=None, packages_above_depth=None, packages_end=None, packages_ignore=None, packages_ignore_regex=None, packages_select=None, packages_select_build_failed=False, packages_select_by_dep=None, packages_select_regex=None, packages_select_test_failures=False, packages_skip=None, packages_skip_build_finished=False, packages_skip_by_dep=None, packages_skip_regex=None, packages_skip_test_passed=False, packages_skip_up_to=None, packages_start=None, packages_up_to=None, packages_up_to_regex=None, parallel_workers=6, paths=None, symlink_install=False, test_result_base=None, verb_extension=<colcon_core.verb.build.BuildVerb object at 0xffff8b6b9df0>, verb_name='build', verb_parser=<colcon_defaults.argument_parser.defaults.DefaultArgumentsDecorator object at 0xffff8b574850>)
[0.738s] Level 1:colcon.colcon_core.package_discovery:discover_packages(colcon_meta) check parameters
[0.738s] Level 1:colcon.colcon_core.package_discovery:discover_packages(recursive) check parameters
[0.739s] Level 1:colcon.colcon_core.package_discovery:discover_packages(ignore) check parameters
[0.739s] Level 1:colcon.colcon_core.package_discovery:discover_packages(path) check parameters
[0.739s] Level 1:colcon.colcon_core.package_discovery:discover_packages(colcon_meta) discover
[0.739s] Level 1:colcon.colcon_core.package_discovery:discover_packages(recursive) discover
[0.739s] INFO:colcon.colcon_core.package_discovery:Crawling recursively for packages in '/home/jetson/Desktop/cartographer_ws'
[0.739s] Level 1:colcon.colcon_core.package_identification:_identify(.) by extensions ['ignore', 'ignore_ament_install']
[0.740s] Level 1:colcon.colcon_core.package_identification:_identify(.) by extension 'ignore'
[0.740s] Level 1:colcon.colcon_core.package_identification:_identify(.) by extension 'ignore_ament_install'
[0.740s] Level 1:colcon.colcon_core.package_identification:_identify(.) by extensions ['colcon_pkg']
[0.740s] Level 1:colcon.colcon_core.package_identification:_identify(.) by extension 'colcon_pkg'
[0.740s] Level 1:colcon.colcon_core.package_identification:_identify(.) by extensions ['colcon_meta']
[0.740s] Level 1:colcon.colcon_core.package_identification:_identify(.) by extension 'colcon_meta'
[0.741s] Level 1:colcon.colcon_core.package_identification:_identify(.) by extensions ['ros']
[0.741s] Level 1:colcon.colcon_core.package_identification:_identify(.) by extension 'ros'
[0.764s] Level 1:colcon.colcon_core.package_identification:_identify(.) by extensions ['cmake', 'python']
[0.764s] Level 1:colcon.colcon_core.package_identification:_identify(.) by extension 'cmake'
[0.764s] Level 1:colcon.colcon_core.package_identification:_identify(.) by extension 'python'
[0.764s] Level 1:colcon.colcon_core.package_identification:_identify(.) by extensions ['python_setup_py']
[0.764s] Level 1:colcon.colcon_core.package_identification:_identify(.) by extension 'python_setup_py'
[0.765s] Level 1:colcon.colcon_core.package_identification:_identify(build) by extensions ['ignore', 'ignore_ament_install']
[0.765s] Level 1:colcon.colcon_core.package_identification:_identify(build) by extension 'ignore'
[0.765s] Level 1:colcon.colcon_core.package_identification:_identify(build) ignored
[0.765s] Level 1:colcon.colcon_core.package_identification:_identify(install) by extensions ['ignore', 'ignore_ament_install']
[0.766s] Level 1:colcon.colcon_core.package_identification:_identify(install) by extension 'ignore'
[0.766s] Level 1:colcon.colcon_core.package_identification:_identify(install) ignored
[0.766s] Level 1:colcon.colcon_core.package_identification:_identify(log) by extensions ['ignore', 'ignore_ament_install']
[0.766s] Level 1:colcon.colcon_core.package_identification:_identify(log) by extension 'ignore'
[0.766s] Level 1:colcon.colcon_core.package_identification:_identify(log) ignored
[0.767s] Level 1:colcon.colcon_core.package_identification:_identify(lslidar_driver) by extensions ['ignore', 'ignore_ament_install']
[0.767s] Level 1:colcon.colcon_core.package_identification:_identify(lslidar_driver) by extension 'ignore'
[0.767s] Level 1:colcon.colcon_core.package_identification:_identify(lslidar_driver) by extension 'ignore_ament_install'
[0.767s] Level 1:colcon.colcon_core.package_identification:_identify(lslidar_driver) by extensions ['colcon_pkg']
[0.767s] Level 1:colcon.colcon_core.package_identification:_identify(lslidar_driver) by extension 'colcon_pkg'
[0.767s] Level 1:colcon.colcon_core.package_identification:_identify(lslidar_driver) by extensions ['colcon_meta']
[0.767s] Level 1:colcon.colcon_core.package_identification:_identify(lslidar_driver) by extension 'colcon_meta'
[0.767s] Level 1:colcon.colcon_core.package_identification:_identify(lslidar_driver) by extensions ['ros']
[0.767s] Level 1:colcon.colcon_core.package_identification:_identify(lslidar_driver) by extension 'ros'
[0.777s] DEBUG:colcon.colcon_core.package_identification:Package 'lslidar_driver' with type 'ros.ament_cmake' and name 'lslidar_driver'
[0.778s] Level 1:colcon.colcon_core.package_identification:_identify(lslidar_msgs) by extensions ['ignore', 'ignore_ament_install']
[0.778s] Level 1:colcon.colcon_core.package_identification:_identify(lslidar_msgs) by extension 'ignore'
[0.778s] Level 1:colcon.colcon_core.package_identification:_identify(lslidar_msgs) by extension 'ignore_ament_install'
[0.778s] Level 1:colcon.colcon_core.package_identification:_identify(lslidar_msgs) by extensions ['colcon_pkg']
[0.779s] Level 1:colcon.colcon_core.package_identification:_identify(lslidar_msgs) by extension 'colcon_pkg'
[0.779s] Level 1:colcon.colcon_core.package_identification:_identify(lslidar_msgs) by extensions ['colcon_meta']
[0.779s] Level 1:colcon.colcon_core.package_identification:_identify(lslidar_msgs) by extension 'colcon_meta'
[0.779s] Level 1:colcon.colcon_core.package_identification:_identify(lslidar_msgs) by extensions ['ros']
[0.779s] Level 1:colcon.colcon_core.package_identification:_identify(lslidar_msgs) by extension 'ros'
[0.780s] DEBUG:colcon.colcon_core.package_identification:Package 'lslidar_msgs' with type 'ros.ament_cmake' and name 'lslidar_msgs'
[0.781s] Level 1:colcon.colcon_core.package_identification:_identify(my_cartographer) by extensions ['ignore', 'ignore_ament_install']
[0.781s] Level 1:colcon.colcon_core.package_identification:_identify(my_cartographer) by extension 'ignore'
[0.781s] Level 1:colcon.colcon_core.package_identification:_identify(my_cartographer) by extension 'ignore_ament_install'
[0.781s] Level 1:colcon.colcon_core.package_identification:_identify(my_cartographer) by extensions ['colcon_pkg']
[0.781s] Level 1:colcon.colcon_core.package_identification:_identify(my_cartographer) by extension 'colcon_pkg'
[0.781s] Level 1:colcon.colcon_core.package_identification:_identify(my_cartographer) by extensions ['colcon_meta']
[0.782s] Level 1:colcon.colcon_core.package_identification:_identify(my_cartographer) by extension 'colcon_meta'
[0.782s] Level 1:colcon.colcon_core.package_identification:_identify(my_cartographer) by extensions ['ros']
[0.782s] Level 1:colcon.colcon_core.package_identification:_identify(my_cartographer) by extension 'ros'
[0.783s] DEBUG:colcon.colcon_core.package_identification:Package 'my_cartographer' with type 'ros.ament_cmake' and name 'my_cartographer'
[0.783s] Level 1:colcon.colcon_core.package_identification:_identify(src) by extensions ['ignore', 'ignore_ament_install']
[0.783s] Level 1:colcon.colcon_core.package_identification:_identify(src) by extension 'ignore'
[0.783s] Level 1:colcon.colcon_core.package_identification:_identify(src) by extension 'ignore_ament_install'
[0.784s] Level 1:colcon.colcon_core.package_identification:_identify(src) by extensions ['colcon_pkg']
[0.784s] Level 1:colcon.colcon_core.package_identification:_identify(src) by extension 'colcon_pkg'
[0.784s] Level 1:colcon.colcon_core.package_identification:_identify(src) by extensions ['colcon_meta']
[0.784s] Level 1:colcon.colcon_core.package_identification:_identify(src) by extension 'colcon_meta'
[0.784s] Level 1:colcon.colcon_core.package_identification:_identify(src) by extensions ['ros']
[0.784s] Level 1:colcon.colcon_core.package_identification:_identify(src) by extension 'ros'
[0.784s] Level 1:colcon.colcon_core.package_identification:_identify(src) by extensions ['cmake', 'python']
[0.784s] Level 1:colcon.colcon_core.package_identification:_identify(src) by extension 'cmake'
[0.784s] Level 1:colcon.colcon_core.package_identification:_identify(src) by extension 'python'
[0.785s] Level 1:colcon.colcon_core.package_identification:_identify(src) by extensions ['python_setup_py']
[0.785s] Level 1:colcon.colcon_core.package_identification:_identify(src) by extension 'python_setup_py'
[0.785s] Level 1:colcon.colcon_core.package_discovery:discover_packages(recursive) using defaults
[0.785s] Level 1:colcon.colcon_core.package_discovery:discover_packages(ignore) discover
[0.785s] Level 1:colcon.colcon_core.package_discovery:discover_packages(ignore) using defaults
[0.785s] Level 1:colcon.colcon_core.package_discovery:discover_packages(path) discover
[0.785s] Level 1:colcon.colcon_core.package_discovery:discover_packages(path) using defaults
[0.820s] Level 1:colcon.colcon_core.package_discovery:discover_packages(prefix_path) check parameters
[0.820s] Level 1:colcon.colcon_core.package_discovery:discover_packages(prefix_path) discover
[0.824s] DEBUG:colcon.colcon_installed_package_information.package_discovery:Found 3 installed packages in /home/jetson/Desktop/cartographer_ws/install
[0.827s] DEBUG:colcon.colcon_installed_package_information.package_discovery:Found 259 installed packages in /opt/ros/foxy
[0.829s] Level 1:colcon.colcon_core.package_discovery:discover_packages(prefix_path) using defaults
[0.990s] Level 5:colcon.colcon_core.verb:set package 'lslidar_msgs' build argument 'cmake_args' from command line to 'None'
[0.990s] Level 5:colcon.colcon_core.verb:set package 'lslidar_msgs' build argument 'cmake_target' from command line to 'None'
[0.990s] Level 5:colcon.colcon_core.verb:set package 'lslidar_msgs' build argument 'cmake_target_skip_unavailable' from command line to 'False'
[0.990s] Level 5:colcon.colcon_core.verb:set package 'lslidar_msgs' build argument 'cmake_clean_cache' from command line to 'False'
[0.990s] Level 5:colcon.colcon_core.verb:set package 'lslidar_msgs' build argument 'cmake_clean_first' from command line to 'False'
[0.991s] Level 5:colcon.colcon_core.verb:set package 'lslidar_msgs' build argument 'cmake_force_configure' from command line to 'False'
[0.991s] Level 5:colcon.colcon_core.verb:set package 'lslidar_msgs' build argument 'ament_cmake_args' from command line to 'None'
[0.991s] Level 5:colcon.colcon_core.verb:set package 'lslidar_msgs' build argument 'catkin_cmake_args' from command line to 'None'
[0.991s] Level 5:colcon.colcon_core.verb:set package 'lslidar_msgs' build argument 'catkin_skip_building_tests' from command line to 'False'
[0.991s] DEBUG:colcon.colcon_core.verb:Building package 'lslidar_msgs' with the following arguments: {'ament_cmake_args': None, 'build_base': '/home/jetson/Desktop/cartographer_ws/build/lslidar_msgs', 'catkin_cmake_args': None, 'catkin_skip_building_tests': False, 'cmake_args': None, 'cmake_clean_cache': False, 'cmake_clean_first': False, 'cmake_force_configure': False, 'cmake_target': None, 'cmake_target_skip_unavailable': False, 'install_base': '/home/jetson/Desktop/cartographer_ws/install/lslidar_msgs', 'merge_install': False, 'path': '/home/jetson/Desktop/cartographer_ws/lslidar_msgs', 'symlink_install': False, 'test_result_base': None}
[0.992s] Level 5:colcon.colcon_core.verb:set package 'my_cartographer' build argument 'cmake_args' from command line to 'None'
[0.992s] Level 5:colcon.colcon_core.verb:set package 'my_cartographer' build argument 'cmake_target' from command line to 'None'
[0.992s] Level 5:colcon.colcon_core.verb:set package 'my_cartographer' build argument 'cmake_target_skip_unavailable' from command line to 'False'
[0.992s] Level 5:colcon.colcon_core.verb:set package 'my_cartographer' build argument 'cmake_clean_cache' from command line to 'False'
[0.992s] Level 5:colcon.colcon_core.verb:set package 'my_cartographer' build argument 'cmake_clean_first' from command line to 'False'
[0.992s] Level 5:colcon.colcon_core.verb:set package 'my_cartographer' build argument 'cmake_force_configure' from command line to 'False'
[0.992s] Level 5:colcon.colcon_core.verb:set package 'my_cartographer' build argument 'ament_cmake_args' from command line to 'None'
[0.992s] Level 5:colcon.colcon_core.verb:set package 'my_cartographer' build argument 'catkin_cmake_args' from command line to 'None'
[0.992s] Level 5:colcon.colcon_core.verb:set package 'my_cartographer' build argument 'catkin_skip_building_tests' from command line to 'False'
[0.992s] DEBUG:colcon.colcon_core.verb:Building package 'my_cartographer' with the following arguments: {'ament_cmake_args': None, 'build_base': '/home/jetson/Desktop/cartographer_ws/build/my_cartographer', 'catkin_cmake_args': None, 'catkin_skip_building_tests': False, 'cmake_args': None, 'cmake_clean_cache': False, 'cmake_clean_first': False, 'cmake_force_configure': False, 'cmake_target': None, 'cmake_target_skip_unavailable': False, 'install_base': '/home/jetson/Desktop/cartographer_ws/install/my_cartographer', 'merge_install': False, 'path': '/home/jetson/Desktop/cartographer_ws/my_cartographer', 'symlink_install': False, 'test_result_base': None}
[0.993s] Level 5:colcon.colcon_core.verb:set package 'lslidar_driver' build argument 'cmake_args' from command line to 'None'
[0.993s] Level 5:colcon.colcon_core.verb:set package 'lslidar_driver' build argument 'cmake_target' from command line to 'None'
[0.993s] Level 5:colcon.colcon_core.verb:set package 'lslidar_driver' build argument 'cmake_target_skip_unavailable' from command line to 'False'
[0.993s] Level 5:colcon.colcon_core.verb:set package 'lslidar_driver' build argument 'cmake_clean_cache' from command line to 'False'
[0.993s] Level 5:colcon.colcon_core.verb:set package 'lslidar_driver' build argument 'cmake_clean_first' from command line to 'False'
[0.993s] Level 5:colcon.colcon_core.verb:set package 'lslidar_driver' build argument 'cmake_force_configure' from command line to 'False'
[0.993s] Level 5:colcon.colcon_core.verb:set package 'lslidar_driver' build argument 'ament_cmake_args' from command line to 'None'
[0.993s] Level 5:colcon.colcon_core.verb:set package 'lslidar_driver' build argument 'catkin_cmake_args' from command line to 'None'
[0.993s] Level 5:colcon.colcon_core.verb:set package 'lslidar_driver' build argument 'catkin_skip_building_tests' from command line to 'False'
[0.993s] DEBUG:colcon.colcon_core.verb:Building package 'lslidar_driver' with the following arguments: {'ament_cmake_args': None, 'build_base': '/home/jetson/Desktop/cartographer_ws/build/lslidar_driver', 'catkin_cmake_args': None, 'catkin_skip_building_tests': False, 'cmake_args': None, 'cmake_clean_cache': False, 'cmake_clean_first': False, 'cmake_force_configure': False, 'cmake_target': None, 'cmake_target_skip_unavailable': False, 'install_base': '/home/jetson/Desktop/cartographer_ws/install/lslidar_driver', 'merge_install': False, 'path': '/home/jetson/Desktop/cartographer_ws/lslidar_driver', 'symlink_install': False, 'test_result_base': None}
[0.994s] INFO:colcon.colcon_core.executor:Executing jobs using 'parallel' executor
[0.996s] DEBUG:colcon.colcon_parallel_executor.executor.parallel:run_until_complete
[0.997s] INFO:colcon.colcon_ros.task.ament_cmake.build:Building ROS package in '/home/jetson/Desktop/cartographer_ws/lslidar_msgs' with build type 'ament_cmake'
[0.998s] INFO:colcon.colcon_cmake.task.cmake.build:Building CMake package in '/home/jetson/Desktop/cartographer_ws/lslidar_msgs'
[1.002s] INFO:colcon.colcon_core.plugin_system:Skipping extension 'colcon_core.shell.bat': Not used on non-Windows systems
[1.003s] INFO:colcon.colcon_core.shell:Skip shell extension 'powershell' for command environment: Not usable outside of PowerShell
[1.003s] DEBUG:colcon.colcon_core.shell:Skip shell extension 'dsv' for command environment
[1.017s] INFO:colcon.colcon_ros.task.ament_cmake.build:Building ROS package in '/home/jetson/Desktop/cartographer_ws/my_cartographer' with build type 'ament_cmake'
[1.018s] INFO:colcon.colcon_cmake.task.cmake.build:Building CMake package in '/home/jetson/Desktop/cartographer_ws/my_cartographer'
[1.019s] INFO:colcon.colcon_core.shell:Skip shell extension 'powershell' for command environment: Not usable outside of PowerShell
[1.019s] DEBUG:colcon.colcon_core.shell:Skip shell extension 'dsv' for command environment
[1.044s] DEBUG:colcon.colcon_core.event_handler.log_command:Invoking command in '/home/jetson/Desktop/cartographer_ws/build/lslidar_msgs': CMAKE_PREFIX_PATH=${CMAKE_PREFIX_PATH}:/opt/ros/foxy /usr/bin/cmake --build /home/jetson/Desktop/cartographer_ws/build/lslidar_msgs -- -j6 -l6
[1.068s] DEBUG:colcon.colcon_core.event_handler.log_command:Invoking command in '/home/jetson/Desktop/cartographer_ws/build/my_cartographer': CMAKE_PREFIX_PATH=${CMAKE_PREFIX_PATH}:/opt/ros/foxy /usr/bin/cmake --build /home/jetson/Desktop/cartographer_ws/build/my_cartographer -- -j6 -l6
[1.653s] DEBUG:colcon.colcon_core.event_handler.log_command:Invoked command in '/home/jetson/Desktop/cartographer_ws/build/lslidar_msgs' returned '0': CMAKE_PREFIX_PATH=${CMAKE_PREFIX_PATH}:/opt/ros/foxy /usr/bin/cmake --build /home/jetson/Desktop/cartographer_ws/build/lslidar_msgs -- -j6 -l6
[1.864s] DEBUG:colcon.colcon_core.event_handler.log_command:Invoked command in '/home/jetson/Desktop/cartographer_ws/build/my_cartographer' returned '0': CMAKE_PREFIX_PATH=${CMAKE_PREFIX_PATH}:/opt/ros/foxy /usr/bin/cmake --build /home/jetson/Desktop/cartographer_ws/build/my_cartographer -- -j6 -l6
[1.937s] DEBUG:colcon.colcon_core.event_handler.log_command:Invoking command in '/home/jetson/Desktop/cartographer_ws/build/lslidar_msgs': CMAKE_PREFIX_PATH=${CMAKE_PREFIX_PATH}:/opt/ros/foxy /usr/bin/cmake --install /home/jetson/Desktop/cartographer_ws/build/lslidar_msgs
[1.952s] DEBUG:colcon.colcon_core.event_handler.log_command:Invoking command in '/home/jetson/Desktop/cartographer_ws/build/my_cartographer': CMAKE_PREFIX_PATH=${CMAKE_PREFIX_PATH}:/opt/ros/foxy /usr/bin/cmake --install /home/jetson/Desktop/cartographer_ws/build/my_cartographer
[1.987s] Level 1:colcon.colcon_core.environment:create_environment_scripts_only(my_cartographer)
[2.003s] DEBUG:colcon.colcon_core.event_handler.log_command:Invoked command in '/home/jetson/Desktop/cartographer_ws/build/my_cartographer' returned '0': CMAKE_PREFIX_PATH=${CMAKE_PREFIX_PATH}:/opt/ros/foxy /usr/bin/cmake --install /home/jetson/Desktop/cartographer_ws/build/my_cartographer
[2.007s] Level 1:colcon.colcon_core.environment:checking '/home/jetson/Desktop/cartographer_ws/install/my_cartographer' for CMake module files
[2.008s] Level 1:colcon.colcon_core.environment:checking '/home/jetson/Desktop/cartographer_ws/install/my_cartographer' for CMake config files
[2.008s] Level 1:colcon.colcon_core.shell:create_environment_hook('my_cartographer', 'cmake_prefix_path')
[2.009s] INFO:colcon.colcon_core.shell:Creating environment hook '/home/jetson/Desktop/cartographer_ws/install/my_cartographer/share/my_cartographer/hook/cmake_prefix_path.ps1'
[2.011s] INFO:colcon.colcon_core.shell:Creating environment descriptor '/home/jetson/Desktop/cartographer_ws/install/my_cartographer/share/my_cartographer/hook/cmake_prefix_path.dsv'
[2.012s] INFO:colcon.colcon_core.shell:Creating environment hook '/home/jetson/Desktop/cartographer_ws/install/my_cartographer/share/my_cartographer/hook/cmake_prefix_path.sh'
[2.015s] Level 1:colcon.colcon_core.environment:checking '/home/jetson/Desktop/cartographer_ws/install/my_cartographer/bin'
[2.015s] Level 1:colcon.colcon_core.environment:checking '/home/jetson/Desktop/cartographer_ws/install/my_cartographer/lib/pkgconfig/my_cartographer.pc'
[2.016s] Level 1:colcon.colcon_core.environment:checking '/home/jetson/Desktop/cartographer_ws/install/my_cartographer/lib/python3.8/site-packages'
[2.016s] Level 1:colcon.colcon_core.environment:checking '/home/jetson/Desktop/cartographer_ws/install/my_cartographer/bin'
[2.017s] INFO:colcon.colcon_core.shell:Creating package script '/home/jetson/Desktop/cartographer_ws/install/my_cartographer/share/my_cartographer/package.ps1'
[2.019s] INFO:colcon.colcon_core.shell:Creating package descriptor '/home/jetson/Desktop/cartographer_ws/install/my_cartographer/share/my_cartographer/package.dsv'
[2.021s] INFO:colcon.colcon_core.shell:Creating package script '/home/jetson/Desktop/cartographer_ws/install/my_cartographer/share/my_cartographer/package.sh'
[2.022s] INFO:colcon.colcon_core.shell:Creating package script '/home/jetson/Desktop/cartographer_ws/install/my_cartographer/share/my_cartographer/package.bash'
[2.027s] INFO:colcon.colcon_core.shell:Creating package script '/home/jetson/Desktop/cartographer_ws/install/my_cartographer/share/my_cartographer/package.zsh'
[2.029s] Level 1:colcon.colcon_core.environment:create_file_with_runtime_dependencies(/home/jetson/Desktop/cartographer_ws/install/my_cartographer/share/colcon-core/packages/my_cartographer)
[2.074s] Level 1:colcon.colcon_core.environment:create_environment_scripts_only(lslidar_msgs)
[2.075s] Level 1:colcon.colcon_core.environment:checking '/home/jetson/Desktop/cartographer_ws/install/lslidar_msgs' for CMake module files
[2.078s] DEBUG:colcon.colcon_core.event_handler.log_command:Invoked command in '/home/jetson/Desktop/cartographer_ws/build/lslidar_msgs' returned '0': CMAKE_PREFIX_PATH=${CMAKE_PREFIX_PATH}:/opt/ros/foxy /usr/bin/cmake --install /home/jetson/Desktop/cartographer_ws/build/lslidar_msgs
[2.079s] Level 1:colcon.colcon_core.environment:checking '/home/jetson/Desktop/cartographer_ws/install/lslidar_msgs' for CMake config files
[2.081s] Level 1:colcon.colcon_core.shell:create_environment_hook('lslidar_msgs', 'cmake_prefix_path')
[2.081s] INFO:colcon.colcon_core.shell:Creating environment hook '/home/jetson/Desktop/cartographer_ws/install/lslidar_msgs/share/lslidar_msgs/hook/cmake_prefix_path.ps1'
[2.083s] INFO:colcon.colcon_core.shell:Creating environment descriptor '/home/jetson/Desktop/cartographer_ws/install/lslidar_msgs/share/lslidar_msgs/hook/cmake_prefix_path.dsv'
[2.084s] INFO:colcon.colcon_core.shell:Creating environment hook '/home/jetson/Desktop/cartographer_ws/install/lslidar_msgs/share/lslidar_msgs/hook/cmake_prefix_path.sh'
[2.085s] Level 1:colcon.colcon_core.environment:checking '/home/jetson/Desktop/cartographer_ws/install/lslidar_msgs/lib'
[2.086s] Level 1:colcon.colcon_core.shell:create_environment_hook('lslidar_msgs', 'ld_library_path_lib')
[2.086s] INFO:colcon.colcon_core.shell:Creating environment hook '/home/jetson/Desktop/cartographer_ws/install/lslidar_msgs/share/lslidar_msgs/hook/ld_library_path_lib.ps1'
[2.087s] INFO:colcon.colcon_core.shell:Creating environment descriptor '/home/jetson/Desktop/cartographer_ws/install/lslidar_msgs/share/lslidar_msgs/hook/ld_library_path_lib.dsv'
[2.088s] INFO:colcon.colcon_core.shell:Creating environment hook '/home/jetson/Desktop/cartographer_ws/install/lslidar_msgs/share/lslidar_msgs/hook/ld_library_path_lib.sh'
[2.089s] Level 1:colcon.colcon_core.environment:checking '/home/jetson/Desktop/cartographer_ws/install/lslidar_msgs/bin'
[2.089s] Level 1:colcon.colcon_core.environment:checking '/home/jetson/Desktop/cartographer_ws/install/lslidar_msgs/lib/pkgconfig/lslidar_msgs.pc'
[2.089s] Level 1:colcon.colcon_core.environment:checking '/home/jetson/Desktop/cartographer_ws/install/lslidar_msgs/lib/python3.8/site-packages'
[2.089s] Level 1:colcon.colcon_core.shell:create_environment_hook('lslidar_msgs', 'pythonpath')
[2.090s] INFO:colcon.colcon_core.shell:Creating environment hook '/home/jetson/Desktop/cartographer_ws/install/lslidar_msgs/share/lslidar_msgs/hook/pythonpath.ps1'
[2.091s] INFO:colcon.colcon_core.shell:Creating environment descriptor '/home/jetson/Desktop/cartographer_ws/install/lslidar_msgs/share/lslidar_msgs/hook/pythonpath.dsv'
[2.092s] INFO:colcon.colcon_core.shell:Creating environment hook '/home/jetson/Desktop/cartographer_ws/install/lslidar_msgs/share/lslidar_msgs/hook/pythonpath.sh'
[2.093s] Level 1:colcon.colcon_core.environment:checking '/home/jetson/Desktop/cartographer_ws/install/lslidar_msgs/bin'
[2.094s] INFO:colcon.colcon_core.shell:Creating package script '/home/jetson/Desktop/cartographer_ws/install/lslidar_msgs/share/lslidar_msgs/package.ps1'
[2.095s] INFO:colcon.colcon_core.shell:Creating package descriptor '/home/jetson/Desktop/cartographer_ws/install/lslidar_msgs/share/lslidar_msgs/package.dsv'
[2.096s] INFO:colcon.colcon_core.shell:Creating package script '/home/jetson/Desktop/cartographer_ws/install/lslidar_msgs/share/lslidar_msgs/package.sh'
[2.098s] INFO:colcon.colcon_core.shell:Creating package script '/home/jetson/Desktop/cartographer_ws/install/lslidar_msgs/share/lslidar_msgs/package.bash'
[2.099s] INFO:colcon.colcon_core.shell:Creating package script '/home/jetson/Desktop/cartographer_ws/install/lslidar_msgs/share/lslidar_msgs/package.zsh'
[2.100s] Level 1:colcon.colcon_core.environment:create_file_with_runtime_dependencies(/home/jetson/Desktop/cartographer_ws/install/lslidar_msgs/share/colcon-core/packages/lslidar_msgs)
[2.110s] Level 1:colcon.colcon_core.environment:create_environment_scripts_only(my_cartographer)
[2.111s] Level 1:colcon.colcon_core.environment:checking '/home/jetson/Desktop/cartographer_ws/install/my_cartographer' for CMake module files
[2.112s] Level 1:colcon.colcon_core.environment:checking '/home/jetson/Desktop/cartographer_ws/install/my_cartographer' for CMake config files
[2.112s] Level 1:colcon.colcon_core.shell:create_environment_hook('my_cartographer', 'cmake_prefix_path')
[2.113s] INFO:colcon.colcon_core.shell:Creating environment hook '/home/jetson/Desktop/cartographer_ws/install/my_cartographer/share/my_cartographer/hook/cmake_prefix_path.ps1'
[2.115s] INFO:colcon.colcon_core.shell:Creating environment descriptor '/home/jetson/Desktop/cartographer_ws/install/my_cartographer/share/my_cartographer/hook/cmake_prefix_path.dsv'
[2.115s] INFO:colcon.colcon_core.shell:Creating environment hook '/home/jetson/Desktop/cartographer_ws/install/my_cartographer/share/my_cartographer/hook/cmake_prefix_path.sh'
[2.117s] Level 1:colcon.colcon_core.environment:checking '/home/jetson/Desktop/cartographer_ws/install/my_cartographer/bin'
[2.117s] Level 1:colcon.colcon_core.environment:checking '/home/jetson/Desktop/cartographer_ws/install/my_cartographer/lib/pkgconfig/my_cartographer.pc'
[2.118s] Level 1:colcon.colcon_core.environment:checking '/home/jetson/Desktop/cartographer_ws/install/my_cartographer/lib/python3.8/site-packages'
[2.118s] Level 1:colcon.colcon_core.environment:checking '/home/jetson/Desktop/cartographer_ws/install/my_cartographer/bin'
[2.119s] INFO:colcon.colcon_core.shell:Creating package script '/home/jetson/Desktop/cartographer_ws/install/my_cartographer/share/my_cartographer/package.ps1'
[2.120s] INFO:colcon.colcon_core.shell:Creating package descriptor '/home/jetson/Desktop/cartographer_ws/install/my_cartographer/share/my_cartographer/package.dsv'
[2.121s] INFO:colcon.colcon_core.shell:Creating package script '/home/jetson/Desktop/cartographer_ws/install/my_cartographer/share/my_cartographer/package.sh'
[2.122s] INFO:colcon.colcon_core.shell:Creating package script '/home/jetson/Desktop/cartographer_ws/install/my_cartographer/share/my_cartographer/package.bash'
[2.123s] INFO:colcon.colcon_core.shell:Creating package script '/home/jetson/Desktop/cartographer_ws/install/my_cartographer/share/my_cartographer/package.zsh'
[2.124s] Level 1:colcon.colcon_core.environment:create_file_with_runtime_dependencies(/home/jetson/Desktop/cartographer_ws/install/my_cartographer/share/colcon-core/packages/my_cartographer)
[2.352s] Level 1:colcon.colcon_core.environment:create_environment_scripts_only(lslidar_msgs)
[2.353s] Level 1:colcon.colcon_core.environment:checking '/home/jetson/Desktop/cartographer_ws/install/lslidar_msgs' for CMake module files
[2.354s] Level 1:colcon.colcon_core.environment:checking '/home/jetson/Desktop/cartographer_ws/install/lslidar_msgs' for CMake config files
[2.356s] Level 1:colcon.colcon_core.shell:create_environment_hook('lslidar_msgs', 'cmake_prefix_path')
[2.356s] INFO:colcon.colcon_core.shell:Creating environment hook '/home/jetson/Desktop/cartographer_ws/install/lslidar_msgs/share/lslidar_msgs/hook/cmake_prefix_path.ps1'
[2.358s] INFO:colcon.colcon_core.shell:Creating environment descriptor '/home/jetson/Desktop/cartographer_ws/install/lslidar_msgs/share/lslidar_msgs/hook/cmake_prefix_path.dsv'
[2.358s] INFO:colcon.colcon_core.shell:Creating environment hook '/home/jetson/Desktop/cartographer_ws/install/lslidar_msgs/share/lslidar_msgs/hook/cmake_prefix_path.sh'
[2.360s] Level 1:colcon.colcon_core.environment:checking '/home/jetson/Desktop/cartographer_ws/install/lslidar_msgs/lib'
[2.360s] Level 1:colcon.colcon_core.shell:create_environment_hook('lslidar_msgs', 'ld_library_path_lib')
[2.360s] INFO:colcon.colcon_core.shell:Creating environment hook '/home/jetson/Desktop/cartographer_ws/install/lslidar_msgs/share/lslidar_msgs/hook/ld_library_path_lib.ps1'
[2.361s] INFO:colcon.colcon_core.shell:Creating environment descriptor '/home/jetson/Desktop/cartographer_ws/install/lslidar_msgs/share/lslidar_msgs/hook/ld_library_path_lib.dsv'
[2.362s] INFO:colcon.colcon_core.shell:Creating environment hook '/home/jetson/Desktop/cartographer_ws/install/lslidar_msgs/share/lslidar_msgs/hook/ld_library_path_lib.sh'
[2.363s] Level 1:colcon.colcon_core.environment:checking '/home/jetson/Desktop/cartographer_ws/install/lslidar_msgs/bin'
[2.363s] Level 1:colcon.colcon_core.environment:checking '/home/jetson/Desktop/cartographer_ws/install/lslidar_msgs/lib/pkgconfig/lslidar_msgs.pc'
[2.364s] Level 1:colcon.colcon_core.environment:checking '/home/jetson/Desktop/cartographer_ws/install/lslidar_msgs/lib/python3.8/site-packages'
[2.364s] Level 1:colcon.colcon_core.shell:create_environment_hook('lslidar_msgs', 'pythonpath')
[2.364s] INFO:colcon.colcon_core.shell:Creating environment hook '/home/jetson/Desktop/cartographer_ws/install/lslidar_msgs/share/lslidar_msgs/hook/pythonpath.ps1'
[2.365s] INFO:colcon.colcon_core.shell:Creating environment descriptor '/home/jetson/Desktop/cartographer_ws/install/lslidar_msgs/share/lslidar_msgs/hook/pythonpath.dsv'
[2.366s] INFO:colcon.colcon_core.shell:Creating environment hook '/home/jetson/Desktop/cartographer_ws/install/lslidar_msgs/share/lslidar_msgs/hook/pythonpath.sh'
[2.367s] Level 1:colcon.colcon_core.environment:checking '/home/jetson/Desktop/cartographer_ws/install/lslidar_msgs/bin'
[2.368s] INFO:colcon.colcon_core.shell:Creating package script '/home/jetson/Desktop/cartographer_ws/install/lslidar_msgs/share/lslidar_msgs/package.ps1'
[2.369s] INFO:colcon.colcon_core.shell:Creating package descriptor '/home/jetson/Desktop/cartographer_ws/install/lslidar_msgs/share/lslidar_msgs/package.dsv'
[2.370s] INFO:colcon.colcon_core.shell:Creating package script '/home/jetson/Desktop/cartographer_ws/install/lslidar_msgs/share/lslidar_msgs/package.sh'
[2.371s] INFO:colcon.colcon_core.shell:Creating package script '/home/jetson/Desktop/cartographer_ws/install/lslidar_msgs/share/lslidar_msgs/package.bash'
[2.372s] INFO:colcon.colcon_core.shell:Creating package script '/home/jetson/Desktop/cartographer_ws/install/lslidar_msgs/share/lslidar_msgs/package.zsh'
[2.373s] Level 1:colcon.colcon_core.environment:create_file_with_runtime_dependencies(/home/jetson/Desktop/cartographer_ws/install/lslidar_msgs/share/colcon-core/packages/lslidar_msgs)
[2.374s] INFO:colcon.colcon_ros.task.ament_cmake.build:Building ROS package in '/home/jetson/Desktop/cartographer_ws/lslidar_driver' with build type 'ament_cmake'
[2.375s] INFO:colcon.colcon_cmake.task.cmake.build:Building CMake package in '/home/jetson/Desktop/cartographer_ws/lslidar_driver'
[2.375s] INFO:colcon.colcon_core.shell:Skip shell extension 'powershell' for command environment: Not usable outside of PowerShell
[2.376s] DEBUG:colcon.colcon_core.shell:Skip shell extension 'dsv' for command environment
[2.410s] DEBUG:colcon.colcon_core.event_handler.log_command:Invoking command in '/home/jetson/Desktop/cartographer_ws/build/lslidar_driver': CMAKE_PREFIX_PATH=/home/jetson/Desktop/cartographer_ws/install/lslidar_msgs:/home/jetson/Desktop/cartographer_ws/install/lslidar_driver:/opt/ros/foxy LD_LIBRARY_PATH=/home/jetson/Desktop/cartographer_ws/install/lslidar_msgs/lib:/usr/local/cuda/lib64:/opt/ros/foxy/opt/yaml_cpp_vendor/lib:/opt/ros/foxy/opt/rviz_ogre_vendor/lib:/opt/ros/foxy/lib/aarch64-linux-gnu:/opt/ros/foxy/lib:/usr/local/cuda/lib64 /usr/bin/cmake --build /home/jetson/Desktop/cartographer_ws/build/lslidar_driver -- -j6 -l6
[2.600s] DEBUG:colcon.colcon_core.event_handler.log_command:Invoked command in '/home/jetson/Desktop/cartographer_ws/build/lslidar_driver' returned '0': CMAKE_PREFIX_PATH=/home/jetson/Desktop/cartographer_ws/install/lslidar_msgs:/home/jetson/Desktop/cartographer_ws/install/lslidar_driver:/opt/ros/foxy LD_LIBRARY_PATH=/home/jetson/Desktop/cartographer_ws/install/lslidar_msgs/lib:/usr/local/cuda/lib64:/opt/ros/foxy/opt/yaml_cpp_vendor/lib:/opt/ros/foxy/opt/rviz_ogre_vendor/lib:/opt/ros/foxy/lib/aarch64-linux-gnu:/opt/ros/foxy/lib:/usr/local/cuda/lib64 /usr/bin/cmake --build /home/jetson/Desktop/cartographer_ws/build/lslidar_driver -- -j6 -l6
[2.671s] DEBUG:colcon.colcon_core.event_handler.log_command:Invoking command in '/home/jetson/Desktop/cartographer_ws/build/lslidar_driver': CMAKE_PREFIX_PATH=/home/jetson/Desktop/cartographer_ws/install/lslidar_msgs:/home/jetson/Desktop/cartographer_ws/install/lslidar_driver:/opt/ros/foxy LD_LIBRARY_PATH=/home/jetson/Desktop/cartographer_ws/install/lslidar_msgs/lib:/usr/local/cuda/lib64:/opt/ros/foxy/opt/yaml_cpp_vendor/lib:/opt/ros/foxy/opt/rviz_ogre_vendor/lib:/opt/ros/foxy/lib/aarch64-linux-gnu:/opt/ros/foxy/lib:/usr/local/cuda/lib64 /usr/bin/cmake --install /home/jetson/Desktop/cartographer_ws/build/lslidar_driver
[2.698s] Level 1:colcon.colcon_core.environment:create_environment_scripts_only(lslidar_driver)
[2.699s] Level 1:colcon.colcon_core.environment:checking '/home/jetson/Desktop/cartographer_ws/install/lslidar_driver' for CMake module files
[2.702s] DEBUG:colcon.colcon_core.event_handler.log_command:Invoked command in '/home/jetson/Desktop/cartographer_ws/build/lslidar_driver' returned '0': CMAKE_PREFIX_PATH=/home/jetson/Desktop/cartographer_ws/install/lslidar_msgs:/home/jetson/Desktop/cartographer_ws/install/lslidar_driver:/opt/ros/foxy LD_LIBRARY_PATH=/home/jetson/Desktop/cartographer_ws/install/lslidar_msgs/lib:/usr/local/cuda/lib64:/opt/ros/foxy/opt/yaml_cpp_vendor/lib:/opt/ros/foxy/opt/rviz_ogre_vendor/lib:/opt/ros/foxy/lib/aarch64-linux-gnu:/opt/ros/foxy/lib:/usr/local/cuda/lib64 /usr/bin/cmake --install /home/jetson/Desktop/cartographer_ws/build/lslidar_driver
[2.702s] Level 1:colcon.colcon_core.environment:checking '/home/jetson/Desktop/cartographer_ws/install/lslidar_driver' for CMake config files
[2.703s] Level 1:colcon.colcon_core.shell:create_environment_hook('lslidar_driver', 'cmake_prefix_path')
[2.704s] INFO:colcon.colcon_core.shell:Creating environment hook '/home/jetson/Desktop/cartographer_ws/install/lslidar_driver/share/lslidar_driver/hook/cmake_prefix_path.ps1'
[2.705s] INFO:colcon.colcon_core.shell:Creating environment descriptor '/home/jetson/Desktop/cartographer_ws/install/lslidar_driver/share/lslidar_driver/hook/cmake_prefix_path.dsv'
[2.706s] INFO:colcon.colcon_core.shell:Creating environment hook '/home/jetson/Desktop/cartographer_ws/install/lslidar_driver/share/lslidar_driver/hook/cmake_prefix_path.sh'
[2.707s] Level 1:colcon.colcon_core.environment:checking '/home/jetson/Desktop/cartographer_ws/install/lslidar_driver/lib'
[2.707s] Level 1:colcon.colcon_core.environment:checking '/home/jetson/Desktop/cartographer_ws/install/lslidar_driver/bin'
[2.708s] Level 1:colcon.colcon_core.environment:checking '/home/jetson/Desktop/cartographer_ws/install/lslidar_driver/lib/pkgconfig/lslidar_driver.pc'
[2.708s] Level 1:colcon.colcon_core.environment:checking '/home/jetson/Desktop/cartographer_ws/install/lslidar_driver/lib/python3.8/site-packages'
[2.709s] Level 1:colcon.colcon_core.environment:checking '/home/jetson/Desktop/cartographer_ws/install/lslidar_driver/bin'
[2.710s] INFO:colcon.colcon_core.shell:Creating package script '/home/jetson/Desktop/cartographer_ws/install/lslidar_driver/share/lslidar_driver/package.ps1'
[2.711s] INFO:colcon.colcon_core.shell:Creating package descriptor '/home/jetson/Desktop/cartographer_ws/install/lslidar_driver/share/lslidar_driver/package.dsv'
[2.712s] INFO:colcon.colcon_core.shell:Creating package script '/home/jetson/Desktop/cartographer_ws/install/lslidar_driver/share/lslidar_driver/package.sh'
[2.713s] INFO:colcon.colcon_core.shell:Creating package script '/home/jetson/Desktop/cartographer_ws/install/lslidar_driver/share/lslidar_driver/package.bash'
[2.714s] INFO:colcon.colcon_core.shell:Creating package script '/home/jetson/Desktop/cartographer_ws/install/lslidar_driver/share/lslidar_driver/package.zsh'
[2.715s] Level 1:colcon.colcon_core.environment:create_file_with_runtime_dependencies(/home/jetson/Desktop/cartographer_ws/install/lslidar_driver/share/colcon-core/packages/lslidar_driver)
[2.782s] Level 1:colcon.colcon_core.environment:create_environment_scripts_only(lslidar_driver)
[2.782s] Level 1:colcon.colcon_core.environment:checking '/home/jetson/Desktop/cartographer_ws/install/lslidar_driver' for CMake module files
[2.783s] Level 1:colcon.colcon_core.environment:checking '/home/jetson/Desktop/cartographer_ws/install/lslidar_driver' for CMake config files
[2.784s] Level 1:colcon.colcon_core.shell:create_environment_hook('lslidar_driver', 'cmake_prefix_path')
[2.784s] INFO:colcon.colcon_core.shell:Creating environment hook '/home/jetson/Desktop/cartographer_ws/install/lslidar_driver/share/lslidar_driver/hook/cmake_prefix_path.ps1'
[2.786s] INFO:colcon.colcon_core.shell:Creating environment descriptor '/home/jetson/Desktop/cartographer_ws/install/lslidar_driver/share/lslidar_driver/hook/cmake_prefix_path.dsv'
[2.787s] INFO:colcon.colcon_core.shell:Creating environment hook '/home/jetson/Desktop/cartographer_ws/install/lslidar_driver/share/lslidar_driver/hook/cmake_prefix_path.sh'
[2.788s] Level 1:colcon.colcon_core.environment:checking '/home/jetson/Desktop/cartographer_ws/install/lslidar_driver/lib'
[2.788s] Level 1:colcon.colcon_core.environment:checking '/home/jetson/Desktop/cartographer_ws/install/lslidar_driver/bin'
[2.788s] Level 1:colcon.colcon_core.environment:checking '/home/jetson/Desktop/cartographer_ws/install/lslidar_driver/lib/pkgconfig/lslidar_driver.pc'
[2.789s] Level 1:colcon.colcon_core.environment:checking '/home/jetson/Desktop/cartographer_ws/install/lslidar_driver/lib/python3.8/site-packages'
[2.789s] Level 1:colcon.colcon_core.environment:checking '/home/jetson/Desktop/cartographer_ws/install/lslidar_driver/bin'
[2.790s] INFO:colcon.colcon_core.shell:Creating package script '/home/jetson/Desktop/cartographer_ws/install/lslidar_driver/share/lslidar_driver/package.ps1'
[2.791s] INFO:colcon.colcon_core.shell:Creating package descriptor '/home/jetson/Desktop/cartographer_ws/install/lslidar_driver/share/lslidar_driver/package.dsv'
[2.792s] INFO:colcon.colcon_core.shell:Creating package script '/home/jetson/Desktop/cartographer_ws/install/lslidar_driver/share/lslidar_driver/package.sh'
[2.793s] INFO:colcon.colcon_core.shell:Creating package script '/home/jetson/Desktop/cartographer_ws/install/lslidar_driver/share/lslidar_driver/package.bash'
[2.794s] INFO:colcon.colcon_core.shell:Creating package script '/home/jetson/Desktop/cartographer_ws/install/lslidar_driver/share/lslidar_driver/package.zsh'
[2.795s] Level 1:colcon.colcon_core.environment:create_file_with_runtime_dependencies(/home/jetson/Desktop/cartographer_ws/install/lslidar_driver/share/colcon-core/packages/lslidar_driver)
[2.796s] DEBUG:colcon.colcon_parallel_executor.executor.parallel:closing loop
[2.797s] DEBUG:colcon.colcon_parallel_executor.executor.parallel:loop closed
[2.797s] DEBUG:colcon.colcon_parallel_executor.executor.parallel:run_until_complete finished with '0'
[2.797s] DEBUG:colcon.colcon_core.event_reactor:joining thread
[2.810s] INFO:colcon.colcon_core.plugin_system:Skipping extension 'colcon_notification.desktop_notification.terminal_notifier': Not used on non-Darwin systems
[2.811s] INFO:colcon.colcon_core.plugin_system:Skipping extension 'colcon_notification.desktop_notification.win32': Not used on non-Windows systems
[2.811s] INFO:colcon.colcon_notification.desktop_notification:Sending desktop notification using 'notify2'
[2.851s] DEBUG:colcon.colcon_core.event_reactor:joined thread
[2.852s] INFO:colcon.colcon_core.shell:Creating prefix script '/home/jetson/Desktop/cartographer_ws/install/local_setup.ps1'
[2.854s] INFO:colcon.colcon_core.shell:Creating prefix util module '/home/jetson/Desktop/cartographer_ws/install/_local_setup_util_ps1.py'
[2.857s] INFO:colcon.colcon_core.shell:Creating prefix chain script '/home/jetson/Desktop/cartographer_ws/install/setup.ps1'
[2.860s] INFO:colcon.colcon_core.shell:Creating prefix script '/home/jetson/Desktop/cartographer_ws/install/local_setup.sh'
[2.861s] INFO:colcon.colcon_core.shell:Creating prefix util module '/home/jetson/Desktop/cartographer_ws/install/_local_setup_util_sh.py'
[2.863s] INFO:colcon.colcon_core.shell:Creating prefix chain script '/home/jetson/Desktop/cartographer_ws/install/setup.sh'
[2.865s] INFO:colcon.colcon_core.shell:Creating prefix script '/home/jetson/Desktop/cartographer_ws/install/local_setup.bash'
[2.866s] INFO:colcon.colcon_core.shell:Creating prefix chain script '/home/jetson/Desktop/cartographer_ws/install/setup.bash'
[2.868s] INFO:colcon.colcon_core.shell:Creating prefix script '/home/jetson/Desktop/cartographer_ws/install/local_setup.zsh'
[2.869s] INFO:colcon.colcon_core.shell:Creating prefix chain script '/home/jetson/Desktop/cartographer_ws/install/setup.zsh'
