[0.071s] Invoking command in '/home/ubuntu/Desktop/cartographer_ws/build/cartographer': CMAKE_PREFIX_PATH=/opt/ros/foxy /usr/bin/cmake /home/ubuntu/Desktop/cartographer_ws/src/cartographer -DCMAKE_INSTALL_PREFIX=/home/ubuntu/Desktop/cartographer_ws/install/cartographer
[0.647s] -- The C compiler identification is GNU 9.4.0
[1.068s] -- The CXX compiler identification is GNU 9.4.0
[1.101s] -- Check for working C compiler: /usr/bin/cc
[1.364s] -- Check for working C compiler: /usr/bin/cc -- works
[1.366s] -- Detecting C compiler ABI info
[1.608s] -- Detecting C compiler ABI info - done
[1.657s] -- Detecting C compile features
[1.658s] -- Detecting C compile features - done
[1.671s] -- Check for working CXX compiler: /usr/bin/c++
[1.946s] -- Check for working CXX compiler: /usr/bin/c++ -- works
[1.952s] -- Detecting CXX compiler ABI info
[2.234s] -- Detecting CXX compiler ABI info - done
[2.271s] -- Detecting CXX compile features
[2.273s] -- Detecting CXX compile features - done
[2.279s] -- Build type: Release
[2.325s] Files /home/ubuntu/Desktop/cartographer_ws/build/cartographer/AllFiles.cmake and - differ
[2.548s] -- Found PythonInterp: /usr/bin/python (found version "2.7.18") 
[2.556s] -- Looking for pthread.h
[2.889s] -- Looking for pthread.h - found
[2.891s] -- Performing Test CMAKE_HAVE_LIBC_PTHREAD
[3.176s] -- Performing Test CMAKE_HAVE_LIBC_PTHREAD - Failed
[3.178s] -- Looking for pthread_create in pthreads
[3.418s] -- Looking for pthread_create in pthreads - not found
[3.418s] -- Looking for pthread_create in pthread
[3.683s] -- Looking for pthread_create in pthread - found
[3.687s] -- Found Threads: TRUE  
[3.706s] -- Found GMock: gmock_main;-lpthread  
[3.768s] -- Found Boost: /usr/lib/x86_64-linux-gnu/cmake/Boost-1.71.0/BoostConfig.cmake (found version "1.71.0") found components: iostreams 
[3.792s] -- Found installed version of Eigen: /usr/lib/cmake/eigen3
[3.799s] -- Found required Ceres dependency: Eigen version 3.3.7 in /usr/include/eigen3
[3.806s] -- Found required Ceres dependency: glog
[3.818s] -- Found installed version of gflags: /usr/lib/x86_64-linux-gnu/cmake/gflags
[3.819s] -- Detected gflags version: 2.2.2
[3.825s] -- Found required Ceres dependency: gflags
[3.828s] -- Found Ceres version: 1.14.0 installed in: /usr with components: [EigenSparse, SparseLinearAlgebraLibrary, LAPACK, SuiteSparse, CXSparse, SchurSpecializations, OpenMP, Multithreading]
[3.864s] -- Found Lua: /usr/lib/x86_64-linux-gnu/liblua5.2.so;/usr/lib/x86_64-linux-gnu/libm.so (found version "5.2.4") 
[3.918s] -- Found Protobuf: /usr/lib/x86_64-linux-gnu/libprotobuf.so;-lpthread (found suitable version "3.6.1", minimum required is "3.0.0") 
[3.930s] -- Found PkgConfig: /usr/bin/pkg-config (found version "0.29.1") 
[3.930s] -- Checking for one of the modules 'cairo>=1.12.16'
[4.223s] -- Found Sphinx: /usr/bin/sphinx-build  
[4.422s] -- Configuring done
[5.136s] -- Generating done
[5.164s] -- Build files have been written to: /home/ubuntu/Desktop/cartographer_ws/build/cartographer
[5.198s] Invoked command in '/home/ubuntu/Desktop/cartographer_ws/build/cartographer' returned '0': CMAKE_PREFIX_PATH=/opt/ros/foxy /usr/bin/cmake /home/ubuntu/Desktop/cartographer_ws/src/cartographer -DCMAKE_INSTALL_PREFIX=/home/ubuntu/Desktop/cartographer_ws/install/cartographer
[5.202s] Invoking command in '/home/ubuntu/Desktop/cartographer_ws/build/cartographer': CMAKE_PREFIX_PATH=/opt/ros/foxy /usr/bin/cmake --build /home/ubuntu/Desktop/cartographer_ws/build/cartographer -- -j4 -l4
[5.442s] [35m[1mScanning dependencies of target gtest[0m
[5.467s] [35m[1mScanning dependencies of target build_doc[0m
[5.499s] [35m[1mScanning dependencies of target cartographer_detect_changes[0m
[5.512s] [  1%] [34m[1mRunning C++ protocol buffer compiler on /home/ubuntu/Desktop/cartographer_ws/src/cartographer/cartographer/transform/proto/transform.proto[0m
[5.565s] [  1%] [34m[1mBuilding documentation.[0m
[5.637s] [  2%] [32mBuilding CXX object googletest/CMakeFiles/gtest.dir/src/gtest-all.cc.o[0m
[5.652s] [  2%] [34m[1mRunning C++ protocol buffer compiler on /home/ubuntu/Desktop/cartographer_ws/src/cartographer/cartographer/common/proto/ceres_solver_options.proto[0m
[5.663s] [  2%] Built target cartographer_detect_changes
[5.732s] [  2%] [34m[1mRunning C++ protocol buffer compiler on /home/ubuntu/Desktop/cartographer_ws/src/cartographer/cartographer/ground_truth/proto/relations.proto[0m
[5.748s] [  3%] [34m[1mRunning C++ protocol buffer compiler on /home/ubuntu/Desktop/cartographer_ws/src/cartographer/cartographer/mapping/proto/2d/cell_limits.proto[0m
[5.832s] [  3%] [34m[1mRunning C++ protocol buffer compiler on /home/ubuntu/Desktop/cartographer_ws/src/cartographer/cartographer/mapping/proto/2d/grid_2d_options.proto[0m
[5.833s] [  3%] [34m[1mRunning C++ protocol buffer compiler on /home/ubuntu/Desktop/cartographer_ws/src/cartographer/cartographer/mapping/proto/2d/grid_2d.proto[0m
[5.916s] [  4%] [34m[1mRunning C++ protocol buffer compiler on /home/ubuntu/Desktop/cartographer_ws/src/cartographer/cartographer/mapping/proto/2d/local_trajectory_builder_options_2d.proto[0m
[5.917s] [  4%] [34m[1mRunning C++ protocol buffer compiler on /home/ubuntu/Desktop/cartographer_ws/src/cartographer/cartographer/mapping/proto/2d/map_limits.proto[0m
[5.988s] [  4%] [34m[1mRunning C++ protocol buffer compiler on /home/ubuntu/Desktop/cartographer_ws/src/cartographer/cartographer/mapping/proto/2d/probability_grid_range_data_inserter_options_2d.proto[0m
[6.002s] [  4%] [34m[1mRunning C++ protocol buffer compiler on /home/ubuntu/Desktop/cartographer_ws/src/cartographer/cartographer/mapping/proto/2d/probability_grid.proto[0m
[6.088s] [  4%] [34m[1mRunning C++ protocol buffer compiler on /home/ubuntu/Desktop/cartographer_ws/src/cartographer/cartographer/mapping/proto/3d/hybrid_grid.proto[0m
[6.111s] [  5%] [34m[1mRunning C++ protocol buffer compiler on /home/ubuntu/Desktop/cartographer_ws/src/cartographer/cartographer/mapping/proto/2d/submaps_options_2d.proto[0m
[6.135s] [  5%] [34m[1mRunning C++ protocol buffer compiler on /home/ubuntu/Desktop/cartographer_ws/src/cartographer/cartographer/mapping/proto/3d/local_trajectory_builder_options_3d.proto[0m
[6.197s] [  6%] [34m[1mRunning C++ protocol buffer compiler on /home/ubuntu/Desktop/cartographer_ws/src/cartographer/cartographer/mapping/proto/3d/range_data_inserter_options_3d.proto[0m
[6.225s] [  6%] [34m[1mRunning C++ protocol buffer compiler on /home/ubuntu/Desktop/cartographer_ws/src/cartographer/cartographer/mapping/proto/3d/submaps_options_3d.proto[0m
[6.272s] [  6%] [34m[1mRunning C++ protocol buffer compiler on /home/ubuntu/Desktop/cartographer_ws/src/cartographer/cartographer/mapping/proto/connected_components.proto[0m
[6.319s] [  6%] [34m[1mRunning C++ protocol buffer compiler on /home/ubuntu/Desktop/cartographer_ws/src/cartographer/cartographer/mapping/proto/internal/legacy_serialized_data.proto[0m
[6.360s] [  7%] [34m[1mRunning C++ protocol buffer compiler on /home/ubuntu/Desktop/cartographer_ws/src/cartographer/cartographer/mapping/proto/map_builder_options.proto[0m
[6.386s] [  7%] [34m[1mRunning C++ protocol buffer compiler on /home/ubuntu/Desktop/cartographer_ws/src/cartographer/cartographer/mapping/proto/motion_filter_options.proto[0m
[6.452s] [  7%] [34m[1mRunning C++ protocol buffer compiler on /home/ubuntu/Desktop/cartographer_ws/src/cartographer/cartographer/mapping/proto/pose_graph.proto[0m
[6.468s] [  8%] [34m[1mRunning C++ protocol buffer compiler on /home/ubuntu/Desktop/cartographer_ws/src/cartographer/cartographer/mapping/proto/pose_graph/constraint_builder_options.proto[0m
[6.516s] [  8%] [34m[1mRunning C++ protocol buffer compiler on /home/ubuntu/Desktop/cartographer_ws/src/cartographer/cartographer/mapping/proto/pose_graph_options.proto[0m
[6.541s] [  8%] [34m[1mRunning C++ protocol buffer compiler on /home/ubuntu/Desktop/cartographer_ws/src/cartographer/cartographer/mapping/proto/pose_graph/optimization_problem_options.proto[0m
[6.607s] [  8%] [34m[1mRunning C++ protocol buffer compiler on /home/ubuntu/Desktop/cartographer_ws/src/cartographer/cartographer/mapping/proto/scan_matching/ceres_scan_matcher_options_2d.proto[0m
[6.621s] [  9%] [34m[1mRunning C++ protocol buffer compiler on /home/ubuntu/Desktop/cartographer_ws/src/cartographer/cartographer/mapping/proto/range_data_inserter_options.proto[0m
[6.687s] [  9%] [34m[1mRunning C++ protocol buffer compiler on /home/ubuntu/Desktop/cartographer_ws/src/cartographer/cartographer/mapping/proto/scan_matching/fast_correlative_scan_matcher_options_2d.proto[0m
[6.722s] [  9%] [34m[1mRunning C++ protocol buffer compiler on /home/ubuntu/Desktop/cartographer_ws/src/cartographer/cartographer/mapping/proto/scan_matching/ceres_scan_matcher_options_3d.proto[0m
[6.735s] [01mRunning Sphinx v1.8.5[39;49;00m
[6.769s] [ 10%] [34m[1mRunning C++ protocol buffer compiler on /home/ubuntu/Desktop/cartographer_ws/src/cartographer/cartographer/mapping/proto/scan_matching/fast_correlative_scan_matcher_options_3d.proto[0m
[6.825s] [ 10%] [34m[1mRunning C++ protocol buffer compiler on /home/ubuntu/Desktop/cartographer_ws/src/cartographer/cartographer/mapping/proto/scan_matching/real_time_correlative_scan_matcher_options.proto[0m
[6.831s] [ 10%] [34m[1mRunning C++ protocol buffer compiler on /home/ubuntu/Desktop/cartographer_ws/src/cartographer/cartographer/mapping/proto/serialization.proto[0m
[6.890s] [ 11%] [34m[1mRunning C++ protocol buffer compiler on /home/ubuntu/Desktop/cartographer_ws/src/cartographer/cartographer/mapping/proto/submap.proto[0m
[6.938s] [ 11%] [34m[1mRunning C++ protocol buffer compiler on /home/ubuntu/Desktop/cartographer_ws/src/cartographer/cartographer/mapping/proto/submap_visualization.proto[0m
[6.999s] [ 11%] [34m[1mRunning C++ protocol buffer compiler on /home/ubuntu/Desktop/cartographer_ws/src/cartographer/cartographer/mapping/proto/trajectory.proto[0m
[7.026s] [ 11%] [34m[1mRunning C++ protocol buffer compiler on /home/ubuntu/Desktop/cartographer_ws/src/cartographer/cartographer/mapping/proto/trajectory_builder_options.proto[0m
[7.043s] [ 12%] [34m[1mRunning C++ protocol buffer compiler on /home/ubuntu/Desktop/cartographer_ws/src/cartographer/cartographer/mapping/proto/trajectory_node_data.proto[0m
[7.097s] [ 12%] [34m[1mRunning C++ protocol buffer compiler on /home/ubuntu/Desktop/cartographer_ws/src/cartographer/cartographer/sensor/proto/adaptive_voxel_filter_options.proto[0m
[7.125s] [ 12%] [34m[1mRunning C++ protocol buffer compiler on /home/ubuntu/Desktop/cartographer_ws/src/cartographer/cartographer/sensor/proto/sensor.proto[0m
[7.521s] making output directory...
[7.535s] [01mbuilding [mo]: [39;49;00mtargets for 0 po files that are out of date
[7.538s] [01mbuilding [html][39;49;00m: targets for 5 source files that are out of date
[7.539s] [01mupdating environment: [39;49;00m5 added, 0 changed, 0 removed
[7.835s] [01mreading sources... [39;49;00m[ 20%] [35mconfiguration[39;49;00m                                        
[7.867s] [01mreading sources... [39;49;00m[ 40%] [35mcost_functions[39;49;00m                                       
[7.910s] [01mreading sources... [39;49;00m[ 60%] [35mevaluation[39;49;00m                                           
[7.953s] [01mreading sources... [39;49;00m[ 80%] [35mindex[39;49;00m                                                
[7.980s] [01mreading sources... [39;49;00m[100%] [35mterminology[39;49;00m                                          
[7.981s] 
[7.981s] [01mlooking for now-outdated files... [39;49;00mnone found
[7.984s] [01mpickling environment... [39;49;00mdone
[7.984s] [01mchecking consistency... [39;49;00mdone
[7.988s] [01mpreparing documents... [39;49;00mdone
[8.190s] [01mwriting output... [39;49;00m[ 20%] [32mconfiguration[39;49;00m                                         
[8.218s] [01mwriting output... [39;49;00m[ 40%] [32mcost_functions[39;49;00m                                        
[8.244s] [01mwriting output... [39;49;00m[ 60%] [32mevaluation[39;49;00m                                            
[8.244s] [35m[1mScanning dependencies of target cartographer[0m
[8.299s] [01mwriting output... [39;49;00m[ 80%] [32mindex[39;49;00m                                                 
[8.316s] [01mwriting output... [39;49;00m[100%] [32mterminology[39;49;00m                                           
[8.317s] 
[8.343s] [01mgenerating indices...[39;49;00m genindex
[8.370s] [01mwriting additional pages...[39;49;00m search
[8.373s] [01mcopying images... [39;49;00m[ 50%] [33mautogenerate_groundtruth.png[39;49;00m                          
[8.375s] [01mcopying images... [39;49;00m[100%] [33mhigh_level_system_overview.png[39;49;00m                        
[8.375s] 
[8.443s] [01mcopying static files... [39;49;00mdone
[8.444s] [01mcopying extra files... [39;49;00mdone
[8.448s] [01mdumping search index in English (code: en) ... [39;49;00mdone
[8.449s] [01mdumping object inventory... [39;49;00mdone
[8.449s] [01mbuild succeeded.[39;49;00m
[8.449s] 
[8.451s] The HTML pages are in html.
[8.698s] [ 12%] Built target build_doc
[10.899s] [ 12%] [32mBuilding CXX object CMakeFiles/cartographer.dir/cartographer/common/ceres_solver_options.cc.o[0m
[10.918s] [ 12%] [32mBuilding CXX object CMakeFiles/cartographer.dir/cartographer/common/configuration_file_resolver.cc.o[0m
[10.961s] [ 13%] [32mBuilding CXX object CMakeFiles/cartographer.dir/cartographer/common/fixed_ratio_sampler.cc.o[0m
[25.333s] [ 13%] [32mBuilding CXX object CMakeFiles/cartographer.dir/cartographer/common/histogram.cc.o[0m
[26.641s] [ 13%] [32mBuilding CXX object CMakeFiles/cartographer.dir/cartographer/common/internal/testing/thread_pool_for_testing.cc.o[0m
[33.365s] [ 13%] [32mBuilding CXX object CMakeFiles/cartographer.dir/cartographer/common/lua_parameter_dictionary.cc.o[0m
[45.266s] [ 13%] [32mBuilding CXX object CMakeFiles/cartographer.dir/cartographer/common/thread_pool.cc.o[0m
[51.449s] [ 13%] [32m[1mLinking CXX static library ../lib/libgtest.a[0m
[51.647s] [ 13%] Built target gtest
[52.272s] [ 13%] [32mBuilding CXX object CMakeFiles/cartographer.dir/cartographer/common/time.cc.o[0m
[55.845s] [ 14%] [32mBuilding CXX object CMakeFiles/cartographer.dir/cartographer/ground_truth/relations_text_file.cc.o[0m
[62.783s] [ 14%] [32mBuilding CXX object CMakeFiles/cartographer.dir/cartographer/io/color.cc.o[0m
[68.238s] [ 14%] [32mBuilding CXX object CMakeFiles/cartographer.dir/cartographer/io/coloring_points_processor.cc.o[0m
[74.291s] [ 14%] [32mBuilding CXX object CMakeFiles/cartographer.dir/cartographer/io/counting_points_processor.cc.o[0m
[75.323s] [ 15%] [32mBuilding CXX object CMakeFiles/cartographer.dir/cartographer/io/draw_trajectories.cc.o[0m
[76.358s] [ 16%] [32mBuilding CXX object CMakeFiles/cartographer.dir/cartographer/common/task.cc.o[0m
[80.850s] [ 16%] [32mBuilding CXX object CMakeFiles/cartographer.dir/cartographer/io/file_writer.cc.o[0m
[82.480s] [ 16%] [32mBuilding CXX object CMakeFiles/cartographer.dir/cartographer/io/fixed_ratio_sampling_points_processor.cc.o[0m
[83.485s] [ 17%] [32mBuilding CXX object CMakeFiles/cartographer.dir/cartographer/io/frame_id_filtering_points_processor.cc.o[0m
[100.279s] [ 17%] [32mBuilding CXX object CMakeFiles/cartographer.dir/cartographer/io/image.cc.o[0m
[115.782s] [ 18%] [32mBuilding CXX object CMakeFiles/cartographer.dir/cartographer/io/intensity_to_color_points_processor.cc.o[0m
[122.589s] [ 18%] [32mBuilding CXX object CMakeFiles/cartographer.dir/cartographer/io/internal/in_memory_proto_stream.cc.o[0m
[126.841s] [ 18%] [32mBuilding CXX object CMakeFiles/cartographer.dir/cartographer/io/internal/mapping_state_serialization.cc.o[0m
[136.126s] [ 18%] [32mBuilding CXX object CMakeFiles/cartographer.dir/cartographer/io/min_max_range_filtering_points_processor.cc.o[0m
[142.391s] [ 19%] [32mBuilding CXX object CMakeFiles/cartographer.dir/cartographer/io/outlier_removing_points_processor.cc.o[0m
[151.895s] [ 19%] [32mBuilding CXX object CMakeFiles/cartographer.dir/cartographer/io/pcd_writing_points_processor.cc.o[0m
[158.500s] [ 19%] [32mBuilding CXX object CMakeFiles/cartographer.dir/cartographer/io/ply_writing_points_processor.cc.o[0m
[165.109s] [ 20%] [32mBuilding CXX object CMakeFiles/cartographer.dir/cartographer/io/points_batch.cc.o[0m
[170.146s] [ 20%] [32mBuilding CXX object CMakeFiles/cartographer.dir/cartographer/io/points_processor_pipeline_builder.cc.o[0m
[171.146s] [ 20%] [32mBuilding CXX object CMakeFiles/cartographer.dir/cartographer/io/hybrid_grid_points_processor.cc.o[0m
[172.203s] [ 20%] [32mBuilding CXX object CMakeFiles/cartographer.dir/cartographer/io/probability_grid_points_processor.cc.o[0m
[180.757s] [ 20%] [32mBuilding CXX object CMakeFiles/cartographer.dir/cartographer/io/proto_stream.cc.o[0m
[182.996s] [ 21%] [32mBuilding CXX object CMakeFiles/cartographer.dir/cartographer/io/proto_stream_deserializer.cc.o[0m
[183.296s] [ 21%] [32mBuilding CXX object CMakeFiles/cartographer.dir/cartographer/io/serialization_format_migration.cc.o[0m
[189.713s] [ 22%] [32mBuilding CXX object CMakeFiles/cartographer.dir/cartographer/io/submap_painter.cc.o[0m
[189.714s] [ 22%] [32mBuilding CXX object CMakeFiles/cartographer.dir/cartographer/io/xray_points_processor.cc.o[0m
[191.071s] [ 22%] [32mBuilding CXX object CMakeFiles/cartographer.dir/cartographer/io/xyz_writing_points_processor.cc.o[0m
[197.592s] [ 22%] [32mBuilding CXX object CMakeFiles/cartographer.dir/cartographer/mapping/2d/grid_2d.cc.o[0m
[201.560s] [ 22%] [32mBuilding CXX object CMakeFiles/cartographer.dir/cartographer/mapping/2d/probability_grid.cc.o[0m
[206.612s] [ 23%] [32mBuilding CXX object CMakeFiles/cartographer.dir/cartographer/mapping/2d/probability_grid_range_data_inserter_2d.cc.o[0m
[206.985s] [ 23%] [32mBuilding CXX object CMakeFiles/cartographer.dir/cartographer/mapping/2d/submap_2d.cc.o[0m
[214.779s] [ 23%] [32mBuilding CXX object CMakeFiles/cartographer.dir/cartographer/mapping/3d/range_data_inserter_3d.cc.o[0m
[214.806s] [ 24%] [32mBuilding CXX object CMakeFiles/cartographer.dir/cartographer/mapping/3d/submap_3d.cc.o[0m
[217.007s] [ 24%] [32mBuilding CXX object CMakeFiles/cartographer.dir/cartographer/mapping/detect_floors.cc.o[0m
[223.824s] [ 24%] [32mBuilding CXX object CMakeFiles/cartographer.dir/cartographer/mapping/imu_tracker.cc.o[0m
[226.541s] [ 25%] [32mBuilding CXX object CMakeFiles/cartographer.dir/cartographer/mapping/internal/2d/local_slam_result_2d.cc.o[0m
[231.122s] [ 25%] [32mBuilding CXX object CMakeFiles/cartographer.dir/cartographer/mapping/internal/2d/local_trajectory_builder_2d.cc.o[0m
[238.836s] [ 25%] [32mBuilding CXX object CMakeFiles/cartographer.dir/cartographer/mapping/internal/2d/local_trajectory_builder_options_2d.cc.o[0m
[246.116s] [ 25%] [32mBuilding CXX object CMakeFiles/cartographer.dir/cartographer/mapping/internal/2d/overlapping_submaps_trimmer_2d.cc.o[0m
[248.559s] [ 26%] [32mBuilding CXX object CMakeFiles/cartographer.dir/cartographer/mapping/internal/2d/pose_graph_2d.cc.o[0m
[251.477s] [ 26%] [32mBuilding CXX object CMakeFiles/cartographer.dir/cartographer/mapping/internal/2d/ray_casting.cc.o[0m
[258.158s] [ 26%] [32mBuilding CXX object CMakeFiles/cartographer.dir/cartographer/mapping/internal/2d/scan_matching/ceres_scan_matcher_2d.cc.o[0m
[260.093s] [ 27%] [32mBuilding CXX object CMakeFiles/cartographer.dir/cartographer/mapping/internal/2d/scan_matching/correlative_scan_matcher_2d.cc.o[0m
[269.742s] [ 27%] [32mBuilding CXX object CMakeFiles/cartographer.dir/cartographer/mapping/internal/2d/scan_matching/fast_correlative_scan_matcher_2d.cc.o[0m
[270.238s] [ 27%] [32mBuilding CXX object CMakeFiles/cartographer.dir/cartographer/mapping/internal/2d/scan_matching/real_time_correlative_scan_matcher_2d.cc.o[0m
[273.980s] [ 27%] [32mBuilding CXX object CMakeFiles/cartographer.dir/cartographer/mapping/internal/3d/local_slam_result_3d.cc.o[0m
[278.508s] [ 28%] [32mBuilding CXX object CMakeFiles/cartographer.dir/cartographer/mapping/internal/3d/local_trajectory_builder_3d.cc.o[0m
[279.991s] [ 28%] [32mBuilding CXX object CMakeFiles/cartographer.dir/cartographer/mapping/internal/3d/local_trajectory_builder_options_3d.cc.o[0m
[286.712s] [ 28%] [32mBuilding CXX object CMakeFiles/cartographer.dir/cartographer/mapping/internal/3d/pose_graph_3d.cc.o[0m
[288.811s] [ 29%] [32mBuilding CXX object CMakeFiles/cartographer.dir/cartographer/mapping/internal/3d/scan_matching/ceres_scan_matcher_3d.cc.o[0m
[292.701s] [ 29%] [32mBuilding CXX object CMakeFiles/cartographer.dir/cartographer/mapping/internal/3d/scan_matching/fast_correlative_scan_matcher_3d.cc.o[0m
[314.932s] [ 30%] [32mBuilding CXX object CMakeFiles/cartographer.dir/cartographer/mapping/internal/3d/scan_matching/precomputation_grid_3d.cc.o[0m
[319.989s] [ 30%] [32mBuilding CXX object CMakeFiles/cartographer.dir/cartographer/mapping/internal/3d/scan_matching/real_time_correlative_scan_matcher_3d.cc.o[0m
[321.031s] [ 30%] [32mBuilding CXX object CMakeFiles/cartographer.dir/cartographer/mapping/internal/3d/scan_matching/low_resolution_matcher.cc.o[0m
[324.254s] [ 30%] [32mBuilding CXX object CMakeFiles/cartographer.dir/cartographer/mapping/internal/3d/scan_matching/rotational_scan_matcher.cc.o[0m
[329.945s] [ 30%] [32mBuilding CXX object CMakeFiles/cartographer.dir/cartographer/mapping/internal/collated_trajectory_builder.cc.o[0m
[330.544s] [ 31%] [32mBuilding CXX object CMakeFiles/cartographer.dir/cartographer/mapping/internal/connected_components.cc.o[0m
[334.737s] [ 31%] [32mBuilding CXX object CMakeFiles/cartographer.dir/cartographer/mapping/internal/constraints/constraint_builder.cc.o[0m
[341.374s] [ 31%] [32mBuilding CXX object CMakeFiles/cartographer.dir/cartographer/mapping/internal/constraints/constraint_builder_2d.cc.o[0m
[341.618s] [ 32%] [32mBuilding CXX object CMakeFiles/cartographer.dir/cartographer/mapping/internal/constraints/constraint_builder_3d.cc.o[0m
[356.982s] [ 32%] [32mBuilding CXX object CMakeFiles/cartographer.dir/cartographer/mapping/internal/motion_filter.cc.o[0m
[365.392s] [ 32%] [32mBuilding CXX object CMakeFiles/cartographer.dir/cartographer/mapping/internal/optimization/ceres_pose.cc.o[0m
[371.308s] [ 33%] [32mBuilding CXX object CMakeFiles/cartographer.dir/cartographer/mapping/internal/optimization/cost_functions/spa_cost_function_2d.cc.o[0m
[381.178s] [ 33%] [32mBuilding CXX object CMakeFiles/cartographer.dir/cartographer/mapping/internal/optimization/optimization_problem_2d.cc.o[0m
[395.233s] [ 33%] [32mBuilding CXX object CMakeFiles/cartographer.dir/cartographer/mapping/internal/optimization/optimization_problem_3d.cc.o[0m
[397.268s] [ 33%] [32mBuilding CXX object CMakeFiles/cartographer.dir/cartographer/mapping/internal/global_trajectory_builder.cc.o[0m
[401.264s] [ 34%] [32mBuilding CXX object CMakeFiles/cartographer.dir/cartographer/mapping/internal/optimization/optimization_problem_options.cc.o[0m
[415.014s] [ 34%] [32mBuilding CXX object CMakeFiles/cartographer.dir/cartographer/mapping/internal/scan_matching/real_time_correlative_scan_matcher.cc.o[0m
[416.053s] [ 34%] [32mBuilding CXX object CMakeFiles/cartographer.dir/cartographer/mapping/internal/range_data_collator.cc.o[0m
[424.920s] [ 35%] [32mBuilding CXX object CMakeFiles/cartographer.dir/cartographer/mapping/internal/submap_controller.cc.o[0m
[424.983s] [ 35%] [32mBuilding CXX object CMakeFiles/cartographer.dir/cartographer/mapping/internal/trajectory_connectivity_state.cc.o[0m
[438.610s] [ 35%] [32mBuilding CXX object CMakeFiles/cartographer.dir/cartographer/mapping/pose_extrapolator.cc.o[0m
[448.536s] [ 36%] [32mBuilding CXX object CMakeFiles/cartographer.dir/cartographer/mapping/pose_graph.cc.o[0m
[458.498s] [ 36%] [32mBuilding CXX object CMakeFiles/cartographer.dir/cartographer/mapping/pose_graph_trimmer.cc.o[0m
[466.203s] [ 36%] [32mBuilding CXX object CMakeFiles/cartographer.dir/cartographer/mapping/probability_values.cc.o[0m
[470.252s] [ 37%] [32mBuilding CXX object CMakeFiles/cartographer.dir/cartographer/mapping/range_data_inserter_interface.cc.o[0m
[472.289s] [ 37%] [32mBuilding CXX object CMakeFiles/cartographer.dir/cartographer/mapping/map_builder.cc.o[0m
[472.297s] [ 37%] [32mBuilding CXX object CMakeFiles/cartographer.dir/cartographer/mapping/trajectory_builder_interface.cc.o[0m
[478.612s] [ 37%] [32mBuilding CXX object CMakeFiles/cartographer.dir/cartographer/mapping/trajectory_node.cc.o[0m
[481.189s] [ 37%] [32mBuilding CXX object CMakeFiles/cartographer.dir/cartographer/metrics/counter.cc.o[0m
[482.030s] [ 38%] [32mBuilding CXX object CMakeFiles/cartographer.dir/cartographer/metrics/gauge.cc.o[0m
[482.934s] [ 38%] [32mBuilding CXX object CMakeFiles/cartographer.dir/cartographer/metrics/histogram.cc.o[0m
[484.356s] [ 38%] [32mBuilding CXX object CMakeFiles/cartographer.dir/cartographer/metrics/register.cc.o[0m
[486.545s] [ 39%] [32mBuilding CXX object CMakeFiles/cartographer.dir/cartographer/sensor/compressed_point_cloud.cc.o[0m
[488.960s] [ 39%] [32mBuilding CXX object CMakeFiles/cartographer.dir/cartographer/sensor/fixed_frame_pose_data.cc.o[0m
[496.686s] [ 40%] [32mBuilding CXX object CMakeFiles/cartographer.dir/cartographer/sensor/internal/collator.cc.o[0m
[499.737s] [ 40%] [32mBuilding CXX object CMakeFiles/cartographer.dir/cartographer/sensor/internal/ordered_multi_queue.cc.o[0m
[501.788s] [ 40%] [32mBuilding CXX object CMakeFiles/cartographer.dir/cartographer/sensor/imu_data.cc.o[0m
[505.746s] [ 40%] [32mBuilding CXX object CMakeFiles/cartographer.dir/cartographer/sensor/internal/trajectory_collator.cc.o[0m
[509.361s] [ 40%] [32mBuilding CXX object CMakeFiles/cartographer.dir/cartographer/sensor/internal/voxel_filter.cc.o[0m
[509.701s] [ 41%] [32mBuilding CXX object CMakeFiles/cartographer.dir/cartographer/sensor/landmark_data.cc.o[0m
[518.243s] [ 41%] [32mBuilding CXX object CMakeFiles/cartographer.dir/cartographer/sensor/point_cloud.cc.o[0m
[525.298s] [ 42%] [32mBuilding CXX object CMakeFiles/cartographer.dir/cartographer/sensor/range_data.cc.o[0m
[526.339s] [ 42%] [32mBuilding CXX object CMakeFiles/cartographer.dir/cartographer/sensor/odometry_data.cc.o[0m
[526.398s] [ 42%] [32mBuilding CXX object CMakeFiles/cartographer.dir/cartographer/sensor/timed_point_cloud_data.cc.o[0m
[533.884s] [ 42%] [32mBuilding CXX object CMakeFiles/cartographer.dir/cartographer/transform/rigid_transform.cc.o[0m
[534.007s] [ 42%] [32mBuilding CXX object CMakeFiles/cartographer.dir/cartographer/transform/timestamped_transform.cc.o[0m
[534.602s] [ 43%] [32mBuilding CXX object CMakeFiles/cartographer.dir/cartographer/transform/transform.cc.o[0m
[540.578s] [ 43%] [32mBuilding CXX object CMakeFiles/cartographer.dir/cartographer/transform/transform_interpolation_buffer.cc.o[0m
[540.948s] [ 43%] [32mBuilding CXX object CMakeFiles/cartographer.dir/cartographer/common/proto/ceres_solver_options.pb.cc.o[0m
[542.550s] [ 44%] [32mBuilding CXX object CMakeFiles/cartographer.dir/cartographer/ground_truth/proto/relations.pb.cc.o[0m
[544.071s] [ 44%] [32mBuilding CXX object CMakeFiles/cartographer.dir/cartographer/mapping/proto/2d/cell_limits.pb.cc.o[0m
[546.125s] [ 44%] [32mBuilding CXX object CMakeFiles/cartographer.dir/cartographer/mapping/proto/2d/grid_2d.pb.cc.o[0m
[546.968s] [ 44%] [32mBuilding CXX object CMakeFiles/cartographer.dir/cartographer/mapping/proto/2d/grid_2d_options.pb.cc.o[0m
[547.944s] [ 45%] [32mBuilding CXX object CMakeFiles/cartographer.dir/cartographer/mapping/proto/2d/local_trajectory_builder_options_2d.pb.cc.o[0m
[551.430s] [ 45%] [32mBuilding CXX object CMakeFiles/cartographer.dir/cartographer/mapping/proto/2d/probability_grid.pb.cc.o[0m
[554.203s] [ 46%] [32mBuilding CXX object CMakeFiles/cartographer.dir/cartographer/mapping/proto/2d/probability_grid_range_data_inserter_options_2d.pb.cc.o[0m
[557.335s] [ 46%] [32mBuilding CXX object CMakeFiles/cartographer.dir/cartographer/mapping/proto/2d/submaps_options_2d.pb.cc.o[0m
[559.861s] [ 46%] [32mBuilding CXX object CMakeFiles/cartographer.dir/cartographer/mapping/proto/3d/hybrid_grid.pb.cc.o[0m
[562.764s] [ 47%] [32mBuilding CXX object CMakeFiles/cartographer.dir/cartographer/mapping/proto/3d/local_trajectory_builder_options_3d.pb.cc.o[0m
[564.811s] [ 47%] [32mBuilding CXX object CMakeFiles/cartographer.dir/cartographer/mapping/proto/3d/range_data_inserter_options_3d.pb.cc.o[0m
[565.844s] [ 47%] [32mBuilding CXX object CMakeFiles/cartographer.dir/cartographer/mapping/proto/2d/map_limits.pb.cc.o[0m
[565.968s] [ 47%] [32mBuilding CXX object CMakeFiles/cartographer.dir/cartographer/mapping/proto/3d/submaps_options_3d.pb.cc.o[0m
[567.749s] [ 47%] [32mBuilding CXX object CMakeFiles/cartographer.dir/cartographer/mapping/proto/connected_components.pb.cc.o[0m
[568.851s] [ 48%] [32mBuilding CXX object CMakeFiles/cartographer.dir/cartographer/mapping/proto/internal/legacy_serialized_data.pb.cc.o[0m
[569.110s] [ 48%] [32mBuilding CXX object CMakeFiles/cartographer.dir/cartographer/mapping/proto/map_builder_options.pb.cc.o[0m
[571.271s] [ 48%] [32mBuilding CXX object CMakeFiles/cartographer.dir/cartographer/mapping/proto/motion_filter_options.pb.cc.o[0m
[572.334s] [ 49%] [32mBuilding CXX object CMakeFiles/cartographer.dir/cartographer/mapping/proto/pose_graph.pb.cc.o[0m
[572.507s] [ 49%] [32mBuilding CXX object CMakeFiles/cartographer.dir/cartographer/mapping/proto/pose_graph/constraint_builder_options.pb.cc.o[0m
[573.915s] [ 49%] [32mBuilding CXX object CMakeFiles/cartographer.dir/cartographer/mapping/proto/pose_graph/optimization_problem_options.pb.cc.o[0m
[575.582s] [ 49%] [32mBuilding CXX object CMakeFiles/cartographer.dir/cartographer/mapping/proto/pose_graph_options.pb.cc.o[0m
[577.032s] [ 50%] [32mBuilding CXX object CMakeFiles/cartographer.dir/cartographer/mapping/proto/range_data_inserter_options.pb.cc.o[0m
[577.315s] [ 50%] [32mBuilding CXX object CMakeFiles/cartographer.dir/cartographer/mapping/proto/scan_matching/ceres_scan_matcher_options_2d.pb.cc.o[0m
[578.846s] [ 50%] [32mBuilding CXX object CMakeFiles/cartographer.dir/cartographer/mapping/proto/scan_matching/ceres_scan_matcher_options_3d.pb.cc.o[0m
[579.967s] [ 51%] [32mBuilding CXX object CMakeFiles/cartographer.dir/cartographer/mapping/proto/scan_matching/fast_correlative_scan_matcher_options_2d.pb.cc.o[0m
[580.186s] [ 51%] [32mBuilding CXX object CMakeFiles/cartographer.dir/cartographer/mapping/proto/scan_matching/fast_correlative_scan_matcher_options_3d.pb.cc.o[0m
[581.741s] [ 51%] [32mBuilding CXX object CMakeFiles/cartographer.dir/cartographer/mapping/proto/scan_matching/real_time_correlative_scan_matcher_options.pb.cc.o[0m
[582.935s] [ 52%] [32mBuilding CXX object CMakeFiles/cartographer.dir/cartographer/mapping/proto/serialization.pb.cc.o[0m
[583.081s] [ 52%] [32mBuilding CXX object CMakeFiles/cartographer.dir/cartographer/mapping/proto/submap.pb.cc.o[0m
[584.762s] [ 52%] [32mBuilding CXX object CMakeFiles/cartographer.dir/cartographer/mapping/proto/submap_visualization.pb.cc.o[0m
[590.097s] [ 52%] [32mBuilding CXX object CMakeFiles/cartographer.dir/cartographer/mapping/proto/trajectory.pb.cc.o[0m
[590.170s] [ 53%] [32mBuilding CXX object CMakeFiles/cartographer.dir/cartographer/mapping/proto/trajectory_builder_options.pb.cc.o[0m
[591.225s] [ 53%] [32mBuilding CXX object CMakeFiles/cartographer.dir/cartographer/mapping/proto/trajectory_node_data.pb.cc.o[0m
[594.151s] [ 53%] [32mBuilding CXX object CMakeFiles/cartographer.dir/cartographer/sensor/proto/adaptive_voxel_filter_options.pb.cc.o[0m
[596.965s] [ 53%] [32mBuilding CXX object CMakeFiles/cartographer.dir/cartographer/transform/proto/transform.pb.cc.o[0m
[602.430s] [ 54%] [32mBuilding CXX object CMakeFiles/cartographer.dir/cartographer/sensor/proto/sensor.pb.cc.o[0m
[608.057s] [ 54%] [32m[1mLinking CXX static library libcartographer.a[0m
[608.537s] [ 54%] Built target cartographer
[608.581s] [35m[1mScanning dependencies of target gmock[0m
[608.595s] [35m[1mScanning dependencies of target cartographer_test_library[0m
[608.598s] [35m[1mScanning dependencies of target cartographer_compute_relations_metrics[0m
[608.687s] [ 54%] [32mBuilding CXX object gmock/CMakeFiles/gmock.dir/src/gmock-all.cc.o[0m
[608.748s] [ 54%] [32mBuilding CXX object CMakeFiles/cartographer_compute_relations_metrics.dir/cartographer/ground_truth/compute_relations_metrics_main.cc.o[0m
[608.749s] [ 54%] [32mBuilding CXX object CMakeFiles/cartographer_test_library.dir/cartographer/io/fake_file_writer.cc.o[0m
[609.751s] [35m[1mScanning dependencies of target cartographer_migrate_serialization_format[0m
[609.831s] [ 55%] [32mBuilding CXX object CMakeFiles/cartographer_migrate_serialization_format.dir/cartographer/io/migrate_serialization_format_main.cc.o[0m
[614.802s] [ 56%] [32mBuilding CXX object CMakeFiles/cartographer_test_library.dir/cartographer/io/fake_file_writer_test.cc.o[0m
[614.831s] [ 56%] [32m[1mLinking CXX executable cartographer_migrate_serialization_format[0m
[615.338s] [ 56%] Built target cartographer_migrate_serialization_format
[615.400s] [35m[1mScanning dependencies of target cartographer_autogenerate_ground_truth[0m
[615.551s] [ 57%] [32mBuilding CXX object CMakeFiles/cartographer_autogenerate_ground_truth.dir/cartographer/ground_truth/autogenerate_ground_truth_main.cc.o[0m
[618.142s] [ 58%] [32m[1mLinking CXX static library ../lib/libgmock.a[0m
[618.299s] [ 58%] Built target gmock
[618.334s] [ 58%] [32mBuilding CXX object CMakeFiles/cartographer_test_library.dir/cartographer/mapping/internal/testing/test_helpers.cc.o[0m
[619.805s] [ 58%] [32m[1mLinking CXX executable cartographer_compute_relations_metrics[0m
[620.356s] [ 58%] Built target cartographer_compute_relations_metrics
[620.436s] [35m[1mScanning dependencies of target gmock_main[0m
[620.531s] [ 58%] [32mBuilding CXX object gmock/CMakeFiles/gmock_main.dir/src/gmock_main.cc.o[0m
[624.267s] [ 58%] [32m[1mLinking CXX static library ../lib/libgmock_main.a[0m
[624.415s] [ 58%] Built target gmock_main
[625.651s] [ 58%] [32m[1mLinking CXX executable cartographer_autogenerate_ground_truth[0m
[626.106s] [ 58%] Built target cartographer_autogenerate_ground_truth
[629.185s] [ 58%] [32m[1mLinking CXX static library libcartographer_test_library.a[0m
[629.330s] [ 58%] Built target cartographer_test_library
[629.374s] [35m[1mScanning dependencies of target cartographer.sensor.internal.voxel_filter_test[0m
[629.377s] [35m[1mScanning dependencies of target cartographer.transform.transform_test[0m
[629.380s] [35m[1mScanning dependencies of target cartographer.sensor.range_data_test[0m
[629.598s] [ 58%] [32mBuilding CXX object CMakeFiles/cartographer.sensor.internal.voxel_filter_test.dir/cartographer/sensor/internal/voxel_filter_test.cc.o[0m
[629.604s] [ 58%] [32mBuilding CXX object CMakeFiles/cartographer.transform.transform_test.dir/cartographer/transform/transform_test.cc.o[0m
[629.632s] [ 58%] [32mBuilding CXX object CMakeFiles/cartographer.sensor.range_data_test.dir/cartographer/sensor/range_data_test.cc.o[0m
[635.640s] [35m[1mScanning dependencies of target cartographer.mapping.pose_graph_test[0m
[635.991s] [ 59%] [32mBuilding CXX object CMakeFiles/cartographer.mapping.pose_graph_test.dir/cartographer/mapping/pose_graph_test.cc.o[0m
[640.052s] [ 59%] [32m[1mLinking CXX executable cartographer.sensor.range_data_test[0m
[640.511s] [ 59%] Built target cartographer.sensor.range_data_test
[641.905s] [ 59%] [32m[1mLinking CXX executable cartographer.sensor.internal.voxel_filter_test[0m
[642.322s] [ 59%] Built target cartographer.sensor.internal.voxel_filter_test
[644.231s] [ 59%] [32m[1mLinking CXX executable cartographer.transform.transform_test[0m
[644.607s] [ 59%] Built target cartographer.transform.transform_test
[646.431s] [ 59%] [32m[1mLinking CXX executable cartographer.mapping.pose_graph_test[0m
[647.153s] [ 59%] Built target cartographer.mapping.pose_graph_test
[647.196s] [35m[1mScanning dependencies of target cartographer.sensor.landmark_data_test[0m
[647.354s] [ 59%] [32mBuilding CXX object CMakeFiles/cartographer.sensor.landmark_data_test.dir/cartographer/sensor/landmark_data_test.cc.o[0m
[655.364s] [35m[1mScanning dependencies of target cartographer.mapping.3d.hybrid_grid_test[0m
[655.497s] [ 60%] [32mBuilding CXX object CMakeFiles/cartographer.mapping.3d.hybrid_grid_test.dir/cartographer/mapping/3d/hybrid_grid_test.cc.o[0m
[656.493s] [35m[1mScanning dependencies of target cartographer.mapping.2d.probability_grid_test[0m
[656.690s] [ 60%] [32mBuilding CXX object CMakeFiles/cartographer.mapping.2d.probability_grid_test.dir/cartographer/mapping/2d/probability_grid_test.cc.o[0m
[657.668s] [35m[1mScanning dependencies of target cartographer.mapping.3d.range_data_inserter_3d_test[0m
[657.868s] [ 60%] [32mBuilding CXX object CMakeFiles/cartographer.mapping.3d.range_data_inserter_3d_test.dir/cartographer/mapping/3d/range_data_inserter_3d_test.cc.o[0m
[664.420s] [ 61%] [32m[1mLinking CXX executable cartographer.sensor.landmark_data_test[0m
[665.043s] [ 61%] Built target cartographer.sensor.landmark_data_test
[669.516s] [ 62%] [32m[1mLinking CXX executable cartographer.mapping.2d.probability_grid_test[0m
[669.892s] [ 62%] Built target cartographer.mapping.2d.probability_grid_test
[671.051s] [ 63%] [32m[1mLinking CXX executable cartographer.mapping.3d.range_data_inserter_3d_test[0m
[671.444s] [ 63%] Built target cartographer.mapping.3d.range_data_inserter_3d_test
[672.550s] [ 63%] [32m[1mLinking CXX executable cartographer.mapping.3d.hybrid_grid_test[0m
[672.929s] [ 63%] Built target cartographer.mapping.3d.hybrid_grid_test
[672.974s] [35m[1mScanning dependencies of target cartographer.common.rate_timer_test[0m
[673.066s] [ 64%] [32mBuilding CXX object CMakeFiles/cartographer.common.rate_timer_test.dir/cartographer/common/rate_timer_test.cc.o[0m
[680.393s] [ 64%] [32m[1mLinking CXX executable cartographer.common.rate_timer_test[0m
[680.734s] [ 64%] Built target cartographer.common.rate_timer_test
[680.781s] [35m[1mScanning dependencies of target cartographer.io.serialization_format_migration_test[0m
[680.876s] [ 64%] [32mBuilding CXX object CMakeFiles/cartographer.io.serialization_format_migration_test.dir/cartographer/io/serialization_format_migration_test.cc.o[0m
[691.416s] [ 65%] [32m[1mLinking CXX executable cartographer.io.serialization_format_migration_test[0m
[691.925s] [ 65%] Built target cartographer.io.serialization_format_migration_test
[691.978s] [35m[1mScanning dependencies of target cartographer.mapping.2d.map_limits_test[0m
[692.116s] [ 65%] [32mBuilding CXX object CMakeFiles/cartographer.mapping.2d.map_limits_test.dir/cartographer/mapping/2d/map_limits_test.cc.o[0m
[700.117s] [35m[1mScanning dependencies of target cartographer.mapping.trajectory_node_test[0m
[700.250s] [ 65%] [32mBuilding CXX object CMakeFiles/cartographer.mapping.trajectory_node_test.dir/cartographer/mapping/trajectory_node_test.cc.o[0m
[701.237s] [ 65%] [32m[1mLinking CXX executable cartographer.mapping.2d.map_limits_test[0m
[701.244s] [35m[1mScanning dependencies of target cartographer.common.fixed_ratio_sampler_test[0m
[701.307s] [ 66%] [32mBuilding CXX object CMakeFiles/cartographer.common.fixed_ratio_sampler_test.dir/cartographer/common/fixed_ratio_sampler_test.cc.o[0m
[701.670s] [ 66%] Built target cartographer.mapping.2d.map_limits_test
[701.725s] [35m[1mScanning dependencies of target cartographer.io.points_processor_pipeline_builder_test[0m
[701.840s] [ 66%] [32mBuilding CXX object CMakeFiles/cartographer.io.points_processor_pipeline_builder_test.dir/cartographer/io/points_processor_pipeline_builder_test.cc.o[0m
[703.866s] [35m[1mScanning dependencies of target cartographer.mapping.submaps_test[0m
[704.091s] [ 66%] [32mBuilding CXX object CMakeFiles/cartographer.mapping.submaps_test.dir/cartographer/mapping/submaps_test.cc.o[0m
[707.957s] [ 66%] [32m[1mLinking CXX executable cartographer.common.fixed_ratio_sampler_test[0m
[708.349s] [ 66%] Built target cartographer.common.fixed_ratio_sampler_test
[711.764s] [ 67%] [32m[1mLinking CXX executable cartographer.io.points_processor_pipeline_builder_test[0m
[712.338s] [ 67%] Built target cartographer.io.points_processor_pipeline_builder_test
[713.910s] [ 67%] [32m[1mLinking CXX executable cartographer.mapping.trajectory_node_test[0m
[714.002s] [ 68%] [32m[1mLinking CXX executable cartographer.mapping.submaps_test[0m
[714.334s] [ 68%] Built target cartographer.mapping.submaps_test
[714.335s] [ 68%] Built target cartographer.mapping.trajectory_node_test
[714.380s] [35m[1mScanning dependencies of target cartographer.io.proto_stream_deserializer_test[0m
[714.486s] [ 68%] [32mBuilding CXX object CMakeFiles/cartographer.io.proto_stream_deserializer_test.dir/cartographer/io/proto_stream_deserializer_test.cc.o[0m
[723.466s] [ 68%] [32m[1mLinking CXX executable cartographer.io.proto_stream_deserializer_test[0m
[724.028s] [ 68%] Built target cartographer.io.proto_stream_deserializer_test
[724.073s] [35m[1mScanning dependencies of target cartographer.common.lockless_queue_test[0m
[724.139s] [ 68%] [32mBuilding CXX object CMakeFiles/cartographer.common.lockless_queue_test.dir/cartographer/common/lockless_queue_test.cc.o[0m
[727.362s] [ 69%] [32m[1mLinking CXX executable cartographer.common.lockless_queue_test[0m
[727.690s] [ 69%] Built target cartographer.common.lockless_queue_test
[727.731s] [35m[1mScanning dependencies of target cartographer.mapping.2d.range_data_inserter_2d_test[0m
[727.878s] [ 69%] [32mBuilding CXX object CMakeFiles/cartographer.mapping.2d.range_data_inserter_2d_test.dir/cartographer/mapping/2d/range_data_inserter_2d_test.cc.o[0m
[730.859s] [35m[1mScanning dependencies of target cartographer.mapping.internal.2d.scan_matching.ceres_scan_matcher_2d_test[0m
[731.010s] [ 69%] [32mBuilding CXX object CMakeFiles/cartographer.mapping.internal.2d.scan_matching.ceres_scan_matcher_2d_test.dir/cartographer/mapping/internal/2d/scan_matching/ceres_scan_matcher_2d_test.cc.o[0m
[732.004s] [35m[1mScanning dependencies of target cartographer.mapping.internal.constraints.constraint_builder_3d_test[0m
[732.214s] [ 70%] [32mBuilding CXX object CMakeFiles/cartographer.mapping.internal.constraints.constraint_builder_3d_test.dir/cartographer/mapping/internal/constraints/constraint_builder_3d_test.cc.o[0m
[733.198s] [35m[1mScanning dependencies of target cartographer.mapping.3d.submap_3d_test[0m
[733.525s] [ 70%] [32mBuilding CXX object CMakeFiles/cartographer.mapping.3d.submap_3d_test.dir/cartographer/mapping/3d/submap_3d_test.cc.o[0m
[739.738s] [ 70%] [32m[1mLinking CXX executable cartographer.mapping.2d.range_data_inserter_2d_test[0m
[740.437s] [ 70%] Built target cartographer.mapping.2d.range_data_inserter_2d_test
[740.493s] [35m[1mScanning dependencies of target cartographer.common.blocking_queue_test[0m
[740.582s] [ 70%] [32mBuilding CXX object CMakeFiles/cartographer.common.blocking_queue_test.dir/cartographer/common/blocking_queue_test.cc.o[0m
[746.990s] [ 70%] [32m[1mLinking CXX executable cartographer.mapping.internal.2d.scan_matching.ceres_scan_matcher_2d_test[0m
[747.585s] [ 70%] Built target cartographer.mapping.internal.2d.scan_matching.ceres_scan_matcher_2d_test
[747.639s] [35m[1mScanning dependencies of target cartographer.mapping.internal.motion_filter_test[0m
[747.923s] [ 70%] [32mBuilding CXX object CMakeFiles/cartographer.mapping.internal.motion_filter_test.dir/cartographer/mapping/internal/motion_filter_test.cc.o[0m
[749.118s] [ 70%] [32m[1mLinking CXX executable cartographer.mapping.3d.submap_3d_test[0m
[749.720s] [ 70%] Built target cartographer.mapping.3d.submap_3d_test
[749.778s] [35m[1mScanning dependencies of target cartographer.sensor.point_cloud_test[0m
[749.986s] [ 71%] [32mBuilding CXX object CMakeFiles/cartographer.sensor.point_cloud_test.dir/cartographer/sensor/point_cloud_test.cc.o[0m
[752.687s] [ 72%] [32m[1mLinking CXX executable cartographer.common.blocking_queue_test[0m
[753.123s] [ 72%] Built target cartographer.common.blocking_queue_test
[755.383s] [ 72%] [32m[1mLinking CXX executable cartographer.mapping.internal.constraints.constraint_builder_3d_test[0m
[756.150s] [ 72%] Built target cartographer.mapping.internal.constraints.constraint_builder_3d_test
[758.851s] [ 73%] [32m[1mLinking CXX executable cartographer.mapping.internal.motion_filter_test[0m
[759.260s] [ 73%] Built target cartographer.mapping.internal.motion_filter_test
[760.222s] [ 73%] [32m[1mLinking CXX executable cartographer.sensor.point_cloud_test[0m
[760.301s] [35m[1mScanning dependencies of target cartographer.transform.transform_interpolation_buffer_test[0m
[760.448s] [ 73%] [32mBuilding CXX object CMakeFiles/cartographer.transform.transform_interpolation_buffer_test.dir/cartographer/transform/transform_interpolation_buffer_test.cc.o[0m
[760.581s] [ 73%] Built target cartographer.sensor.point_cloud_test
[760.616s] [35m[1mScanning dependencies of target cartographer.io.proto_stream_test[0m
[760.691s] [ 74%] [32mBuilding CXX object CMakeFiles/cartographer.io.proto_stream_test.dir/cartographer/io/proto_stream_test.cc.o[0m
[761.707s] [35m[1mScanning dependencies of target cartographer.common.lua_parameter_dictionary_test[0m
[761.804s] [ 74%] [32mBuilding CXX object CMakeFiles/cartographer.common.lua_parameter_dictionary_test.dir/cartographer/common/lua_parameter_dictionary_test.cc.o[0m
[762.814s] [35m[1mScanning dependencies of target cartographer.mapping.internal.optimization.cost_functions.spa_cost_function_2d_test[0m
[763.057s] [ 74%] [32mBuilding CXX object CMakeFiles/cartographer.mapping.internal.optimization.cost_functions.spa_cost_function_2d_test.dir/cartographer/mapping/internal/optimization/cost_functions/spa_cost_function_2d_test.cc.o[0m
[768.800s] [ 74%] [32m[1mLinking CXX executable cartographer.io.proto_stream_test[0m
[769.322s] [ 74%] Built target cartographer.io.proto_stream_test
[769.377s] [35m[1mScanning dependencies of target cartographer.io.fake_file_writer_test[0m
[769.468s] [ 74%] [32mBuilding CXX object CMakeFiles/cartographer.io.fake_file_writer_test.dir/cartographer/io/fake_file_writer_test.cc.o[0m
[774.120s] [ 74%] [32m[1mLinking CXX executable cartographer.common.lua_parameter_dictionary_test[0m
[774.626s] [ 74%] Built target cartographer.common.lua_parameter_dictionary_test
[776.393s] [ 75%] [32m[1mLinking CXX executable cartographer.transform.transform_interpolation_buffer_test[0m
[776.862s] [ 75%] Built target cartographer.transform.transform_interpolation_buffer_test
[778.342s] [ 76%] [32m[1mLinking CXX executable cartographer.io.fake_file_writer_test[0m
[778.733s] [ 76%] Built target cartographer.io.fake_file_writer_test
[779.948s] [ 76%] [32m[1mLinking CXX executable cartographer.mapping.internal.optimization.cost_functions.spa_cost_function_2d_test[0m
[780.191s] [ 76%] Built target cartographer.mapping.internal.optimization.cost_functions.spa_cost_function_2d_test
[780.210s] [35m[1mScanning dependencies of target cartographer.io.internal.in_memory_proto_stream_test[0m
[780.280s] [ 76%] [32mBuilding CXX object CMakeFiles/cartographer.io.internal.in_memory_proto_stream_test.dir/cartographer/io/internal/in_memory_proto_stream_test.cc.o[0m
[787.939s] [ 76%] [32m[1mLinking CXX executable cartographer.io.internal.in_memory_proto_stream_test[0m
[788.436s] [ 76%] Built target cartographer.io.internal.in_memory_proto_stream_test
[788.483s] [35m[1mScanning dependencies of target cartographer.mapping.internal.3d.scan_matching.fast_correlative_scan_matcher_3d_test[0m
[788.647s] [ 76%] [32mBuilding CXX object CMakeFiles/cartographer.mapping.internal.3d.scan_matching.fast_correlative_scan_matcher_3d_test.dir/cartographer/mapping/internal/3d/scan_matching/fast_correlative_scan_matcher_3d_test.cc.o[0m
[790.645s] [35m[1mScanning dependencies of target cartographer.common.optional_test[0m
[790.707s] [ 76%] [32mBuilding CXX object CMakeFiles/cartographer.common.optional_test.dir/cartographer/common/optional_test.cc.o[0m
[791.719s] [35m[1mScanning dependencies of target cartographer.common.math_test[0m
[791.835s] [ 76%] [32mBuilding CXX object CMakeFiles/cartographer.common.math_test.dir/cartographer/common/math_test.cc.o[0m
[792.853s] [35m[1mScanning dependencies of target cartographer.mapping.internal.3d.scan_matching.ceres_scan_matcher_3d_test[0m
[793.135s] [ 76%] [32mBuilding CXX object CMakeFiles/cartographer.mapping.internal.3d.scan_matching.ceres_scan_matcher_3d_test.dir/cartographer/mapping/internal/3d/scan_matching/ceres_scan_matcher_3d_test.cc.o[0m
[794.097s] [ 76%] [32m[1mLinking CXX executable cartographer.common.optional_test[0m
[794.599s] [ 76%] Built target cartographer.common.optional_test
[794.653s] [35m[1mScanning dependencies of target cartographer.mapping.id_test[0m
[794.756s] [ 77%] [32mBuilding CXX object CMakeFiles/cartographer.mapping.id_test.dir/cartographer/mapping/id_test.cc.o[0m
[800.801s] [ 78%] [32m[1mLinking CXX executable cartographer.common.math_test[0m
[801.236s] [ 78%] Built target cartographer.common.math_test
[801.288s] [35m[1mScanning dependencies of target cartographer.mapping.2d.submap_2d_test[0m
[801.552s] [ 79%] [32mBuilding CXX object CMakeFiles/cartographer.mapping.2d.submap_2d_test.dir/cartographer/mapping/2d/submap_2d_test.cc.o[0m
[810.294s] [ 79%] [32m[1mLinking CXX executable cartographer.mapping.id_test[0m
[810.843s] [ 79%] Built target cartographer.mapping.id_test
[811.413s] [ 79%] [32m[1mLinking CXX executable cartographer.mapping.internal.3d.scan_matching.fast_correlative_scan_matcher_3d_test[0m
[811.893s] [ 79%] Built target cartographer.mapping.internal.3d.scan_matching.fast_correlative_scan_matcher_3d_test
[815.000s] [ 80%] [32m[1mLinking CXX executable cartographer.mapping.internal.3d.scan_matching.ceres_scan_matcher_3d_test[0m
[815.543s] [ 80%] Built target cartographer.mapping.internal.3d.scan_matching.ceres_scan_matcher_3d_test
[817.719s] [ 80%] [32m[1mLinking CXX executable cartographer.mapping.2d.submap_2d_test[0m
[818.273s] [ 80%] Built target cartographer.mapping.2d.submap_2d_test
[818.314s] [35m[1mScanning dependencies of target cartographer.common.configuration_files_test[0m
[818.450s] [ 80%] [32mBuilding CXX object CMakeFiles/cartographer.common.configuration_files_test.dir/cartographer/common/configuration_files_test.cc.o[0m
[820.465s] [35m[1mScanning dependencies of target cartographer.mapping.internal.2d.scan_matching.correlative_scan_matcher_test[0m
[820.597s] [ 80%] [32mBuilding CXX object CMakeFiles/cartographer.mapping.internal.2d.scan_matching.correlative_scan_matcher_test.dir/cartographer/mapping/internal/2d/scan_matching/correlative_scan_matcher_test.cc.o[0m
[821.594s] [35m[1mScanning dependencies of target cartographer.mapping.internal.optimization.optimization_problem_3d_test[0m
[821.808s] [ 81%] [32mBuilding CXX object CMakeFiles/cartographer.mapping.internal.optimization.optimization_problem_3d_test.dir/cartographer/mapping/internal/optimization/optimization_problem_3d_test.cc.o[0m
[822.803s] [35m[1mScanning dependencies of target cartographer.mapping.internal.2d.overlapping_submaps_trimmer_2d_test[0m
[823.121s] [ 82%] [32mBuilding CXX object CMakeFiles/cartographer.mapping.internal.2d.overlapping_submaps_trimmer_2d_test.dir/cartographer/mapping/internal/2d/overlapping_submaps_trimmer_2d_test.cc.o[0m
[829.802s] [ 82%] [32m[1mLinking CXX executable cartographer.common.configuration_files_test[0m
[830.998s] [ 82%] Built target cartographer.common.configuration_files_test
[831.096s] [35m[1mScanning dependencies of target cartographer.common.thread_pool_test[0m
[831.257s] [ 83%] [32mBuilding CXX object CMakeFiles/cartographer.common.thread_pool_test.dir/cartographer/common/thread_pool_test.cc.o[0m
[833.103s] [ 84%] [32m[1mLinking CXX executable cartographer.mapping.internal.2d.scan_matching.correlative_scan_matcher_test[0m
[833.441s] [ 84%] Built target cartographer.mapping.internal.2d.scan_matching.correlative_scan_matcher_test
[833.484s] [35m[1mScanning dependencies of target cartographer.mapping.internal.2d.pose_graph_2d_test[0m
[833.767s] [ 84%] [32mBuilding CXX object CMakeFiles/cartographer.mapping.internal.2d.pose_graph_2d_test.dir/cartographer/mapping/internal/2d/pose_graph_2d_test.cc.o[0m
[838.625s] [ 84%] [32m[1mLinking CXX executable cartographer.mapping.internal.optimization.optimization_problem_3d_test[0m
[839.295s] [ 84%] Built target cartographer.mapping.internal.optimization.optimization_problem_3d_test
[839.358s] [35m[1mScanning dependencies of target cartographer.mapping.internal.3d.pose_graph_3d_test[0m
[839.557s] [ 84%] [32mBuilding CXX object CMakeFiles/cartographer.mapping.internal.3d.pose_graph_3d_test.dir/cartographer/mapping/internal/3d/pose_graph_3d_test.cc.o[0m
[840.986s] [ 84%] [32m[1mLinking CXX executable cartographer.common.thread_pool_test[0m
[841.421s] [ 84%] Built target cartographer.common.thread_pool_test
[841.491s] [35m[1mScanning dependencies of target cartographer.mapping.pose_graph_trimmer_test[0m
[841.751s] [ 84%] [32mBuilding CXX object CMakeFiles/cartographer.mapping.pose_graph_trimmer_test.dir/cartographer/mapping/pose_graph_trimmer_test.cc.o[0m
[844.311s] [ 84%] [32m[1mLinking CXX executable cartographer.mapping.internal.2d.overlapping_submaps_trimmer_2d_test[0m
[845.042s] [ 84%] Built target cartographer.mapping.internal.2d.overlapping_submaps_trimmer_2d_test
[853.747s] [ 84%] [32m[1mLinking CXX executable cartographer.mapping.pose_graph_trimmer_test[0m
[854.135s] [ 84%] Built target cartographer.mapping.pose_graph_trimmer_test
[858.994s] [ 85%] [32m[1mLinking CXX executable cartographer.mapping.internal.2d.pose_graph_2d_test[0m
[859.791s] [ 85%] Built target cartographer.mapping.internal.2d.pose_graph_2d_test
[860.061s] [ 85%] [32m[1mLinking CXX executable cartographer.mapping.internal.3d.pose_graph_3d_test[0m
[860.889s] [ 85%] Built target cartographer.mapping.internal.3d.pose_graph_3d_test
[860.934s] [35m[1mScanning dependencies of target cartographer.mapping.internal.3d.local_trajectory_builder_3d_test[0m
[861.119s] [ 85%] [32mBuilding CXX object CMakeFiles/cartographer.mapping.internal.3d.local_trajectory_builder_3d_test.dir/cartographer/mapping/internal/3d/local_trajectory_builder_3d_test.cc.o[0m
[875.127s] [35m[1mScanning dependencies of target cartographer.mapping.internal.3d.scan_matching.rotation_delta_cost_functor_3d_test[0m
[875.252s] [ 85%] [32mBuilding CXX object CMakeFiles/cartographer.mapping.internal.3d.scan_matching.rotation_delta_cost_functor_3d_test.dir/cartographer/mapping/internal/3d/scan_matching/rotation_delta_cost_functor_3d_test.cc.o[0m
[876.254s] [35m[1mScanning dependencies of target cartographer.mapping.internal.range_data_collator_test[0m
[876.420s] [ 85%] [32mBuilding CXX object CMakeFiles/cartographer.mapping.internal.range_data_collator_test.dir/cartographer/mapping/internal/range_data_collator_test.cc.o[0m
[878.405s] [35m[1mScanning dependencies of target cartographer.mapping.internal.2d.scan_matching.real_time_correlative_scan_matcher_2d_test[0m
[878.659s] [ 86%] [32mBuilding CXX object CMakeFiles/cartographer.mapping.internal.2d.scan_matching.real_time_correlative_scan_matcher_2d_test.dir/cartographer/mapping/internal/2d/scan_matching/real_time_correlative_scan_matcher_2d_test.cc.o[0m
[880.281s] [ 87%] [32m[1mLinking CXX executable cartographer.mapping.internal.3d.local_trajectory_builder_3d_test[0m
[881.128s] [ 87%] Built target cartographer.mapping.internal.3d.local_trajectory_builder_3d_test
[885.216s] [35m[1mScanning dependencies of target cartographer.mapping.internal.3d.scan_matching.interpolated_grid_test[0m
[885.248s] [ 88%] [32m[1mLinking CXX executable cartographer.mapping.internal.3d.scan_matching.rotation_delta_cost_functor_3d_test[0m
[885.418s] [ 89%] [32mBuilding CXX object CMakeFiles/cartographer.mapping.internal.3d.scan_matching.interpolated_grid_test.dir/cartographer/mapping/internal/3d/scan_matching/interpolated_grid_test.cc.o[0m
[885.868s] [ 89%] Built target cartographer.mapping.internal.3d.scan_matching.rotation_delta_cost_functor_3d_test
[885.911s] [35m[1mScanning dependencies of target cartographer.mapping.internal.3d.scan_matching.real_time_correlative_scan_matcher_3d_test[0m
[886.156s] [ 90%] [32mBuilding CXX object CMakeFiles/cartographer.mapping.internal.3d.scan_matching.real_time_correlative_scan_matcher_3d_test.dir/cartographer/mapping/internal/3d/scan_matching/real_time_correlative_scan_matcher_3d_test.cc.o[0m
[890.140s] [ 90%] [32m[1mLinking CXX executable cartographer.mapping.internal.range_data_collator_test[0m
[890.609s] [ 90%] Built target cartographer.mapping.internal.range_data_collator_test
[890.651s] [35m[1mScanning dependencies of target cartographer.sensor.internal.trajectory_collator_test[0m
[890.916s] [ 90%] [32mBuilding CXX object CMakeFiles/cartographer.sensor.internal.trajectory_collator_test.dir/cartographer/sensor/internal/trajectory_collator_test.cc.o[0m
[891.903s] [ 90%] [32m[1mLinking CXX executable cartographer.mapping.internal.2d.scan_matching.real_time_correlative_scan_matcher_2d_test[0m
[892.411s] [ 90%] Built target cartographer.mapping.internal.2d.scan_matching.real_time_correlative_scan_matcher_2d_test
[892.458s] [35m[1mScanning dependencies of target cartographer.mapping.internal.3d.scan_matching.precomputation_grid_3d_test[0m
[892.686s] [ 90%] [32mBuilding CXX object CMakeFiles/cartographer.mapping.internal.3d.scan_matching.precomputation_grid_3d_test.dir/cartographer/mapping/internal/3d/scan_matching/precomputation_grid_3d_test.cc.o[0m
[898.786s] [ 90%] [32m[1mLinking CXX executable cartographer.mapping.internal.3d.scan_matching.interpolated_grid_test[0m
[899.201s] [ 90%] Built target cartographer.mapping.internal.3d.scan_matching.interpolated_grid_test
[899.249s] [35m[1mScanning dependencies of target cartographer.mapping.probability_values_test[0m
[899.377s] [ 91%] [32mBuilding CXX object CMakeFiles/cartographer.mapping.probability_values_test.dir/cartographer/mapping/probability_values_test.cc.o[0m
[904.388s] [ 91%] [32m[1mLinking CXX executable cartographer.mapping.internal.3d.scan_matching.real_time_correlative_scan_matcher_3d_test[0m
[904.860s] [ 91%] Built target cartographer.mapping.internal.3d.scan_matching.real_time_correlative_scan_matcher_3d_test
[904.903s] [35m[1mScanning dependencies of target cartographer.mapping.map_builder_test[0m
[905.153s] [ 91%] [32mBuilding CXX object CMakeFiles/cartographer.mapping.map_builder_test.dir/cartographer/mapping/map_builder_test.cc.o[0m
[905.647s] [ 92%] [32m[1mLinking CXX executable cartographer.sensor.internal.trajectory_collator_test[0m
[905.846s] [ 92%] [32m[1mLinking CXX executable cartographer.mapping.internal.3d.scan_matching.precomputation_grid_3d_test[0m
[906.124s] [ 92%] Built target cartographer.sensor.internal.trajectory_collator_test
[906.255s] [ 92%] Built target cartographer.mapping.internal.3d.scan_matching.precomputation_grid_3d_test
[908.131s] [ 92%] [32m[1mLinking CXX executable cartographer.mapping.probability_values_test[0m
[908.415s] [ 92%] Built target cartographer.mapping.probability_values_test
[910.459s] [35m[1mScanning dependencies of target cartographer.mapping.internal.3d.scan_matching.rotational_scan_matcher_test[0m
[910.618s] [ 92%] [32mBuilding CXX object CMakeFiles/cartographer.mapping.internal.3d.scan_matching.rotational_scan_matcher_test.dir/cartographer/mapping/internal/3d/scan_matching/rotational_scan_matcher_test.cc.o[0m
[911.610s] [35m[1mScanning dependencies of target cartographer.sensor.internal.ordered_multi_queue_test[0m
[911.837s] [ 93%] [32mBuilding CXX object CMakeFiles/cartographer.sensor.internal.ordered_multi_queue_test.dir/cartographer/sensor/internal/ordered_multi_queue_test.cc.o[0m
[912.841s] [35m[1mScanning dependencies of target cartographer.sensor.map_by_time_test[0m
[912.959s] [ 93%] [32mBuilding CXX object CMakeFiles/cartographer.sensor.map_by_time_test.dir/cartographer/sensor/map_by_time_test.cc.o[0m
[920.418s] [ 94%] [32m[1mLinking CXX executable cartographer.mapping.map_builder_test[0m
[920.635s] [ 94%] [32m[1mLinking CXX executable cartographer.mapping.internal.3d.scan_matching.rotational_scan_matcher_test[0m
[921.100s] [ 94%] Built target cartographer.mapping.internal.3d.scan_matching.rotational_scan_matcher_test
[921.595s] [ 94%] Built target cartographer.mapping.map_builder_test
[922.674s] [ 94%] [32m[1mLinking CXX executable cartographer.sensor.map_by_time_test[0m
[922.967s] [ 94%] Built target cartographer.sensor.map_by_time_test
[924.307s] [ 94%] [32m[1mLinking CXX executable cartographer.sensor.internal.ordered_multi_queue_test[0m
[924.657s] [ 94%] Built target cartographer.sensor.internal.ordered_multi_queue_test
[924.696s] [35m[1mScanning dependencies of target cartographer.mapping.internal.2d.scan_matching.fast_correlative_scan_matcher_2d_test[0m
[924.847s] [ 94%] [32mBuilding CXX object CMakeFiles/cartographer.mapping.internal.2d.scan_matching.fast_correlative_scan_matcher_2d_test.dir/cartographer/mapping/internal/2d/scan_matching/fast_correlative_scan_matcher_2d_test.cc.o[0m
[930.847s] [35m[1mScanning dependencies of target cartographer.mapping.internal.constraints.constraint_builder_2d_test[0m
[931.033s] [ 94%] [32mBuilding CXX object CMakeFiles/cartographer.mapping.internal.constraints.constraint_builder_2d_test.dir/cartographer/mapping/internal/constraints/constraint_builder_2d_test.cc.o[0m
[932.029s] [35m[1mScanning dependencies of target cartographer.mapping.internal.connected_components_test[0m
[932.237s] [ 95%] [32mBuilding CXX object CMakeFiles/cartographer.mapping.internal.connected_components_test.dir/cartographer/mapping/internal/connected_components_test.cc.o[0m
[933.200s] [35m[1mScanning dependencies of target cartographer.sensor.compressed_point_cloud_test[0m
[933.439s] [ 95%] [32mBuilding CXX object CMakeFiles/cartographer.sensor.compressed_point_cloud_test.dir/cartographer/sensor/compressed_point_cloud_test.cc.o[0m
[941.449s] [ 95%] [32m[1mLinking CXX executable cartographer.mapping.internal.2d.scan_matching.fast_correlative_scan_matcher_2d_test[0m
[942.254s] [ 95%] Built target cartographer.mapping.internal.2d.scan_matching.fast_correlative_scan_matcher_2d_test
[944.629s] [ 95%] [32m[1mLinking CXX executable cartographer.mapping.internal.connected_components_test[0m
[945.055s] [ 95%] Built target cartographer.mapping.internal.connected_components_test
[945.116s] [35m[1mScanning dependencies of target cartographer.transform.rigid_transform_test[0m
[945.333s] [ 96%] [32mBuilding CXX object CMakeFiles/cartographer.transform.rigid_transform_test.dir/cartographer/transform/rigid_transform_test.cc.o[0m
[945.334s] [35m[1mScanning dependencies of target cartographer.common.task_test[0m
[945.473s] [ 96%] [32mBuilding CXX object CMakeFiles/cartographer.common.task_test.dir/cartographer/common/task_test.cc.o[0m
[948.279s] [ 97%] [32m[1mLinking CXX executable cartographer.sensor.compressed_point_cloud_test[0m
[948.729s] [ 97%] Built target cartographer.sensor.compressed_point_cloud_test
[948.759s] [35m[1mScanning dependencies of target cartographer.mapping.imu_tracker_test[0m
[948.928s] [ 97%] [32mBuilding CXX object CMakeFiles/cartographer.mapping.imu_tracker_test.dir/cartographer/mapping/imu_tracker_test.cc.o[0m
[950.109s] [ 97%] [32m[1mLinking CXX executable cartographer.mapping.internal.constraints.constraint_builder_2d_test[0m
[950.947s] [ 97%] Built target cartographer.mapping.internal.constraints.constraint_builder_2d_test
[950.992s] [35m[1mScanning dependencies of target cartographer.mapping.internal.optimization.cost_functions.landmark_cost_function_2d_test[0m
[951.189s] [ 97%] [32mBuilding CXX object CMakeFiles/cartographer.mapping.internal.optimization.cost_functions.landmark_cost_function_2d_test.dir/cartographer/mapping/internal/optimization/cost_functions/landmark_cost_function_2d_test.cc.o[0m
[957.680s] [ 97%] [32m[1mLinking CXX executable cartographer.common.task_test[0m
[958.140s] [ 97%] Built target cartographer.common.task_test
[958.181s] [35m[1mScanning dependencies of target cartographer.sensor.internal.collator_test[0m
[958.492s] [ 97%] [32mBuilding CXX object CMakeFiles/cartographer.sensor.internal.collator_test.dir/cartographer/sensor/internal/collator_test.cc.o[0m
[976.350s] [ 97%] [32m[1mLinking CXX executable cartographer.transform.rigid_transform_test[0m
[977.155s] [ 97%] Built target cartographer.transform.rigid_transform_test
[977.377s] [ 97%] [32m[1mLinking CXX executable cartographer.mapping.internal.optimization.cost_functions.landmark_cost_function_2d_test[0m
[977.777s] [ 97%] Built target cartographer.mapping.internal.optimization.cost_functions.landmark_cost_function_2d_test
[980.068s] [ 97%] [32m[1mLinking CXX executable cartographer.sensor.internal.collator_test[0m
[980.417s] [ 97%] Built target cartographer.sensor.internal.collator_test
[983.644s] [ 97%] [32m[1mLinking CXX executable cartographer.mapping.imu_tracker_test[0m
[983.975s] [ 97%] Built target cartographer.mapping.imu_tracker_test
[984.018s] [35m[1mScanning dependencies of target cartographer.mapping.internal.trajectory_connectivity_state_test[0m
[984.158s] [ 98%] [32mBuilding CXX object CMakeFiles/cartographer.mapping.internal.trajectory_connectivity_state_test.dir/cartographer/mapping/internal/trajectory_connectivity_state_test.cc.o[0m
[993.350s] [ 98%] [32m[1mLinking CXX executable cartographer.mapping.internal.trajectory_connectivity_state_test[0m
[993.633s] [ 98%] Built target cartographer.mapping.internal.trajectory_connectivity_state_test
[993.673s] [35m[1mScanning dependencies of target cartographer.mapping.pose_extrapolator_test[0m
[993.792s] [ 98%] [32mBuilding CXX object CMakeFiles/cartographer.mapping.pose_extrapolator_test.dir/cartographer/mapping/pose_extrapolator_test.cc.o[0m
[1028.140s] [ 98%] [32m[1mLinking CXX executable cartographer.mapping.pose_extrapolator_test[0m
[1028.492s] [ 98%] Built target cartographer.mapping.pose_extrapolator_test
[1028.528s] [35m[1mScanning dependencies of target cartographer.mapping.internal.optimization.cost_functions.landmark_cost_function_3d_test[0m
[1028.528s] [35m[1mScanning dependencies of target cartographer.mapping.2d.xy_index_test[0m
[1028.623s] [ 98%] [32mBuilding CXX object CMakeFiles/cartographer.mapping.2d.xy_index_test.dir/cartographer/mapping/2d/xy_index_test.cc.o[0m
[1028.685s] [ 98%] [32mBuilding CXX object CMakeFiles/cartographer.mapping.internal.optimization.cost_functions.landmark_cost_function_3d_test.dir/cartographer/mapping/internal/optimization/cost_functions/landmark_cost_function_3d_test.cc.o[0m
[1037.018s] [ 98%] [32m[1mLinking CXX executable cartographer.mapping.2d.xy_index_test[0m
[1037.377s] [ 98%] Built target cartographer.mapping.2d.xy_index_test
[1045.251s] [100%] [32m[1mLinking CXX executable cartographer.mapping.internal.optimization.cost_functions.landmark_cost_function_3d_test[0m
[1045.586s] [100%] Built target cartographer.mapping.internal.optimization.cost_functions.landmark_cost_function_3d_test
[1045.630s] Invoked command in '/home/ubuntu/Desktop/cartographer_ws/build/cartographer' returned '0': CMAKE_PREFIX_PATH=/opt/ros/foxy /usr/bin/cmake --build /home/ubuntu/Desktop/cartographer_ws/build/cartographer -- -j4 -l4
[1048.236s] Invoking command in '/home/ubuntu/Desktop/cartographer_ws/build/cartographer': CMAKE_PREFIX_PATH=/opt/ros/foxy /usr/bin/cmake --install /home/ubuntu/Desktop/cartographer_ws/build/cartographer
[1048.262s] -- Install configuration: "Release"
[1048.263s] -- Installing: /home/ubuntu/Desktop/cartographer_ws/install/cartographer/share/cartographer/package.xml
[1048.263s] -- Installing: /home/ubuntu/Desktop/cartographer_ws/install/cartographer/share/cartographer//configuration_files
[1048.264s] -- Installing: /home/ubuntu/Desktop/cartographer_ws/install/cartographer/share/cartographer//configuration_files/trajectory_builder_3d.lua
[1048.265s] -- Installing: /home/ubuntu/Desktop/cartographer_ws/install/cartographer/share/cartographer//configuration_files/trajectory_builder_2d.lua
[1048.265s] -- Installing: /home/ubuntu/Desktop/cartographer_ws/install/cartographer/share/cartographer//configuration_files/pose_graph.lua
[1048.265s] -- Installing: /home/ubuntu/Desktop/cartographer_ws/install/cartographer/share/cartographer//configuration_files/trajectory_builder.lua
[1048.267s] -- Installing: /home/ubuntu/Desktop/cartographer_ws/install/cartographer/share/cartographer//configuration_files/map_builder.lua
[1048.267s] -- Installing: /home/ubuntu/Desktop/cartographer_ws/install/cartographer/share/cartographer//configuration_files/map_builder_server.lua
[1048.268s] -- Installing: /home/ubuntu/Desktop/cartographer_ws/install/cartographer/share/cartographer//cmake
[1048.268s] -- Installing: /home/ubuntu/Desktop/cartographer_ws/install/cartographer/share/cartographer//cmake/functions.cmake
[1048.268s] -- Installing: /home/ubuntu/Desktop/cartographer_ws/install/cartographer/share/cartographer//cmake/modules
[1048.272s] -- Installing: /home/ubuntu/Desktop/cartographer_ws/install/cartographer/share/cartographer//cmake/modules/FindSphinx.cmake
[1048.272s] -- Installing: /home/ubuntu/Desktop/cartographer_ws/install/cartographer/share/cartographer//cmake/modules/FindLuaGoogle.cmake
[1048.272s] -- Installing: /home/ubuntu/Desktop/cartographer_ws/install/cartographer/share/cartographer//cmake/modules/FindGMock.cmake
[1048.273s] -- Installing: /home/ubuntu/Desktop/cartographer_ws/install/cartographer/bin/cartographer_autogenerate_ground_truth
[1048.275s] -- Installing: /home/ubuntu/Desktop/cartographer_ws/install/cartographer/bin/cartographer_compute_relations_metrics
[1048.281s] -- Installing: /home/ubuntu/Desktop/cartographer_ws/install/cartographer/bin/cartographer_migrate_serialization_format
[1048.287s] -- Installing: /home/ubuntu/Desktop/cartographer_ws/install/cartographer/lib/libcartographer.a
[1048.313s] -- Installing: /home/ubuntu/Desktop/cartographer_ws/install/cartographer/include/cartographer/common/blocking_queue.h
[1048.314s] -- Installing: /home/ubuntu/Desktop/cartographer_ws/install/cartographer/include/cartographer/common/ceres_solver_options.h
[1048.315s] -- Installing: /home/ubuntu/Desktop/cartographer_ws/install/cartographer/include/cartographer/common/configuration_file_resolver.h
[1048.315s] -- Installing: /home/ubuntu/Desktop/cartographer_ws/install/cartographer/include/cartographer/common/fixed_ratio_sampler.h
[1048.316s] -- Installing: /home/ubuntu/Desktop/cartographer_ws/install/cartographer/include/cartographer/common/histogram.h
[1048.317s] -- Installing: /home/ubuntu/Desktop/cartographer_ws/install/cartographer/include/cartographer/common/lockless_queue.h
[1048.317s] -- Installing: /home/ubuntu/Desktop/cartographer_ws/install/cartographer/include/cartographer/common/lua.h
[1048.318s] -- Installing: /home/ubuntu/Desktop/cartographer_ws/install/cartographer/include/cartographer/common/lua_parameter_dictionary.h
[1048.318s] -- Installing: /home/ubuntu/Desktop/cartographer_ws/install/cartographer/include/cartographer/common/make_unique.h
[1048.319s] -- Installing: /home/ubuntu/Desktop/cartographer_ws/install/cartographer/include/cartographer/common/math.h
[1048.319s] -- Installing: /home/ubuntu/Desktop/cartographer_ws/install/cartographer/include/cartographer/common/mutex.h
[1048.321s] -- Installing: /home/ubuntu/Desktop/cartographer_ws/install/cartographer/include/cartographer/common/optional.h
[1048.321s] -- Installing: /home/ubuntu/Desktop/cartographer_ws/install/cartographer/include/cartographer/common/port.h
[1048.322s] -- Installing: /home/ubuntu/Desktop/cartographer_ws/install/cartographer/include/cartographer/common/rate_timer.h
[1048.323s] -- Installing: /home/ubuntu/Desktop/cartographer_ws/install/cartographer/include/cartographer/common/task.h
[1048.324s] -- Installing: /home/ubuntu/Desktop/cartographer_ws/install/cartographer/include/cartographer/common/thread_pool.h
[1048.324s] -- Installing: /home/ubuntu/Desktop/cartographer_ws/install/cartographer/include/cartographer/common/time.h
[1048.325s] -- Installing: /home/ubuntu/Desktop/cartographer_ws/install/cartographer/include/cartographer/ground_truth/relations_text_file.h
[1048.326s] -- Installing: /home/ubuntu/Desktop/cartographer_ws/install/cartographer/include/cartographer/io/color.h
[1048.326s] -- Installing: /home/ubuntu/Desktop/cartographer_ws/install/cartographer/include/cartographer/io/coloring_points_processor.h
[1048.327s] -- Installing: /home/ubuntu/Desktop/cartographer_ws/install/cartographer/include/cartographer/io/counting_points_processor.h
[1048.327s] -- Installing: /home/ubuntu/Desktop/cartographer_ws/install/cartographer/include/cartographer/io/draw_trajectories.h
[1048.328s] -- Installing: /home/ubuntu/Desktop/cartographer_ws/install/cartographer/include/cartographer/io/file_writer.h
[1048.329s] -- Installing: /home/ubuntu/Desktop/cartographer_ws/install/cartographer/include/cartographer/io/fixed_ratio_sampling_points_processor.h
[1048.329s] -- Installing: /home/ubuntu/Desktop/cartographer_ws/install/cartographer/include/cartographer/io/frame_id_filtering_points_processor.h
[1048.330s] -- Installing: /home/ubuntu/Desktop/cartographer_ws/install/cartographer/include/cartographer/io/hybrid_grid_points_processor.h
[1048.330s] -- Installing: /home/ubuntu/Desktop/cartographer_ws/install/cartographer/include/cartographer/io/image.h
[1048.331s] -- Installing: /home/ubuntu/Desktop/cartographer_ws/install/cartographer/include/cartographer/io/intensity_to_color_points_processor.h
[1048.332s] -- Installing: /home/ubuntu/Desktop/cartographer_ws/install/cartographer/include/cartographer/io/min_max_range_filtering_points_processor.h
[1048.332s] -- Installing: /home/ubuntu/Desktop/cartographer_ws/install/cartographer/include/cartographer/io/null_points_processor.h
[1048.333s] -- Installing: /home/ubuntu/Desktop/cartographer_ws/install/cartographer/include/cartographer/io/outlier_removing_points_processor.h
[1048.333s] -- Installing: /home/ubuntu/Desktop/cartographer_ws/install/cartographer/include/cartographer/io/pcd_writing_points_processor.h
[1048.334s] -- Installing: /home/ubuntu/Desktop/cartographer_ws/install/cartographer/include/cartographer/io/ply_writing_points_processor.h
[1048.336s] -- Installing: /home/ubuntu/Desktop/cartographer_ws/install/cartographer/include/cartographer/io/points_batch.h
[1048.336s] -- Installing: /home/ubuntu/Desktop/cartographer_ws/install/cartographer/include/cartographer/io/points_processor.h
[1048.337s] -- Installing: /home/ubuntu/Desktop/cartographer_ws/install/cartographer/include/cartographer/io/points_processor_pipeline_builder.h
[1048.337s] -- Installing: /home/ubuntu/Desktop/cartographer_ws/install/cartographer/include/cartographer/io/probability_grid_points_processor.h
[1048.338s] -- Installing: /home/ubuntu/Desktop/cartographer_ws/install/cartographer/include/cartographer/io/proto_stream.h
[1048.338s] -- Installing: /home/ubuntu/Desktop/cartographer_ws/install/cartographer/include/cartographer/io/proto_stream_deserializer.h
[1048.338s] -- Installing: /home/ubuntu/Desktop/cartographer_ws/install/cartographer/include/cartographer/io/proto_stream_interface.h
[1048.339s] -- Installing: /home/ubuntu/Desktop/cartographer_ws/install/cartographer/include/cartographer/io/serialization_format_migration.h
[1048.340s] -- Installing: /home/ubuntu/Desktop/cartographer_ws/install/cartographer/include/cartographer/io/submap_painter.h
[1048.340s] -- Installing: /home/ubuntu/Desktop/cartographer_ws/install/cartographer/include/cartographer/io/xray_points_processor.h
[1048.340s] -- Installing: /home/ubuntu/Desktop/cartographer_ws/install/cartographer/include/cartographer/io/xyz_writing_points_processor.h
[1048.340s] -- Installing: /home/ubuntu/Desktop/cartographer_ws/install/cartographer/include/cartographer/mapping/2d/grid_2d.h
[1048.341s] -- Installing: /home/ubuntu/Desktop/cartographer_ws/install/cartographer/include/cartographer/mapping/2d/map_limits.h
[1048.341s] -- Installing: /home/ubuntu/Desktop/cartographer_ws/install/cartographer/include/cartographer/mapping/2d/probability_grid.h
[1048.342s] -- Installing: /home/ubuntu/Desktop/cartographer_ws/install/cartographer/include/cartographer/mapping/2d/probability_grid_range_data_inserter_2d.h
[1048.342s] -- Installing: /home/ubuntu/Desktop/cartographer_ws/install/cartographer/include/cartographer/mapping/2d/submap_2d.h
[1048.343s] -- Installing: /home/ubuntu/Desktop/cartographer_ws/install/cartographer/include/cartographer/mapping/2d/xy_index.h
[1048.344s] -- Installing: /home/ubuntu/Desktop/cartographer_ws/install/cartographer/include/cartographer/mapping/3d/hybrid_grid.h
[1048.344s] -- Installing: /home/ubuntu/Desktop/cartographer_ws/install/cartographer/include/cartographer/mapping/3d/range_data_inserter_3d.h
[1048.345s] -- Installing: /home/ubuntu/Desktop/cartographer_ws/install/cartographer/include/cartographer/mapping/3d/submap_3d.h
[1048.345s] -- Installing: /home/ubuntu/Desktop/cartographer_ws/install/cartographer/include/cartographer/mapping/detect_floors.h
[1048.346s] -- Installing: /home/ubuntu/Desktop/cartographer_ws/install/cartographer/include/cartographer/mapping/grid_interface.h
[1048.347s] -- Installing: /home/ubuntu/Desktop/cartographer_ws/install/cartographer/include/cartographer/mapping/id.h
[1048.347s] -- Installing: /home/ubuntu/Desktop/cartographer_ws/install/cartographer/include/cartographer/mapping/imu_tracker.h
[1048.348s] -- Installing: /home/ubuntu/Desktop/cartographer_ws/install/cartographer/include/cartographer/mapping/local_slam_result_data.h
[1048.348s] -- Installing: /home/ubuntu/Desktop/cartographer_ws/install/cartographer/include/cartographer/mapping/map_builder.h
[1048.349s] -- Installing: /home/ubuntu/Desktop/cartographer_ws/install/cartographer/include/cartographer/mapping/map_builder_interface.h
[1048.349s] -- Installing: /home/ubuntu/Desktop/cartographer_ws/install/cartographer/include/cartographer/mapping/pose_extrapolator.h
[1048.350s] -- Installing: /home/ubuntu/Desktop/cartographer_ws/install/cartographer/include/cartographer/mapping/pose_graph.h
[1048.351s] -- Installing: /home/ubuntu/Desktop/cartographer_ws/install/cartographer/include/cartographer/mapping/pose_graph_interface.h
[1048.351s] -- Installing: /home/ubuntu/Desktop/cartographer_ws/install/cartographer/include/cartographer/mapping/pose_graph_trimmer.h
[1048.352s] -- Installing: /home/ubuntu/Desktop/cartographer_ws/install/cartographer/include/cartographer/mapping/probability_values.h
[1048.353s] -- Installing: /home/ubuntu/Desktop/cartographer_ws/install/cartographer/include/cartographer/mapping/range_data_inserter_interface.h
[1048.353s] -- Installing: /home/ubuntu/Desktop/cartographer_ws/install/cartographer/include/cartographer/mapping/submaps.h
[1048.355s] -- Installing: /home/ubuntu/Desktop/cartographer_ws/install/cartographer/include/cartographer/mapping/trajectory_builder_interface.h
[1048.355s] -- Installing: /home/ubuntu/Desktop/cartographer_ws/install/cartographer/include/cartographer/mapping/trajectory_node.h
[1048.355s] -- Installing: /home/ubuntu/Desktop/cartographer_ws/install/cartographer/include/cartographer/metrics/counter.h
[1048.355s] -- Installing: /home/ubuntu/Desktop/cartographer_ws/install/cartographer/include/cartographer/metrics/family_factory.h
[1048.356s] -- Installing: /home/ubuntu/Desktop/cartographer_ws/install/cartographer/include/cartographer/metrics/gauge.h
[1048.358s] -- Installing: /home/ubuntu/Desktop/cartographer_ws/install/cartographer/include/cartographer/metrics/histogram.h
[1048.359s] -- Installing: /home/ubuntu/Desktop/cartographer_ws/install/cartographer/include/cartographer/metrics/register.h
[1048.360s] -- Installing: /home/ubuntu/Desktop/cartographer_ws/install/cartographer/include/cartographer/sensor/collator_interface.h
[1048.360s] -- Installing: /home/ubuntu/Desktop/cartographer_ws/install/cartographer/include/cartographer/sensor/compressed_point_cloud.h
[1048.360s] -- Installing: /home/ubuntu/Desktop/cartographer_ws/install/cartographer/include/cartographer/sensor/data.h
[1048.363s] -- Installing: /home/ubuntu/Desktop/cartographer_ws/install/cartographer/include/cartographer/sensor/fixed_frame_pose_data.h
[1048.364s] -- Installing: /home/ubuntu/Desktop/cartographer_ws/install/cartographer/include/cartographer/sensor/imu_data.h
[1048.364s] -- Installing: /home/ubuntu/Desktop/cartographer_ws/install/cartographer/include/cartographer/sensor/landmark_data.h
[1048.364s] -- Installing: /home/ubuntu/Desktop/cartographer_ws/install/cartographer/include/cartographer/sensor/map_by_time.h
[1048.365s] -- Installing: /home/ubuntu/Desktop/cartographer_ws/install/cartographer/include/cartographer/sensor/odometry_data.h
[1048.365s] -- Installing: /home/ubuntu/Desktop/cartographer_ws/install/cartographer/include/cartographer/sensor/point_cloud.h
[1048.365s] -- Installing: /home/ubuntu/Desktop/cartographer_ws/install/cartographer/include/cartographer/sensor/range_data.h
[1048.365s] -- Installing: /home/ubuntu/Desktop/cartographer_ws/install/cartographer/include/cartographer/sensor/timed_point_cloud_data.h
[1048.365s] -- Installing: /home/ubuntu/Desktop/cartographer_ws/install/cartographer/include/cartographer/transform/rigid_transform.h
[1048.365s] -- Installing: /home/ubuntu/Desktop/cartographer_ws/install/cartographer/include/cartographer/transform/timestamped_transform.h
[1048.366s] -- Installing: /home/ubuntu/Desktop/cartographer_ws/install/cartographer/include/cartographer/transform/transform.h
[1048.366s] -- Installing: /home/ubuntu/Desktop/cartographer_ws/install/cartographer/include/cartographer/transform/transform_interpolation_buffer.h
[1048.367s] -- Installing: /home/ubuntu/Desktop/cartographer_ws/install/cartographer/include/cartographer/common/lua_parameter_dictionary_test_helpers.h
[1048.367s] -- Installing: /home/ubuntu/Desktop/cartographer_ws/install/cartographer/include/cartographer/io/fake_file_writer.h
[1048.367s] -- Installing: /home/ubuntu/Desktop/cartographer_ws/install/cartographer/include/cartographer/transform/rigid_transform_test_helpers.h
[1048.369s] -- Installing: /home/ubuntu/Desktop/cartographer_ws/install/cartographer/include/cartographer/common/proto/ceres_solver_options.pb.h
[1048.369s] -- Installing: /home/ubuntu/Desktop/cartographer_ws/install/cartographer/include/cartographer/ground_truth/proto/relations.pb.h
[1048.370s] -- Installing: /home/ubuntu/Desktop/cartographer_ws/install/cartographer/include/cartographer/mapping/proto/2d/cell_limits.pb.h
[1048.371s] -- Installing: /home/ubuntu/Desktop/cartographer_ws/install/cartographer/include/cartographer/mapping/proto/2d/grid_2d.pb.h
[1048.372s] -- Installing: /home/ubuntu/Desktop/cartographer_ws/install/cartographer/include/cartographer/mapping/proto/2d/grid_2d_options.pb.h
[1048.372s] -- Installing: /home/ubuntu/Desktop/cartographer_ws/install/cartographer/include/cartographer/mapping/proto/2d/local_trajectory_builder_options_2d.pb.h
[1048.372s] -- Installing: /home/ubuntu/Desktop/cartographer_ws/install/cartographer/include/cartographer/mapping/proto/2d/map_limits.pb.h
[1048.373s] -- Installing: /home/ubuntu/Desktop/cartographer_ws/install/cartographer/include/cartographer/mapping/proto/2d/probability_grid.pb.h
[1048.373s] -- Installing: /home/ubuntu/Desktop/cartographer_ws/install/cartographer/include/cartographer/mapping/proto/2d/probability_grid_range_data_inserter_options_2d.pb.h
[1048.374s] -- Installing: /home/ubuntu/Desktop/cartographer_ws/install/cartographer/include/cartographer/mapping/proto/2d/submaps_options_2d.pb.h
[1048.375s] -- Installing: /home/ubuntu/Desktop/cartographer_ws/install/cartographer/include/cartographer/mapping/proto/3d/hybrid_grid.pb.h
[1048.375s] -- Installing: /home/ubuntu/Desktop/cartographer_ws/install/cartographer/include/cartographer/mapping/proto/3d/local_trajectory_builder_options_3d.pb.h
[1048.376s] -- Installing: /home/ubuntu/Desktop/cartographer_ws/install/cartographer/include/cartographer/mapping/proto/3d/range_data_inserter_options_3d.pb.h
[1048.377s] -- Installing: /home/ubuntu/Desktop/cartographer_ws/install/cartographer/include/cartographer/mapping/proto/3d/submaps_options_3d.pb.h
[1048.377s] -- Installing: /home/ubuntu/Desktop/cartographer_ws/install/cartographer/include/cartographer/mapping/proto/connected_components.pb.h
[1048.378s] -- Installing: /home/ubuntu/Desktop/cartographer_ws/install/cartographer/include/cartographer/mapping/proto/internal/legacy_serialized_data.pb.h
[1048.379s] -- Installing: /home/ubuntu/Desktop/cartographer_ws/install/cartographer/include/cartographer/mapping/proto/map_builder_options.pb.h
[1048.379s] -- Installing: /home/ubuntu/Desktop/cartographer_ws/install/cartographer/include/cartographer/mapping/proto/motion_filter_options.pb.h
[1048.380s] -- Installing: /home/ubuntu/Desktop/cartographer_ws/install/cartographer/include/cartographer/mapping/proto/pose_graph.pb.h
[1048.381s] -- Installing: /home/ubuntu/Desktop/cartographer_ws/install/cartographer/include/cartographer/mapping/proto/pose_graph/constraint_builder_options.pb.h
[1048.381s] -- Installing: /home/ubuntu/Desktop/cartographer_ws/install/cartographer/include/cartographer/mapping/proto/pose_graph/optimization_problem_options.pb.h
[1048.382s] -- Installing: /home/ubuntu/Desktop/cartographer_ws/install/cartographer/include/cartographer/mapping/proto/pose_graph_options.pb.h
[1048.383s] -- Installing: /home/ubuntu/Desktop/cartographer_ws/install/cartographer/include/cartographer/mapping/proto/range_data_inserter_options.pb.h
[1048.385s] -- Installing: /home/ubuntu/Desktop/cartographer_ws/install/cartographer/include/cartographer/mapping/proto/scan_matching/ceres_scan_matcher_options_2d.pb.h
[1048.385s] -- Installing: /home/ubuntu/Desktop/cartographer_ws/install/cartographer/include/cartographer/mapping/proto/scan_matching/ceres_scan_matcher_options_3d.pb.h
[1048.385s] -- Installing: /home/ubuntu/Desktop/cartographer_ws/install/cartographer/include/cartographer/mapping/proto/scan_matching/fast_correlative_scan_matcher_options_2d.pb.h
[1048.386s] -- Installing: /home/ubuntu/Desktop/cartographer_ws/install/cartographer/include/cartographer/mapping/proto/scan_matching/fast_correlative_scan_matcher_options_3d.pb.h
[1048.388s] -- Installing: /home/ubuntu/Desktop/cartographer_ws/install/cartographer/include/cartographer/mapping/proto/scan_matching/real_time_correlative_scan_matcher_options.pb.h
[1048.388s] -- Installing: /home/ubuntu/Desktop/cartographer_ws/install/cartographer/include/cartographer/mapping/proto/serialization.pb.h
[1048.389s] -- Installing: /home/ubuntu/Desktop/cartographer_ws/install/cartographer/include/cartographer/mapping/proto/submap.pb.h
[1048.389s] -- Installing: /home/ubuntu/Desktop/cartographer_ws/install/cartographer/include/cartographer/mapping/proto/submap_visualization.pb.h
[1048.391s] -- Installing: /home/ubuntu/Desktop/cartographer_ws/install/cartographer/include/cartographer/mapping/proto/trajectory.pb.h
[1048.392s] -- Installing: /home/ubuntu/Desktop/cartographer_ws/install/cartographer/include/cartographer/mapping/proto/trajectory_builder_options.pb.h
[1048.393s] -- Installing: /home/ubuntu/Desktop/cartographer_ws/install/cartographer/include/cartographer/mapping/proto/trajectory_node_data.pb.h
[1048.393s] -- Installing: /home/ubuntu/Desktop/cartographer_ws/install/cartographer/include/cartographer/sensor/proto/adaptive_voxel_filter_options.pb.h
[1048.394s] -- Installing: /home/ubuntu/Desktop/cartographer_ws/install/cartographer/include/cartographer/sensor/proto/sensor.pb.h
[1048.395s] -- Installing: /home/ubuntu/Desktop/cartographer_ws/install/cartographer/include/cartographer/transform/proto/transform.pb.h
[1048.396s] -- Installing: /home/ubuntu/Desktop/cartographer_ws/install/cartographer/share/cartographer/cmake/CartographerTargets.cmake
[1048.397s] -- Installing: /home/ubuntu/Desktop/cartographer_ws/install/cartographer/share/cartographer/cmake/CartographerTargets-release.cmake
[1048.399s] -- Installing: /home/ubuntu/Desktop/cartographer_ws/install/cartographer/share/cartographer/cartographer-config.cmake
[1048.410s] Invoked command in '/home/ubuntu/Desktop/cartographer_ws/build/cartographer' returned '0': CMAKE_PREFIX_PATH=/opt/ros/foxy /usr/bin/cmake --install /home/ubuntu/Desktop/cartographer_ws/build/cartographer
