** WARNING ** io features related to openni will be disabled
** WARNING ** io features related to openni2 will be disabled
** WARNING ** io features related to pcap will be disabled
** WARNING ** io features related to png will be disabled
** WARNING ** io features related to libusb-1.0 will be disabled
** WARNING ** visualization features related to openni will be disabled
** WARNING ** visualization features related to openni2 will be disabled
** WARNING ** apps features related to openni will be disabled
CMake Error at CMakeLists.txt:22 (find_package):
  By not providing "Finddiagnostic_updater.cmake" in CMAKE_MODULE_PATH this
  project has asked CMake to find a package configuration file provided by
  "diagnostic_updater", but CMake did not find one.

  Could not find a package configuration file provided by
  "diagnostic_updater" with any of the following names:

    diagnostic_updaterConfig.cmake
    diagnostic_updater-config.cmake

  Add the installation prefix of "diagnostic_updater" to CMAKE_PREFIX_PATH or
  set "diagnostic_updater_DIR" to a directory containing one of the above
  files.  If "diagnostic_updater" provides a separate development package or
  SDK, be sure it has been installed.


make: *** [Makefile:356: cmake_check_build_system] Error 1
