[0.088s] Invoking command in '/home/ubuntu/Desktop/cartographer_ws/build/lslidar_driver': CMAKE_PREFIX_PATH=/home/ubuntu/Desktop/cartographer_ws/install/lslidar_msgs:/home/ubuntu/Desktop/cartographer_ws/install/my_cartographer:/home/ubuntu/Desktop/cartographer_ws/install/lslidar_driver:/home/ubuntu/Desktop/cartographer_ws/install/cartographer_ros:/home/ubuntu/Desktop/cartographer_ws/install/cartographer_ros_msgs:/home/ubuntu/Desktop/cartographer_ws/install/cartographer:/opt/ros/foxy /usr/bin/cmake --build /home/ubuntu/Desktop/cartographer_ws/build/lslidar_driver -- -j2 -l2
[0.268s] -- Found Boost: /usr/lib/x86_64-linux-gnu/cmake/Boost-1.71.0/BoostConfig.cmake (found version "1.71.0") found components: thread 
[0.270s] -- Found rclcpp: 2.4.3 (/opt/ros/foxy/share/rclcpp/cmake)
[0.344s] -- Using PYTHON_EXECUTABLE: /usr/bin/python3
[0.921s] -- Using all available rosidl_typesupport_c: rosidl_typesupport_fastrtps_c;rosidl_typesupport_introspection_c
[0.929s] -- Found rosidl_adapter: 1.3.1 (/opt/ros/foxy/share/rosidl_adapter/cmake)
[1.277s] -- Using all available rosidl_typesupport_cpp: rosidl_typesupport_fastrtps_cpp;rosidl_typesupport_introspection_cpp
[1.412s] -- Found rmw_implementation_cmake: 1.0.4 (/opt/ros/foxy/share/rmw_implementation_cmake/cmake)
[1.416s] -- Using RMW implementation 'rmw_fastrtps_cpp' as default
[1.918s] -- Eigen found (include: /usr/include/eigen3, version: 3.3.7)
[1.965s] -- Found Boost: /usr/include (found suitable version "1.71.0", minimum required is "1.55.0") found components: system filesystem date_time iostreams regex 
[2.231s] -- The imported target "vtkParseOGLExt" references the file
[2.231s]    "/usr/bin/vtkParseOGLExt-7.1"
[2.231s] but this file does not exist.  Possible reasons include:
[2.231s] * The file was deleted, renamed, or moved to another location.
[2.231s] * An install or uninstall procedure did not complete successfully.
[2.231s] * The installation package was faulty and contained
[2.232s]    "/usr/lib/cmake/vtk-7.1/VTKTargets.cmake"
[2.232s] but not all the files it references.
[2.232s] 
[2.233s] -- The imported target "vtkRenderingPythonTkWidgets" references the file
[2.233s]    "/usr/lib/x86_64-linux-gnu/libvtkRenderingPythonTkWidgets.so"
[2.233s] but this file does not exist.  Possible reasons include:
[2.233s] * The file was deleted, renamed, or moved to another location.
[2.234s] * An install or uninstall procedure did not complete successfully.
[2.234s] * The installation package was faulty and contained
[2.234s]    "/usr/lib/cmake/vtk-7.1/VTKTargets.cmake"
[2.234s] but not all the files it references.
[2.234s] 
[2.235s] -- The imported target "vtk" references the file
[2.235s]    "/usr/bin/vtk"
[2.235s] but this file does not exist.  Possible reasons include:
[2.235s] * The file was deleted, renamed, or moved to another location.
[2.235s] * An install or uninstall procedure did not complete successfully.
[2.235s] * The installation package was faulty and contained
[2.235s]    "/usr/lib/cmake/vtk-7.1/VTKTargets.cmake"
[2.235s] but not all the files it references.
[2.235s] 
[2.236s] -- The imported target "pvtk" references the file
[2.236s]    "/usr/bin/pvtk"
[2.236s] but this file does not exist.  Possible reasons include:
[2.236s] * The file was deleted, renamed, or moved to another location.
[2.236s] * An install or uninstall procedure did not complete successfully.
[2.236s] * The installation package was faulty and contained
[2.236s]    "/usr/lib/cmake/vtk-7.1/VTKTargets.cmake"
[2.236s] but not all the files it references.
[2.236s] 
[2.402s] -- Checking for module 'libusb-1.0'
[2.427s] --   No package 'libusb-1.0' found
[2.435s] -- Could NOT find USB_10 (missing: USB_10_LIBRARY USB_10_INCLUDE_DIR) 
[2.435s] -- OpenNI disabled because libusb-1.0 not found.
[2.436s] ** WARNING ** io features related to openni will be disabled
[2.461s] -- Checking for module 'libusb-1.0'
[2.485s] --   No package 'libusb-1.0' found
[2.486s] -- Could NOT find USB_10 (missing: USB_10_LIBRARY USB_10_INCLUDE_DIR) 
[2.486s] -- OpenNI 2 disabled because libusb-1.0 not found.
[2.488s] ** WARNING ** io features related to openni2 will be disabled
[2.493s] ** WARNING ** io features related to pcap will be disabled
[2.494s] ** WARNING ** io features related to png will be disabled
[2.542s] -- LIBUSB_1_LIBRARY (missing: LIBUSB_1_INCLUDE_DIR) 
[2.542s] ** WARNING ** io features related to libusb-1.0 will be disabled
[2.571s] -- Checking for module 'libusb-1.0'
[2.582s] --   No package 'libusb-1.0' found
[2.590s] -- Could NOT find USB_10 (missing: USB_10_LIBRARY USB_10_INCLUDE_DIR) 
[2.591s] -- OpenNI disabled because libusb-1.0 not found.
[2.591s] ** WARNING ** visualization features related to openni will be disabled
[2.609s] -- Checking for module 'libusb-1.0'
[2.620s] --   No package 'libusb-1.0' found
[2.630s] -- Could NOT find USB_10 (missing: USB_10_LIBRARY USB_10_INCLUDE_DIR) 
[2.630s] -- OpenNI 2 disabled because libusb-1.0 not found.
[2.630s] ** WARNING ** visualization features related to openni2 will be disabled
[2.674s] -- QHULL found (include: /usr/include, lib: optimized;/usr/lib/x86_64-linux-gnu/libqhull.so;debug;/usr/lib/x86_64-linux-gnu/libqhull.so)
[2.695s] -- Checking for module 'libusb-1.0'
[2.706s] --   No package 'libusb-1.0' found
[2.719s] -- Could NOT find USB_10 (missing: USB_10_LIBRARY USB_10_INCLUDE_DIR) 
[2.719s] -- OpenNI disabled because libusb-1.0 not found.
[2.719s] ** WARNING ** apps features related to openni will be disabled
[2.752s] -- looking for PCL_COMMON
[2.755s] -- looking for PCL_KDTREE
[2.758s] -- looking for PCL_OCTREE
[2.759s] -- looking for PCL_SEARCH
[2.761s] -- looking for PCL_SAMPLE_CONSENSUS
[2.762s] -- looking for PCL_FILTERS
[2.764s] -- looking for PCL_2D
[2.767s] -- looking for PCL_GEOMETRY
[2.769s] -- looking for PCL_IO
[2.772s] -- looking for PCL_FEATURES
[2.774s] -- looking for PCL_ML
[2.775s] -- looking for PCL_SEGMENTATION
[2.777s] -- looking for PCL_VISUALIZATION
[2.779s] -- looking for PCL_SURFACE
[2.781s] -- looking for PCL_REGISTRATION
[2.783s] -- looking for PCL_KEYPOINTS
[2.785s] -- looking for PCL_TRACKING
[2.786s] -- looking for PCL_RECOGNITION
[2.788s] -- looking for PCL_STEREO
[2.790s] -- looking for PCL_APPS
[2.793s] -- looking for PCL_IN_HAND_SCANNER
[2.794s] -- looking for PCL_POINT_CLOUD_EDITOR
[2.796s] -- looking for PCL_OUTOFCORE
[2.797s] -- looking for PCL_PEOPLE
[2.825s] CMake Error at CMakeLists.txt:22 (find_package):
[2.825s]   By not providing "Finddiagnostic_updater.cmake" in CMAKE_MODULE_PATH this
[2.825s]   project has asked CMake to find a package configuration file provided by
[2.826s]   "diagnostic_updater", but CMake did not find one.
[2.826s] 
[2.826s]   Could not find a package configuration file provided by
[2.826s]   "diagnostic_updater" with any of the following names:
[2.826s] 
[2.826s]     diagnostic_updaterConfig.cmake
[2.826s]     diagnostic_updater-config.cmake
[2.827s] 
[2.827s]   Add the installation prefix of "diagnostic_updater" to CMAKE_PREFIX_PATH or
[2.827s]   set "diagnostic_updater_DIR" to a directory containing one of the above
[2.827s]   files.  If "diagnostic_updater" provides a separate development package or
[2.827s]   SDK, be sure it has been installed.
[2.827s] 
[2.828s] 
[2.830s] -- Configuring incomplete, errors occurred!
[2.830s] See also "/home/ubuntu/Desktop/cartographer_ws/build/lslidar_driver/CMakeFiles/CMakeOutput.log".
[2.831s] See also "/home/ubuntu/Desktop/cartographer_ws/build/lslidar_driver/CMakeFiles/CMakeError.log".
[2.857s] make: *** [Makefile:356: cmake_check_build_system] Error 1
[2.869s] Invoked command in '/home/ubuntu/Desktop/cartographer_ws/build/lslidar_driver' returned '2': CMAKE_PREFIX_PATH=/home/ubuntu/Desktop/cartographer_ws/install/lslidar_msgs:/home/ubuntu/Desktop/cartographer_ws/install/my_cartographer:/home/ubuntu/Desktop/cartographer_ws/install/lslidar_driver:/home/ubuntu/Desktop/cartographer_ws/install/cartographer_ros:/home/ubuntu/Desktop/cartographer_ws/install/cartographer_ros_msgs:/home/ubuntu/Desktop/cartographer_ws/install/cartographer:/opt/ros/foxy /usr/bin/cmake --build /home/ubuntu/Desktop/cartographer_ws/build/lslidar_driver -- -j2 -l2
