[1.861s] Invoking command in '/home/ubuntu/Desktop/cartographer_ws/src/imu': PYTHONPATH=/home/ubuntu/Desktop/cartographer_ws/build/imu/prefix_override:/usr/lib/python3/dist-packages/colcon_core/task/python/colcon_distutils_commands:/home/ubuntu/Desktop/cartographer_ws/install/imu/lib/python3.8/site-packages:${PYTHONPATH} /usr/bin/python3 -W ignore:setup.py install is deprecated setup.py egg_info --egg-base ../../build/imu build --build-base /home/ubuntu/Desktop/cartographer_ws/build/imu/build install --record /home/ubuntu/Desktop/cartographer_ws/build/imu/install.log --single-version-externally-managed install_data
[2.512s] running egg_info
[2.515s] writing ../../build/imu/imu.egg-info/PKG-INFO
[2.516s] writing dependency_links to ../../build/imu/imu.egg-info/dependency_links.txt
[2.518s] writing entry points to ../../build/imu/imu.egg-info/entry_points.txt
[2.519s] writing requirements to ../../build/imu/imu.egg-info/requires.txt
[2.525s] writing top-level names to ../../build/imu/imu.egg-info/top_level.txt
[2.642s] reading manifest file '../../build/imu/imu.egg-info/SOURCES.txt'
[2.653s] writing manifest file '../../build/imu/imu.egg-info/SOURCES.txt'
[2.654s] running build
[2.654s] running build_py
[2.655s] copying imu/imu_serial.py -> /home/ubuntu/Desktop/cartographer_ws/build/imu/build/lib/imu
[2.660s] running install
[2.660s] running install_lib
[2.663s] copying /home/ubuntu/Desktop/cartographer_ws/build/imu/build/lib/imu/imu_serial.py -> /home/ubuntu/Desktop/cartographer_ws/install/imu/lib/python3.8/site-packages/imu
[2.665s] byte-compiling /home/ubuntu/Desktop/cartographer_ws/install/imu/lib/python3.8/site-packages/imu/imu_serial.py to imu_serial.cpython-38.pyc
[2.680s] running install_data
[2.680s] running install_egg_info
[2.685s] removing '/home/ubuntu/Desktop/cartographer_ws/install/imu/lib/python3.8/site-packages/imu-0.0.0-py3.8.egg-info' (and everything under it)
[2.704s] Copying ../../build/imu/imu.egg-info to /home/ubuntu/Desktop/cartographer_ws/install/imu/lib/python3.8/site-packages/imu-0.0.0-py3.8.egg-info
[2.704s] running install_scripts
[2.761s] Installing imu_serial script to /home/ubuntu/Desktop/cartographer_ws/install/imu/lib/imu
[2.763s] writing list of installed files to '/home/ubuntu/Desktop/cartographer_ws/build/imu/install.log'
[2.835s] Invoked command in '/home/ubuntu/Desktop/cartographer_ws/src/imu' returned '0': PYTHONPATH=/home/ubuntu/Desktop/cartographer_ws/build/imu/prefix_override:/usr/lib/python3/dist-packages/colcon_core/task/python/colcon_distutils_commands:/home/ubuntu/Desktop/cartographer_ws/install/imu/lib/python3.8/site-packages:${PYTHONPATH} /usr/bin/python3 -W ignore:setup.py install is deprecated setup.py egg_info --egg-base ../../build/imu build --build-base /home/ubuntu/Desktop/cartographer_ws/build/imu/build install --record /home/ubuntu/Desktop/cartographer_ws/build/imu/install.log --single-version-externally-managed install_data
