[0.088s] Invoking command in '/home/ubuntu/Desktop/cartographer_ws/build/serial': CMAKE_PREFIX_PATH=/home/ubuntu/Desktop/cartographer_ws/install/tf_init:/home/ubuntu/Desktop/cartographer_ws/install/imu:/opt/ros/foxy:${CMAKE_PREFIX_PATH} /usr/bin/cmake --build /home/ubuntu/Desktop/cartographer_ws/build/serial -- -j2 -l2
[0.477s] [100%] Built target serial
[0.570s] Invoked command in '/home/ubuntu/Desktop/cartographer_ws/build/serial' returned '0': CMAKE_PREFIX_PATH=/home/ubuntu/Desktop/cartographer_ws/install/tf_init:/home/ubuntu/Desktop/cartographer_ws/install/imu:/opt/ros/foxy:${CMAKE_PREFIX_PATH} /usr/bin/cmake --build /home/ubuntu/Desktop/cartographer_ws/build/serial -- -j2 -l2
[0.864s] Invoking command in '/home/ubuntu/Desktop/cartographer_ws/build/serial': CMAKE_PREFIX_PATH=/home/ubuntu/Desktop/cartographer_ws/install/tf_init:/home/ubuntu/Desktop/cartographer_ws/install/imu:/opt/ros/foxy:${CMAKE_PREFIX_PATH} /usr/bin/cmake --install /home/ubuntu/Desktop/cartographer_ws/build/serial
[0.954s] -- Install configuration: ""
[0.955s] -- Up-to-date: /home/ubuntu/Desktop/cartographer_ws/install/serial/share/serial/environment/library_path.sh
[0.955s] -- Up-to-date: /home/ubuntu/Desktop/cartographer_ws/install/serial/share/serial/environment/library_path.dsv
[0.962s] -- Up-to-date: /home/ubuntu/Desktop/cartographer_ws/install/serial/lib/libserial.so
[0.962s] -- Up-to-date: /home/ubuntu/Desktop/cartographer_ws/install/serial/include/serial/serial.h
[0.962s] -- Up-to-date: /home/ubuntu/Desktop/cartographer_ws/install/serial/include/serial/v8stdint.h
[0.963s] -- Up-to-date: /home/ubuntu/Desktop/cartographer_ws/install/serial/share/ament_index/resource_index/package_run_dependencies/serial
[0.963s] -- Up-to-date: /home/ubuntu/Desktop/cartographer_ws/install/serial/share/ament_index/resource_index/parent_prefix_path/serial
[0.963s] -- Up-to-date: /home/ubuntu/Desktop/cartographer_ws/install/serial/share/serial/environment/ament_prefix_path.sh
[0.967s] -- Up-to-date: /home/ubuntu/Desktop/cartographer_ws/install/serial/share/serial/environment/ament_prefix_path.dsv
[0.968s] -- Up-to-date: /home/ubuntu/Desktop/cartographer_ws/install/serial/share/serial/environment/path.sh
[0.968s] -- Up-to-date: /home/ubuntu/Desktop/cartographer_ws/install/serial/share/serial/environment/path.dsv
[0.969s] -- Up-to-date: /home/ubuntu/Desktop/cartographer_ws/install/serial/share/serial/local_setup.bash
[0.969s] -- Up-to-date: /home/ubuntu/Desktop/cartographer_ws/install/serial/share/serial/local_setup.sh
[0.969s] -- Up-to-date: /home/ubuntu/Desktop/cartographer_ws/install/serial/share/serial/local_setup.zsh
[0.969s] -- Up-to-date: /home/ubuntu/Desktop/cartographer_ws/install/serial/share/serial/local_setup.dsv
[0.970s] -- Installing: /home/ubuntu/Desktop/cartographer_ws/install/serial/share/serial/package.dsv
[0.973s] -- Up-to-date: /home/ubuntu/Desktop/cartographer_ws/install/serial/share/ament_index/resource_index/packages/serial
[0.973s] -- Up-to-date: /home/ubuntu/Desktop/cartographer_ws/install/serial/share/serial/cmake/ament_cmake_export_include_directories-extras.cmake
[0.973s] -- Up-to-date: /home/ubuntu/Desktop/cartographer_ws/install/serial/share/serial/cmake/ament_cmake_export_libraries-extras.cmake
[0.980s] -- Up-to-date: /home/ubuntu/Desktop/cartographer_ws/install/serial/share/serial/cmake/serialConfig.cmake
[0.980s] -- Up-to-date: /home/ubuntu/Desktop/cartographer_ws/install/serial/share/serial/cmake/serialConfig-version.cmake
[0.980s] -- Up-to-date: /home/ubuntu/Desktop/cartographer_ws/install/serial/share/serial/package.xml
[0.986s] Invoked command in '/home/ubuntu/Desktop/cartographer_ws/build/serial' returned '0': CMAKE_PREFIX_PATH=/home/ubuntu/Desktop/cartographer_ws/install/tf_init:/home/ubuntu/Desktop/cartographer_ws/install/imu:/opt/ros/foxy:${CMAKE_PREFIX_PATH} /usr/bin/cmake --install /home/ubuntu/Desktop/cartographer_ws/build/serial
