[0.063s] Invoking command in '/home/ubuntu/Desktop/cartographer_ws/build/anolink': CMAKE_PREFIX_PATH=${CMAKE_PREFIX_PATH}:/opt/ros/foxy /usr/bin/cmake /home/ubuntu/Desktop/cartographer_ws/src/anolink -DCMAKE_INSTALL_PREFIX=/home/ubuntu/Desktop/cartographer_ws/install/anolink
[0.610s] -- The C compiler identification is GNU 9.4.0
[1.086s] -- The CXX compiler identification is GNU 9.4.0
[1.104s] -- Check for working C compiler: /usr/bin/cc
[1.378s] -- Check for working C compiler: /usr/bin/cc -- works
[1.383s] -- Detecting C compiler ABI info
[1.651s] -- Detecting C compiler ABI info - done
[1.684s] -- Detecting C compile features
[1.686s] -- Detecting C compile features - done
[1.692s] -- Check for working CXX compiler: /usr/bin/c++
[1.984s] -- Check for working CXX compiler: /usr/bin/c++ -- works
[1.985s] -- Detecting CXX compiler ABI info
[2.286s] -- Detecting CXX compiler ABI info - done
[2.318s] -- Detecting CXX compile features
[2.319s] -- Detecting CXX compile features - done
[2.335s] -- Found ament_cmake: 0.9.12 (/opt/ros/foxy/share/ament_cmake/cmake)
[2.410s] -- Found PythonInterp: /usr/bin/python3 (found suitable version "3.8.10", minimum required is "3") 
[2.410s] -- Using PYTHON_EXECUTABLE: /usr/bin/python3
[3.039s] -- Found rclcpp: 2.4.3 (/opt/ros/foxy/share/rclcpp/cmake)
[3.304s] -- Using all available rosidl_typesupport_c: rosidl_typesupport_fastrtps_c;rosidl_typesupport_introspection_c
[3.345s] -- Found rosidl_adapter: 1.3.1 (/opt/ros/foxy/share/rosidl_adapter/cmake)
[3.741s] -- Found OpenSSL: /usr/lib/x86_64-linux-gnu/libcrypto.so (found version "1.1.1f")  
[3.835s] -- Found FastRTPS: /opt/ros/foxy/include  
[4.161s] -- Using all available rosidl_typesupport_cpp: rosidl_typesupport_fastrtps_cpp;rosidl_typesupport_introspection_cpp
[4.456s] -- Found rmw_implementation_cmake: 1.0.4 (/opt/ros/foxy/share/rmw_implementation_cmake/cmake)
[4.466s] -- Using RMW implementation 'rmw_fastrtps_cpp' as default
[4.475s] -- Looking for pthread.h
[4.785s] -- Looking for pthread.h - found
[4.786s] -- Performing Test CMAKE_HAVE_LIBC_PTHREAD
[5.074s] -- Performing Test CMAKE_HAVE_LIBC_PTHREAD - Failed
[5.074s] -- Looking for pthread_create in pthreads
[5.299s] -- Looking for pthread_create in pthreads - not found
[5.300s] -- Looking for pthread_create in pthread
[5.554s] -- Looking for pthread_create in pthread - found
[5.558s] -- Found Threads: TRUE  
[6.106s] -- Found sensor_msgs: 2.0.5 (/opt/ros/foxy/share/sensor_msgs/cmake)
[6.484s] -- Found tf2: 0.13.14 (/opt/ros/foxy/share/tf2/cmake)
[6.544s] -- Found tf2_ros: 0.13.14 (/opt/ros/foxy/share/tf2_ros/cmake)
[7.693s] CMake Error at CMakeLists.txt:20 (find_package):
[7.694s]   By not providing "Findserial.cmake" in CMAKE_MODULE_PATH this project has
[7.694s]   asked CMake to find a package configuration file provided by "serial", but
[7.694s]   CMake did not find one.
[7.694s] 
[7.695s]   Could not find a package configuration file provided by "serial" with any
[7.695s]   of the following names:
[7.695s] 
[7.695s]     serialConfig.cmake
[7.695s]     serial-config.cmake
[7.695s] 
[7.696s]   Add the installation prefix of "serial" to CMAKE_PREFIX_PATH or set
[7.696s]   "serial_DIR" to a directory containing one of the above files.  If "serial"
[7.696s]   provides a separate development package or SDK, be sure it has been
[7.696s]   installed.
[7.696s] 
[7.698s] 
[7.699s] -- Configuring incomplete, errors occurred!
[7.700s] See also "/home/ubuntu/Desktop/cartographer_ws/build/anolink/CMakeFiles/CMakeOutput.log".
[7.700s] See also "/home/ubuntu/Desktop/cartographer_ws/build/anolink/CMakeFiles/CMakeError.log".
[7.721s] Invoked command in '/home/ubuntu/Desktop/cartographer_ws/build/anolink' returned '1': CMAKE_PREFIX_PATH=${CMAKE_PREFIX_PATH}:/opt/ros/foxy /usr/bin/cmake /home/ubuntu/Desktop/cartographer_ws/src/anolink -DCMAKE_INSTALL_PREFIX=/home/ubuntu/Desktop/cartographer_ws/install/anolink
