[0.063s] Invoking command in '/home/ubuntu/Desktop/cartographer_ws/build/my_cartographer': CMAKE_PREFIX_PATH=${CMAKE_PREFIX_PATH}:/opt/ros/foxy /usr/bin/cmake /home/ubuntu/Desktop/cartographer_ws/src/my_cartographer -DCMAKE_INSTALL_PREFIX=/home/ubuntu/Desktop/cartographer_ws/install/my_cartographer
[1.134s] -- The C compiler identification is GNU 9.4.0
[1.800s] -- The CXX compiler identification is GNU 9.4.0
[1.851s] -- Check for working C compiler: /usr/bin/cc
[2.198s] -- Check for working C compiler: /usr/bin/cc -- works
[2.202s] -- Detecting C compiler ABI info
[2.468s] -- Detecting C compiler ABI info - done
[2.498s] -- Detecting C compile features
[2.500s] -- Detecting C compile features - done
[2.513s] -- Check for working CXX compiler: /usr/bin/c++
[2.878s] -- Check for working CXX compiler: /usr/bin/c++ -- works
[2.884s] -- Detecting CXX compiler ABI info
[3.218s] -- Detecting CXX compiler ABI info - done
[3.246s] -- Detecting CXX compile features
[3.250s] -- Detecting CXX compile features - done
[3.270s] -- Found ament_cmake: 0.9.12 (/opt/ros/foxy/share/ament_cmake/cmake)
[3.402s] -- Found PythonInterp: /usr/bin/python3 (found suitable version "3.8.10", minimum required is "3") 
[3.403s] -- Using PYTHON_EXECUTABLE: /usr/bin/python3
[4.134s] -- Found ament_lint_auto: 0.9.8 (/opt/ros/foxy/share/ament_lint_auto/cmake)
[4.432s] -- Added test 'copyright' to check source files copyright and LICENSE
[4.444s] -- Added test 'flake8' to check Python code syntax and style conventions
[4.450s] -- Added test 'lint_cmake' to check CMake code style
[4.451s] -- Added test 'pep257' to check Python code against some of the style conventions in PEP 257
[4.458s] -- Added test 'xmllint' to check XML markup files
[4.467s] -- Configuring done
[4.474s] -- Generating done
[4.479s] -- Build files have been written to: /home/ubuntu/Desktop/cartographer_ws/build/my_cartographer
[4.492s] Invoked command in '/home/ubuntu/Desktop/cartographer_ws/build/my_cartographer' returned '0': CMAKE_PREFIX_PATH=${CMAKE_PREFIX_PATH}:/opt/ros/foxy /usr/bin/cmake /home/ubuntu/Desktop/cartographer_ws/src/my_cartographer -DCMAKE_INSTALL_PREFIX=/home/ubuntu/Desktop/cartographer_ws/install/my_cartographer
[4.508s] Invoking command in '/home/ubuntu/Desktop/cartographer_ws/build/my_cartographer': CMAKE_PREFIX_PATH=${CMAKE_PREFIX_PATH}:/opt/ros/foxy /usr/bin/cmake --build /home/ubuntu/Desktop/cartographer_ws/build/my_cartographer -- -j4 -l4
[4.593s] -- Found ament_cmake: 0.9.12 (/opt/ros/foxy/share/ament_cmake/cmake)
[4.674s] -- Using PYTHON_EXECUTABLE: /usr/bin/python3
[5.190s] -- Found ament_lint_auto: 0.9.8 (/opt/ros/foxy/share/ament_lint_auto/cmake)
[5.391s] -- Added test 'copyright' to check source files copyright and LICENSE
[5.398s] -- Added test 'flake8' to check Python code syntax and style conventions
[5.399s] -- Added test 'lint_cmake' to check CMake code style
[5.401s] -- Added test 'pep257' to check Python code against some of the style conventions in PEP 257
[5.405s] -- Added test 'xmllint' to check XML markup files
[5.408s] -- Configuring done
[5.418s] -- Generating done
[5.421s] -- Build files have been written to: /home/ubuntu/Desktop/cartographer_ws/build/my_cartographer
[5.489s] Invoked command in '/home/ubuntu/Desktop/cartographer_ws/build/my_cartographer' returned '0': CMAKE_PREFIX_PATH=${CMAKE_PREFIX_PATH}:/opt/ros/foxy /usr/bin/cmake --build /home/ubuntu/Desktop/cartographer_ws/build/my_cartographer -- -j4 -l4
[5.622s] Invoking command in '/home/ubuntu/Desktop/cartographer_ws/build/my_cartographer': CMAKE_PREFIX_PATH=${CMAKE_PREFIX_PATH}:/opt/ros/foxy /usr/bin/cmake --install /home/ubuntu/Desktop/cartographer_ws/build/my_cartographer
[5.659s] -- Install configuration: ""
[5.660s] -- Installing: /home/ubuntu/Desktop/cartographer_ws/install/my_cartographer/share/ament_index/resource_index/package_run_dependencies/my_cartographer
[5.660s] -- Installing: /home/ubuntu/Desktop/cartographer_ws/install/my_cartographer/share/ament_index/resource_index/parent_prefix_path/my_cartographer
[5.660s] -- Installing: /home/ubuntu/Desktop/cartographer_ws/install/my_cartographer/share/my_cartographer/environment/ament_prefix_path.sh
[5.660s] -- Installing: /home/ubuntu/Desktop/cartographer_ws/install/my_cartographer/share/my_cartographer/environment/ament_prefix_path.dsv
[5.660s] -- Installing: /home/ubuntu/Desktop/cartographer_ws/install/my_cartographer/share/my_cartographer/environment/path.sh
[5.661s] -- Installing: /home/ubuntu/Desktop/cartographer_ws/install/my_cartographer/share/my_cartographer/environment/path.dsv
[5.661s] -- Installing: /home/ubuntu/Desktop/cartographer_ws/install/my_cartographer/share/my_cartographer/local_setup.bash
[5.661s] -- Installing: /home/ubuntu/Desktop/cartographer_ws/install/my_cartographer/share/my_cartographer/local_setup.sh
[5.661s] -- Installing: /home/ubuntu/Desktop/cartographer_ws/install/my_cartographer/share/my_cartographer/local_setup.zsh
[5.662s] -- Installing: /home/ubuntu/Desktop/cartographer_ws/install/my_cartographer/share/my_cartographer/local_setup.dsv
[5.662s] -- Installing: /home/ubuntu/Desktop/cartographer_ws/install/my_cartographer/share/my_cartographer/package.dsv
[5.663s] -- Installing: /home/ubuntu/Desktop/cartographer_ws/install/my_cartographer/share/ament_index/resource_index/packages/my_cartographer
[5.664s] -- Installing: /home/ubuntu/Desktop/cartographer_ws/install/my_cartographer/share/my_cartographer/cmake/my_cartographerConfig.cmake
[5.665s] -- Installing: /home/ubuntu/Desktop/cartographer_ws/install/my_cartographer/share/my_cartographer/cmake/my_cartographerConfig-version.cmake
[5.665s] -- Installing: /home/ubuntu/Desktop/cartographer_ws/install/my_cartographer/share/my_cartographer/package.xml
[5.665s] -- Installing: /home/ubuntu/Desktop/cartographer_ws/install/my_cartographer/share/my_cartographer/config
[5.665s] -- Installing: /home/ubuntu/Desktop/cartographer_ws/install/my_cartographer/share/my_cartographer/config/my_cartogrpaher_2d.lua
[5.668s] -- Installing: /home/ubuntu/Desktop/cartographer_ws/install/my_cartographer/share/my_cartographer/config/uav.urdf
[5.668s] -- Installing: /home/ubuntu/Desktop/cartographer_ws/install/my_cartographer/share/my_cartographer/launch
[5.678s] -- Installing: /home/ubuntu/Desktop/cartographer_ws/install/my_cartographer/share/my_cartographer/launch/run_lanuch.py
[5.680s] -- Installing: /home/ubuntu/Desktop/cartographer_ws/install/my_cartographer/share/my_cartographer/rviz
[5.680s] Invoked command in '/home/ubuntu/Desktop/cartographer_ws/build/my_cartographer' returned '0': CMAKE_PREFIX_PATH=${CMAKE_PREFIX_PATH}:/opt/ros/foxy /usr/bin/cmake --install /home/ubuntu/Desktop/cartographer_ws/build/my_cartographer
