[0.066s] Invoking command in '/home/ubuntu/Desktop/cartographer_ws/build/lslidar_msgs': CMAKE_PREFIX_PATH=/home/ubuntu/Desktop/cartographer_ws/install/tf_init:/home/ubuntu/Desktop/cartographer_ws/install/imu:/opt/ros/foxy:${CMAKE_PREFIX_PATH} /usr/bin/cmake --build /home/ubuntu/Desktop/cartographer_ws/build/lslidar_msgs -- -j2 -l2
[0.555s] [  1%] Built target lslidar_msgs__cpp
[0.802s] [ 12%] Built target lslidar_msgs__rosidl_generator_c
[0.997s] [ 23%] Built target lslidar_msgs__rosidl_typesupport_fastrtps_cpp
[1.227s] [ 34%] Built target lslidar_msgs__rosidl_typesupport_introspection_cpp
[1.394s] [ 46%] Built target lslidar_msgs__rosidl_typesupport_cpp
[1.569s] [ 57%] Built target lslidar_msgs__rosidl_typesupport_fastrtps_c
[1.756s] [ 68%] Built target lslidar_msgs__rosidl_typesupport_c
[2.025s] [ 79%] Built target lslidar_msgs__rosidl_typesupport_introspection_c
[2.205s] [ 79%] Built target lslidar_msgs
[2.441s] [ 80%] Built target lslidar_msgs__py
[2.682s] [ 90%] Built target lslidar_msgs__python
[2.917s] [ 93%] Built target lslidar_msgs__rosidl_typesupport_introspection_c__pyext
[3.181s] [ 96%] Built target lslidar_msgs__rosidl_typesupport_fastrtps_c__pyext
[3.411s] [100%] Built target lslidar_msgs__rosidl_typesupport_c__pyext
[3.491s] Invoked command in '/home/ubuntu/Desktop/cartographer_ws/build/lslidar_msgs' returned '0': CMAKE_PREFIX_PATH=/home/ubuntu/Desktop/cartographer_ws/install/tf_init:/home/ubuntu/Desktop/cartographer_ws/install/imu:/opt/ros/foxy:${CMAKE_PREFIX_PATH} /usr/bin/cmake --build /home/ubuntu/Desktop/cartographer_ws/build/lslidar_msgs -- -j2 -l2
[5.067s] Invoking command in '/home/ubuntu/Desktop/cartographer_ws/build/lslidar_msgs': CMAKE_PREFIX_PATH=/home/ubuntu/Desktop/cartographer_ws/install/tf_init:/home/ubuntu/Desktop/cartographer_ws/install/imu:/opt/ros/foxy:${CMAKE_PREFIX_PATH} /usr/bin/cmake --install /home/ubuntu/Desktop/cartographer_ws/build/lslidar_msgs
[5.154s] -- Install configuration: ""
[5.154s] -- Up-to-date: /home/ubuntu/Desktop/cartographer_ws/install/lslidar_msgs/share/ament_index/resource_index/rosidl_interfaces/lslidar_msgs
[5.154s] -- Up-to-date: /home/ubuntu/Desktop/cartographer_ws/install/lslidar_msgs/include/lslidar_msgs
[5.154s] -- Up-to-date: /home/ubuntu/Desktop/cartographer_ws/install/lslidar_msgs/include/lslidar_msgs/msg
[5.154s] -- Up-to-date: /home/ubuntu/Desktop/cartographer_ws/install/lslidar_msgs/include/lslidar_msgs/msg/lslidar_point.h
[5.155s] -- Up-to-date: /home/ubuntu/Desktop/cartographer_ws/install/lslidar_msgs/include/lslidar_msgs/msg/lslidar_sweep.h
[5.157s] -- Up-to-date: /home/ubuntu/Desktop/cartographer_ws/install/lslidar_msgs/include/lslidar_msgs/msg/lslidar_packet.h
[5.164s] -- Up-to-date: /home/ubuntu/Desktop/cartographer_ws/install/lslidar_msgs/include/lslidar_msgs/msg/lslidar_scan.h
[5.165s] -- Up-to-date: /home/ubuntu/Desktop/cartographer_ws/install/lslidar_msgs/include/lslidar_msgs/msg/lslidar_difop.h
[5.165s] -- Up-to-date: /home/ubuntu/Desktop/cartographer_ws/install/lslidar_msgs/include/lslidar_msgs/msg/rosidl_generator_c__visibility_control.h
[5.166s] -- Up-to-date: /home/ubuntu/Desktop/cartographer_ws/install/lslidar_msgs/include/lslidar_msgs/msg/detail
[5.167s] -- Up-to-date: /home/ubuntu/Desktop/cartographer_ws/install/lslidar_msgs/include/lslidar_msgs/msg/detail/lslidar_sweep__type_support.h
[5.167s] -- Up-to-date: /home/ubuntu/Desktop/cartographer_ws/install/lslidar_msgs/include/lslidar_msgs/msg/detail/lslidar_sweep__functions.c
[5.167s] -- Up-to-date: /home/ubuntu/Desktop/cartographer_ws/install/lslidar_msgs/include/lslidar_msgs/msg/detail/lslidar_scan__functions.c
[5.168s] -- Up-to-date: /home/ubuntu/Desktop/cartographer_ws/install/lslidar_msgs/include/lslidar_msgs/msg/detail/lslidar_packet__struct.h
[5.168s] -- Up-to-date: /home/ubuntu/Desktop/cartographer_ws/install/lslidar_msgs/include/lslidar_msgs/msg/detail/lslidar_packet__type_support.h
[5.168s] -- Up-to-date: /home/ubuntu/Desktop/cartographer_ws/install/lslidar_msgs/include/lslidar_msgs/msg/detail/lslidar_point__struct.h
[5.168s] -- Up-to-date: /home/ubuntu/Desktop/cartographer_ws/install/lslidar_msgs/include/lslidar_msgs/msg/detail/lslidar_difop__functions.c
[5.186s] -- Up-to-date: /home/ubuntu/Desktop/cartographer_ws/install/lslidar_msgs/include/lslidar_msgs/msg/detail/lslidar_point__type_support.h
[5.187s] -- Up-to-date: /home/ubuntu/Desktop/cartographer_ws/install/lslidar_msgs/include/lslidar_msgs/msg/detail/lslidar_point__functions.h
[5.187s] -- Up-to-date: /home/ubuntu/Desktop/cartographer_ws/install/lslidar_msgs/include/lslidar_msgs/msg/detail/lslidar_sweep__functions.h
[5.187s] -- Up-to-date: /home/ubuntu/Desktop/cartographer_ws/install/lslidar_msgs/include/lslidar_msgs/msg/detail/lslidar_point__functions.c
[5.187s] -- Up-to-date: /home/ubuntu/Desktop/cartographer_ws/install/lslidar_msgs/include/lslidar_msgs/msg/detail/lslidar_scan__struct.h
[5.188s] -- Up-to-date: /home/ubuntu/Desktop/cartographer_ws/install/lslidar_msgs/include/lslidar_msgs/msg/detail/lslidar_difop__functions.h
[5.188s] -- Up-to-date: /home/ubuntu/Desktop/cartographer_ws/install/lslidar_msgs/include/lslidar_msgs/msg/detail/lslidar_difop__struct.h
[5.188s] -- Up-to-date: /home/ubuntu/Desktop/cartographer_ws/install/lslidar_msgs/include/lslidar_msgs/msg/detail/lslidar_packet__functions.c
[5.188s] -- Up-to-date: /home/ubuntu/Desktop/cartographer_ws/install/lslidar_msgs/include/lslidar_msgs/msg/detail/lslidar_scan__type_support.h
[5.192s] -- Up-to-date: /home/ubuntu/Desktop/cartographer_ws/install/lslidar_msgs/include/lslidar_msgs/msg/detail/lslidar_packet__functions.h
[5.193s] -- Up-to-date: /home/ubuntu/Desktop/cartographer_ws/install/lslidar_msgs/include/lslidar_msgs/msg/detail/lslidar_sweep__struct.h
[5.193s] -- Up-to-date: /home/ubuntu/Desktop/cartographer_ws/install/lslidar_msgs/include/lslidar_msgs/msg/detail/lslidar_scan__functions.h
[5.193s] -- Up-to-date: /home/ubuntu/Desktop/cartographer_ws/install/lslidar_msgs/include/lslidar_msgs/msg/detail/lslidar_difop__type_support.h
[5.193s] -- Up-to-date: /home/ubuntu/Desktop/cartographer_ws/install/lslidar_msgs/share/lslidar_msgs/environment/library_path.sh
[5.193s] -- Up-to-date: /home/ubuntu/Desktop/cartographer_ws/install/lslidar_msgs/share/lslidar_msgs/environment/library_path.dsv
[5.194s] -- Up-to-date: /home/ubuntu/Desktop/cartographer_ws/install/lslidar_msgs/lib/liblslidar_msgs__rosidl_generator_c.so
[5.194s] -- Up-to-date: /home/ubuntu/Desktop/cartographer_ws/install/lslidar_msgs/include/lslidar_msgs
[5.194s] -- Up-to-date: /home/ubuntu/Desktop/cartographer_ws/install/lslidar_msgs/include/lslidar_msgs/msg
[5.194s] -- Up-to-date: /home/ubuntu/Desktop/cartographer_ws/install/lslidar_msgs/include/lslidar_msgs/msg/rosidl_typesupport_fastrtps_c__visibility_control.h
[5.194s] -- Up-to-date: /home/ubuntu/Desktop/cartographer_ws/install/lslidar_msgs/include/lslidar_msgs/msg/detail
[5.199s] -- Up-to-date: /home/ubuntu/Desktop/cartographer_ws/install/lslidar_msgs/include/lslidar_msgs/msg/detail/lslidar_packet__rosidl_typesupport_fastrtps_c.h
[5.200s] -- Up-to-date: /home/ubuntu/Desktop/cartographer_ws/install/lslidar_msgs/include/lslidar_msgs/msg/detail/lslidar_point__rosidl_typesupport_fastrtps_c.h
[5.200s] -- Up-to-date: /home/ubuntu/Desktop/cartographer_ws/install/lslidar_msgs/include/lslidar_msgs/msg/detail/lslidar_sweep__rosidl_typesupport_fastrtps_c.h
[5.201s] -- Up-to-date: /home/ubuntu/Desktop/cartographer_ws/install/lslidar_msgs/include/lslidar_msgs/msg/detail/lslidar_scan__rosidl_typesupport_fastrtps_c.h
[5.201s] -- Up-to-date: /home/ubuntu/Desktop/cartographer_ws/install/lslidar_msgs/include/lslidar_msgs/msg/detail/lslidar_difop__rosidl_typesupport_fastrtps_c.h
[5.201s] -- Up-to-date: /home/ubuntu/Desktop/cartographer_ws/install/lslidar_msgs/lib/liblslidar_msgs__rosidl_typesupport_fastrtps_c.so
[5.202s] -- Up-to-date: /home/ubuntu/Desktop/cartographer_ws/install/lslidar_msgs/include/lslidar_msgs
[5.202s] -- Up-to-date: /home/ubuntu/Desktop/cartographer_ws/install/lslidar_msgs/include/lslidar_msgs/msg
[5.202s] -- Up-to-date: /home/ubuntu/Desktop/cartographer_ws/install/lslidar_msgs/include/lslidar_msgs/msg/rosidl_typesupport_fastrtps_cpp__visibility_control.h
[5.202s] -- Up-to-date: /home/ubuntu/Desktop/cartographer_ws/install/lslidar_msgs/include/lslidar_msgs/msg/detail
[5.202s] -- Up-to-date: /home/ubuntu/Desktop/cartographer_ws/install/lslidar_msgs/include/lslidar_msgs/msg/detail/lslidar_packet__rosidl_typesupport_fastrtps_cpp.hpp
[5.202s] -- Up-to-date: /home/ubuntu/Desktop/cartographer_ws/install/lslidar_msgs/include/lslidar_msgs/msg/detail/lslidar_point__rosidl_typesupport_fastrtps_cpp.hpp
[5.203s] -- Up-to-date: /home/ubuntu/Desktop/cartographer_ws/install/lslidar_msgs/include/lslidar_msgs/msg/detail/lslidar_scan__rosidl_typesupport_fastrtps_cpp.hpp
[5.203s] -- Up-to-date: /home/ubuntu/Desktop/cartographer_ws/install/lslidar_msgs/include/lslidar_msgs/msg/detail/lslidar_sweep__rosidl_typesupport_fastrtps_cpp.hpp
[5.203s] -- Up-to-date: /home/ubuntu/Desktop/cartographer_ws/install/lslidar_msgs/include/lslidar_msgs/msg/detail/lslidar_difop__rosidl_typesupport_fastrtps_cpp.hpp
[5.203s] -- Up-to-date: /home/ubuntu/Desktop/cartographer_ws/install/lslidar_msgs/include/lslidar_msgs/msg/detail/dds_fastrtps
[5.203s] -- Up-to-date: /home/ubuntu/Desktop/cartographer_ws/install/lslidar_msgs/lib/liblslidar_msgs__rosidl_typesupport_fastrtps_cpp.so
[5.203s] -- Up-to-date: /home/ubuntu/Desktop/cartographer_ws/install/lslidar_msgs/include/lslidar_msgs
[5.204s] -- Up-to-date: /home/ubuntu/Desktop/cartographer_ws/install/lslidar_msgs/include/lslidar_msgs/msg
[5.204s] -- Up-to-date: /home/ubuntu/Desktop/cartographer_ws/install/lslidar_msgs/include/lslidar_msgs/msg/detail
[5.204s] -- Up-to-date: /home/ubuntu/Desktop/cartographer_ws/install/lslidar_msgs/include/lslidar_msgs/msg/detail/lslidar_packet__type_support.c
[5.204s] -- Up-to-date: /home/ubuntu/Desktop/cartographer_ws/install/lslidar_msgs/include/lslidar_msgs/msg/detail/lslidar_sweep__type_support.c
[5.204s] -- Up-to-date: /home/ubuntu/Desktop/cartographer_ws/install/lslidar_msgs/include/lslidar_msgs/msg/detail/lslidar_difop__type_support.c
[5.212s] -- Up-to-date: /home/ubuntu/Desktop/cartographer_ws/install/lslidar_msgs/include/lslidar_msgs/msg/detail/lslidar_scan__rosidl_typesupport_introspection_c.h
[5.212s] -- Up-to-date: /home/ubuntu/Desktop/cartographer_ws/install/lslidar_msgs/include/lslidar_msgs/msg/detail/lslidar_sweep__rosidl_typesupport_introspection_c.h
[5.212s] -- Up-to-date: /home/ubuntu/Desktop/cartographer_ws/install/lslidar_msgs/include/lslidar_msgs/msg/detail/lslidar_point__rosidl_typesupport_introspection_c.h
[5.212s] -- Up-to-date: /home/ubuntu/Desktop/cartographer_ws/install/lslidar_msgs/include/lslidar_msgs/msg/detail/lslidar_difop__rosidl_typesupport_introspection_c.h
[5.212s] -- Up-to-date: /home/ubuntu/Desktop/cartographer_ws/install/lslidar_msgs/include/lslidar_msgs/msg/detail/lslidar_point__type_support.c
[5.213s] -- Up-to-date: /home/ubuntu/Desktop/cartographer_ws/install/lslidar_msgs/include/lslidar_msgs/msg/detail/lslidar_scan__type_support.c
[5.213s] -- Up-to-date: /home/ubuntu/Desktop/cartographer_ws/install/lslidar_msgs/include/lslidar_msgs/msg/detail/lslidar_packet__rosidl_typesupport_introspection_c.h
[5.213s] -- Up-to-date: /home/ubuntu/Desktop/cartographer_ws/install/lslidar_msgs/include/lslidar_msgs/msg/rosidl_typesupport_introspection_c__visibility_control.h
[5.213s] -- Up-to-date: /home/ubuntu/Desktop/cartographer_ws/install/lslidar_msgs/lib/liblslidar_msgs__rosidl_typesupport_introspection_c.so
[5.213s] -- Up-to-date: /home/ubuntu/Desktop/cartographer_ws/install/lslidar_msgs/lib/liblslidar_msgs__rosidl_typesupport_c.so
[5.214s] -- Up-to-date: /home/ubuntu/Desktop/cartographer_ws/install/lslidar_msgs/include/lslidar_msgs
[5.214s] -- Up-to-date: /home/ubuntu/Desktop/cartographer_ws/install/lslidar_msgs/include/lslidar_msgs/msg
[5.214s] -- Up-to-date: /home/ubuntu/Desktop/cartographer_ws/install/lslidar_msgs/include/lslidar_msgs/msg/lslidar_sweep.hpp
[5.214s] -- Up-to-date: /home/ubuntu/Desktop/cartographer_ws/install/lslidar_msgs/include/lslidar_msgs/msg/lslidar_point.hpp
[5.214s] -- Up-to-date: /home/ubuntu/Desktop/cartographer_ws/install/lslidar_msgs/include/lslidar_msgs/msg/lslidar_packet.hpp
[5.214s] -- Up-to-date: /home/ubuntu/Desktop/cartographer_ws/install/lslidar_msgs/include/lslidar_msgs/msg/lslidar_scan.hpp
[5.215s] -- Up-to-date: /home/ubuntu/Desktop/cartographer_ws/install/lslidar_msgs/include/lslidar_msgs/msg/rosidl_generator_cpp__visibility_control.hpp
[5.215s] -- Up-to-date: /home/ubuntu/Desktop/cartographer_ws/install/lslidar_msgs/include/lslidar_msgs/msg/lslidar_difop.hpp
[5.221s] -- Up-to-date: /home/ubuntu/Desktop/cartographer_ws/install/lslidar_msgs/include/lslidar_msgs/msg/detail
[5.221s] -- Up-to-date: /home/ubuntu/Desktop/cartographer_ws/install/lslidar_msgs/include/lslidar_msgs/msg/detail/lslidar_difop__traits.hpp
[5.221s] -- Up-to-date: /home/ubuntu/Desktop/cartographer_ws/install/lslidar_msgs/include/lslidar_msgs/msg/detail/lslidar_scan__builder.hpp
[5.222s] -- Up-to-date: /home/ubuntu/Desktop/cartographer_ws/install/lslidar_msgs/include/lslidar_msgs/msg/detail/lslidar_scan__struct.hpp
[5.222s] -- Up-to-date: /home/ubuntu/Desktop/cartographer_ws/install/lslidar_msgs/include/lslidar_msgs/msg/detail/lslidar_point__struct.hpp
[5.222s] -- Up-to-date: /home/ubuntu/Desktop/cartographer_ws/install/lslidar_msgs/include/lslidar_msgs/msg/detail/lslidar_scan__type_support.hpp
[5.222s] -- Up-to-date: /home/ubuntu/Desktop/cartographer_ws/install/lslidar_msgs/include/lslidar_msgs/msg/detail/lslidar_sweep__type_support.hpp
[5.222s] -- Up-to-date: /home/ubuntu/Desktop/cartographer_ws/install/lslidar_msgs/include/lslidar_msgs/msg/detail/lslidar_packet__type_support.hpp
[5.223s] -- Up-to-date: /home/ubuntu/Desktop/cartographer_ws/install/lslidar_msgs/include/lslidar_msgs/msg/detail/lslidar_sweep__struct.hpp
[5.223s] -- Up-to-date: /home/ubuntu/Desktop/cartographer_ws/install/lslidar_msgs/include/lslidar_msgs/msg/detail/lslidar_difop__type_support.hpp
[5.223s] -- Up-to-date: /home/ubuntu/Desktop/cartographer_ws/install/lslidar_msgs/include/lslidar_msgs/msg/detail/lslidar_packet__traits.hpp
[5.223s] -- Up-to-date: /home/ubuntu/Desktop/cartographer_ws/install/lslidar_msgs/include/lslidar_msgs/msg/detail/lslidar_difop__struct.hpp
[5.223s] -- Up-to-date: /home/ubuntu/Desktop/cartographer_ws/install/lslidar_msgs/include/lslidar_msgs/msg/detail/lslidar_sweep__traits.hpp
[5.223s] -- Up-to-date: /home/ubuntu/Desktop/cartographer_ws/install/lslidar_msgs/include/lslidar_msgs/msg/detail/lslidar_packet__struct.hpp
[5.224s] -- Up-to-date: /home/ubuntu/Desktop/cartographer_ws/install/lslidar_msgs/include/lslidar_msgs/msg/detail/lslidar_scan__traits.hpp
[5.224s] -- Up-to-date: /home/ubuntu/Desktop/cartographer_ws/install/lslidar_msgs/include/lslidar_msgs/msg/detail/lslidar_packet__builder.hpp
[5.224s] -- Up-to-date: /home/ubuntu/Desktop/cartographer_ws/install/lslidar_msgs/include/lslidar_msgs/msg/detail/lslidar_sweep__builder.hpp
[5.224s] -- Up-to-date: /home/ubuntu/Desktop/cartographer_ws/install/lslidar_msgs/include/lslidar_msgs/msg/detail/lslidar_point__builder.hpp
[5.224s] -- Up-to-date: /home/ubuntu/Desktop/cartographer_ws/install/lslidar_msgs/include/lslidar_msgs/msg/detail/lslidar_point__traits.hpp
[5.241s] -- Up-to-date: /home/ubuntu/Desktop/cartographer_ws/install/lslidar_msgs/include/lslidar_msgs/msg/detail/lslidar_difop__builder.hpp
[5.241s] -- Up-to-date: /home/ubuntu/Desktop/cartographer_ws/install/lslidar_msgs/include/lslidar_msgs/msg/detail/lslidar_point__type_support.hpp
[5.242s] -- Up-to-date: /home/ubuntu/Desktop/cartographer_ws/install/lslidar_msgs/include/lslidar_msgs
[5.242s] -- Up-to-date: /home/ubuntu/Desktop/cartographer_ws/install/lslidar_msgs/include/lslidar_msgs/msg
[5.242s] -- Up-to-date: /home/ubuntu/Desktop/cartographer_ws/install/lslidar_msgs/include/lslidar_msgs/msg/detail
[5.242s] -- Up-to-date: /home/ubuntu/Desktop/cartographer_ws/install/lslidar_msgs/include/lslidar_msgs/msg/detail/lslidar_difop__rosidl_typesupport_introspection_cpp.hpp
[5.242s] -- Up-to-date: /home/ubuntu/Desktop/cartographer_ws/install/lslidar_msgs/include/lslidar_msgs/msg/detail/lslidar_packet__rosidl_typesupport_introspection_cpp.hpp
[5.243s] -- Up-to-date: /home/ubuntu/Desktop/cartographer_ws/install/lslidar_msgs/include/lslidar_msgs/msg/detail/lslidar_sweep__type_support.cpp
[5.243s] -- Up-to-date: /home/ubuntu/Desktop/cartographer_ws/install/lslidar_msgs/include/lslidar_msgs/msg/detail/lslidar_point__type_support.cpp
[5.243s] -- Up-to-date: /home/ubuntu/Desktop/cartographer_ws/install/lslidar_msgs/include/lslidar_msgs/msg/detail/lslidar_point__rosidl_typesupport_introspection_cpp.hpp
[5.243s] -- Up-to-date: /home/ubuntu/Desktop/cartographer_ws/install/lslidar_msgs/include/lslidar_msgs/msg/detail/lslidar_difop__type_support.cpp
[5.243s] -- Up-to-date: /home/ubuntu/Desktop/cartographer_ws/install/lslidar_msgs/include/lslidar_msgs/msg/detail/lslidar_packet__type_support.cpp
[5.244s] -- Up-to-date: /home/ubuntu/Desktop/cartographer_ws/install/lslidar_msgs/include/lslidar_msgs/msg/detail/lslidar_scan__rosidl_typesupport_introspection_cpp.hpp
[5.244s] -- Up-to-date: /home/ubuntu/Desktop/cartographer_ws/install/lslidar_msgs/include/lslidar_msgs/msg/detail/lslidar_scan__type_support.cpp
[5.244s] -- Up-to-date: /home/ubuntu/Desktop/cartographer_ws/install/lslidar_msgs/include/lslidar_msgs/msg/detail/lslidar_sweep__rosidl_typesupport_introspection_cpp.hpp
[5.244s] -- Up-to-date: /home/ubuntu/Desktop/cartographer_ws/install/lslidar_msgs/lib/liblslidar_msgs__rosidl_typesupport_introspection_cpp.so
[5.244s] -- Up-to-date: /home/ubuntu/Desktop/cartographer_ws/install/lslidar_msgs/lib/liblslidar_msgs__rosidl_typesupport_cpp.so
[5.258s] -- Up-to-date: /home/ubuntu/Desktop/cartographer_ws/install/lslidar_msgs/share/lslidar_msgs/environment/pythonpath.sh
[5.259s] -- Up-to-date: /home/ubuntu/Desktop/cartographer_ws/install/lslidar_msgs/share/lslidar_msgs/environment/pythonpath.dsv
[5.259s] -- Up-to-date: /home/ubuntu/Desktop/cartographer_ws/install/lslidar_msgs/lib/python3.8/site-packages/lslidar_msgs/__init__.py
[5.533s] -- Up-to-date: /home/ubuntu/Desktop/cartographer_ws/install/lslidar_msgs/lib/python3.8/site-packages/lslidar_msgs/msg
[5.534s] -- Up-to-date: /home/ubuntu/Desktop/cartographer_ws/install/lslidar_msgs/lib/python3.8/site-packages/lslidar_msgs/msg/_lslidar_difop_s.c
[5.534s] -- Up-to-date: /home/ubuntu/Desktop/cartographer_ws/install/lslidar_msgs/lib/python3.8/site-packages/lslidar_msgs/msg/_lslidar_packet.py
[5.535s] -- Up-to-date: /home/ubuntu/Desktop/cartographer_ws/install/lslidar_msgs/lib/python3.8/site-packages/lslidar_msgs/msg/__init__.py
[5.536s] -- Up-to-date: /home/ubuntu/Desktop/cartographer_ws/install/lslidar_msgs/lib/python3.8/site-packages/lslidar_msgs/msg/_lslidar_difop.py
[5.536s] -- Up-to-date: /home/ubuntu/Desktop/cartographer_ws/install/lslidar_msgs/lib/python3.8/site-packages/lslidar_msgs/msg/_lslidar_packet_s.c
[5.536s] -- Up-to-date: /home/ubuntu/Desktop/cartographer_ws/install/lslidar_msgs/lib/python3.8/site-packages/lslidar_msgs/msg/_lslidar_scan_s.c
[5.536s] -- Up-to-date: /home/ubuntu/Desktop/cartographer_ws/install/lslidar_msgs/lib/python3.8/site-packages/lslidar_msgs/msg/_lslidar_point.py
[5.536s] -- Up-to-date: /home/ubuntu/Desktop/cartographer_ws/install/lslidar_msgs/lib/python3.8/site-packages/lslidar_msgs/msg/_lslidar_point_s.c
[5.537s] -- Up-to-date: /home/ubuntu/Desktop/cartographer_ws/install/lslidar_msgs/lib/python3.8/site-packages/lslidar_msgs/msg/_lslidar_scan.py
[5.537s] -- Up-to-date: /home/ubuntu/Desktop/cartographer_ws/install/lslidar_msgs/lib/python3.8/site-packages/lslidar_msgs/msg/_lslidar_sweep.py
[5.537s] -- Up-to-date: /home/ubuntu/Desktop/cartographer_ws/install/lslidar_msgs/lib/python3.8/site-packages/lslidar_msgs/msg/_lslidar_sweep_s.c
[5.547s] -- Up-to-date: /home/ubuntu/Desktop/cartographer_ws/install/lslidar_msgs/lib/python3.8/site-packages/lslidar_msgs/lslidar_msgs_s__rosidl_typesupport_fastrtps_c.cpython-38-x86_64-linux-gnu.so
[5.547s] -- Up-to-date: /home/ubuntu/Desktop/cartographer_ws/install/lslidar_msgs/lib/python3.8/site-packages/lslidar_msgs/lslidar_msgs_s__rosidl_typesupport_introspection_c.cpython-38-x86_64-linux-gnu.so
[5.548s] -- Up-to-date: /home/ubuntu/Desktop/cartographer_ws/install/lslidar_msgs/lib/python3.8/site-packages/lslidar_msgs/lslidar_msgs_s__rosidl_typesupport_c.cpython-38-x86_64-linux-gnu.so
[5.550s] -- Up-to-date: /home/ubuntu/Desktop/cartographer_ws/install/lslidar_msgs/lib/liblslidar_msgs__python.so
[5.550s] -- Up-to-date: /home/ubuntu/Desktop/cartographer_ws/install/lslidar_msgs/share/lslidar_msgs/msg/LslidarDifop.idl
[5.551s] -- Up-to-date: /home/ubuntu/Desktop/cartographer_ws/install/lslidar_msgs/share/lslidar_msgs/msg/LslidarPacket.idl
[5.551s] -- Up-to-date: /home/ubuntu/Desktop/cartographer_ws/install/lslidar_msgs/share/lslidar_msgs/msg/LslidarPoint.idl
[5.557s] -- Up-to-date: /home/ubuntu/Desktop/cartographer_ws/install/lslidar_msgs/share/lslidar_msgs/msg/LslidarScan.idl
[5.557s] -- Up-to-date: /home/ubuntu/Desktop/cartographer_ws/install/lslidar_msgs/share/lslidar_msgs/msg/LslidarSweep.idl
[5.557s] -- Up-to-date: /home/ubuntu/Desktop/cartographer_ws/install/lslidar_msgs/share/lslidar_msgs/msg/LslidarDifop.msg
[5.557s] -- Up-to-date: /home/ubuntu/Desktop/cartographer_ws/install/lslidar_msgs/share/lslidar_msgs/msg/LslidarPacket.msg
[5.557s] -- Up-to-date: /home/ubuntu/Desktop/cartographer_ws/install/lslidar_msgs/share/lslidar_msgs/msg/LslidarPoint.msg
[5.558s] -- Up-to-date: /home/ubuntu/Desktop/cartographer_ws/install/lslidar_msgs/share/lslidar_msgs/msg/LslidarScan.msg
[5.558s] -- Up-to-date: /home/ubuntu/Desktop/cartographer_ws/install/lslidar_msgs/share/lslidar_msgs/msg/LslidarSweep.msg
[5.559s] -- Up-to-date: /home/ubuntu/Desktop/cartographer_ws/install/lslidar_msgs/share/ament_index/resource_index/package_run_dependencies/lslidar_msgs
[5.565s] -- Up-to-date: /home/ubuntu/Desktop/cartographer_ws/install/lslidar_msgs/share/ament_index/resource_index/parent_prefix_path/lslidar_msgs
[5.565s] -- Up-to-date: /home/ubuntu/Desktop/cartographer_ws/install/lslidar_msgs/share/lslidar_msgs/environment/ament_prefix_path.sh
[5.576s] -- Up-to-date: /home/ubuntu/Desktop/cartographer_ws/install/lslidar_msgs/share/lslidar_msgs/environment/ament_prefix_path.dsv
[5.577s] -- Up-to-date: /home/ubuntu/Desktop/cartographer_ws/install/lslidar_msgs/share/lslidar_msgs/environment/path.sh
[5.577s] -- Up-to-date: /home/ubuntu/Desktop/cartographer_ws/install/lslidar_msgs/share/lslidar_msgs/environment/path.dsv
[5.577s] -- Up-to-date: /home/ubuntu/Desktop/cartographer_ws/install/lslidar_msgs/share/lslidar_msgs/local_setup.bash
[5.577s] -- Up-to-date: /home/ubuntu/Desktop/cartographer_ws/install/lslidar_msgs/share/lslidar_msgs/local_setup.sh
[5.578s] -- Up-to-date: /home/ubuntu/Desktop/cartographer_ws/install/lslidar_msgs/share/lslidar_msgs/local_setup.zsh
[5.578s] -- Up-to-date: /home/ubuntu/Desktop/cartographer_ws/install/lslidar_msgs/share/lslidar_msgs/local_setup.dsv
[5.578s] -- Installing: /home/ubuntu/Desktop/cartographer_ws/install/lslidar_msgs/share/lslidar_msgs/package.dsv
[5.578s] -- Up-to-date: /home/ubuntu/Desktop/cartographer_ws/install/lslidar_msgs/share/ament_index/resource_index/packages/lslidar_msgs
[5.578s] -- Up-to-date: /home/ubuntu/Desktop/cartographer_ws/install/lslidar_msgs/share/lslidar_msgs/cmake/lslidar_msgs__rosidl_generator_cExport.cmake
[5.579s] -- Up-to-date: /home/ubuntu/Desktop/cartographer_ws/install/lslidar_msgs/share/lslidar_msgs/cmake/lslidar_msgs__rosidl_generator_cExport-noconfig.cmake
[5.579s] -- Up-to-date: /home/ubuntu/Desktop/cartographer_ws/install/lslidar_msgs/share/lslidar_msgs/cmake/lslidar_msgs__rosidl_typesupport_introspection_cExport.cmake
[5.579s] -- Up-to-date: /home/ubuntu/Desktop/cartographer_ws/install/lslidar_msgs/share/lslidar_msgs/cmake/lslidar_msgs__rosidl_typesupport_introspection_cExport-noconfig.cmake
[5.585s] -- Up-to-date: /home/ubuntu/Desktop/cartographer_ws/install/lslidar_msgs/share/lslidar_msgs/cmake/lslidar_msgs__rosidl_typesupport_cExport.cmake
[5.587s] -- Up-to-date: /home/ubuntu/Desktop/cartographer_ws/install/lslidar_msgs/share/lslidar_msgs/cmake/lslidar_msgs__rosidl_typesupport_cExport-noconfig.cmake
[5.597s] -- Up-to-date: /home/ubuntu/Desktop/cartographer_ws/install/lslidar_msgs/share/lslidar_msgs/cmake/lslidar_msgs__rosidl_generator_cppExport.cmake
[5.598s] -- Up-to-date: /home/ubuntu/Desktop/cartographer_ws/install/lslidar_msgs/share/lslidar_msgs/cmake/lslidar_msgs__rosidl_typesupport_introspection_cppExport.cmake
[5.599s] -- Up-to-date: /home/ubuntu/Desktop/cartographer_ws/install/lslidar_msgs/share/lslidar_msgs/cmake/lslidar_msgs__rosidl_typesupport_introspection_cppExport-noconfig.cmake
[5.599s] -- Up-to-date: /home/ubuntu/Desktop/cartographer_ws/install/lslidar_msgs/share/lslidar_msgs/cmake/lslidar_msgs__rosidl_typesupport_cppExport.cmake
[5.605s] -- Up-to-date: /home/ubuntu/Desktop/cartographer_ws/install/lslidar_msgs/share/lslidar_msgs/cmake/lslidar_msgs__rosidl_typesupport_cppExport-noconfig.cmake
[5.605s] -- Up-to-date: /home/ubuntu/Desktop/cartographer_ws/install/lslidar_msgs/share/lslidar_msgs/cmake/rosidl_cmake-extras.cmake
[5.605s] -- Up-to-date: /home/ubuntu/Desktop/cartographer_ws/install/lslidar_msgs/share/lslidar_msgs/cmake/ament_cmake_export_dependencies-extras.cmake
[5.606s] -- Up-to-date: /home/ubuntu/Desktop/cartographer_ws/install/lslidar_msgs/share/lslidar_msgs/cmake/ament_cmake_export_libraries-extras.cmake
[5.606s] -- Up-to-date: /home/ubuntu/Desktop/cartographer_ws/install/lslidar_msgs/share/lslidar_msgs/cmake/ament_cmake_export_targets-extras.cmake
[5.606s] -- Up-to-date: /home/ubuntu/Desktop/cartographer_ws/install/lslidar_msgs/share/lslidar_msgs/cmake/ament_cmake_export_include_directories-extras.cmake
[5.607s] -- Up-to-date: /home/ubuntu/Desktop/cartographer_ws/install/lslidar_msgs/share/lslidar_msgs/cmake/rosidl_cmake_export_typesupport_libraries-extras.cmake
[5.608s] -- Up-to-date: /home/ubuntu/Desktop/cartographer_ws/install/lslidar_msgs/share/lslidar_msgs/cmake/rosidl_cmake_export_typesupport_targets-extras.cmake
[5.612s] -- Up-to-date: /home/ubuntu/Desktop/cartographer_ws/install/lslidar_msgs/share/lslidar_msgs/cmake/lslidar_msgsConfig.cmake
[5.613s] -- Up-to-date: /home/ubuntu/Desktop/cartographer_ws/install/lslidar_msgs/share/lslidar_msgs/cmake/lslidar_msgsConfig-version.cmake
[5.613s] -- Up-to-date: /home/ubuntu/Desktop/cartographer_ws/install/lslidar_msgs/share/lslidar_msgs/package.xml
[5.641s] Invoked command in '/home/ubuntu/Desktop/cartographer_ws/build/lslidar_msgs' returned '0': CMAKE_PREFIX_PATH=/home/ubuntu/Desktop/cartographer_ws/install/tf_init:/home/ubuntu/Desktop/cartographer_ws/install/imu:/opt/ros/foxy:${CMAKE_PREFIX_PATH} /usr/bin/cmake --install /home/ubuntu/Desktop/cartographer_ws/build/lslidar_msgs
