[0.119s] Invoking command in '/home/ubuntu/Desktop/cartographer_ws/build/lslidar_driver': CMAKE_PREFIX_PATH=/home/ubuntu/Desktop/cartographer_ws/install/lslidar_msgs:/home/ubuntu/Desktop/cartographer_ws/install/imu:/opt/ros/foxy:/home/ubuntu/Desktop/cartographer_ws/install/serial:/home/ubuntu/Desktop/cartographer_ws/install/my_cartographer:/home/ubuntu/Desktop/cartographer_ws/install/lslidar_driver:/home/ubuntu/Desktop/cartographer_ws/install/cartographer_ros:/home/ubuntu/Desktop/cartographer_ws/install/cartographer_ros_msgs:/home/ubuntu/Desktop/cartographer_ws/install/cartographer LD_LIBRARY_PATH=/home/ubuntu/Desktop/cartographer_ws/install/lslidar_msgs/lib:/home/ubuntu/Desktop/cartographer_ws/install/serial/lib:/home/ubuntu/Desktop/cartographer_ws/install/cartographer_ros_msgs/lib:/opt/ros/foxy/opt/yaml_cpp_vendor/lib:/opt/ros/foxy/opt/rviz_ogre_vendor/lib:/opt/ros/foxy/lib/x86_64-linux-gnu:/opt/ros/foxy/lib PYTHONPATH=/home/ubuntu/Desktop/cartographer_ws/install/lslidar_msgs/lib/python3.8/site-packages:/home/ubuntu/Desktop/cartographer_ws/install/imu/lib/python3.8/site-packages:/home/ubuntu/Desktop/cartographer_ws/install/cartographer_ros_msgs/lib/python3.8/site-packages:/opt/ros/foxy/lib/python3.8/site-packages /usr/bin/cmake --build /home/ubuntu/Desktop/cartographer_ws/build/lslidar_driver -- -j2 -l2
[0.839s] [100%] Built target lslidar_driver_node
[0.899s] Invoked command in '/home/ubuntu/Desktop/cartographer_ws/build/lslidar_driver' returned '0': CMAKE_PREFIX_PATH=/home/ubuntu/Desktop/cartographer_ws/install/lslidar_msgs:/home/ubuntu/Desktop/cartographer_ws/install/imu:/opt/ros/foxy:/home/ubuntu/Desktop/cartographer_ws/install/serial:/home/ubuntu/Desktop/cartographer_ws/install/my_cartographer:/home/ubuntu/Desktop/cartographer_ws/install/lslidar_driver:/home/ubuntu/Desktop/cartographer_ws/install/cartographer_ros:/home/ubuntu/Desktop/cartographer_ws/install/cartographer_ros_msgs:/home/ubuntu/Desktop/cartographer_ws/install/cartographer LD_LIBRARY_PATH=/home/ubuntu/Desktop/cartographer_ws/install/lslidar_msgs/lib:/home/ubuntu/Desktop/cartographer_ws/install/serial/lib:/home/ubuntu/Desktop/cartographer_ws/install/cartographer_ros_msgs/lib:/opt/ros/foxy/opt/yaml_cpp_vendor/lib:/opt/ros/foxy/opt/rviz_ogre_vendor/lib:/opt/ros/foxy/lib/x86_64-linux-gnu:/opt/ros/foxy/lib PYTHONPATH=/home/ubuntu/Desktop/cartographer_ws/install/lslidar_msgs/lib/python3.8/site-packages:/home/ubuntu/Desktop/cartographer_ws/install/imu/lib/python3.8/site-packages:/home/ubuntu/Desktop/cartographer_ws/install/cartographer_ros_msgs/lib/python3.8/site-packages:/opt/ros/foxy/lib/python3.8/site-packages /usr/bin/cmake --build /home/ubuntu/Desktop/cartographer_ws/build/lslidar_driver -- -j2 -l2
[1.143s] Invoking command in '/home/ubuntu/Desktop/cartographer_ws/build/lslidar_driver': CMAKE_PREFIX_PATH=/home/ubuntu/Desktop/cartographer_ws/install/lslidar_msgs:/home/ubuntu/Desktop/cartographer_ws/install/imu:/opt/ros/foxy:/home/ubuntu/Desktop/cartographer_ws/install/serial:/home/ubuntu/Desktop/cartographer_ws/install/my_cartographer:/home/ubuntu/Desktop/cartographer_ws/install/lslidar_driver:/home/ubuntu/Desktop/cartographer_ws/install/cartographer_ros:/home/ubuntu/Desktop/cartographer_ws/install/cartographer_ros_msgs:/home/ubuntu/Desktop/cartographer_ws/install/cartographer LD_LIBRARY_PATH=/home/ubuntu/Desktop/cartographer_ws/install/lslidar_msgs/lib:/home/ubuntu/Desktop/cartographer_ws/install/serial/lib:/home/ubuntu/Desktop/cartographer_ws/install/cartographer_ros_msgs/lib:/opt/ros/foxy/opt/yaml_cpp_vendor/lib:/opt/ros/foxy/opt/rviz_ogre_vendor/lib:/opt/ros/foxy/lib/x86_64-linux-gnu:/opt/ros/foxy/lib PYTHONPATH=/home/ubuntu/Desktop/cartographer_ws/install/lslidar_msgs/lib/python3.8/site-packages:/home/ubuntu/Desktop/cartographer_ws/install/imu/lib/python3.8/site-packages:/home/ubuntu/Desktop/cartographer_ws/install/cartographer_ros_msgs/lib/python3.8/site-packages:/opt/ros/foxy/lib/python3.8/site-packages /usr/bin/cmake --install /home/ubuntu/Desktop/cartographer_ws/build/lslidar_driver
[1.205s] -- Install configuration: ""
[1.206s] -- Up-to-date: /home/ubuntu/Desktop/cartographer_ws/install/lslidar_driver/share/lslidar_driver/launch
[1.206s] -- Up-to-date: /home/ubuntu/Desktop/cartographer_ws/install/lslidar_driver/share/lslidar_driver/launch/lsm10p_net_launch.py
[1.206s] -- Up-to-date: /home/ubuntu/Desktop/cartographer_ws/install/lslidar_driver/share/lslidar_driver/launch/lsm10_net_launch.py
[1.207s] -- Up-to-date: /home/ubuntu/Desktop/cartographer_ws/install/lslidar_driver/share/lslidar_driver/launch/lsn10p_launch.py
[1.207s] -- Up-to-date: /home/ubuntu/Desktop/cartographer_ws/install/lslidar_driver/share/lslidar_driver/launch/lsn10_net_launch.py
[1.207s] -- Up-to-date: /home/ubuntu/Desktop/cartographer_ws/install/lslidar_driver/share/lslidar_driver/launch/lsm10_uart_launch.py
[1.208s] -- Up-to-date: /home/ubuntu/Desktop/cartographer_ws/install/lslidar_driver/share/lslidar_driver/launch/lslidar_double_launch.py
[1.208s] -- Up-to-date: /home/ubuntu/Desktop/cartographer_ws/install/lslidar_driver/share/lslidar_driver/launch/lsm10p_uart_launch.py
[1.208s] -- Up-to-date: /home/ubuntu/Desktop/cartographer_ws/install/lslidar_driver/share/lslidar_driver/launch/lsn10_launch.py
[1.208s] -- Up-to-date: /home/ubuntu/Desktop/cartographer_ws/install/lslidar_driver/share/lslidar_driver/launch/lsn10p_net_launch.py
[1.214s] -- Up-to-date: /home/ubuntu/Desktop/cartographer_ws/install/lslidar_driver/share/lslidar_driver/launch/viewer_scan_launch.py
[1.214s] -- Up-to-date: /home/ubuntu/Desktop/cartographer_ws/install/lslidar_driver/share/lslidar_driver/params
[1.214s] -- Up-to-date: /home/ubuntu/Desktop/cartographer_ws/install/lslidar_driver/share/lslidar_driver/params/lidar_uart_ros2
[1.214s] -- Up-to-date: /home/ubuntu/Desktop/cartographer_ws/install/lslidar_driver/share/lslidar_driver/params/lidar_uart_ros2/lsm10.yaml
[1.215s] -- Installing: /home/ubuntu/Desktop/cartographer_ws/install/lslidar_driver/share/lslidar_driver/params/lidar_uart_ros2/lsn10.yaml
[1.215s] -- Up-to-date: /home/ubuntu/Desktop/cartographer_ws/install/lslidar_driver/share/lslidar_driver/params/lidar_uart_ros2/lsn10p.yaml
[1.215s] -- Up-to-date: /home/ubuntu/Desktop/cartographer_ws/install/lslidar_driver/share/lslidar_driver/params/lidar_uart_ros2/lsm10_p.yaml
[1.215s] -- Up-to-date: /home/ubuntu/Desktop/cartographer_ws/install/lslidar_driver/share/lslidar_driver/params/lidar_net_ros2
[1.215s] -- Up-to-date: /home/ubuntu/Desktop/cartographer_ws/install/lslidar_driver/share/lslidar_driver/params/lidar_net_ros2/lsm10p_net.yaml
[1.216s] -- Up-to-date: /home/ubuntu/Desktop/cartographer_ws/install/lslidar_driver/share/lslidar_driver/params/lidar_net_ros2/lsm10_net.yaml
[1.216s] -- Up-to-date: /home/ubuntu/Desktop/cartographer_ws/install/lslidar_driver/share/lslidar_driver/params/lidar_net_ros2/lsn10p_net.yaml
[1.216s] -- Up-to-date: /home/ubuntu/Desktop/cartographer_ws/install/lslidar_driver/share/lslidar_driver/params/lidar_net_ros2/lsn10_net.yaml
[1.216s] -- Up-to-date: /home/ubuntu/Desktop/cartographer_ws/install/lslidar_driver/share/lslidar_driver/rviz
[1.216s] -- Up-to-date: /home/ubuntu/Desktop/cartographer_ws/install/lslidar_driver/share/lslidar_driver/rviz/lslidar.rviz
[1.216s] -- Up-to-date: /home/ubuntu/Desktop/cartographer_ws/install/lslidar_driver/lib/lslidar_driver/lslidar_driver_node
[1.217s] -- Up-to-date: /home/ubuntu/Desktop/cartographer_ws/install/lslidar_driver/share/ament_index/resource_index/package_run_dependencies/lslidar_driver
[1.217s] -- Up-to-date: /home/ubuntu/Desktop/cartographer_ws/install/lslidar_driver/share/ament_index/resource_index/parent_prefix_path/lslidar_driver
[1.217s] -- Up-to-date: /home/ubuntu/Desktop/cartographer_ws/install/lslidar_driver/share/lslidar_driver/environment/ament_prefix_path.sh
[1.217s] -- Up-to-date: /home/ubuntu/Desktop/cartographer_ws/install/lslidar_driver/share/lslidar_driver/environment/ament_prefix_path.dsv
[1.217s] -- Up-to-date: /home/ubuntu/Desktop/cartographer_ws/install/lslidar_driver/share/lslidar_driver/environment/path.sh
[1.218s] -- Up-to-date: /home/ubuntu/Desktop/cartographer_ws/install/lslidar_driver/share/lslidar_driver/environment/path.dsv
[1.218s] -- Up-to-date: /home/ubuntu/Desktop/cartographer_ws/install/lslidar_driver/share/lslidar_driver/local_setup.bash
[1.218s] -- Up-to-date: /home/ubuntu/Desktop/cartographer_ws/install/lslidar_driver/share/lslidar_driver/local_setup.sh
[1.218s] -- Up-to-date: /home/ubuntu/Desktop/cartographer_ws/install/lslidar_driver/share/lslidar_driver/local_setup.zsh
[1.234s] -- Up-to-date: /home/ubuntu/Desktop/cartographer_ws/install/lslidar_driver/share/lslidar_driver/local_setup.dsv
[1.234s] -- Installing: /home/ubuntu/Desktop/cartographer_ws/install/lslidar_driver/share/lslidar_driver/package.dsv
[1.235s] -- Up-to-date: /home/ubuntu/Desktop/cartographer_ws/install/lslidar_driver/share/ament_index/resource_index/packages/lslidar_driver
[1.235s] -- Up-to-date: /home/ubuntu/Desktop/cartographer_ws/install/lslidar_driver/share/lslidar_driver/cmake/ament_cmake_export_dependencies-extras.cmake
[1.235s] -- Up-to-date: /home/ubuntu/Desktop/cartographer_ws/install/lslidar_driver/share/lslidar_driver/cmake/ament_cmake_export_include_directories-extras.cmake
[1.235s] -- Up-to-date: /home/ubuntu/Desktop/cartographer_ws/install/lslidar_driver/share/lslidar_driver/cmake/lslidar_driverConfig.cmake
[1.235s] -- Up-to-date: /home/ubuntu/Desktop/cartographer_ws/install/lslidar_driver/share/lslidar_driver/cmake/lslidar_driverConfig-version.cmake
[1.236s] -- Up-to-date: /home/ubuntu/Desktop/cartographer_ws/install/lslidar_driver/share/lslidar_driver/package.xml
[1.240s] Invoked command in '/home/ubuntu/Desktop/cartographer_ws/build/lslidar_driver' returned '0': CMAKE_PREFIX_PATH=/home/ubuntu/Desktop/cartographer_ws/install/lslidar_msgs:/home/ubuntu/Desktop/cartographer_ws/install/imu:/opt/ros/foxy:/home/ubuntu/Desktop/cartographer_ws/install/serial:/home/ubuntu/Desktop/cartographer_ws/install/my_cartographer:/home/ubuntu/Desktop/cartographer_ws/install/lslidar_driver:/home/ubuntu/Desktop/cartographer_ws/install/cartographer_ros:/home/ubuntu/Desktop/cartographer_ws/install/cartographer_ros_msgs:/home/ubuntu/Desktop/cartographer_ws/install/cartographer LD_LIBRARY_PATH=/home/ubuntu/Desktop/cartographer_ws/install/lslidar_msgs/lib:/home/ubuntu/Desktop/cartographer_ws/install/serial/lib:/home/ubuntu/Desktop/cartographer_ws/install/cartographer_ros_msgs/lib:/opt/ros/foxy/opt/yaml_cpp_vendor/lib:/opt/ros/foxy/opt/rviz_ogre_vendor/lib:/opt/ros/foxy/lib/x86_64-linux-gnu:/opt/ros/foxy/lib PYTHONPATH=/home/ubuntu/Desktop/cartographer_ws/install/lslidar_msgs/lib/python3.8/site-packages:/home/ubuntu/Desktop/cartographer_ws/install/imu/lib/python3.8/site-packages:/home/ubuntu/Desktop/cartographer_ws/install/cartographer_ros_msgs/lib/python3.8/site-packages:/opt/ros/foxy/lib/python3.8/site-packages /usr/bin/cmake --install /home/ubuntu/Desktop/cartographer_ws/build/lslidar_driver
