[0.045s] Invoking command in '/home/jetson/Desktop/cartographer_ws/build/lslidar_msgs': CMAKE_PREFIX_PATH=${CMAKE_PREFIX_PATH}:/opt/ros/foxy /usr/bin/cmake --build /home/jetson/Desktop/cartographer_ws/build/lslidar_msgs -- -j6 -l6
[0.198s] [  3%] Built target lslidar_msgs__cpp
[0.199s] [ 12%] Built target lslidar_msgs__rosidl_generator_c
[0.296s] [ 26%] Built target lslidar_msgs__rosidl_typesupport_c
[0.299s] [ 34%] Built target lslidar_msgs__rosidl_typesupport_fastrtps_cpp
[0.304s] [ 46%] Built target lslidar_msgs__rosidl_typesupport_introspection_cpp
[0.327s] [ 57%] Built target lslidar_msgs__rosidl_typesupport_cpp
[0.328s] [ 68%] Built target lslidar_msgs__rosidl_typesupport_introspection_c
[0.389s] [ 79%] Built target lslidar_msgs__rosidl_typesupport_fastrtps_c
[0.439s] [ 79%] Built target lslidar_msgs
[0.489s] [ 80%] Built target lslidar_msgs__py
[0.555s] [ 90%] Built target lslidar_msgs__python
[0.615s] [ 96%] Built target lslidar_msgs__rosidl_typesupport_fastrtps_c__pyext
[0.615s] [ 96%] Built target lslidar_msgs__rosidl_typesupport_c__pyext
[0.622s] [100%] Built target lslidar_msgs__rosidl_typesupport_introspection_c__pyext
[0.654s] Invoked command in '/home/jetson/Desktop/cartographer_ws/build/lslidar_msgs' returned '0': CMAKE_PREFIX_PATH=${CMAKE_PREFIX_PATH}:/opt/ros/foxy /usr/bin/cmake --build /home/jetson/Desktop/cartographer_ws/build/lslidar_msgs -- -j6 -l6
[0.938s] Invoking command in '/home/jetson/Desktop/cartographer_ws/build/lslidar_msgs': CMAKE_PREFIX_PATH=${CMAKE_PREFIX_PATH}:/opt/ros/foxy /usr/bin/cmake --install /home/jetson/Desktop/cartographer_ws/build/lslidar_msgs
[0.967s] -- Install configuration: ""
[0.968s] -- Up-to-date: /home/jetson/Desktop/cartographer_ws/install/lslidar_msgs/share/ament_index/resource_index/rosidl_interfaces/lslidar_msgs
[0.968s] -- Up-to-date: /home/jetson/Desktop/cartographer_ws/install/lslidar_msgs/include/lslidar_msgs
[0.968s] -- Up-to-date: /home/jetson/Desktop/cartographer_ws/install/lslidar_msgs/include/lslidar_msgs/msg
[0.969s] -- Up-to-date: /home/jetson/Desktop/cartographer_ws/install/lslidar_msgs/include/lslidar_msgs/msg/lslidar_sweep.h
[0.969s] -- Up-to-date: /home/jetson/Desktop/cartographer_ws/install/lslidar_msgs/include/lslidar_msgs/msg/lslidar_difop.h
[0.969s] -- Up-to-date: /home/jetson/Desktop/cartographer_ws/install/lslidar_msgs/include/lslidar_msgs/msg/detail
[0.969s] -- Up-to-date: /home/jetson/Desktop/cartographer_ws/install/lslidar_msgs/include/lslidar_msgs/msg/detail/lslidar_point__struct.h
[0.970s] -- Up-to-date: /home/jetson/Desktop/cartographer_ws/install/lslidar_msgs/include/lslidar_msgs/msg/detail/lslidar_packet__functions.h
[0.970s] -- Up-to-date: /home/jetson/Desktop/cartographer_ws/install/lslidar_msgs/include/lslidar_msgs/msg/detail/lslidar_scan__functions.c
[0.970s] -- Up-to-date: /home/jetson/Desktop/cartographer_ws/install/lslidar_msgs/include/lslidar_msgs/msg/detail/lslidar_scan__functions.h
[0.970s] -- Up-to-date: /home/jetson/Desktop/cartographer_ws/install/lslidar_msgs/include/lslidar_msgs/msg/detail/lslidar_sweep__struct.h
[0.970s] -- Up-to-date: /home/jetson/Desktop/cartographer_ws/install/lslidar_msgs/include/lslidar_msgs/msg/detail/lslidar_difop__functions.h
[0.970s] -- Up-to-date: /home/jetson/Desktop/cartographer_ws/install/lslidar_msgs/include/lslidar_msgs/msg/detail/lslidar_difop__struct.h
[0.971s] -- Up-to-date: /home/jetson/Desktop/cartographer_ws/install/lslidar_msgs/include/lslidar_msgs/msg/detail/lslidar_sweep__type_support.h
[0.971s] -- Up-to-date: /home/jetson/Desktop/cartographer_ws/install/lslidar_msgs/include/lslidar_msgs/msg/detail/lslidar_point__functions.c
[0.971s] -- Up-to-date: /home/jetson/Desktop/cartographer_ws/install/lslidar_msgs/include/lslidar_msgs/msg/detail/lslidar_point__functions.h
[0.971s] -- Up-to-date: /home/jetson/Desktop/cartographer_ws/install/lslidar_msgs/include/lslidar_msgs/msg/detail/lslidar_scan__type_support.h
[0.971s] -- Up-to-date: /home/jetson/Desktop/cartographer_ws/install/lslidar_msgs/include/lslidar_msgs/msg/detail/lslidar_sweep__functions.h
[0.971s] -- Up-to-date: /home/jetson/Desktop/cartographer_ws/install/lslidar_msgs/include/lslidar_msgs/msg/detail/lslidar_point__type_support.h
[0.972s] -- Up-to-date: /home/jetson/Desktop/cartographer_ws/install/lslidar_msgs/include/lslidar_msgs/msg/detail/lslidar_difop__functions.c
[0.972s] -- Up-to-date: /home/jetson/Desktop/cartographer_ws/install/lslidar_msgs/include/lslidar_msgs/msg/detail/lslidar_difop__type_support.h
[0.972s] -- Up-to-date: /home/jetson/Desktop/cartographer_ws/install/lslidar_msgs/include/lslidar_msgs/msg/detail/lslidar_sweep__functions.c
[0.972s] -- Up-to-date: /home/jetson/Desktop/cartographer_ws/install/lslidar_msgs/include/lslidar_msgs/msg/detail/lslidar_packet__type_support.h
[0.972s] -- Up-to-date: /home/jetson/Desktop/cartographer_ws/install/lslidar_msgs/include/lslidar_msgs/msg/detail/lslidar_scan__struct.h
[0.972s] -- Up-to-date: /home/jetson/Desktop/cartographer_ws/install/lslidar_msgs/include/lslidar_msgs/msg/detail/lslidar_packet__functions.c
[0.972s] -- Up-to-date: /home/jetson/Desktop/cartographer_ws/install/lslidar_msgs/include/lslidar_msgs/msg/detail/lslidar_packet__struct.h
[0.973s] -- Up-to-date: /home/jetson/Desktop/cartographer_ws/install/lslidar_msgs/include/lslidar_msgs/msg/rosidl_generator_c__visibility_control.h
[0.973s] -- Up-to-date: /home/jetson/Desktop/cartographer_ws/install/lslidar_msgs/include/lslidar_msgs/msg/lslidar_packet.h
[0.973s] -- Up-to-date: /home/jetson/Desktop/cartographer_ws/install/lslidar_msgs/include/lslidar_msgs/msg/lslidar_point.h
[0.973s] -- Up-to-date: /home/jetson/Desktop/cartographer_ws/install/lslidar_msgs/include/lslidar_msgs/msg/lslidar_scan.h
[0.973s] -- Up-to-date: /home/jetson/Desktop/cartographer_ws/install/lslidar_msgs/share/lslidar_msgs/environment/library_path.sh
[0.973s] -- Up-to-date: /home/jetson/Desktop/cartographer_ws/install/lslidar_msgs/share/lslidar_msgs/environment/library_path.dsv
[0.974s] -- Up-to-date: /home/jetson/Desktop/cartographer_ws/install/lslidar_msgs/lib/liblslidar_msgs__rosidl_generator_c.so
[0.974s] -- Up-to-date: /home/jetson/Desktop/cartographer_ws/install/lslidar_msgs/include/lslidar_msgs
[0.974s] -- Up-to-date: /home/jetson/Desktop/cartographer_ws/install/lslidar_msgs/include/lslidar_msgs/msg
[0.974s] -- Up-to-date: /home/jetson/Desktop/cartographer_ws/install/lslidar_msgs/include/lslidar_msgs/msg/detail
[0.974s] -- Up-to-date: /home/jetson/Desktop/cartographer_ws/install/lslidar_msgs/include/lslidar_msgs/msg/detail/lslidar_sweep__rosidl_typesupport_fastrtps_c.h
[0.974s] -- Up-to-date: /home/jetson/Desktop/cartographer_ws/install/lslidar_msgs/include/lslidar_msgs/msg/detail/lslidar_scan__rosidl_typesupport_fastrtps_c.h
[0.974s] -- Up-to-date: /home/jetson/Desktop/cartographer_ws/install/lslidar_msgs/include/lslidar_msgs/msg/detail/lslidar_point__rosidl_typesupport_fastrtps_c.h
[0.975s] -- Up-to-date: /home/jetson/Desktop/cartographer_ws/install/lslidar_msgs/include/lslidar_msgs/msg/detail/lslidar_difop__rosidl_typesupport_fastrtps_c.h
[0.975s] -- Up-to-date: /home/jetson/Desktop/cartographer_ws/install/lslidar_msgs/include/lslidar_msgs/msg/detail/lslidar_packet__rosidl_typesupport_fastrtps_c.h
[0.975s] -- Up-to-date: /home/jetson/Desktop/cartographer_ws/install/lslidar_msgs/include/lslidar_msgs/msg/rosidl_typesupport_fastrtps_c__visibility_control.h
[0.975s] -- Up-to-date: /home/jetson/Desktop/cartographer_ws/install/lslidar_msgs/lib/liblslidar_msgs__rosidl_typesupport_fastrtps_c.so
[0.976s] -- Up-to-date: /home/jetson/Desktop/cartographer_ws/install/lslidar_msgs/include/lslidar_msgs
[0.976s] -- Up-to-date: /home/jetson/Desktop/cartographer_ws/install/lslidar_msgs/include/lslidar_msgs/msg
[0.976s] -- Up-to-date: /home/jetson/Desktop/cartographer_ws/install/lslidar_msgs/include/lslidar_msgs/msg/detail
[0.977s] -- Up-to-date: /home/jetson/Desktop/cartographer_ws/install/lslidar_msgs/include/lslidar_msgs/msg/detail/lslidar_difop__rosidl_typesupport_fastrtps_cpp.hpp
[0.978s] -- Up-to-date: /home/jetson/Desktop/cartographer_ws/install/lslidar_msgs/include/lslidar_msgs/msg/detail/lslidar_scan__rosidl_typesupport_fastrtps_cpp.hpp
[0.978s] -- Up-to-date: /home/jetson/Desktop/cartographer_ws/install/lslidar_msgs/include/lslidar_msgs/msg/detail/dds_fastrtps
[0.978s] -- Up-to-date: /home/jetson/Desktop/cartographer_ws/install/lslidar_msgs/include/lslidar_msgs/msg/detail/lslidar_packet__rosidl_typesupport_fastrtps_cpp.hpp
[0.978s] -- Up-to-date: /home/jetson/Desktop/cartographer_ws/install/lslidar_msgs/include/lslidar_msgs/msg/detail/lslidar_point__rosidl_typesupport_fastrtps_cpp.hpp
[0.979s] -- Up-to-date: /home/jetson/Desktop/cartographer_ws/install/lslidar_msgs/include/lslidar_msgs/msg/detail/lslidar_sweep__rosidl_typesupport_fastrtps_cpp.hpp
[0.979s] -- Up-to-date: /home/jetson/Desktop/cartographer_ws/install/lslidar_msgs/include/lslidar_msgs/msg/rosidl_typesupport_fastrtps_cpp__visibility_control.h
[0.979s] -- Up-to-date: /home/jetson/Desktop/cartographer_ws/install/lslidar_msgs/lib/liblslidar_msgs__rosidl_typesupport_fastrtps_cpp.so
[0.979s] -- Up-to-date: /home/jetson/Desktop/cartographer_ws/install/lslidar_msgs/include/lslidar_msgs
[0.980s] -- Up-to-date: /home/jetson/Desktop/cartographer_ws/install/lslidar_msgs/include/lslidar_msgs/msg
[0.980s] -- Up-to-date: /home/jetson/Desktop/cartographer_ws/install/lslidar_msgs/include/lslidar_msgs/msg/rosidl_typesupport_introspection_c__visibility_control.h
[0.980s] -- Up-to-date: /home/jetson/Desktop/cartographer_ws/install/lslidar_msgs/include/lslidar_msgs/msg/detail
[0.981s] -- Up-to-date: /home/jetson/Desktop/cartographer_ws/install/lslidar_msgs/include/lslidar_msgs/msg/detail/lslidar_sweep__rosidl_typesupport_introspection_c.h
[0.981s] -- Up-to-date: /home/jetson/Desktop/cartographer_ws/install/lslidar_msgs/include/lslidar_msgs/msg/detail/lslidar_scan__rosidl_typesupport_introspection_c.h
[0.981s] -- Up-to-date: /home/jetson/Desktop/cartographer_ws/install/lslidar_msgs/include/lslidar_msgs/msg/detail/lslidar_sweep__type_support.c
[0.981s] -- Up-to-date: /home/jetson/Desktop/cartographer_ws/install/lslidar_msgs/include/lslidar_msgs/msg/detail/lslidar_packet__type_support.c
[0.981s] -- Up-to-date: /home/jetson/Desktop/cartographer_ws/install/lslidar_msgs/include/lslidar_msgs/msg/detail/lslidar_scan__type_support.c
[0.981s] -- Up-to-date: /home/jetson/Desktop/cartographer_ws/install/lslidar_msgs/include/lslidar_msgs/msg/detail/lslidar_difop__type_support.c
[0.982s] -- Up-to-date: /home/jetson/Desktop/cartographer_ws/install/lslidar_msgs/include/lslidar_msgs/msg/detail/lslidar_point__type_support.c
[0.982s] -- Up-to-date: /home/jetson/Desktop/cartographer_ws/install/lslidar_msgs/include/lslidar_msgs/msg/detail/lslidar_packet__rosidl_typesupport_introspection_c.h
[0.982s] -- Up-to-date: /home/jetson/Desktop/cartographer_ws/install/lslidar_msgs/include/lslidar_msgs/msg/detail/lslidar_point__rosidl_typesupport_introspection_c.h
[0.982s] -- Up-to-date: /home/jetson/Desktop/cartographer_ws/install/lslidar_msgs/include/lslidar_msgs/msg/detail/lslidar_difop__rosidl_typesupport_introspection_c.h
[0.982s] -- Up-to-date: /home/jetson/Desktop/cartographer_ws/install/lslidar_msgs/lib/liblslidar_msgs__rosidl_typesupport_introspection_c.so
[0.982s] -- Up-to-date: /home/jetson/Desktop/cartographer_ws/install/lslidar_msgs/lib/liblslidar_msgs__rosidl_typesupport_c.so
[0.982s] -- Up-to-date: /home/jetson/Desktop/cartographer_ws/install/lslidar_msgs/include/lslidar_msgs
[0.982s] -- Up-to-date: /home/jetson/Desktop/cartographer_ws/install/lslidar_msgs/include/lslidar_msgs/msg
[0.983s] -- Up-to-date: /home/jetson/Desktop/cartographer_ws/install/lslidar_msgs/include/lslidar_msgs/msg/lslidar_sweep.hpp
[0.983s] -- Up-to-date: /home/jetson/Desktop/cartographer_ws/install/lslidar_msgs/include/lslidar_msgs/msg/rosidl_generator_cpp__visibility_control.hpp
[0.983s] -- Up-to-date: /home/jetson/Desktop/cartographer_ws/install/lslidar_msgs/include/lslidar_msgs/msg/lslidar_difop.hpp
[0.983s] -- Up-to-date: /home/jetson/Desktop/cartographer_ws/install/lslidar_msgs/include/lslidar_msgs/msg/lslidar_packet.hpp
[0.983s] -- Up-to-date: /home/jetson/Desktop/cartographer_ws/install/lslidar_msgs/include/lslidar_msgs/msg/lslidar_point.hpp
[0.983s] -- Up-to-date: /home/jetson/Desktop/cartographer_ws/install/lslidar_msgs/include/lslidar_msgs/msg/detail
[0.983s] -- Up-to-date: /home/jetson/Desktop/cartographer_ws/install/lslidar_msgs/include/lslidar_msgs/msg/detail/lslidar_packet__builder.hpp
[0.984s] -- Up-to-date: /home/jetson/Desktop/cartographer_ws/install/lslidar_msgs/include/lslidar_msgs/msg/detail/lslidar_scan__struct.hpp
[0.984s] -- Up-to-date: /home/jetson/Desktop/cartographer_ws/install/lslidar_msgs/include/lslidar_msgs/msg/detail/lslidar_packet__type_support.hpp
[0.984s] -- Up-to-date: /home/jetson/Desktop/cartographer_ws/install/lslidar_msgs/include/lslidar_msgs/msg/detail/lslidar_sweep__traits.hpp
[0.984s] -- Up-to-date: /home/jetson/Desktop/cartographer_ws/install/lslidar_msgs/include/lslidar_msgs/msg/detail/lslidar_packet__traits.hpp
[0.985s] -- Up-to-date: /home/jetson/Desktop/cartographer_ws/install/lslidar_msgs/include/lslidar_msgs/msg/detail/lslidar_packet__struct.hpp
[0.986s] -- Up-to-date: /home/jetson/Desktop/cartographer_ws/install/lslidar_msgs/include/lslidar_msgs/msg/detail/lslidar_difop__builder.hpp
[0.987s] -- Up-to-date: /home/jetson/Desktop/cartographer_ws/install/lslidar_msgs/include/lslidar_msgs/msg/detail/lslidar_scan__traits.hpp
[0.987s] -- Up-to-date: /home/jetson/Desktop/cartographer_ws/install/lslidar_msgs/include/lslidar_msgs/msg/detail/lslidar_point__builder.hpp
[0.987s] -- Up-to-date: /home/jetson/Desktop/cartographer_ws/install/lslidar_msgs/include/lslidar_msgs/msg/detail/lslidar_scan__builder.hpp
[0.987s] -- Up-to-date: /home/jetson/Desktop/cartographer_ws/install/lslidar_msgs/include/lslidar_msgs/msg/detail/lslidar_sweep__type_support.hpp
[0.987s] -- Up-to-date: /home/jetson/Desktop/cartographer_ws/install/lslidar_msgs/include/lslidar_msgs/msg/detail/lslidar_difop__type_support.hpp
[0.988s] -- Up-to-date: /home/jetson/Desktop/cartographer_ws/install/lslidar_msgs/include/lslidar_msgs/msg/detail/lslidar_sweep__builder.hpp
[0.988s] -- Up-to-date: /home/jetson/Desktop/cartographer_ws/install/lslidar_msgs/include/lslidar_msgs/msg/detail/lslidar_sweep__struct.hpp
[0.988s] -- Up-to-date: /home/jetson/Desktop/cartographer_ws/install/lslidar_msgs/include/lslidar_msgs/msg/detail/lslidar_point__traits.hpp
[0.988s] -- Up-to-date: /home/jetson/Desktop/cartographer_ws/install/lslidar_msgs/include/lslidar_msgs/msg/detail/lslidar_point__struct.hpp
[0.991s] -- Up-to-date: /home/jetson/Desktop/cartographer_ws/install/lslidar_msgs/include/lslidar_msgs/msg/detail/lslidar_scan__type_support.hpp
[0.992s] -- Up-to-date: /home/jetson/Desktop/cartographer_ws/install/lslidar_msgs/include/lslidar_msgs/msg/detail/lslidar_difop__struct.hpp
[0.994s] -- Up-to-date: /home/jetson/Desktop/cartographer_ws/install/lslidar_msgs/include/lslidar_msgs/msg/detail/lslidar_difop__traits.hpp
[0.995s] -- Up-to-date: /home/jetson/Desktop/cartographer_ws/install/lslidar_msgs/include/lslidar_msgs/msg/detail/lslidar_point__type_support.hpp
[0.995s] -- Up-to-date: /home/jetson/Desktop/cartographer_ws/install/lslidar_msgs/include/lslidar_msgs/msg/lslidar_scan.hpp
[0.995s] -- Up-to-date: /home/jetson/Desktop/cartographer_ws/install/lslidar_msgs/include/lslidar_msgs
[0.995s] -- Up-to-date: /home/jetson/Desktop/cartographer_ws/install/lslidar_msgs/include/lslidar_msgs/msg
[0.995s] -- Up-to-date: /home/jetson/Desktop/cartographer_ws/install/lslidar_msgs/include/lslidar_msgs/msg/detail
[0.996s] -- Up-to-date: /home/jetson/Desktop/cartographer_ws/install/lslidar_msgs/include/lslidar_msgs/msg/detail/lslidar_packet__rosidl_typesupport_introspection_cpp.hpp
[0.998s] -- Up-to-date: /home/jetson/Desktop/cartographer_ws/install/lslidar_msgs/include/lslidar_msgs/msg/detail/lslidar_difop__type_support.cpp
[0.998s] -- Up-to-date: /home/jetson/Desktop/cartographer_ws/install/lslidar_msgs/include/lslidar_msgs/msg/detail/lslidar_scan__type_support.cpp
[1.000s] -- Up-to-date: /home/jetson/Desktop/cartographer_ws/install/lslidar_msgs/include/lslidar_msgs/msg/detail/lslidar_difop__rosidl_typesupport_introspection_cpp.hpp
[1.001s] -- Up-to-date: /home/jetson/Desktop/cartographer_ws/install/lslidar_msgs/include/lslidar_msgs/msg/detail/lslidar_scan__rosidl_typesupport_introspection_cpp.hpp
[1.001s] -- Up-to-date: /home/jetson/Desktop/cartographer_ws/install/lslidar_msgs/include/lslidar_msgs/msg/detail/lslidar_point__type_support.cpp
[1.001s] -- Up-to-date: /home/jetson/Desktop/cartographer_ws/install/lslidar_msgs/include/lslidar_msgs/msg/detail/lslidar_packet__type_support.cpp
[1.001s] -- Up-to-date: /home/jetson/Desktop/cartographer_ws/install/lslidar_msgs/include/lslidar_msgs/msg/detail/lslidar_sweep__type_support.cpp
[1.001s] -- Up-to-date: /home/jetson/Desktop/cartographer_ws/install/lslidar_msgs/include/lslidar_msgs/msg/detail/lslidar_point__rosidl_typesupport_introspection_cpp.hpp
[1.002s] -- Up-to-date: /home/jetson/Desktop/cartographer_ws/install/lslidar_msgs/include/lslidar_msgs/msg/detail/lslidar_sweep__rosidl_typesupport_introspection_cpp.hpp
[1.002s] -- Up-to-date: /home/jetson/Desktop/cartographer_ws/install/lslidar_msgs/lib/liblslidar_msgs__rosidl_typesupport_introspection_cpp.so
[1.003s] -- Up-to-date: /home/jetson/Desktop/cartographer_ws/install/lslidar_msgs/lib/liblslidar_msgs__rosidl_typesupport_cpp.so
[1.003s] -- Up-to-date: /home/jetson/Desktop/cartographer_ws/install/lslidar_msgs/share/lslidar_msgs/environment/pythonpath.sh
[1.004s] -- Up-to-date: /home/jetson/Desktop/cartographer_ws/install/lslidar_msgs/share/lslidar_msgs/environment/pythonpath.dsv
[1.004s] -- Up-to-date: /home/jetson/Desktop/cartographer_ws/install/lslidar_msgs/lib/python3.8/site-packages/lslidar_msgs/__init__.py
[1.057s] -- Up-to-date: /home/jetson/Desktop/cartographer_ws/install/lslidar_msgs/lib/python3.8/site-packages/lslidar_msgs/msg
[1.058s] -- Up-to-date: /home/jetson/Desktop/cartographer_ws/install/lslidar_msgs/lib/python3.8/site-packages/lslidar_msgs/msg/_lslidar_scan_s.c
[1.058s] -- Up-to-date: /home/jetson/Desktop/cartographer_ws/install/lslidar_msgs/lib/python3.8/site-packages/lslidar_msgs/msg/_lslidar_packet_s.c
[1.058s] -- Up-to-date: /home/jetson/Desktop/cartographer_ws/install/lslidar_msgs/lib/python3.8/site-packages/lslidar_msgs/msg/_lslidar_scan.py
[1.059s] -- Up-to-date: /home/jetson/Desktop/cartographer_ws/install/lslidar_msgs/lib/python3.8/site-packages/lslidar_msgs/msg/_lslidar_sweep_s.c
[1.059s] -- Up-to-date: /home/jetson/Desktop/cartographer_ws/install/lslidar_msgs/lib/python3.8/site-packages/lslidar_msgs/msg/__init__.py
[1.059s] -- Up-to-date: /home/jetson/Desktop/cartographer_ws/install/lslidar_msgs/lib/python3.8/site-packages/lslidar_msgs/msg/_lslidar_sweep.py
[1.059s] -- Up-to-date: /home/jetson/Desktop/cartographer_ws/install/lslidar_msgs/lib/python3.8/site-packages/lslidar_msgs/msg/_lslidar_point_s.c
[1.059s] -- Up-to-date: /home/jetson/Desktop/cartographer_ws/install/lslidar_msgs/lib/python3.8/site-packages/lslidar_msgs/msg/_lslidar_packet.py
[1.059s] -- Up-to-date: /home/jetson/Desktop/cartographer_ws/install/lslidar_msgs/lib/python3.8/site-packages/lslidar_msgs/msg/_lslidar_difop.py
[1.060s] -- Up-to-date: /home/jetson/Desktop/cartographer_ws/install/lslidar_msgs/lib/python3.8/site-packages/lslidar_msgs/msg/_lslidar_point.py
[1.060s] -- Up-to-date: /home/jetson/Desktop/cartographer_ws/install/lslidar_msgs/lib/python3.8/site-packages/lslidar_msgs/msg/_lslidar_difop_s.c
[1.060s] -- Up-to-date: /home/jetson/Desktop/cartographer_ws/install/lslidar_msgs/lib/python3.8/site-packages/lslidar_msgs/lslidar_msgs_s__rosidl_typesupport_fastrtps_c.cpython-38-aarch64-linux-gnu.so
[1.060s] -- Up-to-date: /home/jetson/Desktop/cartographer_ws/install/lslidar_msgs/lib/python3.8/site-packages/lslidar_msgs/lslidar_msgs_s__rosidl_typesupport_introspection_c.cpython-38-aarch64-linux-gnu.so
[1.061s] -- Up-to-date: /home/jetson/Desktop/cartographer_ws/install/lslidar_msgs/lib/python3.8/site-packages/lslidar_msgs/lslidar_msgs_s__rosidl_typesupport_c.cpython-38-aarch64-linux-gnu.so
[1.061s] -- Up-to-date: /home/jetson/Desktop/cartographer_ws/install/lslidar_msgs/lib/liblslidar_msgs__python.so
[1.062s] -- Up-to-date: /home/jetson/Desktop/cartographer_ws/install/lslidar_msgs/share/lslidar_msgs/msg/LslidarDifop.idl
[1.062s] -- Up-to-date: /home/jetson/Desktop/cartographer_ws/install/lslidar_msgs/share/lslidar_msgs/msg/LslidarPacket.idl
[1.063s] -- Up-to-date: /home/jetson/Desktop/cartographer_ws/install/lslidar_msgs/share/lslidar_msgs/msg/LslidarPoint.idl
[1.063s] -- Up-to-date: /home/jetson/Desktop/cartographer_ws/install/lslidar_msgs/share/lslidar_msgs/msg/LslidarScan.idl
[1.063s] -- Up-to-date: /home/jetson/Desktop/cartographer_ws/install/lslidar_msgs/share/lslidar_msgs/msg/LslidarSweep.idl
[1.064s] -- Up-to-date: /home/jetson/Desktop/cartographer_ws/install/lslidar_msgs/share/lslidar_msgs/msg/LslidarDifop.msg
[1.065s] -- Up-to-date: /home/jetson/Desktop/cartographer_ws/install/lslidar_msgs/share/lslidar_msgs/msg/LslidarPacket.msg
[1.065s] -- Up-to-date: /home/jetson/Desktop/cartographer_ws/install/lslidar_msgs/share/lslidar_msgs/msg/LslidarPoint.msg
[1.065s] -- Up-to-date: /home/jetson/Desktop/cartographer_ws/install/lslidar_msgs/share/lslidar_msgs/msg/LslidarScan.msg
[1.066s] -- Up-to-date: /home/jetson/Desktop/cartographer_ws/install/lslidar_msgs/share/lslidar_msgs/msg/LslidarSweep.msg
[1.066s] -- Up-to-date: /home/jetson/Desktop/cartographer_ws/install/lslidar_msgs/share/ament_index/resource_index/package_run_dependencies/lslidar_msgs
[1.066s] -- Up-to-date: /home/jetson/Desktop/cartographer_ws/install/lslidar_msgs/share/ament_index/resource_index/parent_prefix_path/lslidar_msgs
[1.066s] -- Up-to-date: /home/jetson/Desktop/cartographer_ws/install/lslidar_msgs/share/lslidar_msgs/environment/ament_prefix_path.sh
[1.068s] -- Up-to-date: /home/jetson/Desktop/cartographer_ws/install/lslidar_msgs/share/lslidar_msgs/environment/ament_prefix_path.dsv
[1.068s] -- Up-to-date: /home/jetson/Desktop/cartographer_ws/install/lslidar_msgs/share/lslidar_msgs/environment/path.sh
[1.069s] -- Up-to-date: /home/jetson/Desktop/cartographer_ws/install/lslidar_msgs/share/lslidar_msgs/environment/path.dsv
[1.069s] -- Up-to-date: /home/jetson/Desktop/cartographer_ws/install/lslidar_msgs/share/lslidar_msgs/local_setup.bash
[1.069s] -- Up-to-date: /home/jetson/Desktop/cartographer_ws/install/lslidar_msgs/share/lslidar_msgs/local_setup.sh
[1.069s] -- Up-to-date: /home/jetson/Desktop/cartographer_ws/install/lslidar_msgs/share/lslidar_msgs/local_setup.zsh
[1.070s] -- Up-to-date: /home/jetson/Desktop/cartographer_ws/install/lslidar_msgs/share/lslidar_msgs/local_setup.dsv
[1.070s] -- Installing: /home/jetson/Desktop/cartographer_ws/install/lslidar_msgs/share/lslidar_msgs/package.dsv
[1.070s] -- Up-to-date: /home/jetson/Desktop/cartographer_ws/install/lslidar_msgs/share/ament_index/resource_index/packages/lslidar_msgs
[1.071s] -- Up-to-date: /home/jetson/Desktop/cartographer_ws/install/lslidar_msgs/share/lslidar_msgs/cmake/lslidar_msgs__rosidl_generator_cExport.cmake
[1.071s] -- Up-to-date: /home/jetson/Desktop/cartographer_ws/install/lslidar_msgs/share/lslidar_msgs/cmake/lslidar_msgs__rosidl_generator_cExport-noconfig.cmake
[1.071s] -- Up-to-date: /home/jetson/Desktop/cartographer_ws/install/lslidar_msgs/share/lslidar_msgs/cmake/lslidar_msgs__rosidl_typesupport_introspection_cExport.cmake
[1.071s] -- Up-to-date: /home/jetson/Desktop/cartographer_ws/install/lslidar_msgs/share/lslidar_msgs/cmake/lslidar_msgs__rosidl_typesupport_introspection_cExport-noconfig.cmake
[1.072s] -- Up-to-date: /home/jetson/Desktop/cartographer_ws/install/lslidar_msgs/share/lslidar_msgs/cmake/lslidar_msgs__rosidl_typesupport_cExport.cmake
[1.072s] -- Up-to-date: /home/jetson/Desktop/cartographer_ws/install/lslidar_msgs/share/lslidar_msgs/cmake/lslidar_msgs__rosidl_typesupport_cExport-noconfig.cmake
[1.072s] -- Up-to-date: /home/jetson/Desktop/cartographer_ws/install/lslidar_msgs/share/lslidar_msgs/cmake/lslidar_msgs__rosidl_generator_cppExport.cmake
[1.072s] -- Up-to-date: /home/jetson/Desktop/cartographer_ws/install/lslidar_msgs/share/lslidar_msgs/cmake/lslidar_msgs__rosidl_typesupport_introspection_cppExport.cmake
[1.072s] -- Up-to-date: /home/jetson/Desktop/cartographer_ws/install/lslidar_msgs/share/lslidar_msgs/cmake/lslidar_msgs__rosidl_typesupport_introspection_cppExport-noconfig.cmake
[1.073s] -- Up-to-date: /home/jetson/Desktop/cartographer_ws/install/lslidar_msgs/share/lslidar_msgs/cmake/lslidar_msgs__rosidl_typesupport_cppExport.cmake
[1.073s] -- Up-to-date: /home/jetson/Desktop/cartographer_ws/install/lslidar_msgs/share/lslidar_msgs/cmake/lslidar_msgs__rosidl_typesupport_cppExport-noconfig.cmake
[1.073s] -- Up-to-date: /home/jetson/Desktop/cartographer_ws/install/lslidar_msgs/share/lslidar_msgs/cmake/rosidl_cmake-extras.cmake
[1.074s] -- Up-to-date: /home/jetson/Desktop/cartographer_ws/install/lslidar_msgs/share/lslidar_msgs/cmake/ament_cmake_export_dependencies-extras.cmake
[1.075s] -- Up-to-date: /home/jetson/Desktop/cartographer_ws/install/lslidar_msgs/share/lslidar_msgs/cmake/ament_cmake_export_libraries-extras.cmake
[1.077s] -- Up-to-date: /home/jetson/Desktop/cartographer_ws/install/lslidar_msgs/share/lslidar_msgs/cmake/ament_cmake_export_targets-extras.cmake
[1.077s] -- Up-to-date: /home/jetson/Desktop/cartographer_ws/install/lslidar_msgs/share/lslidar_msgs/cmake/ament_cmake_export_include_directories-extras.cmake
[1.078s] -- Up-to-date: /home/jetson/Desktop/cartographer_ws/install/lslidar_msgs/share/lslidar_msgs/cmake/rosidl_cmake_export_typesupport_libraries-extras.cmake
[1.078s] -- Up-to-date: /home/jetson/Desktop/cartographer_ws/install/lslidar_msgs/share/lslidar_msgs/cmake/rosidl_cmake_export_typesupport_targets-extras.cmake
[1.078s] -- Up-to-date: /home/jetson/Desktop/cartographer_ws/install/lslidar_msgs/share/lslidar_msgs/cmake/lslidar_msgsConfig.cmake
[1.079s] -- Up-to-date: /home/jetson/Desktop/cartographer_ws/install/lslidar_msgs/share/lslidar_msgs/cmake/lslidar_msgsConfig-version.cmake
[1.079s] -- Up-to-date: /home/jetson/Desktop/cartographer_ws/install/lslidar_msgs/share/lslidar_msgs/package.xml
[1.080s] Invoked command in '/home/jetson/Desktop/cartographer_ws/build/lslidar_msgs' returned '0': CMAKE_PREFIX_PATH=${CMAKE_PREFIX_PATH}:/opt/ros/foxy /usr/bin/cmake --install /home/jetson/Desktop/cartographer_ws/build/lslidar_msgs
