[0.068s] Invoking command in '/home/ubuntu/Desktop/cartographer_ws/build/serial': CMAKE_PREFIX_PATH=${CMAKE_PREFIX_PATH}:/opt/ros/foxy /usr/bin/cmake /home/ubuntu/Desktop/cartographer_ws/src/serial -DCMAKE_INSTALL_PREFIX=/home/ubuntu/Desktop/cartographer_ws/install/serial
[0.131s] -- Found ament_cmake: 0.9.12 (/opt/ros/foxy/share/ament_cmake/cmake)
[0.209s] -- Found PythonInterp: /usr/bin/python3 (found suitable version "3.8.10", minimum required is "3") 
[0.209s] -- Using PYTHON_EXECUTABLE: /usr/bin/python3
[1.307s] -- Configuring done
[1.325s] -- Generating done
[1.338s] -- Build files have been written to: /home/ubuntu/Desktop/cartographer_ws/build/serial
[1.343s] Invoked command in '/home/ubuntu/Desktop/cartographer_ws/build/serial' returned '0': CMAKE_PREFIX_PATH=${CMAKE_PREFIX_PATH}:/opt/ros/foxy /usr/bin/cmake /home/ubuntu/Desktop/cartographer_ws/src/serial -DCMAKE_INSTALL_PREFIX=/home/ubuntu/Desktop/cartographer_ws/install/serial
[1.352s] Invoking command in '/home/ubuntu/Desktop/cartographer_ws/build/serial': CMAKE_PREFIX_PATH=${CMAKE_PREFIX_PATH}:/opt/ros/foxy /usr/bin/cmake --build /home/ubuntu/Desktop/cartographer_ws/build/serial -- -j2 -l2
[1.594s] [35m[1mScanning dependencies of target serial[0m
[1.676s] [ 25%] [32mBuilding CXX object CMakeFiles/serial.dir/src/serial.cc.o[0m
[1.679s] [ 50%] [32mBuilding CXX object CMakeFiles/serial.dir/src/impl/unix.cc.o[0m
[3.952s] [ 75%] [32mBuilding CXX object CMakeFiles/serial.dir/src/impl/list_ports/list_ports_linux.cc.o[0m
[5.688s] [100%] [32m[1mLinking CXX shared library libserial.so[0m
[6.159s] [100%] Built target serial
[6.236s] Invoked command in '/home/ubuntu/Desktop/cartographer_ws/build/serial' returned '0': CMAKE_PREFIX_PATH=${CMAKE_PREFIX_PATH}:/opt/ros/foxy /usr/bin/cmake --build /home/ubuntu/Desktop/cartographer_ws/build/serial -- -j2 -l2
[6.633s] Invoking command in '/home/ubuntu/Desktop/cartographer_ws/build/serial': CMAKE_PREFIX_PATH=${CMAKE_PREFIX_PATH}:/opt/ros/foxy /usr/bin/cmake --install /home/ubuntu/Desktop/cartographer_ws/build/serial
[6.722s] -- Install configuration: ""
[6.724s] -- Installing: /home/ubuntu/Desktop/cartographer_ws/install/serial/share/serial/environment/library_path.sh
[6.724s] -- Installing: /home/ubuntu/Desktop/cartographer_ws/install/serial/share/serial/environment/library_path.dsv
[6.731s] -- Installing: /home/ubuntu/Desktop/cartographer_ws/install/serial/lib/libserial.so
[6.733s] -- Installing: /home/ubuntu/Desktop/cartographer_ws/install/serial/include/serial/serial.h
[6.733s] -- Installing: /home/ubuntu/Desktop/cartographer_ws/install/serial/include/serial/v8stdint.h
[6.733s] -- Installing: /home/ubuntu/Desktop/cartographer_ws/install/serial/share/ament_index/resource_index/package_run_dependencies/serial
[6.734s] -- Installing: /home/ubuntu/Desktop/cartographer_ws/install/serial/share/ament_index/resource_index/parent_prefix_path/serial
[6.735s] -- Installing: /home/ubuntu/Desktop/cartographer_ws/install/serial/share/serial/environment/ament_prefix_path.sh
[6.735s] -- Installing: /home/ubuntu/Desktop/cartographer_ws/install/serial/share/serial/environment/ament_prefix_path.dsv
[6.737s] -- Installing: /home/ubuntu/Desktop/cartographer_ws/install/serial/share/serial/environment/path.sh
[6.737s] -- Installing: /home/ubuntu/Desktop/cartographer_ws/install/serial/share/serial/environment/path.dsv
[6.737s] -- Installing: /home/ubuntu/Desktop/cartographer_ws/install/serial/share/serial/local_setup.bash
[6.738s] -- Installing: /home/ubuntu/Desktop/cartographer_ws/install/serial/share/serial/local_setup.sh
[6.738s] -- Installing: /home/ubuntu/Desktop/cartographer_ws/install/serial/share/serial/local_setup.zsh
[6.739s] -- Installing: /home/ubuntu/Desktop/cartographer_ws/install/serial/share/serial/local_setup.dsv
[6.739s] -- Installing: /home/ubuntu/Desktop/cartographer_ws/install/serial/share/serial/package.dsv
[6.739s] -- Installing: /home/ubuntu/Desktop/cartographer_ws/install/serial/share/ament_index/resource_index/packages/serial
[6.740s] -- Installing: /home/ubuntu/Desktop/cartographer_ws/install/serial/share/serial/cmake/ament_cmake_export_include_directories-extras.cmake
[6.740s] -- Installing: /home/ubuntu/Desktop/cartographer_ws/install/serial/share/serial/cmake/ament_cmake_export_libraries-extras.cmake
[6.740s] -- Installing: /home/ubuntu/Desktop/cartographer_ws/install/serial/share/serial/cmake/serialConfig.cmake
[6.740s] -- Installing: /home/ubuntu/Desktop/cartographer_ws/install/serial/share/serial/cmake/serialConfig-version.cmake
[6.740s] -- Installing: /home/ubuntu/Desktop/cartographer_ws/install/serial/share/serial/package.xml
[6.747s] Invoked command in '/home/ubuntu/Desktop/cartographer_ws/build/serial' returned '0': CMAKE_PREFIX_PATH=${CMAKE_PREFIX_PATH}:/opt/ros/foxy /usr/bin/cmake --install /home/ubuntu/Desktop/cartographer_ws/build/serial
