[0.045s] Invoking command in '/home/ubuntu/Desktop/cartographer_ws/build/my_cartographer': CMAKE_PREFIX_PATH=${CMAKE_PREFIX_PATH}:/opt/ros/foxy /usr/bin/cmake --build /home/ubuntu/Desktop/cartographer_ws/build/my_cartographer -- -j2 -l2
[0.228s] Invoked command in '/home/ubuntu/Desktop/cartographer_ws/build/my_cartographer' returned '0': CMAKE_PREFIX_PATH=${CMAKE_PREFIX_PATH}:/opt/ros/foxy /usr/bin/cmake --build /home/ubuntu/Desktop/cartographer_ws/build/my_cartographer -- -j2 -l2
[0.348s] Invoking command in '/home/ubuntu/Desktop/cartographer_ws/build/my_cartographer': CMAKE_PREFIX_PATH=${CMAKE_PREFIX_PATH}:/opt/ros/foxy /usr/bin/cmake --install /home/ubuntu/Desktop/cartographer_ws/build/my_cartographer
[0.384s] -- Install configuration: ""
[0.385s] -- Execute custom install script
[0.386s] -- Up-to-date symlink: /home/ubuntu/Desktop/cartographer_ws/install/my_cartographer/share/ament_index/resource_index/package_run_dependencies/my_cartographer
[0.386s] -- Up-to-date symlink: /home/ubuntu/Desktop/cartographer_ws/install/my_cartographer/share/ament_index/resource_index/parent_prefix_path/my_cartographer
[0.387s] -- Up-to-date symlink: /home/ubuntu/Desktop/cartographer_ws/install/my_cartographer/share/my_cartographer/environment/ament_prefix_path.sh
[0.388s] -- Up-to-date symlink: /home/ubuntu/Desktop/cartographer_ws/install/my_cartographer/share/my_cartographer/environment/ament_prefix_path.dsv
[0.390s] -- Up-to-date symlink: /home/ubuntu/Desktop/cartographer_ws/install/my_cartographer/share/my_cartographer/environment/path.sh
[0.391s] -- Up-to-date symlink: /home/ubuntu/Desktop/cartographer_ws/install/my_cartographer/share/my_cartographer/environment/path.dsv
[0.392s] -- Up-to-date symlink: /home/ubuntu/Desktop/cartographer_ws/install/my_cartographer/share/my_cartographer/local_setup.bash
[0.393s] -- Up-to-date symlink: /home/ubuntu/Desktop/cartographer_ws/install/my_cartographer/share/my_cartographer/local_setup.sh
[0.394s] -- Up-to-date symlink: /home/ubuntu/Desktop/cartographer_ws/install/my_cartographer/share/my_cartographer/local_setup.zsh
[0.395s] -- Up-to-date symlink: /home/ubuntu/Desktop/cartographer_ws/install/my_cartographer/share/my_cartographer/local_setup.dsv
[0.396s] -- Symlinking: /home/ubuntu/Desktop/cartographer_ws/install/my_cartographer/share/my_cartographer/package.dsv
[0.441s] -- Up-to-date symlink: /home/ubuntu/Desktop/cartographer_ws/install/my_cartographer/share/ament_index/resource_index/packages/my_cartographer
[0.447s] -- Up-to-date symlink: /home/ubuntu/Desktop/cartographer_ws/install/my_cartographer/share/my_cartographer/cmake/my_cartographerConfig.cmake
[0.448s] -- Up-to-date symlink: /home/ubuntu/Desktop/cartographer_ws/install/my_cartographer/share/my_cartographer/cmake/my_cartographerConfig-version.cmake
[0.448s] -- Up-to-date symlink: /home/ubuntu/Desktop/cartographer_ws/install/my_cartographer/share/my_cartographer/package.xml
[0.448s] -- Up-to-date symlink: /home/ubuntu/Desktop/cartographer_ws/install/my_cartographer/share/my_cartographer/config/my_cartogrpaher_2d.lua
[0.449s] -- Up-to-date symlink: /home/ubuntu/Desktop/cartographer_ws/install/my_cartographer/share/my_cartographer/launch/run_launch.py
[0.449s] -- Up-to-date symlink: /home/ubuntu/Desktop/cartographer_ws/install/my_cartographer/share/my_cartographer/urdf/backpack_2d.urdf
[0.459s] Invoked command in '/home/ubuntu/Desktop/cartographer_ws/build/my_cartographer' returned '0': CMAKE_PREFIX_PATH=${CMAKE_PREFIX_PATH}:/opt/ros/foxy /usr/bin/cmake --install /home/ubuntu/Desktop/cartographer_ws/build/my_cartographer
