[0.537s] DEBUG:colcon:Command line arguments: ['/usr/bin/colcon', 'build']
[0.537s] DEBUG:colcon:Parsed command line arguments: Namespace(allow_overriding=[], ament_cmake_args=None, base_paths=['.'], build_base='build', catkin_cmake_args=None, catkin_skip_building_tests=False, cmake_args=None, cmake_clean_cache=False, cmake_clean_first=False, cmake_force_configure=False, cmake_target=None, cmake_target_skip_unavailable=False, continue_on_error=False, event_handlers=None, executor='parallel', ignore_user_meta=False, install_base='install', log_base=None, log_level=None, main=<bound method BuildVerb.main of <colcon_core.verb.build.BuildVerb object at 0xffff9f6e4df0>>, merge_install=False, metas=['./colcon.meta'], packages_above=None, packages_above_and_dependencies=None, packages_above_depth=None, packages_end=None, packages_ignore=None, packages_ignore_regex=None, packages_select=None, packages_select_build_failed=False, packages_select_by_dep=None, packages_select_regex=None, packages_select_test_failures=False, packages_skip=None, packages_skip_build_finished=False, packages_skip_by_dep=None, packages_skip_regex=None, packages_skip_test_passed=False, packages_skip_up_to=None, packages_start=None, packages_up_to=None, packages_up_to_regex=None, parallel_workers=6, paths=None, symlink_install=False, test_result_base=None, verb_extension=<colcon_core.verb.build.BuildVerb object at 0xffff9f6e4df0>, verb_name='build', verb_parser=<colcon_defaults.argument_parser.defaults.DefaultArgumentsDecorator object at 0xffff9f5a0850>)
[0.874s] Level 1:colcon.colcon_core.package_discovery:discover_packages(colcon_meta) check parameters
[0.875s] Level 1:colcon.colcon_core.package_discovery:discover_packages(recursive) check parameters
[0.875s] Level 1:colcon.colcon_core.package_discovery:discover_packages(ignore) check parameters
[0.875s] Level 1:colcon.colcon_core.package_discovery:discover_packages(path) check parameters
[0.875s] Level 1:colcon.colcon_core.package_discovery:discover_packages(colcon_meta) discover
[0.876s] Level 1:colcon.colcon_core.package_discovery:discover_packages(recursive) discover
[0.876s] INFO:colcon.colcon_core.package_discovery:Crawling recursively for packages in '/home/jetson/Desktop/cartographer_ws'
[0.876s] Level 1:colcon.colcon_core.package_identification:_identify(.) by extensions ['ignore', 'ignore_ament_install']
[0.876s] Level 1:colcon.colcon_core.package_identification:_identify(.) by extension 'ignore'
[0.876s] Level 1:colcon.colcon_core.package_identification:_identify(.) by extension 'ignore_ament_install'
[0.877s] Level 1:colcon.colcon_core.package_identification:_identify(.) by extensions ['colcon_pkg']
[0.877s] Level 1:colcon.colcon_core.package_identification:_identify(.) by extension 'colcon_pkg'
[0.877s] Level 1:colcon.colcon_core.package_identification:_identify(.) by extensions ['colcon_meta']
[0.877s] Level 1:colcon.colcon_core.package_identification:_identify(.) by extension 'colcon_meta'
[0.877s] Level 1:colcon.colcon_core.package_identification:_identify(.) by extensions ['ros']
[0.877s] Level 1:colcon.colcon_core.package_identification:_identify(.) by extension 'ros'
[0.900s] Level 1:colcon.colcon_core.package_identification:_identify(.) by extensions ['cmake', 'python']
[0.900s] Level 1:colcon.colcon_core.package_identification:_identify(.) by extension 'cmake'
[0.900s] Level 1:colcon.colcon_core.package_identification:_identify(.) by extension 'python'
[0.901s] Level 1:colcon.colcon_core.package_identification:_identify(.) by extensions ['python_setup_py']
[0.901s] Level 1:colcon.colcon_core.package_identification:_identify(.) by extension 'python_setup_py'
[0.901s] Level 1:colcon.colcon_core.package_identification:_identify(build) by extensions ['ignore', 'ignore_ament_install']
[0.901s] Level 1:colcon.colcon_core.package_identification:_identify(build) by extension 'ignore'
[0.901s] Level 1:colcon.colcon_core.package_identification:_identify(build) ignored
[0.902s] Level 1:colcon.colcon_core.package_identification:_identify(install) by extensions ['ignore', 'ignore_ament_install']
[0.902s] Level 1:colcon.colcon_core.package_identification:_identify(install) by extension 'ignore'
[0.902s] Level 1:colcon.colcon_core.package_identification:_identify(install) ignored
[0.902s] Level 1:colcon.colcon_core.package_identification:_identify(log) by extensions ['ignore', 'ignore_ament_install']
[0.902s] Level 1:colcon.colcon_core.package_identification:_identify(log) by extension 'ignore'
[0.903s] Level 1:colcon.colcon_core.package_identification:_identify(log) ignored
[0.903s] Level 1:colcon.colcon_core.package_identification:_identify(lslidar_driver) by extensions ['ignore', 'ignore_ament_install']
[0.903s] Level 1:colcon.colcon_core.package_identification:_identify(lslidar_driver) by extension 'ignore'
[0.903s] Level 1:colcon.colcon_core.package_identification:_identify(lslidar_driver) by extension 'ignore_ament_install'
[0.903s] Level 1:colcon.colcon_core.package_identification:_identify(lslidar_driver) by extensions ['colcon_pkg']
[0.903s] Level 1:colcon.colcon_core.package_identification:_identify(lslidar_driver) by extension 'colcon_pkg'
[0.903s] Level 1:colcon.colcon_core.package_identification:_identify(lslidar_driver) by extensions ['colcon_meta']
[0.904s] Level 1:colcon.colcon_core.package_identification:_identify(lslidar_driver) by extension 'colcon_meta'
[0.904s] Level 1:colcon.colcon_core.package_identification:_identify(lslidar_driver) by extensions ['ros']
[0.904s] Level 1:colcon.colcon_core.package_identification:_identify(lslidar_driver) by extension 'ros'
[0.914s] DEBUG:colcon.colcon_core.package_identification:Package 'lslidar_driver' with type 'ros.ament_cmake' and name 'lslidar_driver'
[0.914s] Level 1:colcon.colcon_core.package_identification:_identify(lslidar_msgs) by extensions ['ignore', 'ignore_ament_install']
[0.914s] Level 1:colcon.colcon_core.package_identification:_identify(lslidar_msgs) by extension 'ignore'
[0.915s] Level 1:colcon.colcon_core.package_identification:_identify(lslidar_msgs) by extension 'ignore_ament_install'
[0.915s] Level 1:colcon.colcon_core.package_identification:_identify(lslidar_msgs) by extensions ['colcon_pkg']
[0.915s] Level 1:colcon.colcon_core.package_identification:_identify(lslidar_msgs) by extension 'colcon_pkg'
[0.915s] Level 1:colcon.colcon_core.package_identification:_identify(lslidar_msgs) by extensions ['colcon_meta']
[0.915s] Level 1:colcon.colcon_core.package_identification:_identify(lslidar_msgs) by extension 'colcon_meta'
[0.915s] Level 1:colcon.colcon_core.package_identification:_identify(lslidar_msgs) by extensions ['ros']
[0.915s] Level 1:colcon.colcon_core.package_identification:_identify(lslidar_msgs) by extension 'ros'
[0.917s] DEBUG:colcon.colcon_core.package_identification:Package 'lslidar_msgs' with type 'ros.ament_cmake' and name 'lslidar_msgs'
[0.917s] Level 1:colcon.colcon_core.package_identification:_identify(src) by extensions ['ignore', 'ignore_ament_install']
[0.918s] Level 1:colcon.colcon_core.package_identification:_identify(src) by extension 'ignore'
[0.918s] Level 1:colcon.colcon_core.package_identification:_identify(src) by extension 'ignore_ament_install'
[0.918s] Level 1:colcon.colcon_core.package_identification:_identify(src) by extensions ['colcon_pkg']
[0.918s] Level 1:colcon.colcon_core.package_identification:_identify(src) by extension 'colcon_pkg'
[0.918s] Level 1:colcon.colcon_core.package_identification:_identify(src) by extensions ['colcon_meta']
[0.918s] Level 1:colcon.colcon_core.package_identification:_identify(src) by extension 'colcon_meta'
[0.918s] Level 1:colcon.colcon_core.package_identification:_identify(src) by extensions ['ros']
[0.918s] Level 1:colcon.colcon_core.package_identification:_identify(src) by extension 'ros'
[0.919s] Level 1:colcon.colcon_core.package_identification:_identify(src) by extensions ['cmake', 'python']
[0.919s] Level 1:colcon.colcon_core.package_identification:_identify(src) by extension 'cmake'
[0.919s] Level 1:colcon.colcon_core.package_identification:_identify(src) by extension 'python'
[0.919s] Level 1:colcon.colcon_core.package_identification:_identify(src) by extensions ['python_setup_py']
[0.919s] Level 1:colcon.colcon_core.package_identification:_identify(src) by extension 'python_setup_py'
[0.919s] Level 1:colcon.colcon_core.package_discovery:discover_packages(recursive) using defaults
[0.919s] Level 1:colcon.colcon_core.package_discovery:discover_packages(ignore) discover
[0.919s] Level 1:colcon.colcon_core.package_discovery:discover_packages(ignore) using defaults
[0.919s] Level 1:colcon.colcon_core.package_discovery:discover_packages(path) discover
[0.919s] Level 1:colcon.colcon_core.package_discovery:discover_packages(path) using defaults
[0.961s] Level 1:colcon.colcon_core.package_discovery:discover_packages(prefix_path) check parameters
[0.961s] Level 1:colcon.colcon_core.package_discovery:discover_packages(prefix_path) discover
[0.966s] DEBUG:colcon.colcon_installed_package_information.package_discovery:Found 1 installed packages in /home/jetson/Desktop/cartographer_ws/install
[0.969s] DEBUG:colcon.colcon_installed_package_information.package_discovery:Found 259 installed packages in /opt/ros/foxy
[0.972s] Level 1:colcon.colcon_core.package_discovery:discover_packages(prefix_path) using defaults
[1.134s] Level 5:colcon.colcon_core.verb:set package 'lslidar_msgs' build argument 'cmake_args' from command line to 'None'
[1.134s] Level 5:colcon.colcon_core.verb:set package 'lslidar_msgs' build argument 'cmake_target' from command line to 'None'
[1.134s] Level 5:colcon.colcon_core.verb:set package 'lslidar_msgs' build argument 'cmake_target_skip_unavailable' from command line to 'False'
[1.134s] Level 5:colcon.colcon_core.verb:set package 'lslidar_msgs' build argument 'cmake_clean_cache' from command line to 'False'
[1.134s] Level 5:colcon.colcon_core.verb:set package 'lslidar_msgs' build argument 'cmake_clean_first' from command line to 'False'
[1.134s] Level 5:colcon.colcon_core.verb:set package 'lslidar_msgs' build argument 'cmake_force_configure' from command line to 'False'
[1.134s] Level 5:colcon.colcon_core.verb:set package 'lslidar_msgs' build argument 'ament_cmake_args' from command line to 'None'
[1.134s] Level 5:colcon.colcon_core.verb:set package 'lslidar_msgs' build argument 'catkin_cmake_args' from command line to 'None'
[1.134s] Level 5:colcon.colcon_core.verb:set package 'lslidar_msgs' build argument 'catkin_skip_building_tests' from command line to 'False'
[1.134s] DEBUG:colcon.colcon_core.verb:Building package 'lslidar_msgs' with the following arguments: {'ament_cmake_args': None, 'build_base': '/home/jetson/Desktop/cartographer_ws/build/lslidar_msgs', 'catkin_cmake_args': None, 'catkin_skip_building_tests': False, 'cmake_args': None, 'cmake_clean_cache': False, 'cmake_clean_first': False, 'cmake_force_configure': False, 'cmake_target': None, 'cmake_target_skip_unavailable': False, 'install_base': '/home/jetson/Desktop/cartographer_ws/install/lslidar_msgs', 'merge_install': False, 'path': '/home/jetson/Desktop/cartographer_ws/lslidar_msgs', 'symlink_install': False, 'test_result_base': None}
[1.135s] Level 5:colcon.colcon_core.verb:set package 'lslidar_driver' build argument 'cmake_args' from command line to 'None'
[1.135s] Level 5:colcon.colcon_core.verb:set package 'lslidar_driver' build argument 'cmake_target' from command line to 'None'
[1.135s] Level 5:colcon.colcon_core.verb:set package 'lslidar_driver' build argument 'cmake_target_skip_unavailable' from command line to 'False'
[1.135s] Level 5:colcon.colcon_core.verb:set package 'lslidar_driver' build argument 'cmake_clean_cache' from command line to 'False'
[1.136s] Level 5:colcon.colcon_core.verb:set package 'lslidar_driver' build argument 'cmake_clean_first' from command line to 'False'
[1.136s] Level 5:colcon.colcon_core.verb:set package 'lslidar_driver' build argument 'cmake_force_configure' from command line to 'False'
[1.136s] Level 5:colcon.colcon_core.verb:set package 'lslidar_driver' build argument 'ament_cmake_args' from command line to 'None'
[1.136s] Level 5:colcon.colcon_core.verb:set package 'lslidar_driver' build argument 'catkin_cmake_args' from command line to 'None'
[1.136s] Level 5:colcon.colcon_core.verb:set package 'lslidar_driver' build argument 'catkin_skip_building_tests' from command line to 'False'
[1.136s] DEBUG:colcon.colcon_core.verb:Building package 'lslidar_driver' with the following arguments: {'ament_cmake_args': None, 'build_base': '/home/jetson/Desktop/cartographer_ws/build/lslidar_driver', 'catkin_cmake_args': None, 'catkin_skip_building_tests': False, 'cmake_args': None, 'cmake_clean_cache': False, 'cmake_clean_first': False, 'cmake_force_configure': False, 'cmake_target': None, 'cmake_target_skip_unavailable': False, 'install_base': '/home/jetson/Desktop/cartographer_ws/install/lslidar_driver', 'merge_install': False, 'path': '/home/jetson/Desktop/cartographer_ws/lslidar_driver', 'symlink_install': False, 'test_result_base': None}
[1.136s] INFO:colcon.colcon_core.executor:Executing jobs using 'parallel' executor
[1.139s] DEBUG:colcon.colcon_parallel_executor.executor.parallel:run_until_complete
[1.140s] INFO:colcon.colcon_ros.task.ament_cmake.build:Building ROS package in '/home/jetson/Desktop/cartographer_ws/lslidar_msgs' with build type 'ament_cmake'
[1.140s] INFO:colcon.colcon_cmake.task.cmake.build:Building CMake package in '/home/jetson/Desktop/cartographer_ws/lslidar_msgs'
[1.147s] INFO:colcon.colcon_core.plugin_system:Skipping extension 'colcon_core.shell.bat': Not used on non-Windows systems
[1.148s] INFO:colcon.colcon_core.shell:Skip shell extension 'powershell' for command environment: Not usable outside of PowerShell
[1.148s] DEBUG:colcon.colcon_core.shell:Skip shell extension 'dsv' for command environment
[1.177s] DEBUG:colcon.colcon_core.event_handler.log_command:Invoking command in '/home/jetson/Desktop/cartographer_ws/build/lslidar_msgs': CMAKE_PREFIX_PATH=${CMAKE_PREFIX_PATH}:/opt/ros/foxy /usr/bin/cmake --build /home/jetson/Desktop/cartographer_ws/build/lslidar_msgs -- -j6 -l6
[1.855s] DEBUG:colcon.colcon_core.event_handler.log_command:Invoked command in '/home/jetson/Desktop/cartographer_ws/build/lslidar_msgs' returned '0': CMAKE_PREFIX_PATH=${CMAKE_PREFIX_PATH}:/opt/ros/foxy /usr/bin/cmake --build /home/jetson/Desktop/cartographer_ws/build/lslidar_msgs -- -j6 -l6
[2.101s] DEBUG:colcon.colcon_core.event_handler.log_command:Invoking command in '/home/jetson/Desktop/cartographer_ws/build/lslidar_msgs': CMAKE_PREFIX_PATH=${CMAKE_PREFIX_PATH}:/opt/ros/foxy /usr/bin/cmake --install /home/jetson/Desktop/cartographer_ws/build/lslidar_msgs
[2.222s] Level 1:colcon.colcon_core.environment:create_environment_scripts_only(lslidar_msgs)
[2.223s] DEBUG:colcon.colcon_core.event_handler.log_command:Invoked command in '/home/jetson/Desktop/cartographer_ws/build/lslidar_msgs' returned '0': CMAKE_PREFIX_PATH=${CMAKE_PREFIX_PATH}:/opt/ros/foxy /usr/bin/cmake --install /home/jetson/Desktop/cartographer_ws/build/lslidar_msgs
[2.234s] Level 1:colcon.colcon_core.environment:checking '/home/jetson/Desktop/cartographer_ws/install/lslidar_msgs' for CMake module files
[2.235s] Level 1:colcon.colcon_core.environment:checking '/home/jetson/Desktop/cartographer_ws/install/lslidar_msgs' for CMake config files
[2.244s] Level 1:colcon.colcon_core.shell:create_environment_hook('lslidar_msgs', 'cmake_prefix_path')
[2.244s] INFO:colcon.colcon_core.shell:Creating environment hook '/home/jetson/Desktop/cartographer_ws/install/lslidar_msgs/share/lslidar_msgs/hook/cmake_prefix_path.ps1'
[2.247s] INFO:colcon.colcon_core.shell:Creating environment descriptor '/home/jetson/Desktop/cartographer_ws/install/lslidar_msgs/share/lslidar_msgs/hook/cmake_prefix_path.dsv'
[2.248s] INFO:colcon.colcon_core.shell:Creating environment hook '/home/jetson/Desktop/cartographer_ws/install/lslidar_msgs/share/lslidar_msgs/hook/cmake_prefix_path.sh'
[2.252s] Level 1:colcon.colcon_core.environment:checking '/home/jetson/Desktop/cartographer_ws/install/lslidar_msgs/lib'
[2.253s] Level 1:colcon.colcon_core.shell:create_environment_hook('lslidar_msgs', 'ld_library_path_lib')
[2.253s] INFO:colcon.colcon_core.shell:Creating environment hook '/home/jetson/Desktop/cartographer_ws/install/lslidar_msgs/share/lslidar_msgs/hook/ld_library_path_lib.ps1'
[2.254s] INFO:colcon.colcon_core.shell:Creating environment descriptor '/home/jetson/Desktop/cartographer_ws/install/lslidar_msgs/share/lslidar_msgs/hook/ld_library_path_lib.dsv'
[2.255s] INFO:colcon.colcon_core.shell:Creating environment hook '/home/jetson/Desktop/cartographer_ws/install/lslidar_msgs/share/lslidar_msgs/hook/ld_library_path_lib.sh'
[2.256s] Level 1:colcon.colcon_core.environment:checking '/home/jetson/Desktop/cartographer_ws/install/lslidar_msgs/bin'
[2.256s] Level 1:colcon.colcon_core.environment:checking '/home/jetson/Desktop/cartographer_ws/install/lslidar_msgs/lib/pkgconfig/lslidar_msgs.pc'
[2.257s] Level 1:colcon.colcon_core.environment:checking '/home/jetson/Desktop/cartographer_ws/install/lslidar_msgs/lib/python3.8/site-packages'
[2.257s] Level 1:colcon.colcon_core.shell:create_environment_hook('lslidar_msgs', 'pythonpath')
[2.258s] INFO:colcon.colcon_core.shell:Creating environment hook '/home/jetson/Desktop/cartographer_ws/install/lslidar_msgs/share/lslidar_msgs/hook/pythonpath.ps1'
[2.258s] INFO:colcon.colcon_core.shell:Creating environment descriptor '/home/jetson/Desktop/cartographer_ws/install/lslidar_msgs/share/lslidar_msgs/hook/pythonpath.dsv'
[2.259s] INFO:colcon.colcon_core.shell:Creating environment hook '/home/jetson/Desktop/cartographer_ws/install/lslidar_msgs/share/lslidar_msgs/hook/pythonpath.sh'
[2.260s] Level 1:colcon.colcon_core.environment:checking '/home/jetson/Desktop/cartographer_ws/install/lslidar_msgs/bin'
[2.261s] INFO:colcon.colcon_core.shell:Creating package script '/home/jetson/Desktop/cartographer_ws/install/lslidar_msgs/share/lslidar_msgs/package.ps1'
[2.263s] INFO:colcon.colcon_core.shell:Creating package descriptor '/home/jetson/Desktop/cartographer_ws/install/lslidar_msgs/share/lslidar_msgs/package.dsv'
[2.265s] INFO:colcon.colcon_core.shell:Creating package script '/home/jetson/Desktop/cartographer_ws/install/lslidar_msgs/share/lslidar_msgs/package.sh'
[2.267s] INFO:colcon.colcon_core.shell:Creating package script '/home/jetson/Desktop/cartographer_ws/install/lslidar_msgs/share/lslidar_msgs/package.bash'
[2.269s] INFO:colcon.colcon_core.shell:Creating package script '/home/jetson/Desktop/cartographer_ws/install/lslidar_msgs/share/lslidar_msgs/package.zsh'
[2.271s] Level 1:colcon.colcon_core.environment:create_file_with_runtime_dependencies(/home/jetson/Desktop/cartographer_ws/install/lslidar_msgs/share/colcon-core/packages/lslidar_msgs)
[2.494s] Level 1:colcon.colcon_core.environment:create_environment_scripts_only(lslidar_msgs)
[2.495s] Level 1:colcon.colcon_core.environment:checking '/home/jetson/Desktop/cartographer_ws/install/lslidar_msgs' for CMake module files
[2.497s] Level 1:colcon.colcon_core.environment:checking '/home/jetson/Desktop/cartographer_ws/install/lslidar_msgs' for CMake config files
[2.499s] Level 1:colcon.colcon_core.shell:create_environment_hook('lslidar_msgs', 'cmake_prefix_path')
[2.500s] INFO:colcon.colcon_core.shell:Creating environment hook '/home/jetson/Desktop/cartographer_ws/install/lslidar_msgs/share/lslidar_msgs/hook/cmake_prefix_path.ps1'
[2.501s] INFO:colcon.colcon_core.shell:Creating environment descriptor '/home/jetson/Desktop/cartographer_ws/install/lslidar_msgs/share/lslidar_msgs/hook/cmake_prefix_path.dsv'
[2.503s] INFO:colcon.colcon_core.shell:Creating environment hook '/home/jetson/Desktop/cartographer_ws/install/lslidar_msgs/share/lslidar_msgs/hook/cmake_prefix_path.sh'
[2.505s] Level 1:colcon.colcon_core.environment:checking '/home/jetson/Desktop/cartographer_ws/install/lslidar_msgs/lib'
[2.505s] Level 1:colcon.colcon_core.shell:create_environment_hook('lslidar_msgs', 'ld_library_path_lib')
[2.506s] INFO:colcon.colcon_core.shell:Creating environment hook '/home/jetson/Desktop/cartographer_ws/install/lslidar_msgs/share/lslidar_msgs/hook/ld_library_path_lib.ps1'
[2.507s] INFO:colcon.colcon_core.shell:Creating environment descriptor '/home/jetson/Desktop/cartographer_ws/install/lslidar_msgs/share/lslidar_msgs/hook/ld_library_path_lib.dsv'
[2.508s] INFO:colcon.colcon_core.shell:Creating environment hook '/home/jetson/Desktop/cartographer_ws/install/lslidar_msgs/share/lslidar_msgs/hook/ld_library_path_lib.sh'
[2.509s] Level 1:colcon.colcon_core.environment:checking '/home/jetson/Desktop/cartographer_ws/install/lslidar_msgs/bin'
[2.509s] Level 1:colcon.colcon_core.environment:checking '/home/jetson/Desktop/cartographer_ws/install/lslidar_msgs/lib/pkgconfig/lslidar_msgs.pc'
[2.510s] Level 1:colcon.colcon_core.environment:checking '/home/jetson/Desktop/cartographer_ws/install/lslidar_msgs/lib/python3.8/site-packages'
[2.510s] Level 1:colcon.colcon_core.shell:create_environment_hook('lslidar_msgs', 'pythonpath')
[2.510s] INFO:colcon.colcon_core.shell:Creating environment hook '/home/jetson/Desktop/cartographer_ws/install/lslidar_msgs/share/lslidar_msgs/hook/pythonpath.ps1'
[2.512s] INFO:colcon.colcon_core.shell:Creating environment descriptor '/home/jetson/Desktop/cartographer_ws/install/lslidar_msgs/share/lslidar_msgs/hook/pythonpath.dsv'
[2.513s] INFO:colcon.colcon_core.shell:Creating environment hook '/home/jetson/Desktop/cartographer_ws/install/lslidar_msgs/share/lslidar_msgs/hook/pythonpath.sh'
[2.514s] Level 1:colcon.colcon_core.environment:checking '/home/jetson/Desktop/cartographer_ws/install/lslidar_msgs/bin'
[2.515s] INFO:colcon.colcon_core.shell:Creating package script '/home/jetson/Desktop/cartographer_ws/install/lslidar_msgs/share/lslidar_msgs/package.ps1'
[2.516s] INFO:colcon.colcon_core.shell:Creating package descriptor '/home/jetson/Desktop/cartographer_ws/install/lslidar_msgs/share/lslidar_msgs/package.dsv'
[2.517s] INFO:colcon.colcon_core.shell:Creating package script '/home/jetson/Desktop/cartographer_ws/install/lslidar_msgs/share/lslidar_msgs/package.sh'
[2.519s] INFO:colcon.colcon_core.shell:Creating package script '/home/jetson/Desktop/cartographer_ws/install/lslidar_msgs/share/lslidar_msgs/package.bash'
[2.520s] INFO:colcon.colcon_core.shell:Creating package script '/home/jetson/Desktop/cartographer_ws/install/lslidar_msgs/share/lslidar_msgs/package.zsh'
[2.521s] Level 1:colcon.colcon_core.environment:create_file_with_runtime_dependencies(/home/jetson/Desktop/cartographer_ws/install/lslidar_msgs/share/colcon-core/packages/lslidar_msgs)
[2.522s] INFO:colcon.colcon_ros.task.ament_cmake.build:Building ROS package in '/home/jetson/Desktop/cartographer_ws/lslidar_driver' with build type 'ament_cmake'
[2.522s] INFO:colcon.colcon_cmake.task.cmake.build:Building CMake package in '/home/jetson/Desktop/cartographer_ws/lslidar_driver'
[2.523s] INFO:colcon.colcon_core.shell:Skip shell extension 'powershell' for command environment: Not usable outside of PowerShell
[2.523s] DEBUG:colcon.colcon_core.shell:Skip shell extension 'dsv' for command environment
[2.555s] DEBUG:colcon.colcon_core.event_handler.log_command:Invoking command in '/home/jetson/Desktop/cartographer_ws/build/lslidar_driver': CMAKE_PREFIX_PATH=${CMAKE_PREFIX_PATH}:/opt/ros/foxy LD_LIBRARY_PATH=/home/jetson/Desktop/cartographer_ws/install/lslidar_msgs/lib:/usr/local/cuda/lib64:/opt/ros/foxy/opt/yaml_cpp_vendor/lib:/opt/ros/foxy/opt/rviz_ogre_vendor/lib:/opt/ros/foxy/lib/aarch64-linux-gnu:/opt/ros/foxy/lib:/usr/local/cuda/lib64 /usr/bin/cmake --build /home/jetson/Desktop/cartographer_ws/build/lslidar_driver -- -j6 -l6
[35.374s] DEBUG:colcon.colcon_core.event_handler.log_command:Invoked command in '/home/jetson/Desktop/cartographer_ws/build/lslidar_driver' returned '0': CMAKE_PREFIX_PATH=${CMAKE_PREFIX_PATH}:/opt/ros/foxy LD_LIBRARY_PATH=/home/jetson/Desktop/cartographer_ws/install/lslidar_msgs/lib:/usr/local/cuda/lib64:/opt/ros/foxy/opt/yaml_cpp_vendor/lib:/opt/ros/foxy/opt/rviz_ogre_vendor/lib:/opt/ros/foxy/lib/aarch64-linux-gnu:/opt/ros/foxy/lib:/usr/local/cuda/lib64 /usr/bin/cmake --build /home/jetson/Desktop/cartographer_ws/build/lslidar_driver -- -j6 -l6
[35.447s] DEBUG:colcon.colcon_core.event_handler.log_command:Invoking command in '/home/jetson/Desktop/cartographer_ws/build/lslidar_driver': CMAKE_PREFIX_PATH=${CMAKE_PREFIX_PATH}:/opt/ros/foxy LD_LIBRARY_PATH=/home/jetson/Desktop/cartographer_ws/install/lslidar_msgs/lib:/usr/local/cuda/lib64:/opt/ros/foxy/opt/yaml_cpp_vendor/lib:/opt/ros/foxy/opt/rviz_ogre_vendor/lib:/opt/ros/foxy/lib/aarch64-linux-gnu:/opt/ros/foxy/lib:/usr/local/cuda/lib64 /usr/bin/cmake --install /home/jetson/Desktop/cartographer_ws/build/lslidar_driver
[35.494s] Level 1:colcon.colcon_core.environment:create_environment_scripts_only(lslidar_driver)
[35.497s] Level 1:colcon.colcon_core.environment:checking '/home/jetson/Desktop/cartographer_ws/install/lslidar_driver' for CMake module files
[35.499s] DEBUG:colcon.colcon_core.event_handler.log_command:Invoked command in '/home/jetson/Desktop/cartographer_ws/build/lslidar_driver' returned '0': CMAKE_PREFIX_PATH=${CMAKE_PREFIX_PATH}:/opt/ros/foxy LD_LIBRARY_PATH=/home/jetson/Desktop/cartographer_ws/install/lslidar_msgs/lib:/usr/local/cuda/lib64:/opt/ros/foxy/opt/yaml_cpp_vendor/lib:/opt/ros/foxy/opt/rviz_ogre_vendor/lib:/opt/ros/foxy/lib/aarch64-linux-gnu:/opt/ros/foxy/lib:/usr/local/cuda/lib64 /usr/bin/cmake --install /home/jetson/Desktop/cartographer_ws/build/lslidar_driver
[35.500s] Level 1:colcon.colcon_core.environment:checking '/home/jetson/Desktop/cartographer_ws/install/lslidar_driver' for CMake config files
[35.501s] Level 1:colcon.colcon_core.shell:create_environment_hook('lslidar_driver', 'cmake_prefix_path')
[35.502s] INFO:colcon.colcon_core.shell:Creating environment hook '/home/jetson/Desktop/cartographer_ws/install/lslidar_driver/share/lslidar_driver/hook/cmake_prefix_path.ps1'
[35.508s] INFO:colcon.colcon_core.shell:Creating environment descriptor '/home/jetson/Desktop/cartographer_ws/install/lslidar_driver/share/lslidar_driver/hook/cmake_prefix_path.dsv'
[35.510s] INFO:colcon.colcon_core.shell:Creating environment hook '/home/jetson/Desktop/cartographer_ws/install/lslidar_driver/share/lslidar_driver/hook/cmake_prefix_path.sh'
[35.512s] Level 1:colcon.colcon_core.environment:checking '/home/jetson/Desktop/cartographer_ws/install/lslidar_driver/lib'
[35.513s] Level 1:colcon.colcon_core.environment:checking '/home/jetson/Desktop/cartographer_ws/install/lslidar_driver/bin'
[35.513s] Level 1:colcon.colcon_core.environment:checking '/home/jetson/Desktop/cartographer_ws/install/lslidar_driver/lib/pkgconfig/lslidar_driver.pc'
[35.514s] Level 1:colcon.colcon_core.environment:checking '/home/jetson/Desktop/cartographer_ws/install/lslidar_driver/lib/python3.8/site-packages'
[35.515s] Level 1:colcon.colcon_core.environment:checking '/home/jetson/Desktop/cartographer_ws/install/lslidar_driver/bin'
[35.515s] INFO:colcon.colcon_core.shell:Creating package script '/home/jetson/Desktop/cartographer_ws/install/lslidar_driver/share/lslidar_driver/package.ps1'
[35.517s] INFO:colcon.colcon_core.shell:Creating package descriptor '/home/jetson/Desktop/cartographer_ws/install/lslidar_driver/share/lslidar_driver/package.dsv'
[35.518s] INFO:colcon.colcon_core.shell:Creating package script '/home/jetson/Desktop/cartographer_ws/install/lslidar_driver/share/lslidar_driver/package.sh'
[35.519s] INFO:colcon.colcon_core.shell:Creating package script '/home/jetson/Desktop/cartographer_ws/install/lslidar_driver/share/lslidar_driver/package.bash'
[35.520s] INFO:colcon.colcon_core.shell:Creating package script '/home/jetson/Desktop/cartographer_ws/install/lslidar_driver/share/lslidar_driver/package.zsh'
[35.522s] Level 1:colcon.colcon_core.environment:create_file_with_runtime_dependencies(/home/jetson/Desktop/cartographer_ws/install/lslidar_driver/share/colcon-core/packages/lslidar_driver)
[35.584s] Level 1:colcon.colcon_core.environment:create_environment_scripts_only(lslidar_driver)
[35.585s] Level 1:colcon.colcon_core.environment:checking '/home/jetson/Desktop/cartographer_ws/install/lslidar_driver' for CMake module files
[35.586s] Level 1:colcon.colcon_core.environment:checking '/home/jetson/Desktop/cartographer_ws/install/lslidar_driver' for CMake config files
[35.587s] Level 1:colcon.colcon_core.shell:create_environment_hook('lslidar_driver', 'cmake_prefix_path')
[35.587s] INFO:colcon.colcon_core.shell:Creating environment hook '/home/jetson/Desktop/cartographer_ws/install/lslidar_driver/share/lslidar_driver/hook/cmake_prefix_path.ps1'
[35.589s] INFO:colcon.colcon_core.shell:Creating environment descriptor '/home/jetson/Desktop/cartographer_ws/install/lslidar_driver/share/lslidar_driver/hook/cmake_prefix_path.dsv'
[35.589s] INFO:colcon.colcon_core.shell:Creating environment hook '/home/jetson/Desktop/cartographer_ws/install/lslidar_driver/share/lslidar_driver/hook/cmake_prefix_path.sh'
[35.591s] Level 1:colcon.colcon_core.environment:checking '/home/jetson/Desktop/cartographer_ws/install/lslidar_driver/lib'
[35.591s] Level 1:colcon.colcon_core.environment:checking '/home/jetson/Desktop/cartographer_ws/install/lslidar_driver/bin'
[35.591s] Level 1:colcon.colcon_core.environment:checking '/home/jetson/Desktop/cartographer_ws/install/lslidar_driver/lib/pkgconfig/lslidar_driver.pc'
[35.592s] Level 1:colcon.colcon_core.environment:checking '/home/jetson/Desktop/cartographer_ws/install/lslidar_driver/lib/python3.8/site-packages'
[35.592s] Level 1:colcon.colcon_core.environment:checking '/home/jetson/Desktop/cartographer_ws/install/lslidar_driver/bin'
[35.593s] INFO:colcon.colcon_core.shell:Creating package script '/home/jetson/Desktop/cartographer_ws/install/lslidar_driver/share/lslidar_driver/package.ps1'
[35.594s] INFO:colcon.colcon_core.shell:Creating package descriptor '/home/jetson/Desktop/cartographer_ws/install/lslidar_driver/share/lslidar_driver/package.dsv'
[35.595s] INFO:colcon.colcon_core.shell:Creating package script '/home/jetson/Desktop/cartographer_ws/install/lslidar_driver/share/lslidar_driver/package.sh'
[35.596s] INFO:colcon.colcon_core.shell:Creating package script '/home/jetson/Desktop/cartographer_ws/install/lslidar_driver/share/lslidar_driver/package.bash'
[35.598s] INFO:colcon.colcon_core.shell:Creating package script '/home/jetson/Desktop/cartographer_ws/install/lslidar_driver/share/lslidar_driver/package.zsh'
[35.599s] Level 1:colcon.colcon_core.environment:create_file_with_runtime_dependencies(/home/jetson/Desktop/cartographer_ws/install/lslidar_driver/share/colcon-core/packages/lslidar_driver)
[35.600s] DEBUG:colcon.colcon_parallel_executor.executor.parallel:closing loop
[35.601s] DEBUG:colcon.colcon_parallel_executor.executor.parallel:loop closed
[35.601s] DEBUG:colcon.colcon_parallel_executor.executor.parallel:run_until_complete finished with '0'
[35.602s] DEBUG:colcon.colcon_core.event_reactor:joining thread
[35.634s] INFO:colcon.colcon_core.plugin_system:Skipping extension 'colcon_notification.desktop_notification.terminal_notifier': Not used on non-Darwin systems
[35.634s] INFO:colcon.colcon_core.plugin_system:Skipping extension 'colcon_notification.desktop_notification.win32': Not used on non-Windows systems
[35.634s] INFO:colcon.colcon_notification.desktop_notification:Sending desktop notification using 'notify2'
[35.743s] DEBUG:colcon.colcon_core.event_reactor:joined thread
[35.744s] INFO:colcon.colcon_core.shell:Creating prefix script '/home/jetson/Desktop/cartographer_ws/install/local_setup.ps1'
[35.749s] INFO:colcon.colcon_core.shell:Creating prefix util module '/home/jetson/Desktop/cartographer_ws/install/_local_setup_util_ps1.py'
[35.753s] INFO:colcon.colcon_core.shell:Creating prefix chain script '/home/jetson/Desktop/cartographer_ws/install/setup.ps1'
[35.757s] INFO:colcon.colcon_core.shell:Creating prefix script '/home/jetson/Desktop/cartographer_ws/install/local_setup.sh'
[35.759s] INFO:colcon.colcon_core.shell:Creating prefix util module '/home/jetson/Desktop/cartographer_ws/install/_local_setup_util_sh.py'
[35.761s] INFO:colcon.colcon_core.shell:Creating prefix chain script '/home/jetson/Desktop/cartographer_ws/install/setup.sh'
[35.765s] INFO:colcon.colcon_core.shell:Creating prefix script '/home/jetson/Desktop/cartographer_ws/install/local_setup.bash'
[35.766s] INFO:colcon.colcon_core.shell:Creating prefix chain script '/home/jetson/Desktop/cartographer_ws/install/setup.bash'
[35.769s] INFO:colcon.colcon_core.shell:Creating prefix script '/home/jetson/Desktop/cartographer_ws/install/local_setup.zsh'
[35.771s] INFO:colcon.colcon_core.shell:Creating prefix chain script '/home/jetson/Desktop/cartographer_ws/install/setup.zsh'
