[0.088s] Invoking command in '/home/ubuntu/Desktop/cartographer_ws/build/cartographer_ros': CMAKE_PREFIX_PATH=/home/ubuntu/Desktop/cartographer_ws/install/cartographer_ros_msgs:/home/ubuntu/Desktop/cartographer_ws/install/cartographer:/home/ubuntu/Desktop/cartographer_ws/install/tf_init:/home/ubuntu/Desktop/cartographer_ws/install/imu:/opt/ros/foxy:/home/ubuntu/Desktop/cartographer_ws/install/serial:/home/ubuntu/Desktop/cartographer_ws/install/my_cartographer:/home/ubuntu/Desktop/cartographer_ws/install/lslidar_driver:/home/ubuntu/Desktop/cartographer_ws/install/lslidar_msgs:/home/ubuntu/Desktop/cartographer_ws/install/cartographer_ros LD_LIBRARY_PATH=/home/ubuntu/Desktop/cartographer_ws/install/cartographer_ros_msgs/lib:/home/ubuntu/Desktop/cartographer_ws/install/serial/lib:/home/ubuntu/Desktop/cartographer_ws/install/lslidar_msgs/lib:/opt/ros/foxy/opt/yaml_cpp_vendor/lib:/opt/ros/foxy/opt/rviz_ogre_vendor/lib:/opt/ros/foxy/lib/x86_64-linux-gnu:/opt/ros/foxy/lib PATH=/home/ubuntu/Desktop/cartographer_ws/install/cartographer/bin:/home/ubuntu/.local/bin:/opt/ros/foxy/bin:/usr/local/sbin:/usr/local/bin:/usr/sbin:/usr/bin:/sbin:/bin:/usr/games:/usr/local/games:/snap/bin PYTHONPATH=/home/ubuntu/Desktop/cartographer_ws/install/cartographer_ros_msgs/lib/python3.8/site-packages:/home/ubuntu/Desktop/cartographer_ws/build/tf_init:/home/ubuntu/Desktop/cartographer_ws/install/tf_init/lib/python3.8/site-packages:/home/ubuntu/Desktop/cartographer_ws/install/lslidar_msgs/lib/python3.8/site-packages:/home/ubuntu/Desktop/cartographer_ws/install/imu/lib/python3.8/site-packages:/opt/ros/foxy/lib/python3.8/site-packages /usr/bin/cmake --build /home/ubuntu/Desktop/cartographer_ws/build/cartographer_ros -- -j2 -l2
[0.679s] [ 68%] Built target cartographer_ros
[0.866s] [ 68%] Built target cartographer_ros_detect_changes
[1.021s] [ 73%] [32m[1mLinking CXX executable pbstream_to_ros_map_node[0m
[2.726s] [ 78%] Built target pbstream_to_ros_map_node
[2.919s] [ 84%] [32m[1mLinking CXX executable occupancy_grid_node[0m
[3.941s] [ 89%] Built target occupancy_grid_node
[4.137s] [ 94%] [32m[1mLinking CXX executable cartographer_node[0m
[5.766s] [100%] Built target cartographer_node
[5.803s] Invoked command in '/home/ubuntu/Desktop/cartographer_ws/build/cartographer_ros' returned '0': CMAKE_PREFIX_PATH=/home/ubuntu/Desktop/cartographer_ws/install/cartographer_ros_msgs:/home/ubuntu/Desktop/cartographer_ws/install/cartographer:/home/ubuntu/Desktop/cartographer_ws/install/tf_init:/home/ubuntu/Desktop/cartographer_ws/install/imu:/opt/ros/foxy:/home/ubuntu/Desktop/cartographer_ws/install/serial:/home/ubuntu/Desktop/cartographer_ws/install/my_cartographer:/home/ubuntu/Desktop/cartographer_ws/install/lslidar_driver:/home/ubuntu/Desktop/cartographer_ws/install/lslidar_msgs:/home/ubuntu/Desktop/cartographer_ws/install/cartographer_ros LD_LIBRARY_PATH=/home/ubuntu/Desktop/cartographer_ws/install/cartographer_ros_msgs/lib:/home/ubuntu/Desktop/cartographer_ws/install/serial/lib:/home/ubuntu/Desktop/cartographer_ws/install/lslidar_msgs/lib:/opt/ros/foxy/opt/yaml_cpp_vendor/lib:/opt/ros/foxy/opt/rviz_ogre_vendor/lib:/opt/ros/foxy/lib/x86_64-linux-gnu:/opt/ros/foxy/lib PATH=/home/ubuntu/Desktop/cartographer_ws/install/cartographer/bin:/home/ubuntu/.local/bin:/opt/ros/foxy/bin:/usr/local/sbin:/usr/local/bin:/usr/sbin:/usr/bin:/sbin:/bin:/usr/games:/usr/local/games:/snap/bin PYTHONPATH=/home/ubuntu/Desktop/cartographer_ws/install/cartographer_ros_msgs/lib/python3.8/site-packages:/home/ubuntu/Desktop/cartographer_ws/build/tf_init:/home/ubuntu/Desktop/cartographer_ws/install/tf_init/lib/python3.8/site-packages:/home/ubuntu/Desktop/cartographer_ws/install/lslidar_msgs/lib/python3.8/site-packages:/home/ubuntu/Desktop/cartographer_ws/install/imu/lib/python3.8/site-packages:/opt/ros/foxy/lib/python3.8/site-packages /usr/bin/cmake --build /home/ubuntu/Desktop/cartographer_ws/build/cartographer_ros -- -j2 -l2
[6.216s] Invoking command in '/home/ubuntu/Desktop/cartographer_ws/build/cartographer_ros': CMAKE_PREFIX_PATH=/home/ubuntu/Desktop/cartographer_ws/install/cartographer_ros_msgs:/home/ubuntu/Desktop/cartographer_ws/install/cartographer:/home/ubuntu/Desktop/cartographer_ws/install/tf_init:/home/ubuntu/Desktop/cartographer_ws/install/imu:/opt/ros/foxy:/home/ubuntu/Desktop/cartographer_ws/install/serial:/home/ubuntu/Desktop/cartographer_ws/install/my_cartographer:/home/ubuntu/Desktop/cartographer_ws/install/lslidar_driver:/home/ubuntu/Desktop/cartographer_ws/install/lslidar_msgs:/home/ubuntu/Desktop/cartographer_ws/install/cartographer_ros LD_LIBRARY_PATH=/home/ubuntu/Desktop/cartographer_ws/install/cartographer_ros_msgs/lib:/home/ubuntu/Desktop/cartographer_ws/install/serial/lib:/home/ubuntu/Desktop/cartographer_ws/install/lslidar_msgs/lib:/opt/ros/foxy/opt/yaml_cpp_vendor/lib:/opt/ros/foxy/opt/rviz_ogre_vendor/lib:/opt/ros/foxy/lib/x86_64-linux-gnu:/opt/ros/foxy/lib PATH=/home/ubuntu/Desktop/cartographer_ws/install/cartographer/bin:/home/ubuntu/.local/bin:/opt/ros/foxy/bin:/usr/local/sbin:/usr/local/bin:/usr/sbin:/usr/bin:/sbin:/bin:/usr/games:/usr/local/games:/snap/bin PYTHONPATH=/home/ubuntu/Desktop/cartographer_ws/install/cartographer_ros_msgs/lib/python3.8/site-packages:/home/ubuntu/Desktop/cartographer_ws/build/tf_init:/home/ubuntu/Desktop/cartographer_ws/install/tf_init/lib/python3.8/site-packages:/home/ubuntu/Desktop/cartographer_ws/install/lslidar_msgs/lib/python3.8/site-packages:/home/ubuntu/Desktop/cartographer_ws/install/imu/lib/python3.8/site-packages:/opt/ros/foxy/lib/python3.8/site-packages /usr/bin/cmake --install /home/ubuntu/Desktop/cartographer_ws/build/cartographer_ros
[6.285s] -- Install configuration: "Release"
[6.286s] -- Up-to-date: /home/ubuntu/Desktop/cartographer_ws/install/cartographer_ros/share/cartographer_ros//configuration_files
[6.289s] -- Up-to-date: /home/ubuntu/Desktop/cartographer_ws/install/cartographer_ros/share/cartographer_ros//configuration_files/visualize_pbstream.lua
[6.290s] -- Up-to-date: /home/ubuntu/Desktop/cartographer_ws/install/cartographer_ros/share/cartographer_ros//configuration_files/transform.lua
[6.290s] -- Up-to-date: /home/ubuntu/Desktop/cartographer_ws/install/cartographer_ros/share/cartographer_ros//configuration_files/revo_lds.lua
[6.290s] -- Up-to-date: /home/ubuntu/Desktop/cartographer_ws/install/cartographer_ros/share/cartographer_ros//configuration_files/pr2.lua
[6.290s] -- Up-to-date: /home/ubuntu/Desktop/cartographer_ws/install/cartographer_ros/share/cartographer_ros//configuration_files/backpack_3d_localization.lua
[6.290s] -- Up-to-date: /home/ubuntu/Desktop/cartographer_ws/install/cartographer_ros/share/cartographer_ros//configuration_files/backpack_2d_server.lua
[6.290s] -- Up-to-date: /home/ubuntu/Desktop/cartographer_ws/install/cartographer_ros/share/cartographer_ros//configuration_files/demo_2d.rviz
[6.291s] -- Up-to-date: /home/ubuntu/Desktop/cartographer_ws/install/cartographer_ros/share/cartographer_ros//configuration_files/backpack_3d.lua
[6.291s] -- Up-to-date: /home/ubuntu/Desktop/cartographer_ws/install/cartographer_ros/share/cartographer_ros//configuration_files/assets_writer_backpack_2d_ci.lua
[6.291s] -- Up-to-date: /home/ubuntu/Desktop/cartographer_ws/install/cartographer_ros/share/cartographer_ros//configuration_files/assets_writer_ros_map.lua
[6.291s] -- Up-to-date: /home/ubuntu/Desktop/cartographer_ws/install/cartographer_ros/share/cartographer_ros//configuration_files/demo_3d.rviz
[6.291s] -- Up-to-date: /home/ubuntu/Desktop/cartographer_ws/install/cartographer_ros/share/cartographer_ros//configuration_files/backpack_2d.lua
[6.291s] -- Up-to-date: /home/ubuntu/Desktop/cartographer_ws/install/cartographer_ros/share/cartographer_ros//configuration_files/backpack_2d_localization_evaluation.lua
[6.291s] -- Up-to-date: /home/ubuntu/Desktop/cartographer_ws/install/cartographer_ros/share/cartographer_ros//configuration_files/assets_writer_backpack_3d.lua
[6.292s] -- Up-to-date: /home/ubuntu/Desktop/cartographer_ws/install/cartographer_ros/share/cartographer_ros//configuration_files/backpack_2d_localization.lua
[6.292s] -- Up-to-date: /home/ubuntu/Desktop/cartographer_ws/install/cartographer_ros/share/cartographer_ros//configuration_files/taurob_tracker.lua
[6.292s] -- Up-to-date: /home/ubuntu/Desktop/cartographer_ws/install/cartographer_ros/share/cartographer_ros//configuration_files/assets_writer_backpack_2d.lua
[6.292s] -- Up-to-date: /home/ubuntu/Desktop/cartographer_ws/install/cartographer_ros/lib/libcartographer_ros.a
[6.292s] -- Up-to-date: /home/ubuntu/Desktop/cartographer_ws/install/cartographer_ros/share/ament_index/resource_index/package_run_dependencies/cartographer_ros
[6.292s] -- Up-to-date: /home/ubuntu/Desktop/cartographer_ws/install/cartographer_ros/share/ament_index/resource_index/parent_prefix_path/cartographer_ros
[6.297s] -- Up-to-date: /home/ubuntu/Desktop/cartographer_ws/install/cartographer_ros/share/cartographer_ros/environment/ament_prefix_path.sh
[6.298s] -- Up-to-date: /home/ubuntu/Desktop/cartographer_ws/install/cartographer_ros/share/cartographer_ros/environment/ament_prefix_path.dsv
[6.298s] -- Up-to-date: /home/ubuntu/Desktop/cartographer_ws/install/cartographer_ros/share/cartographer_ros/environment/path.sh
[6.300s] -- Up-to-date: /home/ubuntu/Desktop/cartographer_ws/install/cartographer_ros/share/cartographer_ros/environment/path.dsv
[6.301s] -- Up-to-date: /home/ubuntu/Desktop/cartographer_ws/install/cartographer_ros/share/cartographer_ros/local_setup.bash
[6.306s] -- Up-to-date: /home/ubuntu/Desktop/cartographer_ws/install/cartographer_ros/share/cartographer_ros/local_setup.sh
[6.307s] -- Up-to-date: /home/ubuntu/Desktop/cartographer_ws/install/cartographer_ros/share/cartographer_ros/local_setup.zsh
[6.308s] -- Up-to-date: /home/ubuntu/Desktop/cartographer_ws/install/cartographer_ros/share/cartographer_ros/local_setup.dsv
[6.308s] -- Installing: /home/ubuntu/Desktop/cartographer_ws/install/cartographer_ros/share/cartographer_ros/package.dsv
[6.312s] -- Up-to-date: /home/ubuntu/Desktop/cartographer_ws/install/cartographer_ros/share/ament_index/resource_index/packages/cartographer_ros
[6.313s] -- Up-to-date: /home/ubuntu/Desktop/cartographer_ws/install/cartographer_ros/share/cartographer_ros/cmake/cartographer_rosConfig.cmake
[6.313s] -- Up-to-date: /home/ubuntu/Desktop/cartographer_ws/install/cartographer_ros/share/cartographer_ros/cmake/cartographer_rosConfig-version.cmake
[6.314s] -- Up-to-date: /home/ubuntu/Desktop/cartographer_ws/install/cartographer_ros/share/cartographer_ros/package.xml
[6.325s] -- Installing: /home/ubuntu/Desktop/cartographer_ws/install/cartographer_ros/lib/cartographer_ros/cartographer_node
[6.347s] -- Set runtime path of "/home/ubuntu/Desktop/cartographer_ws/install/cartographer_ros/lib/cartographer_ros/cartographer_node" to ""
[6.362s] -- Installing: /home/ubuntu/Desktop/cartographer_ws/install/cartographer_ros/lib/cartographer_ros/occupancy_grid_node
[6.365s] -- Set runtime path of "/home/ubuntu/Desktop/cartographer_ws/install/cartographer_ros/lib/cartographer_ros/occupancy_grid_node" to ""
[6.373s] -- Installing: /home/ubuntu/Desktop/cartographer_ws/install/cartographer_ros/lib/cartographer_ros/pbstream_to_ros_map_node
[6.376s] -- Set runtime path of "/home/ubuntu/Desktop/cartographer_ws/install/cartographer_ros/lib/cartographer_ros/pbstream_to_ros_map_node" to ""
[6.385s] Invoked command in '/home/ubuntu/Desktop/cartographer_ws/build/cartographer_ros' returned '0': CMAKE_PREFIX_PATH=/home/ubuntu/Desktop/cartographer_ws/install/cartographer_ros_msgs:/home/ubuntu/Desktop/cartographer_ws/install/cartographer:/home/ubuntu/Desktop/cartographer_ws/install/tf_init:/home/ubuntu/Desktop/cartographer_ws/install/imu:/opt/ros/foxy:/home/ubuntu/Desktop/cartographer_ws/install/serial:/home/ubuntu/Desktop/cartographer_ws/install/my_cartographer:/home/ubuntu/Desktop/cartographer_ws/install/lslidar_driver:/home/ubuntu/Desktop/cartographer_ws/install/lslidar_msgs:/home/ubuntu/Desktop/cartographer_ws/install/cartographer_ros LD_LIBRARY_PATH=/home/ubuntu/Desktop/cartographer_ws/install/cartographer_ros_msgs/lib:/home/ubuntu/Desktop/cartographer_ws/install/serial/lib:/home/ubuntu/Desktop/cartographer_ws/install/lslidar_msgs/lib:/opt/ros/foxy/opt/yaml_cpp_vendor/lib:/opt/ros/foxy/opt/rviz_ogre_vendor/lib:/opt/ros/foxy/lib/x86_64-linux-gnu:/opt/ros/foxy/lib PATH=/home/ubuntu/Desktop/cartographer_ws/install/cartographer/bin:/home/ubuntu/.local/bin:/opt/ros/foxy/bin:/usr/local/sbin:/usr/local/bin:/usr/sbin:/usr/bin:/sbin:/bin:/usr/games:/usr/local/games:/snap/bin PYTHONPATH=/home/ubuntu/Desktop/cartographer_ws/install/cartographer_ros_msgs/lib/python3.8/site-packages:/home/ubuntu/Desktop/cartographer_ws/build/tf_init:/home/ubuntu/Desktop/cartographer_ws/install/tf_init/lib/python3.8/site-packages:/home/ubuntu/Desktop/cartographer_ws/install/lslidar_msgs/lib/python3.8/site-packages:/home/ubuntu/Desktop/cartographer_ws/install/imu/lib/python3.8/site-packages:/opt/ros/foxy/lib/python3.8/site-packages /usr/bin/cmake --install /home/ubuntu/Desktop/cartographer_ws/build/cartographer_ros
