[0.032s] Invoking command in '/home/jetson/Desktop/cartographer_ws/build/lslidar_msgs': /usr/bin/cmake /home/jetson/Desktop/cartographer_ws/lslidar_msgs -DCMAKE_INSTALL_PREFIX=/home/jetson/Desktop/cartographer_ws/install/lslidar_msgs
[0.110s] CMake Error at CMakeLists.txt:19 (find_package):
[0.111s]   By not providing "Findament_cmake.cmake" in CMAKE_MODULE_PATH this project
[0.111s]   has asked CMake to find a package configuration file provided by
[0.111s]   "ament_cmake", but CMake did not find one.
[0.111s] 
[0.114s]   Could not find a package configuration file provided by "ament_cmake" with
[0.115s]   any of the following names:
[0.115s] 
[0.115s]     ament_cmakeConfig.cmake
[0.115s]     ament_cmake-config.cmake
[0.115s] 
[0.115s]   Add the installation prefix of "ament_cmake" to CMAKE_PREFIX_PATH or set
[0.116s]   "ament_cmake_DIR" to a directory containing one of the above files.  If
[0.116s]   "ament_cmake" provides a separate development package or SDK, be sure it
[0.116s]   has been installed.
[0.116s] 
[0.116s] 
[0.124s] -- Configuring incomplete, errors occurred!
[0.125s] See also "/home/jetson/Desktop/cartographer_ws/build/lslidar_msgs/CMakeFiles/CMakeOutput.log".
[0.125s] Invoked command in '/home/jetson/Desktop/cartographer_ws/build/lslidar_msgs' returned '1': /usr/bin/cmake /home/jetson/Desktop/cartographer_ws/lslidar_msgs -DCMAKE_INSTALL_PREFIX=/home/jetson/Desktop/cartographer_ws/install/lslidar_msgs
