[0.048s] Invoking command in '/home/ubuntu/Desktop/cartographer_ws/build/serial': /usr/bin/cmake /home/ubuntu/Desktop/cartographer_ws/src/serial -DCATKIN_INSTALL_INTO_PREFIX_ROOT=0 -DCMAKE_INSTALL_PREFIX=/home/ubuntu/Desktop/cartographer_ws/install/serial
[0.117s] CMake Error at CMakeLists.txt:5 (find_package):
[0.118s]   By not providing "Findcatkin.cmake" in CMAKE_MODULE_PATH this project has
[0.118s]   asked CMake to find a package configuration file provided by "catkin", but
[0.118s]   CMake did not find one.
[0.119s] 
[0.119s]   Could not find a package configuration file provided by "catkin" with any
[0.119s]   of the following names:
[0.119s] 
[0.119s]     catkinConfig.cmake
[0.119s]     catkin-config.cmake
[0.120s] 
[0.120s]   Add the installation prefix of "catkin" to CMAKE_PREFIX_PATH or set
[0.120s]   "catkin_DIR" to a directory containing one of the above files.  If "catkin"
[0.120s]   provides a separate development package or SDK, be sure it has been
[0.128s]   installed.
[0.130s] 
[0.130s] 
[0.131s] -- Configuring incomplete, errors occurred!
[0.132s] See also "/home/ubuntu/Desktop/cartographer_ws/build/serial/CMakeFiles/CMakeOutput.log".
[0.134s] Invoked command in '/home/ubuntu/Desktop/cartographer_ws/build/serial' returned '1': /usr/bin/cmake /home/ubuntu/Desktop/cartographer_ws/src/serial -DCATKIN_INSTALL_INTO_PREFIX_ROOT=0 -DCMAKE_INSTALL_PREFIX=/home/ubuntu/Desktop/cartographer_ws/install/serial
