[0.115s] Invoking command in '/home/ubuntu/Desktop/cartographer_ws/build/my_cartographer': CMAKE_PREFIX_PATH=/home/ubuntu/Desktop/cartographer_ws/install/tf_init:/home/ubuntu/Desktop/cartographer_ws/install/imu:/opt/ros/foxy:${CMAKE_PREFIX_PATH} /usr/bin/cmake /home/ubuntu/Desktop/cartographer_ws/src/my_cartographer -DCMAKE_INSTALL_PREFIX=/home/ubuntu/Desktop/cartographer_ws/install/my_cartographer
[0.264s] -- Found ament_cmake: 0.9.12 (/opt/ros/foxy/share/ament_cmake/cmake)
[0.479s] -- Using PYTHON_EXECUTABLE: /usr/bin/python3
[1.739s] -- Override CMake install command with custom implementation using symlinks instead of copying resources
[1.874s] -- Found ament_lint_auto: 0.9.8 (/opt/ros/foxy/share/ament_lint_auto/cmake)
[2.450s] -- Added test 'copyright' to check source files copyright and LICENSE
[2.470s] -- Added test 'flake8' to check Python code syntax and style conventions
[2.473s] -- Added test 'lint_cmake' to check CMake code style
[2.477s] -- Added test 'pep257' to check Python code against some of the style conventions in PEP 257
[2.487s] -- Added test 'xmllint' to check XML markup files
[2.511s] -- Configuring done
[2.551s] -- Generating done
[2.566s] -- Build files have been written to: /home/ubuntu/Desktop/cartographer_ws/build/my_cartographer
[2.585s] Invoked command in '/home/ubuntu/Desktop/cartographer_ws/build/my_cartographer' returned '0': CMAKE_PREFIX_PATH=/home/ubuntu/Desktop/cartographer_ws/install/tf_init:/home/ubuntu/Desktop/cartographer_ws/install/imu:/opt/ros/foxy:${CMAKE_PREFIX_PATH} /usr/bin/cmake /home/ubuntu/Desktop/cartographer_ws/src/my_cartographer -DCMAKE_INSTALL_PREFIX=/home/ubuntu/Desktop/cartographer_ws/install/my_cartographer
[2.593s] Invoking command in '/home/ubuntu/Desktop/cartographer_ws/build/my_cartographer': CMAKE_PREFIX_PATH=/home/ubuntu/Desktop/cartographer_ws/install/tf_init:/home/ubuntu/Desktop/cartographer_ws/install/imu:/opt/ros/foxy:${CMAKE_PREFIX_PATH} /usr/bin/cmake --build /home/ubuntu/Desktop/cartographer_ws/build/my_cartographer -- -j2 -l2
[2.897s] Invoked command in '/home/ubuntu/Desktop/cartographer_ws/build/my_cartographer' returned '0': CMAKE_PREFIX_PATH=/home/ubuntu/Desktop/cartographer_ws/install/tf_init:/home/ubuntu/Desktop/cartographer_ws/install/imu:/opt/ros/foxy:${CMAKE_PREFIX_PATH} /usr/bin/cmake --build /home/ubuntu/Desktop/cartographer_ws/build/my_cartographer -- -j2 -l2
[3.196s] Invoking command in '/home/ubuntu/Desktop/cartographer_ws/build/my_cartographer': CMAKE_PREFIX_PATH=/home/ubuntu/Desktop/cartographer_ws/install/tf_init:/home/ubuntu/Desktop/cartographer_ws/install/imu:/opt/ros/foxy:${CMAKE_PREFIX_PATH} /usr/bin/cmake --install /home/ubuntu/Desktop/cartographer_ws/build/my_cartographer
[3.279s] -- Install configuration: ""
[3.281s] -- Execute custom install script
[3.290s] -- Up-to-date symlink: /home/ubuntu/Desktop/cartographer_ws/install/my_cartographer/share/ament_index/resource_index/package_run_dependencies/my_cartographer
[3.290s] -- Up-to-date symlink: /home/ubuntu/Desktop/cartographer_ws/install/my_cartographer/share/ament_index/resource_index/parent_prefix_path/my_cartographer
[3.290s] -- Up-to-date symlink: /home/ubuntu/Desktop/cartographer_ws/install/my_cartographer/share/my_cartographer/environment/ament_prefix_path.sh
[3.291s] -- Up-to-date symlink: /home/ubuntu/Desktop/cartographer_ws/install/my_cartographer/share/my_cartographer/environment/ament_prefix_path.dsv
[3.291s] -- Up-to-date symlink: /home/ubuntu/Desktop/cartographer_ws/install/my_cartographer/share/my_cartographer/environment/path.sh
[3.292s] -- Up-to-date symlink: /home/ubuntu/Desktop/cartographer_ws/install/my_cartographer/share/my_cartographer/environment/path.dsv
[3.298s] -- Up-to-date symlink: /home/ubuntu/Desktop/cartographer_ws/install/my_cartographer/share/my_cartographer/local_setup.bash
[3.299s] -- Up-to-date symlink: /home/ubuntu/Desktop/cartographer_ws/install/my_cartographer/share/my_cartographer/local_setup.sh
[3.299s] -- Up-to-date symlink: /home/ubuntu/Desktop/cartographer_ws/install/my_cartographer/share/my_cartographer/local_setup.zsh
[3.307s] -- Up-to-date symlink: /home/ubuntu/Desktop/cartographer_ws/install/my_cartographer/share/my_cartographer/local_setup.dsv
[3.307s] -- Symlinking: /home/ubuntu/Desktop/cartographer_ws/install/my_cartographer/share/my_cartographer/package.dsv
[3.382s] -- Up-to-date symlink: /home/ubuntu/Desktop/cartographer_ws/install/my_cartographer/share/ament_index/resource_index/packages/my_cartographer
[3.383s] -- Up-to-date symlink: /home/ubuntu/Desktop/cartographer_ws/install/my_cartographer/share/my_cartographer/cmake/my_cartographerConfig.cmake
[3.384s] -- Up-to-date symlink: /home/ubuntu/Desktop/cartographer_ws/install/my_cartographer/share/my_cartographer/cmake/my_cartographerConfig-version.cmake
[3.384s] -- Up-to-date symlink: /home/ubuntu/Desktop/cartographer_ws/install/my_cartographer/share/my_cartographer/package.xml
[3.391s] -- Up-to-date symlink: /home/ubuntu/Desktop/cartographer_ws/install/my_cartographer/share/my_cartographer/config/my_cartogrpaher_2d.lua
[3.403s] -- Up-to-date symlink: /home/ubuntu/Desktop/cartographer_ws/install/my_cartographer/share/my_cartographer/launch/run_launch.py
[3.410s] -- Up-to-date symlink: /home/ubuntu/Desktop/cartographer_ws/install/my_cartographer/share/my_cartographer/rviz/default.rviz
[3.411s] -- Up-to-date symlink: /home/ubuntu/Desktop/cartographer_ws/install/my_cartographer/share/my_cartographer/urdf/backpack_2d.urdf
[3.429s] Invoked command in '/home/ubuntu/Desktop/cartographer_ws/build/my_cartographer' returned '0': CMAKE_PREFIX_PATH=/home/ubuntu/Desktop/cartographer_ws/install/tf_init:/home/ubuntu/Desktop/cartographer_ws/install/imu:/opt/ros/foxy:${CMAKE_PREFIX_PATH} /usr/bin/cmake --install /home/ubuntu/Desktop/cartographer_ws/build/my_cartographer
