[0.067s] Invoking command in '/home/ubuntu/Desktop/cartographer_ws/build/lslidar_msgs': CMAKE_PREFIX_PATH=${CMAKE_PREFIX_PATH}:/opt/ros/foxy /usr/bin/cmake --build /home/ubuntu/Desktop/cartographer_ws/build/lslidar_msgs -- -j2 -l2
[0.296s] [  1%] Built target lslidar_msgs__cpp
[0.307s] [ 12%] Built target lslidar_msgs__rosidl_generator_c
[0.447s] [ 23%] Built target lslidar_msgs__rosidl_typesupport_introspection_cpp
[0.460s] [ 34%] Built target lslidar_msgs__rosidl_typesupport_fastrtps_cpp
[0.538s] [ 46%] Built target lslidar_msgs__rosidl_typesupport_cpp
[0.604s] [ 57%] Built target lslidar_msgs__rosidl_typesupport_fastrtps_c
[0.639s] [ 68%] Built target lslidar_msgs__rosidl_typesupport_c
[0.714s] [ 79%] Built target lslidar_msgs__rosidl_typesupport_introspection_c
[0.816s] [ 79%] Built target lslidar_msgs
[0.904s] [ 80%] Built target lslidar_msgs__py
[1.011s] [ 90%] Built target lslidar_msgs__python
[1.133s] [ 93%] Built target lslidar_msgs__rosidl_typesupport_fastrtps_c__pyext
[1.163s] [ 96%] Built target lslidar_msgs__rosidl_typesupport_introspection_c__pyext
[1.229s] [100%] Built target lslidar_msgs__rosidl_typesupport_c__pyext
[1.293s] Invoked command in '/home/ubuntu/Desktop/cartographer_ws/build/lslidar_msgs' returned '0': CMAKE_PREFIX_PATH=${CMAKE_PREFIX_PATH}:/opt/ros/foxy /usr/bin/cmake --build /home/ubuntu/Desktop/cartographer_ws/build/lslidar_msgs -- -j2 -l2
[1.989s] Invoking command in '/home/ubuntu/Desktop/cartographer_ws/build/lslidar_msgs': CMAKE_PREFIX_PATH=${CMAKE_PREFIX_PATH}:/opt/ros/foxy /usr/bin/cmake --install /home/ubuntu/Desktop/cartographer_ws/build/lslidar_msgs
[2.022s] -- Install configuration: ""
[2.023s] -- Up-to-date: /home/ubuntu/Desktop/cartographer_ws/install/lslidar_msgs/share/ament_index/resource_index/rosidl_interfaces/lslidar_msgs
[2.023s] -- Up-to-date: /home/ubuntu/Desktop/cartographer_ws/install/lslidar_msgs/include/lslidar_msgs
[2.024s] -- Up-to-date: /home/ubuntu/Desktop/cartographer_ws/install/lslidar_msgs/include/lslidar_msgs/msg
[2.024s] -- Up-to-date: /home/ubuntu/Desktop/cartographer_ws/install/lslidar_msgs/include/lslidar_msgs/msg/lslidar_point.h
[2.025s] -- Up-to-date: /home/ubuntu/Desktop/cartographer_ws/install/lslidar_msgs/include/lslidar_msgs/msg/lslidar_sweep.h
[2.026s] -- Up-to-date: /home/ubuntu/Desktop/cartographer_ws/install/lslidar_msgs/include/lslidar_msgs/msg/lslidar_packet.h
[2.026s] -- Up-to-date: /home/ubuntu/Desktop/cartographer_ws/install/lslidar_msgs/include/lslidar_msgs/msg/lslidar_scan.h
[2.027s] -- Up-to-date: /home/ubuntu/Desktop/cartographer_ws/install/lslidar_msgs/include/lslidar_msgs/msg/lslidar_difop.h
[2.027s] -- Up-to-date: /home/ubuntu/Desktop/cartographer_ws/install/lslidar_msgs/include/lslidar_msgs/msg/rosidl_generator_c__visibility_control.h
[2.027s] -- Up-to-date: /home/ubuntu/Desktop/cartographer_ws/install/lslidar_msgs/include/lslidar_msgs/msg/detail
[2.028s] -- Up-to-date: /home/ubuntu/Desktop/cartographer_ws/install/lslidar_msgs/include/lslidar_msgs/msg/detail/lslidar_sweep__type_support.h
[2.028s] -- Up-to-date: /home/ubuntu/Desktop/cartographer_ws/install/lslidar_msgs/include/lslidar_msgs/msg/detail/lslidar_sweep__functions.c
[2.029s] -- Up-to-date: /home/ubuntu/Desktop/cartographer_ws/install/lslidar_msgs/include/lslidar_msgs/msg/detail/lslidar_scan__functions.c
[2.029s] -- Up-to-date: /home/ubuntu/Desktop/cartographer_ws/install/lslidar_msgs/include/lslidar_msgs/msg/detail/lslidar_packet__struct.h
[2.029s] -- Up-to-date: /home/ubuntu/Desktop/cartographer_ws/install/lslidar_msgs/include/lslidar_msgs/msg/detail/lslidar_packet__type_support.h
[2.030s] -- Up-to-date: /home/ubuntu/Desktop/cartographer_ws/install/lslidar_msgs/include/lslidar_msgs/msg/detail/lslidar_point__struct.h
[2.030s] -- Up-to-date: /home/ubuntu/Desktop/cartographer_ws/install/lslidar_msgs/include/lslidar_msgs/msg/detail/lslidar_difop__functions.c
[2.030s] -- Up-to-date: /home/ubuntu/Desktop/cartographer_ws/install/lslidar_msgs/include/lslidar_msgs/msg/detail/lslidar_point__type_support.h
[2.032s] -- Up-to-date: /home/ubuntu/Desktop/cartographer_ws/install/lslidar_msgs/include/lslidar_msgs/msg/detail/lslidar_point__functions.h
[2.032s] -- Up-to-date: /home/ubuntu/Desktop/cartographer_ws/install/lslidar_msgs/include/lslidar_msgs/msg/detail/lslidar_sweep__functions.h
[2.032s] -- Up-to-date: /home/ubuntu/Desktop/cartographer_ws/install/lslidar_msgs/include/lslidar_msgs/msg/detail/lslidar_point__functions.c
[2.032s] -- Up-to-date: /home/ubuntu/Desktop/cartographer_ws/install/lslidar_msgs/include/lslidar_msgs/msg/detail/lslidar_scan__struct.h
[2.032s] -- Up-to-date: /home/ubuntu/Desktop/cartographer_ws/install/lslidar_msgs/include/lslidar_msgs/msg/detail/lslidar_difop__functions.h
[2.033s] -- Up-to-date: /home/ubuntu/Desktop/cartographer_ws/install/lslidar_msgs/include/lslidar_msgs/msg/detail/lslidar_difop__struct.h
[2.033s] -- Up-to-date: /home/ubuntu/Desktop/cartographer_ws/install/lslidar_msgs/include/lslidar_msgs/msg/detail/lslidar_packet__functions.c
[2.033s] -- Up-to-date: /home/ubuntu/Desktop/cartographer_ws/install/lslidar_msgs/include/lslidar_msgs/msg/detail/lslidar_scan__type_support.h
[2.033s] -- Up-to-date: /home/ubuntu/Desktop/cartographer_ws/install/lslidar_msgs/include/lslidar_msgs/msg/detail/lslidar_packet__functions.h
[2.033s] -- Up-to-date: /home/ubuntu/Desktop/cartographer_ws/install/lslidar_msgs/include/lslidar_msgs/msg/detail/lslidar_sweep__struct.h
[2.033s] -- Up-to-date: /home/ubuntu/Desktop/cartographer_ws/install/lslidar_msgs/include/lslidar_msgs/msg/detail/lslidar_scan__functions.h
[2.033s] -- Up-to-date: /home/ubuntu/Desktop/cartographer_ws/install/lslidar_msgs/include/lslidar_msgs/msg/detail/lslidar_difop__type_support.h
[2.034s] -- Up-to-date: /home/ubuntu/Desktop/cartographer_ws/install/lslidar_msgs/share/lslidar_msgs/environment/library_path.sh
[2.034s] -- Up-to-date: /home/ubuntu/Desktop/cartographer_ws/install/lslidar_msgs/share/lslidar_msgs/environment/library_path.dsv
[2.036s] -- Up-to-date: /home/ubuntu/Desktop/cartographer_ws/install/lslidar_msgs/lib/liblslidar_msgs__rosidl_generator_c.so
[2.036s] -- Up-to-date: /home/ubuntu/Desktop/cartographer_ws/install/lslidar_msgs/include/lslidar_msgs
[2.036s] -- Up-to-date: /home/ubuntu/Desktop/cartographer_ws/install/lslidar_msgs/include/lslidar_msgs/msg
[2.044s] -- Up-to-date: /home/ubuntu/Desktop/cartographer_ws/install/lslidar_msgs/include/lslidar_msgs/msg/rosidl_typesupport_fastrtps_c__visibility_control.h
[2.044s] -- Up-to-date: /home/ubuntu/Desktop/cartographer_ws/install/lslidar_msgs/include/lslidar_msgs/msg/detail
[2.044s] -- Up-to-date: /home/ubuntu/Desktop/cartographer_ws/install/lslidar_msgs/include/lslidar_msgs/msg/detail/lslidar_packet__rosidl_typesupport_fastrtps_c.h
[2.044s] -- Up-to-date: /home/ubuntu/Desktop/cartographer_ws/install/lslidar_msgs/include/lslidar_msgs/msg/detail/lslidar_point__rosidl_typesupport_fastrtps_c.h
[2.044s] -- Up-to-date: /home/ubuntu/Desktop/cartographer_ws/install/lslidar_msgs/include/lslidar_msgs/msg/detail/lslidar_sweep__rosidl_typesupport_fastrtps_c.h
[2.044s] -- Up-to-date: /home/ubuntu/Desktop/cartographer_ws/install/lslidar_msgs/include/lslidar_msgs/msg/detail/lslidar_scan__rosidl_typesupport_fastrtps_c.h
[2.045s] -- Up-to-date: /home/ubuntu/Desktop/cartographer_ws/install/lslidar_msgs/include/lslidar_msgs/msg/detail/lslidar_difop__rosidl_typesupport_fastrtps_c.h
[2.045s] -- Up-to-date: /home/ubuntu/Desktop/cartographer_ws/install/lslidar_msgs/lib/liblslidar_msgs__rosidl_typesupport_fastrtps_c.so
[2.045s] -- Up-to-date: /home/ubuntu/Desktop/cartographer_ws/install/lslidar_msgs/include/lslidar_msgs
[2.045s] -- Up-to-date: /home/ubuntu/Desktop/cartographer_ws/install/lslidar_msgs/include/lslidar_msgs/msg
[2.045s] -- Up-to-date: /home/ubuntu/Desktop/cartographer_ws/install/lslidar_msgs/include/lslidar_msgs/msg/rosidl_typesupport_fastrtps_cpp__visibility_control.h
[2.045s] -- Up-to-date: /home/ubuntu/Desktop/cartographer_ws/install/lslidar_msgs/include/lslidar_msgs/msg/detail
[2.046s] -- Up-to-date: /home/ubuntu/Desktop/cartographer_ws/install/lslidar_msgs/include/lslidar_msgs/msg/detail/lslidar_packet__rosidl_typesupport_fastrtps_cpp.hpp
[2.046s] -- Up-to-date: /home/ubuntu/Desktop/cartographer_ws/install/lslidar_msgs/include/lslidar_msgs/msg/detail/lslidar_point__rosidl_typesupport_fastrtps_cpp.hpp
[2.046s] -- Up-to-date: /home/ubuntu/Desktop/cartographer_ws/install/lslidar_msgs/include/lslidar_msgs/msg/detail/lslidar_scan__rosidl_typesupport_fastrtps_cpp.hpp
[2.046s] -- Up-to-date: /home/ubuntu/Desktop/cartographer_ws/install/lslidar_msgs/include/lslidar_msgs/msg/detail/lslidar_sweep__rosidl_typesupport_fastrtps_cpp.hpp
[2.046s] -- Up-to-date: /home/ubuntu/Desktop/cartographer_ws/install/lslidar_msgs/include/lslidar_msgs/msg/detail/lslidar_difop__rosidl_typesupport_fastrtps_cpp.hpp
[2.046s] -- Up-to-date: /home/ubuntu/Desktop/cartographer_ws/install/lslidar_msgs/include/lslidar_msgs/msg/detail/dds_fastrtps
[2.047s] -- Up-to-date: /home/ubuntu/Desktop/cartographer_ws/install/lslidar_msgs/lib/liblslidar_msgs__rosidl_typesupport_fastrtps_cpp.so
[2.047s] -- Up-to-date: /home/ubuntu/Desktop/cartographer_ws/install/lslidar_msgs/include/lslidar_msgs
[2.047s] -- Up-to-date: /home/ubuntu/Desktop/cartographer_ws/install/lslidar_msgs/include/lslidar_msgs/msg
[2.047s] -- Up-to-date: /home/ubuntu/Desktop/cartographer_ws/install/lslidar_msgs/include/lslidar_msgs/msg/detail
[2.047s] -- Up-to-date: /home/ubuntu/Desktop/cartographer_ws/install/lslidar_msgs/include/lslidar_msgs/msg/detail/lslidar_packet__type_support.c
[2.047s] -- Up-to-date: /home/ubuntu/Desktop/cartographer_ws/install/lslidar_msgs/include/lslidar_msgs/msg/detail/lslidar_sweep__type_support.c
[2.047s] -- Up-to-date: /home/ubuntu/Desktop/cartographer_ws/install/lslidar_msgs/include/lslidar_msgs/msg/detail/lslidar_difop__type_support.c
[2.048s] -- Up-to-date: /home/ubuntu/Desktop/cartographer_ws/install/lslidar_msgs/include/lslidar_msgs/msg/detail/lslidar_scan__rosidl_typesupport_introspection_c.h
[2.048s] -- Up-to-date: /home/ubuntu/Desktop/cartographer_ws/install/lslidar_msgs/include/lslidar_msgs/msg/detail/lslidar_sweep__rosidl_typesupport_introspection_c.h
[2.048s] -- Up-to-date: /home/ubuntu/Desktop/cartographer_ws/install/lslidar_msgs/include/lslidar_msgs/msg/detail/lslidar_point__rosidl_typesupport_introspection_c.h
[2.048s] -- Up-to-date: /home/ubuntu/Desktop/cartographer_ws/install/lslidar_msgs/include/lslidar_msgs/msg/detail/lslidar_difop__rosidl_typesupport_introspection_c.h
[2.048s] -- Up-to-date: /home/ubuntu/Desktop/cartographer_ws/install/lslidar_msgs/include/lslidar_msgs/msg/detail/lslidar_point__type_support.c
[2.048s] -- Up-to-date: /home/ubuntu/Desktop/cartographer_ws/install/lslidar_msgs/include/lslidar_msgs/msg/detail/lslidar_scan__type_support.c
[2.049s] -- Up-to-date: /home/ubuntu/Desktop/cartographer_ws/install/lslidar_msgs/include/lslidar_msgs/msg/detail/lslidar_packet__rosidl_typesupport_introspection_c.h
[2.049s] -- Up-to-date: /home/ubuntu/Desktop/cartographer_ws/install/lslidar_msgs/include/lslidar_msgs/msg/rosidl_typesupport_introspection_c__visibility_control.h
[2.049s] -- Up-to-date: /home/ubuntu/Desktop/cartographer_ws/install/lslidar_msgs/lib/liblslidar_msgs__rosidl_typesupport_introspection_c.so
[2.049s] -- Up-to-date: /home/ubuntu/Desktop/cartographer_ws/install/lslidar_msgs/lib/liblslidar_msgs__rosidl_typesupport_c.so
[2.050s] -- Up-to-date: /home/ubuntu/Desktop/cartographer_ws/install/lslidar_msgs/include/lslidar_msgs
[2.050s] -- Up-to-date: /home/ubuntu/Desktop/cartographer_ws/install/lslidar_msgs/include/lslidar_msgs/msg
[2.050s] -- Up-to-date: /home/ubuntu/Desktop/cartographer_ws/install/lslidar_msgs/include/lslidar_msgs/msg/lslidar_sweep.hpp
[2.050s] -- Up-to-date: /home/ubuntu/Desktop/cartographer_ws/install/lslidar_msgs/include/lslidar_msgs/msg/lslidar_point.hpp
[2.050s] -- Up-to-date: /home/ubuntu/Desktop/cartographer_ws/install/lslidar_msgs/include/lslidar_msgs/msg/lslidar_packet.hpp
[2.050s] -- Up-to-date: /home/ubuntu/Desktop/cartographer_ws/install/lslidar_msgs/include/lslidar_msgs/msg/lslidar_scan.hpp
[2.050s] -- Up-to-date: /home/ubuntu/Desktop/cartographer_ws/install/lslidar_msgs/include/lslidar_msgs/msg/rosidl_generator_cpp__visibility_control.hpp
[2.051s] -- Up-to-date: /home/ubuntu/Desktop/cartographer_ws/install/lslidar_msgs/include/lslidar_msgs/msg/lslidar_difop.hpp
[2.051s] -- Up-to-date: /home/ubuntu/Desktop/cartographer_ws/install/lslidar_msgs/include/lslidar_msgs/msg/detail
[2.052s] -- Up-to-date: /home/ubuntu/Desktop/cartographer_ws/install/lslidar_msgs/include/lslidar_msgs/msg/detail/lslidar_difop__traits.hpp
[2.052s] -- Up-to-date: /home/ubuntu/Desktop/cartographer_ws/install/lslidar_msgs/include/lslidar_msgs/msg/detail/lslidar_scan__builder.hpp
[2.053s] -- Up-to-date: /home/ubuntu/Desktop/cartographer_ws/install/lslidar_msgs/include/lslidar_msgs/msg/detail/lslidar_scan__struct.hpp
[2.053s] -- Up-to-date: /home/ubuntu/Desktop/cartographer_ws/install/lslidar_msgs/include/lslidar_msgs/msg/detail/lslidar_point__struct.hpp
[2.058s] -- Up-to-date: /home/ubuntu/Desktop/cartographer_ws/install/lslidar_msgs/include/lslidar_msgs/msg/detail/lslidar_scan__type_support.hpp
[2.058s] -- Up-to-date: /home/ubuntu/Desktop/cartographer_ws/install/lslidar_msgs/include/lslidar_msgs/msg/detail/lslidar_sweep__type_support.hpp
[2.059s] -- Up-to-date: /home/ubuntu/Desktop/cartographer_ws/install/lslidar_msgs/include/lslidar_msgs/msg/detail/lslidar_packet__type_support.hpp
[2.059s] -- Up-to-date: /home/ubuntu/Desktop/cartographer_ws/install/lslidar_msgs/include/lslidar_msgs/msg/detail/lslidar_sweep__struct.hpp
[2.059s] -- Up-to-date: /home/ubuntu/Desktop/cartographer_ws/install/lslidar_msgs/include/lslidar_msgs/msg/detail/lslidar_difop__type_support.hpp
[2.059s] -- Up-to-date: /home/ubuntu/Desktop/cartographer_ws/install/lslidar_msgs/include/lslidar_msgs/msg/detail/lslidar_packet__traits.hpp
[2.060s] -- Up-to-date: /home/ubuntu/Desktop/cartographer_ws/install/lslidar_msgs/include/lslidar_msgs/msg/detail/lslidar_difop__struct.hpp
[2.060s] -- Up-to-date: /home/ubuntu/Desktop/cartographer_ws/install/lslidar_msgs/include/lslidar_msgs/msg/detail/lslidar_sweep__traits.hpp
[2.061s] -- Up-to-date: /home/ubuntu/Desktop/cartographer_ws/install/lslidar_msgs/include/lslidar_msgs/msg/detail/lslidar_packet__struct.hpp
[2.063s] -- Up-to-date: /home/ubuntu/Desktop/cartographer_ws/install/lslidar_msgs/include/lslidar_msgs/msg/detail/lslidar_scan__traits.hpp
[2.065s] -- Up-to-date: /home/ubuntu/Desktop/cartographer_ws/install/lslidar_msgs/include/lslidar_msgs/msg/detail/lslidar_packet__builder.hpp
[2.065s] -- Up-to-date: /home/ubuntu/Desktop/cartographer_ws/install/lslidar_msgs/include/lslidar_msgs/msg/detail/lslidar_sweep__builder.hpp
[2.065s] -- Up-to-date: /home/ubuntu/Desktop/cartographer_ws/install/lslidar_msgs/include/lslidar_msgs/msg/detail/lslidar_point__builder.hpp
[2.065s] -- Up-to-date: /home/ubuntu/Desktop/cartographer_ws/install/lslidar_msgs/include/lslidar_msgs/msg/detail/lslidar_point__traits.hpp
[2.066s] -- Up-to-date: /home/ubuntu/Desktop/cartographer_ws/install/lslidar_msgs/include/lslidar_msgs/msg/detail/lslidar_difop__builder.hpp
[2.066s] -- Up-to-date: /home/ubuntu/Desktop/cartographer_ws/install/lslidar_msgs/include/lslidar_msgs/msg/detail/lslidar_point__type_support.hpp
[2.066s] -- Up-to-date: /home/ubuntu/Desktop/cartographer_ws/install/lslidar_msgs/include/lslidar_msgs
[2.066s] -- Up-to-date: /home/ubuntu/Desktop/cartographer_ws/install/lslidar_msgs/include/lslidar_msgs/msg
[2.066s] -- Up-to-date: /home/ubuntu/Desktop/cartographer_ws/install/lslidar_msgs/include/lslidar_msgs/msg/detail
[2.066s] -- Up-to-date: /home/ubuntu/Desktop/cartographer_ws/install/lslidar_msgs/include/lslidar_msgs/msg/detail/lslidar_difop__rosidl_typesupport_introspection_cpp.hpp
[2.066s] -- Up-to-date: /home/ubuntu/Desktop/cartographer_ws/install/lslidar_msgs/include/lslidar_msgs/msg/detail/lslidar_packet__rosidl_typesupport_introspection_cpp.hpp
[2.067s] -- Up-to-date: /home/ubuntu/Desktop/cartographer_ws/install/lslidar_msgs/include/lslidar_msgs/msg/detail/lslidar_sweep__type_support.cpp
[2.068s] -- Up-to-date: /home/ubuntu/Desktop/cartographer_ws/install/lslidar_msgs/include/lslidar_msgs/msg/detail/lslidar_point__type_support.cpp
[2.068s] -- Up-to-date: /home/ubuntu/Desktop/cartographer_ws/install/lslidar_msgs/include/lslidar_msgs/msg/detail/lslidar_point__rosidl_typesupport_introspection_cpp.hpp
[2.068s] -- Up-to-date: /home/ubuntu/Desktop/cartographer_ws/install/lslidar_msgs/include/lslidar_msgs/msg/detail/lslidar_difop__type_support.cpp
[2.068s] -- Up-to-date: /home/ubuntu/Desktop/cartographer_ws/install/lslidar_msgs/include/lslidar_msgs/msg/detail/lslidar_packet__type_support.cpp
[2.068s] -- Up-to-date: /home/ubuntu/Desktop/cartographer_ws/install/lslidar_msgs/include/lslidar_msgs/msg/detail/lslidar_scan__rosidl_typesupport_introspection_cpp.hpp
[2.069s] -- Up-to-date: /home/ubuntu/Desktop/cartographer_ws/install/lslidar_msgs/include/lslidar_msgs/msg/detail/lslidar_scan__type_support.cpp
[2.069s] -- Up-to-date: /home/ubuntu/Desktop/cartographer_ws/install/lslidar_msgs/include/lslidar_msgs/msg/detail/lslidar_sweep__rosidl_typesupport_introspection_cpp.hpp
[2.069s] -- Up-to-date: /home/ubuntu/Desktop/cartographer_ws/install/lslidar_msgs/lib/liblslidar_msgs__rosidl_typesupport_introspection_cpp.so
[2.069s] -- Up-to-date: /home/ubuntu/Desktop/cartographer_ws/install/lslidar_msgs/lib/liblslidar_msgs__rosidl_typesupport_cpp.so
[2.069s] -- Up-to-date: /home/ubuntu/Desktop/cartographer_ws/install/lslidar_msgs/share/lslidar_msgs/environment/pythonpath.sh
[2.070s] -- Up-to-date: /home/ubuntu/Desktop/cartographer_ws/install/lslidar_msgs/share/lslidar_msgs/environment/pythonpath.dsv
[2.070s] -- Up-to-date: /home/ubuntu/Desktop/cartographer_ws/install/lslidar_msgs/lib/python3.8/site-packages/lslidar_msgs/__init__.py
[2.152s] -- Up-to-date: /home/ubuntu/Desktop/cartographer_ws/install/lslidar_msgs/lib/python3.8/site-packages/lslidar_msgs/msg
[2.153s] -- Up-to-date: /home/ubuntu/Desktop/cartographer_ws/install/lslidar_msgs/lib/python3.8/site-packages/lslidar_msgs/msg/_lslidar_difop_s.c
[2.153s] -- Up-to-date: /home/ubuntu/Desktop/cartographer_ws/install/lslidar_msgs/lib/python3.8/site-packages/lslidar_msgs/msg/_lslidar_packet.py
[2.154s] -- Up-to-date: /home/ubuntu/Desktop/cartographer_ws/install/lslidar_msgs/lib/python3.8/site-packages/lslidar_msgs/msg/__init__.py
[2.154s] -- Up-to-date: /home/ubuntu/Desktop/cartographer_ws/install/lslidar_msgs/lib/python3.8/site-packages/lslidar_msgs/msg/_lslidar_difop.py
[2.154s] -- Up-to-date: /home/ubuntu/Desktop/cartographer_ws/install/lslidar_msgs/lib/python3.8/site-packages/lslidar_msgs/msg/_lslidar_packet_s.c
[2.154s] -- Up-to-date: /home/ubuntu/Desktop/cartographer_ws/install/lslidar_msgs/lib/python3.8/site-packages/lslidar_msgs/msg/_lslidar_scan_s.c
[2.155s] -- Up-to-date: /home/ubuntu/Desktop/cartographer_ws/install/lslidar_msgs/lib/python3.8/site-packages/lslidar_msgs/msg/_lslidar_point.py
[2.155s] -- Up-to-date: /home/ubuntu/Desktop/cartographer_ws/install/lslidar_msgs/lib/python3.8/site-packages/lslidar_msgs/msg/_lslidar_point_s.c
[2.155s] -- Up-to-date: /home/ubuntu/Desktop/cartographer_ws/install/lslidar_msgs/lib/python3.8/site-packages/lslidar_msgs/msg/_lslidar_scan.py
[2.155s] -- Up-to-date: /home/ubuntu/Desktop/cartographer_ws/install/lslidar_msgs/lib/python3.8/site-packages/lslidar_msgs/msg/_lslidar_sweep.py
[2.155s] -- Up-to-date: /home/ubuntu/Desktop/cartographer_ws/install/lslidar_msgs/lib/python3.8/site-packages/lslidar_msgs/msg/_lslidar_sweep_s.c
[2.155s] -- Up-to-date: /home/ubuntu/Desktop/cartographer_ws/install/lslidar_msgs/lib/python3.8/site-packages/lslidar_msgs/lslidar_msgs_s__rosidl_typesupport_fastrtps_c.cpython-38-x86_64-linux-gnu.so
[2.159s] -- Up-to-date: /home/ubuntu/Desktop/cartographer_ws/install/lslidar_msgs/lib/python3.8/site-packages/lslidar_msgs/lslidar_msgs_s__rosidl_typesupport_introspection_c.cpython-38-x86_64-linux-gnu.so
[2.162s] -- Up-to-date: /home/ubuntu/Desktop/cartographer_ws/install/lslidar_msgs/lib/python3.8/site-packages/lslidar_msgs/lslidar_msgs_s__rosidl_typesupport_c.cpython-38-x86_64-linux-gnu.so
[2.163s] -- Up-to-date: /home/ubuntu/Desktop/cartographer_ws/install/lslidar_msgs/lib/liblslidar_msgs__python.so
[2.164s] -- Up-to-date: /home/ubuntu/Desktop/cartographer_ws/install/lslidar_msgs/share/lslidar_msgs/msg/LslidarDifop.idl
[2.165s] -- Up-to-date: /home/ubuntu/Desktop/cartographer_ws/install/lslidar_msgs/share/lslidar_msgs/msg/LslidarPacket.idl
[2.165s] -- Up-to-date: /home/ubuntu/Desktop/cartographer_ws/install/lslidar_msgs/share/lslidar_msgs/msg/LslidarPoint.idl
[2.165s] -- Up-to-date: /home/ubuntu/Desktop/cartographer_ws/install/lslidar_msgs/share/lslidar_msgs/msg/LslidarScan.idl
[2.165s] -- Up-to-date: /home/ubuntu/Desktop/cartographer_ws/install/lslidar_msgs/share/lslidar_msgs/msg/LslidarSweep.idl
[2.166s] -- Up-to-date: /home/ubuntu/Desktop/cartographer_ws/install/lslidar_msgs/share/lslidar_msgs/msg/LslidarDifop.msg
[2.166s] -- Up-to-date: /home/ubuntu/Desktop/cartographer_ws/install/lslidar_msgs/share/lslidar_msgs/msg/LslidarPacket.msg
[2.166s] -- Up-to-date: /home/ubuntu/Desktop/cartographer_ws/install/lslidar_msgs/share/lslidar_msgs/msg/LslidarPoint.msg
[2.166s] -- Up-to-date: /home/ubuntu/Desktop/cartographer_ws/install/lslidar_msgs/share/lslidar_msgs/msg/LslidarScan.msg
[2.166s] -- Up-to-date: /home/ubuntu/Desktop/cartographer_ws/install/lslidar_msgs/share/lslidar_msgs/msg/LslidarSweep.msg
[2.167s] -- Up-to-date: /home/ubuntu/Desktop/cartographer_ws/install/lslidar_msgs/share/ament_index/resource_index/package_run_dependencies/lslidar_msgs
[2.167s] -- Up-to-date: /home/ubuntu/Desktop/cartographer_ws/install/lslidar_msgs/share/ament_index/resource_index/parent_prefix_path/lslidar_msgs
[2.167s] -- Up-to-date: /home/ubuntu/Desktop/cartographer_ws/install/lslidar_msgs/share/lslidar_msgs/environment/ament_prefix_path.sh
[2.167s] -- Up-to-date: /home/ubuntu/Desktop/cartographer_ws/install/lslidar_msgs/share/lslidar_msgs/environment/ament_prefix_path.dsv
[2.168s] -- Up-to-date: /home/ubuntu/Desktop/cartographer_ws/install/lslidar_msgs/share/lslidar_msgs/environment/path.sh
[2.168s] -- Up-to-date: /home/ubuntu/Desktop/cartographer_ws/install/lslidar_msgs/share/lslidar_msgs/environment/path.dsv
[2.168s] -- Up-to-date: /home/ubuntu/Desktop/cartographer_ws/install/lslidar_msgs/share/lslidar_msgs/local_setup.bash
[2.168s] -- Up-to-date: /home/ubuntu/Desktop/cartographer_ws/install/lslidar_msgs/share/lslidar_msgs/local_setup.sh
[2.169s] -- Up-to-date: /home/ubuntu/Desktop/cartographer_ws/install/lslidar_msgs/share/lslidar_msgs/local_setup.zsh
[2.169s] -- Up-to-date: /home/ubuntu/Desktop/cartographer_ws/install/lslidar_msgs/share/lslidar_msgs/local_setup.dsv
[2.169s] -- Installing: /home/ubuntu/Desktop/cartographer_ws/install/lslidar_msgs/share/lslidar_msgs/package.dsv
[2.169s] -- Up-to-date: /home/ubuntu/Desktop/cartographer_ws/install/lslidar_msgs/share/ament_index/resource_index/packages/lslidar_msgs
[2.169s] -- Up-to-date: /home/ubuntu/Desktop/cartographer_ws/install/lslidar_msgs/share/lslidar_msgs/cmake/lslidar_msgs__rosidl_generator_cExport.cmake
[2.170s] -- Up-to-date: /home/ubuntu/Desktop/cartographer_ws/install/lslidar_msgs/share/lslidar_msgs/cmake/lslidar_msgs__rosidl_generator_cExport-noconfig.cmake
[2.170s] -- Up-to-date: /home/ubuntu/Desktop/cartographer_ws/install/lslidar_msgs/share/lslidar_msgs/cmake/lslidar_msgs__rosidl_typesupport_introspection_cExport.cmake
[2.170s] -- Up-to-date: /home/ubuntu/Desktop/cartographer_ws/install/lslidar_msgs/share/lslidar_msgs/cmake/lslidar_msgs__rosidl_typesupport_introspection_cExport-noconfig.cmake
[2.170s] -- Up-to-date: /home/ubuntu/Desktop/cartographer_ws/install/lslidar_msgs/share/lslidar_msgs/cmake/lslidar_msgs__rosidl_typesupport_cExport.cmake
[2.171s] -- Up-to-date: /home/ubuntu/Desktop/cartographer_ws/install/lslidar_msgs/share/lslidar_msgs/cmake/lslidar_msgs__rosidl_typesupport_cExport-noconfig.cmake
[2.171s] -- Up-to-date: /home/ubuntu/Desktop/cartographer_ws/install/lslidar_msgs/share/lslidar_msgs/cmake/lslidar_msgs__rosidl_generator_cppExport.cmake
[2.171s] -- Up-to-date: /home/ubuntu/Desktop/cartographer_ws/install/lslidar_msgs/share/lslidar_msgs/cmake/lslidar_msgs__rosidl_typesupport_introspection_cppExport.cmake
[2.172s] -- Up-to-date: /home/ubuntu/Desktop/cartographer_ws/install/lslidar_msgs/share/lslidar_msgs/cmake/lslidar_msgs__rosidl_typesupport_introspection_cppExport-noconfig.cmake
[2.172s] -- Up-to-date: /home/ubuntu/Desktop/cartographer_ws/install/lslidar_msgs/share/lslidar_msgs/cmake/lslidar_msgs__rosidl_typesupport_cppExport.cmake
[2.172s] -- Up-to-date: /home/ubuntu/Desktop/cartographer_ws/install/lslidar_msgs/share/lslidar_msgs/cmake/lslidar_msgs__rosidl_typesupport_cppExport-noconfig.cmake
[2.172s] -- Up-to-date: /home/ubuntu/Desktop/cartographer_ws/install/lslidar_msgs/share/lslidar_msgs/cmake/rosidl_cmake-extras.cmake
[2.173s] -- Up-to-date: /home/ubuntu/Desktop/cartographer_ws/install/lslidar_msgs/share/lslidar_msgs/cmake/ament_cmake_export_dependencies-extras.cmake
[2.173s] -- Up-to-date: /home/ubuntu/Desktop/cartographer_ws/install/lslidar_msgs/share/lslidar_msgs/cmake/ament_cmake_export_libraries-extras.cmake
[2.173s] -- Up-to-date: /home/ubuntu/Desktop/cartographer_ws/install/lslidar_msgs/share/lslidar_msgs/cmake/ament_cmake_export_targets-extras.cmake
[2.173s] -- Up-to-date: /home/ubuntu/Desktop/cartographer_ws/install/lslidar_msgs/share/lslidar_msgs/cmake/ament_cmake_export_include_directories-extras.cmake
[2.175s] -- Up-to-date: /home/ubuntu/Desktop/cartographer_ws/install/lslidar_msgs/share/lslidar_msgs/cmake/rosidl_cmake_export_typesupport_libraries-extras.cmake
[2.175s] -- Up-to-date: /home/ubuntu/Desktop/cartographer_ws/install/lslidar_msgs/share/lslidar_msgs/cmake/rosidl_cmake_export_typesupport_targets-extras.cmake
[2.175s] -- Up-to-date: /home/ubuntu/Desktop/cartographer_ws/install/lslidar_msgs/share/lslidar_msgs/cmake/lslidar_msgsConfig.cmake
[2.185s] -- Up-to-date: /home/ubuntu/Desktop/cartographer_ws/install/lslidar_msgs/share/lslidar_msgs/cmake/lslidar_msgsConfig-version.cmake
[2.186s] -- Up-to-date: /home/ubuntu/Desktop/cartographer_ws/install/lslidar_msgs/share/lslidar_msgs/package.xml
[2.186s] Invoked command in '/home/ubuntu/Desktop/cartographer_ws/build/lslidar_msgs' returned '0': CMAKE_PREFIX_PATH=${CMAKE_PREFIX_PATH}:/opt/ros/foxy /usr/bin/cmake --install /home/ubuntu/Desktop/cartographer_ws/build/lslidar_msgs
