[0.158s] Invoking command in '/home/ubuntu/Desktop/cartographer_ws/build/cartographer_ros_msgs': CMAKE_PREFIX_PATH=/home/ubuntu/Desktop/cartographer_ws/install/tf_init:/home/ubuntu/Desktop/cartographer_ws/install/imu:/opt/ros/foxy:${CMAKE_PREFIX_PATH} /usr/bin/cmake --build /home/ubuntu/Desktop/cartographer_ws/build/cartographer_ros_msgs -- -j2 -l2
[1.020s] [  0%] Built target cartographer_ros_msgs__cpp
[1.231s] [ 12%] Built target cartographer_ros_msgs__rosidl_generator_c
[1.426s] [ 24%] Built target cartographer_ros_msgs__rosidl_typesupport_cpp
[1.704s] [ 36%] Built target cartographer_ros_msgs__rosidl_typesupport_fastrtps_cpp
[1.875s] [ 48%] Built target cartographer_ros_msgs__rosidl_typesupport_introspection_c
[2.094s] [ 60%] Built target cartographer_ros_msgs__rosidl_typesupport_c
[2.502s] [ 72%] Built target cartographer_ros_msgs__rosidl_typesupport_introspection_cpp
[2.888s] [ 84%] Built target cartographer_ros_msgs__rosidl_typesupport_fastrtps_c
[3.214s] [ 84%] Built target cartographer_ros_msgs
[3.530s] [ 85%] Built target cartographer_ros_msgs__py
[3.957s] [ 96%] Built target cartographer_ros_msgs__python
[4.271s] [ 97%] Built target cartographer_ros_msgs__rosidl_typesupport_c__pyext
[4.634s] [ 99%] Built target cartographer_ros_msgs__rosidl_typesupport_introspection_c__pyext
[5.015s] [100%] Built target cartographer_ros_msgs__rosidl_typesupport_fastrtps_c__pyext
[5.183s] Invoked command in '/home/ubuntu/Desktop/cartographer_ws/build/cartographer_ros_msgs' returned '0': CMAKE_PREFIX_PATH=/home/ubuntu/Desktop/cartographer_ws/install/tf_init:/home/ubuntu/Desktop/cartographer_ws/install/imu:/opt/ros/foxy:${CMAKE_PREFIX_PATH} /usr/bin/cmake --build /home/ubuntu/Desktop/cartographer_ws/build/cartographer_ros_msgs -- -j2 -l2
[10.190s] Invoking command in '/home/ubuntu/Desktop/cartographer_ws/build/cartographer_ros_msgs': CMAKE_PREFIX_PATH=/home/ubuntu/Desktop/cartographer_ws/install/tf_init:/home/ubuntu/Desktop/cartographer_ws/install/imu:/opt/ros/foxy:${CMAKE_PREFIX_PATH} /usr/bin/cmake --install /home/ubuntu/Desktop/cartographer_ws/build/cartographer_ros_msgs
[10.280s] -- Install configuration: ""
[10.281s] -- Up-to-date: /home/ubuntu/Desktop/cartographer_ws/install/cartographer_ros_msgs/share/ament_index/resource_index/rosidl_interfaces/cartographer_ros_msgs
[10.290s] -- Up-to-date: /home/ubuntu/Desktop/cartographer_ws/install/cartographer_ros_msgs/include/cartographer_ros_msgs
[10.291s] -- Up-to-date: /home/ubuntu/Desktop/cartographer_ws/install/cartographer_ros_msgs/include/cartographer_ros_msgs/srv
[10.292s] -- Up-to-date: /home/ubuntu/Desktop/cartographer_ws/install/cartographer_ros_msgs/include/cartographer_ros_msgs/srv/start_trajectory.h
[10.296s] -- Up-to-date: /home/ubuntu/Desktop/cartographer_ws/install/cartographer_ros_msgs/include/cartographer_ros_msgs/srv/finish_trajectory.h
[10.296s] -- Up-to-date: /home/ubuntu/Desktop/cartographer_ws/install/cartographer_ros_msgs/include/cartographer_ros_msgs/srv/write_state.h
[10.297s] -- Up-to-date: /home/ubuntu/Desktop/cartographer_ws/install/cartographer_ros_msgs/include/cartographer_ros_msgs/srv/detail
[10.298s] -- Up-to-date: /home/ubuntu/Desktop/cartographer_ws/install/cartographer_ros_msgs/include/cartographer_ros_msgs/srv/detail/submap_query__functions.c
[10.298s] -- Up-to-date: /home/ubuntu/Desktop/cartographer_ws/install/cartographer_ros_msgs/include/cartographer_ros_msgs/srv/detail/start_trajectory__functions.c
[10.299s] -- Up-to-date: /home/ubuntu/Desktop/cartographer_ws/install/cartographer_ros_msgs/include/cartographer_ros_msgs/srv/detail/write_state__functions.c
[10.299s] -- Up-to-date: /home/ubuntu/Desktop/cartographer_ws/install/cartographer_ros_msgs/include/cartographer_ros_msgs/srv/detail/write_state__struct.h
[10.306s] -- Up-to-date: /home/ubuntu/Desktop/cartographer_ws/install/cartographer_ros_msgs/include/cartographer_ros_msgs/srv/detail/finish_trajectory__struct.h
[10.308s] -- Up-to-date: /home/ubuntu/Desktop/cartographer_ws/install/cartographer_ros_msgs/include/cartographer_ros_msgs/srv/detail/finish_trajectory__type_support.h
[10.309s] -- Up-to-date: /home/ubuntu/Desktop/cartographer_ws/install/cartographer_ros_msgs/include/cartographer_ros_msgs/srv/detail/finish_trajectory__functions.h
[10.310s] -- Up-to-date: /home/ubuntu/Desktop/cartographer_ws/install/cartographer_ros_msgs/include/cartographer_ros_msgs/srv/detail/start_trajectory__struct.h
[10.310s] -- Up-to-date: /home/ubuntu/Desktop/cartographer_ws/install/cartographer_ros_msgs/include/cartographer_ros_msgs/srv/detail/write_state__type_support.h
[10.311s] -- Up-to-date: /home/ubuntu/Desktop/cartographer_ws/install/cartographer_ros_msgs/include/cartographer_ros_msgs/srv/detail/submap_query__struct.h
[10.311s] -- Up-to-date: /home/ubuntu/Desktop/cartographer_ws/install/cartographer_ros_msgs/include/cartographer_ros_msgs/srv/detail/write_state__functions.h
[10.316s] -- Up-to-date: /home/ubuntu/Desktop/cartographer_ws/install/cartographer_ros_msgs/include/cartographer_ros_msgs/srv/detail/finish_trajectory__functions.c
[10.316s] -- Up-to-date: /home/ubuntu/Desktop/cartographer_ws/install/cartographer_ros_msgs/include/cartographer_ros_msgs/srv/detail/submap_query__type_support.h
[10.317s] -- Up-to-date: /home/ubuntu/Desktop/cartographer_ws/install/cartographer_ros_msgs/include/cartographer_ros_msgs/srv/detail/start_trajectory__type_support.h
[10.317s] -- Up-to-date: /home/ubuntu/Desktop/cartographer_ws/install/cartographer_ros_msgs/include/cartographer_ros_msgs/srv/detail/start_trajectory__functions.h
[10.318s] -- Up-to-date: /home/ubuntu/Desktop/cartographer_ws/install/cartographer_ros_msgs/include/cartographer_ros_msgs/srv/detail/submap_query__functions.h
[10.318s] -- Up-to-date: /home/ubuntu/Desktop/cartographer_ws/install/cartographer_ros_msgs/include/cartographer_ros_msgs/srv/submap_query.h
[10.319s] -- Up-to-date: /home/ubuntu/Desktop/cartographer_ws/install/cartographer_ros_msgs/include/cartographer_ros_msgs/msg
[10.319s] -- Up-to-date: /home/ubuntu/Desktop/cartographer_ws/install/cartographer_ros_msgs/include/cartographer_ros_msgs/msg/submap_texture.h
[10.320s] -- Up-to-date: /home/ubuntu/Desktop/cartographer_ws/install/cartographer_ros_msgs/include/cartographer_ros_msgs/msg/submap_list.h
[10.323s] -- Up-to-date: /home/ubuntu/Desktop/cartographer_ws/install/cartographer_ros_msgs/include/cartographer_ros_msgs/msg/sensor_topics.h
[10.323s] -- Up-to-date: /home/ubuntu/Desktop/cartographer_ws/install/cartographer_ros_msgs/include/cartographer_ros_msgs/msg/landmark_entry.h
[10.326s] -- Up-to-date: /home/ubuntu/Desktop/cartographer_ws/install/cartographer_ros_msgs/include/cartographer_ros_msgs/msg/status_code.h
[10.327s] -- Up-to-date: /home/ubuntu/Desktop/cartographer_ws/install/cartographer_ros_msgs/include/cartographer_ros_msgs/msg/landmark_list.h
[10.330s] -- Up-to-date: /home/ubuntu/Desktop/cartographer_ws/install/cartographer_ros_msgs/include/cartographer_ros_msgs/msg/rosidl_generator_c__visibility_control.h
[10.330s] -- Up-to-date: /home/ubuntu/Desktop/cartographer_ws/install/cartographer_ros_msgs/include/cartographer_ros_msgs/msg/submap_entry.h
[10.330s] -- Up-to-date: /home/ubuntu/Desktop/cartographer_ws/install/cartographer_ros_msgs/include/cartographer_ros_msgs/msg/trajectory_options.h
[10.331s] -- Up-to-date: /home/ubuntu/Desktop/cartographer_ws/install/cartographer_ros_msgs/include/cartographer_ros_msgs/msg/detail
[10.334s] -- Up-to-date: /home/ubuntu/Desktop/cartographer_ws/install/cartographer_ros_msgs/include/cartographer_ros_msgs/msg/detail/submap_entry__functions.h
[10.334s] -- Up-to-date: /home/ubuntu/Desktop/cartographer_ws/install/cartographer_ros_msgs/include/cartographer_ros_msgs/msg/detail/trajectory_options__type_support.h
[10.334s] -- Up-to-date: /home/ubuntu/Desktop/cartographer_ws/install/cartographer_ros_msgs/include/cartographer_ros_msgs/msg/detail/landmark_list__struct.h
[10.338s] -- Up-to-date: /home/ubuntu/Desktop/cartographer_ws/install/cartographer_ros_msgs/include/cartographer_ros_msgs/msg/detail/submap_texture__type_support.h
[10.338s] -- Up-to-date: /home/ubuntu/Desktop/cartographer_ws/install/cartographer_ros_msgs/include/cartographer_ros_msgs/msg/detail/trajectory_options__functions.c
[10.338s] -- Up-to-date: /home/ubuntu/Desktop/cartographer_ws/install/cartographer_ros_msgs/include/cartographer_ros_msgs/msg/detail/submap_entry__type_support.h
[10.339s] -- Up-to-date: /home/ubuntu/Desktop/cartographer_ws/install/cartographer_ros_msgs/include/cartographer_ros_msgs/msg/detail/landmark_list__functions.h
[10.343s] -- Up-to-date: /home/ubuntu/Desktop/cartographer_ws/install/cartographer_ros_msgs/include/cartographer_ros_msgs/msg/detail/submap_entry__struct.h
[10.344s] -- Up-to-date: /home/ubuntu/Desktop/cartographer_ws/install/cartographer_ros_msgs/include/cartographer_ros_msgs/msg/detail/submap_texture__struct.h
[10.344s] -- Up-to-date: /home/ubuntu/Desktop/cartographer_ws/install/cartographer_ros_msgs/include/cartographer_ros_msgs/msg/detail/landmark_list__functions.c
[10.344s] -- Up-to-date: /home/ubuntu/Desktop/cartographer_ws/install/cartographer_ros_msgs/include/cartographer_ros_msgs/msg/detail/landmark_entry__type_support.h
[10.344s] -- Up-to-date: /home/ubuntu/Desktop/cartographer_ws/install/cartographer_ros_msgs/include/cartographer_ros_msgs/msg/detail/submap_list__functions.c
[10.344s] -- Up-to-date: /home/ubuntu/Desktop/cartographer_ws/install/cartographer_ros_msgs/include/cartographer_ros_msgs/msg/detail/status_response__type_support.h
[10.345s] -- Up-to-date: /home/ubuntu/Desktop/cartographer_ws/install/cartographer_ros_msgs/include/cartographer_ros_msgs/msg/detail/sensor_topics__functions.h
[10.345s] -- Up-to-date: /home/ubuntu/Desktop/cartographer_ws/install/cartographer_ros_msgs/include/cartographer_ros_msgs/msg/detail/sensor_topics__functions.c
[10.345s] -- Up-to-date: /home/ubuntu/Desktop/cartographer_ws/install/cartographer_ros_msgs/include/cartographer_ros_msgs/msg/detail/trajectory_options__functions.h
[10.345s] -- Up-to-date: /home/ubuntu/Desktop/cartographer_ws/install/cartographer_ros_msgs/include/cartographer_ros_msgs/msg/detail/sensor_topics__struct.h
[10.345s] -- Up-to-date: /home/ubuntu/Desktop/cartographer_ws/install/cartographer_ros_msgs/include/cartographer_ros_msgs/msg/detail/status_response__struct.h
[10.345s] -- Up-to-date: /home/ubuntu/Desktop/cartographer_ws/install/cartographer_ros_msgs/include/cartographer_ros_msgs/msg/detail/status_response__functions.h
[10.345s] -- Up-to-date: /home/ubuntu/Desktop/cartographer_ws/install/cartographer_ros_msgs/include/cartographer_ros_msgs/msg/detail/status_code__type_support.h
[10.346s] -- Up-to-date: /home/ubuntu/Desktop/cartographer_ws/install/cartographer_ros_msgs/include/cartographer_ros_msgs/msg/detail/status_code__struct.h
[10.346s] -- Up-to-date: /home/ubuntu/Desktop/cartographer_ws/install/cartographer_ros_msgs/include/cartographer_ros_msgs/msg/detail/landmark_entry__functions.c
[10.346s] -- Up-to-date: /home/ubuntu/Desktop/cartographer_ws/install/cartographer_ros_msgs/include/cartographer_ros_msgs/msg/detail/submap_texture__functions.c
[10.346s] -- Up-to-date: /home/ubuntu/Desktop/cartographer_ws/install/cartographer_ros_msgs/include/cartographer_ros_msgs/msg/detail/trajectory_options__struct.h
[10.346s] -- Up-to-date: /home/ubuntu/Desktop/cartographer_ws/install/cartographer_ros_msgs/include/cartographer_ros_msgs/msg/detail/submap_texture__functions.h
[10.347s] -- Up-to-date: /home/ubuntu/Desktop/cartographer_ws/install/cartographer_ros_msgs/include/cartographer_ros_msgs/msg/detail/status_code__functions.h
[10.347s] -- Up-to-date: /home/ubuntu/Desktop/cartographer_ws/install/cartographer_ros_msgs/include/cartographer_ros_msgs/msg/detail/sensor_topics__type_support.h
[10.347s] -- Up-to-date: /home/ubuntu/Desktop/cartographer_ws/install/cartographer_ros_msgs/include/cartographer_ros_msgs/msg/detail/status_code__functions.c
[10.347s] -- Up-to-date: /home/ubuntu/Desktop/cartographer_ws/install/cartographer_ros_msgs/include/cartographer_ros_msgs/msg/detail/submap_entry__functions.c
[10.361s] -- Up-to-date: /home/ubuntu/Desktop/cartographer_ws/install/cartographer_ros_msgs/include/cartographer_ros_msgs/msg/detail/status_response__functions.c
[10.363s] -- Up-to-date: /home/ubuntu/Desktop/cartographer_ws/install/cartographer_ros_msgs/include/cartographer_ros_msgs/msg/detail/landmark_list__type_support.h
[10.363s] -- Up-to-date: /home/ubuntu/Desktop/cartographer_ws/install/cartographer_ros_msgs/include/cartographer_ros_msgs/msg/detail/landmark_entry__struct.h
[10.363s] -- Up-to-date: /home/ubuntu/Desktop/cartographer_ws/install/cartographer_ros_msgs/include/cartographer_ros_msgs/msg/detail/landmark_entry__functions.h
[10.364s] -- Up-to-date: /home/ubuntu/Desktop/cartographer_ws/install/cartographer_ros_msgs/include/cartographer_ros_msgs/msg/detail/submap_list__struct.h
[10.364s] -- Up-to-date: /home/ubuntu/Desktop/cartographer_ws/install/cartographer_ros_msgs/include/cartographer_ros_msgs/msg/detail/submap_list__type_support.h
[10.364s] -- Up-to-date: /home/ubuntu/Desktop/cartographer_ws/install/cartographer_ros_msgs/include/cartographer_ros_msgs/msg/detail/submap_list__functions.h
[10.364s] -- Up-to-date: /home/ubuntu/Desktop/cartographer_ws/install/cartographer_ros_msgs/include/cartographer_ros_msgs/msg/status_response.h
[10.364s] -- Up-to-date: /home/ubuntu/Desktop/cartographer_ws/install/cartographer_ros_msgs/share/cartographer_ros_msgs/environment/library_path.sh
[10.364s] -- Up-to-date: /home/ubuntu/Desktop/cartographer_ws/install/cartographer_ros_msgs/share/cartographer_ros_msgs/environment/library_path.dsv
[10.365s] -- Up-to-date: /home/ubuntu/Desktop/cartographer_ws/install/cartographer_ros_msgs/lib/libcartographer_ros_msgs__rosidl_generator_c.so
[10.365s] -- Up-to-date: /home/ubuntu/Desktop/cartographer_ws/install/cartographer_ros_msgs/include/cartographer_ros_msgs
[10.365s] -- Up-to-date: /home/ubuntu/Desktop/cartographer_ws/install/cartographer_ros_msgs/include/cartographer_ros_msgs/srv
[10.365s] -- Up-to-date: /home/ubuntu/Desktop/cartographer_ws/install/cartographer_ros_msgs/include/cartographer_ros_msgs/srv/detail
[10.365s] -- Up-to-date: /home/ubuntu/Desktop/cartographer_ws/install/cartographer_ros_msgs/include/cartographer_ros_msgs/srv/detail/write_state__rosidl_typesupport_fastrtps_c.h
[10.365s] -- Up-to-date: /home/ubuntu/Desktop/cartographer_ws/install/cartographer_ros_msgs/include/cartographer_ros_msgs/srv/detail/submap_query__rosidl_typesupport_fastrtps_c.h
[10.366s] -- Up-to-date: /home/ubuntu/Desktop/cartographer_ws/install/cartographer_ros_msgs/include/cartographer_ros_msgs/srv/detail/finish_trajectory__rosidl_typesupport_fastrtps_c.h
[10.366s] -- Up-to-date: /home/ubuntu/Desktop/cartographer_ws/install/cartographer_ros_msgs/include/cartographer_ros_msgs/srv/detail/start_trajectory__rosidl_typesupport_fastrtps_c.h
[10.366s] -- Up-to-date: /home/ubuntu/Desktop/cartographer_ws/install/cartographer_ros_msgs/include/cartographer_ros_msgs/msg
[10.366s] -- Up-to-date: /home/ubuntu/Desktop/cartographer_ws/install/cartographer_ros_msgs/include/cartographer_ros_msgs/msg/rosidl_typesupport_fastrtps_c__visibility_control.h
[10.366s] -- Up-to-date: /home/ubuntu/Desktop/cartographer_ws/install/cartographer_ros_msgs/include/cartographer_ros_msgs/msg/detail
[10.366s] -- Up-to-date: /home/ubuntu/Desktop/cartographer_ws/install/cartographer_ros_msgs/include/cartographer_ros_msgs/msg/detail/landmark_list__rosidl_typesupport_fastrtps_c.h
[10.367s] -- Up-to-date: /home/ubuntu/Desktop/cartographer_ws/install/cartographer_ros_msgs/include/cartographer_ros_msgs/msg/detail/submap_entry__rosidl_typesupport_fastrtps_c.h
[10.367s] -- Up-to-date: /home/ubuntu/Desktop/cartographer_ws/install/cartographer_ros_msgs/include/cartographer_ros_msgs/msg/detail/sensor_topics__rosidl_typesupport_fastrtps_c.h
[10.367s] -- Up-to-date: /home/ubuntu/Desktop/cartographer_ws/install/cartographer_ros_msgs/include/cartographer_ros_msgs/msg/detail/landmark_entry__rosidl_typesupport_fastrtps_c.h
[10.367s] -- Up-to-date: /home/ubuntu/Desktop/cartographer_ws/install/cartographer_ros_msgs/include/cartographer_ros_msgs/msg/detail/trajectory_options__rosidl_typesupport_fastrtps_c.h
[10.367s] -- Up-to-date: /home/ubuntu/Desktop/cartographer_ws/install/cartographer_ros_msgs/include/cartographer_ros_msgs/msg/detail/submap_list__rosidl_typesupport_fastrtps_c.h
[10.381s] -- Up-to-date: /home/ubuntu/Desktop/cartographer_ws/install/cartographer_ros_msgs/include/cartographer_ros_msgs/msg/detail/status_code__rosidl_typesupport_fastrtps_c.h
[10.381s] -- Up-to-date: /home/ubuntu/Desktop/cartographer_ws/install/cartographer_ros_msgs/include/cartographer_ros_msgs/msg/detail/submap_texture__rosidl_typesupport_fastrtps_c.h
[10.381s] -- Up-to-date: /home/ubuntu/Desktop/cartographer_ws/install/cartographer_ros_msgs/include/cartographer_ros_msgs/msg/detail/status_response__rosidl_typesupport_fastrtps_c.h
[10.382s] -- Up-to-date: /home/ubuntu/Desktop/cartographer_ws/install/cartographer_ros_msgs/lib/libcartographer_ros_msgs__rosidl_typesupport_fastrtps_c.so
[10.382s] -- Up-to-date: /home/ubuntu/Desktop/cartographer_ws/install/cartographer_ros_msgs/include/cartographer_ros_msgs
[10.382s] -- Up-to-date: /home/ubuntu/Desktop/cartographer_ws/install/cartographer_ros_msgs/include/cartographer_ros_msgs/srv
[10.382s] -- Up-to-date: /home/ubuntu/Desktop/cartographer_ws/install/cartographer_ros_msgs/include/cartographer_ros_msgs/srv/detail
[10.382s] -- Up-to-date: /home/ubuntu/Desktop/cartographer_ws/install/cartographer_ros_msgs/include/cartographer_ros_msgs/srv/detail/finish_trajectory__rosidl_typesupport_fastrtps_cpp.hpp
[10.383s] -- Up-to-date: /home/ubuntu/Desktop/cartographer_ws/install/cartographer_ros_msgs/include/cartographer_ros_msgs/srv/detail/start_trajectory__rosidl_typesupport_fastrtps_cpp.hpp
[10.383s] -- Up-to-date: /home/ubuntu/Desktop/cartographer_ws/install/cartographer_ros_msgs/include/cartographer_ros_msgs/srv/detail/write_state__rosidl_typesupport_fastrtps_cpp.hpp
[10.383s] -- Up-to-date: /home/ubuntu/Desktop/cartographer_ws/install/cartographer_ros_msgs/include/cartographer_ros_msgs/srv/detail/dds_fastrtps
[10.394s] -- Up-to-date: /home/ubuntu/Desktop/cartographer_ws/install/cartographer_ros_msgs/include/cartographer_ros_msgs/srv/detail/submap_query__rosidl_typesupport_fastrtps_cpp.hpp
[10.395s] -- Up-to-date: /home/ubuntu/Desktop/cartographer_ws/install/cartographer_ros_msgs/include/cartographer_ros_msgs/msg
[10.395s] -- Up-to-date: /home/ubuntu/Desktop/cartographer_ws/install/cartographer_ros_msgs/include/cartographer_ros_msgs/msg/rosidl_typesupport_fastrtps_cpp__visibility_control.h
[10.395s] -- Up-to-date: /home/ubuntu/Desktop/cartographer_ws/install/cartographer_ros_msgs/include/cartographer_ros_msgs/msg/detail
[10.395s] -- Up-to-date: /home/ubuntu/Desktop/cartographer_ws/install/cartographer_ros_msgs/include/cartographer_ros_msgs/msg/detail/submap_list__rosidl_typesupport_fastrtps_cpp.hpp
[10.396s] -- Up-to-date: /home/ubuntu/Desktop/cartographer_ws/install/cartographer_ros_msgs/include/cartographer_ros_msgs/msg/detail/trajectory_options__rosidl_typesupport_fastrtps_cpp.hpp
[10.396s] -- Up-to-date: /home/ubuntu/Desktop/cartographer_ws/install/cartographer_ros_msgs/include/cartographer_ros_msgs/msg/detail/landmark_list__rosidl_typesupport_fastrtps_cpp.hpp
[10.396s] -- Up-to-date: /home/ubuntu/Desktop/cartographer_ws/install/cartographer_ros_msgs/include/cartographer_ros_msgs/msg/detail/submap_entry__rosidl_typesupport_fastrtps_cpp.hpp
[10.396s] -- Up-to-date: /home/ubuntu/Desktop/cartographer_ws/install/cartographer_ros_msgs/include/cartographer_ros_msgs/msg/detail/status_response__rosidl_typesupport_fastrtps_cpp.hpp
[10.396s] -- Up-to-date: /home/ubuntu/Desktop/cartographer_ws/install/cartographer_ros_msgs/include/cartographer_ros_msgs/msg/detail/status_code__rosidl_typesupport_fastrtps_cpp.hpp
[10.397s] -- Up-to-date: /home/ubuntu/Desktop/cartographer_ws/install/cartographer_ros_msgs/include/cartographer_ros_msgs/msg/detail/sensor_topics__rosidl_typesupport_fastrtps_cpp.hpp
[10.399s] -- Up-to-date: /home/ubuntu/Desktop/cartographer_ws/install/cartographer_ros_msgs/include/cartographer_ros_msgs/msg/detail/landmark_entry__rosidl_typesupport_fastrtps_cpp.hpp
[10.400s] -- Up-to-date: /home/ubuntu/Desktop/cartographer_ws/install/cartographer_ros_msgs/include/cartographer_ros_msgs/msg/detail/submap_texture__rosidl_typesupport_fastrtps_cpp.hpp
[10.401s] -- Up-to-date: /home/ubuntu/Desktop/cartographer_ws/install/cartographer_ros_msgs/include/cartographer_ros_msgs/msg/detail/dds_fastrtps
[10.401s] -- Up-to-date: /home/ubuntu/Desktop/cartographer_ws/install/cartographer_ros_msgs/lib/libcartographer_ros_msgs__rosidl_typesupport_fastrtps_cpp.so
[10.401s] -- Up-to-date: /home/ubuntu/Desktop/cartographer_ws/install/cartographer_ros_msgs/include/cartographer_ros_msgs
[10.401s] -- Up-to-date: /home/ubuntu/Desktop/cartographer_ws/install/cartographer_ros_msgs/include/cartographer_ros_msgs/srv
[10.401s] -- Up-to-date: /home/ubuntu/Desktop/cartographer_ws/install/cartographer_ros_msgs/include/cartographer_ros_msgs/srv/detail
[10.401s] -- Up-to-date: /home/ubuntu/Desktop/cartographer_ws/install/cartographer_ros_msgs/include/cartographer_ros_msgs/srv/detail/write_state__rosidl_typesupport_introspection_c.h
[10.401s] -- Up-to-date: /home/ubuntu/Desktop/cartographer_ws/install/cartographer_ros_msgs/include/cartographer_ros_msgs/srv/detail/submap_query__rosidl_typesupport_introspection_c.h
[10.402s] -- Up-to-date: /home/ubuntu/Desktop/cartographer_ws/install/cartographer_ros_msgs/include/cartographer_ros_msgs/srv/detail/submap_query__type_support.c
[10.402s] -- Up-to-date: /home/ubuntu/Desktop/cartographer_ws/install/cartographer_ros_msgs/include/cartographer_ros_msgs/srv/detail/finish_trajectory__rosidl_typesupport_introspection_c.h
[10.402s] -- Up-to-date: /home/ubuntu/Desktop/cartographer_ws/install/cartographer_ros_msgs/include/cartographer_ros_msgs/srv/detail/write_state__type_support.c
[10.402s] -- Up-to-date: /home/ubuntu/Desktop/cartographer_ws/install/cartographer_ros_msgs/include/cartographer_ros_msgs/srv/detail/start_trajectory__rosidl_typesupport_introspection_c.h
[10.402s] -- Up-to-date: /home/ubuntu/Desktop/cartographer_ws/install/cartographer_ros_msgs/include/cartographer_ros_msgs/srv/detail/start_trajectory__type_support.c
[10.402s] -- Up-to-date: /home/ubuntu/Desktop/cartographer_ws/install/cartographer_ros_msgs/include/cartographer_ros_msgs/srv/detail/finish_trajectory__type_support.c
[10.403s] -- Up-to-date: /home/ubuntu/Desktop/cartographer_ws/install/cartographer_ros_msgs/include/cartographer_ros_msgs/msg
[10.403s] -- Up-to-date: /home/ubuntu/Desktop/cartographer_ws/install/cartographer_ros_msgs/include/cartographer_ros_msgs/msg/detail
[10.403s] -- Up-to-date: /home/ubuntu/Desktop/cartographer_ws/install/cartographer_ros_msgs/include/cartographer_ros_msgs/msg/detail/status_code__type_support.c
[10.403s] -- Up-to-date: /home/ubuntu/Desktop/cartographer_ws/install/cartographer_ros_msgs/include/cartographer_ros_msgs/msg/detail/submap_entry__type_support.c
[10.403s] -- Up-to-date: /home/ubuntu/Desktop/cartographer_ws/install/cartographer_ros_msgs/include/cartographer_ros_msgs/msg/detail/status_response__rosidl_typesupport_introspection_c.h
[10.413s] -- Up-to-date: /home/ubuntu/Desktop/cartographer_ws/install/cartographer_ros_msgs/include/cartographer_ros_msgs/msg/detail/status_code__rosidl_typesupport_introspection_c.h
[10.414s] -- Up-to-date: /home/ubuntu/Desktop/cartographer_ws/install/cartographer_ros_msgs/include/cartographer_ros_msgs/msg/detail/landmark_list__type_support.c
[10.414s] -- Up-to-date: /home/ubuntu/Desktop/cartographer_ws/install/cartographer_ros_msgs/include/cartographer_ros_msgs/msg/detail/landmark_list__rosidl_typesupport_introspection_c.h
[10.414s] -- Up-to-date: /home/ubuntu/Desktop/cartographer_ws/install/cartographer_ros_msgs/include/cartographer_ros_msgs/msg/detail/sensor_topics__rosidl_typesupport_introspection_c.h
[10.414s] -- Up-to-date: /home/ubuntu/Desktop/cartographer_ws/install/cartographer_ros_msgs/include/cartographer_ros_msgs/msg/detail/trajectory_options__type_support.c
[10.414s] -- Up-to-date: /home/ubuntu/Desktop/cartographer_ws/install/cartographer_ros_msgs/include/cartographer_ros_msgs/msg/detail/trajectory_options__rosidl_typesupport_introspection_c.h
[10.414s] -- Up-to-date: /home/ubuntu/Desktop/cartographer_ws/install/cartographer_ros_msgs/include/cartographer_ros_msgs/msg/detail/submap_entry__rosidl_typesupport_introspection_c.h
[10.415s] -- Up-to-date: /home/ubuntu/Desktop/cartographer_ws/install/cartographer_ros_msgs/include/cartographer_ros_msgs/msg/detail/landmark_entry__rosidl_typesupport_introspection_c.h
[10.415s] -- Up-to-date: /home/ubuntu/Desktop/cartographer_ws/install/cartographer_ros_msgs/include/cartographer_ros_msgs/msg/detail/status_response__type_support.c
[10.415s] -- Up-to-date: /home/ubuntu/Desktop/cartographer_ws/install/cartographer_ros_msgs/include/cartographer_ros_msgs/msg/detail/submap_list__rosidl_typesupport_introspection_c.h
[10.415s] -- Up-to-date: /home/ubuntu/Desktop/cartographer_ws/install/cartographer_ros_msgs/include/cartographer_ros_msgs/msg/detail/submap_texture__rosidl_typesupport_introspection_c.h
[10.415s] -- Up-to-date: /home/ubuntu/Desktop/cartographer_ws/install/cartographer_ros_msgs/include/cartographer_ros_msgs/msg/detail/submap_texture__type_support.c
[10.424s] -- Up-to-date: /home/ubuntu/Desktop/cartographer_ws/install/cartographer_ros_msgs/include/cartographer_ros_msgs/msg/detail/sensor_topics__type_support.c
[10.424s] -- Up-to-date: /home/ubuntu/Desktop/cartographer_ws/install/cartographer_ros_msgs/include/cartographer_ros_msgs/msg/detail/submap_list__type_support.c
[10.424s] -- Up-to-date: /home/ubuntu/Desktop/cartographer_ws/install/cartographer_ros_msgs/include/cartographer_ros_msgs/msg/detail/landmark_entry__type_support.c
[10.424s] -- Up-to-date: /home/ubuntu/Desktop/cartographer_ws/install/cartographer_ros_msgs/include/cartographer_ros_msgs/msg/rosidl_typesupport_introspection_c__visibility_control.h
[10.424s] -- Up-to-date: /home/ubuntu/Desktop/cartographer_ws/install/cartographer_ros_msgs/lib/libcartographer_ros_msgs__rosidl_typesupport_introspection_c.so
[10.424s] -- Up-to-date: /home/ubuntu/Desktop/cartographer_ws/install/cartographer_ros_msgs/lib/libcartographer_ros_msgs__rosidl_typesupport_c.so
[10.424s] -- Up-to-date: /home/ubuntu/Desktop/cartographer_ws/install/cartographer_ros_msgs/include/cartographer_ros_msgs
[10.424s] -- Up-to-date: /home/ubuntu/Desktop/cartographer_ws/install/cartographer_ros_msgs/include/cartographer_ros_msgs/srv
[10.425s] -- Up-to-date: /home/ubuntu/Desktop/cartographer_ws/install/cartographer_ros_msgs/include/cartographer_ros_msgs/srv/write_state.hpp
[10.425s] -- Up-to-date: /home/ubuntu/Desktop/cartographer_ws/install/cartographer_ros_msgs/include/cartographer_ros_msgs/srv/start_trajectory.hpp
[10.425s] -- Up-to-date: /home/ubuntu/Desktop/cartographer_ws/install/cartographer_ros_msgs/include/cartographer_ros_msgs/srv/submap_query.hpp
[10.425s] -- Up-to-date: /home/ubuntu/Desktop/cartographer_ws/install/cartographer_ros_msgs/include/cartographer_ros_msgs/srv/detail
[10.425s] -- Up-to-date: /home/ubuntu/Desktop/cartographer_ws/install/cartographer_ros_msgs/include/cartographer_ros_msgs/srv/detail/finish_trajectory__type_support.hpp
[10.425s] -- Up-to-date: /home/ubuntu/Desktop/cartographer_ws/install/cartographer_ros_msgs/include/cartographer_ros_msgs/srv/detail/start_trajectory__struct.hpp
[10.425s] -- Up-to-date: /home/ubuntu/Desktop/cartographer_ws/install/cartographer_ros_msgs/include/cartographer_ros_msgs/srv/detail/submap_query__traits.hpp
[10.425s] -- Up-to-date: /home/ubuntu/Desktop/cartographer_ws/install/cartographer_ros_msgs/include/cartographer_ros_msgs/srv/detail/write_state__struct.hpp
[10.425s] -- Up-to-date: /home/ubuntu/Desktop/cartographer_ws/install/cartographer_ros_msgs/include/cartographer_ros_msgs/srv/detail/submap_query__struct.hpp
[10.425s] -- Up-to-date: /home/ubuntu/Desktop/cartographer_ws/install/cartographer_ros_msgs/include/cartographer_ros_msgs/srv/detail/submap_query__type_support.hpp
[10.426s] -- Up-to-date: /home/ubuntu/Desktop/cartographer_ws/install/cartographer_ros_msgs/include/cartographer_ros_msgs/srv/detail/submap_query__builder.hpp
[10.426s] -- Up-to-date: /home/ubuntu/Desktop/cartographer_ws/install/cartographer_ros_msgs/include/cartographer_ros_msgs/srv/detail/finish_trajectory__traits.hpp
[10.435s] -- Up-to-date: /home/ubuntu/Desktop/cartographer_ws/install/cartographer_ros_msgs/include/cartographer_ros_msgs/srv/detail/write_state__traits.hpp
[10.435s] -- Up-to-date: /home/ubuntu/Desktop/cartographer_ws/install/cartographer_ros_msgs/include/cartographer_ros_msgs/srv/detail/start_trajectory__builder.hpp
[10.435s] -- Up-to-date: /home/ubuntu/Desktop/cartographer_ws/install/cartographer_ros_msgs/include/cartographer_ros_msgs/srv/detail/finish_trajectory__builder.hpp
[10.435s] -- Up-to-date: /home/ubuntu/Desktop/cartographer_ws/install/cartographer_ros_msgs/include/cartographer_ros_msgs/srv/detail/write_state__type_support.hpp
[10.436s] -- Up-to-date: /home/ubuntu/Desktop/cartographer_ws/install/cartographer_ros_msgs/include/cartographer_ros_msgs/srv/detail/start_trajectory__type_support.hpp
[10.436s] -- Up-to-date: /home/ubuntu/Desktop/cartographer_ws/install/cartographer_ros_msgs/include/cartographer_ros_msgs/srv/detail/start_trajectory__traits.hpp
[10.436s] -- Up-to-date: /home/ubuntu/Desktop/cartographer_ws/install/cartographer_ros_msgs/include/cartographer_ros_msgs/srv/detail/finish_trajectory__struct.hpp
[10.436s] -- Up-to-date: /home/ubuntu/Desktop/cartographer_ws/install/cartographer_ros_msgs/include/cartographer_ros_msgs/srv/detail/write_state__builder.hpp
[10.436s] -- Up-to-date: /home/ubuntu/Desktop/cartographer_ws/install/cartographer_ros_msgs/include/cartographer_ros_msgs/srv/finish_trajectory.hpp
[10.436s] -- Up-to-date: /home/ubuntu/Desktop/cartographer_ws/install/cartographer_ros_msgs/include/cartographer_ros_msgs/msg
[10.437s] -- Up-to-date: /home/ubuntu/Desktop/cartographer_ws/install/cartographer_ros_msgs/include/cartographer_ros_msgs/msg/submap_list.hpp
[10.437s] -- Up-to-date: /home/ubuntu/Desktop/cartographer_ws/install/cartographer_ros_msgs/include/cartographer_ros_msgs/msg/status_response.hpp
[10.437s] -- Up-to-date: /home/ubuntu/Desktop/cartographer_ws/install/cartographer_ros_msgs/include/cartographer_ros_msgs/msg/status_code.hpp
[10.437s] -- Up-to-date: /home/ubuntu/Desktop/cartographer_ws/install/cartographer_ros_msgs/include/cartographer_ros_msgs/msg/submap_texture.hpp
[10.437s] -- Up-to-date: /home/ubuntu/Desktop/cartographer_ws/install/cartographer_ros_msgs/include/cartographer_ros_msgs/msg/landmark_list.hpp
[10.437s] -- Up-to-date: /home/ubuntu/Desktop/cartographer_ws/install/cartographer_ros_msgs/include/cartographer_ros_msgs/msg/sensor_topics.hpp
[10.438s] -- Up-to-date: /home/ubuntu/Desktop/cartographer_ws/install/cartographer_ros_msgs/include/cartographer_ros_msgs/msg/landmark_entry.hpp
[10.438s] -- Up-to-date: /home/ubuntu/Desktop/cartographer_ws/install/cartographer_ros_msgs/include/cartographer_ros_msgs/msg/trajectory_options.hpp
[10.438s] -- Up-to-date: /home/ubuntu/Desktop/cartographer_ws/install/cartographer_ros_msgs/include/cartographer_ros_msgs/msg/rosidl_generator_cpp__visibility_control.hpp
[10.438s] -- Up-to-date: /home/ubuntu/Desktop/cartographer_ws/install/cartographer_ros_msgs/include/cartographer_ros_msgs/msg/detail
[10.438s] -- Up-to-date: /home/ubuntu/Desktop/cartographer_ws/install/cartographer_ros_msgs/include/cartographer_ros_msgs/msg/detail/status_code__type_support.hpp
[10.438s] -- Up-to-date: /home/ubuntu/Desktop/cartographer_ws/install/cartographer_ros_msgs/include/cartographer_ros_msgs/msg/detail/status_response__traits.hpp
[10.439s] -- Up-to-date: /home/ubuntu/Desktop/cartographer_ws/install/cartographer_ros_msgs/include/cartographer_ros_msgs/msg/detail/status_response__struct.hpp
[10.439s] -- Up-to-date: /home/ubuntu/Desktop/cartographer_ws/install/cartographer_ros_msgs/include/cartographer_ros_msgs/msg/detail/submap_list__builder.hpp
[10.439s] -- Up-to-date: /home/ubuntu/Desktop/cartographer_ws/install/cartographer_ros_msgs/include/cartographer_ros_msgs/msg/detail/landmark_list__traits.hpp
[10.439s] -- Up-to-date: /home/ubuntu/Desktop/cartographer_ws/install/cartographer_ros_msgs/include/cartographer_ros_msgs/msg/detail/sensor_topics__traits.hpp
[10.439s] -- Up-to-date: /home/ubuntu/Desktop/cartographer_ws/install/cartographer_ros_msgs/include/cartographer_ros_msgs/msg/detail/landmark_entry__traits.hpp
[10.446s] -- Up-to-date: /home/ubuntu/Desktop/cartographer_ws/install/cartographer_ros_msgs/include/cartographer_ros_msgs/msg/detail/submap_list__type_support.hpp
[10.451s] -- Up-to-date: /home/ubuntu/Desktop/cartographer_ws/install/cartographer_ros_msgs/include/cartographer_ros_msgs/msg/detail/submap_list__traits.hpp
[10.451s] -- Up-to-date: /home/ubuntu/Desktop/cartographer_ws/install/cartographer_ros_msgs/include/cartographer_ros_msgs/msg/detail/landmark_list__type_support.hpp
[10.451s] -- Up-to-date: /home/ubuntu/Desktop/cartographer_ws/install/cartographer_ros_msgs/include/cartographer_ros_msgs/msg/detail/submap_texture__struct.hpp
[10.451s] -- Up-to-date: /home/ubuntu/Desktop/cartographer_ws/install/cartographer_ros_msgs/include/cartographer_ros_msgs/msg/detail/submap_entry__traits.hpp
[10.456s] -- Up-to-date: /home/ubuntu/Desktop/cartographer_ws/install/cartographer_ros_msgs/include/cartographer_ros_msgs/msg/detail/landmark_list__builder.hpp
[10.456s] -- Up-to-date: /home/ubuntu/Desktop/cartographer_ws/install/cartographer_ros_msgs/include/cartographer_ros_msgs/msg/detail/trajectory_options__traits.hpp
[10.456s] -- Up-to-date: /home/ubuntu/Desktop/cartographer_ws/install/cartographer_ros_msgs/include/cartographer_ros_msgs/msg/detail/submap_texture__builder.hpp
[10.457s] -- Up-to-date: /home/ubuntu/Desktop/cartographer_ws/install/cartographer_ros_msgs/include/cartographer_ros_msgs/msg/detail/status_response__type_support.hpp
[10.457s] -- Up-to-date: /home/ubuntu/Desktop/cartographer_ws/install/cartographer_ros_msgs/include/cartographer_ros_msgs/msg/detail/trajectory_options__type_support.hpp
[10.457s] -- Up-to-date: /home/ubuntu/Desktop/cartographer_ws/install/cartographer_ros_msgs/include/cartographer_ros_msgs/msg/detail/status_code__traits.hpp
[10.457s] -- Up-to-date: /home/ubuntu/Desktop/cartographer_ws/install/cartographer_ros_msgs/include/cartographer_ros_msgs/msg/detail/submap_texture__type_support.hpp
[10.457s] -- Up-to-date: /home/ubuntu/Desktop/cartographer_ws/install/cartographer_ros_msgs/include/cartographer_ros_msgs/msg/detail/status_response__builder.hpp
[10.457s] -- Up-to-date: /home/ubuntu/Desktop/cartographer_ws/install/cartographer_ros_msgs/include/cartographer_ros_msgs/msg/detail/trajectory_options__struct.hpp
[10.458s] -- Up-to-date: /home/ubuntu/Desktop/cartographer_ws/install/cartographer_ros_msgs/include/cartographer_ros_msgs/msg/detail/landmark_list__struct.hpp
[10.458s] -- Up-to-date: /home/ubuntu/Desktop/cartographer_ws/install/cartographer_ros_msgs/include/cartographer_ros_msgs/msg/detail/sensor_topics__struct.hpp
[10.458s] -- Up-to-date: /home/ubuntu/Desktop/cartographer_ws/install/cartographer_ros_msgs/include/cartographer_ros_msgs/msg/detail/landmark_entry__struct.hpp
[10.458s] -- Up-to-date: /home/ubuntu/Desktop/cartographer_ws/install/cartographer_ros_msgs/include/cartographer_ros_msgs/msg/detail/landmark_entry__builder.hpp
[10.458s] -- Up-to-date: /home/ubuntu/Desktop/cartographer_ws/install/cartographer_ros_msgs/include/cartographer_ros_msgs/msg/detail/sensor_topics__builder.hpp
[10.459s] -- Up-to-date: /home/ubuntu/Desktop/cartographer_ws/install/cartographer_ros_msgs/include/cartographer_ros_msgs/msg/detail/submap_entry__builder.hpp
[10.459s] -- Up-to-date: /home/ubuntu/Desktop/cartographer_ws/install/cartographer_ros_msgs/include/cartographer_ros_msgs/msg/detail/submap_texture__traits.hpp
[10.459s] -- Up-to-date: /home/ubuntu/Desktop/cartographer_ws/install/cartographer_ros_msgs/include/cartographer_ros_msgs/msg/detail/landmark_entry__type_support.hpp
[10.459s] -- Up-to-date: /home/ubuntu/Desktop/cartographer_ws/install/cartographer_ros_msgs/include/cartographer_ros_msgs/msg/detail/sensor_topics__type_support.hpp
[10.459s] -- Up-to-date: /home/ubuntu/Desktop/cartographer_ws/install/cartographer_ros_msgs/include/cartographer_ros_msgs/msg/detail/submap_list__struct.hpp
[10.459s] -- Up-to-date: /home/ubuntu/Desktop/cartographer_ws/install/cartographer_ros_msgs/include/cartographer_ros_msgs/msg/detail/trajectory_options__builder.hpp
[10.460s] -- Up-to-date: /home/ubuntu/Desktop/cartographer_ws/install/cartographer_ros_msgs/include/cartographer_ros_msgs/msg/detail/submap_entry__struct.hpp
[10.460s] -- Up-to-date: /home/ubuntu/Desktop/cartographer_ws/install/cartographer_ros_msgs/include/cartographer_ros_msgs/msg/detail/submap_entry__type_support.hpp
[10.466s] -- Up-to-date: /home/ubuntu/Desktop/cartographer_ws/install/cartographer_ros_msgs/include/cartographer_ros_msgs/msg/detail/status_code__struct.hpp
[10.467s] -- Up-to-date: /home/ubuntu/Desktop/cartographer_ws/install/cartographer_ros_msgs/include/cartographer_ros_msgs/msg/detail/status_code__builder.hpp
[10.467s] -- Up-to-date: /home/ubuntu/Desktop/cartographer_ws/install/cartographer_ros_msgs/include/cartographer_ros_msgs/msg/submap_entry.hpp
[10.467s] -- Up-to-date: /home/ubuntu/Desktop/cartographer_ws/install/cartographer_ros_msgs/include/cartographer_ros_msgs
[10.468s] -- Up-to-date: /home/ubuntu/Desktop/cartographer_ws/install/cartographer_ros_msgs/include/cartographer_ros_msgs/srv
[10.468s] -- Up-to-date: /home/ubuntu/Desktop/cartographer_ws/install/cartographer_ros_msgs/include/cartographer_ros_msgs/srv/detail
[10.468s] -- Up-to-date: /home/ubuntu/Desktop/cartographer_ws/install/cartographer_ros_msgs/include/cartographer_ros_msgs/srv/detail/submap_query__rosidl_typesupport_introspection_cpp.hpp
[10.468s] -- Up-to-date: /home/ubuntu/Desktop/cartographer_ws/install/cartographer_ros_msgs/include/cartographer_ros_msgs/srv/detail/finish_trajectory__type_support.cpp
[10.468s] -- Up-to-date: /home/ubuntu/Desktop/cartographer_ws/install/cartographer_ros_msgs/include/cartographer_ros_msgs/srv/detail/start_trajectory__type_support.cpp
[10.468s] -- Up-to-date: /home/ubuntu/Desktop/cartographer_ws/install/cartographer_ros_msgs/include/cartographer_ros_msgs/srv/detail/start_trajectory__rosidl_typesupport_introspection_cpp.hpp
[10.469s] -- Up-to-date: /home/ubuntu/Desktop/cartographer_ws/install/cartographer_ros_msgs/include/cartographer_ros_msgs/srv/detail/write_state__rosidl_typesupport_introspection_cpp.hpp
[10.469s] -- Up-to-date: /home/ubuntu/Desktop/cartographer_ws/install/cartographer_ros_msgs/include/cartographer_ros_msgs/srv/detail/finish_trajectory__rosidl_typesupport_introspection_cpp.hpp
[10.469s] -- Up-to-date: /home/ubuntu/Desktop/cartographer_ws/install/cartographer_ros_msgs/include/cartographer_ros_msgs/srv/detail/write_state__type_support.cpp
[10.469s] -- Up-to-date: /home/ubuntu/Desktop/cartographer_ws/install/cartographer_ros_msgs/include/cartographer_ros_msgs/srv/detail/submap_query__type_support.cpp
[10.470s] -- Up-to-date: /home/ubuntu/Desktop/cartographer_ws/install/cartographer_ros_msgs/include/cartographer_ros_msgs/msg
[10.470s] -- Up-to-date: /home/ubuntu/Desktop/cartographer_ws/install/cartographer_ros_msgs/include/cartographer_ros_msgs/msg/detail
[10.470s] -- Up-to-date: /home/ubuntu/Desktop/cartographer_ws/install/cartographer_ros_msgs/include/cartographer_ros_msgs/msg/detail/submap_texture__rosidl_typesupport_introspection_cpp.hpp
[10.471s] -- Up-to-date: /home/ubuntu/Desktop/cartographer_ws/install/cartographer_ros_msgs/include/cartographer_ros_msgs/msg/detail/status_response__type_support.cpp
[10.471s] -- Up-to-date: /home/ubuntu/Desktop/cartographer_ws/install/cartographer_ros_msgs/include/cartographer_ros_msgs/msg/detail/landmark_entry__type_support.cpp
[10.471s] -- Up-to-date: /home/ubuntu/Desktop/cartographer_ws/install/cartographer_ros_msgs/include/cartographer_ros_msgs/msg/detail/submap_entry__type_support.cpp
[10.471s] -- Up-to-date: /home/ubuntu/Desktop/cartographer_ws/install/cartographer_ros_msgs/include/cartographer_ros_msgs/msg/detail/landmark_list__type_support.cpp
[10.484s] -- Up-to-date: /home/ubuntu/Desktop/cartographer_ws/install/cartographer_ros_msgs/include/cartographer_ros_msgs/msg/detail/trajectory_options__rosidl_typesupport_introspection_cpp.hpp
[10.488s] -- Up-to-date: /home/ubuntu/Desktop/cartographer_ws/install/cartographer_ros_msgs/include/cartographer_ros_msgs/msg/detail/submap_list__rosidl_typesupport_introspection_cpp.hpp
[10.488s] -- Up-to-date: /home/ubuntu/Desktop/cartographer_ws/install/cartographer_ros_msgs/include/cartographer_ros_msgs/msg/detail/sensor_topics__rosidl_typesupport_introspection_cpp.hpp
[10.489s] -- Up-to-date: /home/ubuntu/Desktop/cartographer_ws/install/cartographer_ros_msgs/include/cartographer_ros_msgs/msg/detail/landmark_list__rosidl_typesupport_introspection_cpp.hpp
[10.489s] -- Up-to-date: /home/ubuntu/Desktop/cartographer_ws/install/cartographer_ros_msgs/include/cartographer_ros_msgs/msg/detail/status_response__rosidl_typesupport_introspection_cpp.hpp
[10.489s] -- Up-to-date: /home/ubuntu/Desktop/cartographer_ws/install/cartographer_ros_msgs/include/cartographer_ros_msgs/msg/detail/submap_list__type_support.cpp
[10.489s] -- Up-to-date: /home/ubuntu/Desktop/cartographer_ws/install/cartographer_ros_msgs/include/cartographer_ros_msgs/msg/detail/sensor_topics__type_support.cpp
[10.489s] -- Up-to-date: /home/ubuntu/Desktop/cartographer_ws/install/cartographer_ros_msgs/include/cartographer_ros_msgs/msg/detail/status_code__rosidl_typesupport_introspection_cpp.hpp
[10.489s] -- Up-to-date: /home/ubuntu/Desktop/cartographer_ws/install/cartographer_ros_msgs/include/cartographer_ros_msgs/msg/detail/status_code__type_support.cpp
[10.490s] -- Up-to-date: /home/ubuntu/Desktop/cartographer_ws/install/cartographer_ros_msgs/include/cartographer_ros_msgs/msg/detail/landmark_entry__rosidl_typesupport_introspection_cpp.hpp
[10.490s] -- Up-to-date: /home/ubuntu/Desktop/cartographer_ws/install/cartographer_ros_msgs/include/cartographer_ros_msgs/msg/detail/submap_texture__type_support.cpp
[10.490s] -- Up-to-date: /home/ubuntu/Desktop/cartographer_ws/install/cartographer_ros_msgs/include/cartographer_ros_msgs/msg/detail/submap_entry__rosidl_typesupport_introspection_cpp.hpp
[10.490s] -- Up-to-date: /home/ubuntu/Desktop/cartographer_ws/install/cartographer_ros_msgs/include/cartographer_ros_msgs/msg/detail/trajectory_options__type_support.cpp
[10.490s] -- Up-to-date: /home/ubuntu/Desktop/cartographer_ws/install/cartographer_ros_msgs/lib/libcartographer_ros_msgs__rosidl_typesupport_introspection_cpp.so
[10.490s] -- Up-to-date: /home/ubuntu/Desktop/cartographer_ws/install/cartographer_ros_msgs/lib/libcartographer_ros_msgs__rosidl_typesupport_cpp.so
[10.491s] -- Up-to-date: /home/ubuntu/Desktop/cartographer_ws/install/cartographer_ros_msgs/share/cartographer_ros_msgs/environment/pythonpath.sh
[10.491s] -- Up-to-date: /home/ubuntu/Desktop/cartographer_ws/install/cartographer_ros_msgs/share/cartographer_ros_msgs/environment/pythonpath.dsv
[10.491s] -- Up-to-date: /home/ubuntu/Desktop/cartographer_ws/install/cartographer_ros_msgs/lib/python3.8/site-packages/cartographer_ros_msgs/__init__.py
[10.698s] -- Up-to-date: /home/ubuntu/Desktop/cartographer_ws/install/cartographer_ros_msgs/lib/python3.8/site-packages/cartographer_ros_msgs/msg
[10.699s] -- Up-to-date: /home/ubuntu/Desktop/cartographer_ws/install/cartographer_ros_msgs/lib/python3.8/site-packages/cartographer_ros_msgs/msg/_submap_texture.py
[10.700s] -- Up-to-date: /home/ubuntu/Desktop/cartographer_ws/install/cartographer_ros_msgs/lib/python3.8/site-packages/cartographer_ros_msgs/msg/_submap_entry_s.c
[10.712s] -- Up-to-date: /home/ubuntu/Desktop/cartographer_ws/install/cartographer_ros_msgs/lib/python3.8/site-packages/cartographer_ros_msgs/msg/_submap_entry.py
[10.712s] -- Up-to-date: /home/ubuntu/Desktop/cartographer_ws/install/cartographer_ros_msgs/lib/python3.8/site-packages/cartographer_ros_msgs/msg/_trajectory_options.py
[10.713s] -- Up-to-date: /home/ubuntu/Desktop/cartographer_ws/install/cartographer_ros_msgs/lib/python3.8/site-packages/cartographer_ros_msgs/msg/_sensor_topics_s.c
[10.713s] -- Up-to-date: /home/ubuntu/Desktop/cartographer_ws/install/cartographer_ros_msgs/lib/python3.8/site-packages/cartographer_ros_msgs/msg/__init__.py
[10.713s] -- Up-to-date: /home/ubuntu/Desktop/cartographer_ws/install/cartographer_ros_msgs/lib/python3.8/site-packages/cartographer_ros_msgs/msg/_landmark_entry_s.c
[10.714s] -- Up-to-date: /home/ubuntu/Desktop/cartographer_ws/install/cartographer_ros_msgs/lib/python3.8/site-packages/cartographer_ros_msgs/msg/_submap_list_s.c
[10.715s] -- Up-to-date: /home/ubuntu/Desktop/cartographer_ws/install/cartographer_ros_msgs/lib/python3.8/site-packages/cartographer_ros_msgs/msg/_landmark_entry.py
[10.720s] -- Up-to-date: /home/ubuntu/Desktop/cartographer_ws/install/cartographer_ros_msgs/lib/python3.8/site-packages/cartographer_ros_msgs/msg/_submap_list.py
[10.720s] -- Up-to-date: /home/ubuntu/Desktop/cartographer_ws/install/cartographer_ros_msgs/lib/python3.8/site-packages/cartographer_ros_msgs/msg/_sensor_topics.py
[10.720s] -- Up-to-date: /home/ubuntu/Desktop/cartographer_ws/install/cartographer_ros_msgs/lib/python3.8/site-packages/cartographer_ros_msgs/msg/_landmark_list.py
[10.721s] -- Up-to-date: /home/ubuntu/Desktop/cartographer_ws/install/cartographer_ros_msgs/lib/python3.8/site-packages/cartographer_ros_msgs/msg/_submap_texture_s.c
[10.721s] -- Up-to-date: /home/ubuntu/Desktop/cartographer_ws/install/cartographer_ros_msgs/lib/python3.8/site-packages/cartographer_ros_msgs/msg/_status_response_s.c
[10.721s] -- Up-to-date: /home/ubuntu/Desktop/cartographer_ws/install/cartographer_ros_msgs/lib/python3.8/site-packages/cartographer_ros_msgs/msg/_landmark_list_s.c
[10.721s] -- Up-to-date: /home/ubuntu/Desktop/cartographer_ws/install/cartographer_ros_msgs/lib/python3.8/site-packages/cartographer_ros_msgs/msg/_trajectory_options_s.c
[10.721s] -- Up-to-date: /home/ubuntu/Desktop/cartographer_ws/install/cartographer_ros_msgs/lib/python3.8/site-packages/cartographer_ros_msgs/msg/_status_response.py
[10.721s] -- Up-to-date: /home/ubuntu/Desktop/cartographer_ws/install/cartographer_ros_msgs/lib/python3.8/site-packages/cartographer_ros_msgs/msg/_status_code_s.c
[10.722s] -- Up-to-date: /home/ubuntu/Desktop/cartographer_ws/install/cartographer_ros_msgs/lib/python3.8/site-packages/cartographer_ros_msgs/msg/_status_code.py
[10.722s] -- Up-to-date: /home/ubuntu/Desktop/cartographer_ws/install/cartographer_ros_msgs/lib/python3.8/site-packages/cartographer_ros_msgs/srv
[10.722s] -- Up-to-date: /home/ubuntu/Desktop/cartographer_ws/install/cartographer_ros_msgs/lib/python3.8/site-packages/cartographer_ros_msgs/srv/_finish_trajectory_s.c
[10.722s] -- Up-to-date: /home/ubuntu/Desktop/cartographer_ws/install/cartographer_ros_msgs/lib/python3.8/site-packages/cartographer_ros_msgs/srv/_finish_trajectory.py
[10.722s] -- Up-to-date: /home/ubuntu/Desktop/cartographer_ws/install/cartographer_ros_msgs/lib/python3.8/site-packages/cartographer_ros_msgs/srv/__init__.py
[10.722s] -- Up-to-date: /home/ubuntu/Desktop/cartographer_ws/install/cartographer_ros_msgs/lib/python3.8/site-packages/cartographer_ros_msgs/srv/_submap_query.py
[10.723s] -- Up-to-date: /home/ubuntu/Desktop/cartographer_ws/install/cartographer_ros_msgs/lib/python3.8/site-packages/cartographer_ros_msgs/srv/_write_state_s.c
[10.723s] -- Up-to-date: /home/ubuntu/Desktop/cartographer_ws/install/cartographer_ros_msgs/lib/python3.8/site-packages/cartographer_ros_msgs/srv/_write_state.py
[10.723s] -- Up-to-date: /home/ubuntu/Desktop/cartographer_ws/install/cartographer_ros_msgs/lib/python3.8/site-packages/cartographer_ros_msgs/srv/_submap_query_s.c
[10.723s] -- Up-to-date: /home/ubuntu/Desktop/cartographer_ws/install/cartographer_ros_msgs/lib/python3.8/site-packages/cartographer_ros_msgs/srv/_start_trajectory_s.c
[10.739s] -- Up-to-date: /home/ubuntu/Desktop/cartographer_ws/install/cartographer_ros_msgs/lib/python3.8/site-packages/cartographer_ros_msgs/srv/_start_trajectory.py
[10.740s] -- Up-to-date: /home/ubuntu/Desktop/cartographer_ws/install/cartographer_ros_msgs/lib/python3.8/site-packages/cartographer_ros_msgs/cartographer_ros_msgs_s__rosidl_typesupport_fastrtps_c.cpython-38-x86_64-linux-gnu.so
[10.741s] -- Up-to-date: /home/ubuntu/Desktop/cartographer_ws/install/cartographer_ros_msgs/lib/python3.8/site-packages/cartographer_ros_msgs/cartographer_ros_msgs_s__rosidl_typesupport_introspection_c.cpython-38-x86_64-linux-gnu.so
[10.743s] -- Up-to-date: /home/ubuntu/Desktop/cartographer_ws/install/cartographer_ros_msgs/lib/python3.8/site-packages/cartographer_ros_msgs/cartographer_ros_msgs_s__rosidl_typesupport_c.cpython-38-x86_64-linux-gnu.so
[10.744s] -- Up-to-date: /home/ubuntu/Desktop/cartographer_ws/install/cartographer_ros_msgs/lib/libcartographer_ros_msgs__python.so
[10.744s] -- Up-to-date: /home/ubuntu/Desktop/cartographer_ws/install/cartographer_ros_msgs/share/cartographer_ros_msgs/msg/LandmarkEntry.idl
[10.744s] -- Up-to-date: /home/ubuntu/Desktop/cartographer_ws/install/cartographer_ros_msgs/share/cartographer_ros_msgs/msg/LandmarkList.idl
[10.750s] -- Up-to-date: /home/ubuntu/Desktop/cartographer_ws/install/cartographer_ros_msgs/share/cartographer_ros_msgs/msg/SensorTopics.idl
[10.750s] -- Up-to-date: /home/ubuntu/Desktop/cartographer_ws/install/cartographer_ros_msgs/share/cartographer_ros_msgs/msg/StatusCode.idl
[10.751s] -- Up-to-date: /home/ubuntu/Desktop/cartographer_ws/install/cartographer_ros_msgs/share/cartographer_ros_msgs/msg/StatusResponse.idl
[10.751s] -- Up-to-date: /home/ubuntu/Desktop/cartographer_ws/install/cartographer_ros_msgs/share/cartographer_ros_msgs/msg/SubmapEntry.idl
[10.756s] -- Up-to-date: /home/ubuntu/Desktop/cartographer_ws/install/cartographer_ros_msgs/share/cartographer_ros_msgs/msg/SubmapList.idl
[10.756s] -- Up-to-date: /home/ubuntu/Desktop/cartographer_ws/install/cartographer_ros_msgs/share/cartographer_ros_msgs/msg/SubmapTexture.idl
[10.758s] -- Up-to-date: /home/ubuntu/Desktop/cartographer_ws/install/cartographer_ros_msgs/share/cartographer_ros_msgs/msg/TrajectoryOptions.idl
[10.759s] -- Up-to-date: /home/ubuntu/Desktop/cartographer_ws/install/cartographer_ros_msgs/share/cartographer_ros_msgs/srv/FinishTrajectory.idl
[10.759s] -- Up-to-date: /home/ubuntu/Desktop/cartographer_ws/install/cartographer_ros_msgs/share/cartographer_ros_msgs/srv/StartTrajectory.idl
[10.762s] -- Up-to-date: /home/ubuntu/Desktop/cartographer_ws/install/cartographer_ros_msgs/share/cartographer_ros_msgs/srv/SubmapQuery.idl
[10.762s] -- Up-to-date: /home/ubuntu/Desktop/cartographer_ws/install/cartographer_ros_msgs/share/cartographer_ros_msgs/srv/WriteState.idl
[10.764s] -- Up-to-date: /home/ubuntu/Desktop/cartographer_ws/install/cartographer_ros_msgs/share/cartographer_ros_msgs/msg/LandmarkEntry.msg
[10.765s] -- Up-to-date: /home/ubuntu/Desktop/cartographer_ws/install/cartographer_ros_msgs/share/cartographer_ros_msgs/msg/LandmarkList.msg
[10.769s] -- Up-to-date: /home/ubuntu/Desktop/cartographer_ws/install/cartographer_ros_msgs/share/cartographer_ros_msgs/msg/SensorTopics.msg
[10.769s] -- Up-to-date: /home/ubuntu/Desktop/cartographer_ws/install/cartographer_ros_msgs/share/cartographer_ros_msgs/msg/StatusCode.msg
[10.776s] -- Up-to-date: /home/ubuntu/Desktop/cartographer_ws/install/cartographer_ros_msgs/share/cartographer_ros_msgs/msg/StatusResponse.msg
[10.776s] -- Up-to-date: /home/ubuntu/Desktop/cartographer_ws/install/cartographer_ros_msgs/share/cartographer_ros_msgs/msg/SubmapEntry.msg
[10.776s] -- Up-to-date: /home/ubuntu/Desktop/cartographer_ws/install/cartographer_ros_msgs/share/cartographer_ros_msgs/msg/SubmapList.msg
[10.776s] -- Up-to-date: /home/ubuntu/Desktop/cartographer_ws/install/cartographer_ros_msgs/share/cartographer_ros_msgs/msg/SubmapTexture.msg
[10.785s] -- Up-to-date: /home/ubuntu/Desktop/cartographer_ws/install/cartographer_ros_msgs/share/cartographer_ros_msgs/msg/TrajectoryOptions.msg
[10.785s] -- Up-to-date: /home/ubuntu/Desktop/cartographer_ws/install/cartographer_ros_msgs/share/cartographer_ros_msgs/srv/FinishTrajectory.srv
[10.785s] -- Up-to-date: /home/ubuntu/Desktop/cartographer_ws/install/cartographer_ros_msgs/share/cartographer_ros_msgs/srv/FinishTrajectory_Request.msg
[10.787s] -- Up-to-date: /home/ubuntu/Desktop/cartographer_ws/install/cartographer_ros_msgs/share/cartographer_ros_msgs/srv/FinishTrajectory_Response.msg
[10.787s] -- Up-to-date: /home/ubuntu/Desktop/cartographer_ws/install/cartographer_ros_msgs/share/cartographer_ros_msgs/srv/StartTrajectory.srv
[10.793s] -- Up-to-date: /home/ubuntu/Desktop/cartographer_ws/install/cartographer_ros_msgs/share/cartographer_ros_msgs/srv/StartTrajectory_Request.msg
[10.793s] -- Up-to-date: /home/ubuntu/Desktop/cartographer_ws/install/cartographer_ros_msgs/share/cartographer_ros_msgs/srv/StartTrajectory_Response.msg
[10.795s] -- Up-to-date: /home/ubuntu/Desktop/cartographer_ws/install/cartographer_ros_msgs/share/cartographer_ros_msgs/srv/SubmapQuery.srv
[10.796s] -- Up-to-date: /home/ubuntu/Desktop/cartographer_ws/install/cartographer_ros_msgs/share/cartographer_ros_msgs/srv/SubmapQuery_Request.msg
[10.796s] -- Up-to-date: /home/ubuntu/Desktop/cartographer_ws/install/cartographer_ros_msgs/share/cartographer_ros_msgs/srv/SubmapQuery_Response.msg
[10.797s] -- Up-to-date: /home/ubuntu/Desktop/cartographer_ws/install/cartographer_ros_msgs/share/cartographer_ros_msgs/srv/WriteState.srv
[10.797s] -- Up-to-date: /home/ubuntu/Desktop/cartographer_ws/install/cartographer_ros_msgs/share/cartographer_ros_msgs/srv/WriteState_Request.msg
[10.797s] -- Up-to-date: /home/ubuntu/Desktop/cartographer_ws/install/cartographer_ros_msgs/share/cartographer_ros_msgs/srv/WriteState_Response.msg
[10.798s] -- Up-to-date: /home/ubuntu/Desktop/cartographer_ws/install/cartographer_ros_msgs/share/ament_index/resource_index/package_run_dependencies/cartographer_ros_msgs
[10.799s] -- Up-to-date: /home/ubuntu/Desktop/cartographer_ws/install/cartographer_ros_msgs/share/ament_index/resource_index/parent_prefix_path/cartographer_ros_msgs
[10.804s] -- Up-to-date: /home/ubuntu/Desktop/cartographer_ws/install/cartographer_ros_msgs/share/cartographer_ros_msgs/environment/ament_prefix_path.sh
[10.805s] -- Up-to-date: /home/ubuntu/Desktop/cartographer_ws/install/cartographer_ros_msgs/share/cartographer_ros_msgs/environment/ament_prefix_path.dsv
[10.806s] -- Up-to-date: /home/ubuntu/Desktop/cartographer_ws/install/cartographer_ros_msgs/share/cartographer_ros_msgs/environment/path.sh
[10.807s] -- Up-to-date: /home/ubuntu/Desktop/cartographer_ws/install/cartographer_ros_msgs/share/cartographer_ros_msgs/environment/path.dsv
[10.807s] -- Up-to-date: /home/ubuntu/Desktop/cartographer_ws/install/cartographer_ros_msgs/share/cartographer_ros_msgs/local_setup.bash
[10.807s] -- Up-to-date: /home/ubuntu/Desktop/cartographer_ws/install/cartographer_ros_msgs/share/cartographer_ros_msgs/local_setup.sh
[10.808s] -- Up-to-date: /home/ubuntu/Desktop/cartographer_ws/install/cartographer_ros_msgs/share/cartographer_ros_msgs/local_setup.zsh
[10.809s] -- Up-to-date: /home/ubuntu/Desktop/cartographer_ws/install/cartographer_ros_msgs/share/cartographer_ros_msgs/local_setup.dsv
[10.810s] -- Installing: /home/ubuntu/Desktop/cartographer_ws/install/cartographer_ros_msgs/share/cartographer_ros_msgs/package.dsv
[10.810s] -- Up-to-date: /home/ubuntu/Desktop/cartographer_ws/install/cartographer_ros_msgs/share/ament_index/resource_index/packages/cartographer_ros_msgs
[10.812s] -- Up-to-date: /home/ubuntu/Desktop/cartographer_ws/install/cartographer_ros_msgs/share/cartographer_ros_msgs/cmake/cartographer_ros_msgs__rosidl_generator_cExport.cmake
[10.813s] -- Up-to-date: /home/ubuntu/Desktop/cartographer_ws/install/cartographer_ros_msgs/share/cartographer_ros_msgs/cmake/cartographer_ros_msgs__rosidl_generator_cExport-noconfig.cmake
[10.817s] -- Up-to-date: /home/ubuntu/Desktop/cartographer_ws/install/cartographer_ros_msgs/share/cartographer_ros_msgs/cmake/cartographer_ros_msgs__rosidl_typesupport_introspection_cExport.cmake
[10.818s] -- Up-to-date: /home/ubuntu/Desktop/cartographer_ws/install/cartographer_ros_msgs/share/cartographer_ros_msgs/cmake/cartographer_ros_msgs__rosidl_typesupport_introspection_cExport-noconfig.cmake
[10.820s] -- Up-to-date: /home/ubuntu/Desktop/cartographer_ws/install/cartographer_ros_msgs/share/cartographer_ros_msgs/cmake/cartographer_ros_msgs__rosidl_typesupport_cExport.cmake
[10.821s] -- Up-to-date: /home/ubuntu/Desktop/cartographer_ws/install/cartographer_ros_msgs/share/cartographer_ros_msgs/cmake/cartographer_ros_msgs__rosidl_typesupport_cExport-noconfig.cmake
[10.825s] -- Up-to-date: /home/ubuntu/Desktop/cartographer_ws/install/cartographer_ros_msgs/share/cartographer_ros_msgs/cmake/cartographer_ros_msgs__rosidl_generator_cppExport.cmake
[10.826s] -- Up-to-date: /home/ubuntu/Desktop/cartographer_ws/install/cartographer_ros_msgs/share/cartographer_ros_msgs/cmake/cartographer_ros_msgs__rosidl_typesupport_introspection_cppExport.cmake
[10.827s] -- Up-to-date: /home/ubuntu/Desktop/cartographer_ws/install/cartographer_ros_msgs/share/cartographer_ros_msgs/cmake/cartographer_ros_msgs__rosidl_typesupport_introspection_cppExport-noconfig.cmake
[10.832s] -- Up-to-date: /home/ubuntu/Desktop/cartographer_ws/install/cartographer_ros_msgs/share/cartographer_ros_msgs/cmake/cartographer_ros_msgs__rosidl_typesupport_cppExport.cmake
[10.833s] -- Up-to-date: /home/ubuntu/Desktop/cartographer_ws/install/cartographer_ros_msgs/share/cartographer_ros_msgs/cmake/cartographer_ros_msgs__rosidl_typesupport_cppExport-noconfig.cmake
[10.834s] -- Up-to-date: /home/ubuntu/Desktop/cartographer_ws/install/cartographer_ros_msgs/share/cartographer_ros_msgs/cmake/rosidl_cmake-extras.cmake
[10.834s] -- Up-to-date: /home/ubuntu/Desktop/cartographer_ws/install/cartographer_ros_msgs/share/cartographer_ros_msgs/cmake/ament_cmake_export_dependencies-extras.cmake
[10.835s] -- Up-to-date: /home/ubuntu/Desktop/cartographer_ws/install/cartographer_ros_msgs/share/cartographer_ros_msgs/cmake/ament_cmake_export_libraries-extras.cmake
[10.835s] -- Up-to-date: /home/ubuntu/Desktop/cartographer_ws/install/cartographer_ros_msgs/share/cartographer_ros_msgs/cmake/ament_cmake_export_targets-extras.cmake
[10.836s] -- Up-to-date: /home/ubuntu/Desktop/cartographer_ws/install/cartographer_ros_msgs/share/cartographer_ros_msgs/cmake/ament_cmake_export_include_directories-extras.cmake
[10.836s] -- Up-to-date: /home/ubuntu/Desktop/cartographer_ws/install/cartographer_ros_msgs/share/cartographer_ros_msgs/cmake/rosidl_cmake_export_typesupport_libraries-extras.cmake
[10.836s] -- Up-to-date: /home/ubuntu/Desktop/cartographer_ws/install/cartographer_ros_msgs/share/cartographer_ros_msgs/cmake/rosidl_cmake_export_typesupport_targets-extras.cmake
[10.836s] -- Up-to-date: /home/ubuntu/Desktop/cartographer_ws/install/cartographer_ros_msgs/share/cartographer_ros_msgs/cmake/cartographer_ros_msgsConfig.cmake
[10.837s] -- Up-to-date: /home/ubuntu/Desktop/cartographer_ws/install/cartographer_ros_msgs/share/cartographer_ros_msgs/cmake/cartographer_ros_msgsConfig-version.cmake
[10.837s] -- Up-to-date: /home/ubuntu/Desktop/cartographer_ws/install/cartographer_ros_msgs/share/cartographer_ros_msgs/package.xml
[10.852s] Invoked command in '/home/ubuntu/Desktop/cartographer_ws/build/cartographer_ros_msgs' returned '0': CMAKE_PREFIX_PATH=/home/ubuntu/Desktop/cartographer_ws/install/tf_init:/home/ubuntu/Desktop/cartographer_ws/install/imu:/opt/ros/foxy:${CMAKE_PREFIX_PATH} /usr/bin/cmake --install /home/ubuntu/Desktop/cartographer_ws/build/cartographer_ros_msgs
