[3.039s] Invoking command in '/home/ubuntu/Desktop/cartographer_ws/src/imu': PYTHONPATH=/home/ubuntu/Desktop/cartographer_ws/build/imu/prefix_override:/usr/lib/python3/dist-packages/colcon_core/task/python/colcon_distutils_commands:/home/ubuntu/Desktop/cartographer_ws/install/imu/lib/python3.8/site-packages:${PYTHONPATH} /usr/bin/python3 -W ignore:setup.py install is deprecated setup.py egg_info --egg-base ../../build/imu build --build-base /home/ubuntu/Desktop/cartographer_ws/build/imu/build install --record /home/ubuntu/Desktop/cartographer_ws/build/imu/install.log --single-version-externally-managed install_data
[3.888s] running egg_info
[3.903s] writing ../../build/imu/imu.egg-info/PKG-INFO
[3.904s] writing dependency_links to ../../build/imu/imu.egg-info/dependency_links.txt
[3.904s] writing entry points to ../../build/imu/imu.egg-info/entry_points.txt
[3.904s] writing requirements to ../../build/imu/imu.egg-info/requires.txt
[3.904s] writing top-level names to ../../build/imu/imu.egg-info/top_level.txt
[4.030s] reading manifest file '../../build/imu/imu.egg-info/SOURCES.txt'
[4.035s] writing manifest file '../../build/imu/imu.egg-info/SOURCES.txt'
[4.035s] running build
[4.035s] running build_py
[4.037s] copying imu/imu_serial.py -> /home/ubuntu/Desktop/cartographer_ws/build/imu/build/lib/imu
[4.037s] running install
[4.042s] running install_lib
[4.045s] copying /home/ubuntu/Desktop/cartographer_ws/build/imu/build/lib/imu/imu_serial.py -> /home/ubuntu/Desktop/cartographer_ws/install/imu/lib/python3.8/site-packages/imu
[4.046s] byte-compiling /home/ubuntu/Desktop/cartographer_ws/install/imu/lib/python3.8/site-packages/imu/imu_serial.py to imu_serial.cpython-38.pyc
[4.055s] running install_data
[4.055s] running install_egg_info
[4.063s] removing '/home/ubuntu/Desktop/cartographer_ws/install/imu/lib/python3.8/site-packages/imu-0.0.0-py3.8.egg-info' (and everything under it)
[4.072s] Copying ../../build/imu/imu.egg-info to /home/ubuntu/Desktop/cartographer_ws/install/imu/lib/python3.8/site-packages/imu-0.0.0-py3.8.egg-info
[4.074s] running install_scripts
[4.157s] Installing imu_serial script to /home/ubuntu/Desktop/cartographer_ws/install/imu/lib/imu
[4.157s] writing list of installed files to '/home/ubuntu/Desktop/cartographer_ws/build/imu/install.log'
[4.236s] Invoked command in '/home/ubuntu/Desktop/cartographer_ws/src/imu' returned '0': PYTHONPATH=/home/ubuntu/Desktop/cartographer_ws/build/imu/prefix_override:/usr/lib/python3/dist-packages/colcon_core/task/python/colcon_distutils_commands:/home/ubuntu/Desktop/cartographer_ws/install/imu/lib/python3.8/site-packages:${PYTHONPATH} /usr/bin/python3 -W ignore:setup.py install is deprecated setup.py egg_info --egg-base ../../build/imu build --build-base /home/ubuntu/Desktop/cartographer_ws/build/imu/build install --record /home/ubuntu/Desktop/cartographer_ws/build/imu/install.log --single-version-externally-managed install_data
