[3.158s] Invoking command in '/home/ubuntu/Desktop/cartographer_ws/src/imu': PYTHONPATH=/home/ubuntu/Desktop/cartographer_ws/build/imu/prefix_override:/usr/lib/python3/dist-packages/colcon_core/task/python/colcon_distutils_commands:/home/ubuntu/Desktop/cartographer_ws/install/imu/lib/python3.8/site-packages:${PYTHONPATH} /usr/bin/python3 -W ignore:setup.py install is deprecated setup.py egg_info --egg-base ../../build/imu build --build-base /home/ubuntu/Desktop/cartographer_ws/build/imu/build install --record /home/ubuntu/Desktop/cartographer_ws/build/imu/install.log --single-version-externally-managed install_data
[3.988s] running egg_info
[3.995s] writing ../../build/imu/imu.egg-info/PKG-INFO
[4.001s] writing dependency_links to ../../build/imu/imu.egg-info/dependency_links.txt
[4.003s] writing entry points to ../../build/imu/imu.egg-info/entry_points.txt
[4.005s] writing requirements to ../../build/imu/imu.egg-info/requires.txt
[4.005s] writing top-level names to ../../build/imu/imu.egg-info/top_level.txt
[4.126s] reading manifest file '../../build/imu/imu.egg-info/SOURCES.txt'
[4.130s] writing manifest file '../../build/imu/imu.egg-info/SOURCES.txt'
[4.131s] running build
[4.131s] running build_py
[4.133s] running install
[4.135s] running install_lib
[4.144s] running install_data
[4.145s] running install_egg_info
[4.154s] removing '/home/ubuntu/Desktop/cartographer_ws/install/imu/lib/python3.8/site-packages/imu-0.0.0-py3.8.egg-info' (and everything under it)
[4.156s] Copying ../../build/imu/imu.egg-info to /home/ubuntu/Desktop/cartographer_ws/install/imu/lib/python3.8/site-packages/imu-0.0.0-py3.8.egg-info
[4.163s] running install_scripts
[4.217s] Installing imu_serial script to /home/ubuntu/Desktop/cartographer_ws/install/imu/lib/imu
[4.219s] writing list of installed files to '/home/ubuntu/Desktop/cartographer_ws/build/imu/install.log'
[4.274s] Invoked command in '/home/ubuntu/Desktop/cartographer_ws/src/imu' returned '0': PYTHONPATH=/home/ubuntu/Desktop/cartographer_ws/build/imu/prefix_override:/usr/lib/python3/dist-packages/colcon_core/task/python/colcon_distutils_commands:/home/ubuntu/Desktop/cartographer_ws/install/imu/lib/python3.8/site-packages:${PYTHONPATH} /usr/bin/python3 -W ignore:setup.py install is deprecated setup.py egg_info --egg-base ../../build/imu build --build-base /home/ubuntu/Desktop/cartographer_ws/build/imu/build install --record /home/ubuntu/Desktop/cartographer_ws/build/imu/install.log --single-version-externally-managed install_data
