[4.395s] Invoking command in '/home/ubuntu/Desktop/cartographer_ws/src/imu': PYTHONPATH=/home/ubuntu/Desktop/cartographer_ws/build/imu/prefix_override:/usr/lib/python3/dist-packages/colcon_core/task/python/colcon_distutils_commands:/home/ubuntu/Desktop/cartographer_ws/install/imu/lib/python3.8/site-packages:${PYTHONPATH} /usr/bin/python3 -W ignore:setup.py install is deprecated setup.py egg_info --egg-base ../../build/imu build --build-base /home/ubuntu/Desktop/cartographer_ws/build/imu/build install --record /home/ubuntu/Desktop/cartographer_ws/build/imu/install.log --single-version-externally-managed install_data
[6.000s] running egg_info
[6.003s] writing ../../build/imu/imu.egg-info/PKG-INFO
[6.003s] writing dependency_links to ../../build/imu/imu.egg-info/dependency_links.txt
[6.007s] writing entry points to ../../build/imu/imu.egg-info/entry_points.txt
[6.008s] writing requirements to ../../build/imu/imu.egg-info/requires.txt
[6.009s] writing top-level names to ../../build/imu/imu.egg-info/top_level.txt
[6.230s] reading manifest file '../../build/imu/imu.egg-info/SOURCES.txt'
[6.232s] writing manifest file '../../build/imu/imu.egg-info/SOURCES.txt'
[6.233s] running build
[6.233s] running build_py
[6.237s] running install
[6.247s] running install_lib
[6.253s] running install_data
[6.253s] running install_egg_info
[6.269s] removing '/home/ubuntu/Desktop/cartographer_ws/install/imu/lib/python3.8/site-packages/imu-0.0.0-py3.8.egg-info' (and everything under it)
[6.269s] Copying ../../build/imu/imu.egg-info to /home/ubuntu/Desktop/cartographer_ws/install/imu/lib/python3.8/site-packages/imu-0.0.0-py3.8.egg-info
[6.283s] running install_scripts
[6.413s] Installing imu_serial script to /home/ubuntu/Desktop/cartographer_ws/install/imu/lib/imu
[6.415s] writing list of installed files to '/home/ubuntu/Desktop/cartographer_ws/build/imu/install.log'
[6.513s] Invoked command in '/home/ubuntu/Desktop/cartographer_ws/src/imu' returned '0': PYTHONPATH=/home/ubuntu/Desktop/cartographer_ws/build/imu/prefix_override:/usr/lib/python3/dist-packages/colcon_core/task/python/colcon_distutils_commands:/home/ubuntu/Desktop/cartographer_ws/install/imu/lib/python3.8/site-packages:${PYTHONPATH} /usr/bin/python3 -W ignore:setup.py install is deprecated setup.py egg_info --egg-base ../../build/imu build --build-base /home/ubuntu/Desktop/cartographer_ws/build/imu/build install --record /home/ubuntu/Desktop/cartographer_ws/build/imu/install.log --single-version-externally-managed install_data
