[0.157s] Invoking command in '/home/ubuntu/Desktop/cartographer_ws/build/cartographer_ros': CMAKE_PREFIX_PATH=/home/ubuntu/Desktop/cartographer_ws/install/cartographer_ros_msgs:/home/ubuntu/Desktop/cartographer_ws/install/cartographer:/home/ubuntu/Desktop/cartographer_ws/install/my_cartographer:/home/ubuntu/Desktop/cartographer_ws/install/lslidar_driver:/home/ubuntu/Desktop/cartographer_ws/install/lslidar_msgs:/home/ubuntu/Desktop/cartographer_ws/install/cartographer_ros:/opt/ros/foxy LD_LIBRARY_PATH=/home/ubuntu/Desktop/cartographer_ws/install/cartographer_ros_msgs/lib:/home/ubuntu/Desktop/cartographer_ws/install/lslidar_msgs/lib:/opt/ros/foxy/opt/yaml_cpp_vendor/lib:/opt/ros/foxy/opt/rviz_ogre_vendor/lib:/opt/ros/foxy/lib/x86_64-linux-gnu:/opt/ros/foxy/lib PYTHONPATH=/home/ubuntu/Desktop/cartographer_ws/install/cartographer_ros_msgs/lib/python3.8/site-packages:/home/ubuntu/Desktop/cartographer_ws/install/lslidar_msgs/lib/python3.8/site-packages:/opt/ros/foxy/lib/python3.8/site-packages /usr/bin/cmake --build /home/ubuntu/Desktop/cartographer_ws/build/cartographer_ros -- -j2 -l2
[0.611s] [  0%] Built target cartographer_ros_detect_changes
[0.865s] [ 68%] Built target cartographer_ros
[1.103s] [ 78%] Built target pbstream_to_ros_map_node
[1.217s] [ 89%] Built target occupancy_grid_node
[1.288s] [100%] Built target cartographer_node
[1.319s] Invoked command in '/home/ubuntu/Desktop/cartographer_ws/build/cartographer_ros' returned '0': CMAKE_PREFIX_PATH=/home/ubuntu/Desktop/cartographer_ws/install/cartographer_ros_msgs:/home/ubuntu/Desktop/cartographer_ws/install/cartographer:/home/ubuntu/Desktop/cartographer_ws/install/my_cartographer:/home/ubuntu/Desktop/cartographer_ws/install/lslidar_driver:/home/ubuntu/Desktop/cartographer_ws/install/lslidar_msgs:/home/ubuntu/Desktop/cartographer_ws/install/cartographer_ros:/opt/ros/foxy LD_LIBRARY_PATH=/home/ubuntu/Desktop/cartographer_ws/install/cartographer_ros_msgs/lib:/home/ubuntu/Desktop/cartographer_ws/install/lslidar_msgs/lib:/opt/ros/foxy/opt/yaml_cpp_vendor/lib:/opt/ros/foxy/opt/rviz_ogre_vendor/lib:/opt/ros/foxy/lib/x86_64-linux-gnu:/opt/ros/foxy/lib PYTHONPATH=/home/ubuntu/Desktop/cartographer_ws/install/cartographer_ros_msgs/lib/python3.8/site-packages:/home/ubuntu/Desktop/cartographer_ws/install/lslidar_msgs/lib/python3.8/site-packages:/opt/ros/foxy/lib/python3.8/site-packages /usr/bin/cmake --build /home/ubuntu/Desktop/cartographer_ws/build/cartographer_ros -- -j2 -l2
[2.139s] Invoking command in '/home/ubuntu/Desktop/cartographer_ws/build/cartographer_ros': CMAKE_PREFIX_PATH=/home/ubuntu/Desktop/cartographer_ws/install/cartographer_ros_msgs:/home/ubuntu/Desktop/cartographer_ws/install/cartographer:/home/ubuntu/Desktop/cartographer_ws/install/my_cartographer:/home/ubuntu/Desktop/cartographer_ws/install/lslidar_driver:/home/ubuntu/Desktop/cartographer_ws/install/lslidar_msgs:/home/ubuntu/Desktop/cartographer_ws/install/cartographer_ros:/opt/ros/foxy LD_LIBRARY_PATH=/home/ubuntu/Desktop/cartographer_ws/install/cartographer_ros_msgs/lib:/home/ubuntu/Desktop/cartographer_ws/install/lslidar_msgs/lib:/opt/ros/foxy/opt/yaml_cpp_vendor/lib:/opt/ros/foxy/opt/rviz_ogre_vendor/lib:/opt/ros/foxy/lib/x86_64-linux-gnu:/opt/ros/foxy/lib PYTHONPATH=/home/ubuntu/Desktop/cartographer_ws/install/cartographer_ros_msgs/lib/python3.8/site-packages:/home/ubuntu/Desktop/cartographer_ws/install/lslidar_msgs/lib/python3.8/site-packages:/opt/ros/foxy/lib/python3.8/site-packages /usr/bin/cmake --install /home/ubuntu/Desktop/cartographer_ws/build/cartographer_ros
[2.215s] -- Install configuration: "Release"
[2.216s] -- Up-to-date: /home/ubuntu/Desktop/cartographer_ws/install/cartographer_ros/share/cartographer_ros//configuration_files
[2.217s] -- Up-to-date: /home/ubuntu/Desktop/cartographer_ws/install/cartographer_ros/share/cartographer_ros//configuration_files/visualize_pbstream.lua
[2.217s] -- Up-to-date: /home/ubuntu/Desktop/cartographer_ws/install/cartographer_ros/share/cartographer_ros//configuration_files/transform.lua
[2.218s] -- Up-to-date: /home/ubuntu/Desktop/cartographer_ws/install/cartographer_ros/share/cartographer_ros//configuration_files/revo_lds.lua
[2.218s] -- Up-to-date: /home/ubuntu/Desktop/cartographer_ws/install/cartographer_ros/share/cartographer_ros//configuration_files/pr2.lua
[2.218s] -- Up-to-date: /home/ubuntu/Desktop/cartographer_ws/install/cartographer_ros/share/cartographer_ros//configuration_files/backpack_3d_localization.lua
[2.219s] -- Up-to-date: /home/ubuntu/Desktop/cartographer_ws/install/cartographer_ros/share/cartographer_ros//configuration_files/backpack_2d_server.lua
[2.219s] -- Up-to-date: /home/ubuntu/Desktop/cartographer_ws/install/cartographer_ros/share/cartographer_ros//configuration_files/demo_2d.rviz
[2.220s] -- Up-to-date: /home/ubuntu/Desktop/cartographer_ws/install/cartographer_ros/share/cartographer_ros//configuration_files/backpack_3d.lua
[2.220s] -- Up-to-date: /home/ubuntu/Desktop/cartographer_ws/install/cartographer_ros/share/cartographer_ros//configuration_files/assets_writer_backpack_2d_ci.lua
[2.220s] -- Up-to-date: /home/ubuntu/Desktop/cartographer_ws/install/cartographer_ros/share/cartographer_ros//configuration_files/assets_writer_ros_map.lua
[2.221s] -- Up-to-date: /home/ubuntu/Desktop/cartographer_ws/install/cartographer_ros/share/cartographer_ros//configuration_files/demo_3d.rviz
[2.221s] -- Up-to-date: /home/ubuntu/Desktop/cartographer_ws/install/cartographer_ros/share/cartographer_ros//configuration_files/backpack_2d.lua
[2.222s] -- Up-to-date: /home/ubuntu/Desktop/cartographer_ws/install/cartographer_ros/share/cartographer_ros//configuration_files/backpack_2d_localization_evaluation.lua
[2.222s] -- Up-to-date: /home/ubuntu/Desktop/cartographer_ws/install/cartographer_ros/share/cartographer_ros//configuration_files/assets_writer_backpack_3d.lua
[2.223s] -- Up-to-date: /home/ubuntu/Desktop/cartographer_ws/install/cartographer_ros/share/cartographer_ros//configuration_files/backpack_2d_localization.lua
[2.223s] -- Up-to-date: /home/ubuntu/Desktop/cartographer_ws/install/cartographer_ros/share/cartographer_ros//configuration_files/taurob_tracker.lua
[2.224s] -- Up-to-date: /home/ubuntu/Desktop/cartographer_ws/install/cartographer_ros/share/cartographer_ros//configuration_files/assets_writer_backpack_2d.lua
[2.224s] -- Up-to-date: /home/ubuntu/Desktop/cartographer_ws/install/cartographer_ros/lib/libcartographer_ros.a
[2.225s] -- Up-to-date: /home/ubuntu/Desktop/cartographer_ws/install/cartographer_ros/share/ament_index/resource_index/package_run_dependencies/cartographer_ros
[2.225s] -- Up-to-date: /home/ubuntu/Desktop/cartographer_ws/install/cartographer_ros/share/ament_index/resource_index/parent_prefix_path/cartographer_ros
[2.226s] -- Up-to-date: /home/ubuntu/Desktop/cartographer_ws/install/cartographer_ros/share/cartographer_ros/environment/ament_prefix_path.sh
[2.227s] -- Up-to-date: /home/ubuntu/Desktop/cartographer_ws/install/cartographer_ros/share/cartographer_ros/environment/ament_prefix_path.dsv
[2.227s] -- Up-to-date: /home/ubuntu/Desktop/cartographer_ws/install/cartographer_ros/share/cartographer_ros/environment/path.sh
[2.228s] -- Up-to-date: /home/ubuntu/Desktop/cartographer_ws/install/cartographer_ros/share/cartographer_ros/environment/path.dsv
[2.228s] -- Up-to-date: /home/ubuntu/Desktop/cartographer_ws/install/cartographer_ros/share/cartographer_ros/local_setup.bash
[2.229s] -- Up-to-date: /home/ubuntu/Desktop/cartographer_ws/install/cartographer_ros/share/cartographer_ros/local_setup.sh
[2.229s] -- Up-to-date: /home/ubuntu/Desktop/cartographer_ws/install/cartographer_ros/share/cartographer_ros/local_setup.zsh
[2.230s] -- Up-to-date: /home/ubuntu/Desktop/cartographer_ws/install/cartographer_ros/share/cartographer_ros/local_setup.dsv
[2.230s] -- Installing: /home/ubuntu/Desktop/cartographer_ws/install/cartographer_ros/share/cartographer_ros/package.dsv
[2.233s] -- Up-to-date: /home/ubuntu/Desktop/cartographer_ws/install/cartographer_ros/share/ament_index/resource_index/packages/cartographer_ros
[2.233s] -- Up-to-date: /home/ubuntu/Desktop/cartographer_ws/install/cartographer_ros/share/cartographer_ros/cmake/cartographer_rosConfig.cmake
[2.234s] -- Up-to-date: /home/ubuntu/Desktop/cartographer_ws/install/cartographer_ros/share/cartographer_ros/cmake/cartographer_rosConfig-version.cmake
[2.234s] -- Up-to-date: /home/ubuntu/Desktop/cartographer_ws/install/cartographer_ros/share/cartographer_ros/package.xml
[2.236s] -- Up-to-date: /home/ubuntu/Desktop/cartographer_ws/install/cartographer_ros/lib/cartographer_ros/cartographer_node
[2.238s] -- Up-to-date: /home/ubuntu/Desktop/cartographer_ws/install/cartographer_ros/lib/cartographer_ros/occupancy_grid_node
[2.239s] -- Up-to-date: /home/ubuntu/Desktop/cartographer_ws/install/cartographer_ros/lib/cartographer_ros/pbstream_to_ros_map_node
[2.247s] Invoked command in '/home/ubuntu/Desktop/cartographer_ws/build/cartographer_ros' returned '0': CMAKE_PREFIX_PATH=/home/ubuntu/Desktop/cartographer_ws/install/cartographer_ros_msgs:/home/ubuntu/Desktop/cartographer_ws/install/cartographer:/home/ubuntu/Desktop/cartographer_ws/install/my_cartographer:/home/ubuntu/Desktop/cartographer_ws/install/lslidar_driver:/home/ubuntu/Desktop/cartographer_ws/install/lslidar_msgs:/home/ubuntu/Desktop/cartographer_ws/install/cartographer_ros:/opt/ros/foxy LD_LIBRARY_PATH=/home/ubuntu/Desktop/cartographer_ws/install/cartographer_ros_msgs/lib:/home/ubuntu/Desktop/cartographer_ws/install/lslidar_msgs/lib:/opt/ros/foxy/opt/yaml_cpp_vendor/lib:/opt/ros/foxy/opt/rviz_ogre_vendor/lib:/opt/ros/foxy/lib/x86_64-linux-gnu:/opt/ros/foxy/lib PYTHONPATH=/home/ubuntu/Desktop/cartographer_ws/install/cartographer_ros_msgs/lib/python3.8/site-packages:/home/ubuntu/Desktop/cartographer_ws/install/lslidar_msgs/lib/python3.8/site-packages:/opt/ros/foxy/lib/python3.8/site-packages /usr/bin/cmake --install /home/ubuntu/Desktop/cartographer_ws/build/cartographer_ros
