running develop
Removing /home/ubuntu/Desktop/cartographer_ws/install/imu/lib/python3.8/site-packages/imu.egg-link (link to .)
running egg_info
writing ../../build/imu/imu.egg-info/PKG-INFO
writing dependency_links to ../../build/imu/imu.egg-info/dependency_links.txt
writing entry points to ../../build/imu/imu.egg-info/entry_points.txt
writing requirements to ../../build/imu/imu.egg-info/requires.txt
writing top-level names to ../../build/imu/imu.egg-info/top_level.txt
reading manifest file '../../build/imu/imu.egg-info/SOURCES.txt'
writing manifest file '../../build/imu/imu.egg-info/SOURCES.txt'
running build
running build_py
copying imu/imu_serial.py -> /home/ubuntu/Desktop/cartographer_ws/build/imu/build/lib/imu
running install
running install_lib
creating /home/ubuntu/Desktop/cartographer_ws/install/imu/lib/python3.8/site-packages/imu
copying /home/ubuntu/Desktop/cartographer_ws/build/imu/build/lib/imu/__init__.py -> /home/ubuntu/Desktop/cartographer_ws/install/imu/lib/python3.8/site-packages/imu
copying /home/ubuntu/Desktop/cartographer_ws/build/imu/build/lib/imu/imu_serial.py -> /home/ubuntu/Desktop/cartographer_ws/install/imu/lib/python3.8/site-packages/imu
byte-compiling /home/ubuntu/Desktop/cartographer_ws/install/imu/lib/python3.8/site-packages/imu/__init__.py to __init__.cpython-38.pyc
byte-compiling /home/ubuntu/Desktop/cartographer_ws/install/imu/lib/python3.8/site-packages/imu/imu_serial.py to imu_serial.cpython-38.pyc
running install_data
copying resource/imu -> /home/ubuntu/Desktop/cartographer_ws/install/imu/share/ament_index/resource_index/packages
copying package.xml -> /home/ubuntu/Desktop/cartographer_ws/install/imu/share/imu
running install_egg_info
Copying ../../build/imu/imu.egg-info to /home/ubuntu/Desktop/cartographer_ws/install/imu/lib/python3.8/site-packages/imu-0.0.0-py3.8.egg-info
running install_scripts
Installing imu_serial script to /home/ubuntu/Desktop/cartographer_ws/install/imu/lib/imu
writing list of installed files to '/home/ubuntu/Desktop/cartographer_ws/build/imu/install.log'
