[0.557s] DEBUG:colcon:Command line arguments: ['/usr/bin/colcon', 'build']
[0.557s] DEBUG:colcon:Parsed command line arguments: Namespace(allow_overriding=[], ament_cmake_args=None, base_paths=['.'], build_base='build', catkin_cmake_args=None, catkin_skip_building_tests=False, cmake_args=None, cmake_clean_cache=False, cmake_clean_first=False, cmake_force_configure=False, cmake_target=None, cmake_target_skip_unavailable=False, continue_on_error=False, event_handlers=None, executor='parallel', ignore_user_meta=False, install_base='install', log_base=None, log_level=None, main=<bound method BuildVerb.main of <colcon_core.verb.build.BuildVerb object at 0xffff88dd5df0>>, merge_install=False, metas=['./colcon.meta'], packages_above=None, packages_above_and_dependencies=None, packages_above_depth=None, packages_end=None, packages_ignore=None, packages_ignore_regex=None, packages_select=None, packages_select_build_failed=False, packages_select_by_dep=None, packages_select_regex=None, packages_select_test_failures=False, packages_skip=None, packages_skip_build_finished=False, packages_skip_by_dep=None, packages_skip_regex=None, packages_skip_test_passed=False, packages_skip_up_to=None, packages_start=None, packages_up_to=None, packages_up_to_regex=None, parallel_workers=6, paths=None, symlink_install=False, test_result_base=None, verb_extension=<colcon_core.verb.build.BuildVerb object at 0xffff88dd5df0>, verb_name='build', verb_parser=<colcon_defaults.argument_parser.defaults.DefaultArgumentsDecorator object at 0xffff88c92850>)
[0.917s] Level 1:colcon.colcon_core.package_discovery:discover_packages(colcon_meta) check parameters
[0.918s] Level 1:colcon.colcon_core.package_discovery:discover_packages(recursive) check parameters
[0.918s] Level 1:colcon.colcon_core.package_discovery:discover_packages(ignore) check parameters
[0.918s] Level 1:colcon.colcon_core.package_discovery:discover_packages(path) check parameters
[0.918s] Level 1:colcon.colcon_core.package_discovery:discover_packages(colcon_meta) discover
[0.918s] Level 1:colcon.colcon_core.package_discovery:discover_packages(recursive) discover
[0.918s] INFO:colcon.colcon_core.package_discovery:Crawling recursively for packages in '/home/jetson/Desktop/cartographer_ws'
[0.919s] Level 1:colcon.colcon_core.package_identification:_identify(.) by extensions ['ignore', 'ignore_ament_install']
[0.919s] Level 1:colcon.colcon_core.package_identification:_identify(.) by extension 'ignore'
[0.919s] Level 1:colcon.colcon_core.package_identification:_identify(.) by extension 'ignore_ament_install'
[0.919s] Level 1:colcon.colcon_core.package_identification:_identify(.) by extensions ['colcon_pkg']
[0.919s] Level 1:colcon.colcon_core.package_identification:_identify(.) by extension 'colcon_pkg'
[0.920s] Level 1:colcon.colcon_core.package_identification:_identify(.) by extensions ['colcon_meta']
[0.920s] Level 1:colcon.colcon_core.package_identification:_identify(.) by extension 'colcon_meta'
[0.920s] Level 1:colcon.colcon_core.package_identification:_identify(.) by extensions ['ros']
[0.920s] Level 1:colcon.colcon_core.package_identification:_identify(.) by extension 'ros'
[0.947s] Level 1:colcon.colcon_core.package_identification:_identify(.) by extensions ['cmake', 'python']
[0.947s] Level 1:colcon.colcon_core.package_identification:_identify(.) by extension 'cmake'
[0.947s] Level 1:colcon.colcon_core.package_identification:_identify(.) by extension 'python'
[0.947s] Level 1:colcon.colcon_core.package_identification:_identify(.) by extensions ['python_setup_py']
[0.948s] Level 1:colcon.colcon_core.package_identification:_identify(.) by extension 'python_setup_py'
[0.948s] Level 1:colcon.colcon_core.package_identification:_identify(build) by extensions ['ignore', 'ignore_ament_install']
[0.948s] Level 1:colcon.colcon_core.package_identification:_identify(build) by extension 'ignore'
[0.948s] Level 1:colcon.colcon_core.package_identification:_identify(build) ignored
[0.949s] Level 1:colcon.colcon_core.package_identification:_identify(install) by extensions ['ignore', 'ignore_ament_install']
[0.949s] Level 1:colcon.colcon_core.package_identification:_identify(install) by extension 'ignore'
[0.949s] Level 1:colcon.colcon_core.package_identification:_identify(install) ignored
[0.949s] Level 1:colcon.colcon_core.package_identification:_identify(log) by extensions ['ignore', 'ignore_ament_install']
[0.949s] Level 1:colcon.colcon_core.package_identification:_identify(log) by extension 'ignore'
[0.949s] Level 1:colcon.colcon_core.package_identification:_identify(log) ignored
[0.950s] Level 1:colcon.colcon_core.package_identification:_identify(lslidar_driver) by extensions ['ignore', 'ignore_ament_install']
[0.950s] Level 1:colcon.colcon_core.package_identification:_identify(lslidar_driver) by extension 'ignore'
[0.950s] Level 1:colcon.colcon_core.package_identification:_identify(lslidar_driver) by extension 'ignore_ament_install'
[0.950s] Level 1:colcon.colcon_core.package_identification:_identify(lslidar_driver) by extensions ['colcon_pkg']
[0.950s] Level 1:colcon.colcon_core.package_identification:_identify(lslidar_driver) by extension 'colcon_pkg'
[0.950s] Level 1:colcon.colcon_core.package_identification:_identify(lslidar_driver) by extensions ['colcon_meta']
[0.950s] Level 1:colcon.colcon_core.package_identification:_identify(lslidar_driver) by extension 'colcon_meta'
[0.951s] Level 1:colcon.colcon_core.package_identification:_identify(lslidar_driver) by extensions ['ros']
[0.951s] Level 1:colcon.colcon_core.package_identification:_identify(lslidar_driver) by extension 'ros'
[0.961s] DEBUG:colcon.colcon_core.package_identification:Package 'lslidar_driver' with type 'ros.ament_cmake' and name 'lslidar_driver'
[0.961s] Level 1:colcon.colcon_core.package_identification:_identify(lslidar_msgs) by extensions ['ignore', 'ignore_ament_install']
[0.962s] Level 1:colcon.colcon_core.package_identification:_identify(lslidar_msgs) by extension 'ignore'
[0.962s] Level 1:colcon.colcon_core.package_identification:_identify(lslidar_msgs) by extension 'ignore_ament_install'
[0.962s] Level 1:colcon.colcon_core.package_identification:_identify(lslidar_msgs) by extensions ['colcon_pkg']
[0.962s] Level 1:colcon.colcon_core.package_identification:_identify(lslidar_msgs) by extension 'colcon_pkg'
[0.962s] Level 1:colcon.colcon_core.package_identification:_identify(lslidar_msgs) by extensions ['colcon_meta']
[0.962s] Level 1:colcon.colcon_core.package_identification:_identify(lslidar_msgs) by extension 'colcon_meta'
[0.962s] Level 1:colcon.colcon_core.package_identification:_identify(lslidar_msgs) by extensions ['ros']
[0.962s] Level 1:colcon.colcon_core.package_identification:_identify(lslidar_msgs) by extension 'ros'
[0.964s] DEBUG:colcon.colcon_core.package_identification:Package 'lslidar_msgs' with type 'ros.ament_cmake' and name 'lslidar_msgs'
[0.964s] Level 1:colcon.colcon_core.package_identification:_identify(src) by extensions ['ignore', 'ignore_ament_install']
[0.965s] Level 1:colcon.colcon_core.package_identification:_identify(src) by extension 'ignore'
[0.965s] Level 1:colcon.colcon_core.package_identification:_identify(src) by extension 'ignore_ament_install'
[0.965s] Level 1:colcon.colcon_core.package_identification:_identify(src) by extensions ['colcon_pkg']
[0.965s] Level 1:colcon.colcon_core.package_identification:_identify(src) by extension 'colcon_pkg'
[0.965s] Level 1:colcon.colcon_core.package_identification:_identify(src) by extensions ['colcon_meta']
[0.965s] Level 1:colcon.colcon_core.package_identification:_identify(src) by extension 'colcon_meta'
[0.965s] Level 1:colcon.colcon_core.package_identification:_identify(src) by extensions ['ros']
[0.965s] Level 1:colcon.colcon_core.package_identification:_identify(src) by extension 'ros'
[0.966s] Level 1:colcon.colcon_core.package_identification:_identify(src) by extensions ['cmake', 'python']
[0.966s] Level 1:colcon.colcon_core.package_identification:_identify(src) by extension 'cmake'
[0.966s] Level 1:colcon.colcon_core.package_identification:_identify(src) by extension 'python'
[0.966s] Level 1:colcon.colcon_core.package_identification:_identify(src) by extensions ['python_setup_py']
[0.966s] Level 1:colcon.colcon_core.package_identification:_identify(src) by extension 'python_setup_py'
[0.966s] Level 1:colcon.colcon_core.package_discovery:discover_packages(recursive) using defaults
[0.966s] Level 1:colcon.colcon_core.package_discovery:discover_packages(ignore) discover
[0.966s] Level 1:colcon.colcon_core.package_discovery:discover_packages(ignore) using defaults
[0.966s] Level 1:colcon.colcon_core.package_discovery:discover_packages(path) discover
[0.967s] Level 1:colcon.colcon_core.package_discovery:discover_packages(path) using defaults
[1.007s] Level 1:colcon.colcon_core.package_discovery:discover_packages(prefix_path) check parameters
[1.007s] Level 1:colcon.colcon_core.package_discovery:discover_packages(prefix_path) discover
[1.012s] DEBUG:colcon.colcon_installed_package_information.package_discovery:Found 1 installed packages in /home/jetson/Desktop/cartographer_ws/install
[1.014s] DEBUG:colcon.colcon_installed_package_information.package_discovery:Found 259 installed packages in /opt/ros/foxy
[1.017s] Level 1:colcon.colcon_core.package_discovery:discover_packages(prefix_path) using defaults
[1.187s] Level 5:colcon.colcon_core.verb:set package 'lslidar_msgs' build argument 'cmake_args' from command line to 'None'
[1.187s] Level 5:colcon.colcon_core.verb:set package 'lslidar_msgs' build argument 'cmake_target' from command line to 'None'
[1.187s] Level 5:colcon.colcon_core.verb:set package 'lslidar_msgs' build argument 'cmake_target_skip_unavailable' from command line to 'False'
[1.187s] Level 5:colcon.colcon_core.verb:set package 'lslidar_msgs' build argument 'cmake_clean_cache' from command line to 'False'
[1.187s] Level 5:colcon.colcon_core.verb:set package 'lslidar_msgs' build argument 'cmake_clean_first' from command line to 'False'
[1.187s] Level 5:colcon.colcon_core.verb:set package 'lslidar_msgs' build argument 'cmake_force_configure' from command line to 'False'
[1.187s] Level 5:colcon.colcon_core.verb:set package 'lslidar_msgs' build argument 'ament_cmake_args' from command line to 'None'
[1.187s] Level 5:colcon.colcon_core.verb:set package 'lslidar_msgs' build argument 'catkin_cmake_args' from command line to 'None'
[1.187s] Level 5:colcon.colcon_core.verb:set package 'lslidar_msgs' build argument 'catkin_skip_building_tests' from command line to 'False'
[1.187s] DEBUG:colcon.colcon_core.verb:Building package 'lslidar_msgs' with the following arguments: {'ament_cmake_args': None, 'build_base': '/home/jetson/Desktop/cartographer_ws/build/lslidar_msgs', 'catkin_cmake_args': None, 'catkin_skip_building_tests': False, 'cmake_args': None, 'cmake_clean_cache': False, 'cmake_clean_first': False, 'cmake_force_configure': False, 'cmake_target': None, 'cmake_target_skip_unavailable': False, 'install_base': '/home/jetson/Desktop/cartographer_ws/install/lslidar_msgs', 'merge_install': False, 'path': '/home/jetson/Desktop/cartographer_ws/lslidar_msgs', 'symlink_install': False, 'test_result_base': None}
[1.188s] Level 5:colcon.colcon_core.verb:set package 'lslidar_driver' build argument 'cmake_args' from command line to 'None'
[1.188s] Level 5:colcon.colcon_core.verb:set package 'lslidar_driver' build argument 'cmake_target' from command line to 'None'
[1.188s] Level 5:colcon.colcon_core.verb:set package 'lslidar_driver' build argument 'cmake_target_skip_unavailable' from command line to 'False'
[1.188s] Level 5:colcon.colcon_core.verb:set package 'lslidar_driver' build argument 'cmake_clean_cache' from command line to 'False'
[1.188s] Level 5:colcon.colcon_core.verb:set package 'lslidar_driver' build argument 'cmake_clean_first' from command line to 'False'
[1.189s] Level 5:colcon.colcon_core.verb:set package 'lslidar_driver' build argument 'cmake_force_configure' from command line to 'False'
[1.189s] Level 5:colcon.colcon_core.verb:set package 'lslidar_driver' build argument 'ament_cmake_args' from command line to 'None'
[1.189s] Level 5:colcon.colcon_core.verb:set package 'lslidar_driver' build argument 'catkin_cmake_args' from command line to 'None'
[1.189s] Level 5:colcon.colcon_core.verb:set package 'lslidar_driver' build argument 'catkin_skip_building_tests' from command line to 'False'
[1.189s] DEBUG:colcon.colcon_core.verb:Building package 'lslidar_driver' with the following arguments: {'ament_cmake_args': None, 'build_base': '/home/jetson/Desktop/cartographer_ws/build/lslidar_driver', 'catkin_cmake_args': None, 'catkin_skip_building_tests': False, 'cmake_args': None, 'cmake_clean_cache': False, 'cmake_clean_first': False, 'cmake_force_configure': False, 'cmake_target': None, 'cmake_target_skip_unavailable': False, 'install_base': '/home/jetson/Desktop/cartographer_ws/install/lslidar_driver', 'merge_install': False, 'path': '/home/jetson/Desktop/cartographer_ws/lslidar_driver', 'symlink_install': False, 'test_result_base': None}
[1.189s] INFO:colcon.colcon_core.executor:Executing jobs using 'parallel' executor
[1.191s] DEBUG:colcon.colcon_parallel_executor.executor.parallel:run_until_complete
[1.192s] INFO:colcon.colcon_ros.task.ament_cmake.build:Building ROS package in '/home/jetson/Desktop/cartographer_ws/lslidar_msgs' with build type 'ament_cmake'
[1.192s] INFO:colcon.colcon_cmake.task.cmake.build:Building CMake package in '/home/jetson/Desktop/cartographer_ws/lslidar_msgs'
[1.199s] INFO:colcon.colcon_core.plugin_system:Skipping extension 'colcon_core.shell.bat': Not used on non-Windows systems
[1.200s] INFO:colcon.colcon_core.shell:Skip shell extension 'powershell' for command environment: Not usable outside of PowerShell
[1.200s] DEBUG:colcon.colcon_core.shell:Skip shell extension 'dsv' for command environment
[1.225s] DEBUG:colcon.colcon_core.event_handler.log_command:Invoking command in '/home/jetson/Desktop/cartographer_ws/build/lslidar_msgs': CMAKE_PREFIX_PATH=/opt/ros/foxy /usr/bin/cmake /home/jetson/Desktop/cartographer_ws/lslidar_msgs -DCMAKE_INSTALL_PREFIX=/home/jetson/Desktop/cartographer_ws/install/lslidar_msgs
[4.099s] DEBUG:colcon.colcon_core.event_handler.log_command:Invoked command in '/home/jetson/Desktop/cartographer_ws/build/lslidar_msgs' returned '0': CMAKE_PREFIX_PATH=/opt/ros/foxy /usr/bin/cmake /home/jetson/Desktop/cartographer_ws/lslidar_msgs -DCMAKE_INSTALL_PREFIX=/home/jetson/Desktop/cartographer_ws/install/lslidar_msgs
[4.107s] DEBUG:colcon.colcon_core.event_handler.log_command:Invoking command in '/home/jetson/Desktop/cartographer_ws/build/lslidar_msgs': CMAKE_PREFIX_PATH=/opt/ros/foxy /usr/bin/cmake --build /home/jetson/Desktop/cartographer_ws/build/lslidar_msgs -- -j6 -l6
[16.403s] DEBUG:colcon.colcon_core.event_handler.log_command:Invoked command in '/home/jetson/Desktop/cartographer_ws/build/lslidar_msgs' returned '0': CMAKE_PREFIX_PATH=/opt/ros/foxy /usr/bin/cmake --build /home/jetson/Desktop/cartographer_ws/build/lslidar_msgs -- -j6 -l6
[16.658s] DEBUG:colcon.colcon_core.event_handler.log_command:Invoking command in '/home/jetson/Desktop/cartographer_ws/build/lslidar_msgs': CMAKE_PREFIX_PATH=/opt/ros/foxy /usr/bin/cmake --install /home/jetson/Desktop/cartographer_ws/build/lslidar_msgs
[16.826s] Level 1:colcon.colcon_core.environment:create_environment_scripts_only(lslidar_msgs)
[16.828s] DEBUG:colcon.colcon_core.event_handler.log_command:Invoked command in '/home/jetson/Desktop/cartographer_ws/build/lslidar_msgs' returned '0': CMAKE_PREFIX_PATH=/opt/ros/foxy /usr/bin/cmake --install /home/jetson/Desktop/cartographer_ws/build/lslidar_msgs
[16.840s] Level 1:colcon.colcon_core.environment:checking '/home/jetson/Desktop/cartographer_ws/install/lslidar_msgs' for CMake module files
[16.841s] Level 1:colcon.colcon_core.environment:checking '/home/jetson/Desktop/cartographer_ws/install/lslidar_msgs' for CMake config files
[16.843s] Level 1:colcon.colcon_core.shell:create_environment_hook('lslidar_msgs', 'cmake_prefix_path')
[16.843s] INFO:colcon.colcon_core.shell:Creating environment hook '/home/jetson/Desktop/cartographer_ws/install/lslidar_msgs/share/lslidar_msgs/hook/cmake_prefix_path.ps1'
[16.846s] INFO:colcon.colcon_core.shell:Creating environment descriptor '/home/jetson/Desktop/cartographer_ws/install/lslidar_msgs/share/lslidar_msgs/hook/cmake_prefix_path.dsv'
[16.848s] INFO:colcon.colcon_core.shell:Creating environment hook '/home/jetson/Desktop/cartographer_ws/install/lslidar_msgs/share/lslidar_msgs/hook/cmake_prefix_path.sh'
[16.850s] Level 1:colcon.colcon_core.environment:checking '/home/jetson/Desktop/cartographer_ws/install/lslidar_msgs/lib'
[16.850s] Level 1:colcon.colcon_core.shell:create_environment_hook('lslidar_msgs', 'ld_library_path_lib')
[16.851s] INFO:colcon.colcon_core.shell:Creating environment hook '/home/jetson/Desktop/cartographer_ws/install/lslidar_msgs/share/lslidar_msgs/hook/ld_library_path_lib.ps1'
[16.851s] INFO:colcon.colcon_core.shell:Creating environment descriptor '/home/jetson/Desktop/cartographer_ws/install/lslidar_msgs/share/lslidar_msgs/hook/ld_library_path_lib.dsv'
[16.852s] INFO:colcon.colcon_core.shell:Creating environment hook '/home/jetson/Desktop/cartographer_ws/install/lslidar_msgs/share/lslidar_msgs/hook/ld_library_path_lib.sh'
[16.853s] Level 1:colcon.colcon_core.environment:checking '/home/jetson/Desktop/cartographer_ws/install/lslidar_msgs/bin'
[16.853s] Level 1:colcon.colcon_core.environment:checking '/home/jetson/Desktop/cartographer_ws/install/lslidar_msgs/lib/pkgconfig/lslidar_msgs.pc'
[16.854s] Level 1:colcon.colcon_core.environment:checking '/home/jetson/Desktop/cartographer_ws/install/lslidar_msgs/lib/python3.8/site-packages'
[16.854s] Level 1:colcon.colcon_core.shell:create_environment_hook('lslidar_msgs', 'pythonpath')
[16.854s] INFO:colcon.colcon_core.shell:Creating environment hook '/home/jetson/Desktop/cartographer_ws/install/lslidar_msgs/share/lslidar_msgs/hook/pythonpath.ps1'
[16.855s] INFO:colcon.colcon_core.shell:Creating environment descriptor '/home/jetson/Desktop/cartographer_ws/install/lslidar_msgs/share/lslidar_msgs/hook/pythonpath.dsv'
[16.855s] INFO:colcon.colcon_core.shell:Creating environment hook '/home/jetson/Desktop/cartographer_ws/install/lslidar_msgs/share/lslidar_msgs/hook/pythonpath.sh'
[16.856s] Level 1:colcon.colcon_core.environment:checking '/home/jetson/Desktop/cartographer_ws/install/lslidar_msgs/bin'
[16.857s] INFO:colcon.colcon_core.shell:Creating package script '/home/jetson/Desktop/cartographer_ws/install/lslidar_msgs/share/lslidar_msgs/package.ps1'
[16.859s] INFO:colcon.colcon_core.shell:Creating package descriptor '/home/jetson/Desktop/cartographer_ws/install/lslidar_msgs/share/lslidar_msgs/package.dsv'
[16.860s] INFO:colcon.colcon_core.shell:Creating package script '/home/jetson/Desktop/cartographer_ws/install/lslidar_msgs/share/lslidar_msgs/package.sh'
[16.862s] INFO:colcon.colcon_core.shell:Creating package script '/home/jetson/Desktop/cartographer_ws/install/lslidar_msgs/share/lslidar_msgs/package.bash'
[16.864s] INFO:colcon.colcon_core.shell:Creating package script '/home/jetson/Desktop/cartographer_ws/install/lslidar_msgs/share/lslidar_msgs/package.zsh'
[16.866s] Level 1:colcon.colcon_core.environment:create_file_with_runtime_dependencies(/home/jetson/Desktop/cartographer_ws/install/lslidar_msgs/share/colcon-core/packages/lslidar_msgs)
[17.089s] Level 1:colcon.colcon_core.environment:create_environment_scripts_only(lslidar_msgs)
[17.090s] Level 1:colcon.colcon_core.environment:checking '/home/jetson/Desktop/cartographer_ws/install/lslidar_msgs' for CMake module files
[17.092s] Level 1:colcon.colcon_core.environment:checking '/home/jetson/Desktop/cartographer_ws/install/lslidar_msgs' for CMake config files
[17.094s] Level 1:colcon.colcon_core.shell:create_environment_hook('lslidar_msgs', 'cmake_prefix_path')
[17.094s] INFO:colcon.colcon_core.shell:Creating environment hook '/home/jetson/Desktop/cartographer_ws/install/lslidar_msgs/share/lslidar_msgs/hook/cmake_prefix_path.ps1'
[17.096s] INFO:colcon.colcon_core.shell:Creating environment descriptor '/home/jetson/Desktop/cartographer_ws/install/lslidar_msgs/share/lslidar_msgs/hook/cmake_prefix_path.dsv'
[17.097s] INFO:colcon.colcon_core.shell:Creating environment hook '/home/jetson/Desktop/cartographer_ws/install/lslidar_msgs/share/lslidar_msgs/hook/cmake_prefix_path.sh'
[17.098s] Level 1:colcon.colcon_core.environment:checking '/home/jetson/Desktop/cartographer_ws/install/lslidar_msgs/lib'
[17.098s] Level 1:colcon.colcon_core.shell:create_environment_hook('lslidar_msgs', 'ld_library_path_lib')
[17.099s] INFO:colcon.colcon_core.shell:Creating environment hook '/home/jetson/Desktop/cartographer_ws/install/lslidar_msgs/share/lslidar_msgs/hook/ld_library_path_lib.ps1'
[17.100s] INFO:colcon.colcon_core.shell:Creating environment descriptor '/home/jetson/Desktop/cartographer_ws/install/lslidar_msgs/share/lslidar_msgs/hook/ld_library_path_lib.dsv'
[17.100s] INFO:colcon.colcon_core.shell:Creating environment hook '/home/jetson/Desktop/cartographer_ws/install/lslidar_msgs/share/lslidar_msgs/hook/ld_library_path_lib.sh'
[17.102s] Level 1:colcon.colcon_core.environment:checking '/home/jetson/Desktop/cartographer_ws/install/lslidar_msgs/bin'
[17.102s] Level 1:colcon.colcon_core.environment:checking '/home/jetson/Desktop/cartographer_ws/install/lslidar_msgs/lib/pkgconfig/lslidar_msgs.pc'
[17.103s] Level 1:colcon.colcon_core.environment:checking '/home/jetson/Desktop/cartographer_ws/install/lslidar_msgs/lib/python3.8/site-packages'
[17.103s] Level 1:colcon.colcon_core.shell:create_environment_hook('lslidar_msgs', 'pythonpath')
[17.103s] INFO:colcon.colcon_core.shell:Creating environment hook '/home/jetson/Desktop/cartographer_ws/install/lslidar_msgs/share/lslidar_msgs/hook/pythonpath.ps1'
[17.105s] INFO:colcon.colcon_core.shell:Creating environment descriptor '/home/jetson/Desktop/cartographer_ws/install/lslidar_msgs/share/lslidar_msgs/hook/pythonpath.dsv'
[17.105s] INFO:colcon.colcon_core.shell:Creating environment hook '/home/jetson/Desktop/cartographer_ws/install/lslidar_msgs/share/lslidar_msgs/hook/pythonpath.sh'
[17.107s] Level 1:colcon.colcon_core.environment:checking '/home/jetson/Desktop/cartographer_ws/install/lslidar_msgs/bin'
[17.107s] INFO:colcon.colcon_core.shell:Creating package script '/home/jetson/Desktop/cartographer_ws/install/lslidar_msgs/share/lslidar_msgs/package.ps1'
[17.109s] INFO:colcon.colcon_core.shell:Creating package descriptor '/home/jetson/Desktop/cartographer_ws/install/lslidar_msgs/share/lslidar_msgs/package.dsv'
[17.110s] INFO:colcon.colcon_core.shell:Creating package script '/home/jetson/Desktop/cartographer_ws/install/lslidar_msgs/share/lslidar_msgs/package.sh'
[17.112s] INFO:colcon.colcon_core.shell:Creating package script '/home/jetson/Desktop/cartographer_ws/install/lslidar_msgs/share/lslidar_msgs/package.bash'
[17.113s] INFO:colcon.colcon_core.shell:Creating package script '/home/jetson/Desktop/cartographer_ws/install/lslidar_msgs/share/lslidar_msgs/package.zsh'
[17.114s] Level 1:colcon.colcon_core.environment:create_file_with_runtime_dependencies(/home/jetson/Desktop/cartographer_ws/install/lslidar_msgs/share/colcon-core/packages/lslidar_msgs)
[17.116s] INFO:colcon.colcon_ros.task.ament_cmake.build:Building ROS package in '/home/jetson/Desktop/cartographer_ws/lslidar_driver' with build type 'ament_cmake'
[17.116s] INFO:colcon.colcon_cmake.task.cmake.build:Building CMake package in '/home/jetson/Desktop/cartographer_ws/lslidar_driver'
[17.117s] INFO:colcon.colcon_core.shell:Skip shell extension 'powershell' for command environment: Not usable outside of PowerShell
[17.117s] DEBUG:colcon.colcon_core.shell:Skip shell extension 'dsv' for command environment
[17.153s] DEBUG:colcon.colcon_core.event_handler.log_command:Invoking command in '/home/jetson/Desktop/cartographer_ws/build/lslidar_driver': AMENT_PREFIX_PATH=/home/jetson/Desktop/cartographer_ws/install/lslidar_msgs:${AMENT_PREFIX_PATH} CMAKE_PREFIX_PATH=/home/jetson/Desktop/cartographer_ws/install/lslidar_msgs:/opt/ros/foxy LD_LIBRARY_PATH=/home/jetson/Desktop/cartographer_ws/install/lslidar_msgs/lib:/usr/local/cuda/lib64:/opt/ros/foxy/opt/yaml_cpp_vendor/lib:/opt/ros/foxy/opt/rviz_ogre_vendor/lib:/opt/ros/foxy/lib/aarch64-linux-gnu:/opt/ros/foxy/lib:/usr/local/cuda/lib64 PYTHONPATH=/home/jetson/Desktop/cartographer_ws/install/lslidar_msgs/lib/python3.8/site-packages:${PYTHONPATH} /usr/bin/cmake /home/jetson/Desktop/cartographer_ws/lslidar_driver -DCMAKE_INSTALL_PREFIX=/home/jetson/Desktop/cartographer_ws/install/lslidar_driver
[22.944s] DEBUG:colcon.colcon_core.event_handler.log_command:Invoked command in '/home/jetson/Desktop/cartographer_ws/build/lslidar_driver' returned '0': AMENT_PREFIX_PATH=/home/jetson/Desktop/cartographer_ws/install/lslidar_msgs:${AMENT_PREFIX_PATH} CMAKE_PREFIX_PATH=/home/jetson/Desktop/cartographer_ws/install/lslidar_msgs:/opt/ros/foxy LD_LIBRARY_PATH=/home/jetson/Desktop/cartographer_ws/install/lslidar_msgs/lib:/usr/local/cuda/lib64:/opt/ros/foxy/opt/yaml_cpp_vendor/lib:/opt/ros/foxy/opt/rviz_ogre_vendor/lib:/opt/ros/foxy/lib/aarch64-linux-gnu:/opt/ros/foxy/lib:/usr/local/cuda/lib64 PYTHONPATH=/home/jetson/Desktop/cartographer_ws/install/lslidar_msgs/lib/python3.8/site-packages:${PYTHONPATH} /usr/bin/cmake /home/jetson/Desktop/cartographer_ws/lslidar_driver -DCMAKE_INSTALL_PREFIX=/home/jetson/Desktop/cartographer_ws/install/lslidar_driver
[22.951s] DEBUG:colcon.colcon_core.event_handler.log_command:Invoking command in '/home/jetson/Desktop/cartographer_ws/build/lslidar_driver': AMENT_PREFIX_PATH=/home/jetson/Desktop/cartographer_ws/install/lslidar_msgs:${AMENT_PREFIX_PATH} CMAKE_PREFIX_PATH=/home/jetson/Desktop/cartographer_ws/install/lslidar_msgs:/opt/ros/foxy LD_LIBRARY_PATH=/home/jetson/Desktop/cartographer_ws/install/lslidar_msgs/lib:/usr/local/cuda/lib64:/opt/ros/foxy/opt/yaml_cpp_vendor/lib:/opt/ros/foxy/opt/rviz_ogre_vendor/lib:/opt/ros/foxy/lib/aarch64-linux-gnu:/opt/ros/foxy/lib:/usr/local/cuda/lib64 PYTHONPATH=/home/jetson/Desktop/cartographer_ws/install/lslidar_msgs/lib/python3.8/site-packages:${PYTHONPATH} /usr/bin/cmake --build /home/jetson/Desktop/cartographer_ws/build/lslidar_driver -- -j6 -l6
