[0.033s] Invoking command in '/home/jetson/Desktop/cartographer_ws/build/lslidar_driver': AMENT_PREFIX_PATH=/home/jetson/Desktop/cartographer_ws/install/lslidar_msgs:${AMENT_PREFIX_PATH} CMAKE_PREFIX_PATH=/home/jetson/Desktop/cartographer_ws/install/lslidar_msgs:/opt/ros/foxy LD_LIBRARY_PATH=/home/jetson/Desktop/cartographer_ws/install/lslidar_msgs/lib:/usr/local/cuda/lib64:/opt/ros/foxy/opt/yaml_cpp_vendor/lib:/opt/ros/foxy/opt/rviz_ogre_vendor/lib:/opt/ros/foxy/lib/aarch64-linux-gnu:/opt/ros/foxy/lib:/usr/local/cuda/lib64 PYTHONPATH=/home/jetson/Desktop/cartographer_ws/install/lslidar_msgs/lib/python3.8/site-packages:${PYTHONPATH} /usr/bin/cmake /home/jetson/Desktop/cartographer_ws/lslidar_driver -DCMAKE_INSTALL_PREFIX=/home/jetson/Desktop/cartographer_ws/install/lslidar_driver
[0.160s] -- The C compiler identification is GNU 9.4.0
[0.268s] -- The CXX compiler identification is GNU 9.4.0
[0.279s] -- Check for working C compiler: /usr/bin/cc
[0.428s] -- Check for working C compiler: /usr/bin/cc -- works
[0.431s] -- Detecting C compiler ABI info
[0.581s] -- Detecting C compiler ABI info - done
[0.608s] -- Detecting C compile features
[0.608s] -- Detecting C compile features - done
[0.614s] -- Check for working CXX compiler: /usr/bin/c++
[0.779s] -- Check for working CXX compiler: /usr/bin/c++ -- works
[0.782s] -- Detecting CXX compiler ABI info
[0.952s] -- Detecting CXX compiler ABI info - done
[0.971s] -- Detecting CXX compile features
[0.971s] -- Detecting CXX compile features - done
[1.598s] -- Found Boost: /usr/lib/aarch64-linux-gnu/cmake/Boost-1.71.0/BoostConfig.cmake (found version "1.71.0") found components: thread 
[1.607s] -- Found rclcpp: 2.4.3 (/opt/ros/foxy/share/rclcpp/cmake)
[1.657s] -- Found PythonInterp: /usr/bin/python3 (found suitable version "3.8.10", minimum required is "3") 
[1.658s] -- Using PYTHON_EXECUTABLE: /usr/bin/python3
[2.344s] -- Using all available rosidl_typesupport_c: rosidl_typesupport_fastrtps_c;rosidl_typesupport_introspection_c
[2.358s] -- Found rosidl_adapter: 1.3.1 (/opt/ros/foxy/share/rosidl_adapter/cmake)
[2.618s] -- Found OpenSSL: /usr/lib/aarch64-linux-gnu/libcrypto.so (found version "1.1.1f")  
[2.683s] -- Found FastRTPS: /opt/ros/foxy/include  
[2.858s] -- Using all available rosidl_typesupport_cpp: rosidl_typesupport_fastrtps_cpp;rosidl_typesupport_introspection_cpp
[2.989s] -- Found rmw_implementation_cmake: 1.0.4 (/opt/ros/foxy/share/rmw_implementation_cmake/cmake)
[2.992s] -- Using RMW implementation 'rmw_fastrtps_cpp' as default
[2.995s] -- Found Threads: TRUE  
[3.328s] -- Checking for module 'eigen3'
[3.365s] --   Found eigen3, version 3.3.7
[3.453s] -- Found Eigen: /usr/include/eigen3 (Required is at least version "3.1") 
[3.454s] -- Eigen found (include: /usr/include/eigen3, version: 3.3.7)
[3.534s] -- Found Boost: /usr/include (found suitable version "1.71.0", minimum required is "1.55.0") found components: system filesystem date_time iostreams regex 
[3.570s] -- Checking for module 'flann'
[3.612s] --   Found flann, version 1.9.1
[3.728s] -- Found FLANN: /usr/lib/aarch64-linux-gnu/libflann_cpp.so  
[3.845s] -- The imported target "vtkParseOGLExt" references the file
[3.845s]    "/usr/bin/vtkParseOGLExt-7.1"
[3.845s] but this file does not exist.  Possible reasons include:
[3.845s] * The file was deleted, renamed, or moved to another location.
[3.845s] * An install or uninstall procedure did not complete successfully.
[3.846s] * The installation package was faulty and contained
[3.846s]    "/usr/lib/cmake/vtk-7.1/VTKTargets.cmake"
[3.846s] but not all the files it references.
[3.846s] 
[3.847s] -- The imported target "vtkRenderingPythonTkWidgets" references the file
[3.847s]    "/usr/lib/aarch64-linux-gnu/libvtkRenderingPythonTkWidgets.so"
[3.847s] but this file does not exist.  Possible reasons include:
[3.847s] * The file was deleted, renamed, or moved to another location.
[3.847s] * An install or uninstall procedure did not complete successfully.
[3.848s] * The installation package was faulty and contained
[3.848s]    "/usr/lib/cmake/vtk-7.1/VTKTargets.cmake"
[3.848s] but not all the files it references.
[3.848s] 
[3.848s] -- The imported target "vtk" references the file
[3.849s]    "/usr/bin/vtk"
[3.849s] but this file does not exist.  Possible reasons include:
[3.849s] * The file was deleted, renamed, or moved to another location.
[3.849s] * An install or uninstall procedure did not complete successfully.
[3.849s] * The installation package was faulty and contained
[3.849s]    "/usr/lib/cmake/vtk-7.1/VTKTargets.cmake"
[3.850s] but not all the files it references.
[3.850s] 
[3.850s] -- The imported target "pvtk" references the file
[3.850s]    "/usr/bin/pvtk"
[3.850s] but this file does not exist.  Possible reasons include:
[3.850s] * The file was deleted, renamed, or moved to another location.
[3.851s] * An install or uninstall procedure did not complete successfully.
[3.851s] * The installation package was faulty and contained
[3.851s]    "/usr/lib/cmake/vtk-7.1/VTKTargets.cmake"
[3.851s] but not all the files it references.
[3.851s] 
[3.899s] -- Checking for module 'libusb-1.0'
[3.940s] --   Found libusb-1.0, version 1.0.23
[4.041s] -- Found USB_10: /usr/lib/aarch64-linux-gnu/libusb-1.0.so  
[4.194s] -- Found OpenNI: /usr/lib/libOpenNI.so  
[4.194s] -- OpenNI found (include: /usr/include/ni, lib: /usr/lib/libOpenNI.so)
[4.361s] -- Found OpenNI2: /usr/lib/libOpenNI2.so  
[4.362s] -- OpenNI2 found (include: /usr/include/openni2, lib: /usr/lib/libOpenNI2.so)
[4.362s] ** WARNING ** io features related to pcap will be disabled
[4.362s] ** WARNING ** io features related to png will be disabled
[4.389s] -- Found libusb-1.0: /usr/include  
[4.390s] ** WARNING ** io features related to libusb-1.0 will be disabled
[4.403s] -- OpenNI found (include: /usr/include/ni, lib: /usr/lib/libOpenNI.so)
[4.420s] -- OpenNI2 found (include: /usr/include/openni2, lib: /usr/lib/libOpenNI2.so)
[4.475s] -- Found Qhull: optimized;/usr/lib/aarch64-linux-gnu/libqhull.so;debug;/usr/lib/aarch64-linux-gnu/libqhull.so  
[4.475s] -- QHULL found (include: /usr/include, lib: optimized;/usr/lib/aarch64-linux-gnu/libqhull.so;debug;/usr/lib/aarch64-linux-gnu/libqhull.so)
[4.489s] -- OpenNI found (include: /usr/include/ni, lib: /usr/lib/libOpenNI.so)
[4.513s] -- looking for PCL_COMMON
[4.517s] -- Found PCL_COMMON: /usr/lib/aarch64-linux-gnu/libpcl_common.so  
[4.517s] -- looking for PCL_KDTREE
[4.523s] -- Found PCL_KDTREE: /usr/lib/aarch64-linux-gnu/libpcl_kdtree.so  
[4.523s] -- looking for PCL_OCTREE
[4.525s] -- Found PCL_OCTREE: /usr/lib/aarch64-linux-gnu/libpcl_octree.so  
[4.526s] -- looking for PCL_SEARCH
[4.528s] -- Found PCL_SEARCH: /usr/lib/aarch64-linux-gnu/libpcl_search.so  
[4.529s] -- looking for PCL_SAMPLE_CONSENSUS
[4.530s] -- Found PCL_SAMPLE_CONSENSUS: /usr/lib/aarch64-linux-gnu/libpcl_sample_consensus.so  
[4.531s] -- looking for PCL_FILTERS
[4.533s] -- Found PCL_FILTERS: /usr/lib/aarch64-linux-gnu/libpcl_filters.so  
[4.533s] -- looking for PCL_2D
[4.534s] -- Found PCL_2D: /usr/include/pcl-1.10  
[4.534s] -- looking for PCL_GEOMETRY
[4.535s] -- Found PCL_GEOMETRY: /usr/include/pcl-1.10  
[4.535s] -- looking for PCL_IO
[4.537s] -- Found PCL_IO: /usr/lib/aarch64-linux-gnu/libpcl_io.so  
[4.538s] -- looking for PCL_FEATURES
[4.540s] -- Found PCL_FEATURES: /usr/lib/aarch64-linux-gnu/libpcl_features.so  
[4.540s] -- looking for PCL_ML
[4.542s] -- Found PCL_ML: /usr/lib/aarch64-linux-gnu/libpcl_ml.so  
[4.543s] -- looking for PCL_SEGMENTATION
[4.544s] -- Found PCL_SEGMENTATION: /usr/lib/aarch64-linux-gnu/libpcl_segmentation.so  
[4.545s] -- looking for PCL_VISUALIZATION
[4.547s] -- Found PCL_VISUALIZATION: /usr/lib/aarch64-linux-gnu/libpcl_visualization.so  
[4.548s] -- looking for PCL_SURFACE
[4.550s] -- Found PCL_SURFACE: /usr/lib/aarch64-linux-gnu/libpcl_surface.so  
[4.551s] -- looking for PCL_REGISTRATION
[4.553s] -- Found PCL_REGISTRATION: /usr/lib/aarch64-linux-gnu/libpcl_registration.so  
[4.553s] -- looking for PCL_KEYPOINTS
[4.555s] -- Found PCL_KEYPOINTS: /usr/lib/aarch64-linux-gnu/libpcl_keypoints.so  
[4.556s] -- looking for PCL_TRACKING
[4.558s] -- Found PCL_TRACKING: /usr/lib/aarch64-linux-gnu/libpcl_tracking.so  
[4.558s] -- looking for PCL_RECOGNITION
[4.560s] -- Found PCL_RECOGNITION: /usr/lib/aarch64-linux-gnu/libpcl_recognition.so  
[4.561s] -- looking for PCL_STEREO
[4.563s] -- Found PCL_STEREO: /usr/lib/aarch64-linux-gnu/libpcl_stereo.so  
[4.564s] -- looking for PCL_APPS
[4.565s] -- Found PCL_APPS: /usr/lib/aarch64-linux-gnu/libpcl_apps.so  
[4.567s] -- looking for PCL_IN_HAND_SCANNER
[4.568s] -- Found PCL_IN_HAND_SCANNER: /usr/include/pcl-1.10  
[4.568s] -- looking for PCL_POINT_CLOUD_EDITOR
[4.570s] -- Found PCL_POINT_CLOUD_EDITOR: /usr/include/pcl-1.10  
[4.570s] -- looking for PCL_OUTOFCORE
[4.572s] -- Found PCL_OUTOFCORE: /usr/lib/aarch64-linux-gnu/libpcl_outofcore.so  
[4.573s] -- looking for PCL_PEOPLE
[4.574s] -- Found PCL_PEOPLE: /usr/lib/aarch64-linux-gnu/libpcl_people.so  
[4.577s] -- Found PCL: pcl_common;pcl_kdtree;pcl_octree;pcl_search;pcl_sample_consensus;pcl_filters;pcl_io;pcl_features;pcl_ml;pcl_segmentation;pcl_visualization;pcl_surface;pcl_registration;pcl_keypoints;pcl_tracking;pcl_recognition;pcl_stereo;pcl_apps;pcl_outofcore;pcl_people;/usr/lib/aarch64-linux-gnu/libboost_system.so;/usr/lib/aarch64-linux-gnu/libboost_filesystem.so;/usr/lib/aarch64-linux-gnu/libboost_date_time.so;/usr/lib/aarch64-linux-gnu/libboost_iostreams.so;/usr/lib/aarch64-linux-gnu/libboost_regex.so;optimized;/usr/lib/aarch64-linux-gnu/libqhull.so;debug;/usr/lib/aarch64-linux-gnu/libqhull.so;/usr/lib/libOpenNI.so;/usr/lib/libOpenNI2.so;vtkChartsCore;vtkCommonColor;vtkCommonCore;vtksys;vtkCommonDataModel;vtkCommonMath;vtkCommonMisc;vtkCommonSystem;vtkCommonTransforms;vtkCommonExecutionModel;vtkFiltersGeneral;vtkCommonComputationalGeometry;vtkFiltersCore;vtkInfovisCore;vtkFiltersExtraction;vtkFiltersStatistics;vtkImagingFourier;vtkImagingCore;vtkalglib;vtkRenderingContext2D;vtkRenderingCore;vtkFiltersGeometry;vtkFiltersSources;vtkRenderingFreeType;/usr/lib/aarch64-linux-gnu/libfreetype.so;/usr/lib/aarch64-linux-gnu/libz.so;vtkFiltersModeling;vtkImagingSources;vtkInteractionStyle;vtkInteractionWidgets;vtkFiltersHybrid;vtkImagingColor;vtkImagingGeneral;vtkImagingHybrid;vtkIOImage;vtkDICOMParser;vtkmetaio;/usr/lib/aarch64-linux-gnu/libjpeg.so;/usr/lib/aarch64-linux-gnu/libpng.so;/usr/lib/aarch64-linux-gnu/libtiff.so;vtkRenderingAnnotation;vtkRenderingVolume;vtkIOXML;vtkIOCore;vtkIOXMLParser;/usr/lib/aarch64-linux-gnu/libexpat.so;vtkIOGeometry;vtkIOLegacy;vtkIOPLY;vtkRenderingLOD;vtkViewsContext2D;vtkViewsCore;vtkRenderingContextOpenGL2;vtkRenderingOpenGL2;FLANN::FLANN  
[4.581s] -- Found diagnostic_updater: 3.1.2 (/opt/ros/foxy/share/diagnostic_updater/cmake)
[4.696s] -- Found lslidar_msgs: 1.2.0 (/home/jetson/Desktop/cartographer_ws/install/lslidar_msgs/share/lslidar_msgs/cmake)
[4.758s] -- Found pluginlib: 2.5.4 (/opt/ros/foxy/share/pluginlib/cmake)
[4.820s] -- Found pcl_conversions: 2.2.1 (/opt/ros/foxy/share/pcl_conversions/cmake)
[5.615s] -- Configuring done
[5.778s] -- Generating done
[5.783s] -- Build files have been written to: /home/jetson/Desktop/cartographer_ws/build/lslidar_driver
[5.824s] Invoked command in '/home/jetson/Desktop/cartographer_ws/build/lslidar_driver' returned '0': AMENT_PREFIX_PATH=/home/jetson/Desktop/cartographer_ws/install/lslidar_msgs:${AMENT_PREFIX_PATH} CMAKE_PREFIX_PATH=/home/jetson/Desktop/cartographer_ws/install/lslidar_msgs:/opt/ros/foxy LD_LIBRARY_PATH=/home/jetson/Desktop/cartographer_ws/install/lslidar_msgs/lib:/usr/local/cuda/lib64:/opt/ros/foxy/opt/yaml_cpp_vendor/lib:/opt/ros/foxy/opt/rviz_ogre_vendor/lib:/opt/ros/foxy/lib/aarch64-linux-gnu:/opt/ros/foxy/lib:/usr/local/cuda/lib64 PYTHONPATH=/home/jetson/Desktop/cartographer_ws/install/lslidar_msgs/lib/python3.8/site-packages:${PYTHONPATH} /usr/bin/cmake /home/jetson/Desktop/cartographer_ws/lslidar_driver -DCMAKE_INSTALL_PREFIX=/home/jetson/Desktop/cartographer_ws/install/lslidar_driver
[5.831s] Invoking command in '/home/jetson/Desktop/cartographer_ws/build/lslidar_driver': AMENT_PREFIX_PATH=/home/jetson/Desktop/cartographer_ws/install/lslidar_msgs:${AMENT_PREFIX_PATH} CMAKE_PREFIX_PATH=/home/jetson/Desktop/cartographer_ws/install/lslidar_msgs:/opt/ros/foxy LD_LIBRARY_PATH=/home/jetson/Desktop/cartographer_ws/install/lslidar_msgs/lib:/usr/local/cuda/lib64:/opt/ros/foxy/opt/yaml_cpp_vendor/lib:/opt/ros/foxy/opt/rviz_ogre_vendor/lib:/opt/ros/foxy/lib/aarch64-linux-gnu:/opt/ros/foxy/lib:/usr/local/cuda/lib64 PYTHONPATH=/home/jetson/Desktop/cartographer_ws/install/lslidar_msgs/lib/python3.8/site-packages:${PYTHONPATH} /usr/bin/cmake --build /home/jetson/Desktop/cartographer_ws/build/lslidar_driver -- -j6 -l6
[5.943s] [35m[1mScanning dependencies of target lslidar_driver_node[0m
[6.265s] [ 20%] [32mBuilding CXX object CMakeFiles/lslidar_driver_node.dir/src/lslidar_driver_node.cc.o[0m
[6.271s] [ 40%] [32mBuilding CXX object CMakeFiles/lslidar_driver_node.dir/src/lslidar_driver.cc.o[0m
[6.277s] [ 60%] [32mBuilding CXX object CMakeFiles/lslidar_driver_node.dir/src/input.cc.o[0m
[6.287s] [ 80%] [32mBuilding CXX object CMakeFiles/lslidar_driver_node.dir/src/lsiosr.cpp.o[0m
