[4.134s] Invoking command in '/home/ubuntu/Desktop/cartographer_ws/src/imu': PYTHONPATH=/home/ubuntu/Desktop/cartographer_ws/build/imu/prefix_override:/usr/lib/python3/dist-packages/colcon_core/task/python/colcon_distutils_commands:/home/ubuntu/Desktop/cartographer_ws/install/imu/lib/python3.8/site-packages:${PYTHONPATH} /usr/bin/python3 -W ignore:setup.py install is deprecated setup.py egg_info --egg-base ../../build/imu build --build-base /home/ubuntu/Desktop/cartographer_ws/build/imu/build install --record /home/ubuntu/Desktop/cartographer_ws/build/imu/install.log --single-version-externally-managed install_data
[5.378s] running egg_info
[5.385s] writing ../../build/imu/imu.egg-info/PKG-INFO
[5.385s] writing dependency_links to ../../build/imu/imu.egg-info/dependency_links.txt
[5.385s] writing entry points to ../../build/imu/imu.egg-info/entry_points.txt
[5.391s] writing requirements to ../../build/imu/imu.egg-info/requires.txt
[5.398s] writing top-level names to ../../build/imu/imu.egg-info/top_level.txt
[5.559s] reading manifest file '../../build/imu/imu.egg-info/SOURCES.txt'
[5.567s] writing manifest file '../../build/imu/imu.egg-info/SOURCES.txt'
[5.570s] running build
[5.571s] running build_py
[5.571s] running install
[5.575s] running install_lib
[5.586s] running install_data
[5.587s] running install_egg_info
[5.595s] removing '/home/ubuntu/Desktop/cartographer_ws/install/imu/lib/python3.8/site-packages/imu-0.0.0-py3.8.egg-info' (and everything under it)
[5.609s] Copying ../../build/imu/imu.egg-info to /home/ubuntu/Desktop/cartographer_ws/install/imu/lib/python3.8/site-packages/imu-0.0.0-py3.8.egg-info
[5.612s] running install_scripts
[5.697s] Installing imu_serial script to /home/ubuntu/Desktop/cartographer_ws/install/imu/lib/imu
[5.703s] writing list of installed files to '/home/ubuntu/Desktop/cartographer_ws/build/imu/install.log'
[5.795s] Invoked command in '/home/ubuntu/Desktop/cartographer_ws/src/imu' returned '0': PYTHONPATH=/home/ubuntu/Desktop/cartographer_ws/build/imu/prefix_override:/usr/lib/python3/dist-packages/colcon_core/task/python/colcon_distutils_commands:/home/ubuntu/Desktop/cartographer_ws/install/imu/lib/python3.8/site-packages:${PYTHONPATH} /usr/bin/python3 -W ignore:setup.py install is deprecated setup.py egg_info --egg-base ../../build/imu build --build-base /home/ubuntu/Desktop/cartographer_ws/build/imu/build install --record /home/ubuntu/Desktop/cartographer_ws/build/imu/install.log --single-version-externally-managed install_data
