[0.048s] Invoking command in '/home/ubuntu/Desktop/cartographer_ws/build/lslidar_driver': CMAKE_PREFIX_PATH=/home/ubuntu/Desktop/cartographer_ws/install/lslidar_msgs:/home/ubuntu/Desktop/cartographer_ws/install/my_cartographer:/home/ubuntu/Desktop/cartographer_ws/install/lslidar_driver:/home/ubuntu/Desktop/cartographer_ws/install/cartographer_ros:/home/ubuntu/Desktop/cartographer_ws/install/cartographer_ros_msgs:/home/ubuntu/Desktop/cartographer_ws/install/cartographer:/opt/ros/foxy /usr/bin/cmake --build /home/ubuntu/Desktop/cartographer_ws/build/lslidar_driver -- -j2 -l2
[0.155s] -- Found Boost: /usr/lib/x86_64-linux-gnu/cmake/Boost-1.71.0/BoostConfig.cmake (found version "1.71.0") found components: thread 
[0.157s] -- Found rclcpp: 2.4.3 (/opt/ros/foxy/share/rclcpp/cmake)
[0.225s] -- Using PYTHON_EXECUTABLE: /usr/bin/python3
[0.817s] -- Using all available rosidl_typesupport_c: rosidl_typesupport_fastrtps_c;rosidl_typesupport_introspection_c
[0.827s] -- Found rosidl_adapter: 1.3.1 (/opt/ros/foxy/share/rosidl_adapter/cmake)
[1.188s] -- Using all available rosidl_typesupport_cpp: rosidl_typesupport_fastrtps_cpp;rosidl_typesupport_introspection_cpp
[1.340s] -- Found rmw_implementation_cmake: 1.0.4 (/opt/ros/foxy/share/rmw_implementation_cmake/cmake)
[1.344s] -- Using RMW implementation 'rmw_fastrtps_cpp' as default
[1.763s] -- Eigen found (include: /usr/include/eigen3, version: 3.3.7)
[1.782s] -- Found Boost: /usr/include (found suitable version "1.71.0", minimum required is "1.55.0") found components: system filesystem date_time iostreams regex 
[1.983s] -- The imported target "vtkParseOGLExt" references the file
[1.983s]    "/usr/bin/vtkParseOGLExt-7.1"
[1.983s] but this file does not exist.  Possible reasons include:
[1.983s] * The file was deleted, renamed, or moved to another location.
[1.984s] * An install or uninstall procedure did not complete successfully.
[1.984s] * The installation package was faulty and contained
[1.984s]    "/usr/lib/cmake/vtk-7.1/VTKTargets.cmake"
[1.984s] but not all the files it references.
[1.984s] 
[1.986s] -- The imported target "vtkRenderingPythonTkWidgets" references the file
[1.986s]    "/usr/lib/x86_64-linux-gnu/libvtkRenderingPythonTkWidgets.so"
[1.986s] but this file does not exist.  Possible reasons include:
[1.986s] * The file was deleted, renamed, or moved to another location.
[1.986s] * An install or uninstall procedure did not complete successfully.
[1.986s] * The installation package was faulty and contained
[1.986s]    "/usr/lib/cmake/vtk-7.1/VTKTargets.cmake"
[1.987s] but not all the files it references.
[1.987s] 
[1.988s] -- The imported target "vtk" references the file
[1.988s]    "/usr/bin/vtk"
[1.988s] but this file does not exist.  Possible reasons include:
[1.988s] * The file was deleted, renamed, or moved to another location.
[1.988s] * An install or uninstall procedure did not complete successfully.
[1.988s] * The installation package was faulty and contained
[1.989s]    "/usr/lib/cmake/vtk-7.1/VTKTargets.cmake"
[1.989s] but not all the files it references.
[1.989s] 
[1.990s] -- The imported target "pvtk" references the file
[1.991s]    "/usr/bin/pvtk"
[1.991s] but this file does not exist.  Possible reasons include:
[1.991s] * The file was deleted, renamed, or moved to another location.
[1.991s] * An install or uninstall procedure did not complete successfully.
[1.991s] * The installation package was faulty and contained
[1.991s]    "/usr/lib/cmake/vtk-7.1/VTKTargets.cmake"
[1.992s] but not all the files it references.
[1.992s] 
[2.053s] -- Checking for module 'libusb-1.0'
[2.065s] --   No package 'libusb-1.0' found
[2.074s] -- Could NOT find USB_10 (missing: USB_10_LIBRARY USB_10_INCLUDE_DIR) 
[2.074s] -- OpenNI disabled because libusb-1.0 not found.
[2.075s] ** WARNING ** io features related to openni will be disabled
[2.091s] -- Checking for module 'libusb-1.0'
[2.107s] --   No package 'libusb-1.0' found
[2.118s] -- Could NOT find USB_10 (missing: USB_10_LIBRARY USB_10_INCLUDE_DIR) 
[2.118s] -- OpenNI 2 disabled because libusb-1.0 not found.
[2.118s] ** WARNING ** io features related to openni2 will be disabled
[2.119s] ** WARNING ** io features related to pcap will be disabled
[2.119s] ** WARNING ** io features related to png will be disabled
[2.164s] -- LIBUSB_1_LIBRARY (missing: LIBUSB_1_INCLUDE_DIR) 
[2.165s] ** WARNING ** io features related to libusb-1.0 will be disabled
[2.180s] -- Checking for module 'libusb-1.0'
[2.191s] --   No package 'libusb-1.0' found
[2.204s] -- Could NOT find USB_10 (missing: USB_10_LIBRARY USB_10_INCLUDE_DIR) 
[2.204s] -- OpenNI disabled because libusb-1.0 not found.
[2.204s] ** WARNING ** visualization features related to openni will be disabled
[2.219s] -- Checking for module 'libusb-1.0'
[2.229s] --   No package 'libusb-1.0' found
[2.240s] -- Could NOT find USB_10 (missing: USB_10_LIBRARY USB_10_INCLUDE_DIR) 
[2.240s] -- OpenNI 2 disabled because libusb-1.0 not found.
[2.241s] ** WARNING ** visualization features related to openni2 will be disabled
[2.275s] -- QHULL found (include: /usr/include, lib: optimized;/usr/lib/x86_64-linux-gnu/libqhull.so;debug;/usr/lib/x86_64-linux-gnu/libqhull.so)
[2.292s] -- Checking for module 'libusb-1.0'
[2.304s] --   No package 'libusb-1.0' found
[2.316s] -- Could NOT find USB_10 (missing: USB_10_LIBRARY USB_10_INCLUDE_DIR) 
[2.317s] -- OpenNI disabled because libusb-1.0 not found.
[2.317s] ** WARNING ** apps features related to openni will be disabled
[2.352s] -- looking for PCL_COMMON
[2.353s] -- looking for PCL_KDTREE
[2.355s] -- looking for PCL_OCTREE
[2.356s] -- looking for PCL_SEARCH
[2.358s] -- looking for PCL_SAMPLE_CONSENSUS
[2.360s] -- looking for PCL_FILTERS
[2.365s] -- looking for PCL_2D
[2.367s] -- looking for PCL_GEOMETRY
[2.368s] -- looking for PCL_IO
[2.369s] -- looking for PCL_FEATURES
[2.371s] -- looking for PCL_ML
[2.372s] -- looking for PCL_SEGMENTATION
[2.374s] -- looking for PCL_VISUALIZATION
[2.376s] -- looking for PCL_SURFACE
[2.377s] -- looking for PCL_REGISTRATION
[2.380s] -- looking for PCL_KEYPOINTS
[2.382s] -- looking for PCL_TRACKING
[2.384s] -- looking for PCL_RECOGNITION
[2.387s] -- looking for PCL_STEREO
[2.389s] -- looking for PCL_APPS
[2.392s] -- looking for PCL_IN_HAND_SCANNER
[2.393s] -- looking for PCL_POINT_CLOUD_EDITOR
[2.395s] -- looking for PCL_OUTOFCORE
[2.399s] -- looking for PCL_PEOPLE
[2.410s] -- Found diagnostic_updater: 3.1.2 (/opt/ros/foxy/share/diagnostic_updater/cmake)
[2.613s] -- Found lslidar_msgs: 1.2.0 (/home/ubuntu/Desktop/cartographer_ws/install/lslidar_msgs/share/lslidar_msgs/cmake)
[2.726s] -- Found pluginlib: 2.5.4 (/opt/ros/foxy/share/pluginlib/cmake)
[2.784s] -- Found pcl_conversions: 2.2.1 (/opt/ros/foxy/share/pcl_conversions/cmake)
[4.090s] -- Configuring done
[4.430s] -- Generating done
[4.436s] -- Build files have been written to: /home/ubuntu/Desktop/cartographer_ws/build/lslidar_driver
[4.508s] [35m[1mScanning dependencies of target lslidar_driver_node[0m
[4.827s] [ 20%] [32mBuilding CXX object CMakeFiles/lslidar_driver_node.dir/src/lslidar_driver.cc.o[0m
[4.829s] [ 40%] [32mBuilding CXX object CMakeFiles/lslidar_driver_node.dir/src/lslidar_driver_node.cc.o[0m
[33.240s] [ 60%] [32mBuilding CXX object CMakeFiles/lslidar_driver_node.dir/src/input.cc.o[0m
[39.823s] [ 80%] [32mBuilding CXX object CMakeFiles/lslidar_driver_node.dir/src/lsiosr.cpp.o[0m
[48.234s] [100%] [32m[1mLinking CXX executable lslidar_driver_node[0m
[50.774s] [100%] Built target lslidar_driver_node
[50.810s] Invoked command in '/home/ubuntu/Desktop/cartographer_ws/build/lslidar_driver' returned '0': CMAKE_PREFIX_PATH=/home/ubuntu/Desktop/cartographer_ws/install/lslidar_msgs:/home/ubuntu/Desktop/cartographer_ws/install/my_cartographer:/home/ubuntu/Desktop/cartographer_ws/install/lslidar_driver:/home/ubuntu/Desktop/cartographer_ws/install/cartographer_ros:/home/ubuntu/Desktop/cartographer_ws/install/cartographer_ros_msgs:/home/ubuntu/Desktop/cartographer_ws/install/cartographer:/opt/ros/foxy /usr/bin/cmake --build /home/ubuntu/Desktop/cartographer_ws/build/lslidar_driver -- -j2 -l2
[50.969s] Invoking command in '/home/ubuntu/Desktop/cartographer_ws/build/lslidar_driver': CMAKE_PREFIX_PATH=/home/ubuntu/Desktop/cartographer_ws/install/lslidar_msgs:/home/ubuntu/Desktop/cartographer_ws/install/my_cartographer:/home/ubuntu/Desktop/cartographer_ws/install/lslidar_driver:/home/ubuntu/Desktop/cartographer_ws/install/cartographer_ros:/home/ubuntu/Desktop/cartographer_ws/install/cartographer_ros_msgs:/home/ubuntu/Desktop/cartographer_ws/install/cartographer:/opt/ros/foxy /usr/bin/cmake --install /home/ubuntu/Desktop/cartographer_ws/build/lslidar_driver
[51.001s] -- Install configuration: ""
[51.001s] -- Up-to-date: /home/ubuntu/Desktop/cartographer_ws/install/lslidar_driver/share/lslidar_driver/launch
[51.010s] -- Up-to-date: /home/ubuntu/Desktop/cartographer_ws/install/lslidar_driver/share/lslidar_driver/launch/lsm10p_net_launch.py
[51.011s] -- Up-to-date: /home/ubuntu/Desktop/cartographer_ws/install/lslidar_driver/share/lslidar_driver/launch/lsm10_net_launch.py
[51.011s] -- Up-to-date: /home/ubuntu/Desktop/cartographer_ws/install/lslidar_driver/share/lslidar_driver/launch/lsn10p_launch.py
[51.011s] -- Up-to-date: /home/ubuntu/Desktop/cartographer_ws/install/lslidar_driver/share/lslidar_driver/launch/lsn10_net_launch.py
[51.011s] -- Up-to-date: /home/ubuntu/Desktop/cartographer_ws/install/lslidar_driver/share/lslidar_driver/launch/lsm10_uart_launch.py
[51.012s] -- Up-to-date: /home/ubuntu/Desktop/cartographer_ws/install/lslidar_driver/share/lslidar_driver/launch/lslidar_double_launch.py
[51.012s] -- Up-to-date: /home/ubuntu/Desktop/cartographer_ws/install/lslidar_driver/share/lslidar_driver/launch/lsm10p_uart_launch.py
[51.012s] -- Up-to-date: /home/ubuntu/Desktop/cartographer_ws/install/lslidar_driver/share/lslidar_driver/launch/lsn10_launch.py
[51.012s] -- Up-to-date: /home/ubuntu/Desktop/cartographer_ws/install/lslidar_driver/share/lslidar_driver/launch/lsn10p_net_launch.py
[51.012s] -- Up-to-date: /home/ubuntu/Desktop/cartographer_ws/install/lslidar_driver/share/lslidar_driver/launch/viewer_scan_launch.py
[51.013s] -- Up-to-date: /home/ubuntu/Desktop/cartographer_ws/install/lslidar_driver/share/lslidar_driver/params
[51.013s] -- Up-to-date: /home/ubuntu/Desktop/cartographer_ws/install/lslidar_driver/share/lslidar_driver/params/lidar_uart_ros2
[51.014s] -- Up-to-date: /home/ubuntu/Desktop/cartographer_ws/install/lslidar_driver/share/lslidar_driver/params/lidar_uart_ros2/lsm10.yaml
[51.014s] -- Up-to-date: /home/ubuntu/Desktop/cartographer_ws/install/lslidar_driver/share/lslidar_driver/params/lidar_uart_ros2/lsn10.yaml
[51.015s] -- Up-to-date: /home/ubuntu/Desktop/cartographer_ws/install/lslidar_driver/share/lslidar_driver/params/lidar_uart_ros2/lsn10p.yaml
[51.015s] -- Up-to-date: /home/ubuntu/Desktop/cartographer_ws/install/lslidar_driver/share/lslidar_driver/params/lidar_uart_ros2/lsm10_p.yaml
[51.015s] -- Up-to-date: /home/ubuntu/Desktop/cartographer_ws/install/lslidar_driver/share/lslidar_driver/params/lidar_net_ros2
[51.016s] -- Up-to-date: /home/ubuntu/Desktop/cartographer_ws/install/lslidar_driver/share/lslidar_driver/params/lidar_net_ros2/lsm10p_net.yaml
[51.017s] -- Up-to-date: /home/ubuntu/Desktop/cartographer_ws/install/lslidar_driver/share/lslidar_driver/params/lidar_net_ros2/lsm10_net.yaml
[51.017s] -- Up-to-date: /home/ubuntu/Desktop/cartographer_ws/install/lslidar_driver/share/lslidar_driver/params/lidar_net_ros2/lsn10p_net.yaml
[51.017s] -- Up-to-date: /home/ubuntu/Desktop/cartographer_ws/install/lslidar_driver/share/lslidar_driver/params/lidar_net_ros2/lsn10_net.yaml
[51.017s] -- Up-to-date: /home/ubuntu/Desktop/cartographer_ws/install/lslidar_driver/share/lslidar_driver/rviz
[51.021s] -- Up-to-date: /home/ubuntu/Desktop/cartographer_ws/install/lslidar_driver/share/lslidar_driver/rviz/lslidar.rviz
[51.030s] -- Installing: /home/ubuntu/Desktop/cartographer_ws/install/lslidar_driver/lib/lslidar_driver/lslidar_driver_node
[51.038s] -- Set runtime path of "/home/ubuntu/Desktop/cartographer_ws/install/lslidar_driver/lib/lslidar_driver/lslidar_driver_node" to ""
[51.038s] -- Up-to-date: /home/ubuntu/Desktop/cartographer_ws/install/lslidar_driver/share/ament_index/resource_index/package_run_dependencies/lslidar_driver
[51.039s] -- Up-to-date: /home/ubuntu/Desktop/cartographer_ws/install/lslidar_driver/share/ament_index/resource_index/parent_prefix_path/lslidar_driver
[51.044s] -- Up-to-date: /home/ubuntu/Desktop/cartographer_ws/install/lslidar_driver/share/lslidar_driver/environment/ament_prefix_path.sh
[51.044s] -- Installing: /home/ubuntu/Desktop/cartographer_ws/install/lslidar_driver/share/lslidar_driver/environment/ament_prefix_path.dsv
[51.049s] -- Up-to-date: /home/ubuntu/Desktop/cartographer_ws/install/lslidar_driver/share/lslidar_driver/environment/path.sh
[51.049s] -- Installing: /home/ubuntu/Desktop/cartographer_ws/install/lslidar_driver/share/lslidar_driver/environment/path.dsv
[51.050s] -- Up-to-date: /home/ubuntu/Desktop/cartographer_ws/install/lslidar_driver/share/lslidar_driver/local_setup.bash
[51.051s] -- Up-to-date: /home/ubuntu/Desktop/cartographer_ws/install/lslidar_driver/share/lslidar_driver/local_setup.sh
[51.051s] -- Up-to-date: /home/ubuntu/Desktop/cartographer_ws/install/lslidar_driver/share/lslidar_driver/local_setup.zsh
[51.051s] -- Installing: /home/ubuntu/Desktop/cartographer_ws/install/lslidar_driver/share/lslidar_driver/local_setup.dsv
[51.054s] -- Installing: /home/ubuntu/Desktop/cartographer_ws/install/lslidar_driver/share/lslidar_driver/package.dsv
[51.054s] -- Up-to-date: /home/ubuntu/Desktop/cartographer_ws/install/lslidar_driver/share/ament_index/resource_index/packages/lslidar_driver
[51.055s] -- Up-to-date: /home/ubuntu/Desktop/cartographer_ws/install/lslidar_driver/share/lslidar_driver/cmake/ament_cmake_export_dependencies-extras.cmake
[51.055s] -- Up-to-date: /home/ubuntu/Desktop/cartographer_ws/install/lslidar_driver/share/lslidar_driver/cmake/ament_cmake_export_include_directories-extras.cmake
[51.055s] -- Up-to-date: /home/ubuntu/Desktop/cartographer_ws/install/lslidar_driver/share/lslidar_driver/cmake/lslidar_driverConfig.cmake
[51.055s] -- Up-to-date: /home/ubuntu/Desktop/cartographer_ws/install/lslidar_driver/share/lslidar_driver/cmake/lslidar_driverConfig-version.cmake
[51.055s] -- Up-to-date: /home/ubuntu/Desktop/cartographer_ws/install/lslidar_driver/share/lslidar_driver/package.xml
[51.066s] Invoked command in '/home/ubuntu/Desktop/cartographer_ws/build/lslidar_driver' returned '0': CMAKE_PREFIX_PATH=/home/ubuntu/Desktop/cartographer_ws/install/lslidar_msgs:/home/ubuntu/Desktop/cartographer_ws/install/my_cartographer:/home/ubuntu/Desktop/cartographer_ws/install/lslidar_driver:/home/ubuntu/Desktop/cartographer_ws/install/cartographer_ros:/home/ubuntu/Desktop/cartographer_ws/install/cartographer_ros_msgs:/home/ubuntu/Desktop/cartographer_ws/install/cartographer:/opt/ros/foxy /usr/bin/cmake --install /home/ubuntu/Desktop/cartographer_ws/build/lslidar_driver
