running develop
Removing /home/ubuntu/Desktop/cartographer_ws/install/tf_init/lib/python3.8/site-packages/tf-init.egg-link (link to .)
running egg_info
writing ../../build/tf_init/tf_init.egg-info/PKG-INFO
writing dependency_links to ../../build/tf_init/tf_init.egg-info/dependency_links.txt
writing entry points to ../../build/tf_init/tf_init.egg-info/entry_points.txt
writing requirements to ../../build/tf_init/tf_init.egg-info/requires.txt
writing top-level names to ../../build/tf_init/tf_init.egg-info/top_level.txt
reading manifest file '../../build/tf_init/tf_init.egg-info/SOURCES.txt'
writing manifest file '../../build/tf_init/tf_init.egg-info/SOURCES.txt'
running build
running build_py
creating /home/ubuntu/Desktop/cartographer_ws/build/tf_init/build
creating /home/ubuntu/Desktop/cartographer_ws/build/tf_init/build/lib
creating /home/ubuntu/Desktop/cartographer_ws/build/tf_init/build/lib/tf_init
copying tf_init/tf_publisher.py -> /home/ubuntu/Desktop/cartographer_ws/build/tf_init/build/lib/tf_init
copying tf_init/__init__.py -> /home/ubuntu/Desktop/cartographer_ws/build/tf_init/build/lib/tf_init
running install
running install_lib
creating /home/ubuntu/Desktop/cartographer_ws/install/tf_init/lib/python3.8/site-packages/tf_init
copying /home/ubuntu/Desktop/cartographer_ws/build/tf_init/build/lib/tf_init/tf_publisher.py -> /home/ubuntu/Desktop/cartographer_ws/install/tf_init/lib/python3.8/site-packages/tf_init
copying /home/ubuntu/Desktop/cartographer_ws/build/tf_init/build/lib/tf_init/__init__.py -> /home/ubuntu/Desktop/cartographer_ws/install/tf_init/lib/python3.8/site-packages/tf_init
byte-compiling /home/ubuntu/Desktop/cartographer_ws/install/tf_init/lib/python3.8/site-packages/tf_init/tf_publisher.py to tf_publisher.cpython-38.pyc
byte-compiling /home/ubuntu/Desktop/cartographer_ws/install/tf_init/lib/python3.8/site-packages/tf_init/__init__.py to __init__.cpython-38.pyc
running install_data
copying resource/tf_init -> /home/ubuntu/Desktop/cartographer_ws/install/tf_init/share/ament_index/resource_index/packages
copying package.xml -> /home/ubuntu/Desktop/cartographer_ws/install/tf_init/share/tf_init
running install_egg_info
Copying ../../build/tf_init/tf_init.egg-info to /home/ubuntu/Desktop/cartographer_ws/install/tf_init/lib/python3.8/site-packages/tf_init-0.0.1-py3.8.egg-info
running install_scripts
Installing tf_publisher script to /home/ubuntu/Desktop/cartographer_ws/install/tf_init/lib/tf_init
writing list of installed files to '/home/ubuntu/Desktop/cartographer_ws/build/tf_init/install.log'
