[4.865s] Invoking command in '/home/ubuntu/Desktop/cartographer_ws/build/tf_init': PYTHONPATH=/home/ubuntu/Desktop/cartographer_ws/build/tf_init/prefix_override:/usr/lib/python3/dist-packages/colcon_core/task/python/colcon_distutils_commands:/home/ubuntu/Desktop/cartographer_ws/install/tf_init/lib/python3.8/site-packages:${PYTHONPATH} /usr/bin/python3 -W ignore:setup.py install is deprecated setup.py develop --uninstall --editable --build-directory /home/ubuntu/Desktop/cartographer_ws/build/tf_init/build
[6.536s] running develop
[7.420s] Removing /home/ubuntu/Desktop/cartographer_ws/install/tf_init/lib/python3.8/site-packages/tf-init.egg-link (link to .)
[7.516s] Invoked command in '/home/ubuntu/Desktop/cartographer_ws/build/tf_init' returned '0': PYTHONPATH=/home/ubuntu/Desktop/cartographer_ws/build/tf_init/prefix_override:/usr/lib/python3/dist-packages/colcon_core/task/python/colcon_distutils_commands:/home/ubuntu/Desktop/cartographer_ws/install/tf_init/lib/python3.8/site-packages:${PYTHONPATH} /usr/bin/python3 -W ignore:setup.py install is deprecated setup.py develop --uninstall --editable --build-directory /home/ubuntu/Desktop/cartographer_ws/build/tf_init/build
[7.517s] Invoking command in '/home/ubuntu/Desktop/cartographer_ws/src/tf_init': PYTHONPATH=/home/ubuntu/Desktop/cartographer_ws/build/tf_init/prefix_override:/usr/lib/python3/dist-packages/colcon_core/task/python/colcon_distutils_commands:/home/ubuntu/Desktop/cartographer_ws/install/tf_init/lib/python3.8/site-packages:${PYTHONPATH} /usr/bin/python3 -W ignore:setup.py install is deprecated setup.py egg_info --egg-base ../../build/tf_init build --build-base /home/ubuntu/Desktop/cartographer_ws/build/tf_init/build install --record /home/ubuntu/Desktop/cartographer_ws/build/tf_init/install.log --install-scripts $base/lib/tf_init --single-version-externally-managed install_data --force
[8.973s] running egg_info
[8.975s] writing ../../build/tf_init/tf_init.egg-info/PKG-INFO
[8.976s] writing dependency_links to ../../build/tf_init/tf_init.egg-info/dependency_links.txt
[8.976s] writing entry points to ../../build/tf_init/tf_init.egg-info/entry_points.txt
[8.989s] writing requirements to ../../build/tf_init/tf_init.egg-info/requires.txt
[8.990s] writing top-level names to ../../build/tf_init/tf_init.egg-info/top_level.txt
[9.218s] reading manifest file '../../build/tf_init/tf_init.egg-info/SOURCES.txt'
[9.224s] writing manifest file '../../build/tf_init/tf_init.egg-info/SOURCES.txt'
[9.224s] running build
[9.225s] running build_py
[9.225s] creating /home/ubuntu/Desktop/cartographer_ws/build/tf_init/build
[9.225s] creating /home/ubuntu/Desktop/cartographer_ws/build/tf_init/build/lib
[9.225s] creating /home/ubuntu/Desktop/cartographer_ws/build/tf_init/build/lib/tf_init
[9.225s] copying tf_init/tf_publisher.py -> /home/ubuntu/Desktop/cartographer_ws/build/tf_init/build/lib/tf_init
[9.226s] copying tf_init/__init__.py -> /home/ubuntu/Desktop/cartographer_ws/build/tf_init/build/lib/tf_init
[9.226s] running install
[9.232s] running install_lib
[9.238s] creating /home/ubuntu/Desktop/cartographer_ws/install/tf_init/lib/python3.8/site-packages/tf_init
[9.239s] copying /home/ubuntu/Desktop/cartographer_ws/build/tf_init/build/lib/tf_init/tf_publisher.py -> /home/ubuntu/Desktop/cartographer_ws/install/tf_init/lib/python3.8/site-packages/tf_init
[9.239s] copying /home/ubuntu/Desktop/cartographer_ws/build/tf_init/build/lib/tf_init/__init__.py -> /home/ubuntu/Desktop/cartographer_ws/install/tf_init/lib/python3.8/site-packages/tf_init
[9.240s] byte-compiling /home/ubuntu/Desktop/cartographer_ws/install/tf_init/lib/python3.8/site-packages/tf_init/tf_publisher.py to tf_publisher.cpython-38.pyc
[9.252s] byte-compiling /home/ubuntu/Desktop/cartographer_ws/install/tf_init/lib/python3.8/site-packages/tf_init/__init__.py to __init__.cpython-38.pyc
[9.253s] running install_data
[9.253s] copying resource/tf_init -> /home/ubuntu/Desktop/cartographer_ws/install/tf_init/share/ament_index/resource_index/packages
[9.253s] copying package.xml -> /home/ubuntu/Desktop/cartographer_ws/install/tf_init/share/tf_init
[9.254s] running install_egg_info
[9.265s] Copying ../../build/tf_init/tf_init.egg-info to /home/ubuntu/Desktop/cartographer_ws/install/tf_init/lib/python3.8/site-packages/tf_init-0.0.1-py3.8.egg-info
[9.275s] running install_scripts
[9.382s] Installing tf_publisher script to /home/ubuntu/Desktop/cartographer_ws/install/tf_init/lib/tf_init
[9.384s] writing list of installed files to '/home/ubuntu/Desktop/cartographer_ws/build/tf_init/install.log'
[9.464s] Invoked command in '/home/ubuntu/Desktop/cartographer_ws/src/tf_init' returned '0': PYTHONPATH=/home/ubuntu/Desktop/cartographer_ws/build/tf_init/prefix_override:/usr/lib/python3/dist-packages/colcon_core/task/python/colcon_distutils_commands:/home/ubuntu/Desktop/cartographer_ws/install/tf_init/lib/python3.8/site-packages:${PYTHONPATH} /usr/bin/python3 -W ignore:setup.py install is deprecated setup.py egg_info --egg-base ../../build/tf_init build --build-base /home/ubuntu/Desktop/cartographer_ws/build/tf_init/build install --record /home/ubuntu/Desktop/cartographer_ws/build/tf_init/install.log --install-scripts $base/lib/tf_init --single-version-externally-managed install_data --force
