[0.084s] Invoking command in '/home/ubuntu/Desktop/cartographer_ws/build/lslidar_msgs': CMAKE_PREFIX_PATH=${CMAKE_PREFIX_PATH}:/opt/ros/foxy /usr/bin/cmake --build /home/ubuntu/Desktop/cartographer_ws/build/lslidar_msgs -- -j2 -l2
[0.555s] [  1%] Built target lslidar_msgs__cpp
[0.783s] [ 12%] Built target lslidar_msgs__rosidl_generator_c
[1.027s] [ 23%] Built target lslidar_msgs__rosidl_typesupport_fastrtps_cpp
[1.263s] [ 34%] Built target lslidar_msgs__rosidl_typesupport_introspection_cpp
[1.484s] [ 46%] Built target lslidar_msgs__rosidl_typesupport_cpp
[1.747s] [ 57%] Built target lslidar_msgs__rosidl_typesupport_fastrtps_c
[1.981s] [ 68%] Built target lslidar_msgs__rosidl_typesupport_c
[2.220s] [ 79%] Built target lslidar_msgs__rosidl_typesupport_introspection_c
[2.432s] [ 79%] Built target lslidar_msgs
[2.626s] [ 80%] Built target lslidar_msgs__py
[2.760s] [ 90%] Built target lslidar_msgs__python
[2.918s] [ 93%] Built target lslidar_msgs__rosidl_typesupport_introspection_c__pyext
[3.139s] [ 96%] Built target lslidar_msgs__rosidl_typesupport_fastrtps_c__pyext
[3.342s] [100%] Built target lslidar_msgs__rosidl_typesupport_c__pyext
[3.418s] Invoked command in '/home/ubuntu/Desktop/cartographer_ws/build/lslidar_msgs' returned '0': CMAKE_PREFIX_PATH=${CMAKE_PREFIX_PATH}:/opt/ros/foxy /usr/bin/cmake --build /home/ubuntu/Desktop/cartographer_ws/build/lslidar_msgs -- -j2 -l2
[4.753s] Invoking command in '/home/ubuntu/Desktop/cartographer_ws/build/lslidar_msgs': CMAKE_PREFIX_PATH=${CMAKE_PREFIX_PATH}:/opt/ros/foxy /usr/bin/cmake --install /home/ubuntu/Desktop/cartographer_ws/build/lslidar_msgs
[4.826s] -- Install configuration: ""
[4.835s] -- Up-to-date: /home/ubuntu/Desktop/cartographer_ws/install/lslidar_msgs/share/ament_index/resource_index/rosidl_interfaces/lslidar_msgs
[4.837s] -- Up-to-date: /home/ubuntu/Desktop/cartographer_ws/install/lslidar_msgs/include/lslidar_msgs
[4.838s] -- Up-to-date: /home/ubuntu/Desktop/cartographer_ws/install/lslidar_msgs/include/lslidar_msgs/msg
[4.838s] -- Up-to-date: /home/ubuntu/Desktop/cartographer_ws/install/lslidar_msgs/include/lslidar_msgs/msg/lslidar_point.h
[4.838s] -- Up-to-date: /home/ubuntu/Desktop/cartographer_ws/install/lslidar_msgs/include/lslidar_msgs/msg/lslidar_sweep.h
[4.839s] -- Up-to-date: /home/ubuntu/Desktop/cartographer_ws/install/lslidar_msgs/include/lslidar_msgs/msg/lslidar_packet.h
[4.839s] -- Up-to-date: /home/ubuntu/Desktop/cartographer_ws/install/lslidar_msgs/include/lslidar_msgs/msg/lslidar_scan.h
[4.839s] -- Up-to-date: /home/ubuntu/Desktop/cartographer_ws/install/lslidar_msgs/include/lslidar_msgs/msg/lslidar_difop.h
[4.839s] -- Up-to-date: /home/ubuntu/Desktop/cartographer_ws/install/lslidar_msgs/include/lslidar_msgs/msg/rosidl_generator_c__visibility_control.h
[4.840s] -- Up-to-date: /home/ubuntu/Desktop/cartographer_ws/install/lslidar_msgs/include/lslidar_msgs/msg/detail
[4.840s] -- Up-to-date: /home/ubuntu/Desktop/cartographer_ws/install/lslidar_msgs/include/lslidar_msgs/msg/detail/lslidar_sweep__type_support.h
[4.841s] -- Up-to-date: /home/ubuntu/Desktop/cartographer_ws/install/lslidar_msgs/include/lslidar_msgs/msg/detail/lslidar_sweep__functions.c
[4.842s] -- Up-to-date: /home/ubuntu/Desktop/cartographer_ws/install/lslidar_msgs/include/lslidar_msgs/msg/detail/lslidar_scan__functions.c
[4.846s] -- Up-to-date: /home/ubuntu/Desktop/cartographer_ws/install/lslidar_msgs/include/lslidar_msgs/msg/detail/lslidar_packet__struct.h
[4.846s] -- Up-to-date: /home/ubuntu/Desktop/cartographer_ws/install/lslidar_msgs/include/lslidar_msgs/msg/detail/lslidar_packet__type_support.h
[4.847s] -- Up-to-date: /home/ubuntu/Desktop/cartographer_ws/install/lslidar_msgs/include/lslidar_msgs/msg/detail/lslidar_point__struct.h
[4.847s] -- Up-to-date: /home/ubuntu/Desktop/cartographer_ws/install/lslidar_msgs/include/lslidar_msgs/msg/detail/lslidar_difop__functions.c
[4.847s] -- Up-to-date: /home/ubuntu/Desktop/cartographer_ws/install/lslidar_msgs/include/lslidar_msgs/msg/detail/lslidar_point__type_support.h
[4.847s] -- Up-to-date: /home/ubuntu/Desktop/cartographer_ws/install/lslidar_msgs/include/lslidar_msgs/msg/detail/lslidar_point__functions.h
[4.847s] -- Up-to-date: /home/ubuntu/Desktop/cartographer_ws/install/lslidar_msgs/include/lslidar_msgs/msg/detail/lslidar_sweep__functions.h
[4.847s] -- Up-to-date: /home/ubuntu/Desktop/cartographer_ws/install/lslidar_msgs/include/lslidar_msgs/msg/detail/lslidar_point__functions.c
[4.848s] -- Up-to-date: /home/ubuntu/Desktop/cartographer_ws/install/lslidar_msgs/include/lslidar_msgs/msg/detail/lslidar_scan__struct.h
[4.848s] -- Up-to-date: /home/ubuntu/Desktop/cartographer_ws/install/lslidar_msgs/include/lslidar_msgs/msg/detail/lslidar_difop__functions.h
[4.848s] -- Up-to-date: /home/ubuntu/Desktop/cartographer_ws/install/lslidar_msgs/include/lslidar_msgs/msg/detail/lslidar_difop__struct.h
[4.848s] -- Up-to-date: /home/ubuntu/Desktop/cartographer_ws/install/lslidar_msgs/include/lslidar_msgs/msg/detail/lslidar_packet__functions.c
[4.848s] -- Up-to-date: /home/ubuntu/Desktop/cartographer_ws/install/lslidar_msgs/include/lslidar_msgs/msg/detail/lslidar_scan__type_support.h
[4.848s] -- Up-to-date: /home/ubuntu/Desktop/cartographer_ws/install/lslidar_msgs/include/lslidar_msgs/msg/detail/lslidar_packet__functions.h
[4.848s] -- Up-to-date: /home/ubuntu/Desktop/cartographer_ws/install/lslidar_msgs/include/lslidar_msgs/msg/detail/lslidar_sweep__struct.h
[4.849s] -- Up-to-date: /home/ubuntu/Desktop/cartographer_ws/install/lslidar_msgs/include/lslidar_msgs/msg/detail/lslidar_scan__functions.h
[4.849s] -- Up-to-date: /home/ubuntu/Desktop/cartographer_ws/install/lslidar_msgs/include/lslidar_msgs/msg/detail/lslidar_difop__type_support.h
[4.849s] -- Up-to-date: /home/ubuntu/Desktop/cartographer_ws/install/lslidar_msgs/share/lslidar_msgs/environment/library_path.sh
[4.849s] -- Up-to-date: /home/ubuntu/Desktop/cartographer_ws/install/lslidar_msgs/share/lslidar_msgs/environment/library_path.dsv
[4.854s] -- Up-to-date: /home/ubuntu/Desktop/cartographer_ws/install/lslidar_msgs/lib/liblslidar_msgs__rosidl_generator_c.so
[4.854s] -- Up-to-date: /home/ubuntu/Desktop/cartographer_ws/install/lslidar_msgs/include/lslidar_msgs
[4.854s] -- Up-to-date: /home/ubuntu/Desktop/cartographer_ws/install/lslidar_msgs/include/lslidar_msgs/msg
[4.854s] -- Up-to-date: /home/ubuntu/Desktop/cartographer_ws/install/lslidar_msgs/include/lslidar_msgs/msg/rosidl_typesupport_fastrtps_c__visibility_control.h
[4.854s] -- Up-to-date: /home/ubuntu/Desktop/cartographer_ws/install/lslidar_msgs/include/lslidar_msgs/msg/detail
[4.855s] -- Up-to-date: /home/ubuntu/Desktop/cartographer_ws/install/lslidar_msgs/include/lslidar_msgs/msg/detail/lslidar_packet__rosidl_typesupport_fastrtps_c.h
[4.855s] -- Up-to-date: /home/ubuntu/Desktop/cartographer_ws/install/lslidar_msgs/include/lslidar_msgs/msg/detail/lslidar_point__rosidl_typesupport_fastrtps_c.h
[4.855s] -- Up-to-date: /home/ubuntu/Desktop/cartographer_ws/install/lslidar_msgs/include/lslidar_msgs/msg/detail/lslidar_sweep__rosidl_typesupport_fastrtps_c.h
[4.855s] -- Up-to-date: /home/ubuntu/Desktop/cartographer_ws/install/lslidar_msgs/include/lslidar_msgs/msg/detail/lslidar_scan__rosidl_typesupport_fastrtps_c.h
[4.855s] -- Up-to-date: /home/ubuntu/Desktop/cartographer_ws/install/lslidar_msgs/include/lslidar_msgs/msg/detail/lslidar_difop__rosidl_typesupport_fastrtps_c.h
[4.858s] -- Up-to-date: /home/ubuntu/Desktop/cartographer_ws/install/lslidar_msgs/lib/liblslidar_msgs__rosidl_typesupport_fastrtps_c.so
[4.859s] -- Up-to-date: /home/ubuntu/Desktop/cartographer_ws/install/lslidar_msgs/include/lslidar_msgs
[4.859s] -- Up-to-date: /home/ubuntu/Desktop/cartographer_ws/install/lslidar_msgs/include/lslidar_msgs/msg
[4.859s] -- Up-to-date: /home/ubuntu/Desktop/cartographer_ws/install/lslidar_msgs/include/lslidar_msgs/msg/rosidl_typesupport_fastrtps_cpp__visibility_control.h
[4.859s] -- Up-to-date: /home/ubuntu/Desktop/cartographer_ws/install/lslidar_msgs/include/lslidar_msgs/msg/detail
[4.859s] -- Up-to-date: /home/ubuntu/Desktop/cartographer_ws/install/lslidar_msgs/include/lslidar_msgs/msg/detail/lslidar_packet__rosidl_typesupport_fastrtps_cpp.hpp
[4.859s] -- Up-to-date: /home/ubuntu/Desktop/cartographer_ws/install/lslidar_msgs/include/lslidar_msgs/msg/detail/lslidar_point__rosidl_typesupport_fastrtps_cpp.hpp
[4.860s] -- Up-to-date: /home/ubuntu/Desktop/cartographer_ws/install/lslidar_msgs/include/lslidar_msgs/msg/detail/lslidar_scan__rosidl_typesupport_fastrtps_cpp.hpp
[4.860s] -- Up-to-date: /home/ubuntu/Desktop/cartographer_ws/install/lslidar_msgs/include/lslidar_msgs/msg/detail/lslidar_sweep__rosidl_typesupport_fastrtps_cpp.hpp
[4.860s] -- Up-to-date: /home/ubuntu/Desktop/cartographer_ws/install/lslidar_msgs/include/lslidar_msgs/msg/detail/lslidar_difop__rosidl_typesupport_fastrtps_cpp.hpp
[4.860s] -- Up-to-date: /home/ubuntu/Desktop/cartographer_ws/install/lslidar_msgs/include/lslidar_msgs/msg/detail/dds_fastrtps
[4.860s] -- Up-to-date: /home/ubuntu/Desktop/cartographer_ws/install/lslidar_msgs/lib/liblslidar_msgs__rosidl_typesupport_fastrtps_cpp.so
[4.869s] -- Up-to-date: /home/ubuntu/Desktop/cartographer_ws/install/lslidar_msgs/include/lslidar_msgs
[4.869s] -- Up-to-date: /home/ubuntu/Desktop/cartographer_ws/install/lslidar_msgs/include/lslidar_msgs/msg
[4.869s] -- Up-to-date: /home/ubuntu/Desktop/cartographer_ws/install/lslidar_msgs/include/lslidar_msgs/msg/detail
[4.869s] -- Up-to-date: /home/ubuntu/Desktop/cartographer_ws/install/lslidar_msgs/include/lslidar_msgs/msg/detail/lslidar_packet__type_support.c
[4.869s] -- Up-to-date: /home/ubuntu/Desktop/cartographer_ws/install/lslidar_msgs/include/lslidar_msgs/msg/detail/lslidar_sweep__type_support.c
[4.869s] -- Up-to-date: /home/ubuntu/Desktop/cartographer_ws/install/lslidar_msgs/include/lslidar_msgs/msg/detail/lslidar_difop__type_support.c
[4.869s] -- Up-to-date: /home/ubuntu/Desktop/cartographer_ws/install/lslidar_msgs/include/lslidar_msgs/msg/detail/lslidar_scan__rosidl_typesupport_introspection_c.h
[4.869s] -- Up-to-date: /home/ubuntu/Desktop/cartographer_ws/install/lslidar_msgs/include/lslidar_msgs/msg/detail/lslidar_sweep__rosidl_typesupport_introspection_c.h
[4.869s] -- Up-to-date: /home/ubuntu/Desktop/cartographer_ws/install/lslidar_msgs/include/lslidar_msgs/msg/detail/lslidar_point__rosidl_typesupport_introspection_c.h
[4.869s] -- Up-to-date: /home/ubuntu/Desktop/cartographer_ws/install/lslidar_msgs/include/lslidar_msgs/msg/detail/lslidar_difop__rosidl_typesupport_introspection_c.h
[4.869s] -- Up-to-date: /home/ubuntu/Desktop/cartographer_ws/install/lslidar_msgs/include/lslidar_msgs/msg/detail/lslidar_point__type_support.c
[4.869s] -- Up-to-date: /home/ubuntu/Desktop/cartographer_ws/install/lslidar_msgs/include/lslidar_msgs/msg/detail/lslidar_scan__type_support.c
[4.869s] -- Up-to-date: /home/ubuntu/Desktop/cartographer_ws/install/lslidar_msgs/include/lslidar_msgs/msg/detail/lslidar_packet__rosidl_typesupport_introspection_c.h
[4.870s] -- Up-to-date: /home/ubuntu/Desktop/cartographer_ws/install/lslidar_msgs/include/lslidar_msgs/msg/rosidl_typesupport_introspection_c__visibility_control.h
[4.872s] -- Up-to-date: /home/ubuntu/Desktop/cartographer_ws/install/lslidar_msgs/lib/liblslidar_msgs__rosidl_typesupport_introspection_c.so
[4.879s] -- Up-to-date: /home/ubuntu/Desktop/cartographer_ws/install/lslidar_msgs/lib/liblslidar_msgs__rosidl_typesupport_c.so
[4.879s] -- Up-to-date: /home/ubuntu/Desktop/cartographer_ws/install/lslidar_msgs/include/lslidar_msgs
[4.879s] -- Up-to-date: /home/ubuntu/Desktop/cartographer_ws/install/lslidar_msgs/include/lslidar_msgs/msg
[4.879s] -- Up-to-date: /home/ubuntu/Desktop/cartographer_ws/install/lslidar_msgs/include/lslidar_msgs/msg/lslidar_sweep.hpp
[4.880s] -- Up-to-date: /home/ubuntu/Desktop/cartographer_ws/install/lslidar_msgs/include/lslidar_msgs/msg/lslidar_point.hpp
[4.880s] -- Up-to-date: /home/ubuntu/Desktop/cartographer_ws/install/lslidar_msgs/include/lslidar_msgs/msg/lslidar_packet.hpp
[4.880s] -- Up-to-date: /home/ubuntu/Desktop/cartographer_ws/install/lslidar_msgs/include/lslidar_msgs/msg/lslidar_scan.hpp
[4.880s] -- Up-to-date: /home/ubuntu/Desktop/cartographer_ws/install/lslidar_msgs/include/lslidar_msgs/msg/rosidl_generator_cpp__visibility_control.hpp
[4.880s] -- Up-to-date: /home/ubuntu/Desktop/cartographer_ws/install/lslidar_msgs/include/lslidar_msgs/msg/lslidar_difop.hpp
[4.880s] -- Up-to-date: /home/ubuntu/Desktop/cartographer_ws/install/lslidar_msgs/include/lslidar_msgs/msg/detail
[4.881s] -- Up-to-date: /home/ubuntu/Desktop/cartographer_ws/install/lslidar_msgs/include/lslidar_msgs/msg/detail/lslidar_difop__traits.hpp
[4.881s] -- Up-to-date: /home/ubuntu/Desktop/cartographer_ws/install/lslidar_msgs/include/lslidar_msgs/msg/detail/lslidar_scan__builder.hpp
[4.881s] -- Up-to-date: /home/ubuntu/Desktop/cartographer_ws/install/lslidar_msgs/include/lslidar_msgs/msg/detail/lslidar_scan__struct.hpp
[4.881s] -- Up-to-date: /home/ubuntu/Desktop/cartographer_ws/install/lslidar_msgs/include/lslidar_msgs/msg/detail/lslidar_point__struct.hpp
[4.881s] -- Up-to-date: /home/ubuntu/Desktop/cartographer_ws/install/lslidar_msgs/include/lslidar_msgs/msg/detail/lslidar_scan__type_support.hpp
[4.881s] -- Up-to-date: /home/ubuntu/Desktop/cartographer_ws/install/lslidar_msgs/include/lslidar_msgs/msg/detail/lslidar_sweep__type_support.hpp
[4.881s] -- Up-to-date: /home/ubuntu/Desktop/cartographer_ws/install/lslidar_msgs/include/lslidar_msgs/msg/detail/lslidar_packet__type_support.hpp
[4.882s] -- Up-to-date: /home/ubuntu/Desktop/cartographer_ws/install/lslidar_msgs/include/lslidar_msgs/msg/detail/lslidar_sweep__struct.hpp
[4.882s] -- Up-to-date: /home/ubuntu/Desktop/cartographer_ws/install/lslidar_msgs/include/lslidar_msgs/msg/detail/lslidar_difop__type_support.hpp
[4.882s] -- Up-to-date: /home/ubuntu/Desktop/cartographer_ws/install/lslidar_msgs/include/lslidar_msgs/msg/detail/lslidar_packet__traits.hpp
[4.882s] -- Up-to-date: /home/ubuntu/Desktop/cartographer_ws/install/lslidar_msgs/include/lslidar_msgs/msg/detail/lslidar_difop__struct.hpp
[4.882s] -- Up-to-date: /home/ubuntu/Desktop/cartographer_ws/install/lslidar_msgs/include/lslidar_msgs/msg/detail/lslidar_sweep__traits.hpp
[4.882s] -- Up-to-date: /home/ubuntu/Desktop/cartographer_ws/install/lslidar_msgs/include/lslidar_msgs/msg/detail/lslidar_packet__struct.hpp
[4.882s] -- Up-to-date: /home/ubuntu/Desktop/cartographer_ws/install/lslidar_msgs/include/lslidar_msgs/msg/detail/lslidar_scan__traits.hpp
[4.882s] -- Up-to-date: /home/ubuntu/Desktop/cartographer_ws/install/lslidar_msgs/include/lslidar_msgs/msg/detail/lslidar_packet__builder.hpp
[4.882s] -- Up-to-date: /home/ubuntu/Desktop/cartographer_ws/install/lslidar_msgs/include/lslidar_msgs/msg/detail/lslidar_sweep__builder.hpp
[4.882s] -- Up-to-date: /home/ubuntu/Desktop/cartographer_ws/install/lslidar_msgs/include/lslidar_msgs/msg/detail/lslidar_point__builder.hpp
[4.883s] -- Up-to-date: /home/ubuntu/Desktop/cartographer_ws/install/lslidar_msgs/include/lslidar_msgs/msg/detail/lslidar_point__traits.hpp
[4.883s] -- Up-to-date: /home/ubuntu/Desktop/cartographer_ws/install/lslidar_msgs/include/lslidar_msgs/msg/detail/lslidar_difop__builder.hpp
[4.883s] -- Up-to-date: /home/ubuntu/Desktop/cartographer_ws/install/lslidar_msgs/include/lslidar_msgs/msg/detail/lslidar_point__type_support.hpp
[4.883s] -- Up-to-date: /home/ubuntu/Desktop/cartographer_ws/install/lslidar_msgs/include/lslidar_msgs
[4.883s] -- Up-to-date: /home/ubuntu/Desktop/cartographer_ws/install/lslidar_msgs/include/lslidar_msgs/msg
[4.883s] -- Up-to-date: /home/ubuntu/Desktop/cartographer_ws/install/lslidar_msgs/include/lslidar_msgs/msg/detail
[4.884s] -- Up-to-date: /home/ubuntu/Desktop/cartographer_ws/install/lslidar_msgs/include/lslidar_msgs/msg/detail/lslidar_difop__rosidl_typesupport_introspection_cpp.hpp
[4.884s] -- Up-to-date: /home/ubuntu/Desktop/cartographer_ws/install/lslidar_msgs/include/lslidar_msgs/msg/detail/lslidar_packet__rosidl_typesupport_introspection_cpp.hpp
[4.884s] -- Up-to-date: /home/ubuntu/Desktop/cartographer_ws/install/lslidar_msgs/include/lslidar_msgs/msg/detail/lslidar_sweep__type_support.cpp
[4.884s] -- Up-to-date: /home/ubuntu/Desktop/cartographer_ws/install/lslidar_msgs/include/lslidar_msgs/msg/detail/lslidar_point__type_support.cpp
[4.884s] -- Up-to-date: /home/ubuntu/Desktop/cartographer_ws/install/lslidar_msgs/include/lslidar_msgs/msg/detail/lslidar_point__rosidl_typesupport_introspection_cpp.hpp
[4.884s] -- Up-to-date: /home/ubuntu/Desktop/cartographer_ws/install/lslidar_msgs/include/lslidar_msgs/msg/detail/lslidar_difop__type_support.cpp
[4.884s] -- Up-to-date: /home/ubuntu/Desktop/cartographer_ws/install/lslidar_msgs/include/lslidar_msgs/msg/detail/lslidar_packet__type_support.cpp
[4.885s] -- Up-to-date: /home/ubuntu/Desktop/cartographer_ws/install/lslidar_msgs/include/lslidar_msgs/msg/detail/lslidar_scan__rosidl_typesupport_introspection_cpp.hpp
[4.885s] -- Up-to-date: /home/ubuntu/Desktop/cartographer_ws/install/lslidar_msgs/include/lslidar_msgs/msg/detail/lslidar_scan__type_support.cpp
[4.885s] -- Up-to-date: /home/ubuntu/Desktop/cartographer_ws/install/lslidar_msgs/include/lslidar_msgs/msg/detail/lslidar_sweep__rosidl_typesupport_introspection_cpp.hpp
[4.894s] -- Up-to-date: /home/ubuntu/Desktop/cartographer_ws/install/lslidar_msgs/lib/liblslidar_msgs__rosidl_typesupport_introspection_cpp.so
[4.897s] -- Up-to-date: /home/ubuntu/Desktop/cartographer_ws/install/lslidar_msgs/lib/liblslidar_msgs__rosidl_typesupport_cpp.so
[4.897s] -- Up-to-date: /home/ubuntu/Desktop/cartographer_ws/install/lslidar_msgs/share/lslidar_msgs/environment/pythonpath.sh
[4.897s] -- Up-to-date: /home/ubuntu/Desktop/cartographer_ws/install/lslidar_msgs/share/lslidar_msgs/environment/pythonpath.dsv
[4.897s] -- Up-to-date: /home/ubuntu/Desktop/cartographer_ws/install/lslidar_msgs/lib/python3.8/site-packages/lslidar_msgs/__init__.py
[5.034s] -- Up-to-date: /home/ubuntu/Desktop/cartographer_ws/install/lslidar_msgs/lib/python3.8/site-packages/lslidar_msgs/msg
[5.034s] -- Up-to-date: /home/ubuntu/Desktop/cartographer_ws/install/lslidar_msgs/lib/python3.8/site-packages/lslidar_msgs/msg/_lslidar_difop_s.c
[5.034s] -- Up-to-date: /home/ubuntu/Desktop/cartographer_ws/install/lslidar_msgs/lib/python3.8/site-packages/lslidar_msgs/msg/_lslidar_packet.py
[5.034s] -- Up-to-date: /home/ubuntu/Desktop/cartographer_ws/install/lslidar_msgs/lib/python3.8/site-packages/lslidar_msgs/msg/__init__.py
[5.034s] -- Up-to-date: /home/ubuntu/Desktop/cartographer_ws/install/lslidar_msgs/lib/python3.8/site-packages/lslidar_msgs/msg/_lslidar_difop.py
[5.035s] -- Up-to-date: /home/ubuntu/Desktop/cartographer_ws/install/lslidar_msgs/lib/python3.8/site-packages/lslidar_msgs/msg/_lslidar_packet_s.c
[5.035s] -- Up-to-date: /home/ubuntu/Desktop/cartographer_ws/install/lslidar_msgs/lib/python3.8/site-packages/lslidar_msgs/msg/_lslidar_scan_s.c
[5.035s] -- Up-to-date: /home/ubuntu/Desktop/cartographer_ws/install/lslidar_msgs/lib/python3.8/site-packages/lslidar_msgs/msg/_lslidar_point.py
[5.035s] -- Up-to-date: /home/ubuntu/Desktop/cartographer_ws/install/lslidar_msgs/lib/python3.8/site-packages/lslidar_msgs/msg/_lslidar_point_s.c
[5.035s] -- Up-to-date: /home/ubuntu/Desktop/cartographer_ws/install/lslidar_msgs/lib/python3.8/site-packages/lslidar_msgs/msg/_lslidar_scan.py
[5.035s] -- Up-to-date: /home/ubuntu/Desktop/cartographer_ws/install/lslidar_msgs/lib/python3.8/site-packages/lslidar_msgs/msg/_lslidar_sweep.py
[5.035s] -- Up-to-date: /home/ubuntu/Desktop/cartographer_ws/install/lslidar_msgs/lib/python3.8/site-packages/lslidar_msgs/msg/_lslidar_sweep_s.c
[5.035s] -- Up-to-date: /home/ubuntu/Desktop/cartographer_ws/install/lslidar_msgs/lib/python3.8/site-packages/lslidar_msgs/lslidar_msgs_s__rosidl_typesupport_fastrtps_c.cpython-38-x86_64-linux-gnu.so
[5.035s] -- Up-to-date: /home/ubuntu/Desktop/cartographer_ws/install/lslidar_msgs/lib/python3.8/site-packages/lslidar_msgs/lslidar_msgs_s__rosidl_typesupport_introspection_c.cpython-38-x86_64-linux-gnu.so
[5.035s] -- Up-to-date: /home/ubuntu/Desktop/cartographer_ws/install/lslidar_msgs/lib/python3.8/site-packages/lslidar_msgs/lslidar_msgs_s__rosidl_typesupport_c.cpython-38-x86_64-linux-gnu.so
[5.035s] -- Up-to-date: /home/ubuntu/Desktop/cartographer_ws/install/lslidar_msgs/lib/liblslidar_msgs__python.so
[5.035s] -- Up-to-date: /home/ubuntu/Desktop/cartographer_ws/install/lslidar_msgs/share/lslidar_msgs/msg/LslidarDifop.idl
[5.035s] -- Up-to-date: /home/ubuntu/Desktop/cartographer_ws/install/lslidar_msgs/share/lslidar_msgs/msg/LslidarPacket.idl
[5.036s] -- Up-to-date: /home/ubuntu/Desktop/cartographer_ws/install/lslidar_msgs/share/lslidar_msgs/msg/LslidarPoint.idl
[5.036s] -- Up-to-date: /home/ubuntu/Desktop/cartographer_ws/install/lslidar_msgs/share/lslidar_msgs/msg/LslidarScan.idl
[5.036s] -- Up-to-date: /home/ubuntu/Desktop/cartographer_ws/install/lslidar_msgs/share/lslidar_msgs/msg/LslidarSweep.idl
[5.036s] -- Up-to-date: /home/ubuntu/Desktop/cartographer_ws/install/lslidar_msgs/share/lslidar_msgs/msg/LslidarDifop.msg
[5.036s] -- Up-to-date: /home/ubuntu/Desktop/cartographer_ws/install/lslidar_msgs/share/lslidar_msgs/msg/LslidarPacket.msg
[5.036s] -- Up-to-date: /home/ubuntu/Desktop/cartographer_ws/install/lslidar_msgs/share/lslidar_msgs/msg/LslidarPoint.msg
[5.037s] -- Up-to-date: /home/ubuntu/Desktop/cartographer_ws/install/lslidar_msgs/share/lslidar_msgs/msg/LslidarScan.msg
[5.037s] -- Up-to-date: /home/ubuntu/Desktop/cartographer_ws/install/lslidar_msgs/share/lslidar_msgs/msg/LslidarSweep.msg
[5.037s] -- Up-to-date: /home/ubuntu/Desktop/cartographer_ws/install/lslidar_msgs/share/ament_index/resource_index/package_run_dependencies/lslidar_msgs
[5.038s] -- Up-to-date: /home/ubuntu/Desktop/cartographer_ws/install/lslidar_msgs/share/ament_index/resource_index/parent_prefix_path/lslidar_msgs
[5.043s] -- Up-to-date: /home/ubuntu/Desktop/cartographer_ws/install/lslidar_msgs/share/lslidar_msgs/environment/ament_prefix_path.sh
[5.043s] -- Up-to-date: /home/ubuntu/Desktop/cartographer_ws/install/lslidar_msgs/share/lslidar_msgs/environment/ament_prefix_path.dsv
[5.044s] -- Up-to-date: /home/ubuntu/Desktop/cartographer_ws/install/lslidar_msgs/share/lslidar_msgs/environment/path.sh
[5.044s] -- Up-to-date: /home/ubuntu/Desktop/cartographer_ws/install/lslidar_msgs/share/lslidar_msgs/environment/path.dsv
[5.044s] -- Up-to-date: /home/ubuntu/Desktop/cartographer_ws/install/lslidar_msgs/share/lslidar_msgs/local_setup.bash
[5.044s] -- Up-to-date: /home/ubuntu/Desktop/cartographer_ws/install/lslidar_msgs/share/lslidar_msgs/local_setup.sh
[5.044s] -- Up-to-date: /home/ubuntu/Desktop/cartographer_ws/install/lslidar_msgs/share/lslidar_msgs/local_setup.zsh
[5.045s] -- Up-to-date: /home/ubuntu/Desktop/cartographer_ws/install/lslidar_msgs/share/lslidar_msgs/local_setup.dsv
[5.045s] -- Installing: /home/ubuntu/Desktop/cartographer_ws/install/lslidar_msgs/share/lslidar_msgs/package.dsv
[5.046s] -- Up-to-date: /home/ubuntu/Desktop/cartographer_ws/install/lslidar_msgs/share/ament_index/resource_index/packages/lslidar_msgs
[5.046s] -- Up-to-date: /home/ubuntu/Desktop/cartographer_ws/install/lslidar_msgs/share/lslidar_msgs/cmake/lslidar_msgs__rosidl_generator_cExport.cmake
[5.046s] -- Up-to-date: /home/ubuntu/Desktop/cartographer_ws/install/lslidar_msgs/share/lslidar_msgs/cmake/lslidar_msgs__rosidl_generator_cExport-noconfig.cmake
[5.050s] -- Up-to-date: /home/ubuntu/Desktop/cartographer_ws/install/lslidar_msgs/share/lslidar_msgs/cmake/lslidar_msgs__rosidl_typesupport_introspection_cExport.cmake
[5.050s] -- Up-to-date: /home/ubuntu/Desktop/cartographer_ws/install/lslidar_msgs/share/lslidar_msgs/cmake/lslidar_msgs__rosidl_typesupport_introspection_cExport-noconfig.cmake
[5.051s] -- Up-to-date: /home/ubuntu/Desktop/cartographer_ws/install/lslidar_msgs/share/lslidar_msgs/cmake/lslidar_msgs__rosidl_typesupport_cExport.cmake
[5.051s] -- Up-to-date: /home/ubuntu/Desktop/cartographer_ws/install/lslidar_msgs/share/lslidar_msgs/cmake/lslidar_msgs__rosidl_typesupport_cExport-noconfig.cmake
[5.051s] -- Up-to-date: /home/ubuntu/Desktop/cartographer_ws/install/lslidar_msgs/share/lslidar_msgs/cmake/lslidar_msgs__rosidl_generator_cppExport.cmake
[5.051s] -- Up-to-date: /home/ubuntu/Desktop/cartographer_ws/install/lslidar_msgs/share/lslidar_msgs/cmake/lslidar_msgs__rosidl_typesupport_introspection_cppExport.cmake
[5.051s] -- Up-to-date: /home/ubuntu/Desktop/cartographer_ws/install/lslidar_msgs/share/lslidar_msgs/cmake/lslidar_msgs__rosidl_typesupport_introspection_cppExport-noconfig.cmake
[5.054s] -- Up-to-date: /home/ubuntu/Desktop/cartographer_ws/install/lslidar_msgs/share/lslidar_msgs/cmake/lslidar_msgs__rosidl_typesupport_cppExport.cmake
[5.055s] -- Up-to-date: /home/ubuntu/Desktop/cartographer_ws/install/lslidar_msgs/share/lslidar_msgs/cmake/lslidar_msgs__rosidl_typesupport_cppExport-noconfig.cmake
[5.055s] -- Up-to-date: /home/ubuntu/Desktop/cartographer_ws/install/lslidar_msgs/share/lslidar_msgs/cmake/rosidl_cmake-extras.cmake
[5.056s] -- Up-to-date: /home/ubuntu/Desktop/cartographer_ws/install/lslidar_msgs/share/lslidar_msgs/cmake/ament_cmake_export_dependencies-extras.cmake
[5.056s] -- Up-to-date: /home/ubuntu/Desktop/cartographer_ws/install/lslidar_msgs/share/lslidar_msgs/cmake/ament_cmake_export_libraries-extras.cmake
[5.056s] -- Up-to-date: /home/ubuntu/Desktop/cartographer_ws/install/lslidar_msgs/share/lslidar_msgs/cmake/ament_cmake_export_targets-extras.cmake
[5.057s] -- Up-to-date: /home/ubuntu/Desktop/cartographer_ws/install/lslidar_msgs/share/lslidar_msgs/cmake/ament_cmake_export_include_directories-extras.cmake
[5.057s] -- Up-to-date: /home/ubuntu/Desktop/cartographer_ws/install/lslidar_msgs/share/lslidar_msgs/cmake/rosidl_cmake_export_typesupport_libraries-extras.cmake
[5.062s] -- Up-to-date: /home/ubuntu/Desktop/cartographer_ws/install/lslidar_msgs/share/lslidar_msgs/cmake/rosidl_cmake_export_typesupport_targets-extras.cmake
[5.062s] -- Up-to-date: /home/ubuntu/Desktop/cartographer_ws/install/lslidar_msgs/share/lslidar_msgs/cmake/lslidar_msgsConfig.cmake
[5.063s] -- Up-to-date: /home/ubuntu/Desktop/cartographer_ws/install/lslidar_msgs/share/lslidar_msgs/cmake/lslidar_msgsConfig-version.cmake
[5.063s] -- Up-to-date: /home/ubuntu/Desktop/cartographer_ws/install/lslidar_msgs/share/lslidar_msgs/package.xml
[5.088s] Invoked command in '/home/ubuntu/Desktop/cartographer_ws/build/lslidar_msgs' returned '0': CMAKE_PREFIX_PATH=${CMAKE_PREFIX_PATH}:/opt/ros/foxy /usr/bin/cmake --install /home/ubuntu/Desktop/cartographer_ws/build/lslidar_msgs
