[2.622s] Invoking command in '/home/ubuntu/Desktop/cartographer_ws/src/imu': PYTHONPATH=/home/ubuntu/Desktop/cartographer_ws/build/imu/prefix_override:/usr/lib/python3/dist-packages/colcon_core/task/python/colcon_distutils_commands:/home/ubuntu/Desktop/cartographer_ws/install/imu/lib/python3.8/site-packages:${PYTHONPATH} /usr/bin/python3 -W ignore:setup.py install is deprecated setup.py egg_info --egg-base ../../build/imu build --build-base /home/ubuntu/Desktop/cartographer_ws/build/imu/build install --record /home/ubuntu/Desktop/cartographer_ws/build/imu/install.log --single-version-externally-managed install_data
[3.154s] running egg_info
[3.156s] creating ../../build/imu/imu.egg-info
[3.158s] writing ../../build/imu/imu.egg-info/PKG-INFO
[3.160s] writing dependency_links to ../../build/imu/imu.egg-info/dependency_links.txt
[3.163s] writing entry points to ../../build/imu/imu.egg-info/entry_points.txt
[3.164s] writing requirements to ../../build/imu/imu.egg-info/requires.txt
[3.166s] writing top-level names to ../../build/imu/imu.egg-info/top_level.txt
[3.180s] writing manifest file '../../build/imu/imu.egg-info/SOURCES.txt'
[3.273s] reading manifest file '../../build/imu/imu.egg-info/SOURCES.txt'
[3.276s] writing manifest file '../../build/imu/imu.egg-info/SOURCES.txt'
[3.277s] running build
[3.277s] running build_py
[3.280s] creating /home/ubuntu/Desktop/cartographer_ws/build/imu/build
[3.280s] creating /home/ubuntu/Desktop/cartographer_ws/build/imu/build/lib
[3.280s] creating /home/ubuntu/Desktop/cartographer_ws/build/imu/build/lib/imu
[3.280s] copying imu/__init__.py -> /home/ubuntu/Desktop/cartographer_ws/build/imu/build/lib/imu
[3.290s] copying imu/imu_serial.py -> /home/ubuntu/Desktop/cartographer_ws/build/imu/build/lib/imu
[3.290s] running install
[3.290s] running install_lib
[3.290s] creating /home/ubuntu/Desktop/cartographer_ws/install/imu/lib/python3.8/site-packages/imu
[3.290s] copying /home/ubuntu/Desktop/cartographer_ws/build/imu/build/lib/imu/__init__.py -> /home/ubuntu/Desktop/cartographer_ws/install/imu/lib/python3.8/site-packages/imu
[3.290s] copying /home/ubuntu/Desktop/cartographer_ws/build/imu/build/lib/imu/imu_serial.py -> /home/ubuntu/Desktop/cartographer_ws/install/imu/lib/python3.8/site-packages/imu
[3.291s] byte-compiling /home/ubuntu/Desktop/cartographer_ws/install/imu/lib/python3.8/site-packages/imu/__init__.py to __init__.cpython-38.pyc
[3.297s] byte-compiling /home/ubuntu/Desktop/cartographer_ws/install/imu/lib/python3.8/site-packages/imu/imu_serial.py to imu_serial.cpython-38.pyc
[3.299s] running install_data
[3.299s] creating /home/ubuntu/Desktop/cartographer_ws/install/imu/share/ament_index
[3.299s] creating /home/ubuntu/Desktop/cartographer_ws/install/imu/share/ament_index/resource_index
[3.299s] creating /home/ubuntu/Desktop/cartographer_ws/install/imu/share/ament_index/resource_index/packages
[3.302s] copying resource/imu -> /home/ubuntu/Desktop/cartographer_ws/install/imu/share/ament_index/resource_index/packages
[3.302s] copying package.xml -> /home/ubuntu/Desktop/cartographer_ws/install/imu/share/imu
[3.302s] running install_egg_info
[3.306s] Copying ../../build/imu/imu.egg-info to /home/ubuntu/Desktop/cartographer_ws/install/imu/lib/python3.8/site-packages/imu-0.0.0-py3.8.egg-info
[3.309s] running install_scripts
[3.357s] Installing imu_serial script to /home/ubuntu/Desktop/cartographer_ws/install/imu/lib/imu
[3.357s] writing list of installed files to '/home/ubuntu/Desktop/cartographer_ws/build/imu/install.log'
[3.405s] Invoked command in '/home/ubuntu/Desktop/cartographer_ws/src/imu' returned '0': PYTHONPATH=/home/ubuntu/Desktop/cartographer_ws/build/imu/prefix_override:/usr/lib/python3/dist-packages/colcon_core/task/python/colcon_distutils_commands:/home/ubuntu/Desktop/cartographer_ws/install/imu/lib/python3.8/site-packages:${PYTHONPATH} /usr/bin/python3 -W ignore:setup.py install is deprecated setup.py egg_info --egg-base ../../build/imu build --build-base /home/ubuntu/Desktop/cartographer_ws/build/imu/build install --record /home/ubuntu/Desktop/cartographer_ws/build/imu/install.log --single-version-externally-managed install_data
