[0.114s] Invoking command in '/home/ubuntu/Desktop/cartographer_ws/build/cartographer_ros_msgs': CMAKE_PREFIX_PATH=${CMAKE_PREFIX_PATH}:/opt/ros/foxy /usr/bin/cmake --build /home/ubuntu/Desktop/cartographer_ws/build/cartographer_ros_msgs -- -j2 -l2
[0.428s] [  0%] Built target cartographer_ros_msgs__cpp
[0.456s] [ 12%] Built target cartographer_ros_msgs__rosidl_generator_c
[0.614s] [ 24%] Built target cartographer_ros_msgs__rosidl_typesupport_cpp
[0.639s] [ 36%] Built target cartographer_ros_msgs__rosidl_typesupport_fastrtps_cpp
[0.720s] [ 48%] Built target cartographer_ros_msgs__rosidl_typesupport_introspection_c
[0.741s] [ 60%] Built target cartographer_ros_msgs__rosidl_typesupport_c
[0.877s] [ 72%] Built target cartographer_ros_msgs__rosidl_typesupport_introspection_cpp
[0.930s] [ 84%] Built target cartographer_ros_msgs__rosidl_typesupport_fastrtps_c
[1.059s] [ 84%] Built target cartographer_ros_msgs
[1.203s] [ 85%] Built target cartographer_ros_msgs__py
[1.327s] [ 96%] Built target cartographer_ros_msgs__python
[1.479s] [ 97%] Built target cartographer_ros_msgs__rosidl_typesupport_c__pyext
[1.542s] [ 99%] Built target cartographer_ros_msgs__rosidl_typesupport_introspection_c__pyext
[1.643s] [100%] Built target cartographer_ros_msgs__rosidl_typesupport_fastrtps_c__pyext
[1.690s] Invoked command in '/home/ubuntu/Desktop/cartographer_ws/build/cartographer_ros_msgs' returned '0': CMAKE_PREFIX_PATH=${CMAKE_PREFIX_PATH}:/opt/ros/foxy /usr/bin/cmake --build /home/ubuntu/Desktop/cartographer_ws/build/cartographer_ros_msgs -- -j2 -l2
[4.998s] Invoking command in '/home/ubuntu/Desktop/cartographer_ws/build/cartographer_ros_msgs': CMAKE_PREFIX_PATH=${CMAKE_PREFIX_PATH}:/opt/ros/foxy /usr/bin/cmake --install /home/ubuntu/Desktop/cartographer_ws/build/cartographer_ros_msgs
[5.070s] -- Install configuration: ""
[5.074s] -- Up-to-date: /home/ubuntu/Desktop/cartographer_ws/install/cartographer_ros_msgs/share/ament_index/resource_index/rosidl_interfaces/cartographer_ros_msgs
[5.075s] -- Up-to-date: /home/ubuntu/Desktop/cartographer_ws/install/cartographer_ros_msgs/include/cartographer_ros_msgs
[5.075s] -- Up-to-date: /home/ubuntu/Desktop/cartographer_ws/install/cartographer_ros_msgs/include/cartographer_ros_msgs/srv
[5.076s] -- Up-to-date: /home/ubuntu/Desktop/cartographer_ws/install/cartographer_ros_msgs/include/cartographer_ros_msgs/srv/start_trajectory.h
[5.076s] -- Up-to-date: /home/ubuntu/Desktop/cartographer_ws/install/cartographer_ros_msgs/include/cartographer_ros_msgs/srv/finish_trajectory.h
[5.077s] -- Up-to-date: /home/ubuntu/Desktop/cartographer_ws/install/cartographer_ros_msgs/include/cartographer_ros_msgs/srv/write_state.h
[5.077s] -- Up-to-date: /home/ubuntu/Desktop/cartographer_ws/install/cartographer_ros_msgs/include/cartographer_ros_msgs/srv/detail
[5.077s] -- Up-to-date: /home/ubuntu/Desktop/cartographer_ws/install/cartographer_ros_msgs/include/cartographer_ros_msgs/srv/detail/submap_query__functions.c
[5.078s] -- Up-to-date: /home/ubuntu/Desktop/cartographer_ws/install/cartographer_ros_msgs/include/cartographer_ros_msgs/srv/detail/start_trajectory__functions.c
[5.078s] -- Up-to-date: /home/ubuntu/Desktop/cartographer_ws/install/cartographer_ros_msgs/include/cartographer_ros_msgs/srv/detail/write_state__functions.c
[5.078s] -- Up-to-date: /home/ubuntu/Desktop/cartographer_ws/install/cartographer_ros_msgs/include/cartographer_ros_msgs/srv/detail/write_state__struct.h
[5.079s] -- Up-to-date: /home/ubuntu/Desktop/cartographer_ws/install/cartographer_ros_msgs/include/cartographer_ros_msgs/srv/detail/finish_trajectory__struct.h
[5.079s] -- Up-to-date: /home/ubuntu/Desktop/cartographer_ws/install/cartographer_ros_msgs/include/cartographer_ros_msgs/srv/detail/finish_trajectory__type_support.h
[5.079s] -- Up-to-date: /home/ubuntu/Desktop/cartographer_ws/install/cartographer_ros_msgs/include/cartographer_ros_msgs/srv/detail/finish_trajectory__functions.h
[5.080s] -- Up-to-date: /home/ubuntu/Desktop/cartographer_ws/install/cartographer_ros_msgs/include/cartographer_ros_msgs/srv/detail/start_trajectory__struct.h
[5.080s] -- Up-to-date: /home/ubuntu/Desktop/cartographer_ws/install/cartographer_ros_msgs/include/cartographer_ros_msgs/srv/detail/write_state__type_support.h
[5.080s] -- Up-to-date: /home/ubuntu/Desktop/cartographer_ws/install/cartographer_ros_msgs/include/cartographer_ros_msgs/srv/detail/submap_query__struct.h
[5.081s] -- Up-to-date: /home/ubuntu/Desktop/cartographer_ws/install/cartographer_ros_msgs/include/cartographer_ros_msgs/srv/detail/write_state__functions.h
[5.081s] -- Up-to-date: /home/ubuntu/Desktop/cartographer_ws/install/cartographer_ros_msgs/include/cartographer_ros_msgs/srv/detail/finish_trajectory__functions.c
[5.081s] -- Up-to-date: /home/ubuntu/Desktop/cartographer_ws/install/cartographer_ros_msgs/include/cartographer_ros_msgs/srv/detail/submap_query__type_support.h
[5.086s] -- Up-to-date: /home/ubuntu/Desktop/cartographer_ws/install/cartographer_ros_msgs/include/cartographer_ros_msgs/srv/detail/start_trajectory__type_support.h
[5.086s] -- Up-to-date: /home/ubuntu/Desktop/cartographer_ws/install/cartographer_ros_msgs/include/cartographer_ros_msgs/srv/detail/start_trajectory__functions.h
[5.086s] -- Up-to-date: /home/ubuntu/Desktop/cartographer_ws/install/cartographer_ros_msgs/include/cartographer_ros_msgs/srv/detail/submap_query__functions.h
[5.087s] -- Up-to-date: /home/ubuntu/Desktop/cartographer_ws/install/cartographer_ros_msgs/include/cartographer_ros_msgs/srv/submap_query.h
[5.087s] -- Up-to-date: /home/ubuntu/Desktop/cartographer_ws/install/cartographer_ros_msgs/include/cartographer_ros_msgs/msg
[5.087s] -- Up-to-date: /home/ubuntu/Desktop/cartographer_ws/install/cartographer_ros_msgs/include/cartographer_ros_msgs/msg/submap_texture.h
[5.087s] -- Up-to-date: /home/ubuntu/Desktop/cartographer_ws/install/cartographer_ros_msgs/include/cartographer_ros_msgs/msg/submap_list.h
[5.087s] -- Up-to-date: /home/ubuntu/Desktop/cartographer_ws/install/cartographer_ros_msgs/include/cartographer_ros_msgs/msg/sensor_topics.h
[5.087s] -- Up-to-date: /home/ubuntu/Desktop/cartographer_ws/install/cartographer_ros_msgs/include/cartographer_ros_msgs/msg/landmark_entry.h
[5.087s] -- Up-to-date: /home/ubuntu/Desktop/cartographer_ws/install/cartographer_ros_msgs/include/cartographer_ros_msgs/msg/status_code.h
[5.088s] -- Up-to-date: /home/ubuntu/Desktop/cartographer_ws/install/cartographer_ros_msgs/include/cartographer_ros_msgs/msg/landmark_list.h
[5.088s] -- Up-to-date: /home/ubuntu/Desktop/cartographer_ws/install/cartographer_ros_msgs/include/cartographer_ros_msgs/msg/rosidl_generator_c__visibility_control.h
[5.088s] -- Up-to-date: /home/ubuntu/Desktop/cartographer_ws/install/cartographer_ros_msgs/include/cartographer_ros_msgs/msg/submap_entry.h
[5.088s] -- Up-to-date: /home/ubuntu/Desktop/cartographer_ws/install/cartographer_ros_msgs/include/cartographer_ros_msgs/msg/trajectory_options.h
[5.088s] -- Up-to-date: /home/ubuntu/Desktop/cartographer_ws/install/cartographer_ros_msgs/include/cartographer_ros_msgs/msg/detail
[5.088s] -- Up-to-date: /home/ubuntu/Desktop/cartographer_ws/install/cartographer_ros_msgs/include/cartographer_ros_msgs/msg/detail/submap_entry__functions.h
[5.089s] -- Up-to-date: /home/ubuntu/Desktop/cartographer_ws/install/cartographer_ros_msgs/include/cartographer_ros_msgs/msg/detail/trajectory_options__type_support.h
[5.089s] -- Up-to-date: /home/ubuntu/Desktop/cartographer_ws/install/cartographer_ros_msgs/include/cartographer_ros_msgs/msg/detail/landmark_list__struct.h
[5.089s] -- Up-to-date: /home/ubuntu/Desktop/cartographer_ws/install/cartographer_ros_msgs/include/cartographer_ros_msgs/msg/detail/submap_texture__type_support.h
[5.089s] -- Up-to-date: /home/ubuntu/Desktop/cartographer_ws/install/cartographer_ros_msgs/include/cartographer_ros_msgs/msg/detail/trajectory_options__functions.c
[5.089s] -- Up-to-date: /home/ubuntu/Desktop/cartographer_ws/install/cartographer_ros_msgs/include/cartographer_ros_msgs/msg/detail/submap_entry__type_support.h
[5.089s] -- Up-to-date: /home/ubuntu/Desktop/cartographer_ws/install/cartographer_ros_msgs/include/cartographer_ros_msgs/msg/detail/landmark_list__functions.h
[5.089s] -- Up-to-date: /home/ubuntu/Desktop/cartographer_ws/install/cartographer_ros_msgs/include/cartographer_ros_msgs/msg/detail/submap_entry__struct.h
[5.090s] -- Up-to-date: /home/ubuntu/Desktop/cartographer_ws/install/cartographer_ros_msgs/include/cartographer_ros_msgs/msg/detail/submap_texture__struct.h
[5.090s] -- Up-to-date: /home/ubuntu/Desktop/cartographer_ws/install/cartographer_ros_msgs/include/cartographer_ros_msgs/msg/detail/landmark_list__functions.c
[5.094s] -- Up-to-date: /home/ubuntu/Desktop/cartographer_ws/install/cartographer_ros_msgs/include/cartographer_ros_msgs/msg/detail/landmark_entry__type_support.h
[5.094s] -- Up-to-date: /home/ubuntu/Desktop/cartographer_ws/install/cartographer_ros_msgs/include/cartographer_ros_msgs/msg/detail/submap_list__functions.c
[5.094s] -- Up-to-date: /home/ubuntu/Desktop/cartographer_ws/install/cartographer_ros_msgs/include/cartographer_ros_msgs/msg/detail/status_response__type_support.h
[5.094s] -- Up-to-date: /home/ubuntu/Desktop/cartographer_ws/install/cartographer_ros_msgs/include/cartographer_ros_msgs/msg/detail/sensor_topics__functions.h
[5.094s] -- Up-to-date: /home/ubuntu/Desktop/cartographer_ws/install/cartographer_ros_msgs/include/cartographer_ros_msgs/msg/detail/sensor_topics__functions.c
[5.094s] -- Up-to-date: /home/ubuntu/Desktop/cartographer_ws/install/cartographer_ros_msgs/include/cartographer_ros_msgs/msg/detail/trajectory_options__functions.h
[5.094s] -- Up-to-date: /home/ubuntu/Desktop/cartographer_ws/install/cartographer_ros_msgs/include/cartographer_ros_msgs/msg/detail/sensor_topics__struct.h
[5.095s] -- Up-to-date: /home/ubuntu/Desktop/cartographer_ws/install/cartographer_ros_msgs/include/cartographer_ros_msgs/msg/detail/status_response__struct.h
[5.095s] -- Up-to-date: /home/ubuntu/Desktop/cartographer_ws/install/cartographer_ros_msgs/include/cartographer_ros_msgs/msg/detail/status_response__functions.h
[5.095s] -- Up-to-date: /home/ubuntu/Desktop/cartographer_ws/install/cartographer_ros_msgs/include/cartographer_ros_msgs/msg/detail/status_code__type_support.h
[5.095s] -- Up-to-date: /home/ubuntu/Desktop/cartographer_ws/install/cartographer_ros_msgs/include/cartographer_ros_msgs/msg/detail/status_code__struct.h
[5.095s] -- Up-to-date: /home/ubuntu/Desktop/cartographer_ws/install/cartographer_ros_msgs/include/cartographer_ros_msgs/msg/detail/landmark_entry__functions.c
[5.095s] -- Up-to-date: /home/ubuntu/Desktop/cartographer_ws/install/cartographer_ros_msgs/include/cartographer_ros_msgs/msg/detail/submap_texture__functions.c
[5.096s] -- Up-to-date: /home/ubuntu/Desktop/cartographer_ws/install/cartographer_ros_msgs/include/cartographer_ros_msgs/msg/detail/trajectory_options__struct.h
[5.096s] -- Up-to-date: /home/ubuntu/Desktop/cartographer_ws/install/cartographer_ros_msgs/include/cartographer_ros_msgs/msg/detail/submap_texture__functions.h
[5.096s] -- Up-to-date: /home/ubuntu/Desktop/cartographer_ws/install/cartographer_ros_msgs/include/cartographer_ros_msgs/msg/detail/status_code__functions.h
[5.096s] -- Up-to-date: /home/ubuntu/Desktop/cartographer_ws/install/cartographer_ros_msgs/include/cartographer_ros_msgs/msg/detail/sensor_topics__type_support.h
[5.096s] -- Up-to-date: /home/ubuntu/Desktop/cartographer_ws/install/cartographer_ros_msgs/include/cartographer_ros_msgs/msg/detail/status_code__functions.c
[5.096s] -- Up-to-date: /home/ubuntu/Desktop/cartographer_ws/install/cartographer_ros_msgs/include/cartographer_ros_msgs/msg/detail/submap_entry__functions.c
[5.096s] -- Up-to-date: /home/ubuntu/Desktop/cartographer_ws/install/cartographer_ros_msgs/include/cartographer_ros_msgs/msg/detail/status_response__functions.c
[5.097s] -- Up-to-date: /home/ubuntu/Desktop/cartographer_ws/install/cartographer_ros_msgs/include/cartographer_ros_msgs/msg/detail/landmark_list__type_support.h
[5.097s] -- Up-to-date: /home/ubuntu/Desktop/cartographer_ws/install/cartographer_ros_msgs/include/cartographer_ros_msgs/msg/detail/landmark_entry__struct.h
[5.097s] -- Up-to-date: /home/ubuntu/Desktop/cartographer_ws/install/cartographer_ros_msgs/include/cartographer_ros_msgs/msg/detail/landmark_entry__functions.h
[5.097s] -- Up-to-date: /home/ubuntu/Desktop/cartographer_ws/install/cartographer_ros_msgs/include/cartographer_ros_msgs/msg/detail/submap_list__struct.h
[5.097s] -- Up-to-date: /home/ubuntu/Desktop/cartographer_ws/install/cartographer_ros_msgs/include/cartographer_ros_msgs/msg/detail/submap_list__type_support.h
[5.098s] -- Up-to-date: /home/ubuntu/Desktop/cartographer_ws/install/cartographer_ros_msgs/include/cartographer_ros_msgs/msg/detail/submap_list__functions.h
[5.098s] -- Up-to-date: /home/ubuntu/Desktop/cartographer_ws/install/cartographer_ros_msgs/include/cartographer_ros_msgs/msg/status_response.h
[5.108s] -- Up-to-date: /home/ubuntu/Desktop/cartographer_ws/install/cartographer_ros_msgs/share/cartographer_ros_msgs/environment/library_path.sh
[5.108s] -- Up-to-date: /home/ubuntu/Desktop/cartographer_ws/install/cartographer_ros_msgs/share/cartographer_ros_msgs/environment/library_path.dsv
[5.108s] -- Up-to-date: /home/ubuntu/Desktop/cartographer_ws/install/cartographer_ros_msgs/lib/libcartographer_ros_msgs__rosidl_generator_c.so
[5.108s] -- Up-to-date: /home/ubuntu/Desktop/cartographer_ws/install/cartographer_ros_msgs/include/cartographer_ros_msgs
[5.108s] -- Up-to-date: /home/ubuntu/Desktop/cartographer_ws/install/cartographer_ros_msgs/include/cartographer_ros_msgs/srv
[5.109s] -- Up-to-date: /home/ubuntu/Desktop/cartographer_ws/install/cartographer_ros_msgs/include/cartographer_ros_msgs/srv/detail
[5.109s] -- Up-to-date: /home/ubuntu/Desktop/cartographer_ws/install/cartographer_ros_msgs/include/cartographer_ros_msgs/srv/detail/write_state__rosidl_typesupport_fastrtps_c.h
[5.109s] -- Up-to-date: /home/ubuntu/Desktop/cartographer_ws/install/cartographer_ros_msgs/include/cartographer_ros_msgs/srv/detail/submap_query__rosidl_typesupport_fastrtps_c.h
[5.110s] -- Up-to-date: /home/ubuntu/Desktop/cartographer_ws/install/cartographer_ros_msgs/include/cartographer_ros_msgs/srv/detail/finish_trajectory__rosidl_typesupport_fastrtps_c.h
[5.110s] -- Up-to-date: /home/ubuntu/Desktop/cartographer_ws/install/cartographer_ros_msgs/include/cartographer_ros_msgs/srv/detail/start_trajectory__rosidl_typesupport_fastrtps_c.h
[5.110s] -- Up-to-date: /home/ubuntu/Desktop/cartographer_ws/install/cartographer_ros_msgs/include/cartographer_ros_msgs/msg
[5.110s] -- Up-to-date: /home/ubuntu/Desktop/cartographer_ws/install/cartographer_ros_msgs/include/cartographer_ros_msgs/msg/rosidl_typesupport_fastrtps_c__visibility_control.h
[5.110s] -- Up-to-date: /home/ubuntu/Desktop/cartographer_ws/install/cartographer_ros_msgs/include/cartographer_ros_msgs/msg/detail
[5.110s] -- Up-to-date: /home/ubuntu/Desktop/cartographer_ws/install/cartographer_ros_msgs/include/cartographer_ros_msgs/msg/detail/landmark_list__rosidl_typesupport_fastrtps_c.h
[5.111s] -- Up-to-date: /home/ubuntu/Desktop/cartographer_ws/install/cartographer_ros_msgs/include/cartographer_ros_msgs/msg/detail/submap_entry__rosidl_typesupport_fastrtps_c.h
[5.111s] -- Up-to-date: /home/ubuntu/Desktop/cartographer_ws/install/cartographer_ros_msgs/include/cartographer_ros_msgs/msg/detail/sensor_topics__rosidl_typesupport_fastrtps_c.h
[5.111s] -- Up-to-date: /home/ubuntu/Desktop/cartographer_ws/install/cartographer_ros_msgs/include/cartographer_ros_msgs/msg/detail/landmark_entry__rosidl_typesupport_fastrtps_c.h
[5.111s] -- Up-to-date: /home/ubuntu/Desktop/cartographer_ws/install/cartographer_ros_msgs/include/cartographer_ros_msgs/msg/detail/trajectory_options__rosidl_typesupport_fastrtps_c.h
[5.111s] -- Up-to-date: /home/ubuntu/Desktop/cartographer_ws/install/cartographer_ros_msgs/include/cartographer_ros_msgs/msg/detail/submap_list__rosidl_typesupport_fastrtps_c.h
[5.112s] -- Up-to-date: /home/ubuntu/Desktop/cartographer_ws/install/cartographer_ros_msgs/include/cartographer_ros_msgs/msg/detail/status_code__rosidl_typesupport_fastrtps_c.h
[5.112s] -- Up-to-date: /home/ubuntu/Desktop/cartographer_ws/install/cartographer_ros_msgs/include/cartographer_ros_msgs/msg/detail/submap_texture__rosidl_typesupport_fastrtps_c.h
[5.112s] -- Up-to-date: /home/ubuntu/Desktop/cartographer_ws/install/cartographer_ros_msgs/include/cartographer_ros_msgs/msg/detail/status_response__rosidl_typesupport_fastrtps_c.h
[5.112s] -- Up-to-date: /home/ubuntu/Desktop/cartographer_ws/install/cartographer_ros_msgs/lib/libcartographer_ros_msgs__rosidl_typesupport_fastrtps_c.so
[5.112s] -- Up-to-date: /home/ubuntu/Desktop/cartographer_ws/install/cartographer_ros_msgs/include/cartographer_ros_msgs
[5.112s] -- Up-to-date: /home/ubuntu/Desktop/cartographer_ws/install/cartographer_ros_msgs/include/cartographer_ros_msgs/srv
[5.113s] -- Up-to-date: /home/ubuntu/Desktop/cartographer_ws/install/cartographer_ros_msgs/include/cartographer_ros_msgs/srv/detail
[5.113s] -- Up-to-date: /home/ubuntu/Desktop/cartographer_ws/install/cartographer_ros_msgs/include/cartographer_ros_msgs/srv/detail/finish_trajectory__rosidl_typesupport_fastrtps_cpp.hpp
[5.113s] -- Up-to-date: /home/ubuntu/Desktop/cartographer_ws/install/cartographer_ros_msgs/include/cartographer_ros_msgs/srv/detail/start_trajectory__rosidl_typesupport_fastrtps_cpp.hpp
[5.113s] -- Up-to-date: /home/ubuntu/Desktop/cartographer_ws/install/cartographer_ros_msgs/include/cartographer_ros_msgs/srv/detail/write_state__rosidl_typesupport_fastrtps_cpp.hpp
[5.113s] -- Up-to-date: /home/ubuntu/Desktop/cartographer_ws/install/cartographer_ros_msgs/include/cartographer_ros_msgs/srv/detail/dds_fastrtps
[5.113s] -- Up-to-date: /home/ubuntu/Desktop/cartographer_ws/install/cartographer_ros_msgs/include/cartographer_ros_msgs/srv/detail/submap_query__rosidl_typesupport_fastrtps_cpp.hpp
[5.113s] -- Up-to-date: /home/ubuntu/Desktop/cartographer_ws/install/cartographer_ros_msgs/include/cartographer_ros_msgs/msg
[5.114s] -- Up-to-date: /home/ubuntu/Desktop/cartographer_ws/install/cartographer_ros_msgs/include/cartographer_ros_msgs/msg/rosidl_typesupport_fastrtps_cpp__visibility_control.h
[5.114s] -- Up-to-date: /home/ubuntu/Desktop/cartographer_ws/install/cartographer_ros_msgs/include/cartographer_ros_msgs/msg/detail
[5.114s] -- Up-to-date: /home/ubuntu/Desktop/cartographer_ws/install/cartographer_ros_msgs/include/cartographer_ros_msgs/msg/detail/submap_list__rosidl_typesupport_fastrtps_cpp.hpp
[5.114s] -- Up-to-date: /home/ubuntu/Desktop/cartographer_ws/install/cartographer_ros_msgs/include/cartographer_ros_msgs/msg/detail/trajectory_options__rosidl_typesupport_fastrtps_cpp.hpp
[5.114s] -- Up-to-date: /home/ubuntu/Desktop/cartographer_ws/install/cartographer_ros_msgs/include/cartographer_ros_msgs/msg/detail/landmark_list__rosidl_typesupport_fastrtps_cpp.hpp
[5.114s] -- Up-to-date: /home/ubuntu/Desktop/cartographer_ws/install/cartographer_ros_msgs/include/cartographer_ros_msgs/msg/detail/submap_entry__rosidl_typesupport_fastrtps_cpp.hpp
[5.114s] -- Up-to-date: /home/ubuntu/Desktop/cartographer_ws/install/cartographer_ros_msgs/include/cartographer_ros_msgs/msg/detail/status_response__rosidl_typesupport_fastrtps_cpp.hpp
[5.115s] -- Up-to-date: /home/ubuntu/Desktop/cartographer_ws/install/cartographer_ros_msgs/include/cartographer_ros_msgs/msg/detail/status_code__rosidl_typesupport_fastrtps_cpp.hpp
[5.115s] -- Up-to-date: /home/ubuntu/Desktop/cartographer_ws/install/cartographer_ros_msgs/include/cartographer_ros_msgs/msg/detail/sensor_topics__rosidl_typesupport_fastrtps_cpp.hpp
[5.115s] -- Up-to-date: /home/ubuntu/Desktop/cartographer_ws/install/cartographer_ros_msgs/include/cartographer_ros_msgs/msg/detail/landmark_entry__rosidl_typesupport_fastrtps_cpp.hpp
[5.115s] -- Up-to-date: /home/ubuntu/Desktop/cartographer_ws/install/cartographer_ros_msgs/include/cartographer_ros_msgs/msg/detail/submap_texture__rosidl_typesupport_fastrtps_cpp.hpp
[5.115s] -- Up-to-date: /home/ubuntu/Desktop/cartographer_ws/install/cartographer_ros_msgs/include/cartographer_ros_msgs/msg/detail/dds_fastrtps
[5.115s] -- Up-to-date: /home/ubuntu/Desktop/cartographer_ws/install/cartographer_ros_msgs/lib/libcartographer_ros_msgs__rosidl_typesupport_fastrtps_cpp.so
[5.116s] -- Up-to-date: /home/ubuntu/Desktop/cartographer_ws/install/cartographer_ros_msgs/include/cartographer_ros_msgs
[5.116s] -- Up-to-date: /home/ubuntu/Desktop/cartographer_ws/install/cartographer_ros_msgs/include/cartographer_ros_msgs/srv
[5.116s] -- Up-to-date: /home/ubuntu/Desktop/cartographer_ws/install/cartographer_ros_msgs/include/cartographer_ros_msgs/srv/detail
[5.116s] -- Up-to-date: /home/ubuntu/Desktop/cartographer_ws/install/cartographer_ros_msgs/include/cartographer_ros_msgs/srv/detail/write_state__rosidl_typesupport_introspection_c.h
[5.116s] -- Up-to-date: /home/ubuntu/Desktop/cartographer_ws/install/cartographer_ros_msgs/include/cartographer_ros_msgs/srv/detail/submap_query__rosidl_typesupport_introspection_c.h
[5.116s] -- Up-to-date: /home/ubuntu/Desktop/cartographer_ws/install/cartographer_ros_msgs/include/cartographer_ros_msgs/srv/detail/submap_query__type_support.c
[5.116s] -- Up-to-date: /home/ubuntu/Desktop/cartographer_ws/install/cartographer_ros_msgs/include/cartographer_ros_msgs/srv/detail/finish_trajectory__rosidl_typesupport_introspection_c.h
[5.117s] -- Up-to-date: /home/ubuntu/Desktop/cartographer_ws/install/cartographer_ros_msgs/include/cartographer_ros_msgs/srv/detail/write_state__type_support.c
[5.117s] -- Up-to-date: /home/ubuntu/Desktop/cartographer_ws/install/cartographer_ros_msgs/include/cartographer_ros_msgs/srv/detail/start_trajectory__rosidl_typesupport_introspection_c.h
[5.117s] -- Up-to-date: /home/ubuntu/Desktop/cartographer_ws/install/cartographer_ros_msgs/include/cartographer_ros_msgs/srv/detail/start_trajectory__type_support.c
[5.130s] -- Up-to-date: /home/ubuntu/Desktop/cartographer_ws/install/cartographer_ros_msgs/include/cartographer_ros_msgs/srv/detail/finish_trajectory__type_support.c
[5.130s] -- Up-to-date: /home/ubuntu/Desktop/cartographer_ws/install/cartographer_ros_msgs/include/cartographer_ros_msgs/msg
[5.130s] -- Up-to-date: /home/ubuntu/Desktop/cartographer_ws/install/cartographer_ros_msgs/include/cartographer_ros_msgs/msg/detail
[5.131s] -- Up-to-date: /home/ubuntu/Desktop/cartographer_ws/install/cartographer_ros_msgs/include/cartographer_ros_msgs/msg/detail/status_code__type_support.c
[5.131s] -- Up-to-date: /home/ubuntu/Desktop/cartographer_ws/install/cartographer_ros_msgs/include/cartographer_ros_msgs/msg/detail/submap_entry__type_support.c
[5.134s] -- Up-to-date: /home/ubuntu/Desktop/cartographer_ws/install/cartographer_ros_msgs/include/cartographer_ros_msgs/msg/detail/status_response__rosidl_typesupport_introspection_c.h
[5.134s] -- Up-to-date: /home/ubuntu/Desktop/cartographer_ws/install/cartographer_ros_msgs/include/cartographer_ros_msgs/msg/detail/status_code__rosidl_typesupport_introspection_c.h
[5.134s] -- Up-to-date: /home/ubuntu/Desktop/cartographer_ws/install/cartographer_ros_msgs/include/cartographer_ros_msgs/msg/detail/landmark_list__type_support.c
[5.134s] -- Up-to-date: /home/ubuntu/Desktop/cartographer_ws/install/cartographer_ros_msgs/include/cartographer_ros_msgs/msg/detail/landmark_list__rosidl_typesupport_introspection_c.h
[5.135s] -- Up-to-date: /home/ubuntu/Desktop/cartographer_ws/install/cartographer_ros_msgs/include/cartographer_ros_msgs/msg/detail/sensor_topics__rosidl_typesupport_introspection_c.h
[5.135s] -- Up-to-date: /home/ubuntu/Desktop/cartographer_ws/install/cartographer_ros_msgs/include/cartographer_ros_msgs/msg/detail/trajectory_options__type_support.c
[5.135s] -- Up-to-date: /home/ubuntu/Desktop/cartographer_ws/install/cartographer_ros_msgs/include/cartographer_ros_msgs/msg/detail/trajectory_options__rosidl_typesupport_introspection_c.h
[5.135s] -- Up-to-date: /home/ubuntu/Desktop/cartographer_ws/install/cartographer_ros_msgs/include/cartographer_ros_msgs/msg/detail/submap_entry__rosidl_typesupport_introspection_c.h
[5.135s] -- Up-to-date: /home/ubuntu/Desktop/cartographer_ws/install/cartographer_ros_msgs/include/cartographer_ros_msgs/msg/detail/landmark_entry__rosidl_typesupport_introspection_c.h
[5.135s] -- Up-to-date: /home/ubuntu/Desktop/cartographer_ws/install/cartographer_ros_msgs/include/cartographer_ros_msgs/msg/detail/status_response__type_support.c
[5.135s] -- Up-to-date: /home/ubuntu/Desktop/cartographer_ws/install/cartographer_ros_msgs/include/cartographer_ros_msgs/msg/detail/submap_list__rosidl_typesupport_introspection_c.h
[5.136s] -- Up-to-date: /home/ubuntu/Desktop/cartographer_ws/install/cartographer_ros_msgs/include/cartographer_ros_msgs/msg/detail/submap_texture__rosidl_typesupport_introspection_c.h
[5.136s] -- Up-to-date: /home/ubuntu/Desktop/cartographer_ws/install/cartographer_ros_msgs/include/cartographer_ros_msgs/msg/detail/submap_texture__type_support.c
[5.136s] -- Up-to-date: /home/ubuntu/Desktop/cartographer_ws/install/cartographer_ros_msgs/include/cartographer_ros_msgs/msg/detail/sensor_topics__type_support.c
[5.136s] -- Up-to-date: /home/ubuntu/Desktop/cartographer_ws/install/cartographer_ros_msgs/include/cartographer_ros_msgs/msg/detail/submap_list__type_support.c
[5.136s] -- Up-to-date: /home/ubuntu/Desktop/cartographer_ws/install/cartographer_ros_msgs/include/cartographer_ros_msgs/msg/detail/landmark_entry__type_support.c
[5.136s] -- Up-to-date: /home/ubuntu/Desktop/cartographer_ws/install/cartographer_ros_msgs/include/cartographer_ros_msgs/msg/rosidl_typesupport_introspection_c__visibility_control.h
[5.136s] -- Up-to-date: /home/ubuntu/Desktop/cartographer_ws/install/cartographer_ros_msgs/lib/libcartographer_ros_msgs__rosidl_typesupport_introspection_c.so
[5.137s] -- Up-to-date: /home/ubuntu/Desktop/cartographer_ws/install/cartographer_ros_msgs/lib/libcartographer_ros_msgs__rosidl_typesupport_c.so
[5.137s] -- Up-to-date: /home/ubuntu/Desktop/cartographer_ws/install/cartographer_ros_msgs/include/cartographer_ros_msgs
[5.137s] -- Up-to-date: /home/ubuntu/Desktop/cartographer_ws/install/cartographer_ros_msgs/include/cartographer_ros_msgs/srv
[5.137s] -- Up-to-date: /home/ubuntu/Desktop/cartographer_ws/install/cartographer_ros_msgs/include/cartographer_ros_msgs/srv/write_state.hpp
[5.137s] -- Up-to-date: /home/ubuntu/Desktop/cartographer_ws/install/cartographer_ros_msgs/include/cartographer_ros_msgs/srv/start_trajectory.hpp
[5.137s] -- Up-to-date: /home/ubuntu/Desktop/cartographer_ws/install/cartographer_ros_msgs/include/cartographer_ros_msgs/srv/submap_query.hpp
[5.137s] -- Up-to-date: /home/ubuntu/Desktop/cartographer_ws/install/cartographer_ros_msgs/include/cartographer_ros_msgs/srv/detail
[5.138s] -- Up-to-date: /home/ubuntu/Desktop/cartographer_ws/install/cartographer_ros_msgs/include/cartographer_ros_msgs/srv/detail/finish_trajectory__type_support.hpp
[5.138s] -- Up-to-date: /home/ubuntu/Desktop/cartographer_ws/install/cartographer_ros_msgs/include/cartographer_ros_msgs/srv/detail/start_trajectory__struct.hpp
[5.138s] -- Up-to-date: /home/ubuntu/Desktop/cartographer_ws/install/cartographer_ros_msgs/include/cartographer_ros_msgs/srv/detail/submap_query__traits.hpp
[5.138s] -- Up-to-date: /home/ubuntu/Desktop/cartographer_ws/install/cartographer_ros_msgs/include/cartographer_ros_msgs/srv/detail/write_state__struct.hpp
[5.138s] -- Up-to-date: /home/ubuntu/Desktop/cartographer_ws/install/cartographer_ros_msgs/include/cartographer_ros_msgs/srv/detail/submap_query__struct.hpp
[5.138s] -- Up-to-date: /home/ubuntu/Desktop/cartographer_ws/install/cartographer_ros_msgs/include/cartographer_ros_msgs/srv/detail/submap_query__type_support.hpp
[5.139s] -- Up-to-date: /home/ubuntu/Desktop/cartographer_ws/install/cartographer_ros_msgs/include/cartographer_ros_msgs/srv/detail/submap_query__builder.hpp
[5.139s] -- Up-to-date: /home/ubuntu/Desktop/cartographer_ws/install/cartographer_ros_msgs/include/cartographer_ros_msgs/srv/detail/finish_trajectory__traits.hpp
[5.139s] -- Up-to-date: /home/ubuntu/Desktop/cartographer_ws/install/cartographer_ros_msgs/include/cartographer_ros_msgs/srv/detail/write_state__traits.hpp
[5.139s] -- Up-to-date: /home/ubuntu/Desktop/cartographer_ws/install/cartographer_ros_msgs/include/cartographer_ros_msgs/srv/detail/start_trajectory__builder.hpp
[5.139s] -- Up-to-date: /home/ubuntu/Desktop/cartographer_ws/install/cartographer_ros_msgs/include/cartographer_ros_msgs/srv/detail/finish_trajectory__builder.hpp
[5.139s] -- Up-to-date: /home/ubuntu/Desktop/cartographer_ws/install/cartographer_ros_msgs/include/cartographer_ros_msgs/srv/detail/write_state__type_support.hpp
[5.140s] -- Up-to-date: /home/ubuntu/Desktop/cartographer_ws/install/cartographer_ros_msgs/include/cartographer_ros_msgs/srv/detail/start_trajectory__type_support.hpp
[5.140s] -- Up-to-date: /home/ubuntu/Desktop/cartographer_ws/install/cartographer_ros_msgs/include/cartographer_ros_msgs/srv/detail/start_trajectory__traits.hpp
[5.140s] -- Up-to-date: /home/ubuntu/Desktop/cartographer_ws/install/cartographer_ros_msgs/include/cartographer_ros_msgs/srv/detail/finish_trajectory__struct.hpp
[5.140s] -- Up-to-date: /home/ubuntu/Desktop/cartographer_ws/install/cartographer_ros_msgs/include/cartographer_ros_msgs/srv/detail/write_state__builder.hpp
[5.140s] -- Up-to-date: /home/ubuntu/Desktop/cartographer_ws/install/cartographer_ros_msgs/include/cartographer_ros_msgs/srv/finish_trajectory.hpp
[5.140s] -- Up-to-date: /home/ubuntu/Desktop/cartographer_ws/install/cartographer_ros_msgs/include/cartographer_ros_msgs/msg
[5.140s] -- Up-to-date: /home/ubuntu/Desktop/cartographer_ws/install/cartographer_ros_msgs/include/cartographer_ros_msgs/msg/submap_list.hpp
[5.141s] -- Up-to-date: /home/ubuntu/Desktop/cartographer_ws/install/cartographer_ros_msgs/include/cartographer_ros_msgs/msg/status_response.hpp
[5.141s] -- Up-to-date: /home/ubuntu/Desktop/cartographer_ws/install/cartographer_ros_msgs/include/cartographer_ros_msgs/msg/status_code.hpp
[5.141s] -- Up-to-date: /home/ubuntu/Desktop/cartographer_ws/install/cartographer_ros_msgs/include/cartographer_ros_msgs/msg/submap_texture.hpp
[5.141s] -- Up-to-date: /home/ubuntu/Desktop/cartographer_ws/install/cartographer_ros_msgs/include/cartographer_ros_msgs/msg/landmark_list.hpp
[5.141s] -- Up-to-date: /home/ubuntu/Desktop/cartographer_ws/install/cartographer_ros_msgs/include/cartographer_ros_msgs/msg/sensor_topics.hpp
[5.141s] -- Up-to-date: /home/ubuntu/Desktop/cartographer_ws/install/cartographer_ros_msgs/include/cartographer_ros_msgs/msg/landmark_entry.hpp
[5.141s] -- Up-to-date: /home/ubuntu/Desktop/cartographer_ws/install/cartographer_ros_msgs/include/cartographer_ros_msgs/msg/trajectory_options.hpp
[5.142s] -- Up-to-date: /home/ubuntu/Desktop/cartographer_ws/install/cartographer_ros_msgs/include/cartographer_ros_msgs/msg/rosidl_generator_cpp__visibility_control.hpp
[5.142s] -- Up-to-date: /home/ubuntu/Desktop/cartographer_ws/install/cartographer_ros_msgs/include/cartographer_ros_msgs/msg/detail
[5.142s] -- Up-to-date: /home/ubuntu/Desktop/cartographer_ws/install/cartographer_ros_msgs/include/cartographer_ros_msgs/msg/detail/status_code__type_support.hpp
[5.142s] -- Up-to-date: /home/ubuntu/Desktop/cartographer_ws/install/cartographer_ros_msgs/include/cartographer_ros_msgs/msg/detail/status_response__traits.hpp
[5.142s] -- Up-to-date: /home/ubuntu/Desktop/cartographer_ws/install/cartographer_ros_msgs/include/cartographer_ros_msgs/msg/detail/status_response__struct.hpp
[5.143s] -- Up-to-date: /home/ubuntu/Desktop/cartographer_ws/install/cartographer_ros_msgs/include/cartographer_ros_msgs/msg/detail/submap_list__builder.hpp
[5.143s] -- Up-to-date: /home/ubuntu/Desktop/cartographer_ws/install/cartographer_ros_msgs/include/cartographer_ros_msgs/msg/detail/landmark_list__traits.hpp
[5.143s] -- Up-to-date: /home/ubuntu/Desktop/cartographer_ws/install/cartographer_ros_msgs/include/cartographer_ros_msgs/msg/detail/sensor_topics__traits.hpp
[5.143s] -- Up-to-date: /home/ubuntu/Desktop/cartographer_ws/install/cartographer_ros_msgs/include/cartographer_ros_msgs/msg/detail/landmark_entry__traits.hpp
[5.143s] -- Up-to-date: /home/ubuntu/Desktop/cartographer_ws/install/cartographer_ros_msgs/include/cartographer_ros_msgs/msg/detail/submap_list__type_support.hpp
[5.143s] -- Up-to-date: /home/ubuntu/Desktop/cartographer_ws/install/cartographer_ros_msgs/include/cartographer_ros_msgs/msg/detail/submap_list__traits.hpp
[5.144s] -- Up-to-date: /home/ubuntu/Desktop/cartographer_ws/install/cartographer_ros_msgs/include/cartographer_ros_msgs/msg/detail/landmark_list__type_support.hpp
[5.144s] -- Up-to-date: /home/ubuntu/Desktop/cartographer_ws/install/cartographer_ros_msgs/include/cartographer_ros_msgs/msg/detail/submap_texture__struct.hpp
[5.144s] -- Up-to-date: /home/ubuntu/Desktop/cartographer_ws/install/cartographer_ros_msgs/include/cartographer_ros_msgs/msg/detail/submap_entry__traits.hpp
[5.144s] -- Up-to-date: /home/ubuntu/Desktop/cartographer_ws/install/cartographer_ros_msgs/include/cartographer_ros_msgs/msg/detail/landmark_list__builder.hpp
[5.144s] -- Up-to-date: /home/ubuntu/Desktop/cartographer_ws/install/cartographer_ros_msgs/include/cartographer_ros_msgs/msg/detail/trajectory_options__traits.hpp
[5.144s] -- Up-to-date: /home/ubuntu/Desktop/cartographer_ws/install/cartographer_ros_msgs/include/cartographer_ros_msgs/msg/detail/submap_texture__builder.hpp
[5.144s] -- Up-to-date: /home/ubuntu/Desktop/cartographer_ws/install/cartographer_ros_msgs/include/cartographer_ros_msgs/msg/detail/status_response__type_support.hpp
[5.145s] -- Up-to-date: /home/ubuntu/Desktop/cartographer_ws/install/cartographer_ros_msgs/include/cartographer_ros_msgs/msg/detail/trajectory_options__type_support.hpp
[5.145s] -- Up-to-date: /home/ubuntu/Desktop/cartographer_ws/install/cartographer_ros_msgs/include/cartographer_ros_msgs/msg/detail/status_code__traits.hpp
[5.145s] -- Up-to-date: /home/ubuntu/Desktop/cartographer_ws/install/cartographer_ros_msgs/include/cartographer_ros_msgs/msg/detail/submap_texture__type_support.hpp
[5.145s] -- Up-to-date: /home/ubuntu/Desktop/cartographer_ws/install/cartographer_ros_msgs/include/cartographer_ros_msgs/msg/detail/status_response__builder.hpp
[5.145s] -- Up-to-date: /home/ubuntu/Desktop/cartographer_ws/install/cartographer_ros_msgs/include/cartographer_ros_msgs/msg/detail/trajectory_options__struct.hpp
[5.145s] -- Up-to-date: /home/ubuntu/Desktop/cartographer_ws/install/cartographer_ros_msgs/include/cartographer_ros_msgs/msg/detail/landmark_list__struct.hpp
[5.146s] -- Up-to-date: /home/ubuntu/Desktop/cartographer_ws/install/cartographer_ros_msgs/include/cartographer_ros_msgs/msg/detail/sensor_topics__struct.hpp
[5.146s] -- Up-to-date: /home/ubuntu/Desktop/cartographer_ws/install/cartographer_ros_msgs/include/cartographer_ros_msgs/msg/detail/landmark_entry__struct.hpp
[5.151s] -- Up-to-date: /home/ubuntu/Desktop/cartographer_ws/install/cartographer_ros_msgs/include/cartographer_ros_msgs/msg/detail/landmark_entry__builder.hpp
[5.151s] -- Up-to-date: /home/ubuntu/Desktop/cartographer_ws/install/cartographer_ros_msgs/include/cartographer_ros_msgs/msg/detail/sensor_topics__builder.hpp
[5.151s] -- Up-to-date: /home/ubuntu/Desktop/cartographer_ws/install/cartographer_ros_msgs/include/cartographer_ros_msgs/msg/detail/submap_entry__builder.hpp
[5.152s] -- Up-to-date: /home/ubuntu/Desktop/cartographer_ws/install/cartographer_ros_msgs/include/cartographer_ros_msgs/msg/detail/submap_texture__traits.hpp
[5.152s] -- Up-to-date: /home/ubuntu/Desktop/cartographer_ws/install/cartographer_ros_msgs/include/cartographer_ros_msgs/msg/detail/landmark_entry__type_support.hpp
[5.152s] -- Up-to-date: /home/ubuntu/Desktop/cartographer_ws/install/cartographer_ros_msgs/include/cartographer_ros_msgs/msg/detail/sensor_topics__type_support.hpp
[5.152s] -- Up-to-date: /home/ubuntu/Desktop/cartographer_ws/install/cartographer_ros_msgs/include/cartographer_ros_msgs/msg/detail/submap_list__struct.hpp
[5.152s] -- Up-to-date: /home/ubuntu/Desktop/cartographer_ws/install/cartographer_ros_msgs/include/cartographer_ros_msgs/msg/detail/trajectory_options__builder.hpp
[5.152s] -- Up-to-date: /home/ubuntu/Desktop/cartographer_ws/install/cartographer_ros_msgs/include/cartographer_ros_msgs/msg/detail/submap_entry__struct.hpp
[5.153s] -- Up-to-date: /home/ubuntu/Desktop/cartographer_ws/install/cartographer_ros_msgs/include/cartographer_ros_msgs/msg/detail/submap_entry__type_support.hpp
[5.153s] -- Up-to-date: /home/ubuntu/Desktop/cartographer_ws/install/cartographer_ros_msgs/include/cartographer_ros_msgs/msg/detail/status_code__struct.hpp
[5.153s] -- Up-to-date: /home/ubuntu/Desktop/cartographer_ws/install/cartographer_ros_msgs/include/cartographer_ros_msgs/msg/detail/status_code__builder.hpp
[5.153s] -- Up-to-date: /home/ubuntu/Desktop/cartographer_ws/install/cartographer_ros_msgs/include/cartographer_ros_msgs/msg/submap_entry.hpp
[5.153s] -- Up-to-date: /home/ubuntu/Desktop/cartographer_ws/install/cartographer_ros_msgs/include/cartographer_ros_msgs
[5.153s] -- Up-to-date: /home/ubuntu/Desktop/cartographer_ws/install/cartographer_ros_msgs/include/cartographer_ros_msgs/srv
[5.153s] -- Up-to-date: /home/ubuntu/Desktop/cartographer_ws/install/cartographer_ros_msgs/include/cartographer_ros_msgs/srv/detail
[5.154s] -- Up-to-date: /home/ubuntu/Desktop/cartographer_ws/install/cartographer_ros_msgs/include/cartographer_ros_msgs/srv/detail/submap_query__rosidl_typesupport_introspection_cpp.hpp
[5.154s] -- Up-to-date: /home/ubuntu/Desktop/cartographer_ws/install/cartographer_ros_msgs/include/cartographer_ros_msgs/srv/detail/finish_trajectory__type_support.cpp
[5.154s] -- Up-to-date: /home/ubuntu/Desktop/cartographer_ws/install/cartographer_ros_msgs/include/cartographer_ros_msgs/srv/detail/start_trajectory__type_support.cpp
[5.154s] -- Up-to-date: /home/ubuntu/Desktop/cartographer_ws/install/cartographer_ros_msgs/include/cartographer_ros_msgs/srv/detail/start_trajectory__rosidl_typesupport_introspection_cpp.hpp
[5.154s] -- Up-to-date: /home/ubuntu/Desktop/cartographer_ws/install/cartographer_ros_msgs/include/cartographer_ros_msgs/srv/detail/write_state__rosidl_typesupport_introspection_cpp.hpp
[5.154s] -- Up-to-date: /home/ubuntu/Desktop/cartographer_ws/install/cartographer_ros_msgs/include/cartographer_ros_msgs/srv/detail/finish_trajectory__rosidl_typesupport_introspection_cpp.hpp
[5.155s] -- Up-to-date: /home/ubuntu/Desktop/cartographer_ws/install/cartographer_ros_msgs/include/cartographer_ros_msgs/srv/detail/write_state__type_support.cpp
[5.155s] -- Up-to-date: /home/ubuntu/Desktop/cartographer_ws/install/cartographer_ros_msgs/include/cartographer_ros_msgs/srv/detail/submap_query__type_support.cpp
[5.155s] -- Up-to-date: /home/ubuntu/Desktop/cartographer_ws/install/cartographer_ros_msgs/include/cartographer_ros_msgs/msg
[5.155s] -- Up-to-date: /home/ubuntu/Desktop/cartographer_ws/install/cartographer_ros_msgs/include/cartographer_ros_msgs/msg/detail
[5.155s] -- Up-to-date: /home/ubuntu/Desktop/cartographer_ws/install/cartographer_ros_msgs/include/cartographer_ros_msgs/msg/detail/submap_texture__rosidl_typesupport_introspection_cpp.hpp
[5.155s] -- Up-to-date: /home/ubuntu/Desktop/cartographer_ws/install/cartographer_ros_msgs/include/cartographer_ros_msgs/msg/detail/status_response__type_support.cpp
[5.155s] -- Up-to-date: /home/ubuntu/Desktop/cartographer_ws/install/cartographer_ros_msgs/include/cartographer_ros_msgs/msg/detail/landmark_entry__type_support.cpp
[5.156s] -- Up-to-date: /home/ubuntu/Desktop/cartographer_ws/install/cartographer_ros_msgs/include/cartographer_ros_msgs/msg/detail/submap_entry__type_support.cpp
[5.156s] -- Up-to-date: /home/ubuntu/Desktop/cartographer_ws/install/cartographer_ros_msgs/include/cartographer_ros_msgs/msg/detail/landmark_list__type_support.cpp
[5.156s] -- Up-to-date: /home/ubuntu/Desktop/cartographer_ws/install/cartographer_ros_msgs/include/cartographer_ros_msgs/msg/detail/trajectory_options__rosidl_typesupport_introspection_cpp.hpp
[5.156s] -- Up-to-date: /home/ubuntu/Desktop/cartographer_ws/install/cartographer_ros_msgs/include/cartographer_ros_msgs/msg/detail/submap_list__rosidl_typesupport_introspection_cpp.hpp
[5.156s] -- Up-to-date: /home/ubuntu/Desktop/cartographer_ws/install/cartographer_ros_msgs/include/cartographer_ros_msgs/msg/detail/sensor_topics__rosidl_typesupport_introspection_cpp.hpp
[5.157s] -- Up-to-date: /home/ubuntu/Desktop/cartographer_ws/install/cartographer_ros_msgs/include/cartographer_ros_msgs/msg/detail/landmark_list__rosidl_typesupport_introspection_cpp.hpp
[5.157s] -- Up-to-date: /home/ubuntu/Desktop/cartographer_ws/install/cartographer_ros_msgs/include/cartographer_ros_msgs/msg/detail/status_response__rosidl_typesupport_introspection_cpp.hpp
[5.157s] -- Up-to-date: /home/ubuntu/Desktop/cartographer_ws/install/cartographer_ros_msgs/include/cartographer_ros_msgs/msg/detail/submap_list__type_support.cpp
[5.157s] -- Up-to-date: /home/ubuntu/Desktop/cartographer_ws/install/cartographer_ros_msgs/include/cartographer_ros_msgs/msg/detail/sensor_topics__type_support.cpp
[5.157s] -- Up-to-date: /home/ubuntu/Desktop/cartographer_ws/install/cartographer_ros_msgs/include/cartographer_ros_msgs/msg/detail/status_code__rosidl_typesupport_introspection_cpp.hpp
[5.157s] -- Up-to-date: /home/ubuntu/Desktop/cartographer_ws/install/cartographer_ros_msgs/include/cartographer_ros_msgs/msg/detail/status_code__type_support.cpp
[5.158s] -- Up-to-date: /home/ubuntu/Desktop/cartographer_ws/install/cartographer_ros_msgs/include/cartographer_ros_msgs/msg/detail/landmark_entry__rosidl_typesupport_introspection_cpp.hpp
[5.158s] -- Up-to-date: /home/ubuntu/Desktop/cartographer_ws/install/cartographer_ros_msgs/include/cartographer_ros_msgs/msg/detail/submap_texture__type_support.cpp
[5.166s] -- Up-to-date: /home/ubuntu/Desktop/cartographer_ws/install/cartographer_ros_msgs/include/cartographer_ros_msgs/msg/detail/submap_entry__rosidl_typesupport_introspection_cpp.hpp
[5.167s] -- Up-to-date: /home/ubuntu/Desktop/cartographer_ws/install/cartographer_ros_msgs/include/cartographer_ros_msgs/msg/detail/trajectory_options__type_support.cpp
[5.168s] -- Up-to-date: /home/ubuntu/Desktop/cartographer_ws/install/cartographer_ros_msgs/lib/libcartographer_ros_msgs__rosidl_typesupport_introspection_cpp.so
[5.169s] -- Up-to-date: /home/ubuntu/Desktop/cartographer_ws/install/cartographer_ros_msgs/lib/libcartographer_ros_msgs__rosidl_typesupport_cpp.so
[5.169s] -- Up-to-date: /home/ubuntu/Desktop/cartographer_ws/install/cartographer_ros_msgs/share/cartographer_ros_msgs/environment/pythonpath.sh
[5.174s] -- Up-to-date: /home/ubuntu/Desktop/cartographer_ws/install/cartographer_ros_msgs/share/cartographer_ros_msgs/environment/pythonpath.dsv
[5.174s] -- Up-to-date: /home/ubuntu/Desktop/cartographer_ws/install/cartographer_ros_msgs/lib/python3.8/site-packages/cartographer_ros_msgs/__init__.py
[5.314s] -- Up-to-date: /home/ubuntu/Desktop/cartographer_ws/install/cartographer_ros_msgs/lib/python3.8/site-packages/cartographer_ros_msgs/msg
[5.314s] -- Up-to-date: /home/ubuntu/Desktop/cartographer_ws/install/cartographer_ros_msgs/lib/python3.8/site-packages/cartographer_ros_msgs/msg/_submap_texture.py
[5.315s] -- Up-to-date: /home/ubuntu/Desktop/cartographer_ws/install/cartographer_ros_msgs/lib/python3.8/site-packages/cartographer_ros_msgs/msg/_submap_entry_s.c
[5.315s] -- Up-to-date: /home/ubuntu/Desktop/cartographer_ws/install/cartographer_ros_msgs/lib/python3.8/site-packages/cartographer_ros_msgs/msg/_submap_entry.py
[5.315s] -- Up-to-date: /home/ubuntu/Desktop/cartographer_ws/install/cartographer_ros_msgs/lib/python3.8/site-packages/cartographer_ros_msgs/msg/_trajectory_options.py
[5.315s] -- Up-to-date: /home/ubuntu/Desktop/cartographer_ws/install/cartographer_ros_msgs/lib/python3.8/site-packages/cartographer_ros_msgs/msg/_sensor_topics_s.c
[5.315s] -- Up-to-date: /home/ubuntu/Desktop/cartographer_ws/install/cartographer_ros_msgs/lib/python3.8/site-packages/cartographer_ros_msgs/msg/__init__.py
[5.315s] -- Up-to-date: /home/ubuntu/Desktop/cartographer_ws/install/cartographer_ros_msgs/lib/python3.8/site-packages/cartographer_ros_msgs/msg/_landmark_entry_s.c
[5.316s] -- Up-to-date: /home/ubuntu/Desktop/cartographer_ws/install/cartographer_ros_msgs/lib/python3.8/site-packages/cartographer_ros_msgs/msg/_submap_list_s.c
[5.316s] -- Up-to-date: /home/ubuntu/Desktop/cartographer_ws/install/cartographer_ros_msgs/lib/python3.8/site-packages/cartographer_ros_msgs/msg/_landmark_entry.py
[5.316s] -- Up-to-date: /home/ubuntu/Desktop/cartographer_ws/install/cartographer_ros_msgs/lib/python3.8/site-packages/cartographer_ros_msgs/msg/_submap_list.py
[5.317s] -- Up-to-date: /home/ubuntu/Desktop/cartographer_ws/install/cartographer_ros_msgs/lib/python3.8/site-packages/cartographer_ros_msgs/msg/_sensor_topics.py
[5.317s] -- Up-to-date: /home/ubuntu/Desktop/cartographer_ws/install/cartographer_ros_msgs/lib/python3.8/site-packages/cartographer_ros_msgs/msg/_landmark_list.py
[5.317s] -- Up-to-date: /home/ubuntu/Desktop/cartographer_ws/install/cartographer_ros_msgs/lib/python3.8/site-packages/cartographer_ros_msgs/msg/_submap_texture_s.c
[5.317s] -- Up-to-date: /home/ubuntu/Desktop/cartographer_ws/install/cartographer_ros_msgs/lib/python3.8/site-packages/cartographer_ros_msgs/msg/_status_response_s.c
[5.317s] -- Up-to-date: /home/ubuntu/Desktop/cartographer_ws/install/cartographer_ros_msgs/lib/python3.8/site-packages/cartographer_ros_msgs/msg/_landmark_list_s.c
[5.317s] -- Up-to-date: /home/ubuntu/Desktop/cartographer_ws/install/cartographer_ros_msgs/lib/python3.8/site-packages/cartographer_ros_msgs/msg/_trajectory_options_s.c
[5.317s] -- Up-to-date: /home/ubuntu/Desktop/cartographer_ws/install/cartographer_ros_msgs/lib/python3.8/site-packages/cartographer_ros_msgs/msg/_status_response.py
[5.318s] -- Up-to-date: /home/ubuntu/Desktop/cartographer_ws/install/cartographer_ros_msgs/lib/python3.8/site-packages/cartographer_ros_msgs/msg/_status_code_s.c
[5.318s] -- Up-to-date: /home/ubuntu/Desktop/cartographer_ws/install/cartographer_ros_msgs/lib/python3.8/site-packages/cartographer_ros_msgs/msg/_status_code.py
[5.318s] -- Up-to-date: /home/ubuntu/Desktop/cartographer_ws/install/cartographer_ros_msgs/lib/python3.8/site-packages/cartographer_ros_msgs/srv
[5.319s] -- Up-to-date: /home/ubuntu/Desktop/cartographer_ws/install/cartographer_ros_msgs/lib/python3.8/site-packages/cartographer_ros_msgs/srv/_finish_trajectory_s.c
[5.319s] -- Up-to-date: /home/ubuntu/Desktop/cartographer_ws/install/cartographer_ros_msgs/lib/python3.8/site-packages/cartographer_ros_msgs/srv/_finish_trajectory.py
[5.319s] -- Up-to-date: /home/ubuntu/Desktop/cartographer_ws/install/cartographer_ros_msgs/lib/python3.8/site-packages/cartographer_ros_msgs/srv/__init__.py
[5.319s] -- Up-to-date: /home/ubuntu/Desktop/cartographer_ws/install/cartographer_ros_msgs/lib/python3.8/site-packages/cartographer_ros_msgs/srv/_submap_query.py
[5.319s] -- Up-to-date: /home/ubuntu/Desktop/cartographer_ws/install/cartographer_ros_msgs/lib/python3.8/site-packages/cartographer_ros_msgs/srv/_write_state_s.c
[5.319s] -- Up-to-date: /home/ubuntu/Desktop/cartographer_ws/install/cartographer_ros_msgs/lib/python3.8/site-packages/cartographer_ros_msgs/srv/_write_state.py
[5.319s] -- Up-to-date: /home/ubuntu/Desktop/cartographer_ws/install/cartographer_ros_msgs/lib/python3.8/site-packages/cartographer_ros_msgs/srv/_submap_query_s.c
[5.320s] -- Up-to-date: /home/ubuntu/Desktop/cartographer_ws/install/cartographer_ros_msgs/lib/python3.8/site-packages/cartographer_ros_msgs/srv/_start_trajectory_s.c
[5.320s] -- Up-to-date: /home/ubuntu/Desktop/cartographer_ws/install/cartographer_ros_msgs/lib/python3.8/site-packages/cartographer_ros_msgs/srv/_start_trajectory.py
[5.320s] -- Up-to-date: /home/ubuntu/Desktop/cartographer_ws/install/cartographer_ros_msgs/lib/python3.8/site-packages/cartographer_ros_msgs/cartographer_ros_msgs_s__rosidl_typesupport_fastrtps_c.cpython-38-x86_64-linux-gnu.so
[5.322s] -- Up-to-date: /home/ubuntu/Desktop/cartographer_ws/install/cartographer_ros_msgs/lib/python3.8/site-packages/cartographer_ros_msgs/cartographer_ros_msgs_s__rosidl_typesupport_introspection_c.cpython-38-x86_64-linux-gnu.so
[5.323s] -- Up-to-date: /home/ubuntu/Desktop/cartographer_ws/install/cartographer_ros_msgs/lib/python3.8/site-packages/cartographer_ros_msgs/cartographer_ros_msgs_s__rosidl_typesupport_c.cpython-38-x86_64-linux-gnu.so
[5.325s] -- Up-to-date: /home/ubuntu/Desktop/cartographer_ws/install/cartographer_ros_msgs/lib/libcartographer_ros_msgs__python.so
[5.326s] -- Up-to-date: /home/ubuntu/Desktop/cartographer_ws/install/cartographer_ros_msgs/share/cartographer_ros_msgs/msg/LandmarkEntry.idl
[5.326s] -- Up-to-date: /home/ubuntu/Desktop/cartographer_ws/install/cartographer_ros_msgs/share/cartographer_ros_msgs/msg/LandmarkList.idl
[5.327s] -- Up-to-date: /home/ubuntu/Desktop/cartographer_ws/install/cartographer_ros_msgs/share/cartographer_ros_msgs/msg/SensorTopics.idl
[5.327s] -- Up-to-date: /home/ubuntu/Desktop/cartographer_ws/install/cartographer_ros_msgs/share/cartographer_ros_msgs/msg/StatusCode.idl
[5.328s] -- Up-to-date: /home/ubuntu/Desktop/cartographer_ws/install/cartographer_ros_msgs/share/cartographer_ros_msgs/msg/StatusResponse.idl
[5.328s] -- Up-to-date: /home/ubuntu/Desktop/cartographer_ws/install/cartographer_ros_msgs/share/cartographer_ros_msgs/msg/SubmapEntry.idl
[5.329s] -- Up-to-date: /home/ubuntu/Desktop/cartographer_ws/install/cartographer_ros_msgs/share/cartographer_ros_msgs/msg/SubmapList.idl
[5.329s] -- Up-to-date: /home/ubuntu/Desktop/cartographer_ws/install/cartographer_ros_msgs/share/cartographer_ros_msgs/msg/SubmapTexture.idl
[5.330s] -- Up-to-date: /home/ubuntu/Desktop/cartographer_ws/install/cartographer_ros_msgs/share/cartographer_ros_msgs/msg/TrajectoryOptions.idl
[5.330s] -- Up-to-date: /home/ubuntu/Desktop/cartographer_ws/install/cartographer_ros_msgs/share/cartographer_ros_msgs/srv/FinishTrajectory.idl
[5.334s] -- Up-to-date: /home/ubuntu/Desktop/cartographer_ws/install/cartographer_ros_msgs/share/cartographer_ros_msgs/srv/StartTrajectory.idl
[5.334s] -- Up-to-date: /home/ubuntu/Desktop/cartographer_ws/install/cartographer_ros_msgs/share/cartographer_ros_msgs/srv/SubmapQuery.idl
[5.334s] -- Up-to-date: /home/ubuntu/Desktop/cartographer_ws/install/cartographer_ros_msgs/share/cartographer_ros_msgs/srv/WriteState.idl
[5.334s] -- Up-to-date: /home/ubuntu/Desktop/cartographer_ws/install/cartographer_ros_msgs/share/cartographer_ros_msgs/msg/LandmarkEntry.msg
[5.334s] -- Up-to-date: /home/ubuntu/Desktop/cartographer_ws/install/cartographer_ros_msgs/share/cartographer_ros_msgs/msg/LandmarkList.msg
[5.334s] -- Up-to-date: /home/ubuntu/Desktop/cartographer_ws/install/cartographer_ros_msgs/share/cartographer_ros_msgs/msg/SensorTopics.msg
[5.335s] -- Up-to-date: /home/ubuntu/Desktop/cartographer_ws/install/cartographer_ros_msgs/share/cartographer_ros_msgs/msg/StatusCode.msg
[5.335s] -- Up-to-date: /home/ubuntu/Desktop/cartographer_ws/install/cartographer_ros_msgs/share/cartographer_ros_msgs/msg/StatusResponse.msg
[5.335s] -- Up-to-date: /home/ubuntu/Desktop/cartographer_ws/install/cartographer_ros_msgs/share/cartographer_ros_msgs/msg/SubmapEntry.msg
[5.335s] -- Up-to-date: /home/ubuntu/Desktop/cartographer_ws/install/cartographer_ros_msgs/share/cartographer_ros_msgs/msg/SubmapList.msg
[5.335s] -- Up-to-date: /home/ubuntu/Desktop/cartographer_ws/install/cartographer_ros_msgs/share/cartographer_ros_msgs/msg/SubmapTexture.msg
[5.335s] -- Up-to-date: /home/ubuntu/Desktop/cartographer_ws/install/cartographer_ros_msgs/share/cartographer_ros_msgs/msg/TrajectoryOptions.msg
[5.336s] -- Up-to-date: /home/ubuntu/Desktop/cartographer_ws/install/cartographer_ros_msgs/share/cartographer_ros_msgs/srv/FinishTrajectory.srv
[5.336s] -- Up-to-date: /home/ubuntu/Desktop/cartographer_ws/install/cartographer_ros_msgs/share/cartographer_ros_msgs/srv/FinishTrajectory_Request.msg
[5.337s] -- Up-to-date: /home/ubuntu/Desktop/cartographer_ws/install/cartographer_ros_msgs/share/cartographer_ros_msgs/srv/FinishTrajectory_Response.msg
[5.337s] -- Up-to-date: /home/ubuntu/Desktop/cartographer_ws/install/cartographer_ros_msgs/share/cartographer_ros_msgs/srv/StartTrajectory.srv
[5.338s] -- Up-to-date: /home/ubuntu/Desktop/cartographer_ws/install/cartographer_ros_msgs/share/cartographer_ros_msgs/srv/StartTrajectory_Request.msg
[5.339s] -- Up-to-date: /home/ubuntu/Desktop/cartographer_ws/install/cartographer_ros_msgs/share/cartographer_ros_msgs/srv/StartTrajectory_Response.msg
[5.339s] -- Up-to-date: /home/ubuntu/Desktop/cartographer_ws/install/cartographer_ros_msgs/share/cartographer_ros_msgs/srv/SubmapQuery.srv
[5.340s] -- Up-to-date: /home/ubuntu/Desktop/cartographer_ws/install/cartographer_ros_msgs/share/cartographer_ros_msgs/srv/SubmapQuery_Request.msg
[5.343s] -- Up-to-date: /home/ubuntu/Desktop/cartographer_ws/install/cartographer_ros_msgs/share/cartographer_ros_msgs/srv/SubmapQuery_Response.msg
[5.343s] -- Up-to-date: /home/ubuntu/Desktop/cartographer_ws/install/cartographer_ros_msgs/share/cartographer_ros_msgs/srv/WriteState.srv
[5.343s] -- Up-to-date: /home/ubuntu/Desktop/cartographer_ws/install/cartographer_ros_msgs/share/cartographer_ros_msgs/srv/WriteState_Request.msg
[5.343s] -- Up-to-date: /home/ubuntu/Desktop/cartographer_ws/install/cartographer_ros_msgs/share/cartographer_ros_msgs/srv/WriteState_Response.msg
[5.343s] -- Up-to-date: /home/ubuntu/Desktop/cartographer_ws/install/cartographer_ros_msgs/share/ament_index/resource_index/package_run_dependencies/cartographer_ros_msgs
[5.344s] -- Up-to-date: /home/ubuntu/Desktop/cartographer_ws/install/cartographer_ros_msgs/share/ament_index/resource_index/parent_prefix_path/cartographer_ros_msgs
[5.344s] -- Up-to-date: /home/ubuntu/Desktop/cartographer_ws/install/cartographer_ros_msgs/share/cartographer_ros_msgs/environment/ament_prefix_path.sh
[5.344s] -- Up-to-date: /home/ubuntu/Desktop/cartographer_ws/install/cartographer_ros_msgs/share/cartographer_ros_msgs/environment/ament_prefix_path.dsv
[5.344s] -- Up-to-date: /home/ubuntu/Desktop/cartographer_ws/install/cartographer_ros_msgs/share/cartographer_ros_msgs/environment/path.sh
[5.344s] -- Up-to-date: /home/ubuntu/Desktop/cartographer_ws/install/cartographer_ros_msgs/share/cartographer_ros_msgs/environment/path.dsv
[5.345s] -- Up-to-date: /home/ubuntu/Desktop/cartographer_ws/install/cartographer_ros_msgs/share/cartographer_ros_msgs/local_setup.bash
[5.345s] -- Up-to-date: /home/ubuntu/Desktop/cartographer_ws/install/cartographer_ros_msgs/share/cartographer_ros_msgs/local_setup.sh
[5.346s] -- Up-to-date: /home/ubuntu/Desktop/cartographer_ws/install/cartographer_ros_msgs/share/cartographer_ros_msgs/local_setup.zsh
[5.346s] -- Up-to-date: /home/ubuntu/Desktop/cartographer_ws/install/cartographer_ros_msgs/share/cartographer_ros_msgs/local_setup.dsv
[5.347s] -- Installing: /home/ubuntu/Desktop/cartographer_ws/install/cartographer_ros_msgs/share/cartographer_ros_msgs/package.dsv
[5.349s] -- Up-to-date: /home/ubuntu/Desktop/cartographer_ws/install/cartographer_ros_msgs/share/ament_index/resource_index/packages/cartographer_ros_msgs
[5.350s] -- Up-to-date: /home/ubuntu/Desktop/cartographer_ws/install/cartographer_ros_msgs/share/cartographer_ros_msgs/cmake/cartographer_ros_msgs__rosidl_generator_cExport.cmake
[5.350s] -- Up-to-date: /home/ubuntu/Desktop/cartographer_ws/install/cartographer_ros_msgs/share/cartographer_ros_msgs/cmake/cartographer_ros_msgs__rosidl_generator_cExport-noconfig.cmake
[5.352s] -- Up-to-date: /home/ubuntu/Desktop/cartographer_ws/install/cartographer_ros_msgs/share/cartographer_ros_msgs/cmake/cartographer_ros_msgs__rosidl_typesupport_introspection_cExport.cmake
[5.353s] -- Up-to-date: /home/ubuntu/Desktop/cartographer_ws/install/cartographer_ros_msgs/share/cartographer_ros_msgs/cmake/cartographer_ros_msgs__rosidl_typesupport_introspection_cExport-noconfig.cmake
[5.354s] -- Up-to-date: /home/ubuntu/Desktop/cartographer_ws/install/cartographer_ros_msgs/share/cartographer_ros_msgs/cmake/cartographer_ros_msgs__rosidl_typesupport_cExport.cmake
[5.355s] -- Up-to-date: /home/ubuntu/Desktop/cartographer_ws/install/cartographer_ros_msgs/share/cartographer_ros_msgs/cmake/cartographer_ros_msgs__rosidl_typesupport_cExport-noconfig.cmake
[5.356s] -- Up-to-date: /home/ubuntu/Desktop/cartographer_ws/install/cartographer_ros_msgs/share/cartographer_ros_msgs/cmake/cartographer_ros_msgs__rosidl_generator_cppExport.cmake
[5.357s] -- Up-to-date: /home/ubuntu/Desktop/cartographer_ws/install/cartographer_ros_msgs/share/cartographer_ros_msgs/cmake/cartographer_ros_msgs__rosidl_typesupport_introspection_cppExport.cmake
[5.363s] -- Up-to-date: /home/ubuntu/Desktop/cartographer_ws/install/cartographer_ros_msgs/share/cartographer_ros_msgs/cmake/cartographer_ros_msgs__rosidl_typesupport_introspection_cppExport-noconfig.cmake
[5.364s] -- Up-to-date: /home/ubuntu/Desktop/cartographer_ws/install/cartographer_ros_msgs/share/cartographer_ros_msgs/cmake/cartographer_ros_msgs__rosidl_typesupport_cppExport.cmake
[5.364s] -- Up-to-date: /home/ubuntu/Desktop/cartographer_ws/install/cartographer_ros_msgs/share/cartographer_ros_msgs/cmake/cartographer_ros_msgs__rosidl_typesupport_cppExport-noconfig.cmake
[5.365s] -- Up-to-date: /home/ubuntu/Desktop/cartographer_ws/install/cartographer_ros_msgs/share/cartographer_ros_msgs/cmake/rosidl_cmake-extras.cmake
[5.365s] -- Up-to-date: /home/ubuntu/Desktop/cartographer_ws/install/cartographer_ros_msgs/share/cartographer_ros_msgs/cmake/ament_cmake_export_dependencies-extras.cmake
[5.366s] -- Up-to-date: /home/ubuntu/Desktop/cartographer_ws/install/cartographer_ros_msgs/share/cartographer_ros_msgs/cmake/ament_cmake_export_libraries-extras.cmake
[5.367s] -- Up-to-date: /home/ubuntu/Desktop/cartographer_ws/install/cartographer_ros_msgs/share/cartographer_ros_msgs/cmake/ament_cmake_export_targets-extras.cmake
[5.367s] -- Up-to-date: /home/ubuntu/Desktop/cartographer_ws/install/cartographer_ros_msgs/share/cartographer_ros_msgs/cmake/ament_cmake_export_include_directories-extras.cmake
[5.368s] -- Up-to-date: /home/ubuntu/Desktop/cartographer_ws/install/cartographer_ros_msgs/share/cartographer_ros_msgs/cmake/rosidl_cmake_export_typesupport_libraries-extras.cmake
[5.368s] -- Up-to-date: /home/ubuntu/Desktop/cartographer_ws/install/cartographer_ros_msgs/share/cartographer_ros_msgs/cmake/rosidl_cmake_export_typesupport_targets-extras.cmake
[5.369s] -- Up-to-date: /home/ubuntu/Desktop/cartographer_ws/install/cartographer_ros_msgs/share/cartographer_ros_msgs/cmake/cartographer_ros_msgsConfig.cmake
[5.369s] -- Up-to-date: /home/ubuntu/Desktop/cartographer_ws/install/cartographer_ros_msgs/share/cartographer_ros_msgs/cmake/cartographer_ros_msgsConfig-version.cmake
[5.370s] -- Up-to-date: /home/ubuntu/Desktop/cartographer_ws/install/cartographer_ros_msgs/share/cartographer_ros_msgs/package.xml
[5.386s] Invoked command in '/home/ubuntu/Desktop/cartographer_ws/build/cartographer_ros_msgs' returned '0': CMAKE_PREFIX_PATH=${CMAKE_PREFIX_PATH}:/opt/ros/foxy /usr/bin/cmake --install /home/ubuntu/Desktop/cartographer_ws/build/cartographer_ros_msgs
