[0.080s] Invoking command in '/home/ubuntu/Desktop/cartographer_ws/build/lslidar_msgs': CMAKE_PREFIX_PATH=${CMAKE_PREFIX_PATH}:/opt/ros/foxy /usr/bin/cmake --build /home/ubuntu/Desktop/cartographer_ws/build/lslidar_msgs -- -j2 -l2
[0.398s] [ 11%] Built target lslidar_msgs__rosidl_generator_c
[0.404s] [ 12%] Built target lslidar_msgs__cpp
[0.550s] [ 23%] Built target lslidar_msgs__rosidl_typesupport_c
[0.571s] [ 34%] Built target lslidar_msgs__rosidl_typesupport_introspection_c
[0.700s] [ 46%] Built target lslidar_msgs__rosidl_typesupport_introspection_cpp
[0.725s] [ 57%] Built target lslidar_msgs__rosidl_typesupport_cpp
[0.823s] [ 68%] Built target lslidar_msgs__rosidl_typesupport_fastrtps_cpp
[0.937s] [ 79%] Built target lslidar_msgs__rosidl_typesupport_fastrtps_c
[1.033s] [ 79%] Built target lslidar_msgs
[1.132s] [ 80%] Built target lslidar_msgs__py
[1.273s] [ 90%] Built target lslidar_msgs__python
[1.411s] [ 93%] Built target lslidar_msgs__rosidl_typesupport_introspection_c__pyext
[1.430s] [ 96%] Built target lslidar_msgs__rosidl_typesupport_fastrtps_c__pyext
[1.526s] [100%] Built target lslidar_msgs__rosidl_typesupport_c__pyext
[1.572s] Invoked command in '/home/ubuntu/Desktop/cartographer_ws/build/lslidar_msgs' returned '0': CMAKE_PREFIX_PATH=${CMAKE_PREFIX_PATH}:/opt/ros/foxy /usr/bin/cmake --build /home/ubuntu/Desktop/cartographer_ws/build/lslidar_msgs -- -j2 -l2
[2.385s] Invoking command in '/home/ubuntu/Desktop/cartographer_ws/build/lslidar_msgs': CMAKE_PREFIX_PATH=${CMAKE_PREFIX_PATH}:/opt/ros/foxy /usr/bin/cmake --install /home/ubuntu/Desktop/cartographer_ws/build/lslidar_msgs
[2.426s] -- Install configuration: ""
[2.429s] -- Up-to-date: /home/ubuntu/Desktop/cartographer_ws/install/lslidar_msgs/share/ament_index/resource_index/rosidl_interfaces/lslidar_msgs
[2.429s] -- Up-to-date: /home/ubuntu/Desktop/cartographer_ws/install/lslidar_msgs/include/lslidar_msgs
[2.430s] -- Up-to-date: /home/ubuntu/Desktop/cartographer_ws/install/lslidar_msgs/include/lslidar_msgs/msg
[2.431s] -- Up-to-date: /home/ubuntu/Desktop/cartographer_ws/install/lslidar_msgs/include/lslidar_msgs/msg/lslidar_point.h
[2.431s] -- Up-to-date: /home/ubuntu/Desktop/cartographer_ws/install/lslidar_msgs/include/lslidar_msgs/msg/lslidar_sweep.h
[2.432s] -- Up-to-date: /home/ubuntu/Desktop/cartographer_ws/install/lslidar_msgs/include/lslidar_msgs/msg/lslidar_packet.h
[2.432s] -- Up-to-date: /home/ubuntu/Desktop/cartographer_ws/install/lslidar_msgs/include/lslidar_msgs/msg/lslidar_scan.h
[2.432s] -- Up-to-date: /home/ubuntu/Desktop/cartographer_ws/install/lslidar_msgs/include/lslidar_msgs/msg/lslidar_difop.h
[2.432s] -- Up-to-date: /home/ubuntu/Desktop/cartographer_ws/install/lslidar_msgs/include/lslidar_msgs/msg/rosidl_generator_c__visibility_control.h
[2.432s] -- Up-to-date: /home/ubuntu/Desktop/cartographer_ws/install/lslidar_msgs/include/lslidar_msgs/msg/detail
[2.433s] -- Up-to-date: /home/ubuntu/Desktop/cartographer_ws/install/lslidar_msgs/include/lslidar_msgs/msg/detail/lslidar_sweep__type_support.h
[2.433s] -- Up-to-date: /home/ubuntu/Desktop/cartographer_ws/install/lslidar_msgs/include/lslidar_msgs/msg/detail/lslidar_sweep__functions.c
[2.434s] -- Up-to-date: /home/ubuntu/Desktop/cartographer_ws/install/lslidar_msgs/include/lslidar_msgs/msg/detail/lslidar_scan__functions.c
[2.434s] -- Up-to-date: /home/ubuntu/Desktop/cartographer_ws/install/lslidar_msgs/include/lslidar_msgs/msg/detail/lslidar_packet__struct.h
[2.435s] -- Up-to-date: /home/ubuntu/Desktop/cartographer_ws/install/lslidar_msgs/include/lslidar_msgs/msg/detail/lslidar_packet__type_support.h
[2.435s] -- Up-to-date: /home/ubuntu/Desktop/cartographer_ws/install/lslidar_msgs/include/lslidar_msgs/msg/detail/lslidar_point__struct.h
[2.435s] -- Up-to-date: /home/ubuntu/Desktop/cartographer_ws/install/lslidar_msgs/include/lslidar_msgs/msg/detail/lslidar_difop__functions.c
[2.435s] -- Up-to-date: /home/ubuntu/Desktop/cartographer_ws/install/lslidar_msgs/include/lslidar_msgs/msg/detail/lslidar_point__type_support.h
[2.435s] -- Up-to-date: /home/ubuntu/Desktop/cartographer_ws/install/lslidar_msgs/include/lslidar_msgs/msg/detail/lslidar_point__functions.h
[2.436s] -- Up-to-date: /home/ubuntu/Desktop/cartographer_ws/install/lslidar_msgs/include/lslidar_msgs/msg/detail/lslidar_sweep__functions.h
[2.436s] -- Up-to-date: /home/ubuntu/Desktop/cartographer_ws/install/lslidar_msgs/include/lslidar_msgs/msg/detail/lslidar_point__functions.c
[2.436s] -- Up-to-date: /home/ubuntu/Desktop/cartographer_ws/install/lslidar_msgs/include/lslidar_msgs/msg/detail/lslidar_scan__struct.h
[2.436s] -- Up-to-date: /home/ubuntu/Desktop/cartographer_ws/install/lslidar_msgs/include/lslidar_msgs/msg/detail/lslidar_difop__functions.h
[2.436s] -- Up-to-date: /home/ubuntu/Desktop/cartographer_ws/install/lslidar_msgs/include/lslidar_msgs/msg/detail/lslidar_difop__struct.h
[2.437s] -- Up-to-date: /home/ubuntu/Desktop/cartographer_ws/install/lslidar_msgs/include/lslidar_msgs/msg/detail/lslidar_packet__functions.c
[2.437s] -- Up-to-date: /home/ubuntu/Desktop/cartographer_ws/install/lslidar_msgs/include/lslidar_msgs/msg/detail/lslidar_scan__type_support.h
[2.437s] -- Up-to-date: /home/ubuntu/Desktop/cartographer_ws/install/lslidar_msgs/include/lslidar_msgs/msg/detail/lslidar_packet__functions.h
[2.437s] -- Up-to-date: /home/ubuntu/Desktop/cartographer_ws/install/lslidar_msgs/include/lslidar_msgs/msg/detail/lslidar_sweep__struct.h
[2.438s] -- Up-to-date: /home/ubuntu/Desktop/cartographer_ws/install/lslidar_msgs/include/lslidar_msgs/msg/detail/lslidar_scan__functions.h
[2.438s] -- Up-to-date: /home/ubuntu/Desktop/cartographer_ws/install/lslidar_msgs/include/lslidar_msgs/msg/detail/lslidar_difop__type_support.h
[2.438s] -- Up-to-date: /home/ubuntu/Desktop/cartographer_ws/install/lslidar_msgs/share/lslidar_msgs/environment/library_path.sh
[2.438s] -- Up-to-date: /home/ubuntu/Desktop/cartographer_ws/install/lslidar_msgs/share/lslidar_msgs/environment/library_path.dsv
[2.441s] -- Up-to-date: /home/ubuntu/Desktop/cartographer_ws/install/lslidar_msgs/lib/liblslidar_msgs__rosidl_generator_c.so
[2.442s] -- Up-to-date: /home/ubuntu/Desktop/cartographer_ws/install/lslidar_msgs/include/lslidar_msgs
[2.444s] -- Up-to-date: /home/ubuntu/Desktop/cartographer_ws/install/lslidar_msgs/include/lslidar_msgs/msg
[2.444s] -- Up-to-date: /home/ubuntu/Desktop/cartographer_ws/install/lslidar_msgs/include/lslidar_msgs/msg/rosidl_typesupport_fastrtps_c__visibility_control.h
[2.444s] -- Up-to-date: /home/ubuntu/Desktop/cartographer_ws/install/lslidar_msgs/include/lslidar_msgs/msg/detail
[2.444s] -- Up-to-date: /home/ubuntu/Desktop/cartographer_ws/install/lslidar_msgs/include/lslidar_msgs/msg/detail/lslidar_packet__rosidl_typesupport_fastrtps_c.h
[2.445s] -- Up-to-date: /home/ubuntu/Desktop/cartographer_ws/install/lslidar_msgs/include/lslidar_msgs/msg/detail/lslidar_point__rosidl_typesupport_fastrtps_c.h
[2.445s] -- Up-to-date: /home/ubuntu/Desktop/cartographer_ws/install/lslidar_msgs/include/lslidar_msgs/msg/detail/lslidar_sweep__rosidl_typesupport_fastrtps_c.h
[2.445s] -- Up-to-date: /home/ubuntu/Desktop/cartographer_ws/install/lslidar_msgs/include/lslidar_msgs/msg/detail/lslidar_scan__rosidl_typesupport_fastrtps_c.h
[2.445s] -- Up-to-date: /home/ubuntu/Desktop/cartographer_ws/install/lslidar_msgs/include/lslidar_msgs/msg/detail/lslidar_difop__rosidl_typesupport_fastrtps_c.h
[2.458s] -- Up-to-date: /home/ubuntu/Desktop/cartographer_ws/install/lslidar_msgs/lib/liblslidar_msgs__rosidl_typesupport_fastrtps_c.so
[2.458s] -- Up-to-date: /home/ubuntu/Desktop/cartographer_ws/install/lslidar_msgs/include/lslidar_msgs
[2.458s] -- Up-to-date: /home/ubuntu/Desktop/cartographer_ws/install/lslidar_msgs/include/lslidar_msgs/msg
[2.458s] -- Up-to-date: /home/ubuntu/Desktop/cartographer_ws/install/lslidar_msgs/include/lslidar_msgs/msg/rosidl_typesupport_fastrtps_cpp__visibility_control.h
[2.458s] -- Up-to-date: /home/ubuntu/Desktop/cartographer_ws/install/lslidar_msgs/include/lslidar_msgs/msg/detail
[2.458s] -- Up-to-date: /home/ubuntu/Desktop/cartographer_ws/install/lslidar_msgs/include/lslidar_msgs/msg/detail/lslidar_packet__rosidl_typesupport_fastrtps_cpp.hpp
[2.459s] -- Up-to-date: /home/ubuntu/Desktop/cartographer_ws/install/lslidar_msgs/include/lslidar_msgs/msg/detail/lslidar_point__rosidl_typesupport_fastrtps_cpp.hpp
[2.459s] -- Up-to-date: /home/ubuntu/Desktop/cartographer_ws/install/lslidar_msgs/include/lslidar_msgs/msg/detail/lslidar_scan__rosidl_typesupport_fastrtps_cpp.hpp
[2.459s] -- Up-to-date: /home/ubuntu/Desktop/cartographer_ws/install/lslidar_msgs/include/lslidar_msgs/msg/detail/lslidar_sweep__rosidl_typesupport_fastrtps_cpp.hpp
[2.460s] -- Up-to-date: /home/ubuntu/Desktop/cartographer_ws/install/lslidar_msgs/include/lslidar_msgs/msg/detail/lslidar_difop__rosidl_typesupport_fastrtps_cpp.hpp
[2.460s] -- Up-to-date: /home/ubuntu/Desktop/cartographer_ws/install/lslidar_msgs/include/lslidar_msgs/msg/detail/dds_fastrtps
[2.467s] -- Up-to-date: /home/ubuntu/Desktop/cartographer_ws/install/lslidar_msgs/lib/liblslidar_msgs__rosidl_typesupport_fastrtps_cpp.so
[2.467s] -- Up-to-date: /home/ubuntu/Desktop/cartographer_ws/install/lslidar_msgs/include/lslidar_msgs
[2.468s] -- Up-to-date: /home/ubuntu/Desktop/cartographer_ws/install/lslidar_msgs/include/lslidar_msgs/msg
[2.468s] -- Up-to-date: /home/ubuntu/Desktop/cartographer_ws/install/lslidar_msgs/include/lslidar_msgs/msg/detail
[2.468s] -- Up-to-date: /home/ubuntu/Desktop/cartographer_ws/install/lslidar_msgs/include/lslidar_msgs/msg/detail/lslidar_packet__type_support.c
[2.468s] -- Up-to-date: /home/ubuntu/Desktop/cartographer_ws/install/lslidar_msgs/include/lslidar_msgs/msg/detail/lslidar_sweep__type_support.c
[2.468s] -- Up-to-date: /home/ubuntu/Desktop/cartographer_ws/install/lslidar_msgs/include/lslidar_msgs/msg/detail/lslidar_difop__type_support.c
[2.468s] -- Up-to-date: /home/ubuntu/Desktop/cartographer_ws/install/lslidar_msgs/include/lslidar_msgs/msg/detail/lslidar_scan__rosidl_typesupport_introspection_c.h
[2.469s] -- Up-to-date: /home/ubuntu/Desktop/cartographer_ws/install/lslidar_msgs/include/lslidar_msgs/msg/detail/lslidar_sweep__rosidl_typesupport_introspection_c.h
[2.469s] -- Up-to-date: /home/ubuntu/Desktop/cartographer_ws/install/lslidar_msgs/include/lslidar_msgs/msg/detail/lslidar_point__rosidl_typesupport_introspection_c.h
[2.469s] -- Up-to-date: /home/ubuntu/Desktop/cartographer_ws/install/lslidar_msgs/include/lslidar_msgs/msg/detail/lslidar_difop__rosidl_typesupport_introspection_c.h
[2.469s] -- Up-to-date: /home/ubuntu/Desktop/cartographer_ws/install/lslidar_msgs/include/lslidar_msgs/msg/detail/lslidar_point__type_support.c
[2.469s] -- Up-to-date: /home/ubuntu/Desktop/cartographer_ws/install/lslidar_msgs/include/lslidar_msgs/msg/detail/lslidar_scan__type_support.c
[2.469s] -- Up-to-date: /home/ubuntu/Desktop/cartographer_ws/install/lslidar_msgs/include/lslidar_msgs/msg/detail/lslidar_packet__rosidl_typesupport_introspection_c.h
[2.469s] -- Up-to-date: /home/ubuntu/Desktop/cartographer_ws/install/lslidar_msgs/include/lslidar_msgs/msg/rosidl_typesupport_introspection_c__visibility_control.h
[2.472s] -- Up-to-date: /home/ubuntu/Desktop/cartographer_ws/install/lslidar_msgs/lib/liblslidar_msgs__rosidl_typesupport_introspection_c.so
[2.474s] -- Up-to-date: /home/ubuntu/Desktop/cartographer_ws/install/lslidar_msgs/lib/liblslidar_msgs__rosidl_typesupport_c.so
[2.475s] -- Up-to-date: /home/ubuntu/Desktop/cartographer_ws/install/lslidar_msgs/include/lslidar_msgs
[2.475s] -- Up-to-date: /home/ubuntu/Desktop/cartographer_ws/install/lslidar_msgs/include/lslidar_msgs/msg
[2.475s] -- Up-to-date: /home/ubuntu/Desktop/cartographer_ws/install/lslidar_msgs/include/lslidar_msgs/msg/lslidar_sweep.hpp
[2.476s] -- Up-to-date: /home/ubuntu/Desktop/cartographer_ws/install/lslidar_msgs/include/lslidar_msgs/msg/lslidar_point.hpp
[2.476s] -- Up-to-date: /home/ubuntu/Desktop/cartographer_ws/install/lslidar_msgs/include/lslidar_msgs/msg/lslidar_packet.hpp
[2.476s] -- Up-to-date: /home/ubuntu/Desktop/cartographer_ws/install/lslidar_msgs/include/lslidar_msgs/msg/lslidar_scan.hpp
[2.476s] -- Up-to-date: /home/ubuntu/Desktop/cartographer_ws/install/lslidar_msgs/include/lslidar_msgs/msg/rosidl_generator_cpp__visibility_control.hpp
[2.477s] -- Up-to-date: /home/ubuntu/Desktop/cartographer_ws/install/lslidar_msgs/include/lslidar_msgs/msg/lslidar_difop.hpp
[2.477s] -- Up-to-date: /home/ubuntu/Desktop/cartographer_ws/install/lslidar_msgs/include/lslidar_msgs/msg/detail
[2.477s] -- Up-to-date: /home/ubuntu/Desktop/cartographer_ws/install/lslidar_msgs/include/lslidar_msgs/msg/detail/lslidar_difop__traits.hpp
[2.478s] -- Up-to-date: /home/ubuntu/Desktop/cartographer_ws/install/lslidar_msgs/include/lslidar_msgs/msg/detail/lslidar_scan__builder.hpp
[2.478s] -- Up-to-date: /home/ubuntu/Desktop/cartographer_ws/install/lslidar_msgs/include/lslidar_msgs/msg/detail/lslidar_scan__struct.hpp
[2.478s] -- Up-to-date: /home/ubuntu/Desktop/cartographer_ws/install/lslidar_msgs/include/lslidar_msgs/msg/detail/lslidar_point__struct.hpp
[2.479s] -- Up-to-date: /home/ubuntu/Desktop/cartographer_ws/install/lslidar_msgs/include/lslidar_msgs/msg/detail/lslidar_scan__type_support.hpp
[2.479s] -- Up-to-date: /home/ubuntu/Desktop/cartographer_ws/install/lslidar_msgs/include/lslidar_msgs/msg/detail/lslidar_sweep__type_support.hpp
[2.479s] -- Up-to-date: /home/ubuntu/Desktop/cartographer_ws/install/lslidar_msgs/include/lslidar_msgs/msg/detail/lslidar_packet__type_support.hpp
[2.479s] -- Up-to-date: /home/ubuntu/Desktop/cartographer_ws/install/lslidar_msgs/include/lslidar_msgs/msg/detail/lslidar_sweep__struct.hpp
[2.479s] -- Up-to-date: /home/ubuntu/Desktop/cartographer_ws/install/lslidar_msgs/include/lslidar_msgs/msg/detail/lslidar_difop__type_support.hpp
[2.480s] -- Up-to-date: /home/ubuntu/Desktop/cartographer_ws/install/lslidar_msgs/include/lslidar_msgs/msg/detail/lslidar_packet__traits.hpp
[2.480s] -- Up-to-date: /home/ubuntu/Desktop/cartographer_ws/install/lslidar_msgs/include/lslidar_msgs/msg/detail/lslidar_difop__struct.hpp
[2.480s] -- Up-to-date: /home/ubuntu/Desktop/cartographer_ws/install/lslidar_msgs/include/lslidar_msgs/msg/detail/lslidar_sweep__traits.hpp
[2.480s] -- Up-to-date: /home/ubuntu/Desktop/cartographer_ws/install/lslidar_msgs/include/lslidar_msgs/msg/detail/lslidar_packet__struct.hpp
[2.480s] -- Up-to-date: /home/ubuntu/Desktop/cartographer_ws/install/lslidar_msgs/include/lslidar_msgs/msg/detail/lslidar_scan__traits.hpp
[2.480s] -- Up-to-date: /home/ubuntu/Desktop/cartographer_ws/install/lslidar_msgs/include/lslidar_msgs/msg/detail/lslidar_packet__builder.hpp
[2.481s] -- Up-to-date: /home/ubuntu/Desktop/cartographer_ws/install/lslidar_msgs/include/lslidar_msgs/msg/detail/lslidar_sweep__builder.hpp
[2.481s] -- Up-to-date: /home/ubuntu/Desktop/cartographer_ws/install/lslidar_msgs/include/lslidar_msgs/msg/detail/lslidar_point__builder.hpp
[2.481s] -- Up-to-date: /home/ubuntu/Desktop/cartographer_ws/install/lslidar_msgs/include/lslidar_msgs/msg/detail/lslidar_point__traits.hpp
[2.481s] -- Up-to-date: /home/ubuntu/Desktop/cartographer_ws/install/lslidar_msgs/include/lslidar_msgs/msg/detail/lslidar_difop__builder.hpp
[2.481s] -- Up-to-date: /home/ubuntu/Desktop/cartographer_ws/install/lslidar_msgs/include/lslidar_msgs/msg/detail/lslidar_point__type_support.hpp
[2.481s] -- Up-to-date: /home/ubuntu/Desktop/cartographer_ws/install/lslidar_msgs/include/lslidar_msgs
[2.481s] -- Up-to-date: /home/ubuntu/Desktop/cartographer_ws/install/lslidar_msgs/include/lslidar_msgs/msg
[2.482s] -- Up-to-date: /home/ubuntu/Desktop/cartographer_ws/install/lslidar_msgs/include/lslidar_msgs/msg/detail
[2.482s] -- Up-to-date: /home/ubuntu/Desktop/cartographer_ws/install/lslidar_msgs/include/lslidar_msgs/msg/detail/lslidar_difop__rosidl_typesupport_introspection_cpp.hpp
[2.482s] -- Up-to-date: /home/ubuntu/Desktop/cartographer_ws/install/lslidar_msgs/include/lslidar_msgs/msg/detail/lslidar_packet__rosidl_typesupport_introspection_cpp.hpp
[2.483s] -- Up-to-date: /home/ubuntu/Desktop/cartographer_ws/install/lslidar_msgs/include/lslidar_msgs/msg/detail/lslidar_sweep__type_support.cpp
[2.483s] -- Up-to-date: /home/ubuntu/Desktop/cartographer_ws/install/lslidar_msgs/include/lslidar_msgs/msg/detail/lslidar_point__type_support.cpp
[2.483s] -- Up-to-date: /home/ubuntu/Desktop/cartographer_ws/install/lslidar_msgs/include/lslidar_msgs/msg/detail/lslidar_point__rosidl_typesupport_introspection_cpp.hpp
[2.483s] -- Up-to-date: /home/ubuntu/Desktop/cartographer_ws/install/lslidar_msgs/include/lslidar_msgs/msg/detail/lslidar_difop__type_support.cpp
[2.483s] -- Up-to-date: /home/ubuntu/Desktop/cartographer_ws/install/lslidar_msgs/include/lslidar_msgs/msg/detail/lslidar_packet__type_support.cpp
[2.483s] -- Up-to-date: /home/ubuntu/Desktop/cartographer_ws/install/lslidar_msgs/include/lslidar_msgs/msg/detail/lslidar_scan__rosidl_typesupport_introspection_cpp.hpp
[2.484s] -- Up-to-date: /home/ubuntu/Desktop/cartographer_ws/install/lslidar_msgs/include/lslidar_msgs/msg/detail/lslidar_scan__type_support.cpp
[2.484s] -- Up-to-date: /home/ubuntu/Desktop/cartographer_ws/install/lslidar_msgs/include/lslidar_msgs/msg/detail/lslidar_sweep__rosidl_typesupport_introspection_cpp.hpp
[2.484s] -- Up-to-date: /home/ubuntu/Desktop/cartographer_ws/install/lslidar_msgs/lib/liblslidar_msgs__rosidl_typesupport_introspection_cpp.so
[2.484s] -- Up-to-date: /home/ubuntu/Desktop/cartographer_ws/install/lslidar_msgs/lib/liblslidar_msgs__rosidl_typesupport_cpp.so
[2.485s] -- Up-to-date: /home/ubuntu/Desktop/cartographer_ws/install/lslidar_msgs/share/lslidar_msgs/environment/pythonpath.sh
[2.485s] -- Up-to-date: /home/ubuntu/Desktop/cartographer_ws/install/lslidar_msgs/share/lslidar_msgs/environment/pythonpath.dsv
[2.486s] -- Up-to-date: /home/ubuntu/Desktop/cartographer_ws/install/lslidar_msgs/lib/python3.8/site-packages/lslidar_msgs/__init__.py
[2.584s] -- Up-to-date: /home/ubuntu/Desktop/cartographer_ws/install/lslidar_msgs/lib/python3.8/site-packages/lslidar_msgs/msg
[2.585s] -- Up-to-date: /home/ubuntu/Desktop/cartographer_ws/install/lslidar_msgs/lib/python3.8/site-packages/lslidar_msgs/msg/_lslidar_difop_s.c
[2.586s] -- Up-to-date: /home/ubuntu/Desktop/cartographer_ws/install/lslidar_msgs/lib/python3.8/site-packages/lslidar_msgs/msg/_lslidar_packet.py
[2.586s] -- Up-to-date: /home/ubuntu/Desktop/cartographer_ws/install/lslidar_msgs/lib/python3.8/site-packages/lslidar_msgs/msg/__init__.py
[2.586s] -- Up-to-date: /home/ubuntu/Desktop/cartographer_ws/install/lslidar_msgs/lib/python3.8/site-packages/lslidar_msgs/msg/_lslidar_difop.py
[2.587s] -- Up-to-date: /home/ubuntu/Desktop/cartographer_ws/install/lslidar_msgs/lib/python3.8/site-packages/lslidar_msgs/msg/_lslidar_packet_s.c
[2.587s] -- Up-to-date: /home/ubuntu/Desktop/cartographer_ws/install/lslidar_msgs/lib/python3.8/site-packages/lslidar_msgs/msg/_lslidar_scan_s.c
[2.587s] -- Up-to-date: /home/ubuntu/Desktop/cartographer_ws/install/lslidar_msgs/lib/python3.8/site-packages/lslidar_msgs/msg/_lslidar_point.py
[2.587s] -- Up-to-date: /home/ubuntu/Desktop/cartographer_ws/install/lslidar_msgs/lib/python3.8/site-packages/lslidar_msgs/msg/_lslidar_point_s.c
[2.587s] -- Up-to-date: /home/ubuntu/Desktop/cartographer_ws/install/lslidar_msgs/lib/python3.8/site-packages/lslidar_msgs/msg/_lslidar_scan.py
[2.588s] -- Up-to-date: /home/ubuntu/Desktop/cartographer_ws/install/lslidar_msgs/lib/python3.8/site-packages/lslidar_msgs/msg/_lslidar_sweep.py
[2.588s] -- Up-to-date: /home/ubuntu/Desktop/cartographer_ws/install/lslidar_msgs/lib/python3.8/site-packages/lslidar_msgs/msg/_lslidar_sweep_s.c
[2.589s] -- Up-to-date: /home/ubuntu/Desktop/cartographer_ws/install/lslidar_msgs/lib/python3.8/site-packages/lslidar_msgs/lslidar_msgs_s__rosidl_typesupport_fastrtps_c.cpython-38-x86_64-linux-gnu.so
[2.593s] -- Up-to-date: /home/ubuntu/Desktop/cartographer_ws/install/lslidar_msgs/lib/python3.8/site-packages/lslidar_msgs/lslidar_msgs_s__rosidl_typesupport_introspection_c.cpython-38-x86_64-linux-gnu.so
[2.596s] -- Up-to-date: /home/ubuntu/Desktop/cartographer_ws/install/lslidar_msgs/lib/python3.8/site-packages/lslidar_msgs/lslidar_msgs_s__rosidl_typesupport_c.cpython-38-x86_64-linux-gnu.so
[2.600s] -- Up-to-date: /home/ubuntu/Desktop/cartographer_ws/install/lslidar_msgs/lib/liblslidar_msgs__python.so
[2.602s] -- Up-to-date: /home/ubuntu/Desktop/cartographer_ws/install/lslidar_msgs/share/lslidar_msgs/msg/LslidarDifop.idl
[2.603s] -- Up-to-date: /home/ubuntu/Desktop/cartographer_ws/install/lslidar_msgs/share/lslidar_msgs/msg/LslidarPacket.idl
[2.603s] -- Up-to-date: /home/ubuntu/Desktop/cartographer_ws/install/lslidar_msgs/share/lslidar_msgs/msg/LslidarPoint.idl
[2.603s] -- Up-to-date: /home/ubuntu/Desktop/cartographer_ws/install/lslidar_msgs/share/lslidar_msgs/msg/LslidarScan.idl
[2.603s] -- Up-to-date: /home/ubuntu/Desktop/cartographer_ws/install/lslidar_msgs/share/lslidar_msgs/msg/LslidarSweep.idl
[2.604s] -- Up-to-date: /home/ubuntu/Desktop/cartographer_ws/install/lslidar_msgs/share/lslidar_msgs/msg/LslidarDifop.msg
[2.604s] -- Up-to-date: /home/ubuntu/Desktop/cartographer_ws/install/lslidar_msgs/share/lslidar_msgs/msg/LslidarPacket.msg
[2.604s] -- Up-to-date: /home/ubuntu/Desktop/cartographer_ws/install/lslidar_msgs/share/lslidar_msgs/msg/LslidarPoint.msg
[2.605s] -- Up-to-date: /home/ubuntu/Desktop/cartographer_ws/install/lslidar_msgs/share/lslidar_msgs/msg/LslidarScan.msg
[2.605s] -- Up-to-date: /home/ubuntu/Desktop/cartographer_ws/install/lslidar_msgs/share/lslidar_msgs/msg/LslidarSweep.msg
[2.606s] -- Up-to-date: /home/ubuntu/Desktop/cartographer_ws/install/lslidar_msgs/share/ament_index/resource_index/package_run_dependencies/lslidar_msgs
[2.606s] -- Up-to-date: /home/ubuntu/Desktop/cartographer_ws/install/lslidar_msgs/share/ament_index/resource_index/parent_prefix_path/lslidar_msgs
[2.606s] -- Up-to-date: /home/ubuntu/Desktop/cartographer_ws/install/lslidar_msgs/share/lslidar_msgs/environment/ament_prefix_path.sh
[2.606s] -- Up-to-date: /home/ubuntu/Desktop/cartographer_ws/install/lslidar_msgs/share/lslidar_msgs/environment/ament_prefix_path.dsv
[2.606s] -- Up-to-date: /home/ubuntu/Desktop/cartographer_ws/install/lslidar_msgs/share/lslidar_msgs/environment/path.sh
[2.607s] -- Up-to-date: /home/ubuntu/Desktop/cartographer_ws/install/lslidar_msgs/share/lslidar_msgs/environment/path.dsv
[2.607s] -- Up-to-date: /home/ubuntu/Desktop/cartographer_ws/install/lslidar_msgs/share/lslidar_msgs/local_setup.bash
[2.607s] -- Up-to-date: /home/ubuntu/Desktop/cartographer_ws/install/lslidar_msgs/share/lslidar_msgs/local_setup.sh
[2.607s] -- Up-to-date: /home/ubuntu/Desktop/cartographer_ws/install/lslidar_msgs/share/lslidar_msgs/local_setup.zsh
[2.607s] -- Up-to-date: /home/ubuntu/Desktop/cartographer_ws/install/lslidar_msgs/share/lslidar_msgs/local_setup.dsv
[2.607s] -- Installing: /home/ubuntu/Desktop/cartographer_ws/install/lslidar_msgs/share/lslidar_msgs/package.dsv
[2.609s] -- Up-to-date: /home/ubuntu/Desktop/cartographer_ws/install/lslidar_msgs/share/ament_index/resource_index/packages/lslidar_msgs
[2.617s] -- Up-to-date: /home/ubuntu/Desktop/cartographer_ws/install/lslidar_msgs/share/lslidar_msgs/cmake/lslidar_msgs__rosidl_generator_cExport.cmake
[2.618s] -- Up-to-date: /home/ubuntu/Desktop/cartographer_ws/install/lslidar_msgs/share/lslidar_msgs/cmake/lslidar_msgs__rosidl_generator_cExport-noconfig.cmake
[2.620s] -- Up-to-date: /home/ubuntu/Desktop/cartographer_ws/install/lslidar_msgs/share/lslidar_msgs/cmake/lslidar_msgs__rosidl_typesupport_introspection_cExport.cmake
[2.621s] -- Up-to-date: /home/ubuntu/Desktop/cartographer_ws/install/lslidar_msgs/share/lslidar_msgs/cmake/lslidar_msgs__rosidl_typesupport_introspection_cExport-noconfig.cmake
[2.624s] -- Up-to-date: /home/ubuntu/Desktop/cartographer_ws/install/lslidar_msgs/share/lslidar_msgs/cmake/lslidar_msgs__rosidl_typesupport_cExport.cmake
[2.625s] -- Up-to-date: /home/ubuntu/Desktop/cartographer_ws/install/lslidar_msgs/share/lslidar_msgs/cmake/lslidar_msgs__rosidl_typesupport_cExport-noconfig.cmake
[2.627s] -- Up-to-date: /home/ubuntu/Desktop/cartographer_ws/install/lslidar_msgs/share/lslidar_msgs/cmake/lslidar_msgs__rosidl_generator_cppExport.cmake
[2.630s] -- Up-to-date: /home/ubuntu/Desktop/cartographer_ws/install/lslidar_msgs/share/lslidar_msgs/cmake/lslidar_msgs__rosidl_typesupport_introspection_cppExport.cmake
[2.634s] -- Up-to-date: /home/ubuntu/Desktop/cartographer_ws/install/lslidar_msgs/share/lslidar_msgs/cmake/lslidar_msgs__rosidl_typesupport_introspection_cppExport-noconfig.cmake
[2.638s] -- Up-to-date: /home/ubuntu/Desktop/cartographer_ws/install/lslidar_msgs/share/lslidar_msgs/cmake/lslidar_msgs__rosidl_typesupport_cppExport.cmake
[2.638s] -- Up-to-date: /home/ubuntu/Desktop/cartographer_ws/install/lslidar_msgs/share/lslidar_msgs/cmake/lslidar_msgs__rosidl_typesupport_cppExport-noconfig.cmake
[2.639s] -- Up-to-date: /home/ubuntu/Desktop/cartographer_ws/install/lslidar_msgs/share/lslidar_msgs/cmake/rosidl_cmake-extras.cmake
[2.640s] -- Up-to-date: /home/ubuntu/Desktop/cartographer_ws/install/lslidar_msgs/share/lslidar_msgs/cmake/ament_cmake_export_dependencies-extras.cmake
[2.640s] -- Up-to-date: /home/ubuntu/Desktop/cartographer_ws/install/lslidar_msgs/share/lslidar_msgs/cmake/ament_cmake_export_libraries-extras.cmake
[2.641s] -- Up-to-date: /home/ubuntu/Desktop/cartographer_ws/install/lslidar_msgs/share/lslidar_msgs/cmake/ament_cmake_export_targets-extras.cmake
[2.641s] -- Up-to-date: /home/ubuntu/Desktop/cartographer_ws/install/lslidar_msgs/share/lslidar_msgs/cmake/ament_cmake_export_include_directories-extras.cmake
[2.642s] -- Up-to-date: /home/ubuntu/Desktop/cartographer_ws/install/lslidar_msgs/share/lslidar_msgs/cmake/rosidl_cmake_export_typesupport_libraries-extras.cmake
[2.643s] -- Up-to-date: /home/ubuntu/Desktop/cartographer_ws/install/lslidar_msgs/share/lslidar_msgs/cmake/rosidl_cmake_export_typesupport_targets-extras.cmake
[2.643s] -- Up-to-date: /home/ubuntu/Desktop/cartographer_ws/install/lslidar_msgs/share/lslidar_msgs/cmake/lslidar_msgsConfig.cmake
[2.644s] -- Up-to-date: /home/ubuntu/Desktop/cartographer_ws/install/lslidar_msgs/share/lslidar_msgs/cmake/lslidar_msgsConfig-version.cmake
[2.644s] -- Up-to-date: /home/ubuntu/Desktop/cartographer_ws/install/lslidar_msgs/share/lslidar_msgs/package.xml
[2.657s] Invoked command in '/home/ubuntu/Desktop/cartographer_ws/build/lslidar_msgs' returned '0': CMAKE_PREFIX_PATH=${CMAKE_PREFIX_PATH}:/opt/ros/foxy /usr/bin/cmake --install /home/ubuntu/Desktop/cartographer_ws/build/lslidar_msgs
