[0.117s] Invoking command in '/home/ubuntu/Desktop/cartographer_ws/build/cartographer_ros_msgs': CMAKE_PREFIX_PATH=/home/ubuntu/Desktop/cartographer_ws/install/tf_init:/home/ubuntu/Desktop/cartographer_ws/install/imu:/opt/ros/foxy:${CMAKE_PREFIX_PATH} /usr/bin/cmake --build /home/ubuntu/Desktop/cartographer_ws/build/cartographer_ros_msgs -- -j2 -l2
[0.817s] [  0%] Built target cartographer_ros_msgs__cpp
[1.070s] [ 12%] Built target cartographer_ros_msgs__rosidl_generator_c
[1.384s] [ 24%] Built target cartographer_ros_msgs__rosidl_typesupport_cpp
[1.700s] [ 36%] Built target cartographer_ros_msgs__rosidl_typesupport_fastrtps_cpp
[1.951s] [ 48%] Built target cartographer_ros_msgs__rosidl_typesupport_introspection_c
[2.243s] [ 60%] Built target cartographer_ros_msgs__rosidl_typesupport_c
[2.466s] [ 72%] Built target cartographer_ros_msgs__rosidl_typesupport_introspection_cpp
[2.843s] [ 84%] Built target cartographer_ros_msgs__rosidl_typesupport_fastrtps_c
[3.055s] [ 84%] Built target cartographer_ros_msgs
[3.318s] [ 85%] Built target cartographer_ros_msgs__py
[3.671s] [ 96%] Built target cartographer_ros_msgs__python
[3.879s] [ 97%] Built target cartographer_ros_msgs__rosidl_typesupport_c__pyext
[4.201s] [ 99%] Built target cartographer_ros_msgs__rosidl_typesupport_introspection_c__pyext
[4.433s] [100%] Built target cartographer_ros_msgs__rosidl_typesupport_fastrtps_c__pyext
[4.544s] Invoked command in '/home/ubuntu/Desktop/cartographer_ws/build/cartographer_ros_msgs' returned '0': CMAKE_PREFIX_PATH=/home/ubuntu/Desktop/cartographer_ws/install/tf_init:/home/ubuntu/Desktop/cartographer_ws/install/imu:/opt/ros/foxy:${CMAKE_PREFIX_PATH} /usr/bin/cmake --build /home/ubuntu/Desktop/cartographer_ws/build/cartographer_ros_msgs -- -j2 -l2
[9.098s] Invoking command in '/home/ubuntu/Desktop/cartographer_ws/build/cartographer_ros_msgs': CMAKE_PREFIX_PATH=/home/ubuntu/Desktop/cartographer_ws/install/tf_init:/home/ubuntu/Desktop/cartographer_ws/install/imu:/opt/ros/foxy:${CMAKE_PREFIX_PATH} /usr/bin/cmake --install /home/ubuntu/Desktop/cartographer_ws/build/cartographer_ros_msgs
[9.157s] -- Install configuration: ""
[9.158s] -- Up-to-date: /home/ubuntu/Desktop/cartographer_ws/install/cartographer_ros_msgs/share/ament_index/resource_index/rosidl_interfaces/cartographer_ros_msgs
[9.158s] -- Up-to-date: /home/ubuntu/Desktop/cartographer_ws/install/cartographer_ros_msgs/include/cartographer_ros_msgs
[9.158s] -- Up-to-date: /home/ubuntu/Desktop/cartographer_ws/install/cartographer_ros_msgs/include/cartographer_ros_msgs/srv
[9.159s] -- Up-to-date: /home/ubuntu/Desktop/cartographer_ws/install/cartographer_ros_msgs/include/cartographer_ros_msgs/srv/start_trajectory.h
[9.159s] -- Up-to-date: /home/ubuntu/Desktop/cartographer_ws/install/cartographer_ros_msgs/include/cartographer_ros_msgs/srv/finish_trajectory.h
[9.167s] -- Up-to-date: /home/ubuntu/Desktop/cartographer_ws/install/cartographer_ros_msgs/include/cartographer_ros_msgs/srv/write_state.h
[9.168s] -- Up-to-date: /home/ubuntu/Desktop/cartographer_ws/install/cartographer_ros_msgs/include/cartographer_ros_msgs/srv/detail
[9.169s] -- Up-to-date: /home/ubuntu/Desktop/cartographer_ws/install/cartographer_ros_msgs/include/cartographer_ros_msgs/srv/detail/submap_query__functions.c
[9.169s] -- Up-to-date: /home/ubuntu/Desktop/cartographer_ws/install/cartographer_ros_msgs/include/cartographer_ros_msgs/srv/detail/start_trajectory__functions.c
[9.169s] -- Up-to-date: /home/ubuntu/Desktop/cartographer_ws/install/cartographer_ros_msgs/include/cartographer_ros_msgs/srv/detail/write_state__functions.c
[9.169s] -- Up-to-date: /home/ubuntu/Desktop/cartographer_ws/install/cartographer_ros_msgs/include/cartographer_ros_msgs/srv/detail/write_state__struct.h
[9.169s] -- Up-to-date: /home/ubuntu/Desktop/cartographer_ws/install/cartographer_ros_msgs/include/cartographer_ros_msgs/srv/detail/finish_trajectory__struct.h
[9.169s] -- Up-to-date: /home/ubuntu/Desktop/cartographer_ws/install/cartographer_ros_msgs/include/cartographer_ros_msgs/srv/detail/finish_trajectory__type_support.h
[9.169s] -- Up-to-date: /home/ubuntu/Desktop/cartographer_ws/install/cartographer_ros_msgs/include/cartographer_ros_msgs/srv/detail/finish_trajectory__functions.h
[9.169s] -- Up-to-date: /home/ubuntu/Desktop/cartographer_ws/install/cartographer_ros_msgs/include/cartographer_ros_msgs/srv/detail/start_trajectory__struct.h
[9.169s] -- Up-to-date: /home/ubuntu/Desktop/cartographer_ws/install/cartographer_ros_msgs/include/cartographer_ros_msgs/srv/detail/write_state__type_support.h
[9.169s] -- Up-to-date: /home/ubuntu/Desktop/cartographer_ws/install/cartographer_ros_msgs/include/cartographer_ros_msgs/srv/detail/submap_query__struct.h
[9.169s] -- Up-to-date: /home/ubuntu/Desktop/cartographer_ws/install/cartographer_ros_msgs/include/cartographer_ros_msgs/srv/detail/write_state__functions.h
[9.169s] -- Up-to-date: /home/ubuntu/Desktop/cartographer_ws/install/cartographer_ros_msgs/include/cartographer_ros_msgs/srv/detail/finish_trajectory__functions.c
[9.169s] -- Up-to-date: /home/ubuntu/Desktop/cartographer_ws/install/cartographer_ros_msgs/include/cartographer_ros_msgs/srv/detail/submap_query__type_support.h
[9.169s] -- Up-to-date: /home/ubuntu/Desktop/cartographer_ws/install/cartographer_ros_msgs/include/cartographer_ros_msgs/srv/detail/start_trajectory__type_support.h
[9.170s] -- Up-to-date: /home/ubuntu/Desktop/cartographer_ws/install/cartographer_ros_msgs/include/cartographer_ros_msgs/srv/detail/start_trajectory__functions.h
[9.170s] -- Up-to-date: /home/ubuntu/Desktop/cartographer_ws/install/cartographer_ros_msgs/include/cartographer_ros_msgs/srv/detail/submap_query__functions.h
[9.170s] -- Up-to-date: /home/ubuntu/Desktop/cartographer_ws/install/cartographer_ros_msgs/include/cartographer_ros_msgs/srv/submap_query.h
[9.170s] -- Up-to-date: /home/ubuntu/Desktop/cartographer_ws/install/cartographer_ros_msgs/include/cartographer_ros_msgs/msg
[9.170s] -- Up-to-date: /home/ubuntu/Desktop/cartographer_ws/install/cartographer_ros_msgs/include/cartographer_ros_msgs/msg/submap_texture.h
[9.174s] -- Up-to-date: /home/ubuntu/Desktop/cartographer_ws/install/cartographer_ros_msgs/include/cartographer_ros_msgs/msg/submap_list.h
[9.175s] -- Up-to-date: /home/ubuntu/Desktop/cartographer_ws/install/cartographer_ros_msgs/include/cartographer_ros_msgs/msg/sensor_topics.h
[9.175s] -- Up-to-date: /home/ubuntu/Desktop/cartographer_ws/install/cartographer_ros_msgs/include/cartographer_ros_msgs/msg/landmark_entry.h
[9.175s] -- Up-to-date: /home/ubuntu/Desktop/cartographer_ws/install/cartographer_ros_msgs/include/cartographer_ros_msgs/msg/status_code.h
[9.175s] -- Up-to-date: /home/ubuntu/Desktop/cartographer_ws/install/cartographer_ros_msgs/include/cartographer_ros_msgs/msg/landmark_list.h
[9.175s] -- Up-to-date: /home/ubuntu/Desktop/cartographer_ws/install/cartographer_ros_msgs/include/cartographer_ros_msgs/msg/rosidl_generator_c__visibility_control.h
[9.175s] -- Up-to-date: /home/ubuntu/Desktop/cartographer_ws/install/cartographer_ros_msgs/include/cartographer_ros_msgs/msg/submap_entry.h
[9.175s] -- Up-to-date: /home/ubuntu/Desktop/cartographer_ws/install/cartographer_ros_msgs/include/cartographer_ros_msgs/msg/trajectory_options.h
[9.175s] -- Up-to-date: /home/ubuntu/Desktop/cartographer_ws/install/cartographer_ros_msgs/include/cartographer_ros_msgs/msg/detail
[9.175s] -- Up-to-date: /home/ubuntu/Desktop/cartographer_ws/install/cartographer_ros_msgs/include/cartographer_ros_msgs/msg/detail/submap_entry__functions.h
[9.176s] -- Up-to-date: /home/ubuntu/Desktop/cartographer_ws/install/cartographer_ros_msgs/include/cartographer_ros_msgs/msg/detail/trajectory_options__type_support.h
[9.176s] -- Up-to-date: /home/ubuntu/Desktop/cartographer_ws/install/cartographer_ros_msgs/include/cartographer_ros_msgs/msg/detail/landmark_list__struct.h
[9.176s] -- Up-to-date: /home/ubuntu/Desktop/cartographer_ws/install/cartographer_ros_msgs/include/cartographer_ros_msgs/msg/detail/submap_texture__type_support.h
[9.176s] -- Up-to-date: /home/ubuntu/Desktop/cartographer_ws/install/cartographer_ros_msgs/include/cartographer_ros_msgs/msg/detail/trajectory_options__functions.c
[9.177s] -- Up-to-date: /home/ubuntu/Desktop/cartographer_ws/install/cartographer_ros_msgs/include/cartographer_ros_msgs/msg/detail/submap_entry__type_support.h
[9.177s] -- Up-to-date: /home/ubuntu/Desktop/cartographer_ws/install/cartographer_ros_msgs/include/cartographer_ros_msgs/msg/detail/landmark_list__functions.h
[9.177s] -- Up-to-date: /home/ubuntu/Desktop/cartographer_ws/install/cartographer_ros_msgs/include/cartographer_ros_msgs/msg/detail/submap_entry__struct.h
[9.177s] -- Up-to-date: /home/ubuntu/Desktop/cartographer_ws/install/cartographer_ros_msgs/include/cartographer_ros_msgs/msg/detail/submap_texture__struct.h
[9.177s] -- Up-to-date: /home/ubuntu/Desktop/cartographer_ws/install/cartographer_ros_msgs/include/cartographer_ros_msgs/msg/detail/landmark_list__functions.c
[9.178s] -- Up-to-date: /home/ubuntu/Desktop/cartographer_ws/install/cartographer_ros_msgs/include/cartographer_ros_msgs/msg/detail/landmark_entry__type_support.h
[9.181s] -- Up-to-date: /home/ubuntu/Desktop/cartographer_ws/install/cartographer_ros_msgs/include/cartographer_ros_msgs/msg/detail/submap_list__functions.c
[9.182s] -- Up-to-date: /home/ubuntu/Desktop/cartographer_ws/install/cartographer_ros_msgs/include/cartographer_ros_msgs/msg/detail/status_response__type_support.h
[9.182s] -- Up-to-date: /home/ubuntu/Desktop/cartographer_ws/install/cartographer_ros_msgs/include/cartographer_ros_msgs/msg/detail/sensor_topics__functions.h
[9.183s] -- Up-to-date: /home/ubuntu/Desktop/cartographer_ws/install/cartographer_ros_msgs/include/cartographer_ros_msgs/msg/detail/sensor_topics__functions.c
[9.183s] -- Up-to-date: /home/ubuntu/Desktop/cartographer_ws/install/cartographer_ros_msgs/include/cartographer_ros_msgs/msg/detail/trajectory_options__functions.h
[9.190s] -- Up-to-date: /home/ubuntu/Desktop/cartographer_ws/install/cartographer_ros_msgs/include/cartographer_ros_msgs/msg/detail/sensor_topics__struct.h
[9.190s] -- Up-to-date: /home/ubuntu/Desktop/cartographer_ws/install/cartographer_ros_msgs/include/cartographer_ros_msgs/msg/detail/status_response__struct.h
[9.190s] -- Up-to-date: /home/ubuntu/Desktop/cartographer_ws/install/cartographer_ros_msgs/include/cartographer_ros_msgs/msg/detail/status_response__functions.h
[9.190s] -- Up-to-date: /home/ubuntu/Desktop/cartographer_ws/install/cartographer_ros_msgs/include/cartographer_ros_msgs/msg/detail/status_code__type_support.h
[9.190s] -- Up-to-date: /home/ubuntu/Desktop/cartographer_ws/install/cartographer_ros_msgs/include/cartographer_ros_msgs/msg/detail/status_code__struct.h
[9.191s] -- Up-to-date: /home/ubuntu/Desktop/cartographer_ws/install/cartographer_ros_msgs/include/cartographer_ros_msgs/msg/detail/landmark_entry__functions.c
[9.191s] -- Up-to-date: /home/ubuntu/Desktop/cartographer_ws/install/cartographer_ros_msgs/include/cartographer_ros_msgs/msg/detail/submap_texture__functions.c
[9.191s] -- Up-to-date: /home/ubuntu/Desktop/cartographer_ws/install/cartographer_ros_msgs/include/cartographer_ros_msgs/msg/detail/trajectory_options__struct.h
[9.191s] -- Up-to-date: /home/ubuntu/Desktop/cartographer_ws/install/cartographer_ros_msgs/include/cartographer_ros_msgs/msg/detail/submap_texture__functions.h
[9.191s] -- Up-to-date: /home/ubuntu/Desktop/cartographer_ws/install/cartographer_ros_msgs/include/cartographer_ros_msgs/msg/detail/status_code__functions.h
[9.192s] -- Up-to-date: /home/ubuntu/Desktop/cartographer_ws/install/cartographer_ros_msgs/include/cartographer_ros_msgs/msg/detail/sensor_topics__type_support.h
[9.192s] -- Up-to-date: /home/ubuntu/Desktop/cartographer_ws/install/cartographer_ros_msgs/include/cartographer_ros_msgs/msg/detail/status_code__functions.c
[9.192s] -- Up-to-date: /home/ubuntu/Desktop/cartographer_ws/install/cartographer_ros_msgs/include/cartographer_ros_msgs/msg/detail/submap_entry__functions.c
[9.202s] -- Up-to-date: /home/ubuntu/Desktop/cartographer_ws/install/cartographer_ros_msgs/include/cartographer_ros_msgs/msg/detail/status_response__functions.c
[9.202s] -- Up-to-date: /home/ubuntu/Desktop/cartographer_ws/install/cartographer_ros_msgs/include/cartographer_ros_msgs/msg/detail/landmark_list__type_support.h
[9.202s] -- Up-to-date: /home/ubuntu/Desktop/cartographer_ws/install/cartographer_ros_msgs/include/cartographer_ros_msgs/msg/detail/landmark_entry__struct.h
[9.202s] -- Up-to-date: /home/ubuntu/Desktop/cartographer_ws/install/cartographer_ros_msgs/include/cartographer_ros_msgs/msg/detail/landmark_entry__functions.h
[9.203s] -- Up-to-date: /home/ubuntu/Desktop/cartographer_ws/install/cartographer_ros_msgs/include/cartographer_ros_msgs/msg/detail/submap_list__struct.h
[9.203s] -- Up-to-date: /home/ubuntu/Desktop/cartographer_ws/install/cartographer_ros_msgs/include/cartographer_ros_msgs/msg/detail/submap_list__type_support.h
[9.203s] -- Up-to-date: /home/ubuntu/Desktop/cartographer_ws/install/cartographer_ros_msgs/include/cartographer_ros_msgs/msg/detail/submap_list__functions.h
[9.204s] -- Up-to-date: /home/ubuntu/Desktop/cartographer_ws/install/cartographer_ros_msgs/include/cartographer_ros_msgs/msg/status_response.h
[9.204s] -- Up-to-date: /home/ubuntu/Desktop/cartographer_ws/install/cartographer_ros_msgs/share/cartographer_ros_msgs/environment/library_path.sh
[9.204s] -- Up-to-date: /home/ubuntu/Desktop/cartographer_ws/install/cartographer_ros_msgs/share/cartographer_ros_msgs/environment/library_path.dsv
[9.204s] -- Up-to-date: /home/ubuntu/Desktop/cartographer_ws/install/cartographer_ros_msgs/lib/libcartographer_ros_msgs__rosidl_generator_c.so
[9.219s] -- Up-to-date: /home/ubuntu/Desktop/cartographer_ws/install/cartographer_ros_msgs/include/cartographer_ros_msgs
[9.219s] -- Up-to-date: /home/ubuntu/Desktop/cartographer_ws/install/cartographer_ros_msgs/include/cartographer_ros_msgs/srv
[9.219s] -- Up-to-date: /home/ubuntu/Desktop/cartographer_ws/install/cartographer_ros_msgs/include/cartographer_ros_msgs/srv/detail
[9.219s] -- Up-to-date: /home/ubuntu/Desktop/cartographer_ws/install/cartographer_ros_msgs/include/cartographer_ros_msgs/srv/detail/write_state__rosidl_typesupport_fastrtps_c.h
[9.219s] -- Up-to-date: /home/ubuntu/Desktop/cartographer_ws/install/cartographer_ros_msgs/include/cartographer_ros_msgs/srv/detail/submap_query__rosidl_typesupport_fastrtps_c.h
[9.219s] -- Up-to-date: /home/ubuntu/Desktop/cartographer_ws/install/cartographer_ros_msgs/include/cartographer_ros_msgs/srv/detail/finish_trajectory__rosidl_typesupport_fastrtps_c.h
[9.219s] -- Up-to-date: /home/ubuntu/Desktop/cartographer_ws/install/cartographer_ros_msgs/include/cartographer_ros_msgs/srv/detail/start_trajectory__rosidl_typesupport_fastrtps_c.h
[9.219s] -- Up-to-date: /home/ubuntu/Desktop/cartographer_ws/install/cartographer_ros_msgs/include/cartographer_ros_msgs/msg
[9.219s] -- Up-to-date: /home/ubuntu/Desktop/cartographer_ws/install/cartographer_ros_msgs/include/cartographer_ros_msgs/msg/rosidl_typesupport_fastrtps_c__visibility_control.h
[9.219s] -- Up-to-date: /home/ubuntu/Desktop/cartographer_ws/install/cartographer_ros_msgs/include/cartographer_ros_msgs/msg/detail
[9.219s] -- Up-to-date: /home/ubuntu/Desktop/cartographer_ws/install/cartographer_ros_msgs/include/cartographer_ros_msgs/msg/detail/landmark_list__rosidl_typesupport_fastrtps_c.h
[9.219s] -- Up-to-date: /home/ubuntu/Desktop/cartographer_ws/install/cartographer_ros_msgs/include/cartographer_ros_msgs/msg/detail/submap_entry__rosidl_typesupport_fastrtps_c.h
[9.219s] -- Up-to-date: /home/ubuntu/Desktop/cartographer_ws/install/cartographer_ros_msgs/include/cartographer_ros_msgs/msg/detail/sensor_topics__rosidl_typesupport_fastrtps_c.h
[9.220s] -- Up-to-date: /home/ubuntu/Desktop/cartographer_ws/install/cartographer_ros_msgs/include/cartographer_ros_msgs/msg/detail/landmark_entry__rosidl_typesupport_fastrtps_c.h
[9.220s] -- Up-to-date: /home/ubuntu/Desktop/cartographer_ws/install/cartographer_ros_msgs/include/cartographer_ros_msgs/msg/detail/trajectory_options__rosidl_typesupport_fastrtps_c.h
[9.220s] -- Up-to-date: /home/ubuntu/Desktop/cartographer_ws/install/cartographer_ros_msgs/include/cartographer_ros_msgs/msg/detail/submap_list__rosidl_typesupport_fastrtps_c.h
[9.220s] -- Up-to-date: /home/ubuntu/Desktop/cartographer_ws/install/cartographer_ros_msgs/include/cartographer_ros_msgs/msg/detail/status_code__rosidl_typesupport_fastrtps_c.h
[9.220s] -- Up-to-date: /home/ubuntu/Desktop/cartographer_ws/install/cartographer_ros_msgs/include/cartographer_ros_msgs/msg/detail/submap_texture__rosidl_typesupport_fastrtps_c.h
[9.220s] -- Up-to-date: /home/ubuntu/Desktop/cartographer_ws/install/cartographer_ros_msgs/include/cartographer_ros_msgs/msg/detail/status_response__rosidl_typesupport_fastrtps_c.h
[9.220s] -- Up-to-date: /home/ubuntu/Desktop/cartographer_ws/install/cartographer_ros_msgs/lib/libcartographer_ros_msgs__rosidl_typesupport_fastrtps_c.so
[9.221s] -- Up-to-date: /home/ubuntu/Desktop/cartographer_ws/install/cartographer_ros_msgs/include/cartographer_ros_msgs
[9.221s] -- Up-to-date: /home/ubuntu/Desktop/cartographer_ws/install/cartographer_ros_msgs/include/cartographer_ros_msgs/srv
[9.221s] -- Up-to-date: /home/ubuntu/Desktop/cartographer_ws/install/cartographer_ros_msgs/include/cartographer_ros_msgs/srv/detail
[9.221s] -- Up-to-date: /home/ubuntu/Desktop/cartographer_ws/install/cartographer_ros_msgs/include/cartographer_ros_msgs/srv/detail/finish_trajectory__rosidl_typesupport_fastrtps_cpp.hpp
[9.221s] -- Up-to-date: /home/ubuntu/Desktop/cartographer_ws/install/cartographer_ros_msgs/include/cartographer_ros_msgs/srv/detail/start_trajectory__rosidl_typesupport_fastrtps_cpp.hpp
[9.221s] -- Up-to-date: /home/ubuntu/Desktop/cartographer_ws/install/cartographer_ros_msgs/include/cartographer_ros_msgs/srv/detail/write_state__rosidl_typesupport_fastrtps_cpp.hpp
[9.221s] -- Up-to-date: /home/ubuntu/Desktop/cartographer_ws/install/cartographer_ros_msgs/include/cartographer_ros_msgs/srv/detail/dds_fastrtps
[9.221s] -- Up-to-date: /home/ubuntu/Desktop/cartographer_ws/install/cartographer_ros_msgs/include/cartographer_ros_msgs/srv/detail/submap_query__rosidl_typesupport_fastrtps_cpp.hpp
[9.221s] -- Up-to-date: /home/ubuntu/Desktop/cartographer_ws/install/cartographer_ros_msgs/include/cartographer_ros_msgs/msg
[9.221s] -- Up-to-date: /home/ubuntu/Desktop/cartographer_ws/install/cartographer_ros_msgs/include/cartographer_ros_msgs/msg/rosidl_typesupport_fastrtps_cpp__visibility_control.h
[9.223s] -- Up-to-date: /home/ubuntu/Desktop/cartographer_ws/install/cartographer_ros_msgs/include/cartographer_ros_msgs/msg/detail
[9.223s] -- Up-to-date: /home/ubuntu/Desktop/cartographer_ws/install/cartographer_ros_msgs/include/cartographer_ros_msgs/msg/detail/submap_list__rosidl_typesupport_fastrtps_cpp.hpp
[9.223s] -- Up-to-date: /home/ubuntu/Desktop/cartographer_ws/install/cartographer_ros_msgs/include/cartographer_ros_msgs/msg/detail/trajectory_options__rosidl_typesupport_fastrtps_cpp.hpp
[9.223s] -- Up-to-date: /home/ubuntu/Desktop/cartographer_ws/install/cartographer_ros_msgs/include/cartographer_ros_msgs/msg/detail/landmark_list__rosidl_typesupport_fastrtps_cpp.hpp
[9.223s] -- Up-to-date: /home/ubuntu/Desktop/cartographer_ws/install/cartographer_ros_msgs/include/cartographer_ros_msgs/msg/detail/submap_entry__rosidl_typesupport_fastrtps_cpp.hpp
[9.223s] -- Up-to-date: /home/ubuntu/Desktop/cartographer_ws/install/cartographer_ros_msgs/include/cartographer_ros_msgs/msg/detail/status_response__rosidl_typesupport_fastrtps_cpp.hpp
[9.224s] -- Up-to-date: /home/ubuntu/Desktop/cartographer_ws/install/cartographer_ros_msgs/include/cartographer_ros_msgs/msg/detail/status_code__rosidl_typesupport_fastrtps_cpp.hpp
[9.224s] -- Up-to-date: /home/ubuntu/Desktop/cartographer_ws/install/cartographer_ros_msgs/include/cartographer_ros_msgs/msg/detail/sensor_topics__rosidl_typesupport_fastrtps_cpp.hpp
[9.224s] -- Up-to-date: /home/ubuntu/Desktop/cartographer_ws/install/cartographer_ros_msgs/include/cartographer_ros_msgs/msg/detail/landmark_entry__rosidl_typesupport_fastrtps_cpp.hpp
[9.224s] -- Up-to-date: /home/ubuntu/Desktop/cartographer_ws/install/cartographer_ros_msgs/include/cartographer_ros_msgs/msg/detail/submap_texture__rosidl_typesupport_fastrtps_cpp.hpp
[9.224s] -- Up-to-date: /home/ubuntu/Desktop/cartographer_ws/install/cartographer_ros_msgs/include/cartographer_ros_msgs/msg/detail/dds_fastrtps
[9.239s] -- Up-to-date: /home/ubuntu/Desktop/cartographer_ws/install/cartographer_ros_msgs/lib/libcartographer_ros_msgs__rosidl_typesupport_fastrtps_cpp.so
[9.239s] -- Up-to-date: /home/ubuntu/Desktop/cartographer_ws/install/cartographer_ros_msgs/include/cartographer_ros_msgs
[9.239s] -- Up-to-date: /home/ubuntu/Desktop/cartographer_ws/install/cartographer_ros_msgs/include/cartographer_ros_msgs/srv
[9.239s] -- Up-to-date: /home/ubuntu/Desktop/cartographer_ws/install/cartographer_ros_msgs/include/cartographer_ros_msgs/srv/detail
[9.239s] -- Up-to-date: /home/ubuntu/Desktop/cartographer_ws/install/cartographer_ros_msgs/include/cartographer_ros_msgs/srv/detail/write_state__rosidl_typesupport_introspection_c.h
[9.240s] -- Up-to-date: /home/ubuntu/Desktop/cartographer_ws/install/cartographer_ros_msgs/include/cartographer_ros_msgs/srv/detail/submap_query__rosidl_typesupport_introspection_c.h
[9.240s] -- Up-to-date: /home/ubuntu/Desktop/cartographer_ws/install/cartographer_ros_msgs/include/cartographer_ros_msgs/srv/detail/submap_query__type_support.c
[9.240s] -- Up-to-date: /home/ubuntu/Desktop/cartographer_ws/install/cartographer_ros_msgs/include/cartographer_ros_msgs/srv/detail/finish_trajectory__rosidl_typesupport_introspection_c.h
[9.240s] -- Up-to-date: /home/ubuntu/Desktop/cartographer_ws/install/cartographer_ros_msgs/include/cartographer_ros_msgs/srv/detail/write_state__type_support.c
[9.240s] -- Up-to-date: /home/ubuntu/Desktop/cartographer_ws/install/cartographer_ros_msgs/include/cartographer_ros_msgs/srv/detail/start_trajectory__rosidl_typesupport_introspection_c.h
[9.240s] -- Up-to-date: /home/ubuntu/Desktop/cartographer_ws/install/cartographer_ros_msgs/include/cartographer_ros_msgs/srv/detail/start_trajectory__type_support.c
[9.240s] -- Up-to-date: /home/ubuntu/Desktop/cartographer_ws/install/cartographer_ros_msgs/include/cartographer_ros_msgs/srv/detail/finish_trajectory__type_support.c
[9.241s] -- Up-to-date: /home/ubuntu/Desktop/cartographer_ws/install/cartographer_ros_msgs/include/cartographer_ros_msgs/msg
[9.241s] -- Up-to-date: /home/ubuntu/Desktop/cartographer_ws/install/cartographer_ros_msgs/include/cartographer_ros_msgs/msg/detail
[9.241s] -- Up-to-date: /home/ubuntu/Desktop/cartographer_ws/install/cartographer_ros_msgs/include/cartographer_ros_msgs/msg/detail/status_code__type_support.c
[9.241s] -- Up-to-date: /home/ubuntu/Desktop/cartographer_ws/install/cartographer_ros_msgs/include/cartographer_ros_msgs/msg/detail/submap_entry__type_support.c
[9.241s] -- Up-to-date: /home/ubuntu/Desktop/cartographer_ws/install/cartographer_ros_msgs/include/cartographer_ros_msgs/msg/detail/status_response__rosidl_typesupport_introspection_c.h
[9.241s] -- Up-to-date: /home/ubuntu/Desktop/cartographer_ws/install/cartographer_ros_msgs/include/cartographer_ros_msgs/msg/detail/status_code__rosidl_typesupport_introspection_c.h
[9.242s] -- Up-to-date: /home/ubuntu/Desktop/cartographer_ws/install/cartographer_ros_msgs/include/cartographer_ros_msgs/msg/detail/landmark_list__type_support.c
[9.242s] -- Up-to-date: /home/ubuntu/Desktop/cartographer_ws/install/cartographer_ros_msgs/include/cartographer_ros_msgs/msg/detail/landmark_list__rosidl_typesupport_introspection_c.h
[9.242s] -- Up-to-date: /home/ubuntu/Desktop/cartographer_ws/install/cartographer_ros_msgs/include/cartographer_ros_msgs/msg/detail/sensor_topics__rosidl_typesupport_introspection_c.h
[9.242s] -- Up-to-date: /home/ubuntu/Desktop/cartographer_ws/install/cartographer_ros_msgs/include/cartographer_ros_msgs/msg/detail/trajectory_options__type_support.c
[9.242s] -- Up-to-date: /home/ubuntu/Desktop/cartographer_ws/install/cartographer_ros_msgs/include/cartographer_ros_msgs/msg/detail/trajectory_options__rosidl_typesupport_introspection_c.h
[9.242s] -- Up-to-date: /home/ubuntu/Desktop/cartographer_ws/install/cartographer_ros_msgs/include/cartographer_ros_msgs/msg/detail/submap_entry__rosidl_typesupport_introspection_c.h
[9.252s] -- Up-to-date: /home/ubuntu/Desktop/cartographer_ws/install/cartographer_ros_msgs/include/cartographer_ros_msgs/msg/detail/landmark_entry__rosidl_typesupport_introspection_c.h
[9.253s] -- Up-to-date: /home/ubuntu/Desktop/cartographer_ws/install/cartographer_ros_msgs/include/cartographer_ros_msgs/msg/detail/status_response__type_support.c
[9.253s] -- Up-to-date: /home/ubuntu/Desktop/cartographer_ws/install/cartographer_ros_msgs/include/cartographer_ros_msgs/msg/detail/submap_list__rosidl_typesupport_introspection_c.h
[9.253s] -- Up-to-date: /home/ubuntu/Desktop/cartographer_ws/install/cartographer_ros_msgs/include/cartographer_ros_msgs/msg/detail/submap_texture__rosidl_typesupport_introspection_c.h
[9.253s] -- Up-to-date: /home/ubuntu/Desktop/cartographer_ws/install/cartographer_ros_msgs/include/cartographer_ros_msgs/msg/detail/submap_texture__type_support.c
[9.253s] -- Up-to-date: /home/ubuntu/Desktop/cartographer_ws/install/cartographer_ros_msgs/include/cartographer_ros_msgs/msg/detail/sensor_topics__type_support.c
[9.254s] -- Up-to-date: /home/ubuntu/Desktop/cartographer_ws/install/cartographer_ros_msgs/include/cartographer_ros_msgs/msg/detail/submap_list__type_support.c
[9.254s] -- Up-to-date: /home/ubuntu/Desktop/cartographer_ws/install/cartographer_ros_msgs/include/cartographer_ros_msgs/msg/detail/landmark_entry__type_support.c
[9.254s] -- Up-to-date: /home/ubuntu/Desktop/cartographer_ws/install/cartographer_ros_msgs/include/cartographer_ros_msgs/msg/rosidl_typesupport_introspection_c__visibility_control.h
[9.254s] -- Up-to-date: /home/ubuntu/Desktop/cartographer_ws/install/cartographer_ros_msgs/lib/libcartographer_ros_msgs__rosidl_typesupport_introspection_c.so
[9.254s] -- Up-to-date: /home/ubuntu/Desktop/cartographer_ws/install/cartographer_ros_msgs/lib/libcartographer_ros_msgs__rosidl_typesupport_c.so
[9.254s] -- Up-to-date: /home/ubuntu/Desktop/cartographer_ws/install/cartographer_ros_msgs/include/cartographer_ros_msgs
[9.254s] -- Up-to-date: /home/ubuntu/Desktop/cartographer_ws/install/cartographer_ros_msgs/include/cartographer_ros_msgs/srv
[9.254s] -- Up-to-date: /home/ubuntu/Desktop/cartographer_ws/install/cartographer_ros_msgs/include/cartographer_ros_msgs/srv/write_state.hpp
[9.256s] -- Up-to-date: /home/ubuntu/Desktop/cartographer_ws/install/cartographer_ros_msgs/include/cartographer_ros_msgs/srv/start_trajectory.hpp
[9.256s] -- Up-to-date: /home/ubuntu/Desktop/cartographer_ws/install/cartographer_ros_msgs/include/cartographer_ros_msgs/srv/submap_query.hpp
[9.259s] -- Up-to-date: /home/ubuntu/Desktop/cartographer_ws/install/cartographer_ros_msgs/include/cartographer_ros_msgs/srv/detail
[9.259s] -- Up-to-date: /home/ubuntu/Desktop/cartographer_ws/install/cartographer_ros_msgs/include/cartographer_ros_msgs/srv/detail/finish_trajectory__type_support.hpp
[9.259s] -- Up-to-date: /home/ubuntu/Desktop/cartographer_ws/install/cartographer_ros_msgs/include/cartographer_ros_msgs/srv/detail/start_trajectory__struct.hpp
[9.259s] -- Up-to-date: /home/ubuntu/Desktop/cartographer_ws/install/cartographer_ros_msgs/include/cartographer_ros_msgs/srv/detail/submap_query__traits.hpp
[9.259s] -- Up-to-date: /home/ubuntu/Desktop/cartographer_ws/install/cartographer_ros_msgs/include/cartographer_ros_msgs/srv/detail/write_state__struct.hpp
[9.260s] -- Up-to-date: /home/ubuntu/Desktop/cartographer_ws/install/cartographer_ros_msgs/include/cartographer_ros_msgs/srv/detail/submap_query__struct.hpp
[9.260s] -- Up-to-date: /home/ubuntu/Desktop/cartographer_ws/install/cartographer_ros_msgs/include/cartographer_ros_msgs/srv/detail/submap_query__type_support.hpp
[9.260s] -- Up-to-date: /home/ubuntu/Desktop/cartographer_ws/install/cartographer_ros_msgs/include/cartographer_ros_msgs/srv/detail/submap_query__builder.hpp
[9.260s] -- Up-to-date: /home/ubuntu/Desktop/cartographer_ws/install/cartographer_ros_msgs/include/cartographer_ros_msgs/srv/detail/finish_trajectory__traits.hpp
[9.260s] -- Up-to-date: /home/ubuntu/Desktop/cartographer_ws/install/cartographer_ros_msgs/include/cartographer_ros_msgs/srv/detail/write_state__traits.hpp
[9.260s] -- Up-to-date: /home/ubuntu/Desktop/cartographer_ws/install/cartographer_ros_msgs/include/cartographer_ros_msgs/srv/detail/start_trajectory__builder.hpp
[9.261s] -- Up-to-date: /home/ubuntu/Desktop/cartographer_ws/install/cartographer_ros_msgs/include/cartographer_ros_msgs/srv/detail/finish_trajectory__builder.hpp
[9.261s] -- Up-to-date: /home/ubuntu/Desktop/cartographer_ws/install/cartographer_ros_msgs/include/cartographer_ros_msgs/srv/detail/write_state__type_support.hpp
[9.261s] -- Up-to-date: /home/ubuntu/Desktop/cartographer_ws/install/cartographer_ros_msgs/include/cartographer_ros_msgs/srv/detail/start_trajectory__type_support.hpp
[9.261s] -- Up-to-date: /home/ubuntu/Desktop/cartographer_ws/install/cartographer_ros_msgs/include/cartographer_ros_msgs/srv/detail/start_trajectory__traits.hpp
[9.261s] -- Up-to-date: /home/ubuntu/Desktop/cartographer_ws/install/cartographer_ros_msgs/include/cartographer_ros_msgs/srv/detail/finish_trajectory__struct.hpp
[9.262s] -- Up-to-date: /home/ubuntu/Desktop/cartographer_ws/install/cartographer_ros_msgs/include/cartographer_ros_msgs/srv/detail/write_state__builder.hpp
[9.262s] -- Up-to-date: /home/ubuntu/Desktop/cartographer_ws/install/cartographer_ros_msgs/include/cartographer_ros_msgs/srv/finish_trajectory.hpp
[9.262s] -- Up-to-date: /home/ubuntu/Desktop/cartographer_ws/install/cartographer_ros_msgs/include/cartographer_ros_msgs/msg
[9.262s] -- Up-to-date: /home/ubuntu/Desktop/cartographer_ws/install/cartographer_ros_msgs/include/cartographer_ros_msgs/msg/submap_list.hpp
[9.263s] -- Up-to-date: /home/ubuntu/Desktop/cartographer_ws/install/cartographer_ros_msgs/include/cartographer_ros_msgs/msg/status_response.hpp
[9.263s] -- Up-to-date: /home/ubuntu/Desktop/cartographer_ws/install/cartographer_ros_msgs/include/cartographer_ros_msgs/msg/status_code.hpp
[9.287s] -- Up-to-date: /home/ubuntu/Desktop/cartographer_ws/install/cartographer_ros_msgs/include/cartographer_ros_msgs/msg/submap_texture.hpp
[9.287s] -- Up-to-date: /home/ubuntu/Desktop/cartographer_ws/install/cartographer_ros_msgs/include/cartographer_ros_msgs/msg/landmark_list.hpp
[9.287s] -- Up-to-date: /home/ubuntu/Desktop/cartographer_ws/install/cartographer_ros_msgs/include/cartographer_ros_msgs/msg/sensor_topics.hpp
[9.287s] -- Up-to-date: /home/ubuntu/Desktop/cartographer_ws/install/cartographer_ros_msgs/include/cartographer_ros_msgs/msg/landmark_entry.hpp
[9.288s] -- Up-to-date: /home/ubuntu/Desktop/cartographer_ws/install/cartographer_ros_msgs/include/cartographer_ros_msgs/msg/trajectory_options.hpp
[9.288s] -- Up-to-date: /home/ubuntu/Desktop/cartographer_ws/install/cartographer_ros_msgs/include/cartographer_ros_msgs/msg/rosidl_generator_cpp__visibility_control.hpp
[9.288s] -- Up-to-date: /home/ubuntu/Desktop/cartographer_ws/install/cartographer_ros_msgs/include/cartographer_ros_msgs/msg/detail
[9.288s] -- Up-to-date: /home/ubuntu/Desktop/cartographer_ws/install/cartographer_ros_msgs/include/cartographer_ros_msgs/msg/detail/status_code__type_support.hpp
[9.288s] -- Up-to-date: /home/ubuntu/Desktop/cartographer_ws/install/cartographer_ros_msgs/include/cartographer_ros_msgs/msg/detail/status_response__traits.hpp
[9.288s] -- Up-to-date: /home/ubuntu/Desktop/cartographer_ws/install/cartographer_ros_msgs/include/cartographer_ros_msgs/msg/detail/status_response__struct.hpp
[9.288s] -- Up-to-date: /home/ubuntu/Desktop/cartographer_ws/install/cartographer_ros_msgs/include/cartographer_ros_msgs/msg/detail/submap_list__builder.hpp
[9.289s] -- Up-to-date: /home/ubuntu/Desktop/cartographer_ws/install/cartographer_ros_msgs/include/cartographer_ros_msgs/msg/detail/landmark_list__traits.hpp
[9.289s] -- Up-to-date: /home/ubuntu/Desktop/cartographer_ws/install/cartographer_ros_msgs/include/cartographer_ros_msgs/msg/detail/sensor_topics__traits.hpp
[9.289s] -- Up-to-date: /home/ubuntu/Desktop/cartographer_ws/install/cartographer_ros_msgs/include/cartographer_ros_msgs/msg/detail/landmark_entry__traits.hpp
[9.289s] -- Up-to-date: /home/ubuntu/Desktop/cartographer_ws/install/cartographer_ros_msgs/include/cartographer_ros_msgs/msg/detail/submap_list__type_support.hpp
[9.289s] -- Up-to-date: /home/ubuntu/Desktop/cartographer_ws/install/cartographer_ros_msgs/include/cartographer_ros_msgs/msg/detail/submap_list__traits.hpp
[9.289s] -- Up-to-date: /home/ubuntu/Desktop/cartographer_ws/install/cartographer_ros_msgs/include/cartographer_ros_msgs/msg/detail/landmark_list__type_support.hpp
[9.290s] -- Up-to-date: /home/ubuntu/Desktop/cartographer_ws/install/cartographer_ros_msgs/include/cartographer_ros_msgs/msg/detail/submap_texture__struct.hpp
[9.290s] -- Up-to-date: /home/ubuntu/Desktop/cartographer_ws/install/cartographer_ros_msgs/include/cartographer_ros_msgs/msg/detail/submap_entry__traits.hpp
[9.290s] -- Up-to-date: /home/ubuntu/Desktop/cartographer_ws/install/cartographer_ros_msgs/include/cartographer_ros_msgs/msg/detail/landmark_list__builder.hpp
[9.290s] -- Up-to-date: /home/ubuntu/Desktop/cartographer_ws/install/cartographer_ros_msgs/include/cartographer_ros_msgs/msg/detail/trajectory_options__traits.hpp
[9.290s] -- Up-to-date: /home/ubuntu/Desktop/cartographer_ws/install/cartographer_ros_msgs/include/cartographer_ros_msgs/msg/detail/submap_texture__builder.hpp
[9.290s] -- Up-to-date: /home/ubuntu/Desktop/cartographer_ws/install/cartographer_ros_msgs/include/cartographer_ros_msgs/msg/detail/status_response__type_support.hpp
[9.299s] -- Up-to-date: /home/ubuntu/Desktop/cartographer_ws/install/cartographer_ros_msgs/include/cartographer_ros_msgs/msg/detail/trajectory_options__type_support.hpp
[9.300s] -- Up-to-date: /home/ubuntu/Desktop/cartographer_ws/install/cartographer_ros_msgs/include/cartographer_ros_msgs/msg/detail/status_code__traits.hpp
[9.300s] -- Up-to-date: /home/ubuntu/Desktop/cartographer_ws/install/cartographer_ros_msgs/include/cartographer_ros_msgs/msg/detail/submap_texture__type_support.hpp
[9.300s] -- Up-to-date: /home/ubuntu/Desktop/cartographer_ws/install/cartographer_ros_msgs/include/cartographer_ros_msgs/msg/detail/status_response__builder.hpp
[9.300s] -- Up-to-date: /home/ubuntu/Desktop/cartographer_ws/install/cartographer_ros_msgs/include/cartographer_ros_msgs/msg/detail/trajectory_options__struct.hpp
[9.300s] -- Up-to-date: /home/ubuntu/Desktop/cartographer_ws/install/cartographer_ros_msgs/include/cartographer_ros_msgs/msg/detail/landmark_list__struct.hpp
[9.301s] -- Up-to-date: /home/ubuntu/Desktop/cartographer_ws/install/cartographer_ros_msgs/include/cartographer_ros_msgs/msg/detail/sensor_topics__struct.hpp
[9.301s] -- Up-to-date: /home/ubuntu/Desktop/cartographer_ws/install/cartographer_ros_msgs/include/cartographer_ros_msgs/msg/detail/landmark_entry__struct.hpp
[9.301s] -- Up-to-date: /home/ubuntu/Desktop/cartographer_ws/install/cartographer_ros_msgs/include/cartographer_ros_msgs/msg/detail/landmark_entry__builder.hpp
[9.301s] -- Up-to-date: /home/ubuntu/Desktop/cartographer_ws/install/cartographer_ros_msgs/include/cartographer_ros_msgs/msg/detail/sensor_topics__builder.hpp
[9.301s] -- Up-to-date: /home/ubuntu/Desktop/cartographer_ws/install/cartographer_ros_msgs/include/cartographer_ros_msgs/msg/detail/submap_entry__builder.hpp
[9.329s] -- Up-to-date: /home/ubuntu/Desktop/cartographer_ws/install/cartographer_ros_msgs/include/cartographer_ros_msgs/msg/detail/submap_texture__traits.hpp
[9.329s] -- Up-to-date: /home/ubuntu/Desktop/cartographer_ws/install/cartographer_ros_msgs/include/cartographer_ros_msgs/msg/detail/landmark_entry__type_support.hpp
[9.329s] -- Up-to-date: /home/ubuntu/Desktop/cartographer_ws/install/cartographer_ros_msgs/include/cartographer_ros_msgs/msg/detail/sensor_topics__type_support.hpp
[9.330s] -- Up-to-date: /home/ubuntu/Desktop/cartographer_ws/install/cartographer_ros_msgs/include/cartographer_ros_msgs/msg/detail/submap_list__struct.hpp
[9.330s] -- Up-to-date: /home/ubuntu/Desktop/cartographer_ws/install/cartographer_ros_msgs/include/cartographer_ros_msgs/msg/detail/trajectory_options__builder.hpp
[9.330s] -- Up-to-date: /home/ubuntu/Desktop/cartographer_ws/install/cartographer_ros_msgs/include/cartographer_ros_msgs/msg/detail/submap_entry__struct.hpp
[9.330s] -- Up-to-date: /home/ubuntu/Desktop/cartographer_ws/install/cartographer_ros_msgs/include/cartographer_ros_msgs/msg/detail/submap_entry__type_support.hpp
[9.330s] -- Up-to-date: /home/ubuntu/Desktop/cartographer_ws/install/cartographer_ros_msgs/include/cartographer_ros_msgs/msg/detail/status_code__struct.hpp
[9.330s] -- Up-to-date: /home/ubuntu/Desktop/cartographer_ws/install/cartographer_ros_msgs/include/cartographer_ros_msgs/msg/detail/status_code__builder.hpp
[9.331s] -- Up-to-date: /home/ubuntu/Desktop/cartographer_ws/install/cartographer_ros_msgs/include/cartographer_ros_msgs/msg/submap_entry.hpp
[9.331s] -- Up-to-date: /home/ubuntu/Desktop/cartographer_ws/install/cartographer_ros_msgs/include/cartographer_ros_msgs
[9.331s] -- Up-to-date: /home/ubuntu/Desktop/cartographer_ws/install/cartographer_ros_msgs/include/cartographer_ros_msgs/srv
[9.331s] -- Up-to-date: /home/ubuntu/Desktop/cartographer_ws/install/cartographer_ros_msgs/include/cartographer_ros_msgs/srv/detail
[9.331s] -- Up-to-date: /home/ubuntu/Desktop/cartographer_ws/install/cartographer_ros_msgs/include/cartographer_ros_msgs/srv/detail/submap_query__rosidl_typesupport_introspection_cpp.hpp
[9.331s] -- Up-to-date: /home/ubuntu/Desktop/cartographer_ws/install/cartographer_ros_msgs/include/cartographer_ros_msgs/srv/detail/finish_trajectory__type_support.cpp
[9.332s] -- Up-to-date: /home/ubuntu/Desktop/cartographer_ws/install/cartographer_ros_msgs/include/cartographer_ros_msgs/srv/detail/start_trajectory__type_support.cpp
[9.332s] -- Up-to-date: /home/ubuntu/Desktop/cartographer_ws/install/cartographer_ros_msgs/include/cartographer_ros_msgs/srv/detail/start_trajectory__rosidl_typesupport_introspection_cpp.hpp
[9.332s] -- Up-to-date: /home/ubuntu/Desktop/cartographer_ws/install/cartographer_ros_msgs/include/cartographer_ros_msgs/srv/detail/write_state__rosidl_typesupport_introspection_cpp.hpp
[9.333s] -- Up-to-date: /home/ubuntu/Desktop/cartographer_ws/install/cartographer_ros_msgs/include/cartographer_ros_msgs/srv/detail/finish_trajectory__rosidl_typesupport_introspection_cpp.hpp
[9.333s] -- Up-to-date: /home/ubuntu/Desktop/cartographer_ws/install/cartographer_ros_msgs/include/cartographer_ros_msgs/srv/detail/write_state__type_support.cpp
[9.333s] -- Up-to-date: /home/ubuntu/Desktop/cartographer_ws/install/cartographer_ros_msgs/include/cartographer_ros_msgs/srv/detail/submap_query__type_support.cpp
[9.333s] -- Up-to-date: /home/ubuntu/Desktop/cartographer_ws/install/cartographer_ros_msgs/include/cartographer_ros_msgs/msg
[9.334s] -- Up-to-date: /home/ubuntu/Desktop/cartographer_ws/install/cartographer_ros_msgs/include/cartographer_ros_msgs/msg/detail
[9.334s] -- Up-to-date: /home/ubuntu/Desktop/cartographer_ws/install/cartographer_ros_msgs/include/cartographer_ros_msgs/msg/detail/submap_texture__rosidl_typesupport_introspection_cpp.hpp
[9.334s] -- Up-to-date: /home/ubuntu/Desktop/cartographer_ws/install/cartographer_ros_msgs/include/cartographer_ros_msgs/msg/detail/status_response__type_support.cpp
[9.334s] -- Up-to-date: /home/ubuntu/Desktop/cartographer_ws/install/cartographer_ros_msgs/include/cartographer_ros_msgs/msg/detail/landmark_entry__type_support.cpp
[9.334s] -- Up-to-date: /home/ubuntu/Desktop/cartographer_ws/install/cartographer_ros_msgs/include/cartographer_ros_msgs/msg/detail/submap_entry__type_support.cpp
[9.334s] -- Up-to-date: /home/ubuntu/Desktop/cartographer_ws/install/cartographer_ros_msgs/include/cartographer_ros_msgs/msg/detail/landmark_list__type_support.cpp
[9.343s] -- Up-to-date: /home/ubuntu/Desktop/cartographer_ws/install/cartographer_ros_msgs/include/cartographer_ros_msgs/msg/detail/trajectory_options__rosidl_typesupport_introspection_cpp.hpp
[9.343s] -- Up-to-date: /home/ubuntu/Desktop/cartographer_ws/install/cartographer_ros_msgs/include/cartographer_ros_msgs/msg/detail/submap_list__rosidl_typesupport_introspection_cpp.hpp
[9.343s] -- Up-to-date: /home/ubuntu/Desktop/cartographer_ws/install/cartographer_ros_msgs/include/cartographer_ros_msgs/msg/detail/sensor_topics__rosidl_typesupport_introspection_cpp.hpp
[9.344s] -- Up-to-date: /home/ubuntu/Desktop/cartographer_ws/install/cartographer_ros_msgs/include/cartographer_ros_msgs/msg/detail/landmark_list__rosidl_typesupport_introspection_cpp.hpp
[9.344s] -- Up-to-date: /home/ubuntu/Desktop/cartographer_ws/install/cartographer_ros_msgs/include/cartographer_ros_msgs/msg/detail/status_response__rosidl_typesupport_introspection_cpp.hpp
[9.344s] -- Up-to-date: /home/ubuntu/Desktop/cartographer_ws/install/cartographer_ros_msgs/include/cartographer_ros_msgs/msg/detail/submap_list__type_support.cpp
[9.344s] -- Up-to-date: /home/ubuntu/Desktop/cartographer_ws/install/cartographer_ros_msgs/include/cartographer_ros_msgs/msg/detail/sensor_topics__type_support.cpp
[9.344s] -- Up-to-date: /home/ubuntu/Desktop/cartographer_ws/install/cartographer_ros_msgs/include/cartographer_ros_msgs/msg/detail/status_code__rosidl_typesupport_introspection_cpp.hpp
[9.344s] -- Up-to-date: /home/ubuntu/Desktop/cartographer_ws/install/cartographer_ros_msgs/include/cartographer_ros_msgs/msg/detail/status_code__type_support.cpp
[9.344s] -- Up-to-date: /home/ubuntu/Desktop/cartographer_ws/install/cartographer_ros_msgs/include/cartographer_ros_msgs/msg/detail/landmark_entry__rosidl_typesupport_introspection_cpp.hpp
[9.345s] -- Up-to-date: /home/ubuntu/Desktop/cartographer_ws/install/cartographer_ros_msgs/include/cartographer_ros_msgs/msg/detail/submap_texture__type_support.cpp
[9.345s] -- Up-to-date: /home/ubuntu/Desktop/cartographer_ws/install/cartographer_ros_msgs/include/cartographer_ros_msgs/msg/detail/submap_entry__rosidl_typesupport_introspection_cpp.hpp
[9.345s] -- Up-to-date: /home/ubuntu/Desktop/cartographer_ws/install/cartographer_ros_msgs/include/cartographer_ros_msgs/msg/detail/trajectory_options__type_support.cpp
[9.345s] -- Up-to-date: /home/ubuntu/Desktop/cartographer_ws/install/cartographer_ros_msgs/lib/libcartographer_ros_msgs__rosidl_typesupport_introspection_cpp.so
[9.345s] -- Up-to-date: /home/ubuntu/Desktop/cartographer_ws/install/cartographer_ros_msgs/lib/libcartographer_ros_msgs__rosidl_typesupport_cpp.so
[9.345s] -- Up-to-date: /home/ubuntu/Desktop/cartographer_ws/install/cartographer_ros_msgs/share/cartographer_ros_msgs/environment/pythonpath.sh
[9.345s] -- Up-to-date: /home/ubuntu/Desktop/cartographer_ws/install/cartographer_ros_msgs/share/cartographer_ros_msgs/environment/pythonpath.dsv
[9.346s] -- Up-to-date: /home/ubuntu/Desktop/cartographer_ws/install/cartographer_ros_msgs/lib/python3.8/site-packages/cartographer_ros_msgs/__init__.py
[9.622s] -- Up-to-date: /home/ubuntu/Desktop/cartographer_ws/install/cartographer_ros_msgs/lib/python3.8/site-packages/cartographer_ros_msgs/msg
[9.622s] -- Up-to-date: /home/ubuntu/Desktop/cartographer_ws/install/cartographer_ros_msgs/lib/python3.8/site-packages/cartographer_ros_msgs/msg/_submap_texture.py
[9.622s] -- Up-to-date: /home/ubuntu/Desktop/cartographer_ws/install/cartographer_ros_msgs/lib/python3.8/site-packages/cartographer_ros_msgs/msg/_submap_entry_s.c
[9.622s] -- Up-to-date: /home/ubuntu/Desktop/cartographer_ws/install/cartographer_ros_msgs/lib/python3.8/site-packages/cartographer_ros_msgs/msg/_submap_entry.py
[9.623s] -- Up-to-date: /home/ubuntu/Desktop/cartographer_ws/install/cartographer_ros_msgs/lib/python3.8/site-packages/cartographer_ros_msgs/msg/_trajectory_options.py
[9.623s] -- Up-to-date: /home/ubuntu/Desktop/cartographer_ws/install/cartographer_ros_msgs/lib/python3.8/site-packages/cartographer_ros_msgs/msg/_sensor_topics_s.c
[9.623s] -- Up-to-date: /home/ubuntu/Desktop/cartographer_ws/install/cartographer_ros_msgs/lib/python3.8/site-packages/cartographer_ros_msgs/msg/__init__.py
[9.623s] -- Up-to-date: /home/ubuntu/Desktop/cartographer_ws/install/cartographer_ros_msgs/lib/python3.8/site-packages/cartographer_ros_msgs/msg/_landmark_entry_s.c
[9.623s] -- Up-to-date: /home/ubuntu/Desktop/cartographer_ws/install/cartographer_ros_msgs/lib/python3.8/site-packages/cartographer_ros_msgs/msg/_submap_list_s.c
[9.627s] -- Up-to-date: /home/ubuntu/Desktop/cartographer_ws/install/cartographer_ros_msgs/lib/python3.8/site-packages/cartographer_ros_msgs/msg/_landmark_entry.py
[9.627s] -- Up-to-date: /home/ubuntu/Desktop/cartographer_ws/install/cartographer_ros_msgs/lib/python3.8/site-packages/cartographer_ros_msgs/msg/_submap_list.py
[9.627s] -- Up-to-date: /home/ubuntu/Desktop/cartographer_ws/install/cartographer_ros_msgs/lib/python3.8/site-packages/cartographer_ros_msgs/msg/_sensor_topics.py
[9.628s] -- Up-to-date: /home/ubuntu/Desktop/cartographer_ws/install/cartographer_ros_msgs/lib/python3.8/site-packages/cartographer_ros_msgs/msg/_landmark_list.py
[9.628s] -- Up-to-date: /home/ubuntu/Desktop/cartographer_ws/install/cartographer_ros_msgs/lib/python3.8/site-packages/cartographer_ros_msgs/msg/_submap_texture_s.c
[9.628s] -- Up-to-date: /home/ubuntu/Desktop/cartographer_ws/install/cartographer_ros_msgs/lib/python3.8/site-packages/cartographer_ros_msgs/msg/_status_response_s.c
[9.628s] -- Up-to-date: /home/ubuntu/Desktop/cartographer_ws/install/cartographer_ros_msgs/lib/python3.8/site-packages/cartographer_ros_msgs/msg/_landmark_list_s.c
[9.628s] -- Up-to-date: /home/ubuntu/Desktop/cartographer_ws/install/cartographer_ros_msgs/lib/python3.8/site-packages/cartographer_ros_msgs/msg/_trajectory_options_s.c
[9.628s] -- Up-to-date: /home/ubuntu/Desktop/cartographer_ws/install/cartographer_ros_msgs/lib/python3.8/site-packages/cartographer_ros_msgs/msg/_status_response.py
[9.628s] -- Up-to-date: /home/ubuntu/Desktop/cartographer_ws/install/cartographer_ros_msgs/lib/python3.8/site-packages/cartographer_ros_msgs/msg/_status_code_s.c
[9.629s] -- Up-to-date: /home/ubuntu/Desktop/cartographer_ws/install/cartographer_ros_msgs/lib/python3.8/site-packages/cartographer_ros_msgs/msg/_status_code.py
[9.629s] -- Up-to-date: /home/ubuntu/Desktop/cartographer_ws/install/cartographer_ros_msgs/lib/python3.8/site-packages/cartographer_ros_msgs/srv
[9.629s] -- Up-to-date: /home/ubuntu/Desktop/cartographer_ws/install/cartographer_ros_msgs/lib/python3.8/site-packages/cartographer_ros_msgs/srv/_finish_trajectory_s.c
[9.629s] -- Up-to-date: /home/ubuntu/Desktop/cartographer_ws/install/cartographer_ros_msgs/lib/python3.8/site-packages/cartographer_ros_msgs/srv/_finish_trajectory.py
[9.629s] -- Up-to-date: /home/ubuntu/Desktop/cartographer_ws/install/cartographer_ros_msgs/lib/python3.8/site-packages/cartographer_ros_msgs/srv/__init__.py
[9.630s] -- Up-to-date: /home/ubuntu/Desktop/cartographer_ws/install/cartographer_ros_msgs/lib/python3.8/site-packages/cartographer_ros_msgs/srv/_submap_query.py
[9.630s] -- Up-to-date: /home/ubuntu/Desktop/cartographer_ws/install/cartographer_ros_msgs/lib/python3.8/site-packages/cartographer_ros_msgs/srv/_write_state_s.c
[9.630s] -- Up-to-date: /home/ubuntu/Desktop/cartographer_ws/install/cartographer_ros_msgs/lib/python3.8/site-packages/cartographer_ros_msgs/srv/_write_state.py
[9.630s] -- Up-to-date: /home/ubuntu/Desktop/cartographer_ws/install/cartographer_ros_msgs/lib/python3.8/site-packages/cartographer_ros_msgs/srv/_submap_query_s.c
[9.630s] -- Up-to-date: /home/ubuntu/Desktop/cartographer_ws/install/cartographer_ros_msgs/lib/python3.8/site-packages/cartographer_ros_msgs/srv/_start_trajectory_s.c
[9.630s] -- Up-to-date: /home/ubuntu/Desktop/cartographer_ws/install/cartographer_ros_msgs/lib/python3.8/site-packages/cartographer_ros_msgs/srv/_start_trajectory.py
[9.631s] -- Up-to-date: /home/ubuntu/Desktop/cartographer_ws/install/cartographer_ros_msgs/lib/python3.8/site-packages/cartographer_ros_msgs/cartographer_ros_msgs_s__rosidl_typesupport_fastrtps_c.cpython-38-x86_64-linux-gnu.so
[9.631s] -- Up-to-date: /home/ubuntu/Desktop/cartographer_ws/install/cartographer_ros_msgs/lib/python3.8/site-packages/cartographer_ros_msgs/cartographer_ros_msgs_s__rosidl_typesupport_introspection_c.cpython-38-x86_64-linux-gnu.so
[9.635s] -- Up-to-date: /home/ubuntu/Desktop/cartographer_ws/install/cartographer_ros_msgs/lib/python3.8/site-packages/cartographer_ros_msgs/cartographer_ros_msgs_s__rosidl_typesupport_c.cpython-38-x86_64-linux-gnu.so
[9.635s] -- Up-to-date: /home/ubuntu/Desktop/cartographer_ws/install/cartographer_ros_msgs/lib/libcartographer_ros_msgs__python.so
[9.646s] -- Up-to-date: /home/ubuntu/Desktop/cartographer_ws/install/cartographer_ros_msgs/share/cartographer_ros_msgs/msg/LandmarkEntry.idl
[9.647s] -- Up-to-date: /home/ubuntu/Desktop/cartographer_ws/install/cartographer_ros_msgs/share/cartographer_ros_msgs/msg/LandmarkList.idl
[9.649s] -- Up-to-date: /home/ubuntu/Desktop/cartographer_ws/install/cartographer_ros_msgs/share/cartographer_ros_msgs/msg/SensorTopics.idl
[9.650s] -- Up-to-date: /home/ubuntu/Desktop/cartographer_ws/install/cartographer_ros_msgs/share/cartographer_ros_msgs/msg/StatusCode.idl
[9.650s] -- Up-to-date: /home/ubuntu/Desktop/cartographer_ws/install/cartographer_ros_msgs/share/cartographer_ros_msgs/msg/StatusResponse.idl
[9.651s] -- Up-to-date: /home/ubuntu/Desktop/cartographer_ws/install/cartographer_ros_msgs/share/cartographer_ros_msgs/msg/SubmapEntry.idl
[9.652s] -- Up-to-date: /home/ubuntu/Desktop/cartographer_ws/install/cartographer_ros_msgs/share/cartographer_ros_msgs/msg/SubmapList.idl
[9.652s] -- Up-to-date: /home/ubuntu/Desktop/cartographer_ws/install/cartographer_ros_msgs/share/cartographer_ros_msgs/msg/SubmapTexture.idl
[9.653s] -- Up-to-date: /home/ubuntu/Desktop/cartographer_ws/install/cartographer_ros_msgs/share/cartographer_ros_msgs/msg/TrajectoryOptions.idl
[9.654s] -- Up-to-date: /home/ubuntu/Desktop/cartographer_ws/install/cartographer_ros_msgs/share/cartographer_ros_msgs/srv/FinishTrajectory.idl
[9.655s] -- Up-to-date: /home/ubuntu/Desktop/cartographer_ws/install/cartographer_ros_msgs/share/cartographer_ros_msgs/srv/StartTrajectory.idl
[9.655s] -- Up-to-date: /home/ubuntu/Desktop/cartographer_ws/install/cartographer_ros_msgs/share/cartographer_ros_msgs/srv/SubmapQuery.idl
[9.656s] -- Up-to-date: /home/ubuntu/Desktop/cartographer_ws/install/cartographer_ros_msgs/share/cartographer_ros_msgs/srv/WriteState.idl
[9.659s] -- Up-to-date: /home/ubuntu/Desktop/cartographer_ws/install/cartographer_ros_msgs/share/cartographer_ros_msgs/msg/LandmarkEntry.msg
[9.660s] -- Up-to-date: /home/ubuntu/Desktop/cartographer_ws/install/cartographer_ros_msgs/share/cartographer_ros_msgs/msg/LandmarkList.msg
[9.663s] -- Up-to-date: /home/ubuntu/Desktop/cartographer_ws/install/cartographer_ros_msgs/share/cartographer_ros_msgs/msg/SensorTopics.msg
[9.664s] -- Up-to-date: /home/ubuntu/Desktop/cartographer_ws/install/cartographer_ros_msgs/share/cartographer_ros_msgs/msg/StatusCode.msg
[9.664s] -- Up-to-date: /home/ubuntu/Desktop/cartographer_ws/install/cartographer_ros_msgs/share/cartographer_ros_msgs/msg/StatusResponse.msg
[9.665s] -- Up-to-date: /home/ubuntu/Desktop/cartographer_ws/install/cartographer_ros_msgs/share/cartographer_ros_msgs/msg/SubmapEntry.msg
[9.667s] -- Up-to-date: /home/ubuntu/Desktop/cartographer_ws/install/cartographer_ros_msgs/share/cartographer_ros_msgs/msg/SubmapList.msg
[9.668s] -- Up-to-date: /home/ubuntu/Desktop/cartographer_ws/install/cartographer_ros_msgs/share/cartographer_ros_msgs/msg/SubmapTexture.msg
[9.669s] -- Up-to-date: /home/ubuntu/Desktop/cartographer_ws/install/cartographer_ros_msgs/share/cartographer_ros_msgs/msg/TrajectoryOptions.msg
[9.670s] -- Up-to-date: /home/ubuntu/Desktop/cartographer_ws/install/cartographer_ros_msgs/share/cartographer_ros_msgs/srv/FinishTrajectory.srv
[9.670s] -- Up-to-date: /home/ubuntu/Desktop/cartographer_ws/install/cartographer_ros_msgs/share/cartographer_ros_msgs/srv/FinishTrajectory_Request.msg
[9.675s] -- Up-to-date: /home/ubuntu/Desktop/cartographer_ws/install/cartographer_ros_msgs/share/cartographer_ros_msgs/srv/FinishTrajectory_Response.msg
[9.678s] -- Up-to-date: /home/ubuntu/Desktop/cartographer_ws/install/cartographer_ros_msgs/share/cartographer_ros_msgs/srv/StartTrajectory.srv
[9.679s] -- Up-to-date: /home/ubuntu/Desktop/cartographer_ws/install/cartographer_ros_msgs/share/cartographer_ros_msgs/srv/StartTrajectory_Request.msg
[9.679s] -- Up-to-date: /home/ubuntu/Desktop/cartographer_ws/install/cartographer_ros_msgs/share/cartographer_ros_msgs/srv/StartTrajectory_Response.msg
[9.679s] -- Up-to-date: /home/ubuntu/Desktop/cartographer_ws/install/cartographer_ros_msgs/share/cartographer_ros_msgs/srv/SubmapQuery.srv
[9.679s] -- Up-to-date: /home/ubuntu/Desktop/cartographer_ws/install/cartographer_ros_msgs/share/cartographer_ros_msgs/srv/SubmapQuery_Request.msg
[9.679s] -- Up-to-date: /home/ubuntu/Desktop/cartographer_ws/install/cartographer_ros_msgs/share/cartographer_ros_msgs/srv/SubmapQuery_Response.msg
[9.680s] -- Up-to-date: /home/ubuntu/Desktop/cartographer_ws/install/cartographer_ros_msgs/share/cartographer_ros_msgs/srv/WriteState.srv
[9.680s] -- Up-to-date: /home/ubuntu/Desktop/cartographer_ws/install/cartographer_ros_msgs/share/cartographer_ros_msgs/srv/WriteState_Request.msg
[9.680s] -- Up-to-date: /home/ubuntu/Desktop/cartographer_ws/install/cartographer_ros_msgs/share/cartographer_ros_msgs/srv/WriteState_Response.msg
[9.680s] -- Up-to-date: /home/ubuntu/Desktop/cartographer_ws/install/cartographer_ros_msgs/share/ament_index/resource_index/package_run_dependencies/cartographer_ros_msgs
[9.680s] -- Up-to-date: /home/ubuntu/Desktop/cartographer_ws/install/cartographer_ros_msgs/share/ament_index/resource_index/parent_prefix_path/cartographer_ros_msgs
[9.680s] -- Up-to-date: /home/ubuntu/Desktop/cartographer_ws/install/cartographer_ros_msgs/share/cartographer_ros_msgs/environment/ament_prefix_path.sh
[9.681s] -- Up-to-date: /home/ubuntu/Desktop/cartographer_ws/install/cartographer_ros_msgs/share/cartographer_ros_msgs/environment/ament_prefix_path.dsv
[9.681s] -- Up-to-date: /home/ubuntu/Desktop/cartographer_ws/install/cartographer_ros_msgs/share/cartographer_ros_msgs/environment/path.sh
[9.681s] -- Up-to-date: /home/ubuntu/Desktop/cartographer_ws/install/cartographer_ros_msgs/share/cartographer_ros_msgs/environment/path.dsv
[9.681s] -- Up-to-date: /home/ubuntu/Desktop/cartographer_ws/install/cartographer_ros_msgs/share/cartographer_ros_msgs/local_setup.bash
[9.681s] -- Up-to-date: /home/ubuntu/Desktop/cartographer_ws/install/cartographer_ros_msgs/share/cartographer_ros_msgs/local_setup.sh
[9.681s] -- Up-to-date: /home/ubuntu/Desktop/cartographer_ws/install/cartographer_ros_msgs/share/cartographer_ros_msgs/local_setup.zsh
[9.688s] -- Up-to-date: /home/ubuntu/Desktop/cartographer_ws/install/cartographer_ros_msgs/share/cartographer_ros_msgs/local_setup.dsv
[9.689s] -- Installing: /home/ubuntu/Desktop/cartographer_ws/install/cartographer_ros_msgs/share/cartographer_ros_msgs/package.dsv
[9.699s] -- Up-to-date: /home/ubuntu/Desktop/cartographer_ws/install/cartographer_ros_msgs/share/ament_index/resource_index/packages/cartographer_ros_msgs
[9.699s] -- Up-to-date: /home/ubuntu/Desktop/cartographer_ws/install/cartographer_ros_msgs/share/cartographer_ros_msgs/cmake/cartographer_ros_msgs__rosidl_generator_cExport.cmake
[9.700s] -- Up-to-date: /home/ubuntu/Desktop/cartographer_ws/install/cartographer_ros_msgs/share/cartographer_ros_msgs/cmake/cartographer_ros_msgs__rosidl_generator_cExport-noconfig.cmake
[9.701s] -- Up-to-date: /home/ubuntu/Desktop/cartographer_ws/install/cartographer_ros_msgs/share/cartographer_ros_msgs/cmake/cartographer_ros_msgs__rosidl_typesupport_introspection_cExport.cmake
[9.702s] -- Up-to-date: /home/ubuntu/Desktop/cartographer_ws/install/cartographer_ros_msgs/share/cartographer_ros_msgs/cmake/cartographer_ros_msgs__rosidl_typesupport_introspection_cExport-noconfig.cmake
[9.707s] -- Up-to-date: /home/ubuntu/Desktop/cartographer_ws/install/cartographer_ros_msgs/share/cartographer_ros_msgs/cmake/cartographer_ros_msgs__rosidl_typesupport_cExport.cmake
[9.707s] -- Up-to-date: /home/ubuntu/Desktop/cartographer_ws/install/cartographer_ros_msgs/share/cartographer_ros_msgs/cmake/cartographer_ros_msgs__rosidl_typesupport_cExport-noconfig.cmake
[9.707s] -- Up-to-date: /home/ubuntu/Desktop/cartographer_ws/install/cartographer_ros_msgs/share/cartographer_ros_msgs/cmake/cartographer_ros_msgs__rosidl_generator_cppExport.cmake
[9.707s] -- Up-to-date: /home/ubuntu/Desktop/cartographer_ws/install/cartographer_ros_msgs/share/cartographer_ros_msgs/cmake/cartographer_ros_msgs__rosidl_typesupport_introspection_cppExport.cmake
[9.707s] -- Up-to-date: /home/ubuntu/Desktop/cartographer_ws/install/cartographer_ros_msgs/share/cartographer_ros_msgs/cmake/cartographer_ros_msgs__rosidl_typesupport_introspection_cppExport-noconfig.cmake
[9.714s] -- Up-to-date: /home/ubuntu/Desktop/cartographer_ws/install/cartographer_ros_msgs/share/cartographer_ros_msgs/cmake/cartographer_ros_msgs__rosidl_typesupport_cppExport.cmake
[9.714s] -- Up-to-date: /home/ubuntu/Desktop/cartographer_ws/install/cartographer_ros_msgs/share/cartographer_ros_msgs/cmake/cartographer_ros_msgs__rosidl_typesupport_cppExport-noconfig.cmake
[9.714s] -- Up-to-date: /home/ubuntu/Desktop/cartographer_ws/install/cartographer_ros_msgs/share/cartographer_ros_msgs/cmake/rosidl_cmake-extras.cmake
[9.715s] -- Up-to-date: /home/ubuntu/Desktop/cartographer_ws/install/cartographer_ros_msgs/share/cartographer_ros_msgs/cmake/ament_cmake_export_dependencies-extras.cmake
[9.715s] -- Up-to-date: /home/ubuntu/Desktop/cartographer_ws/install/cartographer_ros_msgs/share/cartographer_ros_msgs/cmake/ament_cmake_export_libraries-extras.cmake
[9.715s] -- Up-to-date: /home/ubuntu/Desktop/cartographer_ws/install/cartographer_ros_msgs/share/cartographer_ros_msgs/cmake/ament_cmake_export_targets-extras.cmake
[9.715s] -- Up-to-date: /home/ubuntu/Desktop/cartographer_ws/install/cartographer_ros_msgs/share/cartographer_ros_msgs/cmake/ament_cmake_export_include_directories-extras.cmake
[9.715s] -- Up-to-date: /home/ubuntu/Desktop/cartographer_ws/install/cartographer_ros_msgs/share/cartographer_ros_msgs/cmake/rosidl_cmake_export_typesupport_libraries-extras.cmake
[9.716s] -- Up-to-date: /home/ubuntu/Desktop/cartographer_ws/install/cartographer_ros_msgs/share/cartographer_ros_msgs/cmake/rosidl_cmake_export_typesupport_targets-extras.cmake
[9.716s] -- Up-to-date: /home/ubuntu/Desktop/cartographer_ws/install/cartographer_ros_msgs/share/cartographer_ros_msgs/cmake/cartographer_ros_msgsConfig.cmake
[9.716s] -- Up-to-date: /home/ubuntu/Desktop/cartographer_ws/install/cartographer_ros_msgs/share/cartographer_ros_msgs/cmake/cartographer_ros_msgsConfig-version.cmake
[9.718s] -- Up-to-date: /home/ubuntu/Desktop/cartographer_ws/install/cartographer_ros_msgs/share/cartographer_ros_msgs/package.xml
[9.734s] Invoked command in '/home/ubuntu/Desktop/cartographer_ws/build/cartographer_ros_msgs' returned '0': CMAKE_PREFIX_PATH=/home/ubuntu/Desktop/cartographer_ws/install/tf_init:/home/ubuntu/Desktop/cartographer_ws/install/imu:/opt/ros/foxy:${CMAKE_PREFIX_PATH} /usr/bin/cmake --install /home/ubuntu/Desktop/cartographer_ws/build/cartographer_ros_msgs
