[0.032s] Invoking command in '/home/jetson/Desktop/cartographer_ws/build/lslidar_driver': CMAKE_PREFIX_PATH=/home/jetson/Desktop/cartographer_ws/install/lslidar_msgs:/home/jetson/Desktop/cartographer_ws/install/lslidar_driver:/opt/ros/foxy LD_LIBRARY_PATH=/home/jetson/Desktop/cartographer_ws/install/lslidar_msgs/lib:/usr/local/cuda/lib64:/opt/ros/foxy/opt/yaml_cpp_vendor/lib:/opt/ros/foxy/opt/rviz_ogre_vendor/lib:/opt/ros/foxy/lib/aarch64-linux-gnu:/opt/ros/foxy/lib:/usr/local/cuda/lib64 /usr/bin/cmake --build /home/jetson/Desktop/cartographer_ws/build/lslidar_driver -- -j6 -l6
[0.197s] [100%] Built target lslidar_driver_node
[0.223s] Invoked command in '/home/jetson/Desktop/cartographer_ws/build/lslidar_driver' returned '0': CMAKE_PREFIX_PATH=/home/jetson/Desktop/cartographer_ws/install/lslidar_msgs:/home/jetson/Desktop/cartographer_ws/install/lslidar_driver:/opt/ros/foxy LD_LIBRARY_PATH=/home/jetson/Desktop/cartographer_ws/install/lslidar_msgs/lib:/usr/local/cuda/lib64:/opt/ros/foxy/opt/yaml_cpp_vendor/lib:/opt/ros/foxy/opt/rviz_ogre_vendor/lib:/opt/ros/foxy/lib/aarch64-linux-gnu:/opt/ros/foxy/lib:/usr/local/cuda/lib64 /usr/bin/cmake --build /home/jetson/Desktop/cartographer_ws/build/lslidar_driver -- -j6 -l6
[0.292s] Invoking command in '/home/jetson/Desktop/cartographer_ws/build/lslidar_driver': CMAKE_PREFIX_PATH=/home/jetson/Desktop/cartographer_ws/install/lslidar_msgs:/home/jetson/Desktop/cartographer_ws/install/lslidar_driver:/opt/ros/foxy LD_LIBRARY_PATH=/home/jetson/Desktop/cartographer_ws/install/lslidar_msgs/lib:/usr/local/cuda/lib64:/opt/ros/foxy/opt/yaml_cpp_vendor/lib:/opt/ros/foxy/opt/rviz_ogre_vendor/lib:/opt/ros/foxy/lib/aarch64-linux-gnu:/opt/ros/foxy/lib:/usr/local/cuda/lib64 /usr/bin/cmake --install /home/jetson/Desktop/cartographer_ws/build/lslidar_driver
[0.312s] -- Install configuration: ""
[0.313s] -- Up-to-date: /home/jetson/Desktop/cartographer_ws/install/lslidar_driver/share/lslidar_driver/launch
[0.313s] -- Up-to-date: /home/jetson/Desktop/cartographer_ws/install/lslidar_driver/share/lslidar_driver/launch/lsn10p_launch.py
[0.313s] -- Up-to-date: /home/jetson/Desktop/cartographer_ws/install/lslidar_driver/share/lslidar_driver/launch/viewer_scan_launch.py
[0.314s] -- Up-to-date: /home/jetson/Desktop/cartographer_ws/install/lslidar_driver/share/lslidar_driver/launch/lsn10_launch.py
[0.314s] -- Up-to-date: /home/jetson/Desktop/cartographer_ws/install/lslidar_driver/share/lslidar_driver/launch/lsn10_net_launch.py
[0.314s] -- Up-to-date: /home/jetson/Desktop/cartographer_ws/install/lslidar_driver/share/lslidar_driver/launch/lsm10_uart_launch.py
[0.314s] -- Up-to-date: /home/jetson/Desktop/cartographer_ws/install/lslidar_driver/share/lslidar_driver/launch/lsm10p_net_launch.py
[0.314s] -- Up-to-date: /home/jetson/Desktop/cartographer_ws/install/lslidar_driver/share/lslidar_driver/launch/lsm10_net_launch.py
[0.315s] -- Up-to-date: /home/jetson/Desktop/cartographer_ws/install/lslidar_driver/share/lslidar_driver/launch/lslidar_double_launch.py
[0.315s] -- Up-to-date: /home/jetson/Desktop/cartographer_ws/install/lslidar_driver/share/lslidar_driver/launch/lsn10p_net_launch.py
[0.315s] -- Up-to-date: /home/jetson/Desktop/cartographer_ws/install/lslidar_driver/share/lslidar_driver/launch/lsm10p_uart_launch.py
[0.315s] -- Up-to-date: /home/jetson/Desktop/cartographer_ws/install/lslidar_driver/share/lslidar_driver/params
[0.315s] -- Up-to-date: /home/jetson/Desktop/cartographer_ws/install/lslidar_driver/share/lslidar_driver/params/lidar_net_ros2
[0.316s] -- Up-to-date: /home/jetson/Desktop/cartographer_ws/install/lslidar_driver/share/lslidar_driver/params/lidar_net_ros2/lsm10_net.yaml
[0.316s] -- Up-to-date: /home/jetson/Desktop/cartographer_ws/install/lslidar_driver/share/lslidar_driver/params/lidar_net_ros2/lsm10p_net.yaml
[0.316s] -- Up-to-date: /home/jetson/Desktop/cartographer_ws/install/lslidar_driver/share/lslidar_driver/params/lidar_net_ros2/lsn10_net.yaml
[0.316s] -- Up-to-date: /home/jetson/Desktop/cartographer_ws/install/lslidar_driver/share/lslidar_driver/params/lidar_net_ros2/lsn10p_net.yaml
[0.316s] -- Up-to-date: /home/jetson/Desktop/cartographer_ws/install/lslidar_driver/share/lslidar_driver/params/lidar_uart_ros2
[0.317s] -- Up-to-date: /home/jetson/Desktop/cartographer_ws/install/lslidar_driver/share/lslidar_driver/params/lidar_uart_ros2/lsm10.yaml
[0.317s] -- Up-to-date: /home/jetson/Desktop/cartographer_ws/install/lslidar_driver/share/lslidar_driver/params/lidar_uart_ros2/lsm10_p.yaml
[0.317s] -- Up-to-date: /home/jetson/Desktop/cartographer_ws/install/lslidar_driver/share/lslidar_driver/params/lidar_uart_ros2/lsn10.yaml
[0.317s] -- Up-to-date: /home/jetson/Desktop/cartographer_ws/install/lslidar_driver/share/lslidar_driver/params/lidar_uart_ros2/lsn10p.yaml
[0.317s] -- Up-to-date: /home/jetson/Desktop/cartographer_ws/install/lslidar_driver/share/lslidar_driver/rviz
[0.317s] -- Up-to-date: /home/jetson/Desktop/cartographer_ws/install/lslidar_driver/share/lslidar_driver/rviz/lslidar.rviz
[0.317s] -- Up-to-date: /home/jetson/Desktop/cartographer_ws/install/lslidar_driver/lib/lslidar_driver/lslidar_driver_node
[0.318s] -- Up-to-date: /home/jetson/Desktop/cartographer_ws/install/lslidar_driver/share/ament_index/resource_index/package_run_dependencies/lslidar_driver
[0.318s] -- Up-to-date: /home/jetson/Desktop/cartographer_ws/install/lslidar_driver/share/ament_index/resource_index/parent_prefix_path/lslidar_driver
[0.318s] -- Up-to-date: /home/jetson/Desktop/cartographer_ws/install/lslidar_driver/share/lslidar_driver/environment/ament_prefix_path.sh
[0.318s] -- Up-to-date: /home/jetson/Desktop/cartographer_ws/install/lslidar_driver/share/lslidar_driver/environment/ament_prefix_path.dsv
[0.318s] -- Up-to-date: /home/jetson/Desktop/cartographer_ws/install/lslidar_driver/share/lslidar_driver/environment/path.sh
[0.318s] -- Up-to-date: /home/jetson/Desktop/cartographer_ws/install/lslidar_driver/share/lslidar_driver/environment/path.dsv
[0.318s] -- Up-to-date: /home/jetson/Desktop/cartographer_ws/install/lslidar_driver/share/lslidar_driver/local_setup.bash
[0.319s] -- Up-to-date: /home/jetson/Desktop/cartographer_ws/install/lslidar_driver/share/lslidar_driver/local_setup.sh
[0.319s] -- Up-to-date: /home/jetson/Desktop/cartographer_ws/install/lslidar_driver/share/lslidar_driver/local_setup.zsh
[0.320s] -- Up-to-date: /home/jetson/Desktop/cartographer_ws/install/lslidar_driver/share/lslidar_driver/local_setup.dsv
[0.320s] -- Installing: /home/jetson/Desktop/cartographer_ws/install/lslidar_driver/share/lslidar_driver/package.dsv
[0.322s] -- Up-to-date: /home/jetson/Desktop/cartographer_ws/install/lslidar_driver/share/ament_index/resource_index/packages/lslidar_driver
[0.323s] -- Up-to-date: /home/jetson/Desktop/cartographer_ws/install/lslidar_driver/share/lslidar_driver/cmake/ament_cmake_export_dependencies-extras.cmake
[0.323s] -- Up-to-date: /home/jetson/Desktop/cartographer_ws/install/lslidar_driver/share/lslidar_driver/cmake/ament_cmake_export_include_directories-extras.cmake
[0.323s] -- Up-to-date: /home/jetson/Desktop/cartographer_ws/install/lslidar_driver/share/lslidar_driver/cmake/lslidar_driverConfig.cmake
[0.323s] -- Up-to-date: /home/jetson/Desktop/cartographer_ws/install/lslidar_driver/share/lslidar_driver/cmake/lslidar_driverConfig-version.cmake
[0.324s] -- Up-to-date: /home/jetson/Desktop/cartographer_ws/install/lslidar_driver/share/lslidar_driver/package.xml
[0.324s] Invoked command in '/home/jetson/Desktop/cartographer_ws/build/lslidar_driver' returned '0': CMAKE_PREFIX_PATH=/home/jetson/Desktop/cartographer_ws/install/lslidar_msgs:/home/jetson/Desktop/cartographer_ws/install/lslidar_driver:/opt/ros/foxy LD_LIBRARY_PATH=/home/jetson/Desktop/cartographer_ws/install/lslidar_msgs/lib:/usr/local/cuda/lib64:/opt/ros/foxy/opt/yaml_cpp_vendor/lib:/opt/ros/foxy/opt/rviz_ogre_vendor/lib:/opt/ros/foxy/lib/aarch64-linux-gnu:/opt/ros/foxy/lib:/usr/local/cuda/lib64 /usr/bin/cmake --install /home/jetson/Desktop/cartographer_ws/build/lslidar_driver
