[0.111s] Invoking command in '/home/ubuntu/Desktop/cartographer_ws/build/cartographer_ros_msgs': CMAKE_PREFIX_PATH=${CMAKE_PREFIX_PATH}:/opt/ros/foxy /usr/bin/cmake --build /home/ubuntu/Desktop/cartographer_ws/build/cartographer_ros_msgs -- -j2 -l2
[0.770s] [  0%] Built target cartographer_ros_msgs__cpp
[0.864s] [ 12%] Built target cartographer_ros_msgs__rosidl_generator_c
[0.936s] [ 24%] Built target cartographer_ros_msgs__rosidl_typesupport_cpp
[1.028s] [ 36%] Built target cartographer_ros_msgs__rosidl_typesupport_fastrtps_cpp
[1.111s] [ 48%] Built target cartographer_ros_msgs__rosidl_typesupport_introspection_c
[1.190s] [ 60%] Built target cartographer_ros_msgs__rosidl_typesupport_c
[1.300s] [ 72%] Built target cartographer_ros_msgs__rosidl_typesupport_introspection_cpp
[1.355s] [ 84%] Built target cartographer_ros_msgs__rosidl_typesupport_fastrtps_c
[1.450s] [ 84%] Built target cartographer_ros_msgs
[1.550s] [ 85%] Built target cartographer_ros_msgs__py
[1.711s] [ 96%] Built target cartographer_ros_msgs__python
[1.865s] [ 97%] Built target cartographer_ros_msgs__rosidl_typesupport_c__pyext
[1.877s] [ 99%] Built target cartographer_ros_msgs__rosidl_typesupport_introspection_c__pyext
[1.958s] [100%] Built target cartographer_ros_msgs__rosidl_typesupport_fastrtps_c__pyext
[2.001s] Invoked command in '/home/ubuntu/Desktop/cartographer_ws/build/cartographer_ros_msgs' returned '0': CMAKE_PREFIX_PATH=${CMAKE_PREFIX_PATH}:/opt/ros/foxy /usr/bin/cmake --build /home/ubuntu/Desktop/cartographer_ws/build/cartographer_ros_msgs -- -j2 -l2
[3.688s] Invoking command in '/home/ubuntu/Desktop/cartographer_ws/build/cartographer_ros_msgs': CMAKE_PREFIX_PATH=${CMAKE_PREFIX_PATH}:/opt/ros/foxy /usr/bin/cmake --install /home/ubuntu/Desktop/cartographer_ws/build/cartographer_ros_msgs
[3.742s] -- Install configuration: ""
[3.743s] -- Up-to-date: /home/ubuntu/Desktop/cartographer_ws/install/cartographer_ros_msgs/share/ament_index/resource_index/rosidl_interfaces/cartographer_ros_msgs
[3.743s] -- Up-to-date: /home/ubuntu/Desktop/cartographer_ws/install/cartographer_ros_msgs/include/cartographer_ros_msgs
[3.745s] -- Up-to-date: /home/ubuntu/Desktop/cartographer_ws/install/cartographer_ros_msgs/include/cartographer_ros_msgs/srv
[3.746s] -- Up-to-date: /home/ubuntu/Desktop/cartographer_ws/install/cartographer_ros_msgs/include/cartographer_ros_msgs/srv/start_trajectory.h
[3.747s] -- Up-to-date: /home/ubuntu/Desktop/cartographer_ws/install/cartographer_ros_msgs/include/cartographer_ros_msgs/srv/finish_trajectory.h
[3.747s] -- Up-to-date: /home/ubuntu/Desktop/cartographer_ws/install/cartographer_ros_msgs/include/cartographer_ros_msgs/srv/write_state.h
[3.748s] -- Up-to-date: /home/ubuntu/Desktop/cartographer_ws/install/cartographer_ros_msgs/include/cartographer_ros_msgs/srv/detail
[3.749s] -- Up-to-date: /home/ubuntu/Desktop/cartographer_ws/install/cartographer_ros_msgs/include/cartographer_ros_msgs/srv/detail/submap_query__functions.c
[3.749s] -- Up-to-date: /home/ubuntu/Desktop/cartographer_ws/install/cartographer_ros_msgs/include/cartographer_ros_msgs/srv/detail/start_trajectory__functions.c
[3.750s] -- Up-to-date: /home/ubuntu/Desktop/cartographer_ws/install/cartographer_ros_msgs/include/cartographer_ros_msgs/srv/detail/write_state__functions.c
[3.751s] -- Up-to-date: /home/ubuntu/Desktop/cartographer_ws/install/cartographer_ros_msgs/include/cartographer_ros_msgs/srv/detail/write_state__struct.h
[3.751s] -- Up-to-date: /home/ubuntu/Desktop/cartographer_ws/install/cartographer_ros_msgs/include/cartographer_ros_msgs/srv/detail/finish_trajectory__struct.h
[3.751s] -- Up-to-date: /home/ubuntu/Desktop/cartographer_ws/install/cartographer_ros_msgs/include/cartographer_ros_msgs/srv/detail/finish_trajectory__type_support.h
[3.751s] -- Up-to-date: /home/ubuntu/Desktop/cartographer_ws/install/cartographer_ros_msgs/include/cartographer_ros_msgs/srv/detail/finish_trajectory__functions.h
[3.752s] -- Up-to-date: /home/ubuntu/Desktop/cartographer_ws/install/cartographer_ros_msgs/include/cartographer_ros_msgs/srv/detail/start_trajectory__struct.h
[3.753s] -- Up-to-date: /home/ubuntu/Desktop/cartographer_ws/install/cartographer_ros_msgs/include/cartographer_ros_msgs/srv/detail/write_state__type_support.h
[3.753s] -- Up-to-date: /home/ubuntu/Desktop/cartographer_ws/install/cartographer_ros_msgs/include/cartographer_ros_msgs/srv/detail/submap_query__struct.h
[3.754s] -- Up-to-date: /home/ubuntu/Desktop/cartographer_ws/install/cartographer_ros_msgs/include/cartographer_ros_msgs/srv/detail/write_state__functions.h
[3.754s] -- Up-to-date: /home/ubuntu/Desktop/cartographer_ws/install/cartographer_ros_msgs/include/cartographer_ros_msgs/srv/detail/finish_trajectory__functions.c
[3.755s] -- Up-to-date: /home/ubuntu/Desktop/cartographer_ws/install/cartographer_ros_msgs/include/cartographer_ros_msgs/srv/detail/submap_query__type_support.h
[3.755s] -- Up-to-date: /home/ubuntu/Desktop/cartographer_ws/install/cartographer_ros_msgs/include/cartographer_ros_msgs/srv/detail/start_trajectory__type_support.h
[3.755s] -- Up-to-date: /home/ubuntu/Desktop/cartographer_ws/install/cartographer_ros_msgs/include/cartographer_ros_msgs/srv/detail/start_trajectory__functions.h
[3.755s] -- Up-to-date: /home/ubuntu/Desktop/cartographer_ws/install/cartographer_ros_msgs/include/cartographer_ros_msgs/srv/detail/submap_query__functions.h
[3.756s] -- Up-to-date: /home/ubuntu/Desktop/cartographer_ws/install/cartographer_ros_msgs/include/cartographer_ros_msgs/srv/submap_query.h
[3.756s] -- Up-to-date: /home/ubuntu/Desktop/cartographer_ws/install/cartographer_ros_msgs/include/cartographer_ros_msgs/msg
[3.756s] -- Up-to-date: /home/ubuntu/Desktop/cartographer_ws/install/cartographer_ros_msgs/include/cartographer_ros_msgs/msg/submap_texture.h
[3.757s] -- Up-to-date: /home/ubuntu/Desktop/cartographer_ws/install/cartographer_ros_msgs/include/cartographer_ros_msgs/msg/submap_list.h
[3.757s] -- Up-to-date: /home/ubuntu/Desktop/cartographer_ws/install/cartographer_ros_msgs/include/cartographer_ros_msgs/msg/sensor_topics.h
[3.757s] -- Up-to-date: /home/ubuntu/Desktop/cartographer_ws/install/cartographer_ros_msgs/include/cartographer_ros_msgs/msg/landmark_entry.h
[3.757s] -- Up-to-date: /home/ubuntu/Desktop/cartographer_ws/install/cartographer_ros_msgs/include/cartographer_ros_msgs/msg/status_code.h
[3.757s] -- Up-to-date: /home/ubuntu/Desktop/cartographer_ws/install/cartographer_ros_msgs/include/cartographer_ros_msgs/msg/landmark_list.h
[3.758s] -- Up-to-date: /home/ubuntu/Desktop/cartographer_ws/install/cartographer_ros_msgs/include/cartographer_ros_msgs/msg/rosidl_generator_c__visibility_control.h
[3.758s] -- Up-to-date: /home/ubuntu/Desktop/cartographer_ws/install/cartographer_ros_msgs/include/cartographer_ros_msgs/msg/submap_entry.h
[3.758s] -- Up-to-date: /home/ubuntu/Desktop/cartographer_ws/install/cartographer_ros_msgs/include/cartographer_ros_msgs/msg/trajectory_options.h
[3.758s] -- Up-to-date: /home/ubuntu/Desktop/cartographer_ws/install/cartographer_ros_msgs/include/cartographer_ros_msgs/msg/detail
[3.759s] -- Up-to-date: /home/ubuntu/Desktop/cartographer_ws/install/cartographer_ros_msgs/include/cartographer_ros_msgs/msg/detail/submap_entry__functions.h
[3.759s] -- Up-to-date: /home/ubuntu/Desktop/cartographer_ws/install/cartographer_ros_msgs/include/cartographer_ros_msgs/msg/detail/trajectory_options__type_support.h
[3.760s] -- Up-to-date: /home/ubuntu/Desktop/cartographer_ws/install/cartographer_ros_msgs/include/cartographer_ros_msgs/msg/detail/landmark_list__struct.h
[3.760s] -- Up-to-date: /home/ubuntu/Desktop/cartographer_ws/install/cartographer_ros_msgs/include/cartographer_ros_msgs/msg/detail/submap_texture__type_support.h
[3.760s] -- Up-to-date: /home/ubuntu/Desktop/cartographer_ws/install/cartographer_ros_msgs/include/cartographer_ros_msgs/msg/detail/trajectory_options__functions.c
[3.760s] -- Up-to-date: /home/ubuntu/Desktop/cartographer_ws/install/cartographer_ros_msgs/include/cartographer_ros_msgs/msg/detail/submap_entry__type_support.h
[3.760s] -- Up-to-date: /home/ubuntu/Desktop/cartographer_ws/install/cartographer_ros_msgs/include/cartographer_ros_msgs/msg/detail/landmark_list__functions.h
[3.761s] -- Up-to-date: /home/ubuntu/Desktop/cartographer_ws/install/cartographer_ros_msgs/include/cartographer_ros_msgs/msg/detail/submap_entry__struct.h
[3.761s] -- Up-to-date: /home/ubuntu/Desktop/cartographer_ws/install/cartographer_ros_msgs/include/cartographer_ros_msgs/msg/detail/submap_texture__struct.h
[3.761s] -- Up-to-date: /home/ubuntu/Desktop/cartographer_ws/install/cartographer_ros_msgs/include/cartographer_ros_msgs/msg/detail/landmark_list__functions.c
[3.762s] -- Up-to-date: /home/ubuntu/Desktop/cartographer_ws/install/cartographer_ros_msgs/include/cartographer_ros_msgs/msg/detail/landmark_entry__type_support.h
[3.762s] -- Up-to-date: /home/ubuntu/Desktop/cartographer_ws/install/cartographer_ros_msgs/include/cartographer_ros_msgs/msg/detail/submap_list__functions.c
[3.762s] -- Up-to-date: /home/ubuntu/Desktop/cartographer_ws/install/cartographer_ros_msgs/include/cartographer_ros_msgs/msg/detail/status_response__type_support.h
[3.762s] -- Up-to-date: /home/ubuntu/Desktop/cartographer_ws/install/cartographer_ros_msgs/include/cartographer_ros_msgs/msg/detail/sensor_topics__functions.h
[3.762s] -- Up-to-date: /home/ubuntu/Desktop/cartographer_ws/install/cartographer_ros_msgs/include/cartographer_ros_msgs/msg/detail/sensor_topics__functions.c
[3.762s] -- Up-to-date: /home/ubuntu/Desktop/cartographer_ws/install/cartographer_ros_msgs/include/cartographer_ros_msgs/msg/detail/trajectory_options__functions.h
[3.763s] -- Up-to-date: /home/ubuntu/Desktop/cartographer_ws/install/cartographer_ros_msgs/include/cartographer_ros_msgs/msg/detail/sensor_topics__struct.h
[3.763s] -- Up-to-date: /home/ubuntu/Desktop/cartographer_ws/install/cartographer_ros_msgs/include/cartographer_ros_msgs/msg/detail/status_response__struct.h
[3.763s] -- Up-to-date: /home/ubuntu/Desktop/cartographer_ws/install/cartographer_ros_msgs/include/cartographer_ros_msgs/msg/detail/status_response__functions.h
[3.764s] -- Up-to-date: /home/ubuntu/Desktop/cartographer_ws/install/cartographer_ros_msgs/include/cartographer_ros_msgs/msg/detail/status_code__type_support.h
[3.764s] -- Up-to-date: /home/ubuntu/Desktop/cartographer_ws/install/cartographer_ros_msgs/include/cartographer_ros_msgs/msg/detail/status_code__struct.h
[3.765s] -- Up-to-date: /home/ubuntu/Desktop/cartographer_ws/install/cartographer_ros_msgs/include/cartographer_ros_msgs/msg/detail/landmark_entry__functions.c
[3.765s] -- Up-to-date: /home/ubuntu/Desktop/cartographer_ws/install/cartographer_ros_msgs/include/cartographer_ros_msgs/msg/detail/submap_texture__functions.c
[3.765s] -- Up-to-date: /home/ubuntu/Desktop/cartographer_ws/install/cartographer_ros_msgs/include/cartographer_ros_msgs/msg/detail/trajectory_options__struct.h
[3.765s] -- Up-to-date: /home/ubuntu/Desktop/cartographer_ws/install/cartographer_ros_msgs/include/cartographer_ros_msgs/msg/detail/submap_texture__functions.h
[3.765s] -- Up-to-date: /home/ubuntu/Desktop/cartographer_ws/install/cartographer_ros_msgs/include/cartographer_ros_msgs/msg/detail/status_code__functions.h
[3.766s] -- Up-to-date: /home/ubuntu/Desktop/cartographer_ws/install/cartographer_ros_msgs/include/cartographer_ros_msgs/msg/detail/sensor_topics__type_support.h
[3.766s] -- Up-to-date: /home/ubuntu/Desktop/cartographer_ws/install/cartographer_ros_msgs/include/cartographer_ros_msgs/msg/detail/status_code__functions.c
[3.767s] -- Up-to-date: /home/ubuntu/Desktop/cartographer_ws/install/cartographer_ros_msgs/include/cartographer_ros_msgs/msg/detail/submap_entry__functions.c
[3.767s] -- Up-to-date: /home/ubuntu/Desktop/cartographer_ws/install/cartographer_ros_msgs/include/cartographer_ros_msgs/msg/detail/status_response__functions.c
[3.767s] -- Up-to-date: /home/ubuntu/Desktop/cartographer_ws/install/cartographer_ros_msgs/include/cartographer_ros_msgs/msg/detail/landmark_list__type_support.h
[3.769s] -- Up-to-date: /home/ubuntu/Desktop/cartographer_ws/install/cartographer_ros_msgs/include/cartographer_ros_msgs/msg/detail/landmark_entry__struct.h
[3.769s] -- Up-to-date: /home/ubuntu/Desktop/cartographer_ws/install/cartographer_ros_msgs/include/cartographer_ros_msgs/msg/detail/landmark_entry__functions.h
[3.769s] -- Up-to-date: /home/ubuntu/Desktop/cartographer_ws/install/cartographer_ros_msgs/include/cartographer_ros_msgs/msg/detail/submap_list__struct.h
[3.769s] -- Up-to-date: /home/ubuntu/Desktop/cartographer_ws/install/cartographer_ros_msgs/include/cartographer_ros_msgs/msg/detail/submap_list__type_support.h
[3.770s] -- Up-to-date: /home/ubuntu/Desktop/cartographer_ws/install/cartographer_ros_msgs/include/cartographer_ros_msgs/msg/detail/submap_list__functions.h
[3.770s] -- Up-to-date: /home/ubuntu/Desktop/cartographer_ws/install/cartographer_ros_msgs/include/cartographer_ros_msgs/msg/status_response.h
[3.770s] -- Up-to-date: /home/ubuntu/Desktop/cartographer_ws/install/cartographer_ros_msgs/share/cartographer_ros_msgs/environment/library_path.sh
[3.770s] -- Up-to-date: /home/ubuntu/Desktop/cartographer_ws/install/cartographer_ros_msgs/share/cartographer_ros_msgs/environment/library_path.dsv
[3.770s] -- Up-to-date: /home/ubuntu/Desktop/cartographer_ws/install/cartographer_ros_msgs/lib/libcartographer_ros_msgs__rosidl_generator_c.so
[3.771s] -- Up-to-date: /home/ubuntu/Desktop/cartographer_ws/install/cartographer_ros_msgs/include/cartographer_ros_msgs
[3.771s] -- Up-to-date: /home/ubuntu/Desktop/cartographer_ws/install/cartographer_ros_msgs/include/cartographer_ros_msgs/srv
[3.771s] -- Up-to-date: /home/ubuntu/Desktop/cartographer_ws/install/cartographer_ros_msgs/include/cartographer_ros_msgs/srv/detail
[3.773s] -- Up-to-date: /home/ubuntu/Desktop/cartographer_ws/install/cartographer_ros_msgs/include/cartographer_ros_msgs/srv/detail/write_state__rosidl_typesupport_fastrtps_c.h
[3.774s] -- Up-to-date: /home/ubuntu/Desktop/cartographer_ws/install/cartographer_ros_msgs/include/cartographer_ros_msgs/srv/detail/submap_query__rosidl_typesupport_fastrtps_c.h
[3.774s] -- Up-to-date: /home/ubuntu/Desktop/cartographer_ws/install/cartographer_ros_msgs/include/cartographer_ros_msgs/srv/detail/finish_trajectory__rosidl_typesupport_fastrtps_c.h
[3.774s] -- Up-to-date: /home/ubuntu/Desktop/cartographer_ws/install/cartographer_ros_msgs/include/cartographer_ros_msgs/srv/detail/start_trajectory__rosidl_typesupport_fastrtps_c.h
[3.775s] -- Up-to-date: /home/ubuntu/Desktop/cartographer_ws/install/cartographer_ros_msgs/include/cartographer_ros_msgs/msg
[3.775s] -- Up-to-date: /home/ubuntu/Desktop/cartographer_ws/install/cartographer_ros_msgs/include/cartographer_ros_msgs/msg/rosidl_typesupport_fastrtps_c__visibility_control.h
[3.775s] -- Up-to-date: /home/ubuntu/Desktop/cartographer_ws/install/cartographer_ros_msgs/include/cartographer_ros_msgs/msg/detail
[3.775s] -- Up-to-date: /home/ubuntu/Desktop/cartographer_ws/install/cartographer_ros_msgs/include/cartographer_ros_msgs/msg/detail/landmark_list__rosidl_typesupport_fastrtps_c.h
[3.775s] -- Up-to-date: /home/ubuntu/Desktop/cartographer_ws/install/cartographer_ros_msgs/include/cartographer_ros_msgs/msg/detail/submap_entry__rosidl_typesupport_fastrtps_c.h
[3.775s] -- Up-to-date: /home/ubuntu/Desktop/cartographer_ws/install/cartographer_ros_msgs/include/cartographer_ros_msgs/msg/detail/sensor_topics__rosidl_typesupport_fastrtps_c.h
[3.776s] -- Up-to-date: /home/ubuntu/Desktop/cartographer_ws/install/cartographer_ros_msgs/include/cartographer_ros_msgs/msg/detail/landmark_entry__rosidl_typesupport_fastrtps_c.h
[3.776s] -- Up-to-date: /home/ubuntu/Desktop/cartographer_ws/install/cartographer_ros_msgs/include/cartographer_ros_msgs/msg/detail/trajectory_options__rosidl_typesupport_fastrtps_c.h
[3.777s] -- Up-to-date: /home/ubuntu/Desktop/cartographer_ws/install/cartographer_ros_msgs/include/cartographer_ros_msgs/msg/detail/submap_list__rosidl_typesupport_fastrtps_c.h
[3.777s] -- Up-to-date: /home/ubuntu/Desktop/cartographer_ws/install/cartographer_ros_msgs/include/cartographer_ros_msgs/msg/detail/status_code__rosidl_typesupport_fastrtps_c.h
[3.777s] -- Up-to-date: /home/ubuntu/Desktop/cartographer_ws/install/cartographer_ros_msgs/include/cartographer_ros_msgs/msg/detail/submap_texture__rosidl_typesupport_fastrtps_c.h
[3.778s] -- Up-to-date: /home/ubuntu/Desktop/cartographer_ws/install/cartographer_ros_msgs/include/cartographer_ros_msgs/msg/detail/status_response__rosidl_typesupport_fastrtps_c.h
[3.778s] -- Up-to-date: /home/ubuntu/Desktop/cartographer_ws/install/cartographer_ros_msgs/lib/libcartographer_ros_msgs__rosidl_typesupport_fastrtps_c.so
[3.778s] -- Up-to-date: /home/ubuntu/Desktop/cartographer_ws/install/cartographer_ros_msgs/include/cartographer_ros_msgs
[3.778s] -- Up-to-date: /home/ubuntu/Desktop/cartographer_ws/install/cartographer_ros_msgs/include/cartographer_ros_msgs/srv
[3.778s] -- Up-to-date: /home/ubuntu/Desktop/cartographer_ws/install/cartographer_ros_msgs/include/cartographer_ros_msgs/srv/detail
[3.779s] -- Up-to-date: /home/ubuntu/Desktop/cartographer_ws/install/cartographer_ros_msgs/include/cartographer_ros_msgs/srv/detail/finish_trajectory__rosidl_typesupport_fastrtps_cpp.hpp
[3.779s] -- Up-to-date: /home/ubuntu/Desktop/cartographer_ws/install/cartographer_ros_msgs/include/cartographer_ros_msgs/srv/detail/start_trajectory__rosidl_typesupport_fastrtps_cpp.hpp
[3.779s] -- Up-to-date: /home/ubuntu/Desktop/cartographer_ws/install/cartographer_ros_msgs/include/cartographer_ros_msgs/srv/detail/write_state__rosidl_typesupport_fastrtps_cpp.hpp
[3.779s] -- Up-to-date: /home/ubuntu/Desktop/cartographer_ws/install/cartographer_ros_msgs/include/cartographer_ros_msgs/srv/detail/dds_fastrtps
[3.779s] -- Up-to-date: /home/ubuntu/Desktop/cartographer_ws/install/cartographer_ros_msgs/include/cartographer_ros_msgs/srv/detail/submap_query__rosidl_typesupport_fastrtps_cpp.hpp
[3.779s] -- Up-to-date: /home/ubuntu/Desktop/cartographer_ws/install/cartographer_ros_msgs/include/cartographer_ros_msgs/msg
[3.780s] -- Up-to-date: /home/ubuntu/Desktop/cartographer_ws/install/cartographer_ros_msgs/include/cartographer_ros_msgs/msg/rosidl_typesupport_fastrtps_cpp__visibility_control.h
[3.780s] -- Up-to-date: /home/ubuntu/Desktop/cartographer_ws/install/cartographer_ros_msgs/include/cartographer_ros_msgs/msg/detail
[3.780s] -- Up-to-date: /home/ubuntu/Desktop/cartographer_ws/install/cartographer_ros_msgs/include/cartographer_ros_msgs/msg/detail/submap_list__rosidl_typesupport_fastrtps_cpp.hpp
[3.780s] -- Up-to-date: /home/ubuntu/Desktop/cartographer_ws/install/cartographer_ros_msgs/include/cartographer_ros_msgs/msg/detail/trajectory_options__rosidl_typesupport_fastrtps_cpp.hpp
[3.781s] -- Up-to-date: /home/ubuntu/Desktop/cartographer_ws/install/cartographer_ros_msgs/include/cartographer_ros_msgs/msg/detail/landmark_list__rosidl_typesupport_fastrtps_cpp.hpp
[3.781s] -- Up-to-date: /home/ubuntu/Desktop/cartographer_ws/install/cartographer_ros_msgs/include/cartographer_ros_msgs/msg/detail/submap_entry__rosidl_typesupport_fastrtps_cpp.hpp
[3.781s] -- Up-to-date: /home/ubuntu/Desktop/cartographer_ws/install/cartographer_ros_msgs/include/cartographer_ros_msgs/msg/detail/status_response__rosidl_typesupport_fastrtps_cpp.hpp
[3.781s] -- Up-to-date: /home/ubuntu/Desktop/cartographer_ws/install/cartographer_ros_msgs/include/cartographer_ros_msgs/msg/detail/status_code__rosidl_typesupport_fastrtps_cpp.hpp
[3.781s] -- Up-to-date: /home/ubuntu/Desktop/cartographer_ws/install/cartographer_ros_msgs/include/cartographer_ros_msgs/msg/detail/sensor_topics__rosidl_typesupport_fastrtps_cpp.hpp
[3.781s] -- Up-to-date: /home/ubuntu/Desktop/cartographer_ws/install/cartographer_ros_msgs/include/cartographer_ros_msgs/msg/detail/landmark_entry__rosidl_typesupport_fastrtps_cpp.hpp
[3.781s] -- Up-to-date: /home/ubuntu/Desktop/cartographer_ws/install/cartographer_ros_msgs/include/cartographer_ros_msgs/msg/detail/submap_texture__rosidl_typesupport_fastrtps_cpp.hpp
[3.783s] -- Up-to-date: /home/ubuntu/Desktop/cartographer_ws/install/cartographer_ros_msgs/include/cartographer_ros_msgs/msg/detail/dds_fastrtps
[3.784s] -- Up-to-date: /home/ubuntu/Desktop/cartographer_ws/install/cartographer_ros_msgs/lib/libcartographer_ros_msgs__rosidl_typesupport_fastrtps_cpp.so
[3.785s] -- Up-to-date: /home/ubuntu/Desktop/cartographer_ws/install/cartographer_ros_msgs/include/cartographer_ros_msgs
[3.785s] -- Up-to-date: /home/ubuntu/Desktop/cartographer_ws/install/cartographer_ros_msgs/include/cartographer_ros_msgs/srv
[3.786s] -- Up-to-date: /home/ubuntu/Desktop/cartographer_ws/install/cartographer_ros_msgs/include/cartographer_ros_msgs/srv/detail
[3.786s] -- Up-to-date: /home/ubuntu/Desktop/cartographer_ws/install/cartographer_ros_msgs/include/cartographer_ros_msgs/srv/detail/write_state__rosidl_typesupport_introspection_c.h
[3.787s] -- Up-to-date: /home/ubuntu/Desktop/cartographer_ws/install/cartographer_ros_msgs/include/cartographer_ros_msgs/srv/detail/submap_query__rosidl_typesupport_introspection_c.h
[3.787s] -- Up-to-date: /home/ubuntu/Desktop/cartographer_ws/install/cartographer_ros_msgs/include/cartographer_ros_msgs/srv/detail/submap_query__type_support.c
[3.787s] -- Up-to-date: /home/ubuntu/Desktop/cartographer_ws/install/cartographer_ros_msgs/include/cartographer_ros_msgs/srv/detail/finish_trajectory__rosidl_typesupport_introspection_c.h
[3.787s] -- Up-to-date: /home/ubuntu/Desktop/cartographer_ws/install/cartographer_ros_msgs/include/cartographer_ros_msgs/srv/detail/write_state__type_support.c
[3.787s] -- Up-to-date: /home/ubuntu/Desktop/cartographer_ws/install/cartographer_ros_msgs/include/cartographer_ros_msgs/srv/detail/start_trajectory__rosidl_typesupport_introspection_c.h
[3.788s] -- Up-to-date: /home/ubuntu/Desktop/cartographer_ws/install/cartographer_ros_msgs/include/cartographer_ros_msgs/srv/detail/start_trajectory__type_support.c
[3.788s] -- Up-to-date: /home/ubuntu/Desktop/cartographer_ws/install/cartographer_ros_msgs/include/cartographer_ros_msgs/srv/detail/finish_trajectory__type_support.c
[3.788s] -- Up-to-date: /home/ubuntu/Desktop/cartographer_ws/install/cartographer_ros_msgs/include/cartographer_ros_msgs/msg
[3.789s] -- Up-to-date: /home/ubuntu/Desktop/cartographer_ws/install/cartographer_ros_msgs/include/cartographer_ros_msgs/msg/detail
[3.789s] -- Up-to-date: /home/ubuntu/Desktop/cartographer_ws/install/cartographer_ros_msgs/include/cartographer_ros_msgs/msg/detail/status_code__type_support.c
[3.789s] -- Up-to-date: /home/ubuntu/Desktop/cartographer_ws/install/cartographer_ros_msgs/include/cartographer_ros_msgs/msg/detail/submap_entry__type_support.c
[3.790s] -- Up-to-date: /home/ubuntu/Desktop/cartographer_ws/install/cartographer_ros_msgs/include/cartographer_ros_msgs/msg/detail/status_response__rosidl_typesupport_introspection_c.h
[3.790s] -- Up-to-date: /home/ubuntu/Desktop/cartographer_ws/install/cartographer_ros_msgs/include/cartographer_ros_msgs/msg/detail/status_code__rosidl_typesupport_introspection_c.h
[3.790s] -- Up-to-date: /home/ubuntu/Desktop/cartographer_ws/install/cartographer_ros_msgs/include/cartographer_ros_msgs/msg/detail/landmark_list__type_support.c
[3.791s] -- Up-to-date: /home/ubuntu/Desktop/cartographer_ws/install/cartographer_ros_msgs/include/cartographer_ros_msgs/msg/detail/landmark_list__rosidl_typesupport_introspection_c.h
[3.791s] -- Up-to-date: /home/ubuntu/Desktop/cartographer_ws/install/cartographer_ros_msgs/include/cartographer_ros_msgs/msg/detail/sensor_topics__rosidl_typesupport_introspection_c.h
[3.791s] -- Up-to-date: /home/ubuntu/Desktop/cartographer_ws/install/cartographer_ros_msgs/include/cartographer_ros_msgs/msg/detail/trajectory_options__type_support.c
[3.791s] -- Up-to-date: /home/ubuntu/Desktop/cartographer_ws/install/cartographer_ros_msgs/include/cartographer_ros_msgs/msg/detail/trajectory_options__rosidl_typesupport_introspection_c.h
[3.791s] -- Up-to-date: /home/ubuntu/Desktop/cartographer_ws/install/cartographer_ros_msgs/include/cartographer_ros_msgs/msg/detail/submap_entry__rosidl_typesupport_introspection_c.h
[3.791s] -- Up-to-date: /home/ubuntu/Desktop/cartographer_ws/install/cartographer_ros_msgs/include/cartographer_ros_msgs/msg/detail/landmark_entry__rosidl_typesupport_introspection_c.h
[3.792s] -- Up-to-date: /home/ubuntu/Desktop/cartographer_ws/install/cartographer_ros_msgs/include/cartographer_ros_msgs/msg/detail/status_response__type_support.c
[3.792s] -- Up-to-date: /home/ubuntu/Desktop/cartographer_ws/install/cartographer_ros_msgs/include/cartographer_ros_msgs/msg/detail/submap_list__rosidl_typesupport_introspection_c.h
[3.793s] -- Up-to-date: /home/ubuntu/Desktop/cartographer_ws/install/cartographer_ros_msgs/include/cartographer_ros_msgs/msg/detail/submap_texture__rosidl_typesupport_introspection_c.h
[3.793s] -- Up-to-date: /home/ubuntu/Desktop/cartographer_ws/install/cartographer_ros_msgs/include/cartographer_ros_msgs/msg/detail/submap_texture__type_support.c
[3.793s] -- Up-to-date: /home/ubuntu/Desktop/cartographer_ws/install/cartographer_ros_msgs/include/cartographer_ros_msgs/msg/detail/sensor_topics__type_support.c
[3.793s] -- Up-to-date: /home/ubuntu/Desktop/cartographer_ws/install/cartographer_ros_msgs/include/cartographer_ros_msgs/msg/detail/submap_list__type_support.c
[3.794s] -- Up-to-date: /home/ubuntu/Desktop/cartographer_ws/install/cartographer_ros_msgs/include/cartographer_ros_msgs/msg/detail/landmark_entry__type_support.c
[3.794s] -- Up-to-date: /home/ubuntu/Desktop/cartographer_ws/install/cartographer_ros_msgs/include/cartographer_ros_msgs/msg/rosidl_typesupport_introspection_c__visibility_control.h
[3.795s] -- Up-to-date: /home/ubuntu/Desktop/cartographer_ws/install/cartographer_ros_msgs/lib/libcartographer_ros_msgs__rosidl_typesupport_introspection_c.so
[3.795s] -- Up-to-date: /home/ubuntu/Desktop/cartographer_ws/install/cartographer_ros_msgs/lib/libcartographer_ros_msgs__rosidl_typesupport_c.so
[3.795s] -- Up-to-date: /home/ubuntu/Desktop/cartographer_ws/install/cartographer_ros_msgs/include/cartographer_ros_msgs
[3.796s] -- Up-to-date: /home/ubuntu/Desktop/cartographer_ws/install/cartographer_ros_msgs/include/cartographer_ros_msgs/srv
[3.796s] -- Up-to-date: /home/ubuntu/Desktop/cartographer_ws/install/cartographer_ros_msgs/include/cartographer_ros_msgs/srv/write_state.hpp
[3.797s] -- Up-to-date: /home/ubuntu/Desktop/cartographer_ws/install/cartographer_ros_msgs/include/cartographer_ros_msgs/srv/start_trajectory.hpp
[3.797s] -- Up-to-date: /home/ubuntu/Desktop/cartographer_ws/install/cartographer_ros_msgs/include/cartographer_ros_msgs/srv/submap_query.hpp
[3.798s] -- Up-to-date: /home/ubuntu/Desktop/cartographer_ws/install/cartographer_ros_msgs/include/cartographer_ros_msgs/srv/detail
[3.799s] -- Up-to-date: /home/ubuntu/Desktop/cartographer_ws/install/cartographer_ros_msgs/include/cartographer_ros_msgs/srv/detail/finish_trajectory__type_support.hpp
[3.799s] -- Up-to-date: /home/ubuntu/Desktop/cartographer_ws/install/cartographer_ros_msgs/include/cartographer_ros_msgs/srv/detail/start_trajectory__struct.hpp
[3.800s] -- Up-to-date: /home/ubuntu/Desktop/cartographer_ws/install/cartographer_ros_msgs/include/cartographer_ros_msgs/srv/detail/submap_query__traits.hpp
[3.800s] -- Up-to-date: /home/ubuntu/Desktop/cartographer_ws/install/cartographer_ros_msgs/include/cartographer_ros_msgs/srv/detail/write_state__struct.hpp
[3.800s] -- Up-to-date: /home/ubuntu/Desktop/cartographer_ws/install/cartographer_ros_msgs/include/cartographer_ros_msgs/srv/detail/submap_query__struct.hpp
[3.800s] -- Up-to-date: /home/ubuntu/Desktop/cartographer_ws/install/cartographer_ros_msgs/include/cartographer_ros_msgs/srv/detail/submap_query__type_support.hpp
[3.800s] -- Up-to-date: /home/ubuntu/Desktop/cartographer_ws/install/cartographer_ros_msgs/include/cartographer_ros_msgs/srv/detail/submap_query__builder.hpp
[3.800s] -- Up-to-date: /home/ubuntu/Desktop/cartographer_ws/install/cartographer_ros_msgs/include/cartographer_ros_msgs/srv/detail/finish_trajectory__traits.hpp
[3.801s] -- Up-to-date: /home/ubuntu/Desktop/cartographer_ws/install/cartographer_ros_msgs/include/cartographer_ros_msgs/srv/detail/write_state__traits.hpp
[3.801s] -- Up-to-date: /home/ubuntu/Desktop/cartographer_ws/install/cartographer_ros_msgs/include/cartographer_ros_msgs/srv/detail/start_trajectory__builder.hpp
[3.802s] -- Up-to-date: /home/ubuntu/Desktop/cartographer_ws/install/cartographer_ros_msgs/include/cartographer_ros_msgs/srv/detail/finish_trajectory__builder.hpp
[3.802s] -- Up-to-date: /home/ubuntu/Desktop/cartographer_ws/install/cartographer_ros_msgs/include/cartographer_ros_msgs/srv/detail/write_state__type_support.hpp
[3.802s] -- Up-to-date: /home/ubuntu/Desktop/cartographer_ws/install/cartographer_ros_msgs/include/cartographer_ros_msgs/srv/detail/start_trajectory__type_support.hpp
[3.802s] -- Up-to-date: /home/ubuntu/Desktop/cartographer_ws/install/cartographer_ros_msgs/include/cartographer_ros_msgs/srv/detail/start_trajectory__traits.hpp
[3.802s] -- Up-to-date: /home/ubuntu/Desktop/cartographer_ws/install/cartographer_ros_msgs/include/cartographer_ros_msgs/srv/detail/finish_trajectory__struct.hpp
[3.802s] -- Up-to-date: /home/ubuntu/Desktop/cartographer_ws/install/cartographer_ros_msgs/include/cartographer_ros_msgs/srv/detail/write_state__builder.hpp
[3.803s] -- Up-to-date: /home/ubuntu/Desktop/cartographer_ws/install/cartographer_ros_msgs/include/cartographer_ros_msgs/srv/finish_trajectory.hpp
[3.803s] -- Up-to-date: /home/ubuntu/Desktop/cartographer_ws/install/cartographer_ros_msgs/include/cartographer_ros_msgs/msg
[3.803s] -- Up-to-date: /home/ubuntu/Desktop/cartographer_ws/install/cartographer_ros_msgs/include/cartographer_ros_msgs/msg/submap_list.hpp
[3.803s] -- Up-to-date: /home/ubuntu/Desktop/cartographer_ws/install/cartographer_ros_msgs/include/cartographer_ros_msgs/msg/status_response.hpp
[3.803s] -- Up-to-date: /home/ubuntu/Desktop/cartographer_ws/install/cartographer_ros_msgs/include/cartographer_ros_msgs/msg/status_code.hpp
[3.805s] -- Up-to-date: /home/ubuntu/Desktop/cartographer_ws/install/cartographer_ros_msgs/include/cartographer_ros_msgs/msg/submap_texture.hpp
[3.806s] -- Up-to-date: /home/ubuntu/Desktop/cartographer_ws/install/cartographer_ros_msgs/include/cartographer_ros_msgs/msg/landmark_list.hpp
[3.807s] -- Up-to-date: /home/ubuntu/Desktop/cartographer_ws/install/cartographer_ros_msgs/include/cartographer_ros_msgs/msg/sensor_topics.hpp
[3.807s] -- Up-to-date: /home/ubuntu/Desktop/cartographer_ws/install/cartographer_ros_msgs/include/cartographer_ros_msgs/msg/landmark_entry.hpp
[3.808s] -- Up-to-date: /home/ubuntu/Desktop/cartographer_ws/install/cartographer_ros_msgs/include/cartographer_ros_msgs/msg/trajectory_options.hpp
[3.808s] -- Up-to-date: /home/ubuntu/Desktop/cartographer_ws/install/cartographer_ros_msgs/include/cartographer_ros_msgs/msg/rosidl_generator_cpp__visibility_control.hpp
[3.808s] -- Up-to-date: /home/ubuntu/Desktop/cartographer_ws/install/cartographer_ros_msgs/include/cartographer_ros_msgs/msg/detail
[3.809s] -- Up-to-date: /home/ubuntu/Desktop/cartographer_ws/install/cartographer_ros_msgs/include/cartographer_ros_msgs/msg/detail/status_code__type_support.hpp
[3.809s] -- Up-to-date: /home/ubuntu/Desktop/cartographer_ws/install/cartographer_ros_msgs/include/cartographer_ros_msgs/msg/detail/status_response__traits.hpp
[3.810s] -- Up-to-date: /home/ubuntu/Desktop/cartographer_ws/install/cartographer_ros_msgs/include/cartographer_ros_msgs/msg/detail/status_response__struct.hpp
[3.810s] -- Up-to-date: /home/ubuntu/Desktop/cartographer_ws/install/cartographer_ros_msgs/include/cartographer_ros_msgs/msg/detail/submap_list__builder.hpp
[3.810s] -- Up-to-date: /home/ubuntu/Desktop/cartographer_ws/install/cartographer_ros_msgs/include/cartographer_ros_msgs/msg/detail/landmark_list__traits.hpp
[3.811s] -- Up-to-date: /home/ubuntu/Desktop/cartographer_ws/install/cartographer_ros_msgs/include/cartographer_ros_msgs/msg/detail/sensor_topics__traits.hpp
[3.811s] -- Up-to-date: /home/ubuntu/Desktop/cartographer_ws/install/cartographer_ros_msgs/include/cartographer_ros_msgs/msg/detail/landmark_entry__traits.hpp
[3.811s] -- Up-to-date: /home/ubuntu/Desktop/cartographer_ws/install/cartographer_ros_msgs/include/cartographer_ros_msgs/msg/detail/submap_list__type_support.hpp
[3.811s] -- Up-to-date: /home/ubuntu/Desktop/cartographer_ws/install/cartographer_ros_msgs/include/cartographer_ros_msgs/msg/detail/submap_list__traits.hpp
[3.811s] -- Up-to-date: /home/ubuntu/Desktop/cartographer_ws/install/cartographer_ros_msgs/include/cartographer_ros_msgs/msg/detail/landmark_list__type_support.hpp
[3.812s] -- Up-to-date: /home/ubuntu/Desktop/cartographer_ws/install/cartographer_ros_msgs/include/cartographer_ros_msgs/msg/detail/submap_texture__struct.hpp
[3.812s] -- Up-to-date: /home/ubuntu/Desktop/cartographer_ws/install/cartographer_ros_msgs/include/cartographer_ros_msgs/msg/detail/submap_entry__traits.hpp
[3.812s] -- Up-to-date: /home/ubuntu/Desktop/cartographer_ws/install/cartographer_ros_msgs/include/cartographer_ros_msgs/msg/detail/landmark_list__builder.hpp
[3.812s] -- Up-to-date: /home/ubuntu/Desktop/cartographer_ws/install/cartographer_ros_msgs/include/cartographer_ros_msgs/msg/detail/trajectory_options__traits.hpp
[3.812s] -- Up-to-date: /home/ubuntu/Desktop/cartographer_ws/install/cartographer_ros_msgs/include/cartographer_ros_msgs/msg/detail/submap_texture__builder.hpp
[3.812s] -- Up-to-date: /home/ubuntu/Desktop/cartographer_ws/install/cartographer_ros_msgs/include/cartographer_ros_msgs/msg/detail/status_response__type_support.hpp
[3.813s] -- Up-to-date: /home/ubuntu/Desktop/cartographer_ws/install/cartographer_ros_msgs/include/cartographer_ros_msgs/msg/detail/trajectory_options__type_support.hpp
[3.813s] -- Up-to-date: /home/ubuntu/Desktop/cartographer_ws/install/cartographer_ros_msgs/include/cartographer_ros_msgs/msg/detail/status_code__traits.hpp
[3.813s] -- Up-to-date: /home/ubuntu/Desktop/cartographer_ws/install/cartographer_ros_msgs/include/cartographer_ros_msgs/msg/detail/submap_texture__type_support.hpp
[3.814s] -- Up-to-date: /home/ubuntu/Desktop/cartographer_ws/install/cartographer_ros_msgs/include/cartographer_ros_msgs/msg/detail/status_response__builder.hpp
[3.814s] -- Up-to-date: /home/ubuntu/Desktop/cartographer_ws/install/cartographer_ros_msgs/include/cartographer_ros_msgs/msg/detail/trajectory_options__struct.hpp
[3.814s] -- Up-to-date: /home/ubuntu/Desktop/cartographer_ws/install/cartographer_ros_msgs/include/cartographer_ros_msgs/msg/detail/landmark_list__struct.hpp
[3.814s] -- Up-to-date: /home/ubuntu/Desktop/cartographer_ws/install/cartographer_ros_msgs/include/cartographer_ros_msgs/msg/detail/sensor_topics__struct.hpp
[3.815s] -- Up-to-date: /home/ubuntu/Desktop/cartographer_ws/install/cartographer_ros_msgs/include/cartographer_ros_msgs/msg/detail/landmark_entry__struct.hpp
[3.815s] -- Up-to-date: /home/ubuntu/Desktop/cartographer_ws/install/cartographer_ros_msgs/include/cartographer_ros_msgs/msg/detail/landmark_entry__builder.hpp
[3.819s] -- Up-to-date: /home/ubuntu/Desktop/cartographer_ws/install/cartographer_ros_msgs/include/cartographer_ros_msgs/msg/detail/sensor_topics__builder.hpp
[3.820s] -- Up-to-date: /home/ubuntu/Desktop/cartographer_ws/install/cartographer_ros_msgs/include/cartographer_ros_msgs/msg/detail/submap_entry__builder.hpp
[3.820s] -- Up-to-date: /home/ubuntu/Desktop/cartographer_ws/install/cartographer_ros_msgs/include/cartographer_ros_msgs/msg/detail/submap_texture__traits.hpp
[3.821s] -- Up-to-date: /home/ubuntu/Desktop/cartographer_ws/install/cartographer_ros_msgs/include/cartographer_ros_msgs/msg/detail/landmark_entry__type_support.hpp
[3.821s] -- Up-to-date: /home/ubuntu/Desktop/cartographer_ws/install/cartographer_ros_msgs/include/cartographer_ros_msgs/msg/detail/sensor_topics__type_support.hpp
[3.821s] -- Up-to-date: /home/ubuntu/Desktop/cartographer_ws/install/cartographer_ros_msgs/include/cartographer_ros_msgs/msg/detail/submap_list__struct.hpp
[3.821s] -- Up-to-date: /home/ubuntu/Desktop/cartographer_ws/install/cartographer_ros_msgs/include/cartographer_ros_msgs/msg/detail/trajectory_options__builder.hpp
[3.821s] -- Up-to-date: /home/ubuntu/Desktop/cartographer_ws/install/cartographer_ros_msgs/include/cartographer_ros_msgs/msg/detail/submap_entry__struct.hpp
[3.821s] -- Up-to-date: /home/ubuntu/Desktop/cartographer_ws/install/cartographer_ros_msgs/include/cartographer_ros_msgs/msg/detail/submap_entry__type_support.hpp
[3.822s] -- Up-to-date: /home/ubuntu/Desktop/cartographer_ws/install/cartographer_ros_msgs/include/cartographer_ros_msgs/msg/detail/status_code__struct.hpp
[3.822s] -- Up-to-date: /home/ubuntu/Desktop/cartographer_ws/install/cartographer_ros_msgs/include/cartographer_ros_msgs/msg/detail/status_code__builder.hpp
[3.822s] -- Up-to-date: /home/ubuntu/Desktop/cartographer_ws/install/cartographer_ros_msgs/include/cartographer_ros_msgs/msg/submap_entry.hpp
[3.822s] -- Up-to-date: /home/ubuntu/Desktop/cartographer_ws/install/cartographer_ros_msgs/include/cartographer_ros_msgs
[3.822s] -- Up-to-date: /home/ubuntu/Desktop/cartographer_ws/install/cartographer_ros_msgs/include/cartographer_ros_msgs/srv
[3.823s] -- Up-to-date: /home/ubuntu/Desktop/cartographer_ws/install/cartographer_ros_msgs/include/cartographer_ros_msgs/srv/detail
[3.823s] -- Up-to-date: /home/ubuntu/Desktop/cartographer_ws/install/cartographer_ros_msgs/include/cartographer_ros_msgs/srv/detail/submap_query__rosidl_typesupport_introspection_cpp.hpp
[3.823s] -- Up-to-date: /home/ubuntu/Desktop/cartographer_ws/install/cartographer_ros_msgs/include/cartographer_ros_msgs/srv/detail/finish_trajectory__type_support.cpp
[3.823s] -- Up-to-date: /home/ubuntu/Desktop/cartographer_ws/install/cartographer_ros_msgs/include/cartographer_ros_msgs/srv/detail/start_trajectory__type_support.cpp
[3.823s] -- Up-to-date: /home/ubuntu/Desktop/cartographer_ws/install/cartographer_ros_msgs/include/cartographer_ros_msgs/srv/detail/start_trajectory__rosidl_typesupport_introspection_cpp.hpp
[3.823s] -- Up-to-date: /home/ubuntu/Desktop/cartographer_ws/install/cartographer_ros_msgs/include/cartographer_ros_msgs/srv/detail/write_state__rosidl_typesupport_introspection_cpp.hpp
[3.823s] -- Up-to-date: /home/ubuntu/Desktop/cartographer_ws/install/cartographer_ros_msgs/include/cartographer_ros_msgs/srv/detail/finish_trajectory__rosidl_typesupport_introspection_cpp.hpp
[3.824s] -- Up-to-date: /home/ubuntu/Desktop/cartographer_ws/install/cartographer_ros_msgs/include/cartographer_ros_msgs/srv/detail/write_state__type_support.cpp
[3.824s] -- Up-to-date: /home/ubuntu/Desktop/cartographer_ws/install/cartographer_ros_msgs/include/cartographer_ros_msgs/srv/detail/submap_query__type_support.cpp
[3.824s] -- Up-to-date: /home/ubuntu/Desktop/cartographer_ws/install/cartographer_ros_msgs/include/cartographer_ros_msgs/msg
[3.824s] -- Up-to-date: /home/ubuntu/Desktop/cartographer_ws/install/cartographer_ros_msgs/include/cartographer_ros_msgs/msg/detail
[3.825s] -- Up-to-date: /home/ubuntu/Desktop/cartographer_ws/install/cartographer_ros_msgs/include/cartographer_ros_msgs/msg/detail/submap_texture__rosidl_typesupport_introspection_cpp.hpp
[3.825s] -- Up-to-date: /home/ubuntu/Desktop/cartographer_ws/install/cartographer_ros_msgs/include/cartographer_ros_msgs/msg/detail/status_response__type_support.cpp
[3.825s] -- Up-to-date: /home/ubuntu/Desktop/cartographer_ws/install/cartographer_ros_msgs/include/cartographer_ros_msgs/msg/detail/landmark_entry__type_support.cpp
[3.825s] -- Up-to-date: /home/ubuntu/Desktop/cartographer_ws/install/cartographer_ros_msgs/include/cartographer_ros_msgs/msg/detail/submap_entry__type_support.cpp
[3.826s] -- Up-to-date: /home/ubuntu/Desktop/cartographer_ws/install/cartographer_ros_msgs/include/cartographer_ros_msgs/msg/detail/landmark_list__type_support.cpp
[3.826s] -- Up-to-date: /home/ubuntu/Desktop/cartographer_ws/install/cartographer_ros_msgs/include/cartographer_ros_msgs/msg/detail/trajectory_options__rosidl_typesupport_introspection_cpp.hpp
[3.826s] -- Up-to-date: /home/ubuntu/Desktop/cartographer_ws/install/cartographer_ros_msgs/include/cartographer_ros_msgs/msg/detail/submap_list__rosidl_typesupport_introspection_cpp.hpp
[3.826s] -- Up-to-date: /home/ubuntu/Desktop/cartographer_ws/install/cartographer_ros_msgs/include/cartographer_ros_msgs/msg/detail/sensor_topics__rosidl_typesupport_introspection_cpp.hpp
[3.826s] -- Up-to-date: /home/ubuntu/Desktop/cartographer_ws/install/cartographer_ros_msgs/include/cartographer_ros_msgs/msg/detail/landmark_list__rosidl_typesupport_introspection_cpp.hpp
[3.826s] -- Up-to-date: /home/ubuntu/Desktop/cartographer_ws/install/cartographer_ros_msgs/include/cartographer_ros_msgs/msg/detail/status_response__rosidl_typesupport_introspection_cpp.hpp
[3.827s] -- Up-to-date: /home/ubuntu/Desktop/cartographer_ws/install/cartographer_ros_msgs/include/cartographer_ros_msgs/msg/detail/submap_list__type_support.cpp
[3.827s] -- Up-to-date: /home/ubuntu/Desktop/cartographer_ws/install/cartographer_ros_msgs/include/cartographer_ros_msgs/msg/detail/sensor_topics__type_support.cpp
[3.827s] -- Up-to-date: /home/ubuntu/Desktop/cartographer_ws/install/cartographer_ros_msgs/include/cartographer_ros_msgs/msg/detail/status_code__rosidl_typesupport_introspection_cpp.hpp
[3.827s] -- Up-to-date: /home/ubuntu/Desktop/cartographer_ws/install/cartographer_ros_msgs/include/cartographer_ros_msgs/msg/detail/status_code__type_support.cpp
[3.827s] -- Up-to-date: /home/ubuntu/Desktop/cartographer_ws/install/cartographer_ros_msgs/include/cartographer_ros_msgs/msg/detail/landmark_entry__rosidl_typesupport_introspection_cpp.hpp
[3.827s] -- Up-to-date: /home/ubuntu/Desktop/cartographer_ws/install/cartographer_ros_msgs/include/cartographer_ros_msgs/msg/detail/submap_texture__type_support.cpp
[3.827s] -- Up-to-date: /home/ubuntu/Desktop/cartographer_ws/install/cartographer_ros_msgs/include/cartographer_ros_msgs/msg/detail/submap_entry__rosidl_typesupport_introspection_cpp.hpp
[3.828s] -- Up-to-date: /home/ubuntu/Desktop/cartographer_ws/install/cartographer_ros_msgs/include/cartographer_ros_msgs/msg/detail/trajectory_options__type_support.cpp
[3.828s] -- Up-to-date: /home/ubuntu/Desktop/cartographer_ws/install/cartographer_ros_msgs/lib/libcartographer_ros_msgs__rosidl_typesupport_introspection_cpp.so
[3.828s] -- Up-to-date: /home/ubuntu/Desktop/cartographer_ws/install/cartographer_ros_msgs/lib/libcartographer_ros_msgs__rosidl_typesupport_cpp.so
[3.828s] -- Up-to-date: /home/ubuntu/Desktop/cartographer_ws/install/cartographer_ros_msgs/share/cartographer_ros_msgs/environment/pythonpath.sh
[3.828s] -- Up-to-date: /home/ubuntu/Desktop/cartographer_ws/install/cartographer_ros_msgs/share/cartographer_ros_msgs/environment/pythonpath.dsv
[3.828s] -- Up-to-date: /home/ubuntu/Desktop/cartographer_ws/install/cartographer_ros_msgs/lib/python3.8/site-packages/cartographer_ros_msgs/__init__.py
[3.933s] -- Up-to-date: /home/ubuntu/Desktop/cartographer_ws/install/cartographer_ros_msgs/lib/python3.8/site-packages/cartographer_ros_msgs/msg
[3.935s] -- Up-to-date: /home/ubuntu/Desktop/cartographer_ws/install/cartographer_ros_msgs/lib/python3.8/site-packages/cartographer_ros_msgs/msg/_submap_texture.py
[3.935s] -- Up-to-date: /home/ubuntu/Desktop/cartographer_ws/install/cartographer_ros_msgs/lib/python3.8/site-packages/cartographer_ros_msgs/msg/_submap_entry_s.c
[3.936s] -- Up-to-date: /home/ubuntu/Desktop/cartographer_ws/install/cartographer_ros_msgs/lib/python3.8/site-packages/cartographer_ros_msgs/msg/_submap_entry.py
[3.936s] -- Up-to-date: /home/ubuntu/Desktop/cartographer_ws/install/cartographer_ros_msgs/lib/python3.8/site-packages/cartographer_ros_msgs/msg/_trajectory_options.py
[3.936s] -- Up-to-date: /home/ubuntu/Desktop/cartographer_ws/install/cartographer_ros_msgs/lib/python3.8/site-packages/cartographer_ros_msgs/msg/_sensor_topics_s.c
[3.937s] -- Up-to-date: /home/ubuntu/Desktop/cartographer_ws/install/cartographer_ros_msgs/lib/python3.8/site-packages/cartographer_ros_msgs/msg/__init__.py
[3.937s] -- Up-to-date: /home/ubuntu/Desktop/cartographer_ws/install/cartographer_ros_msgs/lib/python3.8/site-packages/cartographer_ros_msgs/msg/_landmark_entry_s.c
[3.937s] -- Up-to-date: /home/ubuntu/Desktop/cartographer_ws/install/cartographer_ros_msgs/lib/python3.8/site-packages/cartographer_ros_msgs/msg/_submap_list_s.c
[3.937s] -- Up-to-date: /home/ubuntu/Desktop/cartographer_ws/install/cartographer_ros_msgs/lib/python3.8/site-packages/cartographer_ros_msgs/msg/_landmark_entry.py
[3.938s] -- Up-to-date: /home/ubuntu/Desktop/cartographer_ws/install/cartographer_ros_msgs/lib/python3.8/site-packages/cartographer_ros_msgs/msg/_submap_list.py
[3.938s] -- Up-to-date: /home/ubuntu/Desktop/cartographer_ws/install/cartographer_ros_msgs/lib/python3.8/site-packages/cartographer_ros_msgs/msg/_sensor_topics.py
[3.938s] -- Up-to-date: /home/ubuntu/Desktop/cartographer_ws/install/cartographer_ros_msgs/lib/python3.8/site-packages/cartographer_ros_msgs/msg/_landmark_list.py
[3.938s] -- Up-to-date: /home/ubuntu/Desktop/cartographer_ws/install/cartographer_ros_msgs/lib/python3.8/site-packages/cartographer_ros_msgs/msg/_submap_texture_s.c
[3.938s] -- Up-to-date: /home/ubuntu/Desktop/cartographer_ws/install/cartographer_ros_msgs/lib/python3.8/site-packages/cartographer_ros_msgs/msg/_status_response_s.c
[3.938s] -- Up-to-date: /home/ubuntu/Desktop/cartographer_ws/install/cartographer_ros_msgs/lib/python3.8/site-packages/cartographer_ros_msgs/msg/_landmark_list_s.c
[3.939s] -- Up-to-date: /home/ubuntu/Desktop/cartographer_ws/install/cartographer_ros_msgs/lib/python3.8/site-packages/cartographer_ros_msgs/msg/_trajectory_options_s.c
[3.939s] -- Up-to-date: /home/ubuntu/Desktop/cartographer_ws/install/cartographer_ros_msgs/lib/python3.8/site-packages/cartographer_ros_msgs/msg/_status_response.py
[3.939s] -- Up-to-date: /home/ubuntu/Desktop/cartographer_ws/install/cartographer_ros_msgs/lib/python3.8/site-packages/cartographer_ros_msgs/msg/_status_code_s.c
[3.940s] -- Up-to-date: /home/ubuntu/Desktop/cartographer_ws/install/cartographer_ros_msgs/lib/python3.8/site-packages/cartographer_ros_msgs/msg/_status_code.py
[3.940s] -- Up-to-date: /home/ubuntu/Desktop/cartographer_ws/install/cartographer_ros_msgs/lib/python3.8/site-packages/cartographer_ros_msgs/srv
[3.940s] -- Up-to-date: /home/ubuntu/Desktop/cartographer_ws/install/cartographer_ros_msgs/lib/python3.8/site-packages/cartographer_ros_msgs/srv/_finish_trajectory_s.c
[3.941s] -- Up-to-date: /home/ubuntu/Desktop/cartographer_ws/install/cartographer_ros_msgs/lib/python3.8/site-packages/cartographer_ros_msgs/srv/_finish_trajectory.py
[3.942s] -- Up-to-date: /home/ubuntu/Desktop/cartographer_ws/install/cartographer_ros_msgs/lib/python3.8/site-packages/cartographer_ros_msgs/srv/__init__.py
[3.942s] -- Up-to-date: /home/ubuntu/Desktop/cartographer_ws/install/cartographer_ros_msgs/lib/python3.8/site-packages/cartographer_ros_msgs/srv/_submap_query.py
[3.942s] -- Up-to-date: /home/ubuntu/Desktop/cartographer_ws/install/cartographer_ros_msgs/lib/python3.8/site-packages/cartographer_ros_msgs/srv/_write_state_s.c
[3.942s] -- Up-to-date: /home/ubuntu/Desktop/cartographer_ws/install/cartographer_ros_msgs/lib/python3.8/site-packages/cartographer_ros_msgs/srv/_write_state.py
[3.942s] -- Up-to-date: /home/ubuntu/Desktop/cartographer_ws/install/cartographer_ros_msgs/lib/python3.8/site-packages/cartographer_ros_msgs/srv/_submap_query_s.c
[3.943s] -- Up-to-date: /home/ubuntu/Desktop/cartographer_ws/install/cartographer_ros_msgs/lib/python3.8/site-packages/cartographer_ros_msgs/srv/_start_trajectory_s.c
[3.943s] -- Up-to-date: /home/ubuntu/Desktop/cartographer_ws/install/cartographer_ros_msgs/lib/python3.8/site-packages/cartographer_ros_msgs/srv/_start_trajectory.py
[3.943s] -- Up-to-date: /home/ubuntu/Desktop/cartographer_ws/install/cartographer_ros_msgs/lib/python3.8/site-packages/cartographer_ros_msgs/cartographer_ros_msgs_s__rosidl_typesupport_fastrtps_c.cpython-38-x86_64-linux-gnu.so
[3.947s] -- Up-to-date: /home/ubuntu/Desktop/cartographer_ws/install/cartographer_ros_msgs/lib/python3.8/site-packages/cartographer_ros_msgs/cartographer_ros_msgs_s__rosidl_typesupport_introspection_c.cpython-38-x86_64-linux-gnu.so
[3.957s] -- Up-to-date: /home/ubuntu/Desktop/cartographer_ws/install/cartographer_ros_msgs/lib/python3.8/site-packages/cartographer_ros_msgs/cartographer_ros_msgs_s__rosidl_typesupport_c.cpython-38-x86_64-linux-gnu.so
[3.972s] -- Up-to-date: /home/ubuntu/Desktop/cartographer_ws/install/cartographer_ros_msgs/lib/libcartographer_ros_msgs__python.so
[3.981s] -- Up-to-date: /home/ubuntu/Desktop/cartographer_ws/install/cartographer_ros_msgs/share/cartographer_ros_msgs/msg/LandmarkEntry.idl
[3.981s] -- Up-to-date: /home/ubuntu/Desktop/cartographer_ws/install/cartographer_ros_msgs/share/cartographer_ros_msgs/msg/LandmarkList.idl
[3.981s] -- Up-to-date: /home/ubuntu/Desktop/cartographer_ws/install/cartographer_ros_msgs/share/cartographer_ros_msgs/msg/SensorTopics.idl
[3.981s] -- Up-to-date: /home/ubuntu/Desktop/cartographer_ws/install/cartographer_ros_msgs/share/cartographer_ros_msgs/msg/StatusCode.idl
[3.982s] -- Up-to-date: /home/ubuntu/Desktop/cartographer_ws/install/cartographer_ros_msgs/share/cartographer_ros_msgs/msg/StatusResponse.idl
[3.982s] -- Up-to-date: /home/ubuntu/Desktop/cartographer_ws/install/cartographer_ros_msgs/share/cartographer_ros_msgs/msg/SubmapEntry.idl
[3.982s] -- Up-to-date: /home/ubuntu/Desktop/cartographer_ws/install/cartographer_ros_msgs/share/cartographer_ros_msgs/msg/SubmapList.idl
[3.982s] -- Up-to-date: /home/ubuntu/Desktop/cartographer_ws/install/cartographer_ros_msgs/share/cartographer_ros_msgs/msg/SubmapTexture.idl
[3.982s] -- Up-to-date: /home/ubuntu/Desktop/cartographer_ws/install/cartographer_ros_msgs/share/cartographer_ros_msgs/msg/TrajectoryOptions.idl
[3.983s] -- Up-to-date: /home/ubuntu/Desktop/cartographer_ws/install/cartographer_ros_msgs/share/cartographer_ros_msgs/srv/FinishTrajectory.idl
[3.983s] -- Up-to-date: /home/ubuntu/Desktop/cartographer_ws/install/cartographer_ros_msgs/share/cartographer_ros_msgs/srv/StartTrajectory.idl
[3.983s] -- Up-to-date: /home/ubuntu/Desktop/cartographer_ws/install/cartographer_ros_msgs/share/cartographer_ros_msgs/srv/SubmapQuery.idl
[3.983s] -- Up-to-date: /home/ubuntu/Desktop/cartographer_ws/install/cartographer_ros_msgs/share/cartographer_ros_msgs/srv/WriteState.idl
[3.983s] -- Up-to-date: /home/ubuntu/Desktop/cartographer_ws/install/cartographer_ros_msgs/share/cartographer_ros_msgs/msg/LandmarkEntry.msg
[3.983s] -- Up-to-date: /home/ubuntu/Desktop/cartographer_ws/install/cartographer_ros_msgs/share/cartographer_ros_msgs/msg/LandmarkList.msg
[3.984s] -- Up-to-date: /home/ubuntu/Desktop/cartographer_ws/install/cartographer_ros_msgs/share/cartographer_ros_msgs/msg/SensorTopics.msg
[3.984s] -- Up-to-date: /home/ubuntu/Desktop/cartographer_ws/install/cartographer_ros_msgs/share/cartographer_ros_msgs/msg/StatusCode.msg
[3.984s] -- Up-to-date: /home/ubuntu/Desktop/cartographer_ws/install/cartographer_ros_msgs/share/cartographer_ros_msgs/msg/StatusResponse.msg
[3.984s] -- Up-to-date: /home/ubuntu/Desktop/cartographer_ws/install/cartographer_ros_msgs/share/cartographer_ros_msgs/msg/SubmapEntry.msg
[3.984s] -- Up-to-date: /home/ubuntu/Desktop/cartographer_ws/install/cartographer_ros_msgs/share/cartographer_ros_msgs/msg/SubmapList.msg
[3.984s] -- Up-to-date: /home/ubuntu/Desktop/cartographer_ws/install/cartographer_ros_msgs/share/cartographer_ros_msgs/msg/SubmapTexture.msg
[3.985s] -- Up-to-date: /home/ubuntu/Desktop/cartographer_ws/install/cartographer_ros_msgs/share/cartographer_ros_msgs/msg/TrajectoryOptions.msg
[3.985s] -- Up-to-date: /home/ubuntu/Desktop/cartographer_ws/install/cartographer_ros_msgs/share/cartographer_ros_msgs/srv/FinishTrajectory.srv
[3.985s] -- Up-to-date: /home/ubuntu/Desktop/cartographer_ws/install/cartographer_ros_msgs/share/cartographer_ros_msgs/srv/FinishTrajectory_Request.msg
[3.985s] -- Up-to-date: /home/ubuntu/Desktop/cartographer_ws/install/cartographer_ros_msgs/share/cartographer_ros_msgs/srv/FinishTrajectory_Response.msg
[3.985s] -- Up-to-date: /home/ubuntu/Desktop/cartographer_ws/install/cartographer_ros_msgs/share/cartographer_ros_msgs/srv/StartTrajectory.srv
[3.985s] -- Up-to-date: /home/ubuntu/Desktop/cartographer_ws/install/cartographer_ros_msgs/share/cartographer_ros_msgs/srv/StartTrajectory_Request.msg
[3.986s] -- Up-to-date: /home/ubuntu/Desktop/cartographer_ws/install/cartographer_ros_msgs/share/cartographer_ros_msgs/srv/StartTrajectory_Response.msg
[3.986s] -- Up-to-date: /home/ubuntu/Desktop/cartographer_ws/install/cartographer_ros_msgs/share/cartographer_ros_msgs/srv/SubmapQuery.srv
[3.990s] -- Up-to-date: /home/ubuntu/Desktop/cartographer_ws/install/cartographer_ros_msgs/share/cartographer_ros_msgs/srv/SubmapQuery_Request.msg
[3.990s] -- Up-to-date: /home/ubuntu/Desktop/cartographer_ws/install/cartographer_ros_msgs/share/cartographer_ros_msgs/srv/SubmapQuery_Response.msg
[3.991s] -- Up-to-date: /home/ubuntu/Desktop/cartographer_ws/install/cartographer_ros_msgs/share/cartographer_ros_msgs/srv/WriteState.srv
[3.991s] -- Up-to-date: /home/ubuntu/Desktop/cartographer_ws/install/cartographer_ros_msgs/share/cartographer_ros_msgs/srv/WriteState_Request.msg
[3.991s] -- Up-to-date: /home/ubuntu/Desktop/cartographer_ws/install/cartographer_ros_msgs/share/cartographer_ros_msgs/srv/WriteState_Response.msg
[3.992s] -- Up-to-date: /home/ubuntu/Desktop/cartographer_ws/install/cartographer_ros_msgs/share/ament_index/resource_index/package_run_dependencies/cartographer_ros_msgs
[3.992s] -- Up-to-date: /home/ubuntu/Desktop/cartographer_ws/install/cartographer_ros_msgs/share/ament_index/resource_index/parent_prefix_path/cartographer_ros_msgs
[3.992s] -- Up-to-date: /home/ubuntu/Desktop/cartographer_ws/install/cartographer_ros_msgs/share/cartographer_ros_msgs/environment/ament_prefix_path.sh
[3.992s] -- Up-to-date: /home/ubuntu/Desktop/cartographer_ws/install/cartographer_ros_msgs/share/cartographer_ros_msgs/environment/ament_prefix_path.dsv
[3.993s] -- Up-to-date: /home/ubuntu/Desktop/cartographer_ws/install/cartographer_ros_msgs/share/cartographer_ros_msgs/environment/path.sh
[3.993s] -- Up-to-date: /home/ubuntu/Desktop/cartographer_ws/install/cartographer_ros_msgs/share/cartographer_ros_msgs/environment/path.dsv
[3.993s] -- Up-to-date: /home/ubuntu/Desktop/cartographer_ws/install/cartographer_ros_msgs/share/cartographer_ros_msgs/local_setup.bash
[3.994s] -- Up-to-date: /home/ubuntu/Desktop/cartographer_ws/install/cartographer_ros_msgs/share/cartographer_ros_msgs/local_setup.sh
[3.994s] -- Up-to-date: /home/ubuntu/Desktop/cartographer_ws/install/cartographer_ros_msgs/share/cartographer_ros_msgs/local_setup.zsh
[3.994s] -- Up-to-date: /home/ubuntu/Desktop/cartographer_ws/install/cartographer_ros_msgs/share/cartographer_ros_msgs/local_setup.dsv
[3.994s] -- Installing: /home/ubuntu/Desktop/cartographer_ws/install/cartographer_ros_msgs/share/cartographer_ros_msgs/package.dsv
[3.995s] -- Up-to-date: /home/ubuntu/Desktop/cartographer_ws/install/cartographer_ros_msgs/share/ament_index/resource_index/packages/cartographer_ros_msgs
[4.007s] -- Up-to-date: /home/ubuntu/Desktop/cartographer_ws/install/cartographer_ros_msgs/share/cartographer_ros_msgs/cmake/cartographer_ros_msgs__rosidl_generator_cExport.cmake
[4.008s] -- Up-to-date: /home/ubuntu/Desktop/cartographer_ws/install/cartographer_ros_msgs/share/cartographer_ros_msgs/cmake/cartographer_ros_msgs__rosidl_generator_cExport-noconfig.cmake
[4.010s] -- Up-to-date: /home/ubuntu/Desktop/cartographer_ws/install/cartographer_ros_msgs/share/cartographer_ros_msgs/cmake/cartographer_ros_msgs__rosidl_typesupport_introspection_cExport.cmake
[4.010s] -- Up-to-date: /home/ubuntu/Desktop/cartographer_ws/install/cartographer_ros_msgs/share/cartographer_ros_msgs/cmake/cartographer_ros_msgs__rosidl_typesupport_introspection_cExport-noconfig.cmake
[4.013s] -- Up-to-date: /home/ubuntu/Desktop/cartographer_ws/install/cartographer_ros_msgs/share/cartographer_ros_msgs/cmake/cartographer_ros_msgs__rosidl_typesupport_cExport.cmake
[4.013s] -- Up-to-date: /home/ubuntu/Desktop/cartographer_ws/install/cartographer_ros_msgs/share/cartographer_ros_msgs/cmake/cartographer_ros_msgs__rosidl_typesupport_cExport-noconfig.cmake
[4.015s] -- Up-to-date: /home/ubuntu/Desktop/cartographer_ws/install/cartographer_ros_msgs/share/cartographer_ros_msgs/cmake/cartographer_ros_msgs__rosidl_generator_cppExport.cmake
[4.020s] -- Up-to-date: /home/ubuntu/Desktop/cartographer_ws/install/cartographer_ros_msgs/share/cartographer_ros_msgs/cmake/cartographer_ros_msgs__rosidl_typesupport_introspection_cppExport.cmake
[4.020s] -- Up-to-date: /home/ubuntu/Desktop/cartographer_ws/install/cartographer_ros_msgs/share/cartographer_ros_msgs/cmake/cartographer_ros_msgs__rosidl_typesupport_introspection_cppExport-noconfig.cmake
[4.022s] -- Up-to-date: /home/ubuntu/Desktop/cartographer_ws/install/cartographer_ros_msgs/share/cartographer_ros_msgs/cmake/cartographer_ros_msgs__rosidl_typesupport_cppExport.cmake
[4.022s] -- Up-to-date: /home/ubuntu/Desktop/cartographer_ws/install/cartographer_ros_msgs/share/cartographer_ros_msgs/cmake/cartographer_ros_msgs__rosidl_typesupport_cppExport-noconfig.cmake
[4.022s] -- Up-to-date: /home/ubuntu/Desktop/cartographer_ws/install/cartographer_ros_msgs/share/cartographer_ros_msgs/cmake/rosidl_cmake-extras.cmake
[4.022s] -- Up-to-date: /home/ubuntu/Desktop/cartographer_ws/install/cartographer_ros_msgs/share/cartographer_ros_msgs/cmake/ament_cmake_export_dependencies-extras.cmake
[4.023s] -- Up-to-date: /home/ubuntu/Desktop/cartographer_ws/install/cartographer_ros_msgs/share/cartographer_ros_msgs/cmake/ament_cmake_export_libraries-extras.cmake
[4.023s] -- Up-to-date: /home/ubuntu/Desktop/cartographer_ws/install/cartographer_ros_msgs/share/cartographer_ros_msgs/cmake/ament_cmake_export_targets-extras.cmake
[4.023s] -- Up-to-date: /home/ubuntu/Desktop/cartographer_ws/install/cartographer_ros_msgs/share/cartographer_ros_msgs/cmake/ament_cmake_export_include_directories-extras.cmake
[4.023s] -- Up-to-date: /home/ubuntu/Desktop/cartographer_ws/install/cartographer_ros_msgs/share/cartographer_ros_msgs/cmake/rosidl_cmake_export_typesupport_libraries-extras.cmake
[4.024s] -- Up-to-date: /home/ubuntu/Desktop/cartographer_ws/install/cartographer_ros_msgs/share/cartographer_ros_msgs/cmake/rosidl_cmake_export_typesupport_targets-extras.cmake
[4.024s] -- Up-to-date: /home/ubuntu/Desktop/cartographer_ws/install/cartographer_ros_msgs/share/cartographer_ros_msgs/cmake/cartographer_ros_msgsConfig.cmake
[4.024s] -- Up-to-date: /home/ubuntu/Desktop/cartographer_ws/install/cartographer_ros_msgs/share/cartographer_ros_msgs/cmake/cartographer_ros_msgsConfig-version.cmake
[4.024s] -- Up-to-date: /home/ubuntu/Desktop/cartographer_ws/install/cartographer_ros_msgs/share/cartographer_ros_msgs/package.xml
[4.039s] Invoked command in '/home/ubuntu/Desktop/cartographer_ws/build/cartographer_ros_msgs' returned '0': CMAKE_PREFIX_PATH=${CMAKE_PREFIX_PATH}:/opt/ros/foxy /usr/bin/cmake --install /home/ubuntu/Desktop/cartographer_ws/build/cartographer_ros_msgs
