[4.894s] Invoking command in '/home/ubuntu/Desktop/cartographer_ws/src/imu': PYTHONPATH=/home/ubuntu/Desktop/cartographer_ws/build/imu/prefix_override:/usr/lib/python3/dist-packages/colcon_core/task/python/colcon_distutils_commands:/home/ubuntu/Desktop/cartographer_ws/install/imu/lib/python3.8/site-packages:${PYTHONPATH} /usr/bin/python3 -W ignore:setup.py install is deprecated setup.py egg_info --egg-base ../../build/imu build --build-base /home/ubuntu/Desktop/cartographer_ws/build/imu/build install --record /home/ubuntu/Desktop/cartographer_ws/build/imu/install.log --single-version-externally-managed install_data
[6.362s] running egg_info
[6.370s] writing ../../build/imu/imu.egg-info/PKG-INFO
[6.372s] writing dependency_links to ../../build/imu/imu.egg-info/dependency_links.txt
[6.373s] writing entry points to ../../build/imu/imu.egg-info/entry_points.txt
[6.377s] writing requirements to ../../build/imu/imu.egg-info/requires.txt
[6.378s] writing top-level names to ../../build/imu/imu.egg-info/top_level.txt
[6.562s] reading manifest file '../../build/imu/imu.egg-info/SOURCES.txt'
[6.570s] writing manifest file '../../build/imu/imu.egg-info/SOURCES.txt'
[6.571s] running build
[6.571s] running build_py
[6.571s] running install
[6.585s] running install_lib
[6.589s] running install_data
[6.591s] running install_egg_info
[6.603s] removing '/home/ubuntu/Desktop/cartographer_ws/install/imu/lib/python3.8/site-packages/imu-0.0.0-py3.8.egg-info' (and everything under it)
[6.603s] Copying ../../build/imu/imu.egg-info to /home/ubuntu/Desktop/cartographer_ws/install/imu/lib/python3.8/site-packages/imu-0.0.0-py3.8.egg-info
[6.603s] running install_scripts
[6.734s] Installing imu_serial script to /home/ubuntu/Desktop/cartographer_ws/install/imu/lib/imu
[6.743s] writing list of installed files to '/home/ubuntu/Desktop/cartographer_ws/build/imu/install.log'
[6.827s] Invoked command in '/home/ubuntu/Desktop/cartographer_ws/src/imu' returned '0': PYTHONPATH=/home/ubuntu/Desktop/cartographer_ws/build/imu/prefix_override:/usr/lib/python3/dist-packages/colcon_core/task/python/colcon_distutils_commands:/home/ubuntu/Desktop/cartographer_ws/install/imu/lib/python3.8/site-packages:${PYTHONPATH} /usr/bin/python3 -W ignore:setup.py install is deprecated setup.py egg_info --egg-base ../../build/imu build --build-base /home/ubuntu/Desktop/cartographer_ws/build/imu/build install --record /home/ubuntu/Desktop/cartographer_ws/build/imu/install.log --single-version-externally-managed install_data
